[0.019s] Invoking command in '/ros2-migration/build/unitree_legged_msgs': /usr/bin/cmake /ros2-migration/arena/utils/unitree_ros/unitree_legged_msgs -DCMAKE_INSTALL_PREFIX=/ros2-migration/install/unitree_legged_msgs
[0.093s] -- Found ament_cmake: 1.3.9 (/opt/ros/humble/share/ament_cmake/cmake)
[0.137s] Traceback (most recent call last):
[0.137s]   File "/opt/ros/humble/share/ament_cmake_core/cmake/package_templates/templates_2_cmake.py", line 21, in <module>
[0.137s]     from ament_package.templates import get_environment_hook_template_path
[0.137s] ModuleNotFoundError: No module named 'ament_package'
[0.143s] [31mCMake Error at /opt/ros/humble/share/ament_cmake_core/cmake/ament_cmake_package_templates-extras.cmake:41 (message):
[0.143s]   execute_process(/usr/bin/python3
[0.143s]   /opt/ros/humble/share/ament_cmake_core/cmake/package_templates/templates_2_cmake.py
[0.143s]   /ros2-migration/build/unitree_legged_msgs/ament_cmake_package_templates/templates.cmake)
[0.143s]   returned error code 1
[0.143s] Call Stack (most recent call first):
[0.143s]   /opt/ros/humble/share/ament_cmake_core/cmake/ament_cmake_coreConfig.cmake:41 (include)
[0.143s]   /opt/ros/humble/share/ament_cmake/cmake/ament_cmake_export_dependencies-extras.cmake:15 (find_package)
[0.143s]   /opt/ros/humble/share/ament_cmake/cmake/ament_cmakeConfig.cmake:41 (include)
[0.143s]   CMakeLists.txt:11 (find_package)
[0.144s] 
[0.144s] [0m
[0.144s] -- Configuring incomplete, errors occurred!
[0.144s] See also "/ros2-migration/build/unitree_legged_msgs/CMakeFiles/CMakeOutput.log".
