[0.069s] Invoking command in '/ros2-migration/build/cob_base_controller_utils': /usr/bin/cmake /ros2-migration/arena/utils/3rd-party-robot-packages/cob4/cob_base_controller_utils -DCMAKE_INSTALL_PREFIX=/ros2-migration/install/cob_base_controller_utils
[0.151s] [31mCMake Error at CMakeLists.txt:17 (add_dependencies):
[0.151s]   add_dependencies called with incorrect number of arguments
[0.151s] 
[0.151s] [0m
[0.151s] -- Found ament_cmake: 1.3.9 (/opt/ros/humble/share/ament_cmake/cmake)
[0.185s] Traceback (most recent call last):
[0.185s]   File "/opt/ros/humble/share/ament_cmake_core/cmake/package_templates/templates_2_cmake.py", line 21, in <module>
[0.185s]     from ament_package.templates import get_environment_hook_template_path
[0.185s] ModuleNotFoundError: No module named 'ament_package'
[0.188s] [31mCMake Error at /opt/ros/humble/share/ament_cmake_core/cmake/ament_cmake_package_templates-extras.cmake:41 (message):
[0.188s]   execute_process(/usr/bin/python3
[0.189s]   /opt/ros/humble/share/ament_cmake_core/cmake/package_templates/templates_2_cmake.py
[0.189s]   /ros2-migration/build/cob_base_controller_utils/ament_cmake_package_templates/templates.cmake)
[0.189s]   returned error code 1
[0.189s] Call Stack (most recent call first):
[0.189s]   /opt/ros/humble/share/ament_cmake_core/cmake/ament_cmake_coreConfig.cmake:41 (include)
[0.189s]   /opt/ros/humble/share/ament_cmake/cmake/ament_cmake_export_dependencies-extras.cmake:15 (find_package)
[0.189s]   /opt/ros/humble/share/ament_cmake/cmake/ament_cmakeConfig.cmake:41 (include)
[0.189s]   CMakeLists.txt:21 (find_package)
[0.189s] 
[0.189s] [0m
[0.189s] -- Configuring incomplete, errors occurred!
[0.189s] See also "/ros2-migration/build/cob_base_controller_utils/CMakeFiles/CMakeOutput.log".
