[0.048s] Invoking command in '/ros2-migration/build/unitree_legged_msgs': /usr/bin/cmake /ros2-migration/arena/utils/unitree_ros/unitree_legged_msgs -DCMAKE_INSTALL_PREFIX=/ros2-migration/install/unitree_legged_msgs
[0.192s] -- Found ament_cmake: 1.3.9 (/opt/ros/humble/share/ament_cmake/cmake)
[0.192s] -- Configuring incomplete, errors occurred!
[0.192s] See also "/ros2-migration/build/unitree_legged_msgs/CMakeFiles/CMakeOutput.log".
[0.192s] Traceback (most recent call last):
[0.192s]   File "/opt/ros/humble/share/ament_cmake_core/cmake/package_templates/templates_2_cmake.py", line 21, in <module>
[0.192s]     from ament_package.templates import get_environment_hook_template_path
[0.192s] ModuleNotFoundError: No module named 'ament_package'
[0.192s] [31mCMake Error at /opt/ros/humble/share/ament_cmake_core/cmake/ament_cmake_package_templates-extras.cmake:41 (message):
[0.192s]   execute_process(/usr/bin/python3
[0.192s]   /opt/ros/humble/share/ament_cmake_core/cmake/package_templates/templates_2_cmake.py
[0.192s]   /ros2-migration/build/unitree_legged_msgs/ament_cmake_package_templates/templates.cmake)
[0.192s]   returned error code 1
[0.193s] Call Stack (most recent call first):
[0.193s]   /opt/ros/humble/share/ament_cmake_core/cmake/ament_cmake_coreConfig.cmake:41 (include)
[0.193s]   /opt/ros/humble/share/ament_cmake/cmake/ament_cmake_export_dependencies-extras.cmake:15 (find_package)
[0.193s]   /opt/ros/humble/share/ament_cmake/cmake/ament_cmakeConfig.cmake:41 (include)
[0.193s]   CMakeLists.txt:11 (find_package)
[0.193s] 
[0.193s] [0m
[0.214s] Invoked command in '/ros2-migration/build/unitree_legged_msgs' returned '1': /usr/bin/cmake /ros2-migration/arena/utils/unitree_ros/unitree_legged_msgs -DCMAKE_INSTALL_PREFIX=/ros2-migration/install/unitree_legged_msgs
