[0.032s] Invoking command in '/ros2-migration/build/mapping': /usr/bin/cmake /ros2-migration/arena/arena-rosnav/utils/misc/mapping -DCMAKE_INSTALL_PREFIX=/ros2-migration/install/mapping
[0.063s] -- Found ament_cmake: 1.3.9 (/opt/ros/humble/share/ament_cmake/cmake)
[0.221s] -- Found message_filters: 4.3.4 (/opt/ros/humble/share/message_filters/cmake)
[0.258s] -- Found rosidl_generator_c: 3.1.5 (/opt/ros/humble/share/rosidl_generator_c/cmake)
[0.261s] -- Found rosidl_adapter: 3.1.5 (/opt/ros/humble/share/rosidl_adapter/cmake)
[0.268s] -- Found rosidl_generator_cpp: 3.1.5 (/opt/ros/humble/share/rosidl_generator_cpp/cmake)
[0.292s] -- Using all available rosidl_typesupport_c: rosidl_typesupport_fastrtps_c;rosidl_typesupport_introspection_c
[0.319s] -- Using all available rosidl_typesupport_cpp: rosidl_typesupport_fastrtps_cpp;rosidl_typesupport_introspection_cpp
[0.418s] -- Found rmw_implementation_cmake: 6.1.2 (/opt/ros/humble/share/rmw_implementation_cmake/cmake)
[0.420s] -- Found rmw_fastrtps_cpp: 6.2.6 (/opt/ros/humble/share/rmw_fastrtps_cpp/cmake)
[0.538s] -- Using RMW implementation 'rmw_fastrtps_cpp' as default
[0.713s] -- Found rclpy: 3.3.13 (/opt/ros/humble/share/rclpy/cmake)
[0.713s] -- Found pcl_conversions: 2.4.0 (/opt/ros/humble/share/pcl_conversions/cmake)
[1.004s] -- Found visualization_msgs: 4.2.3 (/opt/ros/humble/share/visualization_msgs/cmake)
[1.129s] -- Found tf2: 0.25.6 (/opt/ros/humble/share/tf2/cmake)
[1.147s] [31mCMake Error at CMakeLists.txt:17 (find_package):
[1.147s]   By not providing "Findpcl_ros.cmake" in CMAKE_MODULE_PATH this project has
[1.147s]   asked CMake to find a package configuration file provided by "pcl_ros", but
[1.147s]   CMake did not find one.
[1.147s] 
[1.147s]   Could not find a package configuration file provided by "pcl_ros" with any
[1.147s]   of the following names:
[1.147s] 
[1.148s]     pcl_rosConfig.cmake
[1.148s]     pcl_ros-config.cmake
[1.148s] 
[1.148s]   Add the installation prefix of "pcl_ros" to CMAKE_PREFIX_PATH or set
[1.148s]   "pcl_ros_DIR" to a directory containing one of the above files.  If
[1.148s]   "pcl_ros" provides a separate development package or SDK, be sure it has
[1.148s]   been installed.
[1.148s] 
[1.148s] [0m
[1.148s] -- Configuring incomplete, errors occurred!
[1.148s] See also "/ros2-migration/build/mapping/CMakeFiles/CMakeOutput.log".
