[0.088s] DEBUG:colcon:Command line arguments: ['/home/ahmo030/.local/bin/colcon', 'build', '--packages-select', 'tiago_gazebo']
[0.088s] DEBUG:colcon:Parsed command line arguments: Namespace(log_base=None, log_level=None, verb_name='build', build_base='build', install_base='install', merge_install=False, symlink_install=False, test_result_base=None, continue_on_error=False, executor='parallel', parallel_workers=16, event_handlers=None, ignore_user_meta=False, metas=['./colcon.meta'], base_paths=['.'], packages_ignore=None, packages_ignore_regex=None, paths=None, packages_up_to=None, packages_up_to_regex=None, packages_above=None, packages_above_and_dependencies=None, packages_above_depth=None, packages_select_by_dep=None, packages_skip_by_dep=None, packages_skip_up_to=None, packages_select_build_failed=False, packages_skip_build_finished=False, packages_select_test_failures=False, packages_skip_test_passed=False, packages_select=['tiago_gazebo'], packages_skip=None, packages_select_regex=None, packages_skip_regex=None, packages_start=None, packages_end=None, cmake_args=None, cmake_target=None, cmake_target_skip_unavailable=False, cmake_clean_cache=False, cmake_clean_first=False, cmake_force_configure=False, ament_cmake_args=None, catkin_cmake_args=None, catkin_skip_building_tests=False, verb_parser=<colcon_defaults.argument_parser.defaults.DefaultArgumentsDecorator object at 0x7f15477a8ee0>, verb_extension=<colcon_core.verb.build.BuildVerb object at 0x7f15478a5a50>, main=<bound method BuildVerb.main of <colcon_core.verb.build.BuildVerb object at 0x7f15478a5a50>>)
[0.247s] Level 1:colcon.colcon_core.package_discovery:discover_packages(colcon_meta) check parameters
[0.247s] Level 1:colcon.colcon_core.package_discovery:discover_packages(recursive) check parameters
[0.247s] Level 1:colcon.colcon_core.package_discovery:discover_packages(ignore) check parameters
[0.247s] Level 1:colcon.colcon_core.package_discovery:discover_packages(path) check parameters
[0.247s] Level 1:colcon.colcon_core.package_discovery:discover_packages(colcon_meta) discover
[0.247s] Level 1:colcon.colcon_core.package_discovery:discover_packages(recursive) discover
[0.247s] INFO:colcon.colcon_core.package_discovery:Crawling recursively for packages in '/home/ahmo030/ros2-migration/arena/utils/3rd-party-robot-packages/tiago/tiago_gazebo'
[0.247s] Level 1:colcon.colcon_core.package_identification:_identify(.) by extensions ['ignore', 'ignore_ament_install']
[0.247s] Level 1:colcon.colcon_core.package_identification:_identify(.) by extension 'ignore'
[0.247s] Level 1:colcon.colcon_core.package_identification:_identify(.) by extension 'ignore_ament_install'
[0.247s] Level 1:colcon.colcon_core.package_identification:_identify(.) by extensions ['colcon_pkg']
[0.247s] Level 1:colcon.colcon_core.package_identification:_identify(.) by extension 'colcon_pkg'
[0.247s] Level 1:colcon.colcon_core.package_identification:_identify(.) by extensions ['colcon_meta']
[0.247s] Level 1:colcon.colcon_core.package_identification:_identify(.) by extension 'colcon_meta'
[0.247s] Level 1:colcon.colcon_core.package_identification:_identify(.) by extensions ['ros']
[0.247s] Level 1:colcon.colcon_core.package_identification:_identify(.) by extension 'ros'
[0.263s] DEBUG:colcon.colcon_core.package_identification:Package '.' with type 'ros.ament_cmake' and name 'tiago_gazebo'
[0.263s] Level 1:colcon.colcon_core.package_discovery:discover_packages(recursive) using defaults
[0.263s] Level 1:colcon.colcon_core.package_discovery:discover_packages(ignore) discover
[0.263s] Level 1:colcon.colcon_core.package_discovery:discover_packages(ignore) using defaults
[0.263s] Level 1:colcon.colcon_core.package_discovery:discover_packages(path) discover
[0.263s] Level 1:colcon.colcon_core.package_discovery:discover_packages(path) using defaults
[0.275s] Level 5:colcon.colcon_core.verb:set package 'tiago_gazebo' build argument 'cmake_args' from command line to 'None'
[0.275s] Level 5:colcon.colcon_core.verb:set package 'tiago_gazebo' build argument 'cmake_target' from command line to 'None'
[0.275s] Level 5:colcon.colcon_core.verb:set package 'tiago_gazebo' build argument 'cmake_target_skip_unavailable' from command line to 'False'
[0.275s] Level 5:colcon.colcon_core.verb:set package 'tiago_gazebo' build argument 'cmake_clean_cache' from command line to 'False'
[0.275s] Level 5:colcon.colcon_core.verb:set package 'tiago_gazebo' build argument 'cmake_clean_first' from command line to 'False'
[0.275s] Level 5:colcon.colcon_core.verb:set package 'tiago_gazebo' build argument 'cmake_force_configure' from command line to 'False'
[0.275s] Level 5:colcon.colcon_core.verb:set package 'tiago_gazebo' build argument 'ament_cmake_args' from command line to 'None'
[0.275s] Level 5:colcon.colcon_core.verb:set package 'tiago_gazebo' build argument 'catkin_cmake_args' from command line to 'None'
[0.275s] Level 5:colcon.colcon_core.verb:set package 'tiago_gazebo' build argument 'catkin_skip_building_tests' from command line to 'False'
[0.275s] DEBUG:colcon.colcon_core.verb:Building package 'tiago_gazebo' with the following arguments: {'ament_cmake_args': None, 'build_base': '/home/ahmo030/ros2-migration/arena/utils/3rd-party-robot-packages/tiago/tiago_gazebo/build/tiago_gazebo', 'catkin_cmake_args': None, 'catkin_skip_building_tests': False, 'cmake_args': None, 'cmake_clean_cache': False, 'cmake_clean_first': False, 'cmake_force_configure': False, 'cmake_target': None, 'cmake_target_skip_unavailable': False, 'install_base': '/home/ahmo030/ros2-migration/arena/utils/3rd-party-robot-packages/tiago/tiago_gazebo/install/tiago_gazebo', 'merge_install': False, 'path': '/home/ahmo030/ros2-migration/arena/utils/3rd-party-robot-packages/tiago/tiago_gazebo', 'symlink_install': False, 'test_result_base': None}
[0.275s] INFO:colcon.colcon_core.executor:Executing jobs using 'parallel' executor
[0.276s] DEBUG:colcon.colcon_parallel_executor.executor.parallel:run_until_complete
[0.276s] INFO:colcon.colcon_ros.task.ament_cmake.build:Building ROS package in '/home/ahmo030/ros2-migration/arena/utils/3rd-party-robot-packages/tiago/tiago_gazebo' with build type 'ament_cmake'
[0.276s] INFO:colcon.colcon_cmake.task.cmake.build:Building CMake package in '/home/ahmo030/ros2-migration/arena/utils/3rd-party-robot-packages/tiago/tiago_gazebo'
[0.277s] INFO:colcon.colcon_core.plugin_system:Skipping extension 'colcon_core.shell.bat': Not used on non-Windows systems
[0.277s] INFO:colcon.colcon_core.shell:Skip shell extension 'powershell' for command environment: Not usable outside of PowerShell
[0.277s] DEBUG:colcon.colcon_core.shell:Skip shell extension 'dsv' for command environment
[0.278s] WARNING:colcon.colcon_ros.prefix_path.catkin:The path '/home/ahmo030/arena_ws/devel' in the environment variable CMAKE_PREFIX_PATH seems to be a catkin workspace but it doesn't contain any 'local_setup.*' files. Maybe the catkin version is not up-to-date?
[0.279s] DEBUG:colcon.colcon_core.shell:Ignoring prefix path '/home/ahmo030/packages_ws/devel'
[0.282s] DEBUG:colcon.colcon_core.event_handler.log_command:Invoking command in '/home/ahmo030/ros2-migration/arena/utils/3rd-party-robot-packages/tiago/tiago_gazebo/build/tiago_gazebo': CMAKE_PREFIX_PATH=/opt/ros/humble:${CMAKE_PREFIX_PATH} /usr/bin/cmake /home/ahmo030/ros2-migration/arena/utils/3rd-party-robot-packages/tiago/tiago_gazebo -DCMAKE_INSTALL_PREFIX=/home/ahmo030/ros2-migration/arena/utils/3rd-party-robot-packages/tiago/tiago_gazebo/install/tiago_gazebo
[0.768s] DEBUG:colcon.colcon_core.event_handler.log_command:Invoked command in '/home/ahmo030/ros2-migration/arena/utils/3rd-party-robot-packages/tiago/tiago_gazebo/build/tiago_gazebo' returned '1': CMAKE_PREFIX_PATH=/opt/ros/humble:${CMAKE_PREFIX_PATH} /usr/bin/cmake /home/ahmo030/ros2-migration/arena/utils/3rd-party-robot-packages/tiago/tiago_gazebo -DCMAKE_INSTALL_PREFIX=/home/ahmo030/ros2-migration/arena/utils/3rd-party-robot-packages/tiago/tiago_gazebo/install/tiago_gazebo
[0.773s] Level 1:colcon.colcon_core.environment:create_environment_scripts_only(tiago_gazebo)
[0.775s] Level 1:colcon.colcon_core.environment:checking '/home/ahmo030/ros2-migration/arena/utils/3rd-party-robot-packages/tiago/tiago_gazebo/install/tiago_gazebo' for CMake module files
[0.775s] Level 1:colcon.colcon_core.environment:checking '/home/ahmo030/ros2-migration/arena/utils/3rd-party-robot-packages/tiago/tiago_gazebo/install/tiago_gazebo' for CMake config files
[0.775s] Level 1:colcon.colcon_core.environment:checking '/home/ahmo030/ros2-migration/arena/utils/3rd-party-robot-packages/tiago/tiago_gazebo/install/tiago_gazebo/bin'
[0.775s] Level 1:colcon.colcon_core.environment:checking '/home/ahmo030/ros2-migration/arena/utils/3rd-party-robot-packages/tiago/tiago_gazebo/install/tiago_gazebo/lib/pkgconfig/tiago_gazebo.pc'
[0.776s] Level 1:colcon.colcon_core.environment:checking '/home/ahmo030/ros2-migration/arena/utils/3rd-party-robot-packages/tiago/tiago_gazebo/install/tiago_gazebo/lib/python3.10/site-packages'
[0.776s] Level 1:colcon.colcon_core.environment:checking '/home/ahmo030/ros2-migration/arena/utils/3rd-party-robot-packages/tiago/tiago_gazebo/install/tiago_gazebo/bin'
[0.776s] INFO:colcon.colcon_core.shell:Creating package script '/home/ahmo030/ros2-migration/arena/utils/3rd-party-robot-packages/tiago/tiago_gazebo/install/tiago_gazebo/share/tiago_gazebo/package.ps1'
[0.777s] INFO:colcon.colcon_core.shell:Creating package descriptor '/home/ahmo030/ros2-migration/arena/utils/3rd-party-robot-packages/tiago/tiago_gazebo/install/tiago_gazebo/share/tiago_gazebo/package.dsv'
[0.777s] INFO:colcon.colcon_core.shell:Creating package script '/home/ahmo030/ros2-migration/arena/utils/3rd-party-robot-packages/tiago/tiago_gazebo/install/tiago_gazebo/share/tiago_gazebo/package.sh'
[0.777s] INFO:colcon.colcon_core.shell:Creating package script '/home/ahmo030/ros2-migration/arena/utils/3rd-party-robot-packages/tiago/tiago_gazebo/install/tiago_gazebo/share/tiago_gazebo/package.bash'
[0.778s] INFO:colcon.colcon_core.shell:Creating package script '/home/ahmo030/ros2-migration/arena/utils/3rd-party-robot-packages/tiago/tiago_gazebo/install/tiago_gazebo/share/tiago_gazebo/package.zsh'
[0.778s] Level 1:colcon.colcon_core.environment:create_file_with_runtime_dependencies(/home/ahmo030/ros2-migration/arena/utils/3rd-party-robot-packages/tiago/tiago_gazebo/install/tiago_gazebo/share/colcon-core/packages/tiago_gazebo)
[0.788s] DEBUG:colcon.colcon_parallel_executor.executor.parallel:closing loop
[0.788s] DEBUG:colcon.colcon_parallel_executor.executor.parallel:loop closed
[0.788s] DEBUG:colcon.colcon_parallel_executor.executor.parallel:run_until_complete finished with '1'
[0.788s] DEBUG:colcon.colcon_core.event_reactor:joining thread
[0.792s] INFO:colcon.colcon_core.plugin_system:Skipping extension 'colcon_notification.desktop_notification.terminal_notifier': Not used on non-Darwin systems
[0.792s] INFO:colcon.colcon_core.plugin_system:Skipping extension 'colcon_notification.desktop_notification.win32': Not used on non-Windows systems
[0.792s] INFO:colcon.colcon_notification.desktop_notification:Sending desktop notification using 'notify2'
[0.806s] DEBUG:colcon.colcon_core.event_reactor:joined thread
[0.806s] INFO:colcon.colcon_core.shell:Creating prefix script '/home/ahmo030/ros2-migration/arena/utils/3rd-party-robot-packages/tiago/tiago_gazebo/install/local_setup.ps1'
[0.807s] INFO:colcon.colcon_core.shell:Creating prefix util module '/home/ahmo030/ros2-migration/arena/utils/3rd-party-robot-packages/tiago/tiago_gazebo/install/_local_setup_util_ps1.py'
[0.808s] INFO:colcon.colcon_core.shell:Creating prefix chain script '/home/ahmo030/ros2-migration/arena/utils/3rd-party-robot-packages/tiago/tiago_gazebo/install/setup.ps1'
[0.809s] INFO:colcon.colcon_core.shell:Creating prefix script '/home/ahmo030/ros2-migration/arena/utils/3rd-party-robot-packages/tiago/tiago_gazebo/install/local_setup.sh'
[0.810s] INFO:colcon.colcon_core.shell:Creating prefix util module '/home/ahmo030/ros2-migration/arena/utils/3rd-party-robot-packages/tiago/tiago_gazebo/install/_local_setup_util_sh.py'
[0.810s] INFO:colcon.colcon_core.shell:Creating prefix chain script '/home/ahmo030/ros2-migration/arena/utils/3rd-party-robot-packages/tiago/tiago_gazebo/install/setup.sh'
[0.811s] INFO:colcon.colcon_core.shell:Creating prefix script '/home/ahmo030/ros2-migration/arena/utils/3rd-party-robot-packages/tiago/tiago_gazebo/install/local_setup.bash'
[0.811s] INFO:colcon.colcon_core.shell:Creating prefix chain script '/home/ahmo030/ros2-migration/arena/utils/3rd-party-robot-packages/tiago/tiago_gazebo/install/setup.bash'
[0.812s] INFO:colcon.colcon_core.shell:Creating prefix script '/home/ahmo030/ros2-migration/arena/utils/3rd-party-robot-packages/tiago/tiago_gazebo/install/local_setup.zsh'
[0.812s] INFO:colcon.colcon_core.shell:Creating prefix chain script '/home/ahmo030/ros2-migration/arena/utils/3rd-party-robot-packages/tiago/tiago_gazebo/install/setup.zsh'
