[0.015s] Invoking command in '/ros2-migration/arena/build/pmb2_description': /usr/bin/cmake /ros2-migration/arena/utils/3rd-party-robot-packages/tiago/pmb2_description -DCMAKE_INSTALL_PREFIX=/ros2-migration/arena/install/pmb2_description
[0.071s] -- The C compiler identification is GNU 11.4.0
[0.134s] -- The CXX compiler identification is GNU 11.4.0
[0.149s] -- Detecting C compiler ABI info
[0.285s] -- Detecting C compiler ABI info - done
[0.293s] -- Check for working C compiler: /usr/bin/cc - skipped
[0.293s] -- Detecting C compile features
[0.294s] -- Detecting C compile features - done
[0.297s] -- Detecting CXX compiler ABI info
[0.414s] -- Detecting CXX compiler ABI info - done
[0.423s] -- Check for working CXX compiler: /usr/bin/c++ - skipped
[0.423s] -- Detecting CXX compile features
[0.423s] -- Detecting CXX compile features - done
[0.433s] [31mCMake Error at CMakeLists.txt:11 (find_package):
[0.433s]   By not providing "Findament_cmake.cmake" in CMAKE_MODULE_PATH this project
[0.433s]   has asked CMake to find a package configuration file provided by
[0.433s]   "ament_cmake", but CMake did not find one.
[0.433s] 
[0.433s]   Could not find a package configuration file provided by "ament_cmake" with
[0.433s]   any of the following names:
[0.433s] 
[0.433s]     ament_cmakeConfig.cmake
[0.433s]     ament_cmake-config.cmake
[0.433s] 
[0.433s]   Add the installation prefix of "ament_cmake" to CMAKE_PREFIX_PATH or set
[0.433s]   "ament_cmake_DIR" to a directory containing one of the above files.  If
[0.433s]   "ament_cmake" provides a separate development package or SDK, be sure it
[0.434s]   has been installed.
[0.434s] 
[0.434s] [0m
[0.434s] -- Configuring incomplete, errors occurred!
[0.434s] See also "/ros2-migration/arena/build/pmb2_description/CMakeFiles/CMakeOutput.log".
