[0.075s] DEBUG:colcon:Command line arguments: ['/home/ahmo030/.local/bin/colcon', 'build', '--packages-select', 'tiago_simulation']
[0.075s] DEBUG:colcon:Parsed command line arguments: Namespace(log_base=None, log_level=None, verb_name='build', build_base='build', install_base='install', merge_install=False, symlink_install=False, test_result_base=None, continue_on_error=False, executor='parallel', parallel_workers=16, event_handlers=None, ignore_user_meta=False, metas=['./colcon.meta'], base_paths=['.'], packages_ignore=None, packages_ignore_regex=None, paths=None, packages_up_to=None, packages_up_to_regex=None, packages_above=None, packages_above_and_dependencies=None, packages_above_depth=None, packages_select_by_dep=None, packages_skip_by_dep=None, packages_skip_up_to=None, packages_select_build_failed=False, packages_skip_build_finished=False, packages_select_test_failures=False, packages_skip_test_passed=False, packages_select=['tiago_simulation'], packages_skip=None, packages_select_regex=None, packages_skip_regex=None, packages_start=None, packages_end=None, cmake_args=None, cmake_target=None, cmake_target_skip_unavailable=False, cmake_clean_cache=False, cmake_clean_first=False, cmake_force_configure=False, ament_cmake_args=None, catkin_cmake_args=None, catkin_skip_building_tests=False, verb_parser=<colcon_defaults.argument_parser.defaults.DefaultArgumentsDecorator object at 0x7f81d0cc0ee0>, verb_extension=<colcon_core.verb.build.BuildVerb object at 0x7f81d0dc1a50>, main=<bound method BuildVerb.main of <colcon_core.verb.build.BuildVerb object at 0x7f81d0dc1a50>>)
[0.216s] Level 1:colcon.colcon_core.package_discovery:discover_packages(colcon_meta) check parameters
[0.216s] Level 1:colcon.colcon_core.package_discovery:discover_packages(recursive) check parameters
[0.217s] Level 1:colcon.colcon_core.package_discovery:discover_packages(ignore) check parameters
[0.217s] Level 1:colcon.colcon_core.package_discovery:discover_packages(path) check parameters
[0.217s] Level 1:colcon.colcon_core.package_discovery:discover_packages(colcon_meta) discover
[0.217s] Level 1:colcon.colcon_core.package_discovery:discover_packages(recursive) discover
[0.217s] INFO:colcon.colcon_core.package_discovery:Crawling recursively for packages in '/home/ahmo030/ros2-migration/arena/utils/3rd-party-robot-packages/tiago/tiago_simulation'
[0.217s] Level 1:colcon.colcon_core.package_identification:_identify(.) by extensions ['ignore', 'ignore_ament_install']
[0.217s] Level 1:colcon.colcon_core.package_identification:_identify(.) by extension 'ignore'
[0.217s] Level 1:colcon.colcon_core.package_identification:_identify(.) by extension 'ignore_ament_install'
[0.217s] Level 1:colcon.colcon_core.package_identification:_identify(.) by extensions ['colcon_pkg']
[0.217s] Level 1:colcon.colcon_core.package_identification:_identify(.) by extension 'colcon_pkg'
[0.217s] Level 1:colcon.colcon_core.package_identification:_identify(.) by extensions ['colcon_meta']
[0.217s] Level 1:colcon.colcon_core.package_identification:_identify(.) by extension 'colcon_meta'
[0.217s] Level 1:colcon.colcon_core.package_identification:_identify(.) by extensions ['ros']
[0.217s] Level 1:colcon.colcon_core.package_identification:_identify(.) by extension 'ros'
[0.231s] DEBUG:colcon.colcon_core.package_identification:Package '.' with type 'ros.ament_cmake' and name 'tiago_simulation'
[0.231s] Level 1:colcon.colcon_core.package_discovery:discover_packages(recursive) using defaults
[0.231s] Level 1:colcon.colcon_core.package_discovery:discover_packages(ignore) discover
[0.231s] Level 1:colcon.colcon_core.package_discovery:discover_packages(ignore) using defaults
[0.231s] Level 1:colcon.colcon_core.package_discovery:discover_packages(path) discover
[0.231s] Level 1:colcon.colcon_core.package_discovery:discover_packages(path) using defaults
[0.242s] Level 5:colcon.colcon_core.verb:set package 'tiago_simulation' build argument 'cmake_args' from command line to 'None'
[0.242s] Level 5:colcon.colcon_core.verb:set package 'tiago_simulation' build argument 'cmake_target' from command line to 'None'
[0.242s] Level 5:colcon.colcon_core.verb:set package 'tiago_simulation' build argument 'cmake_target_skip_unavailable' from command line to 'False'
[0.242s] Level 5:colcon.colcon_core.verb:set package 'tiago_simulation' build argument 'cmake_clean_cache' from command line to 'False'
[0.242s] Level 5:colcon.colcon_core.verb:set package 'tiago_simulation' build argument 'cmake_clean_first' from command line to 'False'
[0.242s] Level 5:colcon.colcon_core.verb:set package 'tiago_simulation' build argument 'cmake_force_configure' from command line to 'False'
[0.242s] Level 5:colcon.colcon_core.verb:set package 'tiago_simulation' build argument 'ament_cmake_args' from command line to 'None'
[0.242s] Level 5:colcon.colcon_core.verb:set package 'tiago_simulation' build argument 'catkin_cmake_args' from command line to 'None'
[0.242s] Level 5:colcon.colcon_core.verb:set package 'tiago_simulation' build argument 'catkin_skip_building_tests' from command line to 'False'
[0.242s] DEBUG:colcon.colcon_core.verb:Building package 'tiago_simulation' with the following arguments: {'ament_cmake_args': None, 'build_base': '/home/ahmo030/ros2-migration/arena/utils/3rd-party-robot-packages/tiago/tiago_simulation/build/tiago_simulation', 'catkin_cmake_args': None, 'catkin_skip_building_tests': False, 'cmake_args': None, 'cmake_clean_cache': False, 'cmake_clean_first': False, 'cmake_force_configure': False, 'cmake_target': None, 'cmake_target_skip_unavailable': False, 'install_base': '/home/ahmo030/ros2-migration/arena/utils/3rd-party-robot-packages/tiago/tiago_simulation/install/tiago_simulation', 'merge_install': False, 'path': '/home/ahmo030/ros2-migration/arena/utils/3rd-party-robot-packages/tiago/tiago_simulation', 'symlink_install': False, 'test_result_base': None}
[0.242s] INFO:colcon.colcon_core.executor:Executing jobs using 'parallel' executor
[0.242s] DEBUG:colcon.colcon_parallel_executor.executor.parallel:run_until_complete
[0.242s] INFO:colcon.colcon_ros.task.ament_cmake.build:Building ROS package in '/home/ahmo030/ros2-migration/arena/utils/3rd-party-robot-packages/tiago/tiago_simulation' with build type 'ament_cmake'
[0.242s] INFO:colcon.colcon_cmake.task.cmake.build:Building CMake package in '/home/ahmo030/ros2-migration/arena/utils/3rd-party-robot-packages/tiago/tiago_simulation'
[0.243s] INFO:colcon.colcon_core.plugin_system:Skipping extension 'colcon_core.shell.bat': Not used on non-Windows systems
[0.244s] INFO:colcon.colcon_core.shell:Skip shell extension 'powershell' for command environment: Not usable outside of PowerShell
[0.244s] DEBUG:colcon.colcon_core.shell:Skip shell extension 'dsv' for command environment
[0.244s] WARNING:colcon.colcon_ros.prefix_path.catkin:The path '/home/ahmo030/arena_ws/devel' in the environment variable CMAKE_PREFIX_PATH seems to be a catkin workspace but it doesn't contain any 'local_setup.*' files. Maybe the catkin version is not up-to-date?
[0.245s] DEBUG:colcon.colcon_core.shell:Ignoring prefix path '/home/ahmo030/packages_ws/devel'
[0.248s] DEBUG:colcon.colcon_core.event_handler.log_command:Invoking command in '/home/ahmo030/ros2-migration/arena/utils/3rd-party-robot-packages/tiago/tiago_simulation/build/tiago_simulation': CMAKE_PREFIX_PATH=/opt/ros/humble:${CMAKE_PREFIX_PATH} /usr/bin/cmake /home/ahmo030/ros2-migration/arena/utils/3rd-party-robot-packages/tiago/tiago_simulation -DCMAKE_INSTALL_PREFIX=/home/ahmo030/ros2-migration/arena/utils/3rd-party-robot-packages/tiago/tiago_simulation/install/tiago_simulation
[0.794s] DEBUG:colcon.colcon_core.event_handler.log_command:Invoked command in '/home/ahmo030/ros2-migration/arena/utils/3rd-party-robot-packages/tiago/tiago_simulation/build/tiago_simulation' returned '0': CMAKE_PREFIX_PATH=/opt/ros/humble:${CMAKE_PREFIX_PATH} /usr/bin/cmake /home/ahmo030/ros2-migration/arena/utils/3rd-party-robot-packages/tiago/tiago_simulation -DCMAKE_INSTALL_PREFIX=/home/ahmo030/ros2-migration/arena/utils/3rd-party-robot-packages/tiago/tiago_simulation/install/tiago_simulation
[0.795s] DEBUG:colcon.colcon_core.event_handler.log_command:Invoking command in '/home/ahmo030/ros2-migration/arena/utils/3rd-party-robot-packages/tiago/tiago_simulation/build/tiago_simulation': CMAKE_PREFIX_PATH=/opt/ros/humble:${CMAKE_PREFIX_PATH} /usr/bin/cmake --build /home/ahmo030/ros2-migration/arena/utils/3rd-party-robot-packages/tiago/tiago_simulation/build/tiago_simulation -- -j16 -l16
[0.816s] DEBUG:colcon.colcon_core.event_handler.log_command:Invoked command in '/home/ahmo030/ros2-migration/arena/utils/3rd-party-robot-packages/tiago/tiago_simulation/build/tiago_simulation' returned '0': CMAKE_PREFIX_PATH=/opt/ros/humble:${CMAKE_PREFIX_PATH} /usr/bin/cmake --build /home/ahmo030/ros2-migration/arena/utils/3rd-party-robot-packages/tiago/tiago_simulation/build/tiago_simulation -- -j16 -l16
[0.848s] DEBUG:colcon.colcon_core.event_handler.log_command:Invoking command in '/home/ahmo030/ros2-migration/arena/utils/3rd-party-robot-packages/tiago/tiago_simulation/build/tiago_simulation': CMAKE_PREFIX_PATH=/opt/ros/humble:${CMAKE_PREFIX_PATH} /usr/bin/cmake --install /home/ahmo030/ros2-migration/arena/utils/3rd-party-robot-packages/tiago/tiago_simulation/build/tiago_simulation
[0.863s] Level 1:colcon.colcon_core.environment:create_environment_scripts_only(tiago_simulation)
[0.863s] DEBUG:colcon.colcon_core.event_handler.log_command:Invoked command in '/home/ahmo030/ros2-migration/arena/utils/3rd-party-robot-packages/tiago/tiago_simulation/build/tiago_simulation' returned '0': CMAKE_PREFIX_PATH=/opt/ros/humble:${CMAKE_PREFIX_PATH} /usr/bin/cmake --install /home/ahmo030/ros2-migration/arena/utils/3rd-party-robot-packages/tiago/tiago_simulation/build/tiago_simulation
[0.864s] Level 1:colcon.colcon_core.environment:checking '/home/ahmo030/ros2-migration/arena/utils/3rd-party-robot-packages/tiago/tiago_simulation/install/tiago_simulation' for CMake module files
[0.864s] Level 1:colcon.colcon_core.environment:checking '/home/ahmo030/ros2-migration/arena/utils/3rd-party-robot-packages/tiago/tiago_simulation/install/tiago_simulation' for CMake config files
[0.864s] Level 1:colcon.colcon_core.shell:create_environment_hook('tiago_simulation', 'cmake_prefix_path')
[0.865s] INFO:colcon.colcon_core.shell:Creating environment hook '/home/ahmo030/ros2-migration/arena/utils/3rd-party-robot-packages/tiago/tiago_simulation/install/tiago_simulation/share/tiago_simulation/hook/cmake_prefix_path.ps1'
[0.865s] INFO:colcon.colcon_core.shell:Creating environment descriptor '/home/ahmo030/ros2-migration/arena/utils/3rd-party-robot-packages/tiago/tiago_simulation/install/tiago_simulation/share/tiago_simulation/hook/cmake_prefix_path.dsv'
[0.865s] INFO:colcon.colcon_core.shell:Creating environment hook '/home/ahmo030/ros2-migration/arena/utils/3rd-party-robot-packages/tiago/tiago_simulation/install/tiago_simulation/share/tiago_simulation/hook/cmake_prefix_path.sh'
[0.865s] Level 1:colcon.colcon_core.environment:checking '/home/ahmo030/ros2-migration/arena/utils/3rd-party-robot-packages/tiago/tiago_simulation/install/tiago_simulation/bin'
[0.865s] Level 1:colcon.colcon_core.environment:checking '/home/ahmo030/ros2-migration/arena/utils/3rd-party-robot-packages/tiago/tiago_simulation/install/tiago_simulation/lib/pkgconfig/tiago_simulation.pc'
[0.866s] Level 1:colcon.colcon_core.environment:checking '/home/ahmo030/ros2-migration/arena/utils/3rd-party-robot-packages/tiago/tiago_simulation/install/tiago_simulation/lib/python3.10/site-packages'
[0.866s] Level 1:colcon.colcon_core.environment:checking '/home/ahmo030/ros2-migration/arena/utils/3rd-party-robot-packages/tiago/tiago_simulation/install/tiago_simulation/bin'
[0.867s] INFO:colcon.colcon_core.shell:Creating package script '/home/ahmo030/ros2-migration/arena/utils/3rd-party-robot-packages/tiago/tiago_simulation/install/tiago_simulation/share/tiago_simulation/package.ps1'
[0.867s] INFO:colcon.colcon_core.shell:Creating package descriptor '/home/ahmo030/ros2-migration/arena/utils/3rd-party-robot-packages/tiago/tiago_simulation/install/tiago_simulation/share/tiago_simulation/package.dsv'
[0.867s] INFO:colcon.colcon_core.shell:Creating package script '/home/ahmo030/ros2-migration/arena/utils/3rd-party-robot-packages/tiago/tiago_simulation/install/tiago_simulation/share/tiago_simulation/package.sh'
[0.868s] INFO:colcon.colcon_core.shell:Creating package script '/home/ahmo030/ros2-migration/arena/utils/3rd-party-robot-packages/tiago/tiago_simulation/install/tiago_simulation/share/tiago_simulation/package.bash'
[0.868s] INFO:colcon.colcon_core.shell:Creating package script '/home/ahmo030/ros2-migration/arena/utils/3rd-party-robot-packages/tiago/tiago_simulation/install/tiago_simulation/share/tiago_simulation/package.zsh'
[0.868s] Level 1:colcon.colcon_core.environment:create_file_with_runtime_dependencies(/home/ahmo030/ros2-migration/arena/utils/3rd-party-robot-packages/tiago/tiago_simulation/install/tiago_simulation/share/colcon-core/packages/tiago_simulation)
[0.887s] Level 1:colcon.colcon_core.environment:create_environment_scripts_only(tiago_simulation)
[0.887s] Level 1:colcon.colcon_core.environment:checking '/home/ahmo030/ros2-migration/arena/utils/3rd-party-robot-packages/tiago/tiago_simulation/install/tiago_simulation' for CMake module files
[0.887s] Level 1:colcon.colcon_core.environment:checking '/home/ahmo030/ros2-migration/arena/utils/3rd-party-robot-packages/tiago/tiago_simulation/install/tiago_simulation' for CMake config files
[0.888s] Level 1:colcon.colcon_core.shell:create_environment_hook('tiago_simulation', 'cmake_prefix_path')
[0.888s] INFO:colcon.colcon_core.shell:Creating environment hook '/home/ahmo030/ros2-migration/arena/utils/3rd-party-robot-packages/tiago/tiago_simulation/install/tiago_simulation/share/tiago_simulation/hook/cmake_prefix_path.ps1'
[0.888s] INFO:colcon.colcon_core.shell:Creating environment descriptor '/home/ahmo030/ros2-migration/arena/utils/3rd-party-robot-packages/tiago/tiago_simulation/install/tiago_simulation/share/tiago_simulation/hook/cmake_prefix_path.dsv'
[0.894s] INFO:colcon.colcon_core.shell:Creating environment hook '/home/ahmo030/ros2-migration/arena/utils/3rd-party-robot-packages/tiago/tiago_simulation/install/tiago_simulation/share/tiago_simulation/hook/cmake_prefix_path.sh'
[0.909s] Level 1:colcon.colcon_core.environment:checking '/home/ahmo030/ros2-migration/arena/utils/3rd-party-robot-packages/tiago/tiago_simulation/install/tiago_simulation/bin'
[0.910s] Level 1:colcon.colcon_core.environment:checking '/home/ahmo030/ros2-migration/arena/utils/3rd-party-robot-packages/tiago/tiago_simulation/install/tiago_simulation/lib/pkgconfig/tiago_simulation.pc'
[0.910s] Level 1:colcon.colcon_core.environment:checking '/home/ahmo030/ros2-migration/arena/utils/3rd-party-robot-packages/tiago/tiago_simulation/install/tiago_simulation/lib/python3.10/site-packages'
[0.911s] Level 1:colcon.colcon_core.environment:checking '/home/ahmo030/ros2-migration/arena/utils/3rd-party-robot-packages/tiago/tiago_simulation/install/tiago_simulation/bin'
[0.912s] INFO:colcon.colcon_core.shell:Creating package script '/home/ahmo030/ros2-migration/arena/utils/3rd-party-robot-packages/tiago/tiago_simulation/install/tiago_simulation/share/tiago_simulation/package.ps1'
[0.915s] INFO:colcon.colcon_core.shell:Creating package descriptor '/home/ahmo030/ros2-migration/arena/utils/3rd-party-robot-packages/tiago/tiago_simulation/install/tiago_simulation/share/tiago_simulation/package.dsv'
[0.932s] INFO:colcon.colcon_core.shell:Creating package script '/home/ahmo030/ros2-migration/arena/utils/3rd-party-robot-packages/tiago/tiago_simulation/install/tiago_simulation/share/tiago_simulation/package.sh'
[0.937s] INFO:colcon.colcon_core.shell:Creating package script '/home/ahmo030/ros2-migration/arena/utils/3rd-party-robot-packages/tiago/tiago_simulation/install/tiago_simulation/share/tiago_simulation/package.bash'
[0.950s] INFO:colcon.colcon_core.shell:Creating package script '/home/ahmo030/ros2-migration/arena/utils/3rd-party-robot-packages/tiago/tiago_simulation/install/tiago_simulation/share/tiago_simulation/package.zsh'
[0.962s] Level 1:colcon.colcon_core.environment:create_file_with_runtime_dependencies(/home/ahmo030/ros2-migration/arena/utils/3rd-party-robot-packages/tiago/tiago_simulation/install/tiago_simulation/share/colcon-core/packages/tiago_simulation)
[0.977s] DEBUG:colcon.colcon_parallel_executor.executor.parallel:closing loop
[0.978s] DEBUG:colcon.colcon_parallel_executor.executor.parallel:loop closed
[0.978s] DEBUG:colcon.colcon_parallel_executor.executor.parallel:run_until_complete finished with '0'
[0.978s] DEBUG:colcon.colcon_core.event_reactor:joining thread
[0.986s] INFO:colcon.colcon_core.plugin_system:Skipping extension 'colcon_notification.desktop_notification.terminal_notifier': Not used on non-Darwin systems
[0.986s] INFO:colcon.colcon_core.plugin_system:Skipping extension 'colcon_notification.desktop_notification.win32': Not used on non-Windows systems
[0.986s] INFO:colcon.colcon_notification.desktop_notification:Sending desktop notification using 'notify2'
[1.002s] DEBUG:colcon.colcon_core.event_reactor:joined thread
[1.003s] INFO:colcon.colcon_core.shell:Creating prefix script '/home/ahmo030/ros2-migration/arena/utils/3rd-party-robot-packages/tiago/tiago_simulation/install/local_setup.ps1'
[1.005s] INFO:colcon.colcon_core.shell:Creating prefix util module '/home/ahmo030/ros2-migration/arena/utils/3rd-party-robot-packages/tiago/tiago_simulation/install/_local_setup_util_ps1.py'
[1.009s] INFO:colcon.colcon_core.shell:Creating prefix chain script '/home/ahmo030/ros2-migration/arena/utils/3rd-party-robot-packages/tiago/tiago_simulation/install/setup.ps1'
[1.013s] INFO:colcon.colcon_core.shell:Creating prefix script '/home/ahmo030/ros2-migration/arena/utils/3rd-party-robot-packages/tiago/tiago_simulation/install/local_setup.sh'
[1.014s] INFO:colcon.colcon_core.shell:Creating prefix util module '/home/ahmo030/ros2-migration/arena/utils/3rd-party-robot-packages/tiago/tiago_simulation/install/_local_setup_util_sh.py'
[1.016s] INFO:colcon.colcon_core.shell:Creating prefix chain script '/home/ahmo030/ros2-migration/arena/utils/3rd-party-robot-packages/tiago/tiago_simulation/install/setup.sh'
[1.018s] INFO:colcon.colcon_core.shell:Creating prefix script '/home/ahmo030/ros2-migration/arena/utils/3rd-party-robot-packages/tiago/tiago_simulation/install/local_setup.bash'
[1.019s] INFO:colcon.colcon_core.shell:Creating prefix chain script '/home/ahmo030/ros2-migration/arena/utils/3rd-party-robot-packages/tiago/tiago_simulation/install/setup.bash'
[1.021s] INFO:colcon.colcon_core.shell:Creating prefix script '/home/ahmo030/ros2-migration/arena/utils/3rd-party-robot-packages/tiago/tiago_simulation/install/local_setup.zsh'
[1.022s] INFO:colcon.colcon_core.shell:Creating prefix chain script '/home/ahmo030/ros2-migration/arena/utils/3rd-party-robot-packages/tiago/tiago_simulation/install/setup.zsh'
