[0.077s] DEBUG:colcon:Command line arguments: ['/home/ahmo030/.local/bin/colcon', 'build', '--packages-select', 'stable_baselines3']
[0.077s] DEBUG:colcon:Parsed command line arguments: Namespace(log_base=None, log_level=None, verb_name='build', build_base='build', install_base='install', merge_install=False, symlink_install=False, test_result_base=None, continue_on_error=False, executor='parallel', parallel_workers=16, event_handlers=None, ignore_user_meta=False, metas=['./colcon.meta'], base_paths=['.'], packages_ignore=None, packages_ignore_regex=None, paths=None, packages_up_to=None, packages_up_to_regex=None, packages_above=None, packages_above_and_dependencies=None, packages_above_depth=None, packages_select_by_dep=None, packages_skip_by_dep=None, packages_skip_up_to=None, packages_select_build_failed=False, packages_skip_build_finished=False, packages_select_test_failures=False, packages_skip_test_passed=False, packages_select=['stable_baselines3'], packages_skip=None, packages_select_regex=None, packages_skip_regex=None, packages_start=None, packages_end=None, cmake_args=None, cmake_target=None, cmake_target_skip_unavailable=False, cmake_clean_cache=False, cmake_clean_first=False, cmake_force_configure=False, ament_cmake_args=None, catkin_cmake_args=None, catkin_skip_building_tests=False, verb_parser=<colcon_defaults.argument_parser.defaults.DefaultArgumentsDecorator object at 0x7f29ec450ee0>, verb_extension=<colcon_core.verb.build.BuildVerb object at 0x7f29ec555a50>, main=<bound method BuildVerb.main of <colcon_core.verb.build.BuildVerb object at 0x7f29ec555a50>>)
[0.220s] Level 1:colcon.colcon_core.package_discovery:discover_packages(colcon_meta) check parameters
[0.220s] Level 1:colcon.colcon_core.package_discovery:discover_packages(recursive) check parameters
[0.220s] Level 1:colcon.colcon_core.package_discovery:discover_packages(ignore) check parameters
[0.220s] Level 1:colcon.colcon_core.package_discovery:discover_packages(path) check parameters
[0.220s] Level 1:colcon.colcon_core.package_discovery:discover_packages(colcon_meta) discover
[0.220s] Level 1:colcon.colcon_core.package_discovery:discover_packages(recursive) discover
[0.220s] INFO:colcon.colcon_core.package_discovery:Crawling recursively for packages in '/home/ahmo030/ros2-migration/arena/utils/stable-baselines3'
[0.220s] Level 1:colcon.colcon_core.package_identification:_identify(.) by extensions ['ignore', 'ignore_ament_install']
[0.221s] Level 1:colcon.colcon_core.package_identification:_identify(.) by extension 'ignore'
[0.221s] Level 1:colcon.colcon_core.package_identification:_identify(.) by extension 'ignore_ament_install'
[0.221s] Level 1:colcon.colcon_core.package_identification:_identify(.) by extensions ['colcon_pkg']
[0.221s] Level 1:colcon.colcon_core.package_identification:_identify(.) by extension 'colcon_pkg'
[0.221s] Level 1:colcon.colcon_core.package_identification:_identify(.) by extensions ['colcon_meta']
[0.221s] Level 1:colcon.colcon_core.package_identification:_identify(.) by extension 'colcon_meta'
[0.221s] Level 1:colcon.colcon_core.package_identification:_identify(.) by extensions ['ros']
[0.221s] Level 1:colcon.colcon_core.package_identification:_identify(.) by extension 'ros'
[0.233s] Level 1:colcon.colcon_core.package_identification:_identify(.) by extensions ['cmake', 'python']
[0.233s] Level 1:colcon.colcon_core.package_identification:_identify(.) by extension 'cmake'
[0.234s] Level 1:colcon.colcon_core.package_identification:_identify(.) by extension 'python'
[0.234s] Level 1:colcon.colcon_core.package_identification:_identify(.) by extensions ['python_setup_py']
[0.234s] Level 1:colcon.colcon_core.package_identification:_identify(.) by extension 'python_setup_py'
[0.456s] DEBUG:colcon.colcon_core.package_identification:Package '.' with type 'python' and name 'stable_baselines3'
[0.456s] Level 1:colcon.colcon_core.package_discovery:discover_packages(recursive) using defaults
[0.456s] Level 1:colcon.colcon_core.package_discovery:discover_packages(ignore) discover
[0.456s] Level 1:colcon.colcon_core.package_discovery:discover_packages(ignore) using defaults
[0.456s] Level 1:colcon.colcon_core.package_discovery:discover_packages(path) discover
[0.456s] Level 1:colcon.colcon_core.package_discovery:discover_packages(path) using defaults
[0.467s] Level 5:colcon.colcon_core.verb:set package 'stable_baselines3' build argument 'cmake_args' from command line to 'None'
[0.467s] Level 5:colcon.colcon_core.verb:set package 'stable_baselines3' build argument 'cmake_target' from command line to 'None'
[0.467s] Level 5:colcon.colcon_core.verb:set package 'stable_baselines3' build argument 'cmake_target_skip_unavailable' from command line to 'False'
[0.467s] Level 5:colcon.colcon_core.verb:set package 'stable_baselines3' build argument 'cmake_clean_cache' from command line to 'False'
[0.467s] Level 5:colcon.colcon_core.verb:set package 'stable_baselines3' build argument 'cmake_clean_first' from command line to 'False'
[0.467s] Level 5:colcon.colcon_core.verb:set package 'stable_baselines3' build argument 'cmake_force_configure' from command line to 'False'
[0.467s] Level 5:colcon.colcon_core.verb:set package 'stable_baselines3' build argument 'ament_cmake_args' from command line to 'None'
[0.467s] Level 5:colcon.colcon_core.verb:set package 'stable_baselines3' build argument 'catkin_cmake_args' from command line to 'None'
[0.467s] Level 5:colcon.colcon_core.verb:set package 'stable_baselines3' build argument 'catkin_skip_building_tests' from command line to 'False'
[0.467s] DEBUG:colcon.colcon_core.verb:Building package 'stable_baselines3' with the following arguments: {'ament_cmake_args': None, 'build_base': '/home/ahmo030/ros2-migration/arena/utils/stable-baselines3/build/stable_baselines3', 'catkin_cmake_args': None, 'catkin_skip_building_tests': False, 'cmake_args': None, 'cmake_clean_cache': False, 'cmake_clean_first': False, 'cmake_force_configure': False, 'cmake_target': None, 'cmake_target_skip_unavailable': False, 'install_base': '/home/ahmo030/ros2-migration/arena/utils/stable-baselines3/install/stable_baselines3', 'merge_install': False, 'path': '/home/ahmo030/ros2-migration/arena/utils/stable-baselines3', 'symlink_install': False, 'test_result_base': None}
[0.467s] INFO:colcon.colcon_core.executor:Executing jobs using 'parallel' executor
[0.468s] DEBUG:colcon.colcon_parallel_executor.executor.parallel:run_until_complete
[0.468s] INFO:colcon.colcon_core.task.python.build:Building Python package in '/home/ahmo030/ros2-migration/arena/utils/stable-baselines3'
[0.469s] INFO:colcon.colcon_core.plugin_system:Skipping extension 'colcon_core.shell.bat': Not used on non-Windows systems
[0.469s] INFO:colcon.colcon_core.shell:Skip shell extension 'powershell' for command environment: Not usable outside of PowerShell
[0.469s] DEBUG:colcon.colcon_core.shell:Skip shell extension 'dsv' for command environment
[0.470s] WARNING:colcon.colcon_ros.prefix_path.catkin:The path '/home/ahmo030/arena_ws/devel' in the environment variable CMAKE_PREFIX_PATH seems to be a catkin workspace but it doesn't contain any 'local_setup.*' files. Maybe the catkin version is not up-to-date?
[0.471s] DEBUG:colcon.colcon_core.shell:Ignoring prefix path '/home/ahmo030/packages_ws/devel'
[1.083s] DEBUG:colcon.colcon_core.event_handler.log_command:Invoking command in '/home/ahmo030/ros2-migration/arena/utils/stable-baselines3': PYTHONPATH=/home/ahmo030/ros2-migration/arena/utils/stable-baselines3/build/stable_baselines3/prefix_override:/home/ahmo030/ros2-migration/arena/utils/stable-baselines3/install/stable_baselines3/lib/python3.10/site-packages:${PYTHONPATH} /usr/bin/python3 -W ignore:setup.py install is deprecated setup.py egg_info --egg-base build/stable_baselines3 build --build-base /home/ahmo030/ros2-migration/arena/utils/stable-baselines3/build/stable_baselines3/build install --record /home/ahmo030/ros2-migration/arena/utils/stable-baselines3/build/stable_baselines3/install.log --single-version-externally-managed
[1.329s] DEBUG:colcon.colcon_core.event_handler.log_command:Invoked command in '/home/ahmo030/ros2-migration/arena/utils/stable-baselines3' returned '0': PYTHONPATH=/home/ahmo030/ros2-migration/arena/utils/stable-baselines3/build/stable_baselines3/prefix_override:/home/ahmo030/ros2-migration/arena/utils/stable-baselines3/install/stable_baselines3/lib/python3.10/site-packages:${PYTHONPATH} /usr/bin/python3 -W ignore:setup.py install is deprecated setup.py egg_info --egg-base build/stable_baselines3 build --build-base /home/ahmo030/ros2-migration/arena/utils/stable-baselines3/build/stable_baselines3/build install --record /home/ahmo030/ros2-migration/arena/utils/stable-baselines3/build/stable_baselines3/install.log --single-version-externally-managed
[1.330s] Level 1:colcon.colcon_core.environment:checking '/home/ahmo030/ros2-migration/arena/utils/stable-baselines3/install/stable_baselines3' for CMake module files
[1.330s] Level 1:colcon.colcon_core.environment:checking '/home/ahmo030/ros2-migration/arena/utils/stable-baselines3/install/stable_baselines3' for CMake config files
[1.330s] Level 1:colcon.colcon_core.environment:checking '/home/ahmo030/ros2-migration/arena/utils/stable-baselines3/install/stable_baselines3/lib'
[1.331s] Level 1:colcon.colcon_core.environment:checking '/home/ahmo030/ros2-migration/arena/utils/stable-baselines3/install/stable_baselines3/bin'
[1.331s] Level 1:colcon.colcon_core.environment:checking '/home/ahmo030/ros2-migration/arena/utils/stable-baselines3/install/stable_baselines3/lib/pkgconfig/stable_baselines3.pc'
[1.331s] Level 1:colcon.colcon_core.environment:checking '/home/ahmo030/ros2-migration/arena/utils/stable-baselines3/install/stable_baselines3/lib/python3.10/site-packages'
[1.331s] Level 1:colcon.colcon_core.shell:create_environment_hook('stable_baselines3', 'pythonpath')
[1.331s] INFO:colcon.colcon_core.shell:Creating environment hook '/home/ahmo030/ros2-migration/arena/utils/stable-baselines3/install/stable_baselines3/share/stable_baselines3/hook/pythonpath.ps1'
[1.331s] INFO:colcon.colcon_core.shell:Creating environment descriptor '/home/ahmo030/ros2-migration/arena/utils/stable-baselines3/install/stable_baselines3/share/stable_baselines3/hook/pythonpath.dsv'
[1.332s] INFO:colcon.colcon_core.shell:Creating environment hook '/home/ahmo030/ros2-migration/arena/utils/stable-baselines3/install/stable_baselines3/share/stable_baselines3/hook/pythonpath.sh'
[1.332s] Level 1:colcon.colcon_core.environment:checking '/home/ahmo030/ros2-migration/arena/utils/stable-baselines3/install/stable_baselines3/bin'
[1.332s] Level 1:colcon.colcon_core.environment:create_environment_scripts_only(stable_baselines3)
[1.332s] INFO:colcon.colcon_core.shell:Creating package script '/home/ahmo030/ros2-migration/arena/utils/stable-baselines3/install/stable_baselines3/share/stable_baselines3/package.ps1'
[1.332s] INFO:colcon.colcon_core.shell:Creating package descriptor '/home/ahmo030/ros2-migration/arena/utils/stable-baselines3/install/stable_baselines3/share/stable_baselines3/package.dsv'
[1.333s] INFO:colcon.colcon_core.shell:Creating package script '/home/ahmo030/ros2-migration/arena/utils/stable-baselines3/install/stable_baselines3/share/stable_baselines3/package.sh'
[1.333s] INFO:colcon.colcon_core.shell:Creating package script '/home/ahmo030/ros2-migration/arena/utils/stable-baselines3/install/stable_baselines3/share/stable_baselines3/package.bash'
[1.333s] INFO:colcon.colcon_core.shell:Creating package script '/home/ahmo030/ros2-migration/arena/utils/stable-baselines3/install/stable_baselines3/share/stable_baselines3/package.zsh'
[1.334s] Level 1:colcon.colcon_core.environment:create_file_with_runtime_dependencies(/home/ahmo030/ros2-migration/arena/utils/stable-baselines3/install/stable_baselines3/share/colcon-core/packages/stable_baselines3)
[1.334s] DEBUG:colcon.colcon_parallel_executor.executor.parallel:closing loop
[1.334s] DEBUG:colcon.colcon_parallel_executor.executor.parallel:loop closed
[1.334s] DEBUG:colcon.colcon_parallel_executor.executor.parallel:run_until_complete finished with '0'
[1.334s] DEBUG:colcon.colcon_core.event_reactor:joining thread
[1.337s] INFO:colcon.colcon_core.plugin_system:Skipping extension 'colcon_notification.desktop_notification.terminal_notifier': Not used on non-Darwin systems
[1.337s] INFO:colcon.colcon_core.plugin_system:Skipping extension 'colcon_notification.desktop_notification.win32': Not used on non-Windows systems
[1.337s] INFO:colcon.colcon_notification.desktop_notification:Sending desktop notification using 'notify2'
[1.342s] DEBUG:colcon.colcon_core.event_reactor:joined thread
[1.342s] INFO:colcon.colcon_core.shell:Creating prefix script '/home/ahmo030/ros2-migration/arena/utils/stable-baselines3/install/local_setup.ps1'
[1.343s] INFO:colcon.colcon_core.shell:Creating prefix util module '/home/ahmo030/ros2-migration/arena/utils/stable-baselines3/install/_local_setup_util_ps1.py'
[1.343s] INFO:colcon.colcon_core.shell:Creating prefix chain script '/home/ahmo030/ros2-migration/arena/utils/stable-baselines3/install/setup.ps1'
[1.344s] INFO:colcon.colcon_core.shell:Creating prefix script '/home/ahmo030/ros2-migration/arena/utils/stable-baselines3/install/local_setup.sh'
[1.344s] INFO:colcon.colcon_core.shell:Creating prefix util module '/home/ahmo030/ros2-migration/arena/utils/stable-baselines3/install/_local_setup_util_sh.py'
[1.344s] INFO:colcon.colcon_core.shell:Creating prefix chain script '/home/ahmo030/ros2-migration/arena/utils/stable-baselines3/install/setup.sh'
[1.345s] INFO:colcon.colcon_core.shell:Creating prefix script '/home/ahmo030/ros2-migration/arena/utils/stable-baselines3/install/local_setup.bash'
[1.345s] INFO:colcon.colcon_core.shell:Creating prefix chain script '/home/ahmo030/ros2-migration/arena/utils/stable-baselines3/install/setup.bash'
[1.346s] INFO:colcon.colcon_core.shell:Creating prefix script '/home/ahmo030/ros2-migration/arena/utils/stable-baselines3/install/local_setup.zsh'
[1.346s] INFO:colcon.colcon_core.shell:Creating prefix chain script '/home/ahmo030/ros2-migration/arena/utils/stable-baselines3/install/setup.zsh'
