[0.030s] Invoking command in '/ros2-migration/build/plan_visualization': /usr/bin/cmake /ros2-migration/arena/arena-rosnav/utils/misc/plan_visualization -DCMAKE_INSTALL_PREFIX=/ros2-migration/install/plan_visualization
[0.149s] -- Found ament_cmake: 1.3.9 (/opt/ros/humble/share/ament_cmake/cmake)
[0.180s] Traceback (most recent call last):
[0.180s]   File "/opt/ros/humble/share/ament_cmake_core/cmake/package_templates/templates_2_cmake.py", line 21, in <module>
[0.180s]     from ament_package.templates import get_environment_hook_template_path
[0.180s] ModuleNotFoundError: No module named 'ament_package'
[0.183s] [31mCMake Error at /opt/ros/humble/share/ament_cmake_core/cmake/ament_cmake_package_templates-extras.cmake:41 (message):
[0.183s]   execute_process(/usr/bin/python3
[0.184s]   /opt/ros/humble/share/ament_cmake_core/cmake/package_templates/templates_2_cmake.py
[0.184s]   /ros2-migration/build/plan_visualization/ament_cmake_package_templates/templates.cmake)
[0.184s]   returned error code 1
[0.184s] Call Stack (most recent call first):
[0.184s]   /opt/ros/humble/share/ament_cmake_core/cmake/ament_cmake_coreConfig.cmake:41 (include)
[0.184s]   /opt/ros/humble/share/ament_cmake/cmake/ament_cmake_export_dependencies-extras.cmake:15 (find_package)
[0.184s]   /opt/ros/humble/share/ament_cmake/cmake/ament_cmakeConfig.cmake:41 (include)
[0.184s]   CMakeLists.txt:17 (find_package)
[0.184s] 
[0.184s] [0m
[0.186s] -- Configuring incomplete, errors occurred!
[0.187s] See also "/ros2-migration/build/plan_visualization/CMakeFiles/CMakeOutput.log".
