[0.037s] Invoking command in '/ros2-migration/arena/build/plan_visualization': /usr/bin/cmake /ros2-migration/arena/arena-rosnav/utils/misc/plan_visualization -DCMAKE_INSTALL_PREFIX=/ros2-migration/arena/install/plan_visualization
[0.108s] -- Found ament_cmake: 1.3.9 (/opt/ros/humble/share/ament_cmake/cmake)
[0.487s] -- Found Python3: /usr/bin/python3 (found version "3.10.12") found components: Interpreter 
[0.581s] -- Found std_msgs: 4.2.3 (/opt/ros/humble/share/std_msgs/cmake)
[0.616s] -- Found rosidl_generator_c: 3.1.5 (/opt/ros/humble/share/rosidl_generator_c/cmake)
[0.623s] -- Found rosidl_adapter: 3.1.5 (/opt/ros/humble/share/rosidl_adapter/cmake)
[0.632s] -- Found rosidl_generator_cpp: 3.1.5 (/opt/ros/humble/share/rosidl_generator_cpp/cmake)
[0.646s] -- Using all available rosidl_typesupport_c: rosidl_typesupport_fastrtps_c;rosidl_typesupport_introspection_c
[0.665s] -- Using all available rosidl_typesupport_cpp: rosidl_typesupport_fastrtps_cpp;rosidl_typesupport_introspection_cpp
[0.724s] -- Found geometry_msgs: 4.2.3 (/opt/ros/humble/share/geometry_msgs/cmake)
[0.769s] -- Found rclcpp: 16.0.9 (/opt/ros/humble/share/rclcpp/cmake)
[0.828s] -- Found rmw_implementation_cmake: 6.1.2 (/opt/ros/humble/share/rmw_implementation_cmake/cmake)
[0.831s] -- Found rmw_fastrtps_cpp: 6.2.6 (/opt/ros/humble/share/rmw_fastrtps_cpp/cmake)
[0.910s] -- Found OpenSSL: /usr/lib/x86_64-linux-gnu/libcrypto.so (found version "3.0.2")  
[0.934s] -- Found FastRTPS: /opt/ros/humble/include  
[0.979s] -- Using RMW implementation 'rmw_fastrtps_cpp' as default
[0.988s] -- Looking for pthread.h
[1.091s] -- Looking for pthread.h - found
[1.091s] -- Performing Test CMAKE_HAVE_LIBC_PTHREAD
[1.147s] -- Performing Test CMAKE_HAVE_LIBC_PTHREAD - Success
[1.148s] -- Found Threads: TRUE  
[1.281s] -- Found sensor_msgs: 4.2.3 (/opt/ros/humble/share/sensor_msgs/cmake)
[1.404s] -- Found nav_msgs: 4.2.3 (/opt/ros/humble/share/nav_msgs/cmake)
[8.795s] Error parsing '/ros2-migration/arena/arena-rosnav/utils/misc/plan_visualization/package.xml':
[8.795s] Traceback (most recent call last):
[8.795s]   File "/opt/ros/humble/share/ament_cmake_core/cmake/core/package_xml_2_cmake.py", line 150, in <module>
[8.796s]     main()
[8.796s]   File "/opt/ros/humble/share/ament_cmake_core/cmake/core/package_xml_2_cmake.py", line 53, in main
[8.796s]     raise e
[8.796s]   File "/opt/ros/humble/share/ament_cmake_core/cmake/core/package_xml_2_cmake.py", line 49, in main
[8.796s]     package = parse_package_string(
[8.796s]   File "/usr/lib/python3/dist-packages/catkin_pkg/package.py", line 719, in parse_package_string
[8.796s]     export_node = _get_optional_node(root, 'export', filename)
[8.796s]   File "/usr/lib/python3/dist-packages/catkin_pkg/package.py", line 807, in _get_optional_node
[8.796s]     raise InvalidPackage('The manifest must not contain more than one "%s" tags' % tagname, filename)
[8.796s] catkin_pkg.package.InvalidPackage: Error(s) in package '/ros2-migration/arena/arena-rosnav/utils/misc/plan_visualization/package.xml':
[8.796s] The manifest must not contain more than one "export" tags
[8.803s] [31mCMake Error at /opt/ros/humble/share/ament_cmake_core/cmake/core/ament_package_xml.cmake:95 (message):
[8.803s]   execute_process(/usr/bin/python3
[8.803s]   /opt/ros/humble/share/ament_cmake_core/cmake/core/package_xml_2_cmake.py
[8.803s]   /ros2-migration/arena/arena-rosnav/utils/misc/plan_visualization/package.xml
[8.803s]   /ros2-migration/arena/build/plan_visualization/ament_cmake_core/package.cmake)
[8.803s]   returned error code 1
[8.803s] Call Stack (most recent call first):
[8.803s]   /opt/ros/humble/share/ament_cmake_core/cmake/core/ament_package_xml.cmake:49 (_ament_package_xml)
[8.803s]   /opt/ros/humble/share/ament_cmake_core/cmake/core/ament_package.cmake:63 (ament_package_xml)
[8.803s]   CMakeLists.txt:221 (ament_package)
[8.803s] 
[8.803s] [0m
[8.804s] -- Configuring incomplete, errors occurred!
[8.804s] See also "/ros2-migration/arena/build/plan_visualization/CMakeFiles/CMakeOutput.log".
