[0.109s] DEBUG:colcon:Command line arguments: ['/usr/bin/colcon', 'build']
[0.109s] DEBUG:colcon:Parsed command line arguments: Namespace(log_base=None, log_level=None, verb_name='build', build_base='build', install_base='install', merge_install=False, symlink_install=False, test_result_base=None, continue_on_error=False, executor='parallel', parallel_workers=8, event_handlers=None, ignore_user_meta=False, metas=['./colcon.meta'], base_paths=['.'], packages_ignore=None, packages_ignore_regex=None, paths=None, packages_up_to=None, packages_up_to_regex=None, packages_above=None, packages_above_and_dependencies=None, packages_above_depth=None, packages_select_by_dep=None, packages_skip_by_dep=None, packages_skip_up_to=None, packages_select_build_failed=False, packages_skip_build_finished=False, packages_select_test_failures=False, packages_skip_test_passed=False, packages_select=None, packages_skip=None, packages_select_regex=None, packages_skip_regex=None, packages_start=None, packages_end=None, allow_overriding=[], cmake_args=None, cmake_target=None, cmake_target_skip_unavailable=False, cmake_clean_cache=False, cmake_clean_first=False, cmake_force_configure=False, ament_cmake_args=None, catkin_cmake_args=None, catkin_skip_building_tests=False, verb_parser=<colcon_defaults.argument_parser.defaults.DefaultArgumentsDecorator object at 0x7f41c1c2b880>, verb_extension=<colcon_core.verb.build.BuildVerb object at 0x7f41c1b74430>, main=<bound method BuildVerb.main of <colcon_core.verb.build.BuildVerb object at 0x7f41c1b74430>>)
[0.153s] Level 1:colcon.colcon_core.package_discovery:discover_packages(colcon_meta) check parameters
[0.153s] Level 1:colcon.colcon_core.package_discovery:discover_packages(recursive) check parameters
[0.153s] Level 1:colcon.colcon_core.package_discovery:discover_packages(ignore) check parameters
[0.153s] Level 1:colcon.colcon_core.package_discovery:discover_packages(path) check parameters
[0.153s] Level 1:colcon.colcon_core.package_discovery:discover_packages(colcon_meta) discover
[0.153s] Level 1:colcon.colcon_core.package_discovery:discover_packages(recursive) discover
[0.153s] INFO:colcon.colcon_core.package_discovery:Crawling recursively for packages in '/ros2-migration/arena/arena-rosnav/utils/ros/msgs/plan_msgs'
[0.153s] Level 1:colcon.colcon_core.package_identification:_identify(.) by extensions ['ignore', 'ignore_ament_install']
[0.153s] Level 1:colcon.colcon_core.package_identification:_identify(.) by extension 'ignore'
[0.153s] Level 1:colcon.colcon_core.package_identification:_identify(.) by extension 'ignore_ament_install'
[0.153s] Level 1:colcon.colcon_core.package_identification:_identify(.) by extensions ['colcon_pkg']
[0.153s] Level 1:colcon.colcon_core.package_identification:_identify(.) by extension 'colcon_pkg'
[0.153s] Level 1:colcon.colcon_core.package_identification:_identify(.) by extensions ['colcon_meta']
[0.153s] Level 1:colcon.colcon_core.package_identification:_identify(.) by extension 'colcon_meta'
[0.153s] Level 1:colcon.colcon_core.package_identification:_identify(.) by extensions ['ros']
[0.153s] Level 1:colcon.colcon_core.package_identification:_identify(.) by extension 'ros'
[0.172s] DEBUG:colcon.colcon_core.package_identification:Package '.' with type 'ros.catkin' and name 'plan_msgs'
[0.172s] Level 1:colcon.colcon_core.package_discovery:discover_packages(recursive) using defaults
[0.172s] Level 1:colcon.colcon_core.package_discovery:discover_packages(ignore) discover
[0.172s] Level 1:colcon.colcon_core.package_discovery:discover_packages(ignore) using defaults
[0.172s] Level 1:colcon.colcon_core.package_discovery:discover_packages(path) discover
[0.172s] Level 1:colcon.colcon_core.package_discovery:discover_packages(path) using defaults
[0.192s] Level 1:colcon.colcon_core.package_discovery:discover_packages(prefix_path) check parameters
[0.192s] Level 1:colcon.colcon_core.package_discovery:discover_packages(prefix_path) discover
[0.195s] DEBUG:colcon.colcon_installed_package_information.package_discovery:Found 275 installed packages in /opt/ros/humble
[0.197s] Level 1:colcon.colcon_core.package_discovery:discover_packages(prefix_path) using defaults
[0.242s] Level 5:colcon.colcon_core.verb:set package 'plan_msgs' build argument 'cmake_args' from command line to 'None'
[0.242s] Level 5:colcon.colcon_core.verb:set package 'plan_msgs' build argument 'cmake_target' from command line to 'None'
[0.242s] Level 5:colcon.colcon_core.verb:set package 'plan_msgs' build argument 'cmake_target_skip_unavailable' from command line to 'False'
[0.242s] Level 5:colcon.colcon_core.verb:set package 'plan_msgs' build argument 'cmake_clean_cache' from command line to 'False'
[0.242s] Level 5:colcon.colcon_core.verb:set package 'plan_msgs' build argument 'cmake_clean_first' from command line to 'False'
[0.242s] Level 5:colcon.colcon_core.verb:set package 'plan_msgs' build argument 'cmake_force_configure' from command line to 'False'
[0.242s] Level 5:colcon.colcon_core.verb:set package 'plan_msgs' build argument 'ament_cmake_args' from command line to 'None'
[0.242s] Level 5:colcon.colcon_core.verb:set package 'plan_msgs' build argument 'catkin_cmake_args' from command line to 'None'
[0.242s] Level 5:colcon.colcon_core.verb:set package 'plan_msgs' build argument 'catkin_skip_building_tests' from command line to 'False'
[0.242s] DEBUG:colcon.colcon_core.verb:Building package 'plan_msgs' with the following arguments: {'ament_cmake_args': None, 'build_base': '/ros2-migration/arena/arena-rosnav/utils/ros/msgs/plan_msgs/build/plan_msgs', 'catkin_cmake_args': None, 'catkin_skip_building_tests': False, 'cmake_args': None, 'cmake_clean_cache': False, 'cmake_clean_first': False, 'cmake_force_configure': False, 'cmake_target': None, 'cmake_target_skip_unavailable': False, 'install_base': '/ros2-migration/arena/arena-rosnav/utils/ros/msgs/plan_msgs/install/plan_msgs', 'merge_install': False, 'path': '/ros2-migration/arena/arena-rosnav/utils/ros/msgs/plan_msgs', 'symlink_install': False, 'test_result_base': None}
[0.242s] INFO:colcon.colcon_core.executor:Executing jobs using 'parallel' executor
[0.243s] DEBUG:colcon.colcon_parallel_executor.executor.parallel:run_until_complete
[0.243s] INFO:colcon.colcon_ros.task.catkin.build:Building ROS package in '/ros2-migration/arena/arena-rosnav/utils/ros/msgs/plan_msgs' with build type 'catkin'
[0.243s] INFO:colcon.colcon_cmake.task.cmake.build:Building CMake package in '/ros2-migration/arena/arena-rosnav/utils/ros/msgs/plan_msgs'
[0.245s] INFO:colcon.colcon_core.plugin_system:Skipping extension 'colcon_core.shell.bat': Not used on non-Windows systems
[0.246s] INFO:colcon.colcon_core.shell:Skip shell extension 'powershell' for command environment: Not usable outside of PowerShell
[0.246s] DEBUG:colcon.colcon_core.shell:Skip shell extension 'dsv' for command environment
[0.252s] DEBUG:colcon.colcon_core.event_handler.log_command:Invoking command in '/ros2-migration/arena/arena-rosnav/utils/ros/msgs/plan_msgs/build/plan_msgs': /usr/bin/cmake /ros2-migration/arena/arena-rosnav/utils/ros/msgs/plan_msgs -DCATKIN_INSTALL_INTO_PREFIX_ROOT=0 -DCMAKE_INSTALL_PREFIX=/ros2-migration/arena/arena-rosnav/utils/ros/msgs/plan_msgs/install/plan_msgs
[2.526s] DEBUG:colcon.colcon_core.event_handler.log_command:Invoked command in '/ros2-migration/arena/arena-rosnav/utils/ros/msgs/plan_msgs/build/plan_msgs' returned '0': /usr/bin/cmake /ros2-migration/arena/arena-rosnav/utils/ros/msgs/plan_msgs -DCATKIN_INSTALL_INTO_PREFIX_ROOT=0 -DCMAKE_INSTALL_PREFIX=/ros2-migration/arena/arena-rosnav/utils/ros/msgs/plan_msgs/install/plan_msgs
[2.527s] DEBUG:colcon.colcon_core.event_handler.log_command:Invoking command in '/ros2-migration/arena/arena-rosnav/utils/ros/msgs/plan_msgs/build/plan_msgs': /usr/bin/cmake --build /ros2-migration/arena/arena-rosnav/utils/ros/msgs/plan_msgs/build/plan_msgs -- -j8 -l8
[5.608s] DEBUG:colcon.colcon_core.event_handler.log_command:Invoked command in '/ros2-migration/arena/arena-rosnav/utils/ros/msgs/plan_msgs/build/plan_msgs' returned '0': /usr/bin/cmake --build /ros2-migration/arena/arena-rosnav/utils/ros/msgs/plan_msgs/build/plan_msgs -- -j8 -l8
[5.807s] DEBUG:colcon.colcon_core.event_handler.log_command:Invoking command in '/ros2-migration/arena/arena-rosnav/utils/ros/msgs/plan_msgs/build/plan_msgs': /usr/bin/cmake --install /ros2-migration/arena/arena-rosnav/utils/ros/msgs/plan_msgs/build/plan_msgs
[5.890s] DEBUG:colcon.colcon_core.event_handler.log_command:Invoked command in '/ros2-migration/arena/arena-rosnav/utils/ros/msgs/plan_msgs/build/plan_msgs' returned '0': /usr/bin/cmake --install /ros2-migration/arena/arena-rosnav/utils/ros/msgs/plan_msgs/build/plan_msgs
[6.000s] Level 1:colcon.colcon_core.shell:create_environment_hook('plan_msgs', 'ros_package_path')
[6.001s] INFO:colcon.colcon_core.shell:Creating environment hook '/ros2-migration/arena/arena-rosnav/utils/ros/msgs/plan_msgs/install/plan_msgs/share/plan_msgs/hook/ros_package_path.ps1'
[6.003s] INFO:colcon.colcon_core.shell:Creating environment descriptor '/ros2-migration/arena/arena-rosnav/utils/ros/msgs/plan_msgs/install/plan_msgs/share/plan_msgs/hook/ros_package_path.dsv'
[6.005s] INFO:colcon.colcon_core.shell:Creating environment hook '/ros2-migration/arena/arena-rosnav/utils/ros/msgs/plan_msgs/install/plan_msgs/share/plan_msgs/hook/ros_package_path.sh'
[6.008s] Level 1:colcon.colcon_ros.task.catkin:checking '/ros2-migration/arena/arena-rosnav/utils/ros/msgs/plan_msgs/install/plan_msgs/local/lib/python3.10/dist-packages'
[6.008s] Level 1:colcon.colcon_core.shell:create_environment_hook('plan_msgs', 'catkin_pythonpath')
[6.009s] INFO:colcon.colcon_core.shell:Creating environment hook '/ros2-migration/arena/arena-rosnav/utils/ros/msgs/plan_msgs/install/plan_msgs/share/plan_msgs/hook/catkin_pythonpath.ps1'
[6.010s] INFO:colcon.colcon_core.shell:Creating environment descriptor '/ros2-migration/arena/arena-rosnav/utils/ros/msgs/plan_msgs/install/plan_msgs/share/plan_msgs/hook/catkin_pythonpath.dsv'
[6.011s] INFO:colcon.colcon_core.shell:Creating environment hook '/ros2-migration/arena/arena-rosnav/utils/ros/msgs/plan_msgs/install/plan_msgs/share/plan_msgs/hook/catkin_pythonpath.sh'
[6.013s] Level 1:colcon.colcon_core.shell:create_environment_hook('plan_msgs', 'pkg_config_path')
[6.014s] INFO:colcon.colcon_core.shell:Creating environment hook '/ros2-migration/arena/arena-rosnav/utils/ros/msgs/plan_msgs/install/plan_msgs/share/plan_msgs/hook/pkg_config_path.ps1'
[6.015s] INFO:colcon.colcon_core.shell:Creating environment descriptor '/ros2-migration/arena/arena-rosnav/utils/ros/msgs/plan_msgs/install/plan_msgs/share/plan_msgs/hook/pkg_config_path.dsv'
[6.016s] INFO:colcon.colcon_core.shell:Creating environment hook '/ros2-migration/arena/arena-rosnav/utils/ros/msgs/plan_msgs/install/plan_msgs/share/plan_msgs/hook/pkg_config_path.sh'
[6.021s] Level 1:colcon.colcon_core.shell:create_environment_hook('plan_msgs', 'pkg_config_path_multiarch')
[6.022s] INFO:colcon.colcon_core.shell:Creating environment hook '/ros2-migration/arena/arena-rosnav/utils/ros/msgs/plan_msgs/install/plan_msgs/share/plan_msgs/hook/pkg_config_path_multiarch.ps1'
[6.023s] INFO:colcon.colcon_core.shell:Creating environment descriptor '/ros2-migration/arena/arena-rosnav/utils/ros/msgs/plan_msgs/install/plan_msgs/share/plan_msgs/hook/pkg_config_path_multiarch.dsv'
[6.024s] INFO:colcon.colcon_core.shell:Creating environment hook '/ros2-migration/arena/arena-rosnav/utils/ros/msgs/plan_msgs/install/plan_msgs/share/plan_msgs/hook/pkg_config_path_multiarch.sh'
[6.029s] Level 1:colcon.colcon_core.environment:create_environment_scripts_only(plan_msgs)
[6.036s] Level 1:colcon.colcon_core.environment:checking '/ros2-migration/arena/arena-rosnav/utils/ros/msgs/plan_msgs/install/plan_msgs' for CMake module files
[6.038s] Level 1:colcon.colcon_core.environment:checking '/ros2-migration/arena/arena-rosnav/utils/ros/msgs/plan_msgs/install/plan_msgs' for CMake config files
[6.039s] Level 1:colcon.colcon_core.shell:create_environment_hook('plan_msgs', 'cmake_prefix_path')
[6.039s] INFO:colcon.colcon_core.shell:Creating environment hook '/ros2-migration/arena/arena-rosnav/utils/ros/msgs/plan_msgs/install/plan_msgs/share/plan_msgs/hook/cmake_prefix_path.ps1'
[6.040s] INFO:colcon.colcon_core.shell:Creating environment descriptor '/ros2-migration/arena/arena-rosnav/utils/ros/msgs/plan_msgs/install/plan_msgs/share/plan_msgs/hook/cmake_prefix_path.dsv'
[6.041s] INFO:colcon.colcon_core.shell:Creating environment hook '/ros2-migration/arena/arena-rosnav/utils/ros/msgs/plan_msgs/install/plan_msgs/share/plan_msgs/hook/cmake_prefix_path.sh'
[6.042s] Level 1:colcon.colcon_core.environment:checking '/ros2-migration/arena/arena-rosnav/utils/ros/msgs/plan_msgs/install/plan_msgs/lib'
[6.042s] Level 1:colcon.colcon_core.shell:create_environment_hook('plan_msgs', 'ld_library_path_lib')
[6.043s] INFO:colcon.colcon_core.shell:Creating environment hook '/ros2-migration/arena/arena-rosnav/utils/ros/msgs/plan_msgs/install/plan_msgs/share/plan_msgs/hook/ld_library_path_lib.ps1'
[6.043s] INFO:colcon.colcon_core.shell:Creating environment descriptor '/ros2-migration/arena/arena-rosnav/utils/ros/msgs/plan_msgs/install/plan_msgs/share/plan_msgs/hook/ld_library_path_lib.dsv'
[6.044s] INFO:colcon.colcon_core.shell:Creating environment hook '/ros2-migration/arena/arena-rosnav/utils/ros/msgs/plan_msgs/install/plan_msgs/share/plan_msgs/hook/ld_library_path_lib.sh'
[6.044s] Level 1:colcon.colcon_core.environment:checking '/ros2-migration/arena/arena-rosnav/utils/ros/msgs/plan_msgs/install/plan_msgs/bin'
[6.044s] Level 1:colcon.colcon_core.environment:checking '/ros2-migration/arena/arena-rosnav/utils/ros/msgs/plan_msgs/install/plan_msgs/lib/pkgconfig/plan_msgs.pc'
[6.045s] Level 1:colcon.colcon_core.environment:checking '/ros2-migration/arena/arena-rosnav/utils/ros/msgs/plan_msgs/install/plan_msgs/lib/python3.10/site-packages'
[6.045s] Level 1:colcon.colcon_core.environment:checking '/ros2-migration/arena/arena-rosnav/utils/ros/msgs/plan_msgs/install/plan_msgs/bin'
[6.046s] INFO:colcon.colcon_core.shell:Creating package script '/ros2-migration/arena/arena-rosnav/utils/ros/msgs/plan_msgs/install/plan_msgs/share/plan_msgs/package.ps1'
[6.048s] INFO:colcon.colcon_core.shell:Creating package descriptor '/ros2-migration/arena/arena-rosnav/utils/ros/msgs/plan_msgs/install/plan_msgs/share/plan_msgs/package.dsv'
[6.049s] INFO:colcon.colcon_core.shell:Creating package script '/ros2-migration/arena/arena-rosnav/utils/ros/msgs/plan_msgs/install/plan_msgs/share/plan_msgs/package.sh'
[6.050s] INFO:colcon.colcon_core.shell:Creating package script '/ros2-migration/arena/arena-rosnav/utils/ros/msgs/plan_msgs/install/plan_msgs/share/plan_msgs/package.bash'
[6.051s] INFO:colcon.colcon_core.shell:Creating package script '/ros2-migration/arena/arena-rosnav/utils/ros/msgs/plan_msgs/install/plan_msgs/share/plan_msgs/package.zsh'
[6.053s] Level 1:colcon.colcon_core.environment:create_file_with_runtime_dependencies(/ros2-migration/arena/arena-rosnav/utils/ros/msgs/plan_msgs/install/plan_msgs/share/colcon-core/packages/plan_msgs)
[6.053s] DEBUG:colcon.colcon_parallel_executor.executor.parallel:closing loop
[6.053s] DEBUG:colcon.colcon_parallel_executor.executor.parallel:loop closed
[6.053s] DEBUG:colcon.colcon_parallel_executor.executor.parallel:run_until_complete finished with '0'
[6.054s] DEBUG:colcon.colcon_core.event_reactor:joining thread
[6.059s] INFO:colcon.colcon_core.plugin_system:Skipping extension 'colcon_notification.desktop_notification.notify_send': Could not find 'notify-send'
[6.059s] INFO:colcon.colcon_core.plugin_system:Skipping extension 'colcon_notification.desktop_notification.terminal_notifier': Not used on non-Darwin systems
[6.059s] INFO:colcon.colcon_core.plugin_system:Skipping extension 'colcon_notification.desktop_notification.win32': Not used on non-Windows systems
[6.059s] INFO:colcon.colcon_notification.desktop_notification:Sending desktop notification using 'notify2'
[6.061s] DEBUG:colcon.colcon_notification.desktop_notification.notify2:Failed to initialize notify2: org.freedesktop.DBus.Error.Spawn.ExecFailed: /usr/bin/dbus-launch terminated abnormally without any error message
[6.061s] DEBUG:colcon.colcon_core.event_reactor:joined thread
[6.062s] INFO:colcon.colcon_core.shell:Creating prefix script '/ros2-migration/arena/arena-rosnav/utils/ros/msgs/plan_msgs/install/local_setup.ps1'
[6.063s] INFO:colcon.colcon_core.shell:Creating prefix util module '/ros2-migration/arena/arena-rosnav/utils/ros/msgs/plan_msgs/install/_local_setup_util_ps1.py'
[6.064s] INFO:colcon.colcon_core.shell:Creating prefix chain script '/ros2-migration/arena/arena-rosnav/utils/ros/msgs/plan_msgs/install/setup.ps1'
[6.065s] INFO:colcon.colcon_core.shell:Creating prefix script '/ros2-migration/arena/arena-rosnav/utils/ros/msgs/plan_msgs/install/local_setup.sh'
[6.066s] INFO:colcon.colcon_core.shell:Creating prefix util module '/ros2-migration/arena/arena-rosnav/utils/ros/msgs/plan_msgs/install/_local_setup_util_sh.py'
[6.066s] INFO:colcon.colcon_core.shell:Creating prefix chain script '/ros2-migration/arena/arena-rosnav/utils/ros/msgs/plan_msgs/install/setup.sh'
[6.067s] INFO:colcon.colcon_core.shell:Creating prefix script '/ros2-migration/arena/arena-rosnav/utils/ros/msgs/plan_msgs/install/local_setup.bash'
[6.068s] INFO:colcon.colcon_core.shell:Creating prefix chain script '/ros2-migration/arena/arena-rosnav/utils/ros/msgs/plan_msgs/install/setup.bash'
[6.069s] INFO:colcon.colcon_core.shell:Creating prefix script '/ros2-migration/arena/arena-rosnav/utils/ros/msgs/plan_msgs/install/local_setup.zsh'
[6.069s] INFO:colcon.colcon_core.shell:Creating prefix chain script '/ros2-migration/arena/arena-rosnav/utils/ros/msgs/plan_msgs/install/setup.zsh'
