[0.005s] Invoking command in '/home/ahmo030/ros2-migration/arena/arena-rosnav/utils/misc/grid_map_generator/build/grid_map_generator': CMAKE_PREFIX_PATH=/opt/ros/humble:${CMAKE_PREFIX_PATH} /usr/bin/cmake /home/ahmo030/ros2-migration/arena/arena-rosnav/utils/misc/grid_map_generator -DCMAKE_INSTALL_PREFIX=/home/ahmo030/ros2-migration/arena/arena-rosnav/utils/misc/grid_map_generator/install/grid_map_generator
[0.011s] -- Found ament_cmake: 1.3.8 (/opt/ros/humble/share/ament_cmake/cmake)
[0.083s] -- Found rclcpp: 16.0.8 (/opt/ros/humble/share/rclcpp/cmake)
[0.101s] -- Found rosidl_generator_c: 3.1.5 (/opt/ros/humble/share/rosidl_generator_c/cmake)
[0.102s] -- Found rosidl_adapter: 3.1.5 (/opt/ros/humble/share/rosidl_adapter/cmake)
[0.105s] -- Found rosidl_generator_cpp: 3.1.5 (/opt/ros/humble/share/rosidl_generator_cpp/cmake)
[0.111s] -- Using all available rosidl_typesupport_c: rosidl_typesupport_fastrtps_c;rosidl_typesupport_introspection_c
[0.119s] -- Using all available rosidl_typesupport_cpp: rosidl_typesupport_fastrtps_cpp;rosidl_typesupport_introspection_cpp
[0.150s] -- Found rmw_implementation_cmake: 6.1.1 (/opt/ros/humble/share/rmw_implementation_cmake/cmake)
[0.150s] -- Found rmw_fastrtps_cpp: 6.2.6 (/opt/ros/humble/share/rmw_fastrtps_cpp/cmake)
[0.229s] -- Using RMW implementation 'rmw_fastrtps_cpp' as default
[0.312s] -- Found rclpy: 3.3.12 (/opt/ros/humble/share/rclpy/cmake)
[0.350s] -- Configuring done
[0.352s] -- Generating done
[0.353s] -- Build files have been written to: /home/ahmo030/ros2-migration/arena/arena-rosnav/utils/misc/grid_map_generator/build/grid_map_generator
[0.357s] Invoked command in '/home/ahmo030/ros2-migration/arena/arena-rosnav/utils/misc/grid_map_generator/build/grid_map_generator' returned '0': CMAKE_PREFIX_PATH=/opt/ros/humble:${CMAKE_PREFIX_PATH} /usr/bin/cmake /home/ahmo030/ros2-migration/arena/arena-rosnav/utils/misc/grid_map_generator -DCMAKE_INSTALL_PREFIX=/home/ahmo030/ros2-migration/arena/arena-rosnav/utils/misc/grid_map_generator/install/grid_map_generator
[0.358s] Invoking command in '/home/ahmo030/ros2-migration/arena/arena-rosnav/utils/misc/grid_map_generator/build/grid_map_generator': CMAKE_PREFIX_PATH=/opt/ros/humble:${CMAKE_PREFIX_PATH} /usr/bin/cmake --build /home/ahmo030/ros2-migration/arena/arena-rosnav/utils/misc/grid_map_generator/build/grid_map_generator -- -j16 -l16
[0.376s] Invoked command in '/home/ahmo030/ros2-migration/arena/arena-rosnav/utils/misc/grid_map_generator/build/grid_map_generator' returned '0': CMAKE_PREFIX_PATH=/opt/ros/humble:${CMAKE_PREFIX_PATH} /usr/bin/cmake --build /home/ahmo030/ros2-migration/arena/arena-rosnav/utils/misc/grid_map_generator/build/grid_map_generator -- -j16 -l16
[0.392s] Invoking command in '/home/ahmo030/ros2-migration/arena/arena-rosnav/utils/misc/grid_map_generator/build/grid_map_generator': CMAKE_PREFIX_PATH=/opt/ros/humble:${CMAKE_PREFIX_PATH} /usr/bin/cmake --install /home/ahmo030/ros2-migration/arena/arena-rosnav/utils/misc/grid_map_generator/build/grid_map_generator
[0.397s] -- Install configuration: ""
[0.397s] -- Installing: /home/ahmo030/ros2-migration/arena/arena-rosnav/utils/misc/grid_map_generator/install/grid_map_generator/lib/grid_map_generator/grid_map_generator_node.py
[0.397s] CMake Error at cmake_install.cmake:50 (file):
[0.397s]   file INSTALL cannot find
[0.397s]   "/home/ahmo030/ros2-migration/arena/arena-rosnav/utils/misc/grid_map_generator/launch":
[0.397s]   No such file or directory.
[0.397s] 
[0.397s] 
[0.397s] Invoked command in '/home/ahmo030/ros2-migration/arena/arena-rosnav/utils/misc/grid_map_generator/build/grid_map_generator' returned '1': CMAKE_PREFIX_PATH=/opt/ros/humble:${CMAKE_PREFIX_PATH} /usr/bin/cmake --install /home/ahmo030/ros2-migration/arena/arena-rosnav/utils/misc/grid_map_generator/build/grid_map_generator
