[  1%] [34m[1mGenerating C++ code for ROS interfaces[0m
[  3%] [34m[1mGenerating C code for ROS interfaces[0m
[  3%] Built target ament_cmake_python_copy_cob_srvs
running egg_info
creating cob_srvs.egg-info
writing cob_srvs.egg-info/PKG-INFO
writing dependency_links to cob_srvs.egg-info/dependency_links.txt
writing top-level names to cob_srvs.egg-info/top_level.txt
writing manifest file 'cob_srvs.egg-info/SOURCES.txt'
reading manifest file 'cob_srvs.egg-info/SOURCES.txt'
writing manifest file 'cob_srvs.egg-info/SOURCES.txt'
[  3%] Built target ament_cmake_python_build_cob_srvs_egg
[  7%] [32mBuilding C object CMakeFiles/cob_srvs__rosidl_generator_c.dir/rosidl_generator_c/cob_srvs/srv/detail/set_string__functions.c.o[0m
[  7%] [32mBuilding C object CMakeFiles/cob_srvs__rosidl_generator_c.dir/rosidl_generator_c/cob_srvs/srv/detail/dock__functions.c.o[0m
[ 10%] [32mBuilding C object CMakeFiles/cob_srvs__rosidl_generator_c.dir/rosidl_generator_c/cob_srvs/srv/detail/set_int__functions.c.o[0m
[ 10%] [32mBuilding C object CMakeFiles/cob_srvs__rosidl_generator_c.dir/rosidl_generator_c/cob_srvs/srv/detail/set_float__functions.c.o[0m
[ 10%] Built target cob_srvs__cpp
[ 12%] [34m[1mGenerating C++ introspection for ROS interfaces[0m
[ 14%] [34m[1mGenerating C++ type support for eProsima Fast-RTPS[0m
[ 16%] [34m[1mGenerating C++ type support dispatch for ROS interfaces[0m
[ 18%] [32m[1mLinking C shared library libcob_srvs__rosidl_generator_c.so[0m
[ 18%] Built target cob_srvs__rosidl_generator_c
[ 20%] [34m[1mGenerating C type support for eProsima Fast-RTPS[0m
[ 21%] [34m[1mGenerating C introspection for ROS interfaces[0m
[ 23%] [34m[1mGenerating C type support dispatch for ROS interfaces[0m
[ 25%] [32mBuilding CXX object CMakeFiles/cob_srvs__rosidl_typesupport_cpp.dir/rosidl_typesupport_cpp/cob_srvs/srv/dock__type_support.cpp.o[0m
[ 27%] [32mBuilding CXX object CMakeFiles/cob_srvs__rosidl_typesupport_cpp.dir/rosidl_typesupport_cpp/cob_srvs/srv/set_int__type_support.cpp.o[0m
[ 29%] [32mBuilding CXX object CMakeFiles/cob_srvs__rosidl_typesupport_cpp.dir/rosidl_typesupport_cpp/cob_srvs/srv/set_float__type_support.cpp.o[0m
[ 30%] [32mBuilding CXX object CMakeFiles/cob_srvs__rosidl_typesupport_introspection_cpp.dir/rosidl_typesupport_introspection_cpp/cob_srvs/srv/detail/dock__type_support.cpp.o[0m
[ 32%] [32mBuilding CXX object CMakeFiles/cob_srvs__rosidl_typesupport_fastrtps_cpp.dir/rosidl_typesupport_fastrtps_cpp/cob_srvs/srv/detail/dds_fastrtps/dock__type_support.cpp.o[0m
[ 34%] [32mBuilding CXX object CMakeFiles/cob_srvs__rosidl_typesupport_cpp.dir/rosidl_typesupport_cpp/cob_srvs/srv/set_string__type_support.cpp.o[0m
[ 36%] [32mBuilding CXX object CMakeFiles/cob_srvs__rosidl_typesupport_introspection_cpp.dir/rosidl_typesupport_introspection_cpp/cob_srvs/srv/detail/set_float__type_support.cpp.o[0m
[ 38%] [32mBuilding CXX object CMakeFiles/cob_srvs__rosidl_typesupport_c.dir/rosidl_typesupport_c/cob_srvs/srv/dock__type_support.cpp.o[0m
[ 40%] [32mBuilding CXX object CMakeFiles/cob_srvs__rosidl_typesupport_introspection_cpp.dir/rosidl_typesupport_introspection_cpp/cob_srvs/srv/detail/set_int__type_support.cpp.o[0m
[ 41%] [32mBuilding CXX object CMakeFiles/cob_srvs__rosidl_typesupport_c.dir/rosidl_typesupport_c/cob_srvs/srv/set_float__type_support.cpp.o[0m
[ 43%] [32mBuilding CXX object CMakeFiles/cob_srvs__rosidl_typesupport_c.dir/rosidl_typesupport_c/cob_srvs/srv/set_int__type_support.cpp.o[0m
[ 45%] [32mBuilding CXX object CMakeFiles/cob_srvs__rosidl_typesupport_c.dir/rosidl_typesupport_c/cob_srvs/srv/set_string__type_support.cpp.o[0m
[ 47%] [32m[1mLinking CXX shared library libcob_srvs__rosidl_typesupport_c.so[0m
[ 49%] [32mBuilding CXX object CMakeFiles/cob_srvs__rosidl_typesupport_fastrtps_c.dir/rosidl_typesupport_fastrtps_c/cob_srvs/srv/detail/dock__type_support_c.cpp.o[0m
[ 50%] [32mBuilding C object CMakeFiles/cob_srvs__rosidl_typesupport_introspection_c.dir/rosidl_typesupport_introspection_c/cob_srvs/srv/detail/dock__type_support.c.o[0m
[ 52%] [32m[1mLinking CXX shared library libcob_srvs__rosidl_typesupport_cpp.so[0m
[ 54%] [32mBuilding C object CMakeFiles/cob_srvs__rosidl_typesupport_introspection_c.dir/rosidl_typesupport_introspection_c/cob_srvs/srv/detail/set_float__type_support.c.o[0m
[ 54%] Built target cob_srvs__rosidl_typesupport_c
[ 56%] [32mBuilding CXX object CMakeFiles/cob_srvs__rosidl_typesupport_introspection_cpp.dir/rosidl_typesupport_introspection_cpp/cob_srvs/srv/detail/set_string__type_support.cpp.o[0m
[ 58%] [32mBuilding CXX object CMakeFiles/cob_srvs__rosidl_typesupport_fastrtps_cpp.dir/rosidl_typesupport_fastrtps_cpp/cob_srvs/srv/detail/dds_fastrtps/set_float__type_support.cpp.o[0m
[ 58%] Built target cob_srvs__rosidl_typesupport_cpp
[ 60%] [32mBuilding CXX object CMakeFiles/cob_srvs__rosidl_typesupport_fastrtps_cpp.dir/rosidl_typesupport_fastrtps_cpp/cob_srvs/srv/detail/dds_fastrtps/set_int__type_support.cpp.o[0m
[ 61%] [32mBuilding CXX object CMakeFiles/cob_srvs__rosidl_typesupport_fastrtps_cpp.dir/rosidl_typesupport_fastrtps_cpp/cob_srvs/srv/detail/dds_fastrtps/set_string__type_support.cpp.o[0m
[ 63%] [32mBuilding C object CMakeFiles/cob_srvs__rosidl_typesupport_introspection_c.dir/rosidl_typesupport_introspection_c/cob_srvs/srv/detail/set_int__type_support.c.o[0m
[ 65%] [32mBuilding C object CMakeFiles/cob_srvs__rosidl_typesupport_introspection_c.dir/rosidl_typesupport_introspection_c/cob_srvs/srv/detail/set_string__type_support.c.o[0m
[ 67%] [32mBuilding CXX object CMakeFiles/cob_srvs__rosidl_typesupport_fastrtps_c.dir/rosidl_typesupport_fastrtps_c/cob_srvs/srv/detail/set_float__type_support_c.cpp.o[0m
[ 69%] [32m[1mLinking C shared library libcob_srvs__rosidl_typesupport_introspection_c.so[0m
[ 70%] [32mBuilding CXX object CMakeFiles/cob_srvs__rosidl_typesupport_fastrtps_c.dir/rosidl_typesupport_fastrtps_c/cob_srvs/srv/detail/set_int__type_support_c.cpp.o[0m
[ 70%] Built target cob_srvs__rosidl_typesupport_introspection_c
[ 72%] [32mBuilding CXX object CMakeFiles/cob_srvs__rosidl_typesupport_fastrtps_c.dir/rosidl_typesupport_fastrtps_c/cob_srvs/srv/detail/set_string__type_support_c.cpp.o[0m
[ 74%] [32m[1mLinking CXX shared library libcob_srvs__rosidl_typesupport_introspection_cpp.so[0m
[ 76%] [32m[1mLinking CXX shared library libcob_srvs__rosidl_typesupport_fastrtps_cpp.so[0m
[ 76%] Built target cob_srvs__rosidl_typesupport_introspection_cpp
[ 76%] Built target cob_srvs__rosidl_typesupport_fastrtps_cpp
[ 78%] [32m[1mLinking CXX shared library libcob_srvs__rosidl_typesupport_fastrtps_c.so[0m
[ 78%] Built target cob_srvs__rosidl_typesupport_fastrtps_c
[ 78%] Built target cob_srvs
[ 80%] [34m[1mGenerating Python code for ROS interfaces[0m
[ 80%] Built target cob_srvs__py
[ 87%] [32mBuilding C object CMakeFiles/cob_srvs__rosidl_generator_py.dir/rosidl_generator_py/cob_srvs/srv/_set_int_s.c.o[0m
[ 87%] [32mBuilding C object CMakeFiles/cob_srvs__rosidl_generator_py.dir/rosidl_generator_py/cob_srvs/srv/_set_string_s.c.o[0m
[ 87%] [32mBuilding C object CMakeFiles/cob_srvs__rosidl_generator_py.dir/rosidl_generator_py/cob_srvs/srv/_set_float_s.c.o[0m
[ 87%] [32mBuilding C object CMakeFiles/cob_srvs__rosidl_generator_py.dir/rosidl_generator_py/cob_srvs/srv/_dock_s.c.o[0m
[ 89%] [32m[1mLinking C shared library rosidl_generator_py/cob_srvs/libcob_srvs__rosidl_generator_py.so[0m
[ 89%] Built target cob_srvs__rosidl_generator_py
[ 94%] [32mBuilding C object CMakeFiles/cob_srvs__rosidl_typesupport_introspection_c__pyext.dir/rosidl_generator_py/cob_srvs/_cob_srvs_s.ep.rosidl_typesupport_introspection_c.c.o[0m
[ 94%] [32mBuilding C object CMakeFiles/cob_srvs__rosidl_typesupport_fastrtps_c__pyext.dir/rosidl_generator_py/cob_srvs/_cob_srvs_s.ep.rosidl_typesupport_fastrtps_c.c.o[0m
[ 94%] [32mBuilding C object CMakeFiles/cob_srvs__rosidl_typesupport_c__pyext.dir/rosidl_generator_py/cob_srvs/_cob_srvs_s.ep.rosidl_typesupport_c.c.o[0m
[ 98%] [32m[1mLinking C shared library rosidl_generator_py/cob_srvs/cob_srvs_s__rosidl_typesupport_c.cpython-310-x86_64-linux-gnu.so[0m
[ 98%] [32m[1mLinking C shared library rosidl_generator_py/cob_srvs/cob_srvs_s__rosidl_typesupport_introspection_c.cpython-310-x86_64-linux-gnu.so[0m
[100%] [32m[1mLinking C shared library rosidl_generator_py/cob_srvs/cob_srvs_s__rosidl_typesupport_fastrtps_c.cpython-310-x86_64-linux-gnu.so[0m
[100%] Built target cob_srvs__rosidl_typesupport_c__pyext
[100%] Built target cob_srvs__rosidl_typesupport_introspection_c__pyext
[100%] Built target cob_srvs__rosidl_typesupport_fastrtps_c__pyext
