[0.033s] Invoking command in '/ros2-migration/build/cob_srvs': CMAKE_PREFIX_PATH=/opt/ros/humble /usr/bin/cmake --build /ros2-migration/build/cob_srvs -- -j8 -l8
[0.287s] [  1%] [34m[1mGenerating C++ code for ROS interfaces[0m
[0.287s] [  3%] [34m[1mGenerating C code for ROS interfaces[0m
[0.287s] [  3%] Built target ament_cmake_python_copy_cob_srvs
[0.559s] running egg_info
[0.560s] creating cob_srvs.egg-info
[0.577s] writing cob_srvs.egg-info/PKG-INFO
[0.577s] writing dependency_links to cob_srvs.egg-info/dependency_links.txt
[0.578s] writing top-level names to cob_srvs.egg-info/top_level.txt
[0.578s] writing manifest file 'cob_srvs.egg-info/SOURCES.txt'
[0.633s] reading manifest file 'cob_srvs.egg-info/SOURCES.txt'
[0.634s] writing manifest file 'cob_srvs.egg-info/SOURCES.txt'
[0.660s] [  3%] Built target ament_cmake_python_build_cob_srvs_egg
[0.862s] [  7%] [32mBuilding C object CMakeFiles/cob_srvs__rosidl_generator_c.dir/rosidl_generator_c/cob_srvs/srv/detail/set_string__functions.c.o[0m
[0.868s] [  7%] [32mBuilding C object CMakeFiles/cob_srvs__rosidl_generator_c.dir/rosidl_generator_c/cob_srvs/srv/detail/dock__functions.c.o[0m
[0.875s] [ 10%] [32mBuilding C object CMakeFiles/cob_srvs__rosidl_generator_c.dir/rosidl_generator_c/cob_srvs/srv/detail/set_int__functions.c.o[0m
[0.876s] [ 10%] [32mBuilding C object CMakeFiles/cob_srvs__rosidl_generator_c.dir/rosidl_generator_c/cob_srvs/srv/detail/set_float__functions.c.o[0m
[0.922s] [ 10%] Built target cob_srvs__cpp
[0.942s] [ 12%] [34m[1mGenerating C++ introspection for ROS interfaces[0m
[0.943s] [ 14%] [34m[1mGenerating C++ type support for eProsima Fast-RTPS[0m
[0.949s] [ 16%] [34m[1mGenerating C++ type support dispatch for ROS interfaces[0m
[1.015s] [ 18%] [32m[1mLinking C shared library libcob_srvs__rosidl_generator_c.so[0m
[1.147s] [ 18%] Built target cob_srvs__rosidl_generator_c
[1.197s] [ 20%] [34m[1mGenerating C type support for eProsima Fast-RTPS[0m
[1.206s] [ 21%] [34m[1mGenerating C introspection for ROS interfaces[0m
[1.244s] [ 23%] [34m[1mGenerating C type support dispatch for ROS interfaces[0m
[1.493s] [ 25%] [32mBuilding CXX object CMakeFiles/cob_srvs__rosidl_typesupport_cpp.dir/rosidl_typesupport_cpp/cob_srvs/srv/dock__type_support.cpp.o[0m
[1.493s] [ 27%] [32mBuilding CXX object CMakeFiles/cob_srvs__rosidl_typesupport_cpp.dir/rosidl_typesupport_cpp/cob_srvs/srv/set_int__type_support.cpp.o[0m
[1.497s] [ 29%] [32mBuilding CXX object CMakeFiles/cob_srvs__rosidl_typesupport_cpp.dir/rosidl_typesupport_cpp/cob_srvs/srv/set_float__type_support.cpp.o[0m
[1.733s] [ 30%] [32mBuilding CXX object CMakeFiles/cob_srvs__rosidl_typesupport_introspection_cpp.dir/rosidl_typesupport_introspection_cpp/cob_srvs/srv/detail/dock__type_support.cpp.o[0m
[1.764s] [ 32%] [32mBuilding CXX object CMakeFiles/cob_srvs__rosidl_typesupport_fastrtps_cpp.dir/rosidl_typesupport_fastrtps_cpp/cob_srvs/srv/detail/dds_fastrtps/dock__type_support.cpp.o[0m
[1.860s] [ 34%] [32mBuilding CXX object CMakeFiles/cob_srvs__rosidl_typesupport_cpp.dir/rosidl_typesupport_cpp/cob_srvs/srv/set_string__type_support.cpp.o[0m
[1.891s] [ 36%] [32mBuilding CXX object CMakeFiles/cob_srvs__rosidl_typesupport_introspection_cpp.dir/rosidl_typesupport_introspection_cpp/cob_srvs/srv/detail/set_float__type_support.cpp.o[0m
[1.923s] [ 38%] [32mBuilding CXX object CMakeFiles/cob_srvs__rosidl_typesupport_c.dir/rosidl_typesupport_c/cob_srvs/srv/dock__type_support.cpp.o[0m
[1.963s] [ 40%] [32mBuilding CXX object CMakeFiles/cob_srvs__rosidl_typesupport_introspection_cpp.dir/rosidl_typesupport_introspection_cpp/cob_srvs/srv/detail/set_int__type_support.cpp.o[0m
[1.969s] [ 41%] [32mBuilding CXX object CMakeFiles/cob_srvs__rosidl_typesupport_c.dir/rosidl_typesupport_c/cob_srvs/srv/set_float__type_support.cpp.o[0m
[2.075s] [ 43%] [32mBuilding CXX object CMakeFiles/cob_srvs__rosidl_typesupport_c.dir/rosidl_typesupport_c/cob_srvs/srv/set_int__type_support.cpp.o[0m
[2.124s] [ 45%] [32mBuilding CXX object CMakeFiles/cob_srvs__rosidl_typesupport_c.dir/rosidl_typesupport_c/cob_srvs/srv/set_string__type_support.cpp.o[0m
[2.152s] [ 47%] [32m[1mLinking CXX shared library libcob_srvs__rosidl_typesupport_c.so[0m
[2.181s] [ 49%] [32mBuilding CXX object CMakeFiles/cob_srvs__rosidl_typesupport_fastrtps_c.dir/rosidl_typesupport_fastrtps_c/cob_srvs/srv/detail/dock__type_support_c.cpp.o[0m
[2.186s] [ 50%] [32mBuilding C object CMakeFiles/cob_srvs__rosidl_typesupport_introspection_c.dir/rosidl_typesupport_introspection_c/cob_srvs/srv/detail/dock__type_support.c.o[0m
[2.207s] [ 52%] [32m[1mLinking CXX shared library libcob_srvs__rosidl_typesupport_cpp.so[0m
[2.263s] [ 54%] [32mBuilding C object CMakeFiles/cob_srvs__rosidl_typesupport_introspection_c.dir/rosidl_typesupport_introspection_c/cob_srvs/srv/detail/set_float__type_support.c.o[0m
[2.270s] [ 54%] Built target cob_srvs__rosidl_typesupport_c
[2.281s] [ 56%] [32mBuilding CXX object CMakeFiles/cob_srvs__rosidl_typesupport_introspection_cpp.dir/rosidl_typesupport_introspection_cpp/cob_srvs/srv/detail/set_string__type_support.cpp.o[0m
[2.309s] [ 58%] [32mBuilding CXX object CMakeFiles/cob_srvs__rosidl_typesupport_fastrtps_cpp.dir/rosidl_typesupport_fastrtps_cpp/cob_srvs/srv/detail/dds_fastrtps/set_float__type_support.cpp.o[0m
[2.310s] [ 58%] Built target cob_srvs__rosidl_typesupport_cpp
[2.314s] [ 60%] [32mBuilding CXX object CMakeFiles/cob_srvs__rosidl_typesupport_fastrtps_cpp.dir/rosidl_typesupport_fastrtps_cpp/cob_srvs/srv/detail/dds_fastrtps/set_int__type_support.cpp.o[0m
[2.317s] [ 61%] [32mBuilding CXX object CMakeFiles/cob_srvs__rosidl_typesupport_fastrtps_cpp.dir/rosidl_typesupport_fastrtps_cpp/cob_srvs/srv/detail/dds_fastrtps/set_string__type_support.cpp.o[0m
[2.405s] [ 63%] [32mBuilding C object CMakeFiles/cob_srvs__rosidl_typesupport_introspection_c.dir/rosidl_typesupport_introspection_c/cob_srvs/srv/detail/set_int__type_support.c.o[0m
[2.419s] [ 65%] [32mBuilding C object CMakeFiles/cob_srvs__rosidl_typesupport_introspection_c.dir/rosidl_typesupport_introspection_c/cob_srvs/srv/detail/set_string__type_support.c.o[0m
[2.483s] [ 67%] [32mBuilding CXX object CMakeFiles/cob_srvs__rosidl_typesupport_fastrtps_c.dir/rosidl_typesupport_fastrtps_c/cob_srvs/srv/detail/set_float__type_support_c.cpp.o[0m
[2.496s] [ 69%] [32m[1mLinking C shared library libcob_srvs__rosidl_typesupport_introspection_c.so[0m
[2.508s] [ 70%] [32mBuilding CXX object CMakeFiles/cob_srvs__rosidl_typesupport_fastrtps_c.dir/rosidl_typesupport_fastrtps_c/cob_srvs/srv/detail/set_int__type_support_c.cpp.o[0m
[2.665s] [ 70%] Built target cob_srvs__rosidl_typesupport_introspection_c
[2.669s] [ 72%] [32mBuilding CXX object CMakeFiles/cob_srvs__rosidl_typesupport_fastrtps_c.dir/rosidl_typesupport_fastrtps_c/cob_srvs/srv/detail/set_string__type_support_c.cpp.o[0m
[2.732s] [ 74%] [32m[1mLinking CXX shared library libcob_srvs__rosidl_typesupport_introspection_cpp.so[0m
[2.847s] [ 76%] [32m[1mLinking CXX shared library libcob_srvs__rosidl_typesupport_fastrtps_cpp.so[0m
[2.854s] [ 76%] Built target cob_srvs__rosidl_typesupport_introspection_cpp
[2.950s] [ 76%] Built target cob_srvs__rosidl_typesupport_fastrtps_cpp
[3.052s] [ 78%] [32m[1mLinking CXX shared library libcob_srvs__rosidl_typesupport_fastrtps_c.so[0m
[3.126s] [ 78%] Built target cob_srvs__rosidl_typesupport_fastrtps_c
[3.140s] [ 78%] Built target cob_srvs
[3.154s] [ 80%] [34m[1mGenerating Python code for ROS interfaces[0m
[4.110s] [ 80%] Built target cob_srvs__py
[4.125s] [ 87%] [32mBuilding C object CMakeFiles/cob_srvs__rosidl_generator_py.dir/rosidl_generator_py/cob_srvs/srv/_set_int_s.c.o[0m
[4.125s] [ 87%] [32mBuilding C object CMakeFiles/cob_srvs__rosidl_generator_py.dir/rosidl_generator_py/cob_srvs/srv/_set_string_s.c.o[0m
[4.125s] [ 87%] [32mBuilding C object CMakeFiles/cob_srvs__rosidl_generator_py.dir/rosidl_generator_py/cob_srvs/srv/_set_float_s.c.o[0m
[4.125s] [ 87%] [32mBuilding C object CMakeFiles/cob_srvs__rosidl_generator_py.dir/rosidl_generator_py/cob_srvs/srv/_dock_s.c.o[0m
[4.641s] [ 89%] [32m[1mLinking C shared library rosidl_generator_py/cob_srvs/libcob_srvs__rosidl_generator_py.so[0m
[4.701s] [ 89%] Built target cob_srvs__rosidl_generator_py
[4.716s] [ 94%] [32mBuilding C object CMakeFiles/cob_srvs__rosidl_typesupport_introspection_c__pyext.dir/rosidl_generator_py/cob_srvs/_cob_srvs_s.ep.rosidl_typesupport_introspection_c.c.o[0m
[4.716s] [ 94%] [32mBuilding C object CMakeFiles/cob_srvs__rosidl_typesupport_fastrtps_c__pyext.dir/rosidl_generator_py/cob_srvs/_cob_srvs_s.ep.rosidl_typesupport_fastrtps_c.c.o[0m
[4.716s] [ 94%] [32mBuilding C object CMakeFiles/cob_srvs__rosidl_typesupport_c__pyext.dir/rosidl_generator_py/cob_srvs/_cob_srvs_s.ep.rosidl_typesupport_c.c.o[0m
[4.831s] [ 98%] [32m[1mLinking C shared library rosidl_generator_py/cob_srvs/cob_srvs_s__rosidl_typesupport_c.cpython-310-x86_64-linux-gnu.so[0m
[4.831s] [ 98%] [32m[1mLinking C shared library rosidl_generator_py/cob_srvs/cob_srvs_s__rosidl_typesupport_introspection_c.cpython-310-x86_64-linux-gnu.so[0m
[4.831s] [100%] [32m[1mLinking C shared library rosidl_generator_py/cob_srvs/cob_srvs_s__rosidl_typesupport_fastrtps_c.cpython-310-x86_64-linux-gnu.so[0m
[4.866s] [100%] Built target cob_srvs__rosidl_typesupport_c__pyext
[4.870s] [100%] Built target cob_srvs__rosidl_typesupport_introspection_c__pyext
[4.874s] [100%] Built target cob_srvs__rosidl_typesupport_fastrtps_c__pyext
