[0.004s] Invoking command in '/home/ahmo030/ros2-migration/arena/arena-rosnav/task_generator/build/task_generator': CMAKE_PREFIX_PATH=/opt/ros/humble:${CMAKE_PREFIX_PATH} /usr/bin/cmake --build /home/ahmo030/ros2-migration/arena/arena-rosnav/task_generator/build/task_generator -- -j16 -l16
[0.029s] Invoked command in '/home/ahmo030/ros2-migration/arena/arena-rosnav/task_generator/build/task_generator' returned '0': CMAKE_PREFIX_PATH=/opt/ros/humble:${CMAKE_PREFIX_PATH} /usr/bin/cmake --build /home/ahmo030/ros2-migration/arena/arena-rosnav/task_generator/build/task_generator -- -j16 -l16
[0.058s] Invoking command in '/home/ahmo030/ros2-migration/arena/arena-rosnav/task_generator/build/task_generator': CMAKE_PREFIX_PATH=/opt/ros/humble:${CMAKE_PREFIX_PATH} /usr/bin/cmake --install /home/ahmo030/ros2-migration/arena/arena-rosnav/task_generator/build/task_generator
[0.071s] -- Install configuration: ""
[0.071s] -- Up-to-date: /home/ahmo030/ros2-migration/arena/arena-rosnav/task_generator/install/task_generator/bin/main.py
[0.071s] -- Up-to-date: /home/ahmo030/ros2-migration/arena/arena-rosnav/task_generator/install/task_generator/bin/scenario_helper.py
[0.071s] -- Up-to-date: /home/ahmo030/ros2-migration/arena/arena-rosnav/task_generator/install/task_generator/bin/server.py
[0.071s] -- Up-to-date: /home/ahmo030/ros2-migration/arena/arena-rosnav/task_generator/install/task_generator/bin/filewatcher.py
[0.071s] -- Up-to-date: /home/ahmo030/ros2-migration/arena/arena-rosnav/task_generator/install/task_generator/bin/delay_restart.py
[0.071s] -- Up-to-date: /home/ahmo030/ros2-migration/arena/arena-rosnav/task_generator/install/task_generator/share/ament_index/resource_index/package_run_dependencies/task_generator
[0.072s] -- Up-to-date: /home/ahmo030/ros2-migration/arena/arena-rosnav/task_generator/install/task_generator/share/ament_index/resource_index/parent_prefix_path/task_generator
[0.072s] -- Up-to-date: /home/ahmo030/ros2-migration/arena/arena-rosnav/task_generator/install/task_generator/share/task_generator/environment/ament_prefix_path.sh
[0.072s] -- Up-to-date: /home/ahmo030/ros2-migration/arena/arena-rosnav/task_generator/install/task_generator/share/task_generator/environment/ament_prefix_path.dsv
[0.072s] -- Up-to-date: /home/ahmo030/ros2-migration/arena/arena-rosnav/task_generator/install/task_generator/share/task_generator/environment/path.sh
[0.072s] -- Up-to-date: /home/ahmo030/ros2-migration/arena/arena-rosnav/task_generator/install/task_generator/share/task_generator/environment/path.dsv
[0.072s] -- Up-to-date: /home/ahmo030/ros2-migration/arena/arena-rosnav/task_generator/install/task_generator/share/task_generator/local_setup.bash
[0.072s] -- Up-to-date: /home/ahmo030/ros2-migration/arena/arena-rosnav/task_generator/install/task_generator/share/task_generator/local_setup.sh
[0.072s] -- Up-to-date: /home/ahmo030/ros2-migration/arena/arena-rosnav/task_generator/install/task_generator/share/task_generator/local_setup.zsh
[0.072s] -- Up-to-date: /home/ahmo030/ros2-migration/arena/arena-rosnav/task_generator/install/task_generator/share/task_generator/local_setup.dsv
[0.072s] -- Installing: /home/ahmo030/ros2-migration/arena/arena-rosnav/task_generator/install/task_generator/share/task_generator/package.dsv
[0.072s] -- Up-to-date: /home/ahmo030/ros2-migration/arena/arena-rosnav/task_generator/install/task_generator/share/ament_index/resource_index/packages/task_generator
[0.072s] -- Up-to-date: /home/ahmo030/ros2-migration/arena/arena-rosnav/task_generator/install/task_generator/share/task_generator/cmake/ament_cmake_export_dependencies-extras.cmake
[0.072s] -- Up-to-date: /home/ahmo030/ros2-migration/arena/arena-rosnav/task_generator/install/task_generator/share/task_generator/cmake/task_generatorConfig.cmake
[0.072s] -- Up-to-date: /home/ahmo030/ros2-migration/arena/arena-rosnav/task_generator/install/task_generator/share/task_generator/cmake/task_generatorConfig-version.cmake
[0.073s] -- Up-to-date: /home/ahmo030/ros2-migration/arena/arena-rosnav/task_generator/install/task_generator/share/task_generator/package.xml
[0.073s] Invoked command in '/home/ahmo030/ros2-migration/arena/arena-rosnav/task_generator/build/task_generator' returned '0': CMAKE_PREFIX_PATH=/opt/ros/humble:${CMAKE_PREFIX_PATH} /usr/bin/cmake --install /home/ahmo030/ros2-migration/arena/arena-rosnav/task_generator/build/task_generator
