[0.005s] Invoking command in '/home/ahmo030/ros2-migration/arena/utils/3rd-party-robot-packages/tiago/tiago_controller_configuration/build/tiago_controller_configuration': CMAKE_PREFIX_PATH=/opt/ros/humble:${CMAKE_PREFIX_PATH} /usr/bin/cmake --build /home/ahmo030/ros2-migration/arena/utils/3rd-party-robot-packages/tiago/tiago_controller_configuration/build/tiago_controller_configuration -- -j16 -l16
[0.021s] Invoked command in '/home/ahmo030/ros2-migration/arena/utils/3rd-party-robot-packages/tiago/tiago_controller_configuration/build/tiago_controller_configuration' returned '0': CMAKE_PREFIX_PATH=/opt/ros/humble:${CMAKE_PREFIX_PATH} /usr/bin/cmake --build /home/ahmo030/ros2-migration/arena/utils/3rd-party-robot-packages/tiago/tiago_controller_configuration/build/tiago_controller_configuration -- -j16 -l16
[0.035s] Invoking command in '/home/ahmo030/ros2-migration/arena/utils/3rd-party-robot-packages/tiago/tiago_controller_configuration/build/tiago_controller_configuration': CMAKE_PREFIX_PATH=/opt/ros/humble:${CMAKE_PREFIX_PATH} /usr/bin/cmake --install /home/ahmo030/ros2-migration/arena/utils/3rd-party-robot-packages/tiago/tiago_controller_configuration/build/tiago_controller_configuration
[0.039s] -- Install configuration: ""
[0.039s] -- Up-to-date: /home/ahmo030/ros2-migration/arena/utils/3rd-party-robot-packages/tiago/tiago_controller_configuration/install/tiago_controller_configuration/share/tiago_controller_configuration/config
[0.039s] -- Up-to-date: /home/ahmo030/ros2-migration/arena/utils/3rd-party-robot-packages/tiago/tiago_controller_configuration/install/tiago_controller_configuration/share/tiago_controller_configuration/config/omni_base_joint_state_broadcaster.yaml
[0.039s] -- Up-to-date: /home/ahmo030/ros2-migration/arena/utils/3rd-party-robot-packages/tiago/tiago_controller_configuration/install/tiago_controller_configuration/share/tiago_controller_configuration/config/arm_controller.yaml
[0.039s] -- Up-to-date: /home/ahmo030/ros2-migration/arena/utils/3rd-party-robot-packages/tiago/tiago_controller_configuration/install/tiago_controller_configuration/share/tiago_controller_configuration/config/gazebo_controller_manager_cfg.yaml
[0.039s] -- Up-to-date: /home/ahmo030/ros2-migration/arena/utils/3rd-party-robot-packages/tiago/tiago_controller_configuration/install/tiago_controller_configuration/share/tiago_controller_configuration/config/ft_sensor_controller.yaml
[0.039s] -- Up-to-date: /home/ahmo030/ros2-migration/arena/utils/3rd-party-robot-packages/tiago/tiago_controller_configuration/install/tiago_controller_configuration/share/tiago_controller_configuration/config/pmb2_joint_state_broadcaster.yaml
[0.039s] -- Up-to-date: /home/ahmo030/ros2-migration/arena/utils/3rd-party-robot-packages/tiago/tiago_controller_configuration/install/tiago_controller_configuration/share/tiago_controller_configuration/config/torso_controller.yaml
[0.039s] -- Up-to-date: /home/ahmo030/ros2-migration/arena/utils/3rd-party-robot-packages/tiago/tiago_controller_configuration/install/tiago_controller_configuration/share/tiago_controller_configuration/config/gravity_compensation_controller.yaml
[0.039s] -- Up-to-date: /home/ahmo030/ros2-migration/arena/utils/3rd-party-robot-packages/tiago/tiago_controller_configuration/install/tiago_controller_configuration/share/tiago_controller_configuration/config/omni_base_controller.yaml
[0.039s] -- Up-to-date: /home/ahmo030/ros2-migration/arena/utils/3rd-party-robot-packages/tiago/tiago_controller_configuration/install/tiago_controller_configuration/share/tiago_controller_configuration/config/head_controller.yaml
[0.039s] -- Up-to-date: /home/ahmo030/ros2-migration/arena/utils/3rd-party-robot-packages/tiago/tiago_controller_configuration/install/tiago_controller_configuration/share/tiago_controller_configuration/config/pmb2_controller.yaml
[0.039s] -- Up-to-date: /home/ahmo030/ros2-migration/arena/utils/3rd-party-robot-packages/tiago/tiago_controller_configuration/install/tiago_controller_configuration/share/tiago_controller_configuration/launch
[0.039s] -- Up-to-date: /home/ahmo030/ros2-migration/arena/utils/3rd-party-robot-packages/tiago/tiago_controller_configuration/install/tiago_controller_configuration/share/tiago_controller_configuration/launch/gravity_compensation_controller.launch.py
[0.039s] -- Up-to-date: /home/ahmo030/ros2-migration/arena/utils/3rd-party-robot-packages/tiago/tiago_controller_configuration/install/tiago_controller_configuration/share/tiago_controller_configuration/launch/default_controllers.launch.py
[0.039s] -- Up-to-date: /home/ahmo030/ros2-migration/arena/utils/3rd-party-robot-packages/tiago/tiago_controller_configuration/install/tiago_controller_configuration/share/ament_index/resource_index/package_run_dependencies/tiago_controller_configuration
[0.039s] -- Up-to-date: /home/ahmo030/ros2-migration/arena/utils/3rd-party-robot-packages/tiago/tiago_controller_configuration/install/tiago_controller_configuration/share/ament_index/resource_index/parent_prefix_path/tiago_controller_configuration
[0.039s] -- Up-to-date: /home/ahmo030/ros2-migration/arena/utils/3rd-party-robot-packages/tiago/tiago_controller_configuration/install/tiago_controller_configuration/share/tiago_controller_configuration/environment/ament_prefix_path.sh
[0.040s] -- Up-to-date: /home/ahmo030/ros2-migration/arena/utils/3rd-party-robot-packages/tiago/tiago_controller_configuration/install/tiago_controller_configuration/share/tiago_controller_configuration/environment/ament_prefix_path.dsv
[0.040s] -- Up-to-date: /home/ahmo030/ros2-migration/arena/utils/3rd-party-robot-packages/tiago/tiago_controller_configuration/install/tiago_controller_configuration/share/tiago_controller_configuration/environment/path.sh
[0.040s] -- Up-to-date: /home/ahmo030/ros2-migration/arena/utils/3rd-party-robot-packages/tiago/tiago_controller_configuration/install/tiago_controller_configuration/share/tiago_controller_configuration/environment/path.dsv
[0.040s] -- Up-to-date: /home/ahmo030/ros2-migration/arena/utils/3rd-party-robot-packages/tiago/tiago_controller_configuration/install/tiago_controller_configuration/share/tiago_controller_configuration/local_setup.bash
[0.040s] -- Up-to-date: /home/ahmo030/ros2-migration/arena/utils/3rd-party-robot-packages/tiago/tiago_controller_configuration/install/tiago_controller_configuration/share/tiago_controller_configuration/local_setup.sh
[0.040s] -- Up-to-date: /home/ahmo030/ros2-migration/arena/utils/3rd-party-robot-packages/tiago/tiago_controller_configuration/install/tiago_controller_configuration/share/tiago_controller_configuration/local_setup.zsh
[0.040s] -- Up-to-date: /home/ahmo030/ros2-migration/arena/utils/3rd-party-robot-packages/tiago/tiago_controller_configuration/install/tiago_controller_configuration/share/tiago_controller_configuration/local_setup.dsv
[0.040s] -- Installing: /home/ahmo030/ros2-migration/arena/utils/3rd-party-robot-packages/tiago/tiago_controller_configuration/install/tiago_controller_configuration/share/tiago_controller_configuration/package.dsv
[0.040s] -- Up-to-date: /home/ahmo030/ros2-migration/arena/utils/3rd-party-robot-packages/tiago/tiago_controller_configuration/install/tiago_controller_configuration/share/ament_index/resource_index/packages/tiago_controller_configuration
[0.040s] -- Up-to-date: /home/ahmo030/ros2-migration/arena/utils/3rd-party-robot-packages/tiago/tiago_controller_configuration/install/tiago_controller_configuration/share/tiago_controller_configuration/cmake/tiago_controller_configurationConfig.cmake
[0.040s] -- Up-to-date: /home/ahmo030/ros2-migration/arena/utils/3rd-party-robot-packages/tiago/tiago_controller_configuration/install/tiago_controller_configuration/share/tiago_controller_configuration/cmake/tiago_controller_configurationConfig-version.cmake
[0.040s] -- Up-to-date: /home/ahmo030/ros2-migration/arena/utils/3rd-party-robot-packages/tiago/tiago_controller_configuration/install/tiago_controller_configuration/share/tiago_controller_configuration/package.xml
[0.040s] Invoked command in '/home/ahmo030/ros2-migration/arena/utils/3rd-party-robot-packages/tiago/tiago_controller_configuration/build/tiago_controller_configuration' returned '0': CMAKE_PREFIX_PATH=/opt/ros/humble:${CMAKE_PREFIX_PATH} /usr/bin/cmake --install /home/ahmo030/ros2-migration/arena/utils/3rd-party-robot-packages/tiago/tiago_controller_configuration/build/tiago_controller_configuration
