[0.006s] Invoking command in '/home/ahmo030/ros2-migration/arena/arena-rosnav/utils/misc/traj_planner/build/traj_planner': CMAKE_PREFIX_PATH=/opt/ros/humble:${CMAKE_PREFIX_PATH} /usr/bin/cmake /home/ahmo030/ros2-migration/arena/arena-rosnav/utils/misc/traj_planner -DCMAKE_INSTALL_PREFIX=/home/ahmo030/ros2-migration/arena/arena-rosnav/utils/misc/traj_planner/install/traj_planner
[0.012s] -- Found ament_cmake: 1.3.8 (/opt/ros/humble/share/ament_cmake/cmake)
[0.091s] -- Found geometry_msgs: 4.2.3 (/opt/ros/humble/share/geometry_msgs/cmake)
[0.108s] -- Found rosidl_generator_c: 3.1.5 (/opt/ros/humble/share/rosidl_generator_c/cmake)
[0.109s] -- Found rosidl_adapter: 3.1.5 (/opt/ros/humble/share/rosidl_adapter/cmake)
[0.112s] -- Found rosidl_generator_cpp: 3.1.5 (/opt/ros/humble/share/rosidl_generator_cpp/cmake)
[0.119s] -- Using all available rosidl_typesupport_c: rosidl_typesupport_fastrtps_c;rosidl_typesupport_introspection_c
[0.127s] -- Using all available rosidl_typesupport_cpp: rosidl_typesupport_fastrtps_cpp;rosidl_typesupport_introspection_cpp
[0.198s] CMake Error at CMakeLists.txt:15 (find_package):
[0.198s]   By not providing "Findpath_search.cmake" in CMAKE_MODULE_PATH this project
[0.198s]   has asked CMake to find a package configuration file provided by
[0.198s]   "path_search", but CMake did not find one.
[0.198s] 
[0.198s]   Could not find a package configuration file provided by "path_search" with
[0.198s]   any of the following names:
[0.198s] 
[0.198s]     path_searchConfig.cmake
[0.198s]     path_search-config.cmake
[0.198s] 
[0.198s]   Add the installation prefix of "path_search" to CMAKE_PREFIX_PATH or set
[0.198s]   "path_search_DIR" to a directory containing one of the above files.  If
[0.198s]   "path_search" provides a separate development package or SDK, be sure it
[0.198s]   has been installed.
[0.198s] 
[0.198s] 
[0.198s] -- Configuring incomplete, errors occurred!
[0.198s] See also "/home/ahmo030/ros2-migration/arena/arena-rosnav/utils/misc/traj_planner/build/traj_planner/CMakeFiles/CMakeOutput.log".
[0.200s] Invoked command in '/home/ahmo030/ros2-migration/arena/arena-rosnav/utils/misc/traj_planner/build/traj_planner' returned '1': CMAKE_PREFIX_PATH=/opt/ros/humble:${CMAKE_PREFIX_PATH} /usr/bin/cmake /home/ahmo030/ros2-migration/arena/arena-rosnav/utils/misc/traj_planner -DCMAKE_INSTALL_PREFIX=/home/ahmo030/ros2-migration/arena/arena-rosnav/utils/misc/traj_planner/install/traj_planner
