-- Found ament_cmake: 1.3.9 (/opt/ros/humble/share/ament_cmake/cmake)
-- Found rosidl_default_generators: 1.2.0 (/opt/ros/humble/share/rosidl_default_generators/cmake)
-- Using all available rosidl_typesupport_c: rosidl_typesupport_fastrtps_c;rosidl_typesupport_introspection_c
-- Found rosidl_adapter: 3.1.5 (/opt/ros/humble/share/rosidl_adapter/cmake)
-- Using all available rosidl_typesupport_cpp: rosidl_typesupport_fastrtps_cpp;rosidl_typesupport_introspection_cpp
-- Found geometry_msgs: 4.2.3 (/opt/ros/humble/share/geometry_msgs/cmake)
-- Found nav_msgs: 4.2.3 (/opt/ros/humble/share/nav_msgs/cmake)
-- Found sensor_msgs: 4.2.3 (/opt/ros/humble/share/sensor_msgs/cmake)
-- Found ament_cmake_ros: 0.10.0 (/opt/ros/humble/share/ament_cmake_ros/cmake)
-- Using all available rosidl_typesupport_c: rosidl_typesupport_fastrtps_c;rosidl_typesupport_introspection_c
-- Using all available rosidl_typesupport_cpp: rosidl_typesupport_fastrtps_cpp;rosidl_typesupport_introspection_cpp
-- Found python_cmake_module: 0.10.0 (/opt/ros/humble/share/python_cmake_module/cmake)
-- Using PYTHON_EXECUTABLE: /usr/bin/python3
-- Using PYTHON_INCLUDE_DIRS: /usr/include/python3.10
-- Using PYTHON_LIBRARIES: /usr/lib/x86_64-linux-gnu/libpython3.10.so
-- Configuring done
-- Generating done
-- Build files have been written to: /ros2-migration/arena/arena-rosnav/utils/ros/msgs/plan_msgs/build/plan_msgs
[35m[1mConsolidate compiler generated dependencies of target plan_msgs__rosidl_generator_c[0m
[  1%] Built target plan_msgs__cpp
[ 12%] Built target plan_msgs__rosidl_generator_c
[ 12%] Built target ament_cmake_python_copy_plan_msgs
[35m[1mConsolidate compiler generated dependencies of target plan_msgs__rosidl_typesupport_cpp[0m
[35m[1mConsolidate compiler generated dependencies of target plan_msgs__rosidl_typesupport_introspection_cpp[0m
[35m[1mConsolidate compiler generated dependencies of target plan_msgs__rosidl_typesupport_fastrtps_cpp[0m
[35m[1mConsolidate compiler generated dependencies of target plan_msgs__rosidl_typesupport_c[0m
[35m[1mConsolidate compiler generated dependencies of target plan_msgs__rosidl_typesupport_introspection_c[0m
[35m[1mConsolidate compiler generated dependencies of target plan_msgs__rosidl_typesupport_fastrtps_c[0m
[ 34%] Built target plan_msgs__rosidl_typesupport_cpp
[ 34%] Built target plan_msgs__rosidl_typesupport_c
[ 45%] Built target plan_msgs__rosidl_typesupport_introspection_cpp
[ 56%] Built target plan_msgs__rosidl_typesupport_fastrtps_cpp
[ 67%] Built target plan_msgs__rosidl_typesupport_introspection_c
[ 78%] Built target plan_msgs__rosidl_typesupport_fastrtps_c
[ 78%] Built target plan_msgs
[ 80%] Built target plan_msgs__py
[35m[1mConsolidate compiler generated dependencies of target plan_msgs__rosidl_generator_py[0m
[ 89%] Built target plan_msgs__rosidl_generator_py
[35m[1mConsolidate compiler generated dependencies of target plan_msgs__rosidl_typesupport_introspection_c__pyext[0m
[35m[1mConsolidate compiler generated dependencies of target plan_msgs__rosidl_typesupport_fastrtps_c__pyext[0m
[35m[1mConsolidate compiler generated dependencies of target plan_msgs__rosidl_typesupport_c__pyext[0m
[100%] Built target plan_msgs__rosidl_typesupport_c__pyext
[100%] Built target plan_msgs__rosidl_typesupport_fastrtps_c__pyext
[100%] Built target plan_msgs__rosidl_typesupport_introspection_c__pyext
running egg_info
writing plan_msgs.egg-info/PKG-INFO
writing dependency_links to plan_msgs.egg-info/dependency_links.txt
writing top-level names to plan_msgs.egg-info/top_level.txt
reading manifest file 'plan_msgs.egg-info/SOURCES.txt'
writing manifest file 'plan_msgs.egg-info/SOURCES.txt'
[100%] Built target ament_cmake_python_build_plan_msgs_egg
-- Install configuration: ""
-- Up-to-date: /ros2-migration/arena/arena-rosnav/utils/ros/msgs/plan_msgs/install/plan_msgs/share/ament_index/resource_index/rosidl_interfaces/plan_msgs
-- Up-to-date: /ros2-migration/arena/arena-rosnav/utils/ros/msgs/plan_msgs/install/plan_msgs/include/plan_msgs/plan_msgs
-- Up-to-date: /ros2-migration/arena/arena-rosnav/utils/ros/msgs/plan_msgs/install/plan_msgs/include/plan_msgs/plan_msgs/msg
-- Up-to-date: /ros2-migration/arena/arena-rosnav/utils/ros/msgs/plan_msgs/install/plan_msgs/include/plan_msgs/plan_msgs/msg/detail
-- Up-to-date: /ros2-migration/arena/arena-rosnav/utils/ros/msgs/plan_msgs/install/plan_msgs/include/plan_msgs/plan_msgs/msg/detail/robot_state__functions.c
-- Up-to-date: /ros2-migration/arena/arena-rosnav/utils/ros/msgs/plan_msgs/install/plan_msgs/include/plan_msgs/plan_msgs/msg/detail/robot_state__struct.h
-- Up-to-date: /ros2-migration/arena/arena-rosnav/utils/ros/msgs/plan_msgs/install/plan_msgs/include/plan_msgs/plan_msgs/msg/detail/robot_state_stamped__type_support.h
-- Up-to-date: /ros2-migration/arena/arena-rosnav/utils/ros/msgs/plan_msgs/install/plan_msgs/include/plan_msgs/plan_msgs/msg/detail/robot_state_stamped__functions.c
-- Up-to-date: /ros2-migration/arena/arena-rosnav/utils/ros/msgs/plan_msgs/install/plan_msgs/include/plan_msgs/plan_msgs/msg/detail/robot_state__type_support.h
-- Up-to-date: /ros2-migration/arena/arena-rosnav/utils/ros/msgs/plan_msgs/install/plan_msgs/include/plan_msgs/plan_msgs/msg/detail/robot_state_stamped__functions.h
-- Up-to-date: /ros2-migration/arena/arena-rosnav/utils/ros/msgs/plan_msgs/install/plan_msgs/include/plan_msgs/plan_msgs/msg/detail/robot_state__functions.h
-- Up-to-date: /ros2-migration/arena/arena-rosnav/utils/ros/msgs/plan_msgs/install/plan_msgs/include/plan_msgs/plan_msgs/msg/detail/robot_state_stamped__struct.h
-- Up-to-date: /ros2-migration/arena/arena-rosnav/utils/ros/msgs/plan_msgs/install/plan_msgs/include/plan_msgs/plan_msgs/msg/robot_state_stamped.h
-- Up-to-date: /ros2-migration/arena/arena-rosnav/utils/ros/msgs/plan_msgs/install/plan_msgs/include/plan_msgs/plan_msgs/msg/rosidl_generator_c__visibility_control.h
-- Up-to-date: /ros2-migration/arena/arena-rosnav/utils/ros/msgs/plan_msgs/install/plan_msgs/include/plan_msgs/plan_msgs/msg/robot_state.h
-- Up-to-date: /ros2-migration/arena/arena-rosnav/utils/ros/msgs/plan_msgs/install/plan_msgs/include/plan_msgs/plan_msgs/srv
-- Up-to-date: /ros2-migration/arena/arena-rosnav/utils/ros/msgs/plan_msgs/install/plan_msgs/include/plan_msgs/plan_msgs/srv/make_global_plan.h
-- Up-to-date: /ros2-migration/arena/arena-rosnav/utils/ros/msgs/plan_msgs/install/plan_msgs/include/plan_msgs/plan_msgs/srv/detail
-- Up-to-date: /ros2-migration/arena/arena-rosnav/utils/ros/msgs/plan_msgs/install/plan_msgs/include/plan_msgs/plan_msgs/srv/detail/subgoal__type_support.h
-- Up-to-date: /ros2-migration/arena/arena-rosnav/utils/ros/msgs/plan_msgs/install/plan_msgs/include/plan_msgs/plan_msgs/srv/detail/make_global_plan__type_support.h
-- Up-to-date: /ros2-migration/arena/arena-rosnav/utils/ros/msgs/plan_msgs/install/plan_msgs/include/plan_msgs/plan_msgs/srv/detail/subgoal__functions.c
-- Up-to-date: /ros2-migration/arena/arena-rosnav/utils/ros/msgs/plan_msgs/install/plan_msgs/include/plan_msgs/plan_msgs/srv/detail/make_global_plan__functions.h
-- Up-to-date: /ros2-migration/arena/arena-rosnav/utils/ros/msgs/plan_msgs/install/plan_msgs/include/plan_msgs/plan_msgs/srv/detail/subgoal__struct.h
-- Up-to-date: /ros2-migration/arena/arena-rosnav/utils/ros/msgs/plan_msgs/install/plan_msgs/include/plan_msgs/plan_msgs/srv/detail/make_global_plan__struct.h
-- Up-to-date: /ros2-migration/arena/arena-rosnav/utils/ros/msgs/plan_msgs/install/plan_msgs/include/plan_msgs/plan_msgs/srv/detail/make_global_plan__functions.c
-- Up-to-date: /ros2-migration/arena/arena-rosnav/utils/ros/msgs/plan_msgs/install/plan_msgs/include/plan_msgs/plan_msgs/srv/detail/subgoal__functions.h
-- Up-to-date: /ros2-migration/arena/arena-rosnav/utils/ros/msgs/plan_msgs/install/plan_msgs/include/plan_msgs/plan_msgs/srv/subgoal.h
-- Up-to-date: /ros2-migration/arena/arena-rosnav/utils/ros/msgs/plan_msgs/install/plan_msgs/share/plan_msgs/environment/library_path.sh
-- Installing: /ros2-migration/arena/arena-rosnav/utils/ros/msgs/plan_msgs/install/plan_msgs/share/plan_msgs/environment/library_path.dsv
-- Up-to-date: /ros2-migration/arena/arena-rosnav/utils/ros/msgs/plan_msgs/install/plan_msgs/lib/libplan_msgs__rosidl_generator_c.so
-- Up-to-date: /ros2-migration/arena/arena-rosnav/utils/ros/msgs/plan_msgs/install/plan_msgs/include/plan_msgs/plan_msgs
-- Up-to-date: /ros2-migration/arena/arena-rosnav/utils/ros/msgs/plan_msgs/install/plan_msgs/include/plan_msgs/plan_msgs/msg
-- Up-to-date: /ros2-migration/arena/arena-rosnav/utils/ros/msgs/plan_msgs/install/plan_msgs/include/plan_msgs/plan_msgs/msg/detail
-- Up-to-date: /ros2-migration/arena/arena-rosnav/utils/ros/msgs/plan_msgs/install/plan_msgs/include/plan_msgs/plan_msgs/msg/detail/robot_state__rosidl_typesupport_fastrtps_c.h
-- Up-to-date: /ros2-migration/arena/arena-rosnav/utils/ros/msgs/plan_msgs/install/plan_msgs/include/plan_msgs/plan_msgs/msg/detail/robot_state_stamped__rosidl_typesupport_fastrtps_c.h
-- Up-to-date: /ros2-migration/arena/arena-rosnav/utils/ros/msgs/plan_msgs/install/plan_msgs/include/plan_msgs/plan_msgs/msg/rosidl_typesupport_fastrtps_c__visibility_control.h
-- Up-to-date: /ros2-migration/arena/arena-rosnav/utils/ros/msgs/plan_msgs/install/plan_msgs/include/plan_msgs/plan_msgs/srv
-- Up-to-date: /ros2-migration/arena/arena-rosnav/utils/ros/msgs/plan_msgs/install/plan_msgs/include/plan_msgs/plan_msgs/srv/detail
-- Up-to-date: /ros2-migration/arena/arena-rosnav/utils/ros/msgs/plan_msgs/install/plan_msgs/include/plan_msgs/plan_msgs/srv/detail/subgoal__rosidl_typesupport_fastrtps_c.h
-- Up-to-date: /ros2-migration/arena/arena-rosnav/utils/ros/msgs/plan_msgs/install/plan_msgs/include/plan_msgs/plan_msgs/srv/detail/make_global_plan__rosidl_typesupport_fastrtps_c.h
-- Up-to-date: /ros2-migration/arena/arena-rosnav/utils/ros/msgs/plan_msgs/install/plan_msgs/lib/libplan_msgs__rosidl_typesupport_fastrtps_c.so
-- Up-to-date: /ros2-migration/arena/arena-rosnav/utils/ros/msgs/plan_msgs/install/plan_msgs/include/plan_msgs/plan_msgs
-- Up-to-date: /ros2-migration/arena/arena-rosnav/utils/ros/msgs/plan_msgs/install/plan_msgs/include/plan_msgs/plan_msgs/msg
-- Up-to-date: /ros2-migration/arena/arena-rosnav/utils/ros/msgs/plan_msgs/install/plan_msgs/include/plan_msgs/plan_msgs/msg/detail
-- Up-to-date: /ros2-migration/arena/arena-rosnav/utils/ros/msgs/plan_msgs/install/plan_msgs/include/plan_msgs/plan_msgs/msg/detail/robot_state__type_support.c
-- Up-to-date: /ros2-migration/arena/arena-rosnav/utils/ros/msgs/plan_msgs/install/plan_msgs/include/plan_msgs/plan_msgs/msg/detail/robot_state_stamped__rosidl_typesupport_introspection_c.h
-- Up-to-date: /ros2-migration/arena/arena-rosnav/utils/ros/msgs/plan_msgs/install/plan_msgs/include/plan_msgs/plan_msgs/msg/detail/robot_state__rosidl_typesupport_introspection_c.h
-- Up-to-date: /ros2-migration/arena/arena-rosnav/utils/ros/msgs/plan_msgs/install/plan_msgs/include/plan_msgs/plan_msgs/msg/detail/robot_state_stamped__type_support.c
-- Up-to-date: /ros2-migration/arena/arena-rosnav/utils/ros/msgs/plan_msgs/install/plan_msgs/include/plan_msgs/plan_msgs/msg/rosidl_typesupport_introspection_c__visibility_control.h
-- Up-to-date: /ros2-migration/arena/arena-rosnav/utils/ros/msgs/plan_msgs/install/plan_msgs/include/plan_msgs/plan_msgs/srv
-- Up-to-date: /ros2-migration/arena/arena-rosnav/utils/ros/msgs/plan_msgs/install/plan_msgs/include/plan_msgs/plan_msgs/srv/detail
-- Up-to-date: /ros2-migration/arena/arena-rosnav/utils/ros/msgs/plan_msgs/install/plan_msgs/include/plan_msgs/plan_msgs/srv/detail/make_global_plan__rosidl_typesupport_introspection_c.h
-- Up-to-date: /ros2-migration/arena/arena-rosnav/utils/ros/msgs/plan_msgs/install/plan_msgs/include/plan_msgs/plan_msgs/srv/detail/make_global_plan__type_support.c
-- Up-to-date: /ros2-migration/arena/arena-rosnav/utils/ros/msgs/plan_msgs/install/plan_msgs/include/plan_msgs/plan_msgs/srv/detail/subgoal__type_support.c
-- Up-to-date: /ros2-migration/arena/arena-rosnav/utils/ros/msgs/plan_msgs/install/plan_msgs/include/plan_msgs/plan_msgs/srv/detail/subgoal__rosidl_typesupport_introspection_c.h
-- Up-to-date: /ros2-migration/arena/arena-rosnav/utils/ros/msgs/plan_msgs/install/plan_msgs/lib/libplan_msgs__rosidl_typesupport_introspection_c.so
-- Up-to-date: /ros2-migration/arena/arena-rosnav/utils/ros/msgs/plan_msgs/install/plan_msgs/lib/libplan_msgs__rosidl_typesupport_c.so
-- Up-to-date: /ros2-migration/arena/arena-rosnav/utils/ros/msgs/plan_msgs/install/plan_msgs/include/plan_msgs/plan_msgs
-- Up-to-date: /ros2-migration/arena/arena-rosnav/utils/ros/msgs/plan_msgs/install/plan_msgs/include/plan_msgs/plan_msgs/msg
-- Up-to-date: /ros2-migration/arena/arena-rosnav/utils/ros/msgs/plan_msgs/install/plan_msgs/include/plan_msgs/plan_msgs/msg/detail
-- Up-to-date: /ros2-migration/arena/arena-rosnav/utils/ros/msgs/plan_msgs/install/plan_msgs/include/plan_msgs/plan_msgs/msg/detail/robot_state__builder.hpp
-- Up-to-date: /ros2-migration/arena/arena-rosnav/utils/ros/msgs/plan_msgs/install/plan_msgs/include/plan_msgs/plan_msgs/msg/detail/robot_state_stamped__struct.hpp
-- Up-to-date: /ros2-migration/arena/arena-rosnav/utils/ros/msgs/plan_msgs/install/plan_msgs/include/plan_msgs/plan_msgs/msg/detail/robot_state_stamped__traits.hpp
-- Up-to-date: /ros2-migration/arena/arena-rosnav/utils/ros/msgs/plan_msgs/install/plan_msgs/include/plan_msgs/plan_msgs/msg/detail/robot_state__traits.hpp
-- Up-to-date: /ros2-migration/arena/arena-rosnav/utils/ros/msgs/plan_msgs/install/plan_msgs/include/plan_msgs/plan_msgs/msg/detail/robot_state_stamped__builder.hpp
-- Up-to-date: /ros2-migration/arena/arena-rosnav/utils/ros/msgs/plan_msgs/install/plan_msgs/include/plan_msgs/plan_msgs/msg/detail/robot_state__struct.hpp
-- Up-to-date: /ros2-migration/arena/arena-rosnav/utils/ros/msgs/plan_msgs/install/plan_msgs/include/plan_msgs/plan_msgs/msg/robot_state_stamped.hpp
-- Up-to-date: /ros2-migration/arena/arena-rosnav/utils/ros/msgs/plan_msgs/install/plan_msgs/include/plan_msgs/plan_msgs/msg/robot_state.hpp
-- Up-to-date: /ros2-migration/arena/arena-rosnav/utils/ros/msgs/plan_msgs/install/plan_msgs/include/plan_msgs/plan_msgs/srv
-- Up-to-date: /ros2-migration/arena/arena-rosnav/utils/ros/msgs/plan_msgs/install/plan_msgs/include/plan_msgs/plan_msgs/srv/subgoal.hpp
-- Up-to-date: /ros2-migration/arena/arena-rosnav/utils/ros/msgs/plan_msgs/install/plan_msgs/include/plan_msgs/plan_msgs/srv/detail
-- Up-to-date: /ros2-migration/arena/arena-rosnav/utils/ros/msgs/plan_msgs/install/plan_msgs/include/plan_msgs/plan_msgs/srv/detail/make_global_plan__builder.hpp
-- Up-to-date: /ros2-migration/arena/arena-rosnav/utils/ros/msgs/plan_msgs/install/plan_msgs/include/plan_msgs/plan_msgs/srv/detail/subgoal__traits.hpp
-- Up-to-date: /ros2-migration/arena/arena-rosnav/utils/ros/msgs/plan_msgs/install/plan_msgs/include/plan_msgs/plan_msgs/srv/detail/subgoal__struct.hpp
-- Up-to-date: /ros2-migration/arena/arena-rosnav/utils/ros/msgs/plan_msgs/install/plan_msgs/include/plan_msgs/plan_msgs/srv/detail/subgoal__builder.hpp
-- Up-to-date: /ros2-migration/arena/arena-rosnav/utils/ros/msgs/plan_msgs/install/plan_msgs/include/plan_msgs/plan_msgs/srv/detail/make_global_plan__traits.hpp
-- Up-to-date: /ros2-migration/arena/arena-rosnav/utils/ros/msgs/plan_msgs/install/plan_msgs/include/plan_msgs/plan_msgs/srv/detail/make_global_plan__struct.hpp
-- Up-to-date: /ros2-migration/arena/arena-rosnav/utils/ros/msgs/plan_msgs/install/plan_msgs/include/plan_msgs/plan_msgs/srv/make_global_plan.hpp
-- Up-to-date: /ros2-migration/arena/arena-rosnav/utils/ros/msgs/plan_msgs/install/plan_msgs/include/plan_msgs/plan_msgs
-- Up-to-date: /ros2-migration/arena/arena-rosnav/utils/ros/msgs/plan_msgs/install/plan_msgs/include/plan_msgs/plan_msgs/msg
-- Up-to-date: /ros2-migration/arena/arena-rosnav/utils/ros/msgs/plan_msgs/install/plan_msgs/include/plan_msgs/plan_msgs/msg/detail
-- Up-to-date: /ros2-migration/arena/arena-rosnav/utils/ros/msgs/plan_msgs/install/plan_msgs/include/plan_msgs/plan_msgs/msg/detail/robot_state__rosidl_typesupport_fastrtps_cpp.hpp
-- Up-to-date: /ros2-migration/arena/arena-rosnav/utils/ros/msgs/plan_msgs/install/plan_msgs/include/plan_msgs/plan_msgs/msg/detail/robot_state_stamped__rosidl_typesupport_fastrtps_cpp.hpp
-- Up-to-date: /ros2-migration/arena/arena-rosnav/utils/ros/msgs/plan_msgs/install/plan_msgs/include/plan_msgs/plan_msgs/msg/detail/dds_fastrtps
-- Up-to-date: /ros2-migration/arena/arena-rosnav/utils/ros/msgs/plan_msgs/install/plan_msgs/include/plan_msgs/plan_msgs/msg/rosidl_typesupport_fastrtps_cpp__visibility_control.h
-- Up-to-date: /ros2-migration/arena/arena-rosnav/utils/ros/msgs/plan_msgs/install/plan_msgs/include/plan_msgs/plan_msgs/srv
-- Up-to-date: /ros2-migration/arena/arena-rosnav/utils/ros/msgs/plan_msgs/install/plan_msgs/include/plan_msgs/plan_msgs/srv/detail
-- Up-to-date: /ros2-migration/arena/arena-rosnav/utils/ros/msgs/plan_msgs/install/plan_msgs/include/plan_msgs/plan_msgs/srv/detail/subgoal__rosidl_typesupport_fastrtps_cpp.hpp
-- Up-to-date: /ros2-migration/arena/arena-rosnav/utils/ros/msgs/plan_msgs/install/plan_msgs/include/plan_msgs/plan_msgs/srv/detail/dds_fastrtps
-- Up-to-date: /ros2-migration/arena/arena-rosnav/utils/ros/msgs/plan_msgs/install/plan_msgs/include/plan_msgs/plan_msgs/srv/detail/make_global_plan__rosidl_typesupport_fastrtps_cpp.hpp
-- Up-to-date: /ros2-migration/arena/arena-rosnav/utils/ros/msgs/plan_msgs/install/plan_msgs/lib/libplan_msgs__rosidl_typesupport_fastrtps_cpp.so
-- Up-to-date: /ros2-migration/arena/arena-rosnav/utils/ros/msgs/plan_msgs/install/plan_msgs/include/plan_msgs/plan_msgs
-- Up-to-date: /ros2-migration/arena/arena-rosnav/utils/ros/msgs/plan_msgs/install/plan_msgs/include/plan_msgs/plan_msgs/msg
-- Up-to-date: /ros2-migration/arena/arena-rosnav/utils/ros/msgs/plan_msgs/install/plan_msgs/include/plan_msgs/plan_msgs/msg/detail
-- Up-to-date: /ros2-migration/arena/arena-rosnav/utils/ros/msgs/plan_msgs/install/plan_msgs/include/plan_msgs/plan_msgs/msg/detail/robot_state__type_support.cpp
-- Up-to-date: /ros2-migration/arena/arena-rosnav/utils/ros/msgs/plan_msgs/install/plan_msgs/include/plan_msgs/plan_msgs/msg/detail/robot_state_stamped__type_support.cpp
-- Up-to-date: /ros2-migration/arena/arena-rosnav/utils/ros/msgs/plan_msgs/install/plan_msgs/include/plan_msgs/plan_msgs/msg/detail/robot_state__rosidl_typesupport_introspection_cpp.hpp
-- Up-to-date: /ros2-migration/arena/arena-rosnav/utils/ros/msgs/plan_msgs/install/plan_msgs/include/plan_msgs/plan_msgs/msg/detail/robot_state_stamped__rosidl_typesupport_introspection_cpp.hpp
-- Up-to-date: /ros2-migration/arena/arena-rosnav/utils/ros/msgs/plan_msgs/install/plan_msgs/include/plan_msgs/plan_msgs/srv
-- Up-to-date: /ros2-migration/arena/arena-rosnav/utils/ros/msgs/plan_msgs/install/plan_msgs/include/plan_msgs/plan_msgs/srv/detail
-- Up-to-date: /ros2-migration/arena/arena-rosnav/utils/ros/msgs/plan_msgs/install/plan_msgs/include/plan_msgs/plan_msgs/srv/detail/subgoal__rosidl_typesupport_introspection_cpp.hpp
-- Up-to-date: /ros2-migration/arena/arena-rosnav/utils/ros/msgs/plan_msgs/install/plan_msgs/include/plan_msgs/plan_msgs/srv/detail/make_global_plan__type_support.cpp
-- Up-to-date: /ros2-migration/arena/arena-rosnav/utils/ros/msgs/plan_msgs/install/plan_msgs/include/plan_msgs/plan_msgs/srv/detail/subgoal__type_support.cpp
-- Up-to-date: /ros2-migration/arena/arena-rosnav/utils/ros/msgs/plan_msgs/install/plan_msgs/include/plan_msgs/plan_msgs/srv/detail/make_global_plan__rosidl_typesupport_introspection_cpp.hpp
-- Up-to-date: /ros2-migration/arena/arena-rosnav/utils/ros/msgs/plan_msgs/install/plan_msgs/lib/libplan_msgs__rosidl_typesupport_introspection_cpp.so
-- Up-to-date: /ros2-migration/arena/arena-rosnav/utils/ros/msgs/plan_msgs/install/plan_msgs/lib/libplan_msgs__rosidl_typesupport_cpp.so
-- Up-to-date: /ros2-migration/arena/arena-rosnav/utils/ros/msgs/plan_msgs/install/plan_msgs/share/plan_msgs/environment/pythonpath.sh
-- Installing: /ros2-migration/arena/arena-rosnav/utils/ros/msgs/plan_msgs/install/plan_msgs/share/plan_msgs/environment/pythonpath.dsv
-- Up-to-date: /ros2-migration/arena/arena-rosnav/utils/ros/msgs/plan_msgs/install/plan_msgs/local/lib/python3.10/dist-packages/plan_msgs-0.0.0-py3.10.egg-info
-- Installing: /ros2-migration/arena/arena-rosnav/utils/ros/msgs/plan_msgs/install/plan_msgs/local/lib/python3.10/dist-packages/plan_msgs-0.0.0-py3.10.egg-info/SOURCES.txt
-- Installing: /ros2-migration/arena/arena-rosnav/utils/ros/msgs/plan_msgs/install/plan_msgs/local/lib/python3.10/dist-packages/plan_msgs-0.0.0-py3.10.egg-info/dependency_links.txt
-- Installing: /ros2-migration/arena/arena-rosnav/utils/ros/msgs/plan_msgs/install/plan_msgs/local/lib/python3.10/dist-packages/plan_msgs-0.0.0-py3.10.egg-info/top_level.txt
-- Installing: /ros2-migration/arena/arena-rosnav/utils/ros/msgs/plan_msgs/install/plan_msgs/local/lib/python3.10/dist-packages/plan_msgs-0.0.0-py3.10.egg-info/PKG-INFO
-- Up-to-date: /ros2-migration/arena/arena-rosnav/utils/ros/msgs/plan_msgs/install/plan_msgs/local/lib/python3.10/dist-packages/plan_msgs
-- Up-to-date: /ros2-migration/arena/arena-rosnav/utils/ros/msgs/plan_msgs/install/plan_msgs/local/lib/python3.10/dist-packages/plan_msgs/libplan_msgs__rosidl_generator_py.so
-- Up-to-date: /ros2-migration/arena/arena-rosnav/utils/ros/msgs/plan_msgs/install/plan_msgs/local/lib/python3.10/dist-packages/plan_msgs/plan_msgs_s__rosidl_typesupport_fastrtps_c.cpython-310-x86_64-linux-gnu.so
-- Up-to-date: /ros2-migration/arena/arena-rosnav/utils/ros/msgs/plan_msgs/install/plan_msgs/local/lib/python3.10/dist-packages/plan_msgs/_plan_msgs_s.ep.rosidl_typesupport_fastrtps_c.c
-- Up-to-date: /ros2-migration/arena/arena-rosnav/utils/ros/msgs/plan_msgs/install/plan_msgs/local/lib/python3.10/dist-packages/plan_msgs/msg
-- Up-to-date: /ros2-migration/arena/arena-rosnav/utils/ros/msgs/plan_msgs/install/plan_msgs/local/lib/python3.10/dist-packages/plan_msgs/msg/__init__.py
-- Up-to-date: /ros2-migration/arena/arena-rosnav/utils/ros/msgs/plan_msgs/install/plan_msgs/local/lib/python3.10/dist-packages/plan_msgs/msg/_robot_state_stamped_s.c
-- Up-to-date: /ros2-migration/arena/arena-rosnav/utils/ros/msgs/plan_msgs/install/plan_msgs/local/lib/python3.10/dist-packages/plan_msgs/msg/_robot_state_s.c
-- Up-to-date: /ros2-migration/arena/arena-rosnav/utils/ros/msgs/plan_msgs/install/plan_msgs/local/lib/python3.10/dist-packages/plan_msgs/msg/_robot_state_stamped.py
-- Up-to-date: /ros2-migration/arena/arena-rosnav/utils/ros/msgs/plan_msgs/install/plan_msgs/local/lib/python3.10/dist-packages/plan_msgs/msg/_robot_state.py
-- Up-to-date: /ros2-migration/arena/arena-rosnav/utils/ros/msgs/plan_msgs/install/plan_msgs/local/lib/python3.10/dist-packages/plan_msgs/_plan_msgs_s.ep.rosidl_typesupport_introspection_c.c
-- Up-to-date: /ros2-migration/arena/arena-rosnav/utils/ros/msgs/plan_msgs/install/plan_msgs/local/lib/python3.10/dist-packages/plan_msgs/srv
-- Up-to-date: /ros2-migration/arena/arena-rosnav/utils/ros/msgs/plan_msgs/install/plan_msgs/local/lib/python3.10/dist-packages/plan_msgs/srv/__init__.py
-- Up-to-date: /ros2-migration/arena/arena-rosnav/utils/ros/msgs/plan_msgs/install/plan_msgs/local/lib/python3.10/dist-packages/plan_msgs/srv/_make_global_plan.py
-- Up-to-date: /ros2-migration/arena/arena-rosnav/utils/ros/msgs/plan_msgs/install/plan_msgs/local/lib/python3.10/dist-packages/plan_msgs/srv/_subgoal_s.c
-- Up-to-date: /ros2-migration/arena/arena-rosnav/utils/ros/msgs/plan_msgs/install/plan_msgs/local/lib/python3.10/dist-packages/plan_msgs/srv/_subgoal.py
-- Up-to-date: /ros2-migration/arena/arena-rosnav/utils/ros/msgs/plan_msgs/install/plan_msgs/local/lib/python3.10/dist-packages/plan_msgs/srv/_make_global_plan_s.c
-- Installing: /ros2-migration/arena/arena-rosnav/utils/ros/msgs/plan_msgs/install/plan_msgs/local/lib/python3.10/dist-packages/plan_msgs/__init__.py
-- Up-to-date: /ros2-migration/arena/arena-rosnav/utils/ros/msgs/plan_msgs/install/plan_msgs/local/lib/python3.10/dist-packages/plan_msgs/plan_msgs_s__rosidl_typesupport_c.cpython-310-x86_64-linux-gnu.so
-- Up-to-date: /ros2-migration/arena/arena-rosnav/utils/ros/msgs/plan_msgs/install/plan_msgs/local/lib/python3.10/dist-packages/plan_msgs/_plan_msgs_s.ep.rosidl_typesupport_c.c
-- Up-to-date: /ros2-migration/arena/arena-rosnav/utils/ros/msgs/plan_msgs/install/plan_msgs/local/lib/python3.10/dist-packages/plan_msgs/plan_msgs_s__rosidl_typesupport_introspection_c.cpython-310-x86_64-linux-gnu.so
Listing '/ros2-migration/arena/arena-rosnav/utils/ros/msgs/plan_msgs/install/plan_msgs/local/lib/python3.10/dist-packages/plan_msgs'...
Compiling '/ros2-migration/arena/arena-rosnav/utils/ros/msgs/plan_msgs/install/plan_msgs/local/lib/python3.10/dist-packages/plan_msgs/__init__.py'...
Listing '/ros2-migration/arena/arena-rosnav/utils/ros/msgs/plan_msgs/install/plan_msgs/local/lib/python3.10/dist-packages/plan_msgs/msg'...
Listing '/ros2-migration/arena/arena-rosnav/utils/ros/msgs/plan_msgs/install/plan_msgs/local/lib/python3.10/dist-packages/plan_msgs/srv'...
-- Up-to-date: /ros2-migration/arena/arena-rosnav/utils/ros/msgs/plan_msgs/install/plan_msgs/local/lib/python3.10/dist-packages/plan_msgs/plan_msgs_s__rosidl_typesupport_fastrtps_c.cpython-310-x86_64-linux-gnu.so
-- Up-to-date: /ros2-migration/arena/arena-rosnav/utils/ros/msgs/plan_msgs/install/plan_msgs/local/lib/python3.10/dist-packages/plan_msgs/plan_msgs_s__rosidl_typesupport_introspection_c.cpython-310-x86_64-linux-gnu.so
-- Up-to-date: /ros2-migration/arena/arena-rosnav/utils/ros/msgs/plan_msgs/install/plan_msgs/local/lib/python3.10/dist-packages/plan_msgs/plan_msgs_s__rosidl_typesupport_c.cpython-310-x86_64-linux-gnu.so
-- Up-to-date: /ros2-migration/arena/arena-rosnav/utils/ros/msgs/plan_msgs/install/plan_msgs/lib/libplan_msgs__rosidl_generator_py.so
-- Up-to-date: /ros2-migration/arena/arena-rosnav/utils/ros/msgs/plan_msgs/install/plan_msgs/share/plan_msgs/msg/RobotState.idl
-- Up-to-date: /ros2-migration/arena/arena-rosnav/utils/ros/msgs/plan_msgs/install/plan_msgs/share/plan_msgs/msg/RobotStateStamped.idl
-- Up-to-date: /ros2-migration/arena/arena-rosnav/utils/ros/msgs/plan_msgs/install/plan_msgs/share/plan_msgs/srv/Subgoal.idl
-- Up-to-date: /ros2-migration/arena/arena-rosnav/utils/ros/msgs/plan_msgs/install/plan_msgs/share/plan_msgs/srv/MakeGlobalPlan.idl
-- Up-to-date: /ros2-migration/arena/arena-rosnav/utils/ros/msgs/plan_msgs/install/plan_msgs/share/plan_msgs/msg/RobotState.msg
-- Up-to-date: /ros2-migration/arena/arena-rosnav/utils/ros/msgs/plan_msgs/install/plan_msgs/share/plan_msgs/msg/RobotStateStamped.msg
-- Up-to-date: /ros2-migration/arena/arena-rosnav/utils/ros/msgs/plan_msgs/install/plan_msgs/share/plan_msgs/srv/Subgoal.srv
-- Up-to-date: /ros2-migration/arena/arena-rosnav/utils/ros/msgs/plan_msgs/install/plan_msgs/share/plan_msgs/srv/Subgoal_Request.msg
-- Up-to-date: /ros2-migration/arena/arena-rosnav/utils/ros/msgs/plan_msgs/install/plan_msgs/share/plan_msgs/srv/Subgoal_Response.msg
-- Up-to-date: /ros2-migration/arena/arena-rosnav/utils/ros/msgs/plan_msgs/install/plan_msgs/share/plan_msgs/srv/MakeGlobalPlan.srv
-- Up-to-date: /ros2-migration/arena/arena-rosnav/utils/ros/msgs/plan_msgs/install/plan_msgs/share/plan_msgs/srv/MakeGlobalPlan_Request.msg
-- Up-to-date: /ros2-migration/arena/arena-rosnav/utils/ros/msgs/plan_msgs/install/plan_msgs/share/plan_msgs/srv/MakeGlobalPlan_Response.msg
-- Up-to-date: /ros2-migration/arena/arena-rosnav/utils/ros/msgs/plan_msgs/install/plan_msgs/share/ament_index/resource_index/package_run_dependencies/plan_msgs
-- Up-to-date: /ros2-migration/arena/arena-rosnav/utils/ros/msgs/plan_msgs/install/plan_msgs/share/ament_index/resource_index/parent_prefix_path/plan_msgs
-- Up-to-date: /ros2-migration/arena/arena-rosnav/utils/ros/msgs/plan_msgs/install/plan_msgs/share/plan_msgs/environment/ament_prefix_path.sh
-- Installing: /ros2-migration/arena/arena-rosnav/utils/ros/msgs/plan_msgs/install/plan_msgs/share/plan_msgs/environment/ament_prefix_path.dsv
-- Up-to-date: /ros2-migration/arena/arena-rosnav/utils/ros/msgs/plan_msgs/install/plan_msgs/share/plan_msgs/environment/path.sh
-- Installing: /ros2-migration/arena/arena-rosnav/utils/ros/msgs/plan_msgs/install/plan_msgs/share/plan_msgs/environment/path.dsv
-- Up-to-date: /ros2-migration/arena/arena-rosnav/utils/ros/msgs/plan_msgs/install/plan_msgs/share/plan_msgs/local_setup.bash
-- Up-to-date: /ros2-migration/arena/arena-rosnav/utils/ros/msgs/plan_msgs/install/plan_msgs/share/plan_msgs/local_setup.sh
-- Up-to-date: /ros2-migration/arena/arena-rosnav/utils/ros/msgs/plan_msgs/install/plan_msgs/share/plan_msgs/local_setup.zsh
-- Installing: /ros2-migration/arena/arena-rosnav/utils/ros/msgs/plan_msgs/install/plan_msgs/share/plan_msgs/local_setup.dsv
-- Installing: /ros2-migration/arena/arena-rosnav/utils/ros/msgs/plan_msgs/install/plan_msgs/share/plan_msgs/package.dsv
-- Up-to-date: /ros2-migration/arena/arena-rosnav/utils/ros/msgs/plan_msgs/install/plan_msgs/share/ament_index/resource_index/packages/plan_msgs
-- Up-to-date: /ros2-migration/arena/arena-rosnav/utils/ros/msgs/plan_msgs/install/plan_msgs/share/plan_msgs/cmake/export_plan_msgs__rosidl_generator_cExport.cmake
-- Up-to-date: /ros2-migration/arena/arena-rosnav/utils/ros/msgs/plan_msgs/install/plan_msgs/share/plan_msgs/cmake/export_plan_msgs__rosidl_generator_cExport-noconfig.cmake
-- Up-to-date: /ros2-migration/arena/arena-rosnav/utils/ros/msgs/plan_msgs/install/plan_msgs/share/plan_msgs/cmake/export_plan_msgs__rosidl_typesupport_fastrtps_cExport.cmake
-- Up-to-date: /ros2-migration/arena/arena-rosnav/utils/ros/msgs/plan_msgs/install/plan_msgs/share/plan_msgs/cmake/export_plan_msgs__rosidl_typesupport_fastrtps_cExport-noconfig.cmake
-- Up-to-date: /ros2-migration/arena/arena-rosnav/utils/ros/msgs/plan_msgs/install/plan_msgs/share/plan_msgs/cmake/plan_msgs__rosidl_typesupport_introspection_cExport.cmake
-- Up-to-date: /ros2-migration/arena/arena-rosnav/utils/ros/msgs/plan_msgs/install/plan_msgs/share/plan_msgs/cmake/plan_msgs__rosidl_typesupport_introspection_cExport-noconfig.cmake
-- Up-to-date: /ros2-migration/arena/arena-rosnav/utils/ros/msgs/plan_msgs/install/plan_msgs/share/plan_msgs/cmake/plan_msgs__rosidl_typesupport_cExport.cmake
-- Up-to-date: /ros2-migration/arena/arena-rosnav/utils/ros/msgs/plan_msgs/install/plan_msgs/share/plan_msgs/cmake/plan_msgs__rosidl_typesupport_cExport-noconfig.cmake
-- Up-to-date: /ros2-migration/arena/arena-rosnav/utils/ros/msgs/plan_msgs/install/plan_msgs/share/plan_msgs/cmake/export_plan_msgs__rosidl_generator_cppExport.cmake
-- Up-to-date: /ros2-migration/arena/arena-rosnav/utils/ros/msgs/plan_msgs/install/plan_msgs/share/plan_msgs/cmake/export_plan_msgs__rosidl_typesupport_fastrtps_cppExport.cmake
-- Up-to-date: /ros2-migration/arena/arena-rosnav/utils/ros/msgs/plan_msgs/install/plan_msgs/share/plan_msgs/cmake/export_plan_msgs__rosidl_typesupport_fastrtps_cppExport-noconfig.cmake
-- Up-to-date: /ros2-migration/arena/arena-rosnav/utils/ros/msgs/plan_msgs/install/plan_msgs/share/plan_msgs/cmake/plan_msgs__rosidl_typesupport_introspection_cppExport.cmake
-- Up-to-date: /ros2-migration/arena/arena-rosnav/utils/ros/msgs/plan_msgs/install/plan_msgs/share/plan_msgs/cmake/plan_msgs__rosidl_typesupport_introspection_cppExport-noconfig.cmake
-- Up-to-date: /ros2-migration/arena/arena-rosnav/utils/ros/msgs/plan_msgs/install/plan_msgs/share/plan_msgs/cmake/plan_msgs__rosidl_typesupport_cppExport.cmake
-- Up-to-date: /ros2-migration/arena/arena-rosnav/utils/ros/msgs/plan_msgs/install/plan_msgs/share/plan_msgs/cmake/plan_msgs__rosidl_typesupport_cppExport-noconfig.cmake
-- Up-to-date: /ros2-migration/arena/arena-rosnav/utils/ros/msgs/plan_msgs/install/plan_msgs/share/plan_msgs/cmake/export_plan_msgs__rosidl_generator_pyExport.cmake
-- Up-to-date: /ros2-migration/arena/arena-rosnav/utils/ros/msgs/plan_msgs/install/plan_msgs/share/plan_msgs/cmake/export_plan_msgs__rosidl_generator_pyExport-noconfig.cmake
-- Up-to-date: /ros2-migration/arena/arena-rosnav/utils/ros/msgs/plan_msgs/install/plan_msgs/share/plan_msgs/cmake/rosidl_cmake-extras.cmake
-- Up-to-date: /ros2-migration/arena/arena-rosnav/utils/ros/msgs/plan_msgs/install/plan_msgs/share/plan_msgs/cmake/ament_cmake_export_dependencies-extras.cmake
-- Up-to-date: /ros2-migration/arena/arena-rosnav/utils/ros/msgs/plan_msgs/install/plan_msgs/share/plan_msgs/cmake/ament_cmake_export_include_directories-extras.cmake
-- Up-to-date: /ros2-migration/arena/arena-rosnav/utils/ros/msgs/plan_msgs/install/plan_msgs/share/plan_msgs/cmake/ament_cmake_export_libraries-extras.cmake
-- Up-to-date: /ros2-migration/arena/arena-rosnav/utils/ros/msgs/plan_msgs/install/plan_msgs/share/plan_msgs/cmake/ament_cmake_export_targets-extras.cmake
-- Up-to-date: /ros2-migration/arena/arena-rosnav/utils/ros/msgs/plan_msgs/install/plan_msgs/share/plan_msgs/cmake/rosidl_cmake_export_typesupport_targets-extras.cmake
-- Up-to-date: /ros2-migration/arena/arena-rosnav/utils/ros/msgs/plan_msgs/install/plan_msgs/share/plan_msgs/cmake/rosidl_cmake_export_typesupport_libraries-extras.cmake
-- Up-to-date: /ros2-migration/arena/arena-rosnav/utils/ros/msgs/plan_msgs/install/plan_msgs/share/plan_msgs/cmake/plan_msgsConfig.cmake
-- Up-to-date: /ros2-migration/arena/arena-rosnav/utils/ros/msgs/plan_msgs/install/plan_msgs/share/plan_msgs/cmake/plan_msgsConfig-version.cmake
-- Installing: /ros2-migration/arena/arena-rosnav/utils/ros/msgs/plan_msgs/install/plan_msgs/share/plan_msgs/package.xml
