[0.008s] Invoking command in '/ros2-migration/arena/arena-rosnav/utils/ros/msgs/plan_msgs/build/plan_msgs': /usr/bin/cmake --build /ros2-migration/arena/arena-rosnav/utils/ros/msgs/plan_msgs/build/plan_msgs -- -j8 -l8
[0.024s] -- Found ament_cmake: 1.3.9 (/opt/ros/humble/share/ament_cmake/cmake)
[0.123s] -- Found rosidl_default_generators: 1.2.0 (/opt/ros/humble/share/rosidl_default_generators/cmake)
[0.124s] -- Using all available rosidl_typesupport_c: rosidl_typesupport_fastrtps_c;rosidl_typesupport_introspection_c
[0.127s] -- Found rosidl_adapter: 3.1.5 (/opt/ros/humble/share/rosidl_adapter/cmake)
[0.155s] -- Using all available rosidl_typesupport_cpp: rosidl_typesupport_fastrtps_cpp;rosidl_typesupport_introspection_cpp
[0.182s] -- Found geometry_msgs: 4.2.3 (/opt/ros/humble/share/geometry_msgs/cmake)
[0.307s] -- Found nav_msgs: 4.2.3 (/opt/ros/humble/share/nav_msgs/cmake)
[0.392s] -- Found sensor_msgs: 4.2.3 (/opt/ros/humble/share/sensor_msgs/cmake)
[0.800s] -- Found ament_cmake_ros: 0.10.0 (/opt/ros/humble/share/ament_cmake_ros/cmake)
[1.081s] -- Using all available rosidl_typesupport_c: rosidl_typesupport_fastrtps_c;rosidl_typesupport_introspection_c
[1.450s] -- Using all available rosidl_typesupport_cpp: rosidl_typesupport_fastrtps_cpp;rosidl_typesupport_introspection_cpp
[1.471s] -- Found python_cmake_module: 0.10.0 (/opt/ros/humble/share/python_cmake_module/cmake)
[1.492s] -- Using PYTHON_EXECUTABLE: /usr/bin/python3
[1.492s] -- Using PYTHON_INCLUDE_DIRS: /usr/include/python3.10
[1.492s] -- Using PYTHON_LIBRARIES: /usr/lib/x86_64-linux-gnu/libpython3.10.so
[1.551s] -- Configuring done
[1.595s] -- Generating done
[1.599s] -- Build files have been written to: /ros2-migration/arena/arena-rosnav/utils/ros/msgs/plan_msgs/build/plan_msgs
[1.619s] [35m[1mConsolidate compiler generated dependencies of target plan_msgs__rosidl_generator_c[0m
[1.626s] [  1%] Built target plan_msgs__cpp
[1.629s] [ 12%] Built target plan_msgs__rosidl_generator_c
[1.633s] [ 12%] Built target ament_cmake_python_copy_plan_msgs
[1.634s] [35m[1mConsolidate compiler generated dependencies of target plan_msgs__rosidl_typesupport_cpp[0m
[1.634s] [35m[1mConsolidate compiler generated dependencies of target plan_msgs__rosidl_typesupport_introspection_cpp[0m
[1.634s] [35m[1mConsolidate compiler generated dependencies of target plan_msgs__rosidl_typesupport_fastrtps_cpp[0m
[1.638s] [35m[1mConsolidate compiler generated dependencies of target plan_msgs__rosidl_typesupport_c[0m
[1.638s] [35m[1mConsolidate compiler generated dependencies of target plan_msgs__rosidl_typesupport_introspection_c[0m
[1.638s] [35m[1mConsolidate compiler generated dependencies of target plan_msgs__rosidl_typesupport_fastrtps_c[0m
[1.647s] [ 34%] Built target plan_msgs__rosidl_typesupport_cpp
[1.647s] [ 34%] Built target plan_msgs__rosidl_typesupport_c
[1.647s] [ 45%] Built target plan_msgs__rosidl_typesupport_introspection_cpp
[1.648s] [ 56%] Built target plan_msgs__rosidl_typesupport_fastrtps_cpp
[1.649s] [ 67%] Built target plan_msgs__rosidl_typesupport_introspection_c
[1.652s] [ 78%] Built target plan_msgs__rosidl_typesupport_fastrtps_c
[1.667s] [ 78%] Built target plan_msgs
[1.682s] [ 80%] Built target plan_msgs__py
[1.690s] [35m[1mConsolidate compiler generated dependencies of target plan_msgs__rosidl_generator_py[0m
[1.702s] [ 89%] Built target plan_msgs__rosidl_generator_py
[1.709s] [35m[1mConsolidate compiler generated dependencies of target plan_msgs__rosidl_typesupport_introspection_c__pyext[0m
[1.709s] [35m[1mConsolidate compiler generated dependencies of target plan_msgs__rosidl_typesupport_fastrtps_c__pyext[0m
[1.709s] [35m[1mConsolidate compiler generated dependencies of target plan_msgs__rosidl_typesupport_c__pyext[0m
[1.720s] [100%] Built target plan_msgs__rosidl_typesupport_c__pyext
[1.720s] [100%] Built target plan_msgs__rosidl_typesupport_fastrtps_c__pyext
[1.720s] [100%] Built target plan_msgs__rosidl_typesupport_introspection_c__pyext
[1.843s] running egg_info
[1.860s] writing plan_msgs.egg-info/PKG-INFO
[1.860s] writing dependency_links to plan_msgs.egg-info/dependency_links.txt
[1.860s] writing top-level names to plan_msgs.egg-info/top_level.txt
[1.906s] reading manifest file 'plan_msgs.egg-info/SOURCES.txt'
[1.907s] writing manifest file 'plan_msgs.egg-info/SOURCES.txt'
[1.930s] [100%] Built target ament_cmake_python_build_plan_msgs_egg
[1.939s] Invoked command in '/ros2-migration/arena/arena-rosnav/utils/ros/msgs/plan_msgs/build/plan_msgs' returned '0': /usr/bin/cmake --build /ros2-migration/arena/arena-rosnav/utils/ros/msgs/plan_msgs/build/plan_msgs -- -j8 -l8
[2.346s] Invoking command in '/ros2-migration/arena/arena-rosnav/utils/ros/msgs/plan_msgs/build/plan_msgs': /usr/bin/cmake --install /ros2-migration/arena/arena-rosnav/utils/ros/msgs/plan_msgs/build/plan_msgs
[2.369s] -- Install configuration: ""
[2.370s] -- Up-to-date: /ros2-migration/arena/arena-rosnav/utils/ros/msgs/plan_msgs/install/plan_msgs/share/ament_index/resource_index/rosidl_interfaces/plan_msgs
[2.370s] -- Up-to-date: /ros2-migration/arena/arena-rosnav/utils/ros/msgs/plan_msgs/install/plan_msgs/include/plan_msgs/plan_msgs
[2.371s] -- Up-to-date: /ros2-migration/arena/arena-rosnav/utils/ros/msgs/plan_msgs/install/plan_msgs/include/plan_msgs/plan_msgs/msg
[2.371s] -- Up-to-date: /ros2-migration/arena/arena-rosnav/utils/ros/msgs/plan_msgs/install/plan_msgs/include/plan_msgs/plan_msgs/msg/detail
[2.371s] -- Up-to-date: /ros2-migration/arena/arena-rosnav/utils/ros/msgs/plan_msgs/install/plan_msgs/include/plan_msgs/plan_msgs/msg/detail/robot_state__functions.c
[2.372s] -- Up-to-date: /ros2-migration/arena/arena-rosnav/utils/ros/msgs/plan_msgs/install/plan_msgs/include/plan_msgs/plan_msgs/msg/detail/robot_state__struct.h
[2.372s] -- Up-to-date: /ros2-migration/arena/arena-rosnav/utils/ros/msgs/plan_msgs/install/plan_msgs/include/plan_msgs/plan_msgs/msg/detail/robot_state_stamped__type_support.h
[2.372s] -- Up-to-date: /ros2-migration/arena/arena-rosnav/utils/ros/msgs/plan_msgs/install/plan_msgs/include/plan_msgs/plan_msgs/msg/detail/robot_state_stamped__functions.c
[2.373s] -- Up-to-date: /ros2-migration/arena/arena-rosnav/utils/ros/msgs/plan_msgs/install/plan_msgs/include/plan_msgs/plan_msgs/msg/detail/robot_state__type_support.h
[2.373s] -- Up-to-date: /ros2-migration/arena/arena-rosnav/utils/ros/msgs/plan_msgs/install/plan_msgs/include/plan_msgs/plan_msgs/msg/detail/robot_state_stamped__functions.h
[2.373s] -- Up-to-date: /ros2-migration/arena/arena-rosnav/utils/ros/msgs/plan_msgs/install/plan_msgs/include/plan_msgs/plan_msgs/msg/detail/robot_state__functions.h
[2.373s] -- Up-to-date: /ros2-migration/arena/arena-rosnav/utils/ros/msgs/plan_msgs/install/plan_msgs/include/plan_msgs/plan_msgs/msg/detail/robot_state_stamped__struct.h
[2.374s] -- Up-to-date: /ros2-migration/arena/arena-rosnav/utils/ros/msgs/plan_msgs/install/plan_msgs/include/plan_msgs/plan_msgs/msg/robot_state_stamped.h
[2.374s] -- Up-to-date: /ros2-migration/arena/arena-rosnav/utils/ros/msgs/plan_msgs/install/plan_msgs/include/plan_msgs/plan_msgs/msg/rosidl_generator_c__visibility_control.h
[2.374s] -- Up-to-date: /ros2-migration/arena/arena-rosnav/utils/ros/msgs/plan_msgs/install/plan_msgs/include/plan_msgs/plan_msgs/msg/robot_state.h
[2.374s] -- Up-to-date: /ros2-migration/arena/arena-rosnav/utils/ros/msgs/plan_msgs/install/plan_msgs/include/plan_msgs/plan_msgs/srv
[2.375s] -- Up-to-date: /ros2-migration/arena/arena-rosnav/utils/ros/msgs/plan_msgs/install/plan_msgs/include/plan_msgs/plan_msgs/srv/make_global_plan.h
[2.375s] -- Up-to-date: /ros2-migration/arena/arena-rosnav/utils/ros/msgs/plan_msgs/install/plan_msgs/include/plan_msgs/plan_msgs/srv/detail
[2.375s] -- Up-to-date: /ros2-migration/arena/arena-rosnav/utils/ros/msgs/plan_msgs/install/plan_msgs/include/plan_msgs/plan_msgs/srv/detail/subgoal__type_support.h
[2.375s] -- Up-to-date: /ros2-migration/arena/arena-rosnav/utils/ros/msgs/plan_msgs/install/plan_msgs/include/plan_msgs/plan_msgs/srv/detail/make_global_plan__type_support.h
[2.376s] -- Up-to-date: /ros2-migration/arena/arena-rosnav/utils/ros/msgs/plan_msgs/install/plan_msgs/include/plan_msgs/plan_msgs/srv/detail/subgoal__functions.c
[2.376s] -- Up-to-date: /ros2-migration/arena/arena-rosnav/utils/ros/msgs/plan_msgs/install/plan_msgs/include/plan_msgs/plan_msgs/srv/detail/make_global_plan__functions.h
[2.376s] -- Up-to-date: /ros2-migration/arena/arena-rosnav/utils/ros/msgs/plan_msgs/install/plan_msgs/include/plan_msgs/plan_msgs/srv/detail/subgoal__struct.h
[2.376s] -- Up-to-date: /ros2-migration/arena/arena-rosnav/utils/ros/msgs/plan_msgs/install/plan_msgs/include/plan_msgs/plan_msgs/srv/detail/make_global_plan__struct.h
[2.376s] -- Up-to-date: /ros2-migration/arena/arena-rosnav/utils/ros/msgs/plan_msgs/install/plan_msgs/include/plan_msgs/plan_msgs/srv/detail/make_global_plan__functions.c
[2.377s] -- Up-to-date: /ros2-migration/arena/arena-rosnav/utils/ros/msgs/plan_msgs/install/plan_msgs/include/plan_msgs/plan_msgs/srv/detail/subgoal__functions.h
[2.377s] -- Up-to-date: /ros2-migration/arena/arena-rosnav/utils/ros/msgs/plan_msgs/install/plan_msgs/include/plan_msgs/plan_msgs/srv/subgoal.h
[2.377s] -- Up-to-date: /ros2-migration/arena/arena-rosnav/utils/ros/msgs/plan_msgs/install/plan_msgs/share/plan_msgs/environment/library_path.sh
[2.377s] -- Installing: /ros2-migration/arena/arena-rosnav/utils/ros/msgs/plan_msgs/install/plan_msgs/share/plan_msgs/environment/library_path.dsv
[2.377s] -- Up-to-date: /ros2-migration/arena/arena-rosnav/utils/ros/msgs/plan_msgs/install/plan_msgs/lib/libplan_msgs__rosidl_generator_c.so
[2.377s] -- Up-to-date: /ros2-migration/arena/arena-rosnav/utils/ros/msgs/plan_msgs/install/plan_msgs/include/plan_msgs/plan_msgs
[2.378s] -- Up-to-date: /ros2-migration/arena/arena-rosnav/utils/ros/msgs/plan_msgs/install/plan_msgs/include/plan_msgs/plan_msgs/msg
[2.378s] -- Up-to-date: /ros2-migration/arena/arena-rosnav/utils/ros/msgs/plan_msgs/install/plan_msgs/include/plan_msgs/plan_msgs/msg/detail
[2.378s] -- Up-to-date: /ros2-migration/arena/arena-rosnav/utils/ros/msgs/plan_msgs/install/plan_msgs/include/plan_msgs/plan_msgs/msg/detail/robot_state__rosidl_typesupport_fastrtps_c.h
[2.378s] -- Up-to-date: /ros2-migration/arena/arena-rosnav/utils/ros/msgs/plan_msgs/install/plan_msgs/include/plan_msgs/plan_msgs/msg/detail/robot_state_stamped__rosidl_typesupport_fastrtps_c.h
[2.378s] -- Up-to-date: /ros2-migration/arena/arena-rosnav/utils/ros/msgs/plan_msgs/install/plan_msgs/include/plan_msgs/plan_msgs/msg/rosidl_typesupport_fastrtps_c__visibility_control.h
[2.379s] -- Up-to-date: /ros2-migration/arena/arena-rosnav/utils/ros/msgs/plan_msgs/install/plan_msgs/include/plan_msgs/plan_msgs/srv
[2.379s] -- Up-to-date: /ros2-migration/arena/arena-rosnav/utils/ros/msgs/plan_msgs/install/plan_msgs/include/plan_msgs/plan_msgs/srv/detail
[2.379s] -- Up-to-date: /ros2-migration/arena/arena-rosnav/utils/ros/msgs/plan_msgs/install/plan_msgs/include/plan_msgs/plan_msgs/srv/detail/subgoal__rosidl_typesupport_fastrtps_c.h
[2.379s] -- Up-to-date: /ros2-migration/arena/arena-rosnav/utils/ros/msgs/plan_msgs/install/plan_msgs/include/plan_msgs/plan_msgs/srv/detail/make_global_plan__rosidl_typesupport_fastrtps_c.h
[2.380s] -- Up-to-date: /ros2-migration/arena/arena-rosnav/utils/ros/msgs/plan_msgs/install/plan_msgs/lib/libplan_msgs__rosidl_typesupport_fastrtps_c.so
[2.380s] -- Up-to-date: /ros2-migration/arena/arena-rosnav/utils/ros/msgs/plan_msgs/install/plan_msgs/include/plan_msgs/plan_msgs
[2.380s] -- Up-to-date: /ros2-migration/arena/arena-rosnav/utils/ros/msgs/plan_msgs/install/plan_msgs/include/plan_msgs/plan_msgs/msg
[2.380s] -- Up-to-date: /ros2-migration/arena/arena-rosnav/utils/ros/msgs/plan_msgs/install/plan_msgs/include/plan_msgs/plan_msgs/msg/detail
[2.380s] -- Up-to-date: /ros2-migration/arena/arena-rosnav/utils/ros/msgs/plan_msgs/install/plan_msgs/include/plan_msgs/plan_msgs/msg/detail/robot_state__type_support.c
[2.381s] -- Up-to-date: /ros2-migration/arena/arena-rosnav/utils/ros/msgs/plan_msgs/install/plan_msgs/include/plan_msgs/plan_msgs/msg/detail/robot_state_stamped__rosidl_typesupport_introspection_c.h
[2.381s] -- Up-to-date: /ros2-migration/arena/arena-rosnav/utils/ros/msgs/plan_msgs/install/plan_msgs/include/plan_msgs/plan_msgs/msg/detail/robot_state__rosidl_typesupport_introspection_c.h
[2.381s] -- Up-to-date: /ros2-migration/arena/arena-rosnav/utils/ros/msgs/plan_msgs/install/plan_msgs/include/plan_msgs/plan_msgs/msg/detail/robot_state_stamped__type_support.c
[2.381s] -- Up-to-date: /ros2-migration/arena/arena-rosnav/utils/ros/msgs/plan_msgs/install/plan_msgs/include/plan_msgs/plan_msgs/msg/rosidl_typesupport_introspection_c__visibility_control.h
[2.381s] -- Up-to-date: /ros2-migration/arena/arena-rosnav/utils/ros/msgs/plan_msgs/install/plan_msgs/include/plan_msgs/plan_msgs/srv
[2.381s] -- Up-to-date: /ros2-migration/arena/arena-rosnav/utils/ros/msgs/plan_msgs/install/plan_msgs/include/plan_msgs/plan_msgs/srv/detail
[2.381s] -- Up-to-date: /ros2-migration/arena/arena-rosnav/utils/ros/msgs/plan_msgs/install/plan_msgs/include/plan_msgs/plan_msgs/srv/detail/make_global_plan__rosidl_typesupport_introspection_c.h
[2.382s] -- Up-to-date: /ros2-migration/arena/arena-rosnav/utils/ros/msgs/plan_msgs/install/plan_msgs/include/plan_msgs/plan_msgs/srv/detail/make_global_plan__type_support.c
[2.382s] -- Up-to-date: /ros2-migration/arena/arena-rosnav/utils/ros/msgs/plan_msgs/install/plan_msgs/include/plan_msgs/plan_msgs/srv/detail/subgoal__type_support.c
[2.382s] -- Up-to-date: /ros2-migration/arena/arena-rosnav/utils/ros/msgs/plan_msgs/install/plan_msgs/include/plan_msgs/plan_msgs/srv/detail/subgoal__rosidl_typesupport_introspection_c.h
[2.382s] -- Up-to-date: /ros2-migration/arena/arena-rosnav/utils/ros/msgs/plan_msgs/install/plan_msgs/lib/libplan_msgs__rosidl_typesupport_introspection_c.so
[2.382s] -- Up-to-date: /ros2-migration/arena/arena-rosnav/utils/ros/msgs/plan_msgs/install/plan_msgs/lib/libplan_msgs__rosidl_typesupport_c.so
[2.382s] -- Up-to-date: /ros2-migration/arena/arena-rosnav/utils/ros/msgs/plan_msgs/install/plan_msgs/include/plan_msgs/plan_msgs
[2.382s] -- Up-to-date: /ros2-migration/arena/arena-rosnav/utils/ros/msgs/plan_msgs/install/plan_msgs/include/plan_msgs/plan_msgs/msg
[2.383s] -- Up-to-date: /ros2-migration/arena/arena-rosnav/utils/ros/msgs/plan_msgs/install/plan_msgs/include/plan_msgs/plan_msgs/msg/detail
[2.383s] -- Up-to-date: /ros2-migration/arena/arena-rosnav/utils/ros/msgs/plan_msgs/install/plan_msgs/include/plan_msgs/plan_msgs/msg/detail/robot_state__builder.hpp
[2.383s] -- Up-to-date: /ros2-migration/arena/arena-rosnav/utils/ros/msgs/plan_msgs/install/plan_msgs/include/plan_msgs/plan_msgs/msg/detail/robot_state_stamped__struct.hpp
[2.383s] -- Up-to-date: /ros2-migration/arena/arena-rosnav/utils/ros/msgs/plan_msgs/install/plan_msgs/include/plan_msgs/plan_msgs/msg/detail/robot_state_stamped__traits.hpp
[2.383s] -- Up-to-date: /ros2-migration/arena/arena-rosnav/utils/ros/msgs/plan_msgs/install/plan_msgs/include/plan_msgs/plan_msgs/msg/detail/robot_state__traits.hpp
[2.383s] -- Up-to-date: /ros2-migration/arena/arena-rosnav/utils/ros/msgs/plan_msgs/install/plan_msgs/include/plan_msgs/plan_msgs/msg/detail/robot_state_stamped__builder.hpp
[2.383s] -- Up-to-date: /ros2-migration/arena/arena-rosnav/utils/ros/msgs/plan_msgs/install/plan_msgs/include/plan_msgs/plan_msgs/msg/detail/robot_state__struct.hpp
[2.383s] -- Up-to-date: /ros2-migration/arena/arena-rosnav/utils/ros/msgs/plan_msgs/install/plan_msgs/include/plan_msgs/plan_msgs/msg/robot_state_stamped.hpp
[2.384s] -- Up-to-date: /ros2-migration/arena/arena-rosnav/utils/ros/msgs/plan_msgs/install/plan_msgs/include/plan_msgs/plan_msgs/msg/robot_state.hpp
[2.384s] -- Up-to-date: /ros2-migration/arena/arena-rosnav/utils/ros/msgs/plan_msgs/install/plan_msgs/include/plan_msgs/plan_msgs/srv
[2.384s] -- Up-to-date: /ros2-migration/arena/arena-rosnav/utils/ros/msgs/plan_msgs/install/plan_msgs/include/plan_msgs/plan_msgs/srv/subgoal.hpp
[2.384s] -- Up-to-date: /ros2-migration/arena/arena-rosnav/utils/ros/msgs/plan_msgs/install/plan_msgs/include/plan_msgs/plan_msgs/srv/detail
[2.384s] -- Up-to-date: /ros2-migration/arena/arena-rosnav/utils/ros/msgs/plan_msgs/install/plan_msgs/include/plan_msgs/plan_msgs/srv/detail/make_global_plan__builder.hpp
[2.384s] -- Up-to-date: /ros2-migration/arena/arena-rosnav/utils/ros/msgs/plan_msgs/install/plan_msgs/include/plan_msgs/plan_msgs/srv/detail/subgoal__traits.hpp
[2.384s] -- Up-to-date: /ros2-migration/arena/arena-rosnav/utils/ros/msgs/plan_msgs/install/plan_msgs/include/plan_msgs/plan_msgs/srv/detail/subgoal__struct.hpp
[2.385s] -- Up-to-date: /ros2-migration/arena/arena-rosnav/utils/ros/msgs/plan_msgs/install/plan_msgs/include/plan_msgs/plan_msgs/srv/detail/subgoal__builder.hpp
[2.385s] -- Up-to-date: /ros2-migration/arena/arena-rosnav/utils/ros/msgs/plan_msgs/install/plan_msgs/include/plan_msgs/plan_msgs/srv/detail/make_global_plan__traits.hpp
[2.385s] -- Up-to-date: /ros2-migration/arena/arena-rosnav/utils/ros/msgs/plan_msgs/install/plan_msgs/include/plan_msgs/plan_msgs/srv/detail/make_global_plan__struct.hpp
[2.385s] -- Up-to-date: /ros2-migration/arena/arena-rosnav/utils/ros/msgs/plan_msgs/install/plan_msgs/include/plan_msgs/plan_msgs/srv/make_global_plan.hpp
[2.385s] -- Up-to-date: /ros2-migration/arena/arena-rosnav/utils/ros/msgs/plan_msgs/install/plan_msgs/include/plan_msgs/plan_msgs
[2.385s] -- Up-to-date: /ros2-migration/arena/arena-rosnav/utils/ros/msgs/plan_msgs/install/plan_msgs/include/plan_msgs/plan_msgs/msg
[2.385s] -- Up-to-date: /ros2-migration/arena/arena-rosnav/utils/ros/msgs/plan_msgs/install/plan_msgs/include/plan_msgs/plan_msgs/msg/detail
[2.386s] -- Up-to-date: /ros2-migration/arena/arena-rosnav/utils/ros/msgs/plan_msgs/install/plan_msgs/include/plan_msgs/plan_msgs/msg/detail/robot_state__rosidl_typesupport_fastrtps_cpp.hpp
[2.386s] -- Up-to-date: /ros2-migration/arena/arena-rosnav/utils/ros/msgs/plan_msgs/install/plan_msgs/include/plan_msgs/plan_msgs/msg/detail/robot_state_stamped__rosidl_typesupport_fastrtps_cpp.hpp
[2.386s] -- Up-to-date: /ros2-migration/arena/arena-rosnav/utils/ros/msgs/plan_msgs/install/plan_msgs/include/plan_msgs/plan_msgs/msg/detail/dds_fastrtps
[2.386s] -- Up-to-date: /ros2-migration/arena/arena-rosnav/utils/ros/msgs/plan_msgs/install/plan_msgs/include/plan_msgs/plan_msgs/msg/rosidl_typesupport_fastrtps_cpp__visibility_control.h
[2.386s] -- Up-to-date: /ros2-migration/arena/arena-rosnav/utils/ros/msgs/plan_msgs/install/plan_msgs/include/plan_msgs/plan_msgs/srv
[2.386s] -- Up-to-date: /ros2-migration/arena/arena-rosnav/utils/ros/msgs/plan_msgs/install/plan_msgs/include/plan_msgs/plan_msgs/srv/detail
[2.386s] -- Up-to-date: /ros2-migration/arena/arena-rosnav/utils/ros/msgs/plan_msgs/install/plan_msgs/include/plan_msgs/plan_msgs/srv/detail/subgoal__rosidl_typesupport_fastrtps_cpp.hpp
[2.386s] -- Up-to-date: /ros2-migration/arena/arena-rosnav/utils/ros/msgs/plan_msgs/install/plan_msgs/include/plan_msgs/plan_msgs/srv/detail/dds_fastrtps
[2.386s] -- Up-to-date: /ros2-migration/arena/arena-rosnav/utils/ros/msgs/plan_msgs/install/plan_msgs/include/plan_msgs/plan_msgs/srv/detail/make_global_plan__rosidl_typesupport_fastrtps_cpp.hpp
[2.387s] -- Up-to-date: /ros2-migration/arena/arena-rosnav/utils/ros/msgs/plan_msgs/install/plan_msgs/lib/libplan_msgs__rosidl_typesupport_fastrtps_cpp.so
[2.387s] -- Up-to-date: /ros2-migration/arena/arena-rosnav/utils/ros/msgs/plan_msgs/install/plan_msgs/include/plan_msgs/plan_msgs
[2.387s] -- Up-to-date: /ros2-migration/arena/arena-rosnav/utils/ros/msgs/plan_msgs/install/plan_msgs/include/plan_msgs/plan_msgs/msg
[2.387s] -- Up-to-date: /ros2-migration/arena/arena-rosnav/utils/ros/msgs/plan_msgs/install/plan_msgs/include/plan_msgs/plan_msgs/msg/detail
[2.387s] -- Up-to-date: /ros2-migration/arena/arena-rosnav/utils/ros/msgs/plan_msgs/install/plan_msgs/include/plan_msgs/plan_msgs/msg/detail/robot_state__type_support.cpp
[2.387s] -- Up-to-date: /ros2-migration/arena/arena-rosnav/utils/ros/msgs/plan_msgs/install/plan_msgs/include/plan_msgs/plan_msgs/msg/detail/robot_state_stamped__type_support.cpp
[2.387s] -- Up-to-date: /ros2-migration/arena/arena-rosnav/utils/ros/msgs/plan_msgs/install/plan_msgs/include/plan_msgs/plan_msgs/msg/detail/robot_state__rosidl_typesupport_introspection_cpp.hpp
[2.387s] -- Up-to-date: /ros2-migration/arena/arena-rosnav/utils/ros/msgs/plan_msgs/install/plan_msgs/include/plan_msgs/plan_msgs/msg/detail/robot_state_stamped__rosidl_typesupport_introspection_cpp.hpp
[2.387s] -- Up-to-date: /ros2-migration/arena/arena-rosnav/utils/ros/msgs/plan_msgs/install/plan_msgs/include/plan_msgs/plan_msgs/srv
[2.387s] -- Up-to-date: /ros2-migration/arena/arena-rosnav/utils/ros/msgs/plan_msgs/install/plan_msgs/include/plan_msgs/plan_msgs/srv/detail
[2.387s] -- Up-to-date: /ros2-migration/arena/arena-rosnav/utils/ros/msgs/plan_msgs/install/plan_msgs/include/plan_msgs/plan_msgs/srv/detail/subgoal__rosidl_typesupport_introspection_cpp.hpp
[2.388s] -- Up-to-date: /ros2-migration/arena/arena-rosnav/utils/ros/msgs/plan_msgs/install/plan_msgs/include/plan_msgs/plan_msgs/srv/detail/make_global_plan__type_support.cpp
[2.388s] -- Up-to-date: /ros2-migration/arena/arena-rosnav/utils/ros/msgs/plan_msgs/install/plan_msgs/include/plan_msgs/plan_msgs/srv/detail/subgoal__type_support.cpp
[2.388s] -- Up-to-date: /ros2-migration/arena/arena-rosnav/utils/ros/msgs/plan_msgs/install/plan_msgs/include/plan_msgs/plan_msgs/srv/detail/make_global_plan__rosidl_typesupport_introspection_cpp.hpp
[2.388s] -- Up-to-date: /ros2-migration/arena/arena-rosnav/utils/ros/msgs/plan_msgs/install/plan_msgs/lib/libplan_msgs__rosidl_typesupport_introspection_cpp.so
[2.388s] -- Up-to-date: /ros2-migration/arena/arena-rosnav/utils/ros/msgs/plan_msgs/install/plan_msgs/lib/libplan_msgs__rosidl_typesupport_cpp.so
[2.388s] -- Up-to-date: /ros2-migration/arena/arena-rosnav/utils/ros/msgs/plan_msgs/install/plan_msgs/share/plan_msgs/environment/pythonpath.sh
[2.388s] -- Installing: /ros2-migration/arena/arena-rosnav/utils/ros/msgs/plan_msgs/install/plan_msgs/share/plan_msgs/environment/pythonpath.dsv
[2.388s] -- Up-to-date: /ros2-migration/arena/arena-rosnav/utils/ros/msgs/plan_msgs/install/plan_msgs/local/lib/python3.10/dist-packages/plan_msgs-0.0.0-py3.10.egg-info
[2.388s] -- Installing: /ros2-migration/arena/arena-rosnav/utils/ros/msgs/plan_msgs/install/plan_msgs/local/lib/python3.10/dist-packages/plan_msgs-0.0.0-py3.10.egg-info/SOURCES.txt
[2.388s] -- Installing: /ros2-migration/arena/arena-rosnav/utils/ros/msgs/plan_msgs/install/plan_msgs/local/lib/python3.10/dist-packages/plan_msgs-0.0.0-py3.10.egg-info/dependency_links.txt
[2.389s] -- Installing: /ros2-migration/arena/arena-rosnav/utils/ros/msgs/plan_msgs/install/plan_msgs/local/lib/python3.10/dist-packages/plan_msgs-0.0.0-py3.10.egg-info/top_level.txt
[2.389s] -- Installing: /ros2-migration/arena/arena-rosnav/utils/ros/msgs/plan_msgs/install/plan_msgs/local/lib/python3.10/dist-packages/plan_msgs-0.0.0-py3.10.egg-info/PKG-INFO
[2.389s] -- Up-to-date: /ros2-migration/arena/arena-rosnav/utils/ros/msgs/plan_msgs/install/plan_msgs/local/lib/python3.10/dist-packages/plan_msgs
[2.389s] -- Up-to-date: /ros2-migration/arena/arena-rosnav/utils/ros/msgs/plan_msgs/install/plan_msgs/local/lib/python3.10/dist-packages/plan_msgs/libplan_msgs__rosidl_generator_py.so
[2.389s] -- Up-to-date: /ros2-migration/arena/arena-rosnav/utils/ros/msgs/plan_msgs/install/plan_msgs/local/lib/python3.10/dist-packages/plan_msgs/plan_msgs_s__rosidl_typesupport_fastrtps_c.cpython-310-x86_64-linux-gnu.so
[2.389s] -- Up-to-date: /ros2-migration/arena/arena-rosnav/utils/ros/msgs/plan_msgs/install/plan_msgs/local/lib/python3.10/dist-packages/plan_msgs/_plan_msgs_s.ep.rosidl_typesupport_fastrtps_c.c
[2.389s] -- Up-to-date: /ros2-migration/arena/arena-rosnav/utils/ros/msgs/plan_msgs/install/plan_msgs/local/lib/python3.10/dist-packages/plan_msgs/msg
[2.389s] -- Up-to-date: /ros2-migration/arena/arena-rosnav/utils/ros/msgs/plan_msgs/install/plan_msgs/local/lib/python3.10/dist-packages/plan_msgs/msg/__init__.py
[2.389s] -- Up-to-date: /ros2-migration/arena/arena-rosnav/utils/ros/msgs/plan_msgs/install/plan_msgs/local/lib/python3.10/dist-packages/plan_msgs/msg/_robot_state_stamped_s.c
[2.389s] -- Up-to-date: /ros2-migration/arena/arena-rosnav/utils/ros/msgs/plan_msgs/install/plan_msgs/local/lib/python3.10/dist-packages/plan_msgs/msg/_robot_state_s.c
[2.389s] -- Up-to-date: /ros2-migration/arena/arena-rosnav/utils/ros/msgs/plan_msgs/install/plan_msgs/local/lib/python3.10/dist-packages/plan_msgs/msg/_robot_state_stamped.py
[2.390s] -- Up-to-date: /ros2-migration/arena/arena-rosnav/utils/ros/msgs/plan_msgs/install/plan_msgs/local/lib/python3.10/dist-packages/plan_msgs/msg/_robot_state.py
[2.390s] -- Up-to-date: /ros2-migration/arena/arena-rosnav/utils/ros/msgs/plan_msgs/install/plan_msgs/local/lib/python3.10/dist-packages/plan_msgs/_plan_msgs_s.ep.rosidl_typesupport_introspection_c.c
[2.390s] -- Up-to-date: /ros2-migration/arena/arena-rosnav/utils/ros/msgs/plan_msgs/install/plan_msgs/local/lib/python3.10/dist-packages/plan_msgs/srv
[2.390s] -- Up-to-date: /ros2-migration/arena/arena-rosnav/utils/ros/msgs/plan_msgs/install/plan_msgs/local/lib/python3.10/dist-packages/plan_msgs/srv/__init__.py
[2.390s] -- Up-to-date: /ros2-migration/arena/arena-rosnav/utils/ros/msgs/plan_msgs/install/plan_msgs/local/lib/python3.10/dist-packages/plan_msgs/srv/_make_global_plan.py
[2.390s] -- Up-to-date: /ros2-migration/arena/arena-rosnav/utils/ros/msgs/plan_msgs/install/plan_msgs/local/lib/python3.10/dist-packages/plan_msgs/srv/_subgoal_s.c
[2.390s] -- Up-to-date: /ros2-migration/arena/arena-rosnav/utils/ros/msgs/plan_msgs/install/plan_msgs/local/lib/python3.10/dist-packages/plan_msgs/srv/_subgoal.py
[2.390s] -- Up-to-date: /ros2-migration/arena/arena-rosnav/utils/ros/msgs/plan_msgs/install/plan_msgs/local/lib/python3.10/dist-packages/plan_msgs/srv/_make_global_plan_s.c
[2.390s] -- Installing: /ros2-migration/arena/arena-rosnav/utils/ros/msgs/plan_msgs/install/plan_msgs/local/lib/python3.10/dist-packages/plan_msgs/__init__.py
[2.390s] -- Up-to-date: /ros2-migration/arena/arena-rosnav/utils/ros/msgs/plan_msgs/install/plan_msgs/local/lib/python3.10/dist-packages/plan_msgs/plan_msgs_s__rosidl_typesupport_c.cpython-310-x86_64-linux-gnu.so
[2.391s] -- Up-to-date: /ros2-migration/arena/arena-rosnav/utils/ros/msgs/plan_msgs/install/plan_msgs/local/lib/python3.10/dist-packages/plan_msgs/_plan_msgs_s.ep.rosidl_typesupport_c.c
[2.391s] -- Up-to-date: /ros2-migration/arena/arena-rosnav/utils/ros/msgs/plan_msgs/install/plan_msgs/local/lib/python3.10/dist-packages/plan_msgs/plan_msgs_s__rosidl_typesupport_introspection_c.cpython-310-x86_64-linux-gnu.so
[2.425s] Listing '/ros2-migration/arena/arena-rosnav/utils/ros/msgs/plan_msgs/install/plan_msgs/local/lib/python3.10/dist-packages/plan_msgs'...
[2.425s] Compiling '/ros2-migration/arena/arena-rosnav/utils/ros/msgs/plan_msgs/install/plan_msgs/local/lib/python3.10/dist-packages/plan_msgs/__init__.py'...
[2.425s] Listing '/ros2-migration/arena/arena-rosnav/utils/ros/msgs/plan_msgs/install/plan_msgs/local/lib/python3.10/dist-packages/plan_msgs/msg'...
[2.425s] Listing '/ros2-migration/arena/arena-rosnav/utils/ros/msgs/plan_msgs/install/plan_msgs/local/lib/python3.10/dist-packages/plan_msgs/srv'...
[2.429s] -- Up-to-date: /ros2-migration/arena/arena-rosnav/utils/ros/msgs/plan_msgs/install/plan_msgs/local/lib/python3.10/dist-packages/plan_msgs/plan_msgs_s__rosidl_typesupport_fastrtps_c.cpython-310-x86_64-linux-gnu.so
[2.429s] -- Up-to-date: /ros2-migration/arena/arena-rosnav/utils/ros/msgs/plan_msgs/install/plan_msgs/local/lib/python3.10/dist-packages/plan_msgs/plan_msgs_s__rosidl_typesupport_introspection_c.cpython-310-x86_64-linux-gnu.so
[2.429s] -- Up-to-date: /ros2-migration/arena/arena-rosnav/utils/ros/msgs/plan_msgs/install/plan_msgs/local/lib/python3.10/dist-packages/plan_msgs/plan_msgs_s__rosidl_typesupport_c.cpython-310-x86_64-linux-gnu.so
[2.430s] -- Up-to-date: /ros2-migration/arena/arena-rosnav/utils/ros/msgs/plan_msgs/install/plan_msgs/lib/libplan_msgs__rosidl_generator_py.so
[2.430s] -- Up-to-date: /ros2-migration/arena/arena-rosnav/utils/ros/msgs/plan_msgs/install/plan_msgs/share/plan_msgs/msg/RobotState.idl
[2.430s] -- Up-to-date: /ros2-migration/arena/arena-rosnav/utils/ros/msgs/plan_msgs/install/plan_msgs/share/plan_msgs/msg/RobotStateStamped.idl
[2.430s] -- Up-to-date: /ros2-migration/arena/arena-rosnav/utils/ros/msgs/plan_msgs/install/plan_msgs/share/plan_msgs/srv/Subgoal.idl
[2.430s] -- Up-to-date: /ros2-migration/arena/arena-rosnav/utils/ros/msgs/plan_msgs/install/plan_msgs/share/plan_msgs/srv/MakeGlobalPlan.idl
[2.430s] -- Up-to-date: /ros2-migration/arena/arena-rosnav/utils/ros/msgs/plan_msgs/install/plan_msgs/share/plan_msgs/msg/RobotState.msg
[2.430s] -- Up-to-date: /ros2-migration/arena/arena-rosnav/utils/ros/msgs/plan_msgs/install/plan_msgs/share/plan_msgs/msg/RobotStateStamped.msg
[2.431s] -- Up-to-date: /ros2-migration/arena/arena-rosnav/utils/ros/msgs/plan_msgs/install/plan_msgs/share/plan_msgs/srv/Subgoal.srv
[2.431s] -- Up-to-date: /ros2-migration/arena/arena-rosnav/utils/ros/msgs/plan_msgs/install/plan_msgs/share/plan_msgs/srv/Subgoal_Request.msg
[2.431s] -- Up-to-date: /ros2-migration/arena/arena-rosnav/utils/ros/msgs/plan_msgs/install/plan_msgs/share/plan_msgs/srv/Subgoal_Response.msg
[2.431s] -- Up-to-date: /ros2-migration/arena/arena-rosnav/utils/ros/msgs/plan_msgs/install/plan_msgs/share/plan_msgs/srv/MakeGlobalPlan.srv
[2.431s] -- Up-to-date: /ros2-migration/arena/arena-rosnav/utils/ros/msgs/plan_msgs/install/plan_msgs/share/plan_msgs/srv/MakeGlobalPlan_Request.msg
[2.431s] -- Up-to-date: /ros2-migration/arena/arena-rosnav/utils/ros/msgs/plan_msgs/install/plan_msgs/share/plan_msgs/srv/MakeGlobalPlan_Response.msg
[2.431s] -- Up-to-date: /ros2-migration/arena/arena-rosnav/utils/ros/msgs/plan_msgs/install/plan_msgs/share/ament_index/resource_index/package_run_dependencies/plan_msgs
[2.431s] -- Up-to-date: /ros2-migration/arena/arena-rosnav/utils/ros/msgs/plan_msgs/install/plan_msgs/share/ament_index/resource_index/parent_prefix_path/plan_msgs
[2.431s] -- Up-to-date: /ros2-migration/arena/arena-rosnav/utils/ros/msgs/plan_msgs/install/plan_msgs/share/plan_msgs/environment/ament_prefix_path.sh
[2.431s] -- Installing: /ros2-migration/arena/arena-rosnav/utils/ros/msgs/plan_msgs/install/plan_msgs/share/plan_msgs/environment/ament_prefix_path.dsv
[2.431s] -- Up-to-date: /ros2-migration/arena/arena-rosnav/utils/ros/msgs/plan_msgs/install/plan_msgs/share/plan_msgs/environment/path.sh
[2.431s] -- Installing: /ros2-migration/arena/arena-rosnav/utils/ros/msgs/plan_msgs/install/plan_msgs/share/plan_msgs/environment/path.dsv
[2.431s] -- Up-to-date: /ros2-migration/arena/arena-rosnav/utils/ros/msgs/plan_msgs/install/plan_msgs/share/plan_msgs/local_setup.bash
[2.431s] -- Up-to-date: /ros2-migration/arena/arena-rosnav/utils/ros/msgs/plan_msgs/install/plan_msgs/share/plan_msgs/local_setup.sh
[2.432s] -- Up-to-date: /ros2-migration/arena/arena-rosnav/utils/ros/msgs/plan_msgs/install/plan_msgs/share/plan_msgs/local_setup.zsh
[2.432s] -- Installing: /ros2-migration/arena/arena-rosnav/utils/ros/msgs/plan_msgs/install/plan_msgs/share/plan_msgs/local_setup.dsv
[2.432s] -- Installing: /ros2-migration/arena/arena-rosnav/utils/ros/msgs/plan_msgs/install/plan_msgs/share/plan_msgs/package.dsv
[2.432s] -- Up-to-date: /ros2-migration/arena/arena-rosnav/utils/ros/msgs/plan_msgs/install/plan_msgs/share/ament_index/resource_index/packages/plan_msgs
[2.432s] -- Up-to-date: /ros2-migration/arena/arena-rosnav/utils/ros/msgs/plan_msgs/install/plan_msgs/share/plan_msgs/cmake/export_plan_msgs__rosidl_generator_cExport.cmake
[2.432s] -- Up-to-date: /ros2-migration/arena/arena-rosnav/utils/ros/msgs/plan_msgs/install/plan_msgs/share/plan_msgs/cmake/export_plan_msgs__rosidl_generator_cExport-noconfig.cmake
[2.432s] -- Up-to-date: /ros2-migration/arena/arena-rosnav/utils/ros/msgs/plan_msgs/install/plan_msgs/share/plan_msgs/cmake/export_plan_msgs__rosidl_typesupport_fastrtps_cExport.cmake
[2.432s] -- Up-to-date: /ros2-migration/arena/arena-rosnav/utils/ros/msgs/plan_msgs/install/plan_msgs/share/plan_msgs/cmake/export_plan_msgs__rosidl_typesupport_fastrtps_cExport-noconfig.cmake
[2.432s] -- Up-to-date: /ros2-migration/arena/arena-rosnav/utils/ros/msgs/plan_msgs/install/plan_msgs/share/plan_msgs/cmake/plan_msgs__rosidl_typesupport_introspection_cExport.cmake
[2.432s] -- Up-to-date: /ros2-migration/arena/arena-rosnav/utils/ros/msgs/plan_msgs/install/plan_msgs/share/plan_msgs/cmake/plan_msgs__rosidl_typesupport_introspection_cExport-noconfig.cmake
[2.432s] -- Up-to-date: /ros2-migration/arena/arena-rosnav/utils/ros/msgs/plan_msgs/install/plan_msgs/share/plan_msgs/cmake/plan_msgs__rosidl_typesupport_cExport.cmake
[2.432s] -- Up-to-date: /ros2-migration/arena/arena-rosnav/utils/ros/msgs/plan_msgs/install/plan_msgs/share/plan_msgs/cmake/plan_msgs__rosidl_typesupport_cExport-noconfig.cmake
[2.433s] -- Up-to-date: /ros2-migration/arena/arena-rosnav/utils/ros/msgs/plan_msgs/install/plan_msgs/share/plan_msgs/cmake/export_plan_msgs__rosidl_generator_cppExport.cmake
[2.433s] -- Up-to-date: /ros2-migration/arena/arena-rosnav/utils/ros/msgs/plan_msgs/install/plan_msgs/share/plan_msgs/cmake/export_plan_msgs__rosidl_typesupport_fastrtps_cppExport.cmake
[2.433s] -- Up-to-date: /ros2-migration/arena/arena-rosnav/utils/ros/msgs/plan_msgs/install/plan_msgs/share/plan_msgs/cmake/export_plan_msgs__rosidl_typesupport_fastrtps_cppExport-noconfig.cmake
[2.433s] -- Up-to-date: /ros2-migration/arena/arena-rosnav/utils/ros/msgs/plan_msgs/install/plan_msgs/share/plan_msgs/cmake/plan_msgs__rosidl_typesupport_introspection_cppExport.cmake
[2.433s] -- Up-to-date: /ros2-migration/arena/arena-rosnav/utils/ros/msgs/plan_msgs/install/plan_msgs/share/plan_msgs/cmake/plan_msgs__rosidl_typesupport_introspection_cppExport-noconfig.cmake
[2.433s] -- Up-to-date: /ros2-migration/arena/arena-rosnav/utils/ros/msgs/plan_msgs/install/plan_msgs/share/plan_msgs/cmake/plan_msgs__rosidl_typesupport_cppExport.cmake
[2.433s] -- Up-to-date: /ros2-migration/arena/arena-rosnav/utils/ros/msgs/plan_msgs/install/plan_msgs/share/plan_msgs/cmake/plan_msgs__rosidl_typesupport_cppExport-noconfig.cmake
[2.433s] -- Up-to-date: /ros2-migration/arena/arena-rosnav/utils/ros/msgs/plan_msgs/install/plan_msgs/share/plan_msgs/cmake/export_plan_msgs__rosidl_generator_pyExport.cmake
[2.433s] -- Up-to-date: /ros2-migration/arena/arena-rosnav/utils/ros/msgs/plan_msgs/install/plan_msgs/share/plan_msgs/cmake/export_plan_msgs__rosidl_generator_pyExport-noconfig.cmake
[2.433s] -- Up-to-date: /ros2-migration/arena/arena-rosnav/utils/ros/msgs/plan_msgs/install/plan_msgs/share/plan_msgs/cmake/rosidl_cmake-extras.cmake
[2.433s] -- Up-to-date: /ros2-migration/arena/arena-rosnav/utils/ros/msgs/plan_msgs/install/plan_msgs/share/plan_msgs/cmake/ament_cmake_export_dependencies-extras.cmake
[2.433s] -- Up-to-date: /ros2-migration/arena/arena-rosnav/utils/ros/msgs/plan_msgs/install/plan_msgs/share/plan_msgs/cmake/ament_cmake_export_include_directories-extras.cmake
[2.433s] -- Up-to-date: /ros2-migration/arena/arena-rosnav/utils/ros/msgs/plan_msgs/install/plan_msgs/share/plan_msgs/cmake/ament_cmake_export_libraries-extras.cmake
[2.434s] -- Up-to-date: /ros2-migration/arena/arena-rosnav/utils/ros/msgs/plan_msgs/install/plan_msgs/share/plan_msgs/cmake/ament_cmake_export_targets-extras.cmake
[2.434s] -- Up-to-date: /ros2-migration/arena/arena-rosnav/utils/ros/msgs/plan_msgs/install/plan_msgs/share/plan_msgs/cmake/rosidl_cmake_export_typesupport_targets-extras.cmake
[2.434s] -- Up-to-date: /ros2-migration/arena/arena-rosnav/utils/ros/msgs/plan_msgs/install/plan_msgs/share/plan_msgs/cmake/rosidl_cmake_export_typesupport_libraries-extras.cmake
[2.434s] -- Up-to-date: /ros2-migration/arena/arena-rosnav/utils/ros/msgs/plan_msgs/install/plan_msgs/share/plan_msgs/cmake/plan_msgsConfig.cmake
[2.434s] -- Up-to-date: /ros2-migration/arena/arena-rosnav/utils/ros/msgs/plan_msgs/install/plan_msgs/share/plan_msgs/cmake/plan_msgsConfig-version.cmake
[2.434s] -- Installing: /ros2-migration/arena/arena-rosnav/utils/ros/msgs/plan_msgs/install/plan_msgs/share/plan_msgs/package.xml
[2.435s] Invoked command in '/ros2-migration/arena/arena-rosnav/utils/ros/msgs/plan_msgs/build/plan_msgs' returned '0': /usr/bin/cmake --install /ros2-migration/arena/arena-rosnav/utils/ros/msgs/plan_msgs/build/plan_msgs
