[0.042s] Invoking command in '/ros2-migration/build/cob_srvs': /usr/bin/cmake --build /ros2-migration/build/cob_srvs -- -j8 -l8
[0.119s] [  1%] Built target cob_srvs__cpp
[0.119s] [ 12%] Built target cob_srvs__rosidl_generator_c
[0.171s] [ 12%] Built target ament_cmake_python_copy_cob_srvs
[0.179s] [ 34%] Built target cob_srvs__rosidl_typesupport_introspection_cpp
[0.179s] [ 34%] Built target cob_srvs__rosidl_typesupport_fastrtps_cpp
[0.185s] [ 45%] Built target cob_srvs__rosidl_typesupport_cpp
[0.203s] [ 56%] Built target cob_srvs__rosidl_typesupport_fastrtps_c
[0.237s] [ 67%] Built target cob_srvs__rosidl_typesupport_introspection_c
[0.246s] [ 78%] Built target cob_srvs__rosidl_typesupport_c
[0.265s] [ 78%] Built target cob_srvs
[0.280s] [ 80%] Built target cob_srvs__py
[0.298s] [ 89%] Built target cob_srvs__rosidl_generator_py
[0.314s] [ 96%] Built target cob_srvs__rosidl_typesupport_introspection_c__pyext
[0.315s] [ 96%] Built target cob_srvs__rosidl_typesupport_fastrtps_c__pyext
[0.316s] [100%] Built target cob_srvs__rosidl_typesupport_c__pyext
[0.401s] running egg_info
[0.411s] writing cob_srvs.egg-info/PKG-INFO
[0.411s] writing dependency_links to cob_srvs.egg-info/dependency_links.txt
[0.412s] writing top-level names to cob_srvs.egg-info/top_level.txt
[0.437s] reading manifest file 'cob_srvs.egg-info/SOURCES.txt'
[0.438s] writing manifest file 'cob_srvs.egg-info/SOURCES.txt'
[0.460s] [100%] Built target ament_cmake_python_build_cob_srvs_egg
