[0.028s] Invoking command in '/ros2-migration/build/cob_base_controller_utils': /usr/bin/cmake /ros2-migration/arena/utils/3rd-party-robot-packages/cob4/cob_base_controller_utils -DCMAKE_INSTALL_PREFIX=/ros2-migration/install/cob_base_controller_utils
[0.923s] -- The C compiler identification is GNU 11.4.0
[0.923s] -- The CXX compiler identification is GNU 11.4.0
[0.923s] -- Detecting C compiler ABI info
[0.923s] -- Detecting C compiler ABI info - done
[0.923s] -- Check for working C compiler: /usr/bin/cc - skipped
[0.923s] -- Detecting C compile features
[0.923s] -- Detecting C compile features - done
[0.923s] -- Detecting CXX compiler ABI info
[0.923s] -- Detecting CXX compiler ABI info - done
[0.928s] -- Check for working CXX compiler: /usr/bin/c++ - skipped
[0.928s] -- Detecting CXX compile features
[0.928s] -- Detecting CXX compile features - done
[0.928s] [31mCMake Error at CMakeLists.txt:17 (add_dependencies):
[0.928s]   add_dependencies called with incorrect number of arguments
[0.928s] 
[0.928s] [0m
[0.935s] [31mCMake Error at CMakeLists.txt:21 (find_package):
[0.935s]   By not providing "Findament_cmake.cmake" in CMAKE_MODULE_PATH this project
[0.935s]   has asked CMake to find a package configuration file provided by
[0.935s]   "ament_cmake", but CMake did not find one.
[0.936s] 
[0.936s]   Could not find a package configuration file provided by "ament_cmake" with
[0.936s]   any of the following names:
[0.936s] 
[0.936s]     ament_cmakeConfig.cmake
[0.936s]     ament_cmake-config.cmake
[0.936s] 
[0.936s]   Add the installation prefix of "ament_cmake" to CMAKE_PREFIX_PATH or set
[0.936s]   "ament_cmake_DIR" to a directory containing one of the above files.  If
[0.936s]   "ament_cmake" provides a separate development package or SDK, be sure it
[0.936s]   has been installed.
[0.936s] 
[0.936s] [0m
[0.936s] -- Configuring incomplete, errors occurred!
[0.936s] See also "/ros2-migration/build/cob_base_controller_utils/CMakeFiles/CMakeOutput.log".
