[0.005s] Invoking command in '/home/ahmo030/ros2-migration/arena/arena-rosnav/utils/misc/path_search/build/path_search': CMAKE_PREFIX_PATH=/opt/ros/humble:${CMAKE_PREFIX_PATH} /usr/bin/cmake /home/ahmo030/ros2-migration/arena/arena-rosnav/utils/misc/path_search -DCMAKE_INSTALL_PREFIX=/home/ahmo030/ros2-migration/arena/arena-rosnav/utils/misc/path_search/install/path_search
[0.012s] -- Found ament_cmake: 1.3.8 (/opt/ros/humble/share/ament_cmake/cmake)
[0.080s] -- Found nav_msgs: 4.2.3 (/opt/ros/humble/share/nav_msgs/cmake)
[0.096s] -- Found rosidl_generator_c: 3.1.5 (/opt/ros/humble/share/rosidl_generator_c/cmake)
[0.097s] -- Found rosidl_adapter: 3.1.5 (/opt/ros/humble/share/rosidl_adapter/cmake)
[0.100s] -- Found rosidl_generator_cpp: 3.1.5 (/opt/ros/humble/share/rosidl_generator_cpp/cmake)
[0.106s] -- Using all available rosidl_typesupport_c: rosidl_typesupport_fastrtps_c;rosidl_typesupport_introspection_c
[0.114s] -- Using all available rosidl_typesupport_cpp: rosidl_typesupport_fastrtps_cpp;rosidl_typesupport_introspection_cpp
[0.230s] -- Eigen found (include: /usr/include/eigen3, version: 3.4.0)
[0.264s] -- The imported target "vtkParseOGLExt" references the file
[0.264s]    "/usr/bin/vtkParseOGLExt-7.1"
[0.264s] but this file does not exist.  Possible reasons include:
[0.264s] * The file was deleted, renamed, or moved to another location.
[0.264s] * An install or uninstall procedure did not complete successfully.
[0.264s] * The installation package was faulty and contained
[0.264s]    "/usr/lib/cmake/vtk-7.1/VTKTargets.cmake"
[0.264s] but not all the files it references.
[0.264s] 
[0.265s] -- The imported target "vtkRenderingPythonTkWidgets" references the file
[0.265s]    "/usr/lib/x86_64-linux-gnu/libvtkRenderingPythonTkWidgets.so"
[0.265s] but this file does not exist.  Possible reasons include:
[0.265s] * The file was deleted, renamed, or moved to another location.
[0.265s] * An install or uninstall procedure did not complete successfully.
[0.265s] * The installation package was faulty and contained
[0.265s]    "/usr/lib/cmake/vtk-7.1/VTKTargets.cmake"
[0.265s] but not all the files it references.
[0.265s] 
[0.265s] -- The imported target "vtk" references the file
[0.265s]    "/usr/bin/vtk"
[0.265s] but this file does not exist.  Possible reasons include:
[0.265s] * The file was deleted, renamed, or moved to another location.
[0.265s] * An install or uninstall procedure did not complete successfully.
[0.265s] * The installation package was faulty and contained
[0.265s]    "/usr/lib/cmake/vtk-7.1/VTKTargets.cmake"
[0.265s] but not all the files it references.
[0.265s] 
[0.265s] -- The imported target "pvtk" references the file
[0.265s]    "/usr/bin/pvtk"
[0.265s] but this file does not exist.  Possible reasons include:
[0.265s] * The file was deleted, renamed, or moved to another location.
[0.265s] * An install or uninstall procedure did not complete successfully.
[0.265s] * The installation package was faulty and contained
[0.265s]    "/usr/lib/cmake/vtk-7.1/VTKTargets.cmake"
[0.265s] but not all the files it references.
[0.265s] 
[0.272s] CMake Warning (dev) at /usr/share/cmake-3.22/Modules/FindPackageHandleStandardArgs.cmake:438 (message):
[0.272s]   The package name passed to `find_package_handle_standard_args` (USB_10)
[0.272s]   does not match the name of the calling package (OpenNI).  This can lead to
[0.272s]   problems in calling code that expects `find_package` result variables
[0.272s]   (e.g., `_FOUND`) to follow a certain pattern.
[0.272s] Call Stack (most recent call first):
[0.272s]   /usr/lib/x86_64-linux-gnu/cmake/pcl/Modules/FindOpenNI.cmake:28 (find_package_handle_standard_args)
[0.272s]   /usr/lib/x86_64-linux-gnu/cmake/pcl/PCLConfig.cmake:179 (find_package)
[0.272s]   /usr/lib/x86_64-linux-gnu/cmake/pcl/PCLConfig.cmake:322 (find_openni)
[0.272s]   /usr/lib/x86_64-linux-gnu/cmake/pcl/PCLConfig.cmake:548 (find_external_library)
[0.272s]   CMakeLists.txt:12 (find_package)
[0.272s] This warning is for project developers.  Use -Wno-dev to suppress it.
[0.272s] 
[0.272s] -- OpenNI found (include: /usr/include/ni, lib: /usr/lib/libOpenNI.so)
[0.275s] CMake Warning (dev) at /usr/share/cmake-3.22/Modules/FindPackageHandleStandardArgs.cmake:438 (message):
[0.275s]   The package name passed to `find_package_handle_standard_args` (USB_10)
[0.275s]   does not match the name of the calling package (OpenNI2).  This can lead to
[0.275s]   problems in calling code that expects `find_package` result variables
[0.275s]   (e.g., `_FOUND`) to follow a certain pattern.
[0.275s] Call Stack (most recent call first):
[0.275s]   /usr/lib/x86_64-linux-gnu/cmake/pcl/Modules/FindOpenNI2.cmake:28 (find_package_handle_standard_args)
[0.275s]   /usr/lib/x86_64-linux-gnu/cmake/pcl/PCLConfig.cmake:193 (find_package)
[0.275s]   /usr/lib/x86_64-linux-gnu/cmake/pcl/PCLConfig.cmake:324 (find_openni2)
[0.275s]   /usr/lib/x86_64-linux-gnu/cmake/pcl/PCLConfig.cmake:548 (find_external_library)
[0.275s]   CMakeLists.txt:12 (find_package)
[0.275s] This warning is for project developers.  Use -Wno-dev to suppress it.
[0.275s] 
[0.275s] -- OpenNI2 found (include: /usr/include/openni2, lib: /usr/lib/x86_64-linux-gnu/libOpenNI2.so)
[0.276s] ** WARNING ** io features related to pcap will be disabled
[0.276s] ** WARNING ** io features related to png will be disabled
[0.280s] CMake Warning (dev) at /usr/share/cmake-3.22/Modules/FindPackageHandleStandardArgs.cmake:438 (message):
[0.280s]   The package name passed to `find_package_handle_standard_args` (libusb-1.0)
[0.280s]   does not match the name of the calling package (PCL).  This can lead to
[0.280s]   problems in calling code that expects `find_package` result variables
[0.280s]   (e.g., `_FOUND`) to follow a certain pattern.
[0.280s] Call Stack (most recent call first):
[0.280s]   /usr/lib/x86_64-linux-gnu/cmake/pcl/PCLConfig.cmake:291 (find_package_handle_standard_args)
[0.280s]   /usr/lib/x86_64-linux-gnu/cmake/pcl/PCLConfig.cmake:338 (find_libusb)
[0.280s]   /usr/lib/x86_64-linux-gnu/cmake/pcl/PCLConfig.cmake:548 (find_external_library)
[0.280s]   CMakeLists.txt:12 (find_package)
[0.280s] This warning is for project developers.  Use -Wno-dev to suppress it.
[0.280s] 
[0.280s] ** WARNING ** io features related to libusb-1.0 will be disabled
[0.283s] CMake Warning (dev) at /usr/share/cmake-3.22/Modules/FindPackageHandleStandardArgs.cmake:438 (message):
[0.283s]   The package name passed to `find_package_handle_standard_args` (USB_10)
[0.283s]   does not match the name of the calling package (OpenNI).  This can lead to
[0.283s]   problems in calling code that expects `find_package` result variables
[0.283s]   (e.g., `_FOUND`) to follow a certain pattern.
[0.283s] Call Stack (most recent call first):
[0.283s]   /usr/lib/x86_64-linux-gnu/cmake/pcl/Modules/FindOpenNI.cmake:28 (find_package_handle_standard_args)
[0.283s]   /usr/lib/x86_64-linux-gnu/cmake/pcl/PCLConfig.cmake:179 (find_package)
[0.283s]   /usr/lib/x86_64-linux-gnu/cmake/pcl/PCLConfig.cmake:322 (find_openni)
[0.283s]   /usr/lib/x86_64-linux-gnu/cmake/pcl/PCLConfig.cmake:548 (find_external_library)
[0.283s]   CMakeLists.txt:12 (find_package)
[0.283s] This warning is for project developers.  Use -Wno-dev to suppress it.
[0.283s] 
[0.283s] -- OpenNI found (include: /usr/include/ni, lib: /usr/lib/libOpenNI.so)
[0.286s] CMake Warning (dev) at /usr/share/cmake-3.22/Modules/FindPackageHandleStandardArgs.cmake:438 (message):
[0.286s]   The package name passed to `find_package_handle_standard_args` (USB_10)
[0.286s]   does not match the name of the calling package (OpenNI2).  This can lead to
[0.286s]   problems in calling code that expects `find_package` result variables
[0.286s]   (e.g., `_FOUND`) to follow a certain pattern.
[0.286s] Call Stack (most recent call first):
[0.286s]   /usr/lib/x86_64-linux-gnu/cmake/pcl/Modules/FindOpenNI2.cmake:28 (find_package_handle_standard_args)
[0.286s]   /usr/lib/x86_64-linux-gnu/cmake/pcl/PCLConfig.cmake:193 (find_package)
[0.286s]   /usr/lib/x86_64-linux-gnu/cmake/pcl/PCLConfig.cmake:324 (find_openni2)
[0.286s]   /usr/lib/x86_64-linux-gnu/cmake/pcl/PCLConfig.cmake:548 (find_external_library)
[0.286s]   CMakeLists.txt:12 (find_package)
[0.286s] This warning is for project developers.  Use -Wno-dev to suppress it.
[0.286s] 
[0.286s] -- OpenNI2 found (include: /usr/include/openni2, lib: /usr/lib/x86_64-linux-gnu/libOpenNI2.so)
[0.291s] -- QHULL found (include: /usr/include, lib: optimized;/usr/lib/x86_64-linux-gnu/libqhull.so;debug;/usr/lib/x86_64-linux-gnu/libqhull.so)
[0.294s] CMake Warning (dev) at /usr/share/cmake-3.22/Modules/FindPackageHandleStandardArgs.cmake:438 (message):
[0.294s]   The package name passed to `find_package_handle_standard_args` (USB_10)
[0.294s]   does not match the name of the calling package (OpenNI).  This can lead to
[0.294s]   problems in calling code that expects `find_package` result variables
[0.294s]   (e.g., `_FOUND`) to follow a certain pattern.
[0.294s] Call Stack (most recent call first):
[0.294s]   /usr/lib/x86_64-linux-gnu/cmake/pcl/Modules/FindOpenNI.cmake:28 (find_package_handle_standard_args)
[0.294s]   /usr/lib/x86_64-linux-gnu/cmake/pcl/PCLConfig.cmake:179 (find_package)
[0.294s]   /usr/lib/x86_64-linux-gnu/cmake/pcl/PCLConfig.cmake:322 (find_openni)
[0.294s]   /usr/lib/x86_64-linux-gnu/cmake/pcl/PCLConfig.cmake:548 (find_external_library)
[0.294s]   CMakeLists.txt:12 (find_package)
[0.294s] This warning is for project developers.  Use -Wno-dev to suppress it.
[0.294s] 
[0.295s] -- OpenNI found (include: /usr/include/ni, lib: /usr/lib/libOpenNI.so)
[0.299s] -- looking for PCL_COMMON
[0.300s] CMake Warning (dev) at /usr/share/cmake-3.22/Modules/FindPackageHandleStandardArgs.cmake:438 (message):
[0.300s]   The package name passed to `find_package_handle_standard_args` (PCL_COMMON)
[0.300s]   does not match the name of the calling package (PCL).  This can lead to
[0.300s]   problems in calling code that expects `find_package` result variables
[0.300s]   (e.g., `_FOUND`) to follow a certain pattern.
[0.300s] Call Stack (most recent call first):
[0.300s]   /usr/lib/x86_64-linux-gnu/cmake/pcl/PCLConfig.cmake:616 (find_package_handle_standard_args)
[0.300s]   CMakeLists.txt:12 (find_package)
[0.300s] This warning is for project developers.  Use -Wno-dev to suppress it.
[0.300s] 
[0.300s] -- looking for PCL_KDTREE
[0.300s] CMake Warning (dev) at /usr/share/cmake-3.22/Modules/FindPackageHandleStandardArgs.cmake:438 (message):
[0.300s]   The package name passed to `find_package_handle_standard_args` (PCL_KDTREE)
[0.300s]   does not match the name of the calling package (PCL).  This can lead to
[0.300s]   problems in calling code that expects `find_package` result variables
[0.300s]   (e.g., `_FOUND`) to follow a certain pattern.
[0.300s] Call Stack (most recent call first):
[0.300s]   /usr/lib/x86_64-linux-gnu/cmake/pcl/PCLConfig.cmake:616 (find_package_handle_standard_args)
[0.300s]   CMakeLists.txt:12 (find_package)
[0.300s] This warning is for project developers.  Use -Wno-dev to suppress it.
[0.300s] 
[0.300s] -- looking for PCL_OCTREE
[0.300s] CMake Warning (dev) at /usr/share/cmake-3.22/Modules/FindPackageHandleStandardArgs.cmake:438 (message):
[0.300s]   The package name passed to `find_package_handle_standard_args` (PCL_OCTREE)
[0.301s]   does not match the name of the calling package (PCL).  This can lead to
[0.301s]   problems in calling code that expects `find_package` result variables
[0.301s]   (e.g., `_FOUND`) to follow a certain pattern.
[0.301s] Call Stack (most recent call first):
[0.301s]   /usr/lib/x86_64-linux-gnu/cmake/pcl/PCLConfig.cmake:616 (find_package_handle_standard_args)
[0.301s]   CMakeLists.txt:12 (find_package)
[0.301s] This warning is for project developers.  Use -Wno-dev to suppress it.
[0.301s] 
[0.301s] -- looking for PCL_SEARCH
[0.301s] CMake Warning (dev) at /usr/share/cmake-3.22/Modules/FindPackageHandleStandardArgs.cmake:438 (message):
[0.301s]   The package name passed to `find_package_handle_standard_args` (PCL_SEARCH)
[0.301s]   does not match the name of the calling package (PCL).  This can lead to
[0.301s]   problems in calling code that expects `find_package` result variables
[0.301s]   (e.g., `_FOUND`) to follow a certain pattern.
[0.301s] Call Stack (most recent call first):
[0.301s]   /usr/lib/x86_64-linux-gnu/cmake/pcl/PCLConfig.cmake:616 (find_package_handle_standard_args)
[0.301s]   CMakeLists.txt:12 (find_package)
[0.301s] This warning is for project developers.  Use -Wno-dev to suppress it.
[0.301s] 
[0.301s] -- looking for PCL_SAMPLE_CONSENSUS
[0.301s] -- looking for PCL_FILTERS
[0.301s] -- looking for PCL_2D
[0.301s] -- looking for PCL_GEOMETRY
[0.301s] -- looking for PCL_IO
[0.301s] -- looking for PCL_FEATURES
[0.301s] CMake Warning (dev) at /usr/share/cmake-3.22/Modules/FindPackageHandleStandardArgs.cmake:438 (message):
[0.302s]   The package name passed to `find_package_handle_standard_args`
[0.302s]   (PCL_SAMPLE_CONSENSUS) does not match the name of the calling package
[0.302s]   (PCL).  This can lead to problems in calling code that expects
[0.302s]   `find_package` result variables (e.g., `_FOUND`) to follow a certain
[0.302s]   pattern.
[0.302s] Call Stack (most recent call first):
[0.302s]   /usr/lib/x86_64-linux-gnu/cmake/pcl/PCLConfig.cmake:616 (find_package_handle_standard_args)
[0.302s]   CMakeLists.txt:12 (find_package)
[0.302s] This warning is for project developers.  Use -Wno-dev to suppress it.
[0.302s] 
[0.302s] CMake Warning (dev) at /usr/share/cmake-3.22/Modules/FindPackageHandleStandardArgs.cmake:438 (message):
[0.302s]   The package name passed to `find_package_handle_standard_args`
[0.302s]   (PCL_FILTERS) does not match the name of the calling package (PCL).  This
[0.302s]   can lead to problems in calling code that expects `find_package` result
[0.302s]   variables (e.g., `_FOUND`) to follow a certain pattern.
[0.302s] Call Stack (most recent call first):
[0.302s]   /usr/lib/x86_64-linux-gnu/cmake/pcl/PCLConfig.cmake:616 (find_package_handle_standard_args)
[0.302s]   CMakeLists.txt:12 (find_package)
[0.302s] This warning is for project developers.  Use -Wno-dev to suppress it.
[0.302s] 
[0.302s] CMake Warning (dev) at /usr/share/cmake-3.22/Modules/FindPackageHandleStandardArgs.cmake:438 (message):
[0.302s]   The package name passed to `find_package_handle_standard_args` (PCL_2D)
[0.302s]   does not match the name of the calling package (PCL).  This can lead to
[0.302s]   problems in calling code that expects `find_package` result variables
[0.302s]   (e.g., `_FOUND`) to follow a certain pattern.
[0.302s] Call Stack (most recent call first):
[0.302s]   /usr/lib/x86_64-linux-gnu/cmake/pcl/PCLConfig.cmake:619 (find_package_handle_standard_args)
[0.302s]   CMakeLists.txt:12 (find_package)
[0.302s] This warning is for project developers.  Use -Wno-dev to suppress it.
[0.303s] 
[0.303s] CMake Warning (dev) at /usr/share/cmake-3.22/Modules/FindPackageHandleStandardArgs.cmake:438 (message):
[0.303s]   The package name passed to `find_package_handle_standard_args`
[0.303s]   (PCL_GEOMETRY) does not match the name of the calling package (PCL).  This
[0.303s]   can lead to problems in calling code that expects `find_package` result
[0.303s]   variables (e.g., `_FOUND`) to follow a certain pattern.
[0.303s] Call Stack (most recent call first):
[0.303s]   /usr/lib/x86_64-linux-gnu/cmake/pcl/PCLConfig.cmake:619 (find_package_handle_standard_args)
[0.303s]   CMakeLists.txt:12 (find_package)
[0.303s] This warning is for project developers.  Use -Wno-dev to suppress it.
[0.303s] 
[0.303s] CMake Warning (dev) at /usr/share/cmake-3.22/Modules/FindPackageHandleStandardArgs.cmake:438 (message):
[0.303s]   The package name passed to `find_package_handle_standard_args` (PCL_IO)
[0.303s]   does not match the name of the calling package (PCL).  This can lead to
[0.303s]   problems in calling code that expects `find_package` result variables
[0.303s]   (e.g., `_FOUND`) to follow a certain pattern.
[0.303s] Call Stack (most recent call first):
[0.303s]   /usr/lib/x86_64-linux-gnu/cmake/pcl/PCLConfig.cmake:616 (find_package_handle_standard_args)
[0.303s]   CMakeLists.txt:12 (find_package)
[0.303s] This warning is for project developers.  Use -Wno-dev to suppress it.
[0.303s] 
[0.303s] CMake Warning (dev) at /usr/share/cmake-3.22/Modules/FindPackageHandleStandardArgs.cmake:438 (message):
[0.303s]   The package name passed to `find_package_handle_standard_args`
[0.303s]   (PCL_FEATURES) does not match the name of the calling package (PCL).  This
[0.303s]   can lead to problems in calling code that expects `find_package` result
[0.303s]   variables (e.g., `_FOUND`) to follow a certain pattern.
[0.303s] Call Stack (most recent call first):
[0.303s]   /usr/lib/x86_64-linux-gnu/cmake/pcl/PCLConfig.cmake:616 (find_package_handle_standard_args)
[0.303s]   CMakeLists.txt:12 (find_package)
[0.304s] This warning is for project developers.  Use -Wno-dev to suppress it.
[0.304s] 
[0.304s] -- looking for PCL_ML
[0.304s] CMake Warning (dev) at /usr/share/cmake-3.22/Modules/FindPackageHandleStandardArgs.cmake:438 (message):
[0.304s]   The package name passed to `find_package_handle_standard_args` (PCL_ML)
[0.304s]   does not match the name of the calling package (PCL).  This can lead to
[0.304s]   problems in calling code that expects `find_package` result variables
[0.304s]   (e.g., `_FOUND`) to follow a certain pattern.
[0.304s] Call Stack (most recent call first):
[0.304s]   /usr/lib/x86_64-linux-gnu/cmake/pcl/PCLConfig.cmake:616 (find_package_handle_standard_args)
[0.304s]   CMakeLists.txt:12 (find_package)
[0.304s] This warning is for project developers.  Use -Wno-dev to suppress it.
[0.304s] 
[0.304s] -- looking for PCL_SEGMENTATION
[0.304s] CMake Warning (dev) at /usr/share/cmake-3.22/Modules/FindPackageHandleStandardArgs.cmake:438 (message):
[0.304s]   The package name passed to `find_package_handle_standard_args`
[0.304s]   (PCL_SEGMENTATION) does not match the name of the calling package (PCL).
[0.304s]   This can lead to problems in calling code that expects `find_package`
[0.304s]   result variables (e.g., `_FOUND`) to follow a certain pattern.
[0.304s] Call Stack (most recent call first):
[0.304s]   /usr/lib/x86_64-linux-gnu/cmake/pcl/PCLConfig.cmake:616 (find_package_handle_standard_args)
[0.304s]   CMakeLists.txt:12 (find_package)
[0.304s] This warning is for project developers.  Use -Wno-dev to suppress it.
[0.304s] 
[0.304s] -- looking for PCL_VISUALIZATION
[0.304s] -- looking for PCL_SURFACE
[0.304s] CMake Warning (dev) at /usr/share/cmake-3.22/Modules/FindPackageHandleStandardArgs.cmake:438 (message):
[0.304s]   The package name passed to `find_package_handle_standard_args`
[0.304s]   (PCL_VISUALIZATION) does not match the name of the calling package (PCL).
[0.305s]   This can lead to problems in calling code that expects `find_package`
[0.305s]   result variables (e.g., `_FOUND`) to follow a certain pattern.
[0.305s] Call Stack (most recent call first):
[0.305s]   /usr/lib/x86_64-linux-gnu/cmake/pcl/PCLConfig.cmake:616 (find_package_handle_standard_args)
[0.305s]   CMakeLists.txt:12 (find_package)
[0.305s] This warning is for project developers.  Use -Wno-dev to suppress it.
[0.305s] 
[0.305s] CMake Warning (dev) at /usr/share/cmake-3.22/Modules/FindPackageHandleStandardArgs.cmake:438 (message):
[0.305s]   The package name passed to `find_package_handle_standard_args`
[0.305s]   (PCL_SURFACE) does not match the name of the calling package (PCL).  This
[0.305s]   can lead to problems in calling code that expects `find_package` result
[0.305s]   variables (e.g., `_FOUND`) to follow a certain pattern.
[0.305s] Call Stack (most recent call first):
[0.305s]   /usr/lib/x86_64-linux-gnu/cmake/pcl/PCLConfig.cmake:616 (find_package_handle_standard_args)
[0.305s]   CMakeLists.txt:12 (find_package)
[0.305s] This warning is for project developers.  Use -Wno-dev to suppress it.
[0.305s] 
[0.305s] CMake Warning (dev) at /usr/share/cmake-3.22/Modules/FindPackageHandleStandardArgs.cmake:438 (message):
[0.305s]   The package name passed to `find_package_handle_standard_args`
[0.305s]   (PCL_REGISTRATION) does not match the name of the calling package (PCL).
[0.305s]   This can lead to problems in calling code that expects `find_package`
[0.305s]   result variables (e.g., `_FOUND`) to follow a certain pattern.
[0.305s] Call Stack (most recent call first):
[0.305s]   /usr/lib/x86_64-linux-gnu/cmake/pcl/PCLConfig.cmake:616 (find_package_handle_standard_args)
[0.305s]   CMakeLists.txt:12 (find_package)
[0.305s] This warning is for project developers.  Use -Wno-dev to suppress it.
[0.305s] 
[0.305s] CMake Warning (dev) at /usr/share/cmake-3.22/Modules/FindPackageHandleStandardArgs.cmake:438 (message):
[0.305s]   The package name passed to `find_package_handle_standard_args`
[0.305s]   (PCL_KEYPOINTS) does not match the name of the calling package (PCL).  This
[0.305s]   can lead to problems in calling code that expects `find_package` result
[0.305s]   variables (e.g., `_FOUND`) to follow a certain pattern.
[0.305s] Call Stack (most recent call first):
[0.305s]   /usr/lib/x86_64-linux-gnu/cmake/pcl/PCLConfig.cmake:616 (find_package_handle_standard_args)
[0.305s]   CMakeLists.txt:12 (find_package)
[0.306s] This warning is for project developers.  Use -Wno-dev to suppress it.
[0.306s] 
[0.306s] -- looking for PCL_REGISTRATION
[0.306s] -- looking for PCL_KEYPOINTS
[0.306s] -- looking for PCL_TRACKING
[0.306s] CMake Warning (dev) at /usr/share/cmake-3.22/Modules/FindPackageHandleStandardArgs.cmake:438 (message):
[0.306s]   The package name passed to `find_package_handle_standard_args`
[0.306s]   (PCL_TRACKING) does not match the name of the calling package (PCL).  This
[0.306s]   can lead to problems in calling code that expects `find_package` result
[0.306s]   variables (e.g., `_FOUND`) to follow a certain pattern.
[0.306s] Call Stack (most recent call first):
[0.306s]   /usr/lib/x86_64-linux-gnu/cmake/pcl/PCLConfig.cmake:616 (find_package_handle_standard_args)
[0.306s]   CMakeLists.txt:12 (find_package)
[0.306s] This warning is for project developers.  Use -Wno-dev to suppress it.
[0.306s] 
[0.306s] -- looking for PCL_RECOGNITION
[0.306s] CMake Warning (dev) at /usr/share/cmake-3.22/Modules/FindPackageHandleStandardArgs.cmake:438 (message):
[0.306s]   The package name passed to `find_package_handle_standard_args`
[0.306s]   (PCL_RECOGNITION) does not match the name of the calling package (PCL).
[0.306s]   This can lead to problems in calling code that expects `find_package`
[0.306s]   result variables (e.g., `_FOUND`) to follow a certain pattern.
[0.306s] Call Stack (most recent call first):
[0.306s]   /usr/lib/x86_64-linux-gnu/cmake/pcl/PCLConfig.cmake:616 (find_package_handle_standard_args)
[0.306s]   CMakeLists.txt:12 (find_package)
[0.306s] This warning is for project developers.  Use -Wno-dev to suppress it.
[0.306s] 
[0.306s] CMake Warning (dev) at /usr/share/cmake-3.22/Modules/FindPackageHandleStandardArgs.cmake:438 (message):
[0.306s]   The package name passed to `find_package_handle_standard_args` (PCL_STEREO)
[0.306s]   does not match the name of the calling package (PCL).  This can lead to
[0.306s]   problems in calling code that expects `find_package` result variables
[0.306s]   (e.g., `_FOUND`) to follow a certain pattern.
[0.306s] Call Stack (most recent call first):
[0.306s]   /usr/lib/x86_64-linux-gnu/cmake/pcl/PCLConfig.cmake:616 (find_package_handle_standard_args)
[0.307s]   CMakeLists.txt:12 (find_package)
[0.307s] This warning is for project developers.  Use -Wno-dev to suppress it.
[0.307s] 
[0.307s] CMake Warning (dev) at /usr/share/cmake-3.22/Modules/FindPackageHandleStandardArgs.cmake:438 (message):
[0.307s]   The package name passed to `find_package_handle_standard_args` (PCL_APPS)
[0.307s]   does not match the name of the calling package (PCL).  This can lead to
[0.307s]   problems in calling code that expects `find_package` result variables
[0.307s]   (e.g., `_FOUND`) to follow a certain pattern.
[0.307s] Call Stack (most recent call first):
[0.307s]   /usr/lib/x86_64-linux-gnu/cmake/pcl/PCLConfig.cmake:616 (find_package_handle_standard_args)
[0.307s]   CMakeLists.txt:12 (find_package)
[0.307s] This warning is for project developers.  Use -Wno-dev to suppress it.
[0.307s] 
[0.307s] -- looking for PCL_STEREO
[0.307s] -- looking for PCL_APPS
[0.307s] -- looking for PCL_IN_HAND_SCANNER
[0.307s] -- looking for PCL_POINT_CLOUD_EDITOR
[0.307s] CMake Warning (dev) at /usr/share/cmake-3.22/Modules/FindPackageHandleStandardArgs.cmake:438 (message):
[0.307s]   The package name passed to `find_package_handle_standard_args`
[0.307s]   (PCL_IN_HAND_SCANNER) does not match the name of the calling package (PCL).
[0.307s]   This can lead to problems in calling code that expects `find_package`
[0.307s]   result variables (e.g., `_FOUND`) to follow a certain pattern.
[0.307s] Call Stack (most recent call first):
[0.307s]   /usr/lib/x86_64-linux-gnu/cmake/pcl/PCLConfig.cmake:619 (find_package_handle_standard_args)
[0.307s]   CMakeLists.txt:12 (find_package)
[0.307s] This warning is for project developers.  Use -Wno-dev to suppress it.
[0.307s] 
[0.307s] CMake Warning (dev) at /usr/share/cmake-3.22/Modules/FindPackageHandleStandardArgs.cmake:438 (message):
[0.307s]   The package name passed to `find_package_handle_standard_args`
[0.307s]   (PCL_POINT_CLOUD_EDITOR) does not match the name of the calling package
[0.307s]   (PCL).  This can lead to problems in calling code that expects
[0.307s]   `find_package` result variables (e.g., `_FOUND`) to follow a certain
[0.307s]   pattern.
[0.307s] Call Stack (most recent call first):
[0.307s]   /usr/lib/x86_64-linux-gnu/cmake/pcl/PCLConfig.cmake:619 (find_package_handle_standard_args)
[0.307s]   CMakeLists.txt:12 (find_package)
[0.308s] This warning is for project developers.  Use -Wno-dev to suppress it.
[0.308s] 
[0.308s] -- looking for PCL_OUTOFCORE
[0.308s] CMake Warning (dev) at /usr/share/cmake-3.22/Modules/FindPackageHandleStandardArgs.cmake:438 (message):
[0.308s]   The package name passed to `find_package_handle_standard_args`
[0.308s]   (PCL_OUTOFCORE) does not match the name of the calling package (PCL).  This
[0.308s]   can lead to problems in calling code that expects `find_package` result
[0.308s]   variables (e.g., `_FOUND`) to follow a certain pattern.
[0.308s] Call Stack (most recent call first):
[0.308s]   /usr/lib/x86_64-linux-gnu/cmake/pcl/PCLConfig.cmake:616 (find_package_handle_standard_args)
[0.308s]   CMakeLists.txt:12 (find_package)
[0.308s] This warning is for project developers.  Use -Wno-dev to suppress it.
[0.308s] 
[0.308s] CMake Warning (dev) at /usr/share/cmake-3.22/Modules/FindPackageHandleStandardArgs.cmake:438 (message):
[0.308s]   The package name passed to `find_package_handle_standard_args` (PCL_PEOPLE)
[0.308s]   does not match the name of the calling package (PCL).  This can lead to
[0.308s]   problems in calling code that expects `find_package` result variables
[0.308s]   (e.g., `_FOUND`) to follow a certain pattern.
[0.308s] Call Stack (most recent call first):
[0.308s]   /usr/lib/x86_64-linux-gnu/cmake/pcl/PCLConfig.cmake:616 (find_package_handle_standard_args)
[0.308s]   CMakeLists.txt:12 (find_package)
[0.308s] This warning is for project developers.  Use -Wno-dev to suppress it.
[0.308s] 
[0.308s] -- looking for PCL_PEOPLE
[0.308s] -- Found rclcpp: 16.0.8 (/opt/ros/humble/share/rclcpp/cmake)
[0.331s] -- Found rmw_implementation_cmake: 6.1.1 (/opt/ros/humble/share/rmw_implementation_cmake/cmake)
[0.332s] -- Found rmw_fastrtps_cpp: 6.2.6 (/opt/ros/humble/share/rmw_fastrtps_cpp/cmake)
[0.410s] -- Using RMW implementation 'rmw_fastrtps_cpp' as default
[0.479s] -- Found rclpy: 3.3.12 (/opt/ros/humble/share/rclpy/cmake)
[0.488s] CMake Error at CMakeLists.txt:18 (find_package):
[0.488s]   By not providing "Findmapping.cmake" in CMAKE_MODULE_PATH this project has
[0.488s]   asked CMake to find a package configuration file provided by "mapping", but
[0.488s]   CMake did not find one.
[0.488s] 
[0.488s]   Could not find a package configuration file provided by "mapping" with any
[0.488s]   of the following names:
[0.488s] 
[0.488s]     mappingConfig.cmake
[0.488s]     mapping-config.cmake
[0.488s] 
[0.488s]   Add the installation prefix of "mapping" to CMAKE_PREFIX_PATH or set
[0.488s]   "mapping_DIR" to a directory containing one of the above files.  If
[0.488s]   "mapping" provides a separate development package or SDK, be sure it has
[0.488s]   been installed.
[0.488s] 
[0.488s] 
[0.488s] -- Configuring incomplete, errors occurred!
[0.488s] See also "/home/ahmo030/ros2-migration/arena/arena-rosnav/utils/misc/path_search/build/path_search/CMakeFiles/CMakeOutput.log".
[0.493s] Invoked command in '/home/ahmo030/ros2-migration/arena/arena-rosnav/utils/misc/path_search/build/path_search' returned '1': CMAKE_PREFIX_PATH=/opt/ros/humble:${CMAKE_PREFIX_PATH} /usr/bin/cmake /home/ahmo030/ros2-migration/arena/arena-rosnav/utils/misc/path_search -DCMAKE_INSTALL_PREFIX=/home/ahmo030/ros2-migration/arena/arena-rosnav/utils/misc/path_search/install/path_search
