[0.031s] Invoking command in '/ros2-migration/build/plan_msgs': /usr/bin/cmake /ros2-migration/arena/arena-rosnav/utils/ros/msgs/plan_msgs -DCATKIN_INSTALL_INTO_PREFIX_ROOT=0 -DCMAKE_INSTALL_PREFIX=/ros2-migration/install/plan_msgs
[0.130s] -- Found ament_cmake: 1.3.9 (/opt/ros/humble/share/ament_cmake/cmake)
[0.147s] Traceback (most recent call last):
[0.147s]   File "/opt/ros/humble/share/ament_cmake_core/cmake/package_templates/templates_2_cmake.py", line 21, in <module>
[0.148s]     from ament_package.templates import get_environment_hook_template_path
[0.148s] ModuleNotFoundError: No module named 'ament_package'
[0.150s] [31mCMake Error at /opt/ros/humble/share/ament_cmake_core/cmake/ament_cmake_package_templates-extras.cmake:41 (message):
[0.150s]   execute_process(/usr/bin/python3
[0.150s]   /opt/ros/humble/share/ament_cmake_core/cmake/package_templates/templates_2_cmake.py
[0.150s]   /ros2-migration/build/plan_msgs/ament_cmake_package_templates/templates.cmake)
[0.150s]   returned error code 1
[0.150s] Call Stack (most recent call first):
[0.150s]   /opt/ros/humble/share/ament_cmake_core/cmake/ament_cmake_coreConfig.cmake:41 (include)
[0.150s]   /opt/ros/humble/share/ament_cmake/cmake/ament_cmake_export_dependencies-extras.cmake:15 (find_package)
[0.151s]   /opt/ros/humble/share/ament_cmake/cmake/ament_cmakeConfig.cmake:41 (include)
[0.151s]   CMakeLists.txt:8 (find_package)
[0.151s] 
[0.151s] [0m
[0.153s] -- Configuring incomplete, errors occurred!
[0.154s] See also "/ros2-migration/build/plan_msgs/CMakeFiles/CMakeOutput.log".
