[0.026s] Invoking command in '/ros2-migration/build/plan_visualization': /usr/bin/cmake /ros2-migration/arena/arena-rosnav/utils/misc/plan_visualization -DCMAKE_INSTALL_PREFIX=/ros2-migration/install/plan_visualization
[0.095s] -- Found ament_cmake: 1.3.9 (/opt/ros/humble/share/ament_cmake/cmake)
[0.619s] -- Found Python3: /usr/bin/python3 (found version "3.10.12") found components: Interpreter 
[0.866s] -- Found std_msgs: 4.2.3 (/opt/ros/humble/share/std_msgs/cmake)
[1.018s] -- Found rosidl_generator_c: 3.1.5 (/opt/ros/humble/share/rosidl_generator_c/cmake)
[1.026s] -- Found rosidl_adapter: 3.1.5 (/opt/ros/humble/share/rosidl_adapter/cmake)
[1.057s] -- Found rosidl_generator_cpp: 3.1.5 (/opt/ros/humble/share/rosidl_generator_cpp/cmake)
[1.126s] -- Using all available rosidl_typesupport_c: rosidl_typesupport_fastrtps_c;rosidl_typesupport_introspection_c
[1.160s] -- Using all available rosidl_typesupport_cpp: rosidl_typesupport_fastrtps_cpp;rosidl_typesupport_introspection_cpp
[1.248s] -- Found geometry_msgs: 4.2.3 (/opt/ros/humble/share/geometry_msgs/cmake)
[1.349s] -- Found rclcpp: 16.0.9 (/opt/ros/humble/share/rclcpp/cmake)
[1.419s] -- Found rmw_implementation_cmake: 6.1.2 (/opt/ros/humble/share/rmw_implementation_cmake/cmake)
[1.421s] -- Found rmw_fastrtps_cpp: 6.2.6 (/opt/ros/humble/share/rmw_fastrtps_cpp/cmake)
[1.623s] -- Found OpenSSL: /usr/lib/x86_64-linux-gnu/libcrypto.so (found version "3.0.2")  
[1.662s] -- Found FastRTPS: /opt/ros/humble/include  
[1.707s] -- Using RMW implementation 'rmw_fastrtps_cpp' as default
[1.770s] -- Looking for pthread.h
[1.981s] -- Looking for pthread.h - found
[1.981s] -- Performing Test CMAKE_HAVE_LIBC_PTHREAD
[2.149s] -- Performing Test CMAKE_HAVE_LIBC_PTHREAD - Success
[2.150s] -- Found Threads: TRUE  
[2.380s] [31mCMake Error at CMakeLists.txt:21 (find_package):
[2.380s]   By not providing "FindREQUIRED.cmake" in CMAKE_MODULE_PATH this project has
[2.380s]   asked CMake to find a package configuration file provided by "REQUIRED",
[2.380s]   but CMake did not find one.
[2.380s] 
[2.380s]   Could not find a package configuration file provided by "REQUIRED" with any
[2.380s]   of the following names:
[2.380s] 
[2.380s]     REQUIREDConfig.cmake
[2.380s]     required-config.cmake
[2.380s] 
[2.381s]   Add the installation prefix of "REQUIRED" to CMAKE_PREFIX_PATH or set
[2.381s]   "REQUIRED_DIR" to a directory containing one of the above files.  If
[2.381s]   "REQUIRED" provides a separate development package or SDK, be sure it has
[2.381s]   been installed.
[2.381s] 
[2.381s] [0m
[2.381s] -- Configuring incomplete, errors occurred!
[2.381s] See also "/ros2-migration/build/plan_visualization/CMakeFiles/CMakeOutput.log".
