[0.106s] Invoking command in '/ros2-migration/build/cob_srvs': CMAKE_PREFIX_PATH=/ros2-migration/install/tiago_controller_configuration:/opt/ros/humble /usr/bin/cmake --build /ros2-migration/build/cob_srvs -- -j8 -l8
[0.181s] [ 10%] Built target cob_srvs__rosidl_generator_c
[0.210s] [ 10%] Built target ament_cmake_python_copy_cob_srvs
[0.230s] [ 12%] Built target cob_srvs__cpp
[0.253s] [ 23%] Built target cob_srvs__rosidl_typesupport_c
[0.305s] [ 34%] Built target cob_srvs__rosidl_typesupport_fastrtps_c
[0.313s] [ 45%] Built target cob_srvs__rosidl_typesupport_fastrtps_cpp
[0.322s] [ 56%] Built target cob_srvs__rosidl_typesupport_cpp
[0.327s] [ 67%] Built target cob_srvs__rosidl_typesupport_introspection_cpp
[0.340s] [ 78%] Built target cob_srvs__rosidl_typesupport_introspection_c
[0.359s] [ 78%] Built target cob_srvs
[0.374s] [ 80%] Built target cob_srvs__py
[0.395s] [ 89%] Built target cob_srvs__rosidl_generator_py
[0.420s] [ 92%] Built target cob_srvs__rosidl_typesupport_c__pyext
[0.422s] [ 96%] Built target cob_srvs__rosidl_typesupport_fastrtps_c__pyext
[0.427s] [100%] Built target cob_srvs__rosidl_typesupport_introspection_c__pyext
[0.503s] running egg_info
[0.504s] writing cob_srvs.egg-info/PKG-INFO
[0.504s] writing dependency_links to cob_srvs.egg-info/dependency_links.txt
[0.508s] writing top-level names to cob_srvs.egg-info/top_level.txt
[0.553s] reading manifest file 'cob_srvs.egg-info/SOURCES.txt'
[0.554s] writing manifest file 'cob_srvs.egg-info/SOURCES.txt'
[0.583s] [100%] Built target ament_cmake_python_build_cob_srvs_egg
