-- Install configuration: ""
-- Up-to-date: /home/ahmo030/ros2-migration/arena/arena-rosnav/task_generator/install/task_generator/bin/main.py
-- Up-to-date: /home/ahmo030/ros2-migration/arena/arena-rosnav/task_generator/install/task_generator/bin/scenario_helper.py
-- Up-to-date: /home/ahmo030/ros2-migration/arena/arena-rosnav/task_generator/install/task_generator/bin/server.py
-- Up-to-date: /home/ahmo030/ros2-migration/arena/arena-rosnav/task_generator/install/task_generator/bin/filewatcher.py
-- Up-to-date: /home/ahmo030/ros2-migration/arena/arena-rosnav/task_generator/install/task_generator/bin/delay_restart.py
-- Up-to-date: /home/ahmo030/ros2-migration/arena/arena-rosnav/task_generator/install/task_generator/share/ament_index/resource_index/package_run_dependencies/task_generator
-- Up-to-date: /home/ahmo030/ros2-migration/arena/arena-rosnav/task_generator/install/task_generator/share/ament_index/resource_index/parent_prefix_path/task_generator
-- Up-to-date: /home/ahmo030/ros2-migration/arena/arena-rosnav/task_generator/install/task_generator/share/task_generator/environment/ament_prefix_path.sh
-- Up-to-date: /home/ahmo030/ros2-migration/arena/arena-rosnav/task_generator/install/task_generator/share/task_generator/environment/ament_prefix_path.dsv
-- Up-to-date: /home/ahmo030/ros2-migration/arena/arena-rosnav/task_generator/install/task_generator/share/task_generator/environment/path.sh
-- Up-to-date: /home/ahmo030/ros2-migration/arena/arena-rosnav/task_generator/install/task_generator/share/task_generator/environment/path.dsv
-- Up-to-date: /home/ahmo030/ros2-migration/arena/arena-rosnav/task_generator/install/task_generator/share/task_generator/local_setup.bash
-- Up-to-date: /home/ahmo030/ros2-migration/arena/arena-rosnav/task_generator/install/task_generator/share/task_generator/local_setup.sh
-- Up-to-date: /home/ahmo030/ros2-migration/arena/arena-rosnav/task_generator/install/task_generator/share/task_generator/local_setup.zsh
-- Up-to-date: /home/ahmo030/ros2-migration/arena/arena-rosnav/task_generator/install/task_generator/share/task_generator/local_setup.dsv
-- Installing: /home/ahmo030/ros2-migration/arena/arena-rosnav/task_generator/install/task_generator/share/task_generator/package.dsv
-- Up-to-date: /home/ahmo030/ros2-migration/arena/arena-rosnav/task_generator/install/task_generator/share/ament_index/resource_index/packages/task_generator
-- Up-to-date: /home/ahmo030/ros2-migration/arena/arena-rosnav/task_generator/install/task_generator/share/task_generator/cmake/ament_cmake_export_dependencies-extras.cmake
-- Up-to-date: /home/ahmo030/ros2-migration/arena/arena-rosnav/task_generator/install/task_generator/share/task_generator/cmake/task_generatorConfig.cmake
-- Up-to-date: /home/ahmo030/ros2-migration/arena/arena-rosnav/task_generator/install/task_generator/share/task_generator/cmake/task_generatorConfig-version.cmake
-- Up-to-date: /home/ahmo030/ros2-migration/arena/arena-rosnav/task_generator/install/task_generator/share/task_generator/package.xml
