[0.044s] Invoking command in '/ros2-migration/build/plan_visualization': /usr/bin/cmake /ros2-migration/arena/arena-rosnav/utils/misc/plan_visualization -DCMAKE_INSTALL_PREFIX=/ros2-migration/install/plan_visualization
[0.062s] -- Found ament_cmake: 1.3.9 (/opt/ros/humble/share/ament_cmake/cmake)
[0.190s] Traceback (most recent call last):
[0.190s]   File "/opt/ros/humble/share/ament_cmake_core/cmake/package_templates/templates_2_cmake.py", line 21, in <module>
[0.190s]     from ament_package.templates import get_environment_hook_template_path
[0.190s] ModuleNotFoundError: No module named 'ament_package'
[0.190s] [31mCMake Error at /opt/ros/humble/share/ament_cmake_core/cmake/ament_cmake_package_templates-extras.cmake:41 (message):
[0.192s]   execute_process(/usr/bin/python3
[0.192s]   /opt/ros/humble/share/ament_cmake_core/cmake/package_templates/templates_2_cmake.py
[0.192s]   /ros2-migration/build/plan_visualization/ament_cmake_package_templates/templates.cmake)
[0.192s]   returned error code 1
[0.192s] Call Stack (most recent call first):
[0.192s]   /opt/ros/humble/share/ament_cmake_core/cmake/ament_cmake_coreConfig.cmake:41 (include)
[0.192s]   /opt/ros/humble/share/ament_cmake/cmake/ament_cmake_export_dependencies-extras.cmake:15 (find_package)
[0.193s]   /opt/ros/humble/share/ament_cmake/cmake/ament_cmakeConfig.cmake:41 (include)
[0.193s]   CMakeLists.txt:17 (find_package)
[0.193s] 
[0.193s] [0m
[0.193s] -- Configuring incomplete, errors occurred!
[0.193s] See also "/ros2-migration/build/plan_visualization/CMakeFiles/CMakeOutput.log".
[0.216s] Invoked command in '/ros2-migration/build/plan_visualization' returned '1': /usr/bin/cmake /ros2-migration/arena/arena-rosnav/utils/misc/plan_visualization -DCMAKE_INSTALL_PREFIX=/ros2-migration/install/plan_visualization
