[0.027s] Invoking command in '/ros2-migration/build/mapping': /usr/bin/cmake /ros2-migration/arena/arena-rosnav/utils/misc/mapping -DCMAKE_INSTALL_PREFIX=/ros2-migration/install/mapping
[0.080s] -- The C compiler identification is GNU 11.4.0
[0.154s] -- The CXX compiler identification is GNU 11.4.0
[0.216s] -- Detecting C compiler ABI info
[0.362s] -- Detecting C compiler ABI info - done
[0.375s] -- Check for working C compiler: /usr/bin/cc - skipped
[0.376s] -- Detecting C compile features
[0.376s] -- Detecting C compile features - done
[0.378s] -- Detecting CXX compiler ABI info
[0.477s] -- Detecting CXX compiler ABI info - done
[0.485s] -- Check for working CXX compiler: /usr/bin/c++ - skipped
[0.485s] -- Detecting CXX compile features
[0.486s] -- Detecting CXX compile features - done
[0.489s] -- Found ament_cmake: 1.3.9 (/opt/ros/humble/share/ament_cmake/cmake)
[0.966s] -- Found Python3: /usr/bin/python3 (found version "3.10.12") found components: Interpreter 
[1.064s] -- Found message_filters: 4.3.4 (/opt/ros/humble/share/message_filters/cmake)
[1.118s] -- Found rosidl_generator_c: 3.1.5 (/opt/ros/humble/share/rosidl_generator_c/cmake)
[1.124s] -- Found rosidl_adapter: 3.1.5 (/opt/ros/humble/share/rosidl_adapter/cmake)
[1.134s] -- Found rosidl_generator_cpp: 3.1.5 (/opt/ros/humble/share/rosidl_generator_cpp/cmake)
[1.148s] -- Using all available rosidl_typesupport_c: rosidl_typesupport_fastrtps_c;rosidl_typesupport_introspection_c
[1.173s] -- Using all available rosidl_typesupport_cpp: rosidl_typesupport_fastrtps_cpp;rosidl_typesupport_introspection_cpp
[1.257s] -- Found rmw_implementation_cmake: 6.1.2 (/opt/ros/humble/share/rmw_implementation_cmake/cmake)
[1.259s] -- Found rmw_fastrtps_cpp: 6.2.6 (/opt/ros/humble/share/rmw_fastrtps_cpp/cmake)
[1.360s] -- Found OpenSSL: /usr/lib/x86_64-linux-gnu/libcrypto.so (found version "3.0.2")  
[1.385s] -- Found FastRTPS: /opt/ros/humble/include  
[1.438s] -- Using RMW implementation 'rmw_fastrtps_cpp' as default
[1.447s] -- Looking for pthread.h
[1.534s] -- Looking for pthread.h - found
[1.535s] -- Performing Test CMAKE_HAVE_LIBC_PTHREAD
[1.633s] -- Performing Test CMAKE_HAVE_LIBC_PTHREAD - Success
[1.634s] -- Found Threads: TRUE  
[1.831s] -- Found rclpy: 3.3.13 (/opt/ros/humble/share/rclpy/cmake)
[1.833s] -- Found pcl_conversions: 2.4.0 (/opt/ros/humble/share/pcl_conversions/cmake)
[2.144s] -- Found visualization_msgs: 4.2.3 (/opt/ros/humble/share/visualization_msgs/cmake)
[2.276s] -- Found tf2: 0.25.6 (/opt/ros/humble/share/tf2/cmake)
[2.300s] [31mCMake Error at CMakeLists.txt:20 (find_package):
[2.300s]   By not providing "Findpcl_ros.cmake" in CMAKE_MODULE_PATH this project has
[2.301s]   asked CMake to find a package configuration file provided by "pcl_ros", but
[2.301s]   CMake did not find one.
[2.301s] 
[2.301s]   Could not find a package configuration file provided by "pcl_ros" with any
[2.301s]   of the following names:
[2.301s] 
[2.301s]     pcl_rosConfig.cmake
[2.301s]     pcl_ros-config.cmake
[2.301s] 
[2.301s]   Add the installation prefix of "pcl_ros" to CMAKE_PREFIX_PATH or set
[2.301s]   "pcl_ros_DIR" to a directory containing one of the above files.  If
[2.301s]   "pcl_ros" provides a separate development package or SDK, be sure it has
[2.301s]   been installed.
[2.301s] 
[2.301s] [0m
[2.302s] -- Configuring incomplete, errors occurred!
[2.302s] See also "/ros2-migration/build/mapping/CMakeFiles/CMakeOutput.log".
