[0.107s] DEBUG:colcon:Command line arguments: ['/usr/bin/colcon', 'build']
[0.107s] DEBUG:colcon:Parsed command line arguments: Namespace(log_base=None, log_level=None, verb_name='build', build_base='build', install_base='install', merge_install=False, symlink_install=False, test_result_base=None, continue_on_error=False, executor='parallel', parallel_workers=8, event_handlers=None, ignore_user_meta=False, metas=['./colcon.meta'], base_paths=['.'], packages_ignore=None, packages_ignore_regex=None, paths=None, packages_up_to=None, packages_up_to_regex=None, packages_above=None, packages_above_and_dependencies=None, packages_above_depth=None, packages_select_by_dep=None, packages_skip_by_dep=None, packages_skip_up_to=None, packages_select_build_failed=False, packages_skip_build_finished=False, packages_select_test_failures=False, packages_skip_test_passed=False, packages_select=None, packages_skip=None, packages_select_regex=None, packages_skip_regex=None, packages_start=None, packages_end=None, allow_overriding=[], cmake_args=None, cmake_target=None, cmake_target_skip_unavailable=False, cmake_clean_cache=False, cmake_clean_first=False, cmake_force_configure=False, ament_cmake_args=None, catkin_cmake_args=None, catkin_skip_building_tests=False, verb_parser=<colcon_defaults.argument_parser.defaults.DefaultArgumentsDecorator object at 0x7f13be8f7880>, verb_extension=<colcon_core.verb.build.BuildVerb object at 0x7f13be840430>, main=<bound method BuildVerb.main of <colcon_core.verb.build.BuildVerb object at 0x7f13be840430>>)
[0.141s] Level 1:colcon.colcon_core.package_discovery:discover_packages(colcon_meta) check parameters
[0.141s] Level 1:colcon.colcon_core.package_discovery:discover_packages(recursive) check parameters
[0.141s] Level 1:colcon.colcon_core.package_discovery:discover_packages(ignore) check parameters
[0.141s] Level 1:colcon.colcon_core.package_discovery:discover_packages(path) check parameters
[0.141s] Level 1:colcon.colcon_core.package_discovery:discover_packages(colcon_meta) discover
[0.142s] Level 1:colcon.colcon_core.package_discovery:discover_packages(recursive) discover
[0.142s] INFO:colcon.colcon_core.package_discovery:Crawling recursively for packages in '/ros2-migration/arena/arena-rosnav/utils/ros/msgs/plan_msgs'
[0.142s] Level 1:colcon.colcon_core.package_identification:_identify(.) by extensions ['ignore', 'ignore_ament_install']
[0.142s] Level 1:colcon.colcon_core.package_identification:_identify(.) by extension 'ignore'
[0.142s] Level 1:colcon.colcon_core.package_identification:_identify(.) by extension 'ignore_ament_install'
[0.142s] Level 1:colcon.colcon_core.package_identification:_identify(.) by extensions ['colcon_pkg']
[0.142s] Level 1:colcon.colcon_core.package_identification:_identify(.) by extension 'colcon_pkg'
[0.142s] Level 1:colcon.colcon_core.package_identification:_identify(.) by extensions ['colcon_meta']
[0.142s] Level 1:colcon.colcon_core.package_identification:_identify(.) by extension 'colcon_meta'
[0.142s] Level 1:colcon.colcon_core.package_identification:_identify(.) by extensions ['ros']
[0.142s] Level 1:colcon.colcon_core.package_identification:_identify(.) by extension 'ros'
[0.155s] DEBUG:colcon.colcon_core.package_identification:Package '.' with type 'ros.catkin' and name 'plan_msgs'
[0.155s] Level 1:colcon.colcon_core.package_discovery:discover_packages(recursive) using defaults
[0.155s] Level 1:colcon.colcon_core.package_discovery:discover_packages(ignore) discover
[0.155s] Level 1:colcon.colcon_core.package_discovery:discover_packages(ignore) using defaults
[0.155s] Level 1:colcon.colcon_core.package_discovery:discover_packages(path) discover
[0.155s] Level 1:colcon.colcon_core.package_discovery:discover_packages(path) using defaults
[0.170s] Level 1:colcon.colcon_core.package_discovery:discover_packages(prefix_path) check parameters
[0.170s] Level 1:colcon.colcon_core.package_discovery:discover_packages(prefix_path) discover
[0.172s] DEBUG:colcon.colcon_installed_package_information.package_discovery:Found 275 installed packages in /opt/ros/humble
[0.174s] Level 1:colcon.colcon_core.package_discovery:discover_packages(prefix_path) using defaults
[0.207s] Level 5:colcon.colcon_core.verb:set package 'plan_msgs' build argument 'cmake_args' from command line to 'None'
[0.207s] Level 5:colcon.colcon_core.verb:set package 'plan_msgs' build argument 'cmake_target' from command line to 'None'
[0.207s] Level 5:colcon.colcon_core.verb:set package 'plan_msgs' build argument 'cmake_target_skip_unavailable' from command line to 'False'
[0.207s] Level 5:colcon.colcon_core.verb:set package 'plan_msgs' build argument 'cmake_clean_cache' from command line to 'False'
[0.207s] Level 5:colcon.colcon_core.verb:set package 'plan_msgs' build argument 'cmake_clean_first' from command line to 'False'
[0.207s] Level 5:colcon.colcon_core.verb:set package 'plan_msgs' build argument 'cmake_force_configure' from command line to 'False'
[0.207s] Level 5:colcon.colcon_core.verb:set package 'plan_msgs' build argument 'ament_cmake_args' from command line to 'None'
[0.207s] Level 5:colcon.colcon_core.verb:set package 'plan_msgs' build argument 'catkin_cmake_args' from command line to 'None'
[0.207s] Level 5:colcon.colcon_core.verb:set package 'plan_msgs' build argument 'catkin_skip_building_tests' from command line to 'False'
[0.207s] DEBUG:colcon.colcon_core.verb:Building package 'plan_msgs' with the following arguments: {'ament_cmake_args': None, 'build_base': '/ros2-migration/arena/arena-rosnav/utils/ros/msgs/plan_msgs/build/plan_msgs', 'catkin_cmake_args': None, 'catkin_skip_building_tests': False, 'cmake_args': None, 'cmake_clean_cache': False, 'cmake_clean_first': False, 'cmake_force_configure': False, 'cmake_target': None, 'cmake_target_skip_unavailable': False, 'install_base': '/ros2-migration/arena/arena-rosnav/utils/ros/msgs/plan_msgs/install/plan_msgs', 'merge_install': False, 'path': '/ros2-migration/arena/arena-rosnav/utils/ros/msgs/plan_msgs', 'symlink_install': False, 'test_result_base': None}
[0.208s] INFO:colcon.colcon_core.executor:Executing jobs using 'parallel' executor
[0.208s] DEBUG:colcon.colcon_parallel_executor.executor.parallel:run_until_complete
[0.208s] INFO:colcon.colcon_ros.task.catkin.build:Building ROS package in '/ros2-migration/arena/arena-rosnav/utils/ros/msgs/plan_msgs' with build type 'catkin'
[0.208s] INFO:colcon.colcon_cmake.task.cmake.build:Building CMake package in '/ros2-migration/arena/arena-rosnav/utils/ros/msgs/plan_msgs'
[0.210s] INFO:colcon.colcon_core.plugin_system:Skipping extension 'colcon_core.shell.bat': Not used on non-Windows systems
[0.210s] INFO:colcon.colcon_core.shell:Skip shell extension 'powershell' for command environment: Not usable outside of PowerShell
[0.210s] DEBUG:colcon.colcon_core.shell:Skip shell extension 'dsv' for command environment
[0.217s] DEBUG:colcon.colcon_core.event_handler.log_command:Invoking command in '/ros2-migration/arena/arena-rosnav/utils/ros/msgs/plan_msgs/build/plan_msgs': /usr/bin/cmake --build /ros2-migration/arena/arena-rosnav/utils/ros/msgs/plan_msgs/build/plan_msgs -- -j8 -l8
[2.147s] DEBUG:colcon.colcon_core.event_handler.log_command:Invoked command in '/ros2-migration/arena/arena-rosnav/utils/ros/msgs/plan_msgs/build/plan_msgs' returned '0': /usr/bin/cmake --build /ros2-migration/arena/arena-rosnav/utils/ros/msgs/plan_msgs/build/plan_msgs -- -j8 -l8
[2.554s] DEBUG:colcon.colcon_core.event_handler.log_command:Invoking command in '/ros2-migration/arena/arena-rosnav/utils/ros/msgs/plan_msgs/build/plan_msgs': /usr/bin/cmake --install /ros2-migration/arena/arena-rosnav/utils/ros/msgs/plan_msgs/build/plan_msgs
[2.644s] DEBUG:colcon.colcon_core.event_handler.log_command:Invoked command in '/ros2-migration/arena/arena-rosnav/utils/ros/msgs/plan_msgs/build/plan_msgs' returned '0': /usr/bin/cmake --install /ros2-migration/arena/arena-rosnav/utils/ros/msgs/plan_msgs/build/plan_msgs
[2.714s] Level 1:colcon.colcon_core.shell:create_environment_hook('plan_msgs', 'ros_package_path')
[2.714s] INFO:colcon.colcon_core.shell:Creating environment hook '/ros2-migration/arena/arena-rosnav/utils/ros/msgs/plan_msgs/install/plan_msgs/share/plan_msgs/hook/ros_package_path.ps1'
[2.715s] INFO:colcon.colcon_core.shell:Creating environment descriptor '/ros2-migration/arena/arena-rosnav/utils/ros/msgs/plan_msgs/install/plan_msgs/share/plan_msgs/hook/ros_package_path.dsv'
[2.715s] INFO:colcon.colcon_core.shell:Creating environment hook '/ros2-migration/arena/arena-rosnav/utils/ros/msgs/plan_msgs/install/plan_msgs/share/plan_msgs/hook/ros_package_path.sh'
[2.716s] Level 1:colcon.colcon_ros.task.catkin:checking '/ros2-migration/arena/arena-rosnav/utils/ros/msgs/plan_msgs/install/plan_msgs/local/lib/python3.10/dist-packages'
[2.716s] Level 1:colcon.colcon_core.shell:create_environment_hook('plan_msgs', 'catkin_pythonpath')
[2.716s] INFO:colcon.colcon_core.shell:Creating environment hook '/ros2-migration/arena/arena-rosnav/utils/ros/msgs/plan_msgs/install/plan_msgs/share/plan_msgs/hook/catkin_pythonpath.ps1'
[2.716s] INFO:colcon.colcon_core.shell:Creating environment descriptor '/ros2-migration/arena/arena-rosnav/utils/ros/msgs/plan_msgs/install/plan_msgs/share/plan_msgs/hook/catkin_pythonpath.dsv'
[2.717s] INFO:colcon.colcon_core.shell:Creating environment hook '/ros2-migration/arena/arena-rosnav/utils/ros/msgs/plan_msgs/install/plan_msgs/share/plan_msgs/hook/catkin_pythonpath.sh'
[2.717s] Level 1:colcon.colcon_core.shell:create_environment_hook('plan_msgs', 'pkg_config_path')
[2.717s] INFO:colcon.colcon_core.shell:Creating environment hook '/ros2-migration/arena/arena-rosnav/utils/ros/msgs/plan_msgs/install/plan_msgs/share/plan_msgs/hook/pkg_config_path.ps1'
[2.718s] INFO:colcon.colcon_core.shell:Creating environment descriptor '/ros2-migration/arena/arena-rosnav/utils/ros/msgs/plan_msgs/install/plan_msgs/share/plan_msgs/hook/pkg_config_path.dsv'
[2.718s] INFO:colcon.colcon_core.shell:Creating environment hook '/ros2-migration/arena/arena-rosnav/utils/ros/msgs/plan_msgs/install/plan_msgs/share/plan_msgs/hook/pkg_config_path.sh'
[2.719s] Level 1:colcon.colcon_core.shell:create_environment_hook('plan_msgs', 'pkg_config_path_multiarch')
[2.719s] INFO:colcon.colcon_core.shell:Creating environment hook '/ros2-migration/arena/arena-rosnav/utils/ros/msgs/plan_msgs/install/plan_msgs/share/plan_msgs/hook/pkg_config_path_multiarch.ps1'
[2.720s] INFO:colcon.colcon_core.shell:Creating environment descriptor '/ros2-migration/arena/arena-rosnav/utils/ros/msgs/plan_msgs/install/plan_msgs/share/plan_msgs/hook/pkg_config_path_multiarch.dsv'
[2.720s] INFO:colcon.colcon_core.shell:Creating environment hook '/ros2-migration/arena/arena-rosnav/utils/ros/msgs/plan_msgs/install/plan_msgs/share/plan_msgs/hook/pkg_config_path_multiarch.sh'
[2.721s] Level 1:colcon.colcon_core.environment:create_environment_scripts_only(plan_msgs)
[2.723s] Level 1:colcon.colcon_core.environment:checking '/ros2-migration/arena/arena-rosnav/utils/ros/msgs/plan_msgs/install/plan_msgs' for CMake module files
[2.724s] Level 1:colcon.colcon_core.environment:checking '/ros2-migration/arena/arena-rosnav/utils/ros/msgs/plan_msgs/install/plan_msgs' for CMake config files
[2.725s] Level 1:colcon.colcon_core.shell:create_environment_hook('plan_msgs', 'cmake_prefix_path')
[2.725s] INFO:colcon.colcon_core.shell:Creating environment hook '/ros2-migration/arena/arena-rosnav/utils/ros/msgs/plan_msgs/install/plan_msgs/share/plan_msgs/hook/cmake_prefix_path.ps1'
[2.725s] INFO:colcon.colcon_core.shell:Creating environment descriptor '/ros2-migration/arena/arena-rosnav/utils/ros/msgs/plan_msgs/install/plan_msgs/share/plan_msgs/hook/cmake_prefix_path.dsv'
[2.726s] INFO:colcon.colcon_core.shell:Creating environment hook '/ros2-migration/arena/arena-rosnav/utils/ros/msgs/plan_msgs/install/plan_msgs/share/plan_msgs/hook/cmake_prefix_path.sh'
[2.726s] Level 1:colcon.colcon_core.environment:checking '/ros2-migration/arena/arena-rosnav/utils/ros/msgs/plan_msgs/install/plan_msgs/lib'
[2.726s] Level 1:colcon.colcon_core.shell:create_environment_hook('plan_msgs', 'ld_library_path_lib')
[2.727s] INFO:colcon.colcon_core.shell:Creating environment hook '/ros2-migration/arena/arena-rosnav/utils/ros/msgs/plan_msgs/install/plan_msgs/share/plan_msgs/hook/ld_library_path_lib.ps1'
[2.727s] INFO:colcon.colcon_core.shell:Creating environment descriptor '/ros2-migration/arena/arena-rosnav/utils/ros/msgs/plan_msgs/install/plan_msgs/share/plan_msgs/hook/ld_library_path_lib.dsv'
[2.727s] INFO:colcon.colcon_core.shell:Creating environment hook '/ros2-migration/arena/arena-rosnav/utils/ros/msgs/plan_msgs/install/plan_msgs/share/plan_msgs/hook/ld_library_path_lib.sh'
[2.728s] Level 1:colcon.colcon_core.environment:checking '/ros2-migration/arena/arena-rosnav/utils/ros/msgs/plan_msgs/install/plan_msgs/bin'
[2.728s] Level 1:colcon.colcon_core.environment:checking '/ros2-migration/arena/arena-rosnav/utils/ros/msgs/plan_msgs/install/plan_msgs/lib/pkgconfig/plan_msgs.pc'
[2.728s] Level 1:colcon.colcon_core.environment:checking '/ros2-migration/arena/arena-rosnav/utils/ros/msgs/plan_msgs/install/plan_msgs/lib/python3.10/site-packages'
[2.728s] Level 1:colcon.colcon_core.environment:checking '/ros2-migration/arena/arena-rosnav/utils/ros/msgs/plan_msgs/install/plan_msgs/bin'
[2.729s] INFO:colcon.colcon_core.shell:Creating package script '/ros2-migration/arena/arena-rosnav/utils/ros/msgs/plan_msgs/install/plan_msgs/share/plan_msgs/package.ps1'
[2.730s] INFO:colcon.colcon_core.shell:Creating package descriptor '/ros2-migration/arena/arena-rosnav/utils/ros/msgs/plan_msgs/install/plan_msgs/share/plan_msgs/package.dsv'
[2.730s] INFO:colcon.colcon_core.shell:Creating package script '/ros2-migration/arena/arena-rosnav/utils/ros/msgs/plan_msgs/install/plan_msgs/share/plan_msgs/package.sh'
[2.731s] INFO:colcon.colcon_core.shell:Creating package script '/ros2-migration/arena/arena-rosnav/utils/ros/msgs/plan_msgs/install/plan_msgs/share/plan_msgs/package.bash'
[2.732s] INFO:colcon.colcon_core.shell:Creating package script '/ros2-migration/arena/arena-rosnav/utils/ros/msgs/plan_msgs/install/plan_msgs/share/plan_msgs/package.zsh'
[2.733s] Level 1:colcon.colcon_core.environment:create_file_with_runtime_dependencies(/ros2-migration/arena/arena-rosnav/utils/ros/msgs/plan_msgs/install/plan_msgs/share/colcon-core/packages/plan_msgs)
[2.734s] DEBUG:colcon.colcon_parallel_executor.executor.parallel:closing loop
[2.734s] DEBUG:colcon.colcon_parallel_executor.executor.parallel:loop closed
[2.735s] DEBUG:colcon.colcon_parallel_executor.executor.parallel:run_until_complete finished with '0'
[2.735s] DEBUG:colcon.colcon_core.event_reactor:joining thread
[2.739s] INFO:colcon.colcon_core.plugin_system:Skipping extension 'colcon_notification.desktop_notification.notify_send': Could not find 'notify-send'
[2.739s] INFO:colcon.colcon_core.plugin_system:Skipping extension 'colcon_notification.desktop_notification.terminal_notifier': Not used on non-Darwin systems
[2.739s] INFO:colcon.colcon_core.plugin_system:Skipping extension 'colcon_notification.desktop_notification.win32': Not used on non-Windows systems
[2.739s] INFO:colcon.colcon_notification.desktop_notification:Sending desktop notification using 'notify2'
[2.741s] DEBUG:colcon.colcon_notification.desktop_notification.notify2:Failed to initialize notify2: org.freedesktop.DBus.Error.Spawn.ExecFailed: /usr/bin/dbus-launch terminated abnormally without any error message
[2.741s] DEBUG:colcon.colcon_core.event_reactor:joined thread
[2.742s] INFO:colcon.colcon_core.shell:Creating prefix script '/ros2-migration/arena/arena-rosnav/utils/ros/msgs/plan_msgs/install/local_setup.ps1'
[2.743s] INFO:colcon.colcon_core.shell:Creating prefix util module '/ros2-migration/arena/arena-rosnav/utils/ros/msgs/plan_msgs/install/_local_setup_util_ps1.py'
[2.744s] INFO:colcon.colcon_core.shell:Creating prefix chain script '/ros2-migration/arena/arena-rosnav/utils/ros/msgs/plan_msgs/install/setup.ps1'
[2.745s] INFO:colcon.colcon_core.shell:Creating prefix script '/ros2-migration/arena/arena-rosnav/utils/ros/msgs/plan_msgs/install/local_setup.sh'
[2.746s] INFO:colcon.colcon_core.shell:Creating prefix util module '/ros2-migration/arena/arena-rosnav/utils/ros/msgs/plan_msgs/install/_local_setup_util_sh.py'
[2.746s] INFO:colcon.colcon_core.shell:Creating prefix chain script '/ros2-migration/arena/arena-rosnav/utils/ros/msgs/plan_msgs/install/setup.sh'
[2.747s] INFO:colcon.colcon_core.shell:Creating prefix script '/ros2-migration/arena/arena-rosnav/utils/ros/msgs/plan_msgs/install/local_setup.bash'
[2.748s] INFO:colcon.colcon_core.shell:Creating prefix chain script '/ros2-migration/arena/arena-rosnav/utils/ros/msgs/plan_msgs/install/setup.bash'
[2.748s] INFO:colcon.colcon_core.shell:Creating prefix script '/ros2-migration/arena/arena-rosnav/utils/ros/msgs/plan_msgs/install/local_setup.zsh'
[2.749s] INFO:colcon.colcon_core.shell:Creating prefix chain script '/ros2-migration/arena/arena-rosnav/utils/ros/msgs/plan_msgs/install/setup.zsh'
