[0.031s] Invoking command in '/ros2-migration/build/pmb2_laser_sensors': CMAKE_PREFIX_PATH=/opt/ros/humble /usr/bin/cmake /ros2-migration/arena/utils/3rd-party-robot-packages/tiago/pmb2_navigation/pmb2_laser_sensors -DCMAKE_INSTALL_PREFIX=/ros2-migration/install/pmb2_laser_sensors
[0.189s] -- The C compiler identification is GNU 11.4.0
[0.309s] -- The CXX compiler identification is GNU 11.4.0
[0.326s] -- Detecting C compiler ABI info
[0.421s] -- Detecting C compiler ABI info - done
[0.428s] -- Check for working C compiler: /usr/bin/cc - skipped
[0.429s] -- Detecting C compile features
[0.455s] -- Detecting C compile features - done
[0.459s] -- Detecting CXX compiler ABI info
[0.580s] -- Detecting CXX compiler ABI info - done
[0.585s] -- Check for working CXX compiler: /usr/bin/c++ - skipped
[0.585s] -- Detecting CXX compile features
[0.586s] -- Detecting CXX compile features - done
[0.590s] -- Found ament_cmake_auto: 1.3.9 (/opt/ros/humble/share/ament_cmake_auto/cmake)
[0.967s] -- Found Python3: /usr/bin/python3 (found version "3.10.12") found components: Interpreter 
[1.231s] -- Added test 'copyright' to check source files copyright and LICENSE
[1.234s] -- Added test 'lint_cmake' to check CMake code style
[1.236s] -- Added test 'xmllint' to check XML markup files
[1.237s] -- Configuring done
[1.240s] -- Generating done
[1.241s] -- Build files have been written to: /ros2-migration/build/pmb2_laser_sensors
