[0.005s] Invoking command in '/home/ahmo030/ros2-migration/arena/arena-rosnav/utils/misc/path_search/build/path_search': CMAKE_PREFIX_PATH=/opt/ros/humble:${CMAKE_PREFIX_PATH} /usr/bin/cmake /home/ahmo030/ros2-migration/arena/arena-rosnav/utils/misc/path_search -DCMAKE_INSTALL_PREFIX=/home/ahmo030/ros2-migration/arena/arena-rosnav/utils/misc/path_search/install/path_search
[0.012s] -- Found ament_cmake: 1.3.8 (/opt/ros/humble/share/ament_cmake/cmake)
[0.084s] -- Found nav_msgs: 4.2.3 (/opt/ros/humble/share/nav_msgs/cmake)
[0.100s] -- Found rosidl_generator_c: 3.1.5 (/opt/ros/humble/share/rosidl_generator_c/cmake)
[0.102s] -- Found rosidl_adapter: 3.1.5 (/opt/ros/humble/share/rosidl_adapter/cmake)
[0.105s] -- Found rosidl_generator_cpp: 3.1.5 (/opt/ros/humble/share/rosidl_generator_cpp/cmake)
[0.111s] -- Using all available rosidl_typesupport_c: rosidl_typesupport_fastrtps_c;rosidl_typesupport_introspection_c
[0.119s] -- Using all available rosidl_typesupport_cpp: rosidl_typesupport_fastrtps_cpp;rosidl_typesupport_introspection_cpp
[0.234s] -- Eigen found (include: /usr/include/eigen3, version: 3.4.0)
[0.268s] -- The imported target "vtkParseOGLExt" references the file
[0.268s]    "/usr/bin/vtkParseOGLExt-7.1"
[0.268s] but this file does not exist.  Possible reasons include:
[0.268s] * The file was deleted, renamed, or moved to another location.
[0.268s] * An install or uninstall procedure did not complete successfully.
[0.268s] * The installation package was faulty and contained
[0.268s]    "/usr/lib/cmake/vtk-7.1/VTKTargets.cmake"
[0.268s] but not all the files it references.
[0.268s] 
[0.268s] -- The imported target "vtkRenderingPythonTkWidgets" references the file
[0.268s]    "/usr/lib/x86_64-linux-gnu/libvtkRenderingPythonTkWidgets.so"
[0.268s] but this file does not exist.  Possible reasons include:
[0.268s] * The file was deleted, renamed, or moved to another location.
[0.268s] * An install or uninstall procedure did not complete successfully.
[0.268s] * The installation package was faulty and contained
[0.268s]    "/usr/lib/cmake/vtk-7.1/VTKTargets.cmake"
[0.268s] but not all the files it references.
[0.268s] 
[0.268s] -- The imported target "vtk" references the file
[0.269s]    "/usr/bin/vtk"
[0.269s] but this file does not exist.  Possible reasons include:
[0.269s] * The file was deleted, renamed, or moved to another location.
[0.269s] * An install or uninstall procedure did not complete successfully.
[0.269s] * The installation package was faulty and contained
[0.269s]    "/usr/lib/cmake/vtk-7.1/VTKTargets.cmake"
[0.269s] but not all the files it references.
[0.269s] 
[0.269s] -- The imported target "pvtk" references the file
[0.269s]    "/usr/bin/pvtk"
[0.269s] but this file does not exist.  Possible reasons include:
[0.269s] * The file was deleted, renamed, or moved to another location.
[0.269s] * An install or uninstall procedure did not complete successfully.
[0.269s] * The installation package was faulty and contained
[0.269s]    "/usr/lib/cmake/vtk-7.1/VTKTargets.cmake"
[0.269s] but not all the files it references.
[0.269s] 
[0.276s] CMake Warning (dev) at /usr/share/cmake-3.22/Modules/FindPackageHandleStandardArgs.cmake:438 (message):
[0.276s]   The package name passed to `find_package_handle_standard_args` (USB_10)
[0.276s]   does not match the name of the calling package (OpenNI).  This can lead to
[0.276s]   problems in calling code that expects `find_package` result variables
[0.276s]   (e.g., `_FOUND`) to follow a certain pattern.
[0.276s] Call Stack (most recent call first):
[0.276s]   /usr/lib/x86_64-linux-gnu/cmake/pcl/Modules/FindOpenNI.cmake:28 (find_package_handle_standard_args)
[0.276s]   /usr/lib/x86_64-linux-gnu/cmake/pcl/PCLConfig.cmake:179 (find_package)
[0.276s]   /usr/lib/x86_64-linux-gnu/cmake/pcl/PCLConfig.cmake:322 (find_openni)
[0.276s]   /usr/lib/x86_64-linux-gnu/cmake/pcl/PCLConfig.cmake:548 (find_external_library)
[0.276s]   CMakeLists.txt:12 (find_package)
[0.276s] This warning is for project developers.  Use -Wno-dev to suppress it.
[0.276s] 
[0.276s] -- OpenNI found (include: /usr/include/ni, lib: /usr/lib/libOpenNI.so)
[0.279s] CMake Warning (dev) at /usr/share/cmake-3.22/Modules/FindPackageHandleStandardArgs.cmake:438 (message):
[0.279s]   The package name passed to `find_package_handle_standard_args` (USB_10)
[0.279s]   does not match the name of the calling package (OpenNI2).  This can lead to
[0.279s]   problems in calling code that expects `find_package` result variables
[0.279s]   (e.g., `_FOUND`) to follow a certain pattern.
[0.279s] Call Stack (most recent call first):
[0.279s]   /usr/lib/x86_64-linux-gnu/cmake/pcl/Modules/FindOpenNI2.cmake:28 (find_package_handle_standard_args)
[0.279s]   /usr/lib/x86_64-linux-gnu/cmake/pcl/PCLConfig.cmake:193 (find_package)
[0.279s]   /usr/lib/x86_64-linux-gnu/cmake/pcl/PCLConfig.cmake:324 (find_openni2)
[0.279s]   /usr/lib/x86_64-linux-gnu/cmake/pcl/PCLConfig.cmake:548 (find_external_library)
[0.279s]   CMakeLists.txt:12 (find_package)
[0.279s] This warning is for project developers.  Use -Wno-dev to suppress it.
[0.279s] 
[0.279s] -- OpenNI2 found (include: /usr/include/openni2, lib: /usr/lib/x86_64-linux-gnu/libOpenNI2.so)
[0.280s] ** WARNING ** io features related to pcap will be disabled
[0.280s] ** WARNING ** io features related to png will be disabled
[0.284s] CMake Warning (dev) at /usr/share/cmake-3.22/Modules/FindPackageHandleStandardArgs.cmake:438 (message):
[0.284s]   The package name passed to `find_package_handle_standard_args` (libusb-1.0)
[0.284s]   does not match the name of the calling package (PCL).  This can lead to
[0.284s]   problems in calling code that expects `find_package` result variables
[0.284s]   (e.g., `_FOUND`) to follow a certain pattern.
[0.284s] Call Stack (most recent call first):
[0.284s]   /usr/lib/x86_64-linux-gnu/cmake/pcl/PCLConfig.cmake:291 (find_package_handle_standard_args)
[0.284s]   /usr/lib/x86_64-linux-gnu/cmake/pcl/PCLConfig.cmake:338 (find_libusb)
[0.284s]   /usr/lib/x86_64-linux-gnu/cmake/pcl/PCLConfig.cmake:548 (find_external_library)
[0.284s]   CMakeLists.txt:12 (find_package)
[0.284s] This warning is for project developers.  Use -Wno-dev to suppress it.
[0.285s] 
[0.285s] ** WARNING ** io features related to libusb-1.0 will be disabled
[0.287s] CMake Warning (dev) at /usr/share/cmake-3.22/Modules/FindPackageHandleStandardArgs.cmake:438 (message):
[0.287s]   The package name passed to `find_package_handle_standard_args` (USB_10)
[0.287s]   does not match the name of the calling package (OpenNI).  This can lead to
[0.287s]   problems in calling code that expects `find_package` result variables
[0.287s]   (e.g., `_FOUND`) to follow a certain pattern.
[0.287s] Call Stack (most recent call first):
[0.287s]   /usr/lib/x86_64-linux-gnu/cmake/pcl/Modules/FindOpenNI.cmake:28 (find_package_handle_standard_args)
[0.287s]   /usr/lib/x86_64-linux-gnu/cmake/pcl/PCLConfig.cmake:179 (find_package)
[0.287s]   /usr/lib/x86_64-linux-gnu/cmake/pcl/PCLConfig.cmake:322 (find_openni)
[0.287s]   /usr/lib/x86_64-linux-gnu/cmake/pcl/PCLConfig.cmake:548 (find_external_library)
[0.287s]   CMakeLists.txt:12 (find_package)
[0.287s] This warning is for project developers.  Use -Wno-dev to suppress it.
[0.287s] 
[0.287s] -- OpenNI found (include: /usr/include/ni, lib: /usr/lib/libOpenNI.so)
[0.290s] CMake Warning (dev) at /usr/share/cmake-3.22/Modules/FindPackageHandleStandardArgs.cmake:438 (message):
[0.290s]   The package name passed to `find_package_handle_standard_args` (USB_10)
[0.290s]   does not match the name of the calling package (OpenNI2).  This can lead to
[0.290s]   problems in calling code that expects `find_package` result variables
[0.290s]   (e.g., `_FOUND`) to follow a certain pattern.
[0.290s] Call Stack (most recent call first):
[0.290s]   /usr/lib/x86_64-linux-gnu/cmake/pcl/Modules/FindOpenNI2.cmake:28 (find_package_handle_standard_args)
[0.290s]   /usr/lib/x86_64-linux-gnu/cmake/pcl/PCLConfig.cmake:193 (find_package)
[0.290s]   /usr/lib/x86_64-linux-gnu/cmake/pcl/PCLConfig.cmake:324 (find_openni2)
[0.290s]   /usr/lib/x86_64-linux-gnu/cmake/pcl/PCLConfig.cmake:548 (find_external_library)
[0.290s]   CMakeLists.txt:12 (find_package)
[0.290s] This warning is for project developers.  Use -Wno-dev to suppress it.
[0.290s] 
[0.290s] -- OpenNI2 found (include: /usr/include/openni2, lib: /usr/lib/x86_64-linux-gnu/libOpenNI2.so)
[0.296s] -- QHULL found (include: /usr/include, lib: optimized;/usr/lib/x86_64-linux-gnu/libqhull.so;debug;/usr/lib/x86_64-linux-gnu/libqhull.so)
[0.298s] CMake Warning (dev) at /usr/share/cmake-3.22/Modules/FindPackageHandleStandardArgs.cmake:438 (message):
[0.298s]   The package name passed to `find_package_handle_standard_args` (USB_10)
[0.298s]   does not match the name of the calling package (OpenNI).  This can lead to
[0.298s]   problems in calling code that expects `find_package` result variables
[0.298s]   (e.g., `_FOUND`) to follow a certain pattern.
[0.298s] Call Stack (most recent call first):
[0.298s]   /usr/lib/x86_64-linux-gnu/cmake/pcl/Modules/FindOpenNI.cmake:28 (find_package_handle_standard_args)
[0.298s]   /usr/lib/x86_64-linux-gnu/cmake/pcl/PCLConfig.cmake:179 (find_package)
[0.298s]   /usr/lib/x86_64-linux-gnu/cmake/pcl/PCLConfig.cmake:322 (find_openni)
[0.298s]   /usr/lib/x86_64-linux-gnu/cmake/pcl/PCLConfig.cmake:548 (find_external_library)
[0.298s]   CMakeLists.txt:12 (find_package)
[0.298s] This warning is for project developers.  Use -Wno-dev to suppress it.
[0.298s] 
[0.299s] -- OpenNI found (include: /usr/include/ni, lib: /usr/lib/libOpenNI.so)
[0.303s] -- looking for PCL_COMMON
[0.303s] CMake Warning (dev) at /usr/share/cmake-3.22/Modules/FindPackageHandleStandardArgs.cmake:438 (message):
[0.304s]   The package name passed to `find_package_handle_standard_args` (PCL_COMMON)
[0.304s]   does not match the name of the calling package (PCL).  This can lead to
[0.304s]   problems in calling code that expects `find_package` result variables
[0.304s]   (e.g., `_FOUND`) to follow a certain pattern.
[0.304s] Call Stack (most recent call first):
[0.304s]   /usr/lib/x86_64-linux-gnu/cmake/pcl/PCLConfig.cmake:616 (find_package_handle_standard_args)
[0.304s]   CMakeLists.txt:12 (find_package)
[0.304s] This warning is for project developers.  Use -Wno-dev to suppress it.
[0.304s] 
[0.304s] -- looking for PCL_KDTREE
[0.304s] CMake Warning (dev) at /usr/share/cmake-3.22/Modules/FindPackageHandleStandardArgs.cmake:438 (message):
[0.304s]   The package name passed to `find_package_handle_standard_args` (PCL_KDTREE)
[0.304s]   does not match the name of the calling package (PCL).  This can lead to
[0.304s]   problems in calling code that expects `find_package` result variables
[0.304s]   (e.g., `_FOUND`) to follow a certain pattern.
[0.304s] Call Stack (most recent call first):
[0.304s]   /usr/lib/x86_64-linux-gnu/cmake/pcl/PCLConfig.cmake:616 (find_package_handle_standard_args)
[0.304s]   CMakeLists.txt:12 (find_package)
[0.304s] This warning is for project developers.  Use -Wno-dev to suppress it.
[0.304s] 
[0.304s] -- looking for PCL_OCTREE
[0.304s] CMake Warning (dev) at /usr/share/cmake-3.22/Modules/FindPackageHandleStandardArgs.cmake:438 (message):
[0.304s]   The package name passed to `find_package_handle_standard_args` (PCL_OCTREE)
[0.304s]   does not match the name of the calling package (PCL).  This can lead to
[0.304s]   problems in calling code that expects `find_package` result variables
[0.304s]   (e.g., `_FOUND`) to follow a certain pattern.
[0.304s] Call Stack (most recent call first):
[0.304s]   /usr/lib/x86_64-linux-gnu/cmake/pcl/PCLConfig.cmake:616 (find_package_handle_standard_args)
[0.304s]   CMakeLists.txt:12 (find_package)
[0.305s] This warning is for project developers.  Use -Wno-dev to suppress it.
[0.305s] 
[0.305s] -- looking for PCL_SEARCH
[0.305s] CMake Warning (dev) at /usr/share/cmake-3.22/Modules/FindPackageHandleStandardArgs.cmake:438 (message):
[0.305s]   The package name passed to `find_package_handle_standard_args` (PCL_SEARCH)
[0.305s]   does not match the name of the calling package (PCL).  This can lead to
[0.305s]   problems in calling code that expects `find_package` result variables
[0.305s]   (e.g., `_FOUND`) to follow a certain pattern.
[0.305s] Call Stack (most recent call first):
[0.305s]   /usr/lib/x86_64-linux-gnu/cmake/pcl/PCLConfig.cmake:616 (find_package_handle_standard_args)
[0.305s]   CMakeLists.txt:12 (find_package)
[0.305s] This warning is for project developers.  Use -Wno-dev to suppress it.
[0.305s] 
[0.305s] -- looking for PCL_SAMPLE_CONSENSUS
[0.305s] -- looking for PCL_FILTERS
[0.305s] -- looking for PCL_2D
[0.305s] -- looking for PCL_GEOMETRY
[0.305s] -- looking for PCL_IO
[0.305s] -- looking for PCL_FEATURES
[0.305s] CMake Warning (dev) at /usr/share/cmake-3.22/Modules/FindPackageHandleStandardArgs.cmake:438 (message):
[0.305s]   The package name passed to `find_package_handle_standard_args`
[0.305s]   (PCL_SAMPLE_CONSENSUS) does not match the name of the calling package
[0.305s]   (PCL).  This can lead to problems in calling code that expects
[0.305s]   `find_package` result variables (e.g., `_FOUND`) to follow a certain
[0.305s]   pattern.
[0.306s] Call Stack (most recent call first):
[0.306s]   /usr/lib/x86_64-linux-gnu/cmake/pcl/PCLConfig.cmake:616 (find_package_handle_standard_args)
[0.306s]   CMakeLists.txt:12 (find_package)
[0.306s] This warning is for project developers.  Use -Wno-dev to suppress it.
[0.306s] 
[0.306s] CMake Warning (dev) at /usr/share/cmake-3.22/Modules/FindPackageHandleStandardArgs.cmake:438 (message):
[0.306s]   The package name passed to `find_package_handle_standard_args`
[0.306s]   (PCL_FILTERS) does not match the name of the calling package (PCL).  This
[0.306s]   can lead to problems in calling code that expects `find_package` result
[0.306s]   variables (e.g., `_FOUND`) to follow a certain pattern.
[0.306s] Call Stack (most recent call first):
[0.306s]   /usr/lib/x86_64-linux-gnu/cmake/pcl/PCLConfig.cmake:616 (find_package_handle_standard_args)
[0.306s]   CMakeLists.txt:12 (find_package)
[0.306s] This warning is for project developers.  Use -Wno-dev to suppress it.
[0.306s] 
[0.306s] CMake Warning (dev) at /usr/share/cmake-3.22/Modules/FindPackageHandleStandardArgs.cmake:438 (message):
[0.306s]   The package name passed to `find_package_handle_standard_args` (PCL_2D)
[0.306s]   does not match the name of the calling package (PCL).  This can lead to
[0.306s]   problems in calling code that expects `find_package` result variables
[0.306s]   (e.g., `_FOUND`) to follow a certain pattern.
[0.306s] Call Stack (most recent call first):
[0.306s]   /usr/lib/x86_64-linux-gnu/cmake/pcl/PCLConfig.cmake:619 (find_package_handle_standard_args)
[0.306s]   CMakeLists.txt:12 (find_package)
[0.306s] This warning is for project developers.  Use -Wno-dev to suppress it.
[0.306s] 
[0.306s] CMake Warning (dev) at /usr/share/cmake-3.22/Modules/FindPackageHandleStandardArgs.cmake:438 (message):
[0.307s]   The package name passed to `find_package_handle_standard_args`
[0.307s]   (PCL_GEOMETRY) does not match the name of the calling package (PCL).  This
[0.307s]   can lead to problems in calling code that expects `find_package` result
[0.307s]   variables (e.g., `_FOUND`) to follow a certain pattern.
[0.307s] Call Stack (most recent call first):
[0.307s]   /usr/lib/x86_64-linux-gnu/cmake/pcl/PCLConfig.cmake:619 (find_package_handle_standard_args)
[0.307s]   CMakeLists.txt:12 (find_package)
[0.307s] This warning is for project developers.  Use -Wno-dev to suppress it.
[0.307s] 
[0.307s] CMake Warning (dev) at /usr/share/cmake-3.22/Modules/FindPackageHandleStandardArgs.cmake:438 (message):
[0.307s]   The package name passed to `find_package_handle_standard_args` (PCL_IO)
[0.307s]   does not match the name of the calling package (PCL).  This can lead to
[0.307s]   problems in calling code that expects `find_package` result variables
[0.307s]   (e.g., `_FOUND`) to follow a certain pattern.
[0.307s] Call Stack (most recent call first):
[0.307s]   /usr/lib/x86_64-linux-gnu/cmake/pcl/PCLConfig.cmake:616 (find_package_handle_standard_args)
[0.307s]   CMakeLists.txt:12 (find_package)
[0.307s] This warning is for project developers.  Use -Wno-dev to suppress it.
[0.307s] 
[0.307s] CMake Warning (dev) at /usr/share/cmake-3.22/Modules/FindPackageHandleStandardArgs.cmake:438 (message):
[0.307s]   The package name passed to `find_package_handle_standard_args`
[0.307s]   (PCL_FEATURES) does not match the name of the calling package (PCL).  This
[0.307s]   can lead to problems in calling code that expects `find_package` result
[0.307s]   variables (e.g., `_FOUND`) to follow a certain pattern.
[0.307s] Call Stack (most recent call first):
[0.307s]   /usr/lib/x86_64-linux-gnu/cmake/pcl/PCLConfig.cmake:616 (find_package_handle_standard_args)
[0.307s]   CMakeLists.txt:12 (find_package)
[0.307s] This warning is for project developers.  Use -Wno-dev to suppress it.
[0.307s] 
[0.307s] -- looking for PCL_ML
[0.308s] CMake Warning (dev) at /usr/share/cmake-3.22/Modules/FindPackageHandleStandardArgs.cmake:438 (message):
[0.308s]   The package name passed to `find_package_handle_standard_args` (PCL_ML)
[0.308s]   does not match the name of the calling package (PCL).  This can lead to
[0.308s]   problems in calling code that expects `find_package` result variables
[0.308s]   (e.g., `_FOUND`) to follow a certain pattern.
[0.308s] Call Stack (most recent call first):
[0.308s]   /usr/lib/x86_64-linux-gnu/cmake/pcl/PCLConfig.cmake:616 (find_package_handle_standard_args)
[0.308s]   CMakeLists.txt:12 (find_package)
[0.308s] This warning is for project developers.  Use -Wno-dev to suppress it.
[0.308s] 
[0.308s] -- looking for PCL_SEGMENTATION
[0.308s] CMake Warning (dev) at /usr/share/cmake-3.22/Modules/FindPackageHandleStandardArgs.cmake:438 (message):
[0.308s]   The package name passed to `find_package_handle_standard_args`
[0.308s]   (PCL_SEGMENTATION) does not match the name of the calling package (PCL).
[0.308s]   This can lead to problems in calling code that expects `find_package`
[0.308s]   result variables (e.g., `_FOUND`) to follow a certain pattern.
[0.308s] Call Stack (most recent call first):
[0.308s]   /usr/lib/x86_64-linux-gnu/cmake/pcl/PCLConfig.cmake:616 (find_package_handle_standard_args)
[0.308s]   CMakeLists.txt:12 (find_package)
[0.308s] This warning is for project developers.  Use -Wno-dev to suppress it.
[0.308s] 
[0.308s] CMake Warning (dev) at /usr/share/cmake-3.22/Modules/FindPackageHandleStandardArgs.cmake:438 (message):
[0.308s]   The package name passed to `find_package_handle_standard_args`
[0.308s]   (PCL_VISUALIZATION) does not match the name of the calling package (PCL).
[0.308s]   This can lead to problems in calling code that expects `find_package`
[0.308s]   result variables (e.g., `_FOUND`) to follow a certain pattern.
[0.308s] Call Stack (most recent call first):
[0.308s]   /usr/lib/x86_64-linux-gnu/cmake/pcl/PCLConfig.cmake:616 (find_package_handle_standard_args)
[0.308s]   CMakeLists.txt:12 (find_package)
[0.309s] This warning is for project developers.  Use -Wno-dev to suppress it.
[0.309s] 
[0.309s] -- looking for PCL_VISUALIZATION
[0.309s] -- looking for PCL_SURFACE
[0.309s] -- looking for PCL_REGISTRATION
[0.309s] -- looking for PCL_KEYPOINTS
[0.309s] CMake Warning (dev) at /usr/share/cmake-3.22/Modules/FindPackageHandleStandardArgs.cmake:438 (message):
[0.309s]   The package name passed to `find_package_handle_standard_args`
[0.309s]   (PCL_SURFACE) does not match the name of the calling package (PCL).  This
[0.309s]   can lead to problems in calling code that expects `find_package` result
[0.309s]   variables (e.g., `_FOUND`) to follow a certain pattern.
[0.309s] Call Stack (most recent call first):
[0.309s]   /usr/lib/x86_64-linux-gnu/cmake/pcl/PCLConfig.cmake:616 (find_package_handle_standard_args)
[0.309s]   CMakeLists.txt:12 (find_package)
[0.309s] This warning is for project developers.  Use -Wno-dev to suppress it.
[0.309s] 
[0.309s] CMake Warning (dev) at /usr/share/cmake-3.22/Modules/FindPackageHandleStandardArgs.cmake:438 (message):
[0.309s]   The package name passed to `find_package_handle_standard_args`
[0.309s]   (PCL_REGISTRATION) does not match the name of the calling package (PCL).
[0.309s]   This can lead to problems in calling code that expects `find_package`
[0.309s]   result variables (e.g., `_FOUND`) to follow a certain pattern.
[0.309s] Call Stack (most recent call first):
[0.309s]   /usr/lib/x86_64-linux-gnu/cmake/pcl/PCLConfig.cmake:616 (find_package_handle_standard_args)
[0.309s]   CMakeLists.txt:12 (find_package)
[0.309s] This warning is for project developers.  Use -Wno-dev to suppress it.
[0.309s] 
[0.309s] CMake Warning (dev) at /usr/share/cmake-3.22/Modules/FindPackageHandleStandardArgs.cmake:438 (message):
[0.309s]   The package name passed to `find_package_handle_standard_args`
[0.309s]   (PCL_KEYPOINTS) does not match the name of the calling package (PCL).  This
[0.309s]   can lead to problems in calling code that expects `find_package` result
[0.309s]   variables (e.g., `_FOUND`) to follow a certain pattern.
[0.309s] Call Stack (most recent call first):
[0.309s]   /usr/lib/x86_64-linux-gnu/cmake/pcl/PCLConfig.cmake:616 (find_package_handle_standard_args)
[0.309s]   CMakeLists.txt:12 (find_package)
[0.309s] This warning is for project developers.  Use -Wno-dev to suppress it.
[0.310s] 
[0.310s] -- looking for PCL_TRACKING
[0.310s] CMake Warning (dev) at /usr/share/cmake-3.22/Modules/FindPackageHandleStandardArgs.cmake:438 (message):
[0.310s]   The package name passed to `find_package_handle_standard_args`
[0.310s]   (PCL_TRACKING) does not match the name of the calling package (PCL).  This
[0.310s]   can lead to problems in calling code that expects `find_package` result
[0.310s]   variables (e.g., `_FOUND`) to follow a certain pattern.
[0.310s] Call Stack (most recent call first):
[0.310s]   /usr/lib/x86_64-linux-gnu/cmake/pcl/PCLConfig.cmake:616 (find_package_handle_standard_args)
[0.310s]   CMakeLists.txt:12 (find_package)
[0.310s] This warning is for project developers.  Use -Wno-dev to suppress it.
[0.310s] 
[0.310s] -- looking for PCL_RECOGNITION
[0.310s] -- looking for PCL_STEREO
[0.310s] -- looking for PCL_APPS
[0.310s] CMake Warning (dev) at /usr/share/cmake-3.22/Modules/FindPackageHandleStandardArgs.cmake:438 (message):
[0.310s]   The package name passed to `find_package_handle_standard_args`
[0.310s]   (PCL_RECOGNITION) does not match the name of the calling package (PCL).
[0.310s]   This can lead to problems in calling code that expects `find_package`
[0.310s]   result variables (e.g., `_FOUND`) to follow a certain pattern.
[0.310s] Call Stack (most recent call first):
[0.310s]   /usr/lib/x86_64-linux-gnu/cmake/pcl/PCLConfig.cmake:616 (find_package_handle_standard_args)
[0.310s]   CMakeLists.txt:12 (find_package)
[0.310s] This warning is for project developers.  Use -Wno-dev to suppress it.
[0.310s] 
[0.310s] CMake Warning (dev) at /usr/share/cmake-3.22/Modules/FindPackageHandleStandardArgs.cmake:438 (message):
[0.310s]   The package name passed to `find_package_handle_standard_args` (PCL_STEREO)
[0.310s]   does not match the name of the calling package (PCL).  This can lead to
[0.310s]   problems in calling code that expects `find_package` result variables
[0.310s]   (e.g., `_FOUND`) to follow a certain pattern.
[0.310s] Call Stack (most recent call first):
[0.310s]   /usr/lib/x86_64-linux-gnu/cmake/pcl/PCLConfig.cmake:616 (find_package_handle_standard_args)
[0.310s]   CMakeLists.txt:12 (find_package)
[0.310s] This warning is for project developers.  Use -Wno-dev to suppress it.
[0.310s] 
[0.310s] CMake Warning (dev) at /usr/share/cmake-3.22/Modules/FindPackageHandleStandardArgs.cmake:438 (message):
[0.311s]   The package name passed to `find_package_handle_standard_args` (PCL_APPS)
[0.311s]   does not match the name of the calling package (PCL).  This can lead to
[0.311s]   problems in calling code that expects `find_package` result variables
[0.311s]   (e.g., `_FOUND`) to follow a certain pattern.
[0.311s] Call Stack (most recent call first):
[0.311s]   /usr/lib/x86_64-linux-gnu/cmake/pcl/PCLConfig.cmake:616 (find_package_handle_standard_args)
[0.311s]   CMakeLists.txt:12 (find_package)
[0.311s] This warning is for project developers.  Use -Wno-dev to suppress it.
[0.311s] 
[0.311s] -- looking for PCL_IN_HAND_SCANNER
[0.311s] CMake Warning (dev) at /usr/share/cmake-3.22/Modules/FindPackageHandleStandardArgs.cmake:438 (message):
[0.311s]   The package name passed to `find_package_handle_standard_args`
[0.311s]   (PCL_IN_HAND_SCANNER) does not match the name of the calling package (PCL).
[0.311s]   This can lead to problems in calling code that expects `find_package`
[0.311s]   result variables (e.g., `_FOUND`) to follow a certain pattern.
[0.311s] Call Stack (most recent call first):
[0.311s]   /usr/lib/x86_64-linux-gnu/cmake/pcl/PCLConfig.cmake:619 (find_package_handle_standard_args)
[0.311s]   CMakeLists.txt:12 (find_package)
[0.311s] This warning is for project developers.  Use -Wno-dev to suppress it.
[0.311s] 
[0.311s] CMake Warning (dev) at /usr/share/cmake-3.22/Modules/FindPackageHandleStandardArgs.cmake:438 (message):
[0.311s]   The package name passed to `find_package_handle_standard_args`
[0.311s]   (PCL_POINT_CLOUD_EDITOR) does not match the name of the calling package
[0.311s]   (PCL).  This can lead to problems in calling code that expects
[0.311s]   `find_package` result variables (e.g., `_FOUND`) to follow a certain
[0.311s]   pattern.
[0.311s] Call Stack (most recent call first):
[0.311s]   /usr/lib/x86_64-linux-gnu/cmake/pcl/PCLConfig.cmake:619 (find_package_handle_standard_args)
[0.311s]   CMakeLists.txt:12 (find_package)
[0.311s] This warning is for project developers.  Use -Wno-dev to suppress it.
[0.311s] 
[0.311s] -- looking for PCL_POINT_CLOUD_EDITOR
[0.311s] -- looking for PCL_OUTOFCORE
[0.311s] CMake Warning (dev) at /usr/share/cmake-3.22/Modules/FindPackageHandleStandardArgs.cmake:438 (message):
[0.311s]   The package name passed to `find_package_handle_standard_args`
[0.311s]   (PCL_OUTOFCORE) does not match the name of the calling package (PCL).  This
[0.311s]   can lead to problems in calling code that expects `find_package` result
[0.312s]   variables (e.g., `_FOUND`) to follow a certain pattern.
[0.312s] Call Stack (most recent call first):
[0.312s]   /usr/lib/x86_64-linux-gnu/cmake/pcl/PCLConfig.cmake:616 (find_package_handle_standard_args)
[0.312s]   CMakeLists.txt:12 (find_package)
[0.312s] This warning is for project developers.  Use -Wno-dev to suppress it.
[0.312s] 
[0.312s] CMake Warning (dev) at /usr/share/cmake-3.22/Modules/FindPackageHandleStandardArgs.cmake:438 (message):
[0.312s]   The package name passed to `find_package_handle_standard_args` (PCL_PEOPLE)
[0.312s]   does not match the name of the calling package (PCL).  This can lead to
[0.312s]   problems in calling code that expects `find_package` result variables
[0.312s]   (e.g., `_FOUND`) to follow a certain pattern.
[0.312s] Call Stack (most recent call first):
[0.312s]   /usr/lib/x86_64-linux-gnu/cmake/pcl/PCLConfig.cmake:616 (find_package_handle_standard_args)
[0.312s]   CMakeLists.txt:12 (find_package)
[0.312s] This warning is for project developers.  Use -Wno-dev to suppress it.
[0.312s] 
[0.312s] -- looking for PCL_PEOPLE
[0.312s] -- Found rclcpp: 16.0.8 (/opt/ros/humble/share/rclcpp/cmake)
[0.335s] -- Found rmw_implementation_cmake: 6.1.1 (/opt/ros/humble/share/rmw_implementation_cmake/cmake)
[0.336s] -- Found rmw_fastrtps_cpp: 6.2.6 (/opt/ros/humble/share/rmw_fastrtps_cpp/cmake)
[0.414s] -- Using RMW implementation 'rmw_fastrtps_cpp' as default
[0.482s] -- Found rclpy: 3.3.12 (/opt/ros/humble/share/rclpy/cmake)
[0.491s] CMake Error at CMakeLists.txt:18 (find_package):
[0.492s]   By not providing "Findmapping.cmake" in CMAKE_MODULE_PATH this project has
[0.492s]   asked CMake to find a package configuration file provided by "mapping", but
[0.492s]   CMake did not find one.
[0.492s] 
[0.492s]   Could not find a package configuration file provided by "mapping" with any
[0.492s]   of the following names:
[0.492s] 
[0.492s]     mappingConfig.cmake
[0.492s]     mapping-config.cmake
[0.492s] 
[0.492s]   Add the installation prefix of "mapping" to CMAKE_PREFIX_PATH or set
[0.492s]   "mapping_DIR" to a directory containing one of the above files.  If
[0.492s]   "mapping" provides a separate development package or SDK, be sure it has
[0.492s]   been installed.
[0.492s] 
[0.492s] 
[0.492s] -- Configuring incomplete, errors occurred!
[0.492s] See also "/home/ahmo030/ros2-migration/arena/arena-rosnav/utils/misc/path_search/build/path_search/CMakeFiles/CMakeOutput.log".
[0.497s] Invoked command in '/home/ahmo030/ros2-migration/arena/arena-rosnav/utils/misc/path_search/build/path_search' returned '1': CMAKE_PREFIX_PATH=/opt/ros/humble:${CMAKE_PREFIX_PATH} /usr/bin/cmake /home/ahmo030/ros2-migration/arena/arena-rosnav/utils/misc/path_search -DCMAKE_INSTALL_PREFIX=/home/ahmo030/ros2-migration/arena/arena-rosnav/utils/misc/path_search/install/path_search
