[0.000000] (-) TimerEvent: {}
[0.000202] (-) JobUnselected: {'identifier': 'amcl_utils'}
[0.000238] (-) JobUnselected: {'identifier': 'arena_bringup'}
[0.000363] (-) JobUnselected: {'identifier': 'arena_evaluation'}
[0.000442] (-) JobUnselected: {'identifier': 'arena_evaluation_msgs'}
[0.000478] (-) JobUnselected: {'identifier': 'arena_simulation_setup'}
[0.000499] (-) JobUnselected: {'identifier': 'brics_actuator'}
[0.000518] (-) JobUnselected: {'identifier': 'cob_base_controller_utils'}
[0.000536] (-) JobUnselected: {'identifier': 'cob_control_msgs'}
[0.000554] (-) JobUnselected: {'identifier': 'cob_gazebo_ros_control'}
[0.000572] (-) JobUnselected: {'identifier': 'cob_helper_tools'}
[0.000590] (-) JobUnselected: {'identifier': 'cob_omni_drive_controller'}
[0.000608] (-) JobUnselected: {'identifier': 'cob_scan_unifier'}
[0.000626] (-) JobUnselected: {'identifier': 'cob_sick_s300'}
[0.000644] (-) JobUnselected: {'identifier': 'cob_srvs'}
[0.000665] (-) JobUnselected: {'identifier': 'cob_twist_controller'}
[0.000683] (-) JobUnselected: {'identifier': 'crowdsim'}
[0.000707] (-) JobUnselected: {'identifier': 'eval'}
[0.000726] (-) JobUnselected: {'identifier': 'flatland'}
[0.000744] (-) JobUnselected: {'identifier': 'gazebo_utils'}
[0.000763] (-) JobUnselected: {'identifier': 'generic_throttle'}
[0.000780] (-) JobUnselected: {'identifier': 'grid_map_generator'}
[0.000798] (-) JobUnselected: {'identifier': 'intermediate_planner'}
[0.000816] (-) JobUnselected: {'identifier': 'ira_laser_tools'}
[0.000834] (-) JobUnselected: {'identifier': 'map_clock_simulator'}
[0.000852] (-) JobUnselected: {'identifier': 'map_distance_server'}
[0.000869] (-) JobUnselected: {'identifier': 'map_generator'}
[0.000887] (-) JobUnselected: {'identifier': 'mapping'}
[0.000904] (-) JobUnselected: {'identifier': 'mecanum_gazebo_plugin'}
[0.000922] (-) JobUnselected: {'identifier': 'move_base_flex'}
[0.000940] (-) JobUnselected: {'identifier': 'navigation'}
[0.000958] (-) JobUnselected: {'identifier': 'observations'}
[0.000976] (-) JobUnselected: {'identifier': 'omni_base_description'}
[0.000993] (-) JobUnselected: {'identifier': 'path_search'}
[0.001011] (-) JobUnselected: {'identifier': 'pedsim_ros'}
[0.001028] (-) JobUnselected: {'identifier': 'plan_manager'}
[0.001045] (-) JobUnselected: {'identifier': 'plan_msgs'}
[0.001063] (-) JobUnselected: {'identifier': 'plan_visualization'}
[0.001080] (-) JobUnselected: {'identifier': 'pmb2_description'}
[0.001098] (-) JobUnselected: {'identifier': 'ridgeback_control'}
[0.001115] (-) JobUnselected: {'identifier': 'ridgeback_gazebo_plugins'}
[0.001133] (-) JobUnselected: {'identifier': 'rl_utils'}
[0.001151] (-) JobUnselected: {'identifier': 'rviz_plugins'}
[0.001168] (-) JobUnselected: {'identifier': 'rviz_utils'}
[0.001186] (-) JobUnselected: {'identifier': 'sensor_simulator'}
[0.001204] (-) JobUnselected: {'identifier': 'spacial_horizon'}
[0.001221] (-) JobUnselected: {'identifier': 'stable_baselines3'}
[0.001238] (-) JobUnselected: {'identifier': 'task_generator'}
[0.001256] (-) JobUnselected: {'identifier': 'testing'}
[0.001274] (-) JobUnselected: {'identifier': 'tiago_bringup'}
[0.001291] (-) JobUnselected: {'identifier': 'tiago_controller_configuration'}
[0.001308] (-) JobUnselected: {'identifier': 'tiago_controller_configuration_gazebo'}
[0.001326] (-) JobUnselected: {'identifier': 'tiago_description'}
[0.001344] (-) JobUnselected: {'identifier': 'tiago_description_calibration'}
[0.001361] (-) JobUnselected: {'identifier': 'tiago_gazebo'}
[0.001379] (-) JobUnselected: {'identifier': 'training'}
[0.001396] (-) JobUnselected: {'identifier': 'traj_planner'}
[0.001414] (-) JobUnselected: {'identifier': 'unitree_controller_go1'}
[0.001431] (-) JobUnselected: {'identifier': 'unitree_legged_control'}
[0.001449] (-) JobUnselected: {'identifier': 'unitree_legged_msgs'}
[0.001466] (-) JobUnselected: {'identifier': 'youbot_description'}
[0.001483] (-) JobUnselected: {'identifier': 'youbot_simulation'}
[0.001501] (-) EventReactorShutdown: {}
