[0.045s] Invoking command in '/ros2-migration/build/tiago_description_calibration': /usr/bin/cmake /ros2-migration/arena/utils/3rd-party-robot-packages/tiago/tiago_description_calibration -DCMAKE_INSTALL_PREFIX=/ros2-migration/install/tiago_description_calibration
[0.065s] -- Found ament_cmake: 1.3.9 (/opt/ros/humble/share/ament_cmake/cmake)
[0.195s] Traceback (most recent call last):
[0.195s]   File "/opt/ros/humble/share/ament_cmake_core/cmake/package_templates/templates_2_cmake.py", line 21, in <module>
[0.195s]     from ament_package.templates import get_environment_hook_template_path
[0.195s] ModuleNotFoundError: No module named 'ament_package'
[0.212s] -- Configuring incomplete, errors occurred!
[0.212s] See also "/ros2-migration/build/tiago_description_calibration/CMakeFiles/CMakeOutput.log".
[0.212s] [31mCMake Error at /opt/ros/humble/share/ament_cmake_core/cmake/ament_cmake_package_templates-extras.cmake:41 (message):
[0.212s]   execute_process(/usr/bin/python3
[0.212s]   /opt/ros/humble/share/ament_cmake_core/cmake/package_templates/templates_2_cmake.py
[0.212s]   /ros2-migration/build/tiago_description_calibration/ament_cmake_package_templates/templates.cmake)
[0.212s]   returned error code 1
[0.212s] Call Stack (most recent call first):
[0.212s]   /opt/ros/humble/share/ament_cmake_core/cmake/ament_cmake_coreConfig.cmake:41 (include)
[0.212s]   /opt/ros/humble/share/ament_cmake/cmake/ament_cmake_export_dependencies-extras.cmake:15 (find_package)
[0.212s]   /opt/ros/humble/share/ament_cmake/cmake/ament_cmakeConfig.cmake:41 (include)
[0.212s]   CMakeLists.txt:9 (find_package)
[0.212s] 
[0.213s] [0m
