[0.077s] DEBUG:colcon:Command line arguments: ['/home/ahmo030/.local/bin/colcon', 'build', '--packages-select', 'map_distance_server']
[0.077s] DEBUG:colcon:Parsed command line arguments: Namespace(log_base=None, log_level=None, verb_name='build', build_base='build', install_base='install', merge_install=False, symlink_install=False, test_result_base=None, continue_on_error=False, executor='parallel', parallel_workers=16, event_handlers=None, ignore_user_meta=False, metas=['./colcon.meta'], base_paths=['.'], packages_ignore=None, packages_ignore_regex=None, paths=None, packages_up_to=None, packages_up_to_regex=None, packages_above=None, packages_above_and_dependencies=None, packages_above_depth=None, packages_select_by_dep=None, packages_skip_by_dep=None, packages_skip_up_to=None, packages_select_build_failed=False, packages_skip_build_finished=False, packages_select_test_failures=False, packages_skip_test_passed=False, packages_select=['map_distance_server'], packages_skip=None, packages_select_regex=None, packages_skip_regex=None, packages_start=None, packages_end=None, cmake_args=None, cmake_target=None, cmake_target_skip_unavailable=False, cmake_clean_cache=False, cmake_clean_first=False, cmake_force_configure=False, ament_cmake_args=None, catkin_cmake_args=None, catkin_skip_building_tests=False, verb_parser=<colcon_defaults.argument_parser.defaults.DefaultArgumentsDecorator object at 0x7fe3b7488ee0>, verb_extension=<colcon_core.verb.build.BuildVerb object at 0x7fe3b7589a50>, main=<bound method BuildVerb.main of <colcon_core.verb.build.BuildVerb object at 0x7fe3b7589a50>>)
[0.218s] Level 1:colcon.colcon_core.package_discovery:discover_packages(colcon_meta) check parameters
[0.218s] Level 1:colcon.colcon_core.package_discovery:discover_packages(recursive) check parameters
[0.218s] Level 1:colcon.colcon_core.package_discovery:discover_packages(ignore) check parameters
[0.218s] Level 1:colcon.colcon_core.package_discovery:discover_packages(path) check parameters
[0.218s] Level 1:colcon.colcon_core.package_discovery:discover_packages(colcon_meta) discover
[0.218s] Level 1:colcon.colcon_core.package_discovery:discover_packages(recursive) discover
[0.218s] INFO:colcon.colcon_core.package_discovery:Crawling recursively for packages in '/home/ahmo030/ros2-migration/arena/arena-rosnav/utils/ros/rosnodes/map_distance_server'
[0.219s] Level 1:colcon.colcon_core.package_identification:_identify(.) by extensions ['ignore', 'ignore_ament_install']
[0.219s] Level 1:colcon.colcon_core.package_identification:_identify(.) by extension 'ignore'
[0.219s] Level 1:colcon.colcon_core.package_identification:_identify(.) by extension 'ignore_ament_install'
[0.219s] Level 1:colcon.colcon_core.package_identification:_identify(.) by extensions ['colcon_pkg']
[0.219s] Level 1:colcon.colcon_core.package_identification:_identify(.) by extension 'colcon_pkg'
[0.219s] Level 1:colcon.colcon_core.package_identification:_identify(.) by extensions ['colcon_meta']
[0.219s] Level 1:colcon.colcon_core.package_identification:_identify(.) by extension 'colcon_meta'
[0.219s] Level 1:colcon.colcon_core.package_identification:_identify(.) by extensions ['ros']
[0.219s] Level 1:colcon.colcon_core.package_identification:_identify(.) by extension 'ros'
[0.233s] DEBUG:colcon.colcon_core.package_identification:Package '.' with type 'ros.ament_cmake' and name 'map_distance_server'
[0.233s] Level 1:colcon.colcon_core.package_discovery:discover_packages(recursive) using defaults
[0.233s] Level 1:colcon.colcon_core.package_discovery:discover_packages(ignore) discover
[0.233s] Level 1:colcon.colcon_core.package_discovery:discover_packages(ignore) using defaults
[0.233s] Level 1:colcon.colcon_core.package_discovery:discover_packages(path) discover
[0.233s] Level 1:colcon.colcon_core.package_discovery:discover_packages(path) using defaults
[0.244s] Level 5:colcon.colcon_core.verb:set package 'map_distance_server' build argument 'cmake_args' from command line to 'None'
[0.244s] Level 5:colcon.colcon_core.verb:set package 'map_distance_server' build argument 'cmake_target' from command line to 'None'
[0.244s] Level 5:colcon.colcon_core.verb:set package 'map_distance_server' build argument 'cmake_target_skip_unavailable' from command line to 'False'
[0.244s] Level 5:colcon.colcon_core.verb:set package 'map_distance_server' build argument 'cmake_clean_cache' from command line to 'False'
[0.244s] Level 5:colcon.colcon_core.verb:set package 'map_distance_server' build argument 'cmake_clean_first' from command line to 'False'
[0.244s] Level 5:colcon.colcon_core.verb:set package 'map_distance_server' build argument 'cmake_force_configure' from command line to 'False'
[0.244s] Level 5:colcon.colcon_core.verb:set package 'map_distance_server' build argument 'ament_cmake_args' from command line to 'None'
[0.244s] Level 5:colcon.colcon_core.verb:set package 'map_distance_server' build argument 'catkin_cmake_args' from command line to 'None'
[0.244s] Level 5:colcon.colcon_core.verb:set package 'map_distance_server' build argument 'catkin_skip_building_tests' from command line to 'False'
[0.244s] DEBUG:colcon.colcon_core.verb:Building package 'map_distance_server' with the following arguments: {'ament_cmake_args': None, 'build_base': '/home/ahmo030/ros2-migration/arena/arena-rosnav/utils/ros/rosnodes/map_distance_server/build/map_distance_server', 'catkin_cmake_args': None, 'catkin_skip_building_tests': False, 'cmake_args': None, 'cmake_clean_cache': False, 'cmake_clean_first': False, 'cmake_force_configure': False, 'cmake_target': None, 'cmake_target_skip_unavailable': False, 'install_base': '/home/ahmo030/ros2-migration/arena/arena-rosnav/utils/ros/rosnodes/map_distance_server/install/map_distance_server', 'merge_install': False, 'path': '/home/ahmo030/ros2-migration/arena/arena-rosnav/utils/ros/rosnodes/map_distance_server', 'symlink_install': False, 'test_result_base': None}
[0.244s] INFO:colcon.colcon_core.executor:Executing jobs using 'parallel' executor
[0.244s] DEBUG:colcon.colcon_parallel_executor.executor.parallel:run_until_complete
[0.245s] INFO:colcon.colcon_ros.task.ament_cmake.build:Building ROS package in '/home/ahmo030/ros2-migration/arena/arena-rosnav/utils/ros/rosnodes/map_distance_server' with build type 'ament_cmake'
[0.245s] INFO:colcon.colcon_cmake.task.cmake.build:Building CMake package in '/home/ahmo030/ros2-migration/arena/arena-rosnav/utils/ros/rosnodes/map_distance_server'
[0.246s] INFO:colcon.colcon_core.plugin_system:Skipping extension 'colcon_core.shell.bat': Not used on non-Windows systems
[0.246s] INFO:colcon.colcon_core.shell:Skip shell extension 'powershell' for command environment: Not usable outside of PowerShell
[0.246s] DEBUG:colcon.colcon_core.shell:Skip shell extension 'dsv' for command environment
[0.246s] WARNING:colcon.colcon_ros.prefix_path.catkin:The path '/home/ahmo030/arena_ws/devel' in the environment variable CMAKE_PREFIX_PATH seems to be a catkin workspace but it doesn't contain any 'local_setup.*' files. Maybe the catkin version is not up-to-date?
[0.247s] DEBUG:colcon.colcon_core.shell:Ignoring prefix path '/home/ahmo030/packages_ws/devel'
[0.251s] DEBUG:colcon.colcon_core.event_handler.log_command:Invoking command in '/home/ahmo030/ros2-migration/arena/arena-rosnav/utils/ros/rosnodes/map_distance_server/build/map_distance_server': CMAKE_PREFIX_PATH=/opt/ros/humble:${CMAKE_PREFIX_PATH} /usr/bin/cmake --build /home/ahmo030/ros2-migration/arena/arena-rosnav/utils/ros/rosnodes/map_distance_server/build/map_distance_server -- -j16 -l16
[0.499s] DEBUG:colcon.colcon_core.event_handler.log_command:Invoked command in '/home/ahmo030/ros2-migration/arena/arena-rosnav/utils/ros/rosnodes/map_distance_server/build/map_distance_server' returned '0': CMAKE_PREFIX_PATH=/opt/ros/humble:${CMAKE_PREFIX_PATH} /usr/bin/cmake --build /home/ahmo030/ros2-migration/arena/arena-rosnav/utils/ros/rosnodes/map_distance_server/build/map_distance_server -- -j16 -l16
[0.529s] DEBUG:colcon.colcon_core.event_handler.log_command:Invoking command in '/home/ahmo030/ros2-migration/arena/arena-rosnav/utils/ros/rosnodes/map_distance_server/build/map_distance_server': CMAKE_PREFIX_PATH=/opt/ros/humble:${CMAKE_PREFIX_PATH} /usr/bin/cmake --install /home/ahmo030/ros2-migration/arena/arena-rosnav/utils/ros/rosnodes/map_distance_server/build/map_distance_server
[0.557s] Level 1:colcon.colcon_core.environment:create_environment_scripts_only(map_distance_server)
[0.557s] DEBUG:colcon.colcon_core.event_handler.log_command:Invoked command in '/home/ahmo030/ros2-migration/arena/arena-rosnav/utils/ros/rosnodes/map_distance_server/build/map_distance_server' returned '0': CMAKE_PREFIX_PATH=/opt/ros/humble:${CMAKE_PREFIX_PATH} /usr/bin/cmake --install /home/ahmo030/ros2-migration/arena/arena-rosnav/utils/ros/rosnodes/map_distance_server/build/map_distance_server
[0.559s] Level 1:colcon.colcon_core.environment:checking '/home/ahmo030/ros2-migration/arena/arena-rosnav/utils/ros/rosnodes/map_distance_server/install/map_distance_server' for CMake module files
[0.559s] Level 1:colcon.colcon_core.environment:checking '/home/ahmo030/ros2-migration/arena/arena-rosnav/utils/ros/rosnodes/map_distance_server/install/map_distance_server' for CMake config files
[0.559s] Level 1:colcon.colcon_core.shell:create_environment_hook('map_distance_server', 'cmake_prefix_path')
[0.559s] INFO:colcon.colcon_core.shell:Creating environment hook '/home/ahmo030/ros2-migration/arena/arena-rosnav/utils/ros/rosnodes/map_distance_server/install/map_distance_server/share/map_distance_server/hook/cmake_prefix_path.ps1'
[0.560s] INFO:colcon.colcon_core.shell:Creating environment descriptor '/home/ahmo030/ros2-migration/arena/arena-rosnav/utils/ros/rosnodes/map_distance_server/install/map_distance_server/share/map_distance_server/hook/cmake_prefix_path.dsv'
[0.560s] INFO:colcon.colcon_core.shell:Creating environment hook '/home/ahmo030/ros2-migration/arena/arena-rosnav/utils/ros/rosnodes/map_distance_server/install/map_distance_server/share/map_distance_server/hook/cmake_prefix_path.sh'
[0.560s] Level 1:colcon.colcon_core.environment:checking '/home/ahmo030/ros2-migration/arena/arena-rosnav/utils/ros/rosnodes/map_distance_server/install/map_distance_server/lib'
[0.560s] Level 1:colcon.colcon_core.shell:create_environment_hook('map_distance_server', 'ld_library_path_lib')
[0.560s] INFO:colcon.colcon_core.shell:Creating environment hook '/home/ahmo030/ros2-migration/arena/arena-rosnav/utils/ros/rosnodes/map_distance_server/install/map_distance_server/share/map_distance_server/hook/ld_library_path_lib.ps1'
[0.561s] INFO:colcon.colcon_core.shell:Creating environment descriptor '/home/ahmo030/ros2-migration/arena/arena-rosnav/utils/ros/rosnodes/map_distance_server/install/map_distance_server/share/map_distance_server/hook/ld_library_path_lib.dsv'
[0.561s] INFO:colcon.colcon_core.shell:Creating environment hook '/home/ahmo030/ros2-migration/arena/arena-rosnav/utils/ros/rosnodes/map_distance_server/install/map_distance_server/share/map_distance_server/hook/ld_library_path_lib.sh'
[0.561s] Level 1:colcon.colcon_core.environment:checking '/home/ahmo030/ros2-migration/arena/arena-rosnav/utils/ros/rosnodes/map_distance_server/install/map_distance_server/bin'
[0.561s] Level 1:colcon.colcon_core.shell:create_environment_hook('map_distance_server', 'path')
[0.561s] INFO:colcon.colcon_core.shell:Creating environment hook '/home/ahmo030/ros2-migration/arena/arena-rosnav/utils/ros/rosnodes/map_distance_server/install/map_distance_server/share/map_distance_server/hook/path.ps1'
[0.561s] INFO:colcon.colcon_core.shell:Creating environment descriptor '/home/ahmo030/ros2-migration/arena/arena-rosnav/utils/ros/rosnodes/map_distance_server/install/map_distance_server/share/map_distance_server/hook/path.dsv'
[0.561s] INFO:colcon.colcon_core.shell:Creating environment hook '/home/ahmo030/ros2-migration/arena/arena-rosnav/utils/ros/rosnodes/map_distance_server/install/map_distance_server/share/map_distance_server/hook/path.sh'
[0.562s] Level 1:colcon.colcon_core.environment:checking '/home/ahmo030/ros2-migration/arena/arena-rosnav/utils/ros/rosnodes/map_distance_server/install/map_distance_server/lib/pkgconfig/map_distance_server.pc'
[0.562s] Level 1:colcon.colcon_core.environment:checking '/home/ahmo030/ros2-migration/arena/arena-rosnav/utils/ros/rosnodes/map_distance_server/install/map_distance_server/lib/python3.10/site-packages'
[0.563s] Level 1:colcon.colcon_core.environment:checking '/home/ahmo030/ros2-migration/arena/arena-rosnav/utils/ros/rosnodes/map_distance_server/install/map_distance_server/bin'
[0.563s] Level 1:colcon.colcon_core.shell:create_environment_hook('map_distance_server', 'pythonscriptspath')
[0.563s] INFO:colcon.colcon_core.shell:Creating environment hook '/home/ahmo030/ros2-migration/arena/arena-rosnav/utils/ros/rosnodes/map_distance_server/install/map_distance_server/share/map_distance_server/hook/pythonscriptspath.ps1'
[0.563s] INFO:colcon.colcon_core.shell:Creating environment descriptor '/home/ahmo030/ros2-migration/arena/arena-rosnav/utils/ros/rosnodes/map_distance_server/install/map_distance_server/share/map_distance_server/hook/pythonscriptspath.dsv'
[0.563s] INFO:colcon.colcon_core.shell:Creating environment hook '/home/ahmo030/ros2-migration/arena/arena-rosnav/utils/ros/rosnodes/map_distance_server/install/map_distance_server/share/map_distance_server/hook/pythonscriptspath.sh'
[0.564s] INFO:colcon.colcon_core.shell:Creating package script '/home/ahmo030/ros2-migration/arena/arena-rosnav/utils/ros/rosnodes/map_distance_server/install/map_distance_server/share/map_distance_server/package.ps1'
[0.564s] INFO:colcon.colcon_core.shell:Creating package descriptor '/home/ahmo030/ros2-migration/arena/arena-rosnav/utils/ros/rosnodes/map_distance_server/install/map_distance_server/share/map_distance_server/package.dsv'
[0.564s] INFO:colcon.colcon_core.shell:Creating package script '/home/ahmo030/ros2-migration/arena/arena-rosnav/utils/ros/rosnodes/map_distance_server/install/map_distance_server/share/map_distance_server/package.sh'
[0.565s] INFO:colcon.colcon_core.shell:Creating package script '/home/ahmo030/ros2-migration/arena/arena-rosnav/utils/ros/rosnodes/map_distance_server/install/map_distance_server/share/map_distance_server/package.bash'
[0.565s] INFO:colcon.colcon_core.shell:Creating package script '/home/ahmo030/ros2-migration/arena/arena-rosnav/utils/ros/rosnodes/map_distance_server/install/map_distance_server/share/map_distance_server/package.zsh'
[0.565s] Level 1:colcon.colcon_core.environment:create_file_with_runtime_dependencies(/home/ahmo030/ros2-migration/arena/arena-rosnav/utils/ros/rosnodes/map_distance_server/install/map_distance_server/share/colcon-core/packages/map_distance_server)
[0.612s] Level 1:colcon.colcon_core.environment:create_environment_scripts_only(map_distance_server)
[0.613s] Level 1:colcon.colcon_core.environment:checking '/home/ahmo030/ros2-migration/arena/arena-rosnav/utils/ros/rosnodes/map_distance_server/install/map_distance_server' for CMake module files
[0.613s] Level 1:colcon.colcon_core.environment:checking '/home/ahmo030/ros2-migration/arena/arena-rosnav/utils/ros/rosnodes/map_distance_server/install/map_distance_server' for CMake config files
[0.613s] Level 1:colcon.colcon_core.shell:create_environment_hook('map_distance_server', 'cmake_prefix_path')
[0.613s] INFO:colcon.colcon_core.shell:Creating environment hook '/home/ahmo030/ros2-migration/arena/arena-rosnav/utils/ros/rosnodes/map_distance_server/install/map_distance_server/share/map_distance_server/hook/cmake_prefix_path.ps1'
[0.613s] INFO:colcon.colcon_core.shell:Creating environment descriptor '/home/ahmo030/ros2-migration/arena/arena-rosnav/utils/ros/rosnodes/map_distance_server/install/map_distance_server/share/map_distance_server/hook/cmake_prefix_path.dsv'
[0.614s] INFO:colcon.colcon_core.shell:Creating environment hook '/home/ahmo030/ros2-migration/arena/arena-rosnav/utils/ros/rosnodes/map_distance_server/install/map_distance_server/share/map_distance_server/hook/cmake_prefix_path.sh'
[0.614s] Level 1:colcon.colcon_core.environment:checking '/home/ahmo030/ros2-migration/arena/arena-rosnav/utils/ros/rosnodes/map_distance_server/install/map_distance_server/lib'
[0.614s] Level 1:colcon.colcon_core.shell:create_environment_hook('map_distance_server', 'ld_library_path_lib')
[0.614s] INFO:colcon.colcon_core.shell:Creating environment hook '/home/ahmo030/ros2-migration/arena/arena-rosnav/utils/ros/rosnodes/map_distance_server/install/map_distance_server/share/map_distance_server/hook/ld_library_path_lib.ps1'
[0.614s] INFO:colcon.colcon_core.shell:Creating environment descriptor '/home/ahmo030/ros2-migration/arena/arena-rosnav/utils/ros/rosnodes/map_distance_server/install/map_distance_server/share/map_distance_server/hook/ld_library_path_lib.dsv'
[0.614s] INFO:colcon.colcon_core.shell:Creating environment hook '/home/ahmo030/ros2-migration/arena/arena-rosnav/utils/ros/rosnodes/map_distance_server/install/map_distance_server/share/map_distance_server/hook/ld_library_path_lib.sh'
[0.615s] Level 1:colcon.colcon_core.environment:checking '/home/ahmo030/ros2-migration/arena/arena-rosnav/utils/ros/rosnodes/map_distance_server/install/map_distance_server/bin'
[0.615s] Level 1:colcon.colcon_core.shell:create_environment_hook('map_distance_server', 'path')
[0.615s] INFO:colcon.colcon_core.shell:Creating environment hook '/home/ahmo030/ros2-migration/arena/arena-rosnav/utils/ros/rosnodes/map_distance_server/install/map_distance_server/share/map_distance_server/hook/path.ps1'
[0.615s] INFO:colcon.colcon_core.shell:Creating environment descriptor '/home/ahmo030/ros2-migration/arena/arena-rosnav/utils/ros/rosnodes/map_distance_server/install/map_distance_server/share/map_distance_server/hook/path.dsv'
[0.615s] INFO:colcon.colcon_core.shell:Creating environment hook '/home/ahmo030/ros2-migration/arena/arena-rosnav/utils/ros/rosnodes/map_distance_server/install/map_distance_server/share/map_distance_server/hook/path.sh'
[0.615s] Level 1:colcon.colcon_core.environment:checking '/home/ahmo030/ros2-migration/arena/arena-rosnav/utils/ros/rosnodes/map_distance_server/install/map_distance_server/lib/pkgconfig/map_distance_server.pc'
[0.615s] Level 1:colcon.colcon_core.environment:checking '/home/ahmo030/ros2-migration/arena/arena-rosnav/utils/ros/rosnodes/map_distance_server/install/map_distance_server/lib/python3.10/site-packages'
[0.616s] Level 1:colcon.colcon_core.environment:checking '/home/ahmo030/ros2-migration/arena/arena-rosnav/utils/ros/rosnodes/map_distance_server/install/map_distance_server/bin'
[0.616s] Level 1:colcon.colcon_core.shell:create_environment_hook('map_distance_server', 'pythonscriptspath')
[0.616s] INFO:colcon.colcon_core.shell:Creating environment hook '/home/ahmo030/ros2-migration/arena/arena-rosnav/utils/ros/rosnodes/map_distance_server/install/map_distance_server/share/map_distance_server/hook/pythonscriptspath.ps1'
[0.616s] INFO:colcon.colcon_core.shell:Creating environment descriptor '/home/ahmo030/ros2-migration/arena/arena-rosnav/utils/ros/rosnodes/map_distance_server/install/map_distance_server/share/map_distance_server/hook/pythonscriptspath.dsv'
[0.616s] INFO:colcon.colcon_core.shell:Creating environment hook '/home/ahmo030/ros2-migration/arena/arena-rosnav/utils/ros/rosnodes/map_distance_server/install/map_distance_server/share/map_distance_server/hook/pythonscriptspath.sh'
[0.616s] INFO:colcon.colcon_core.shell:Creating package script '/home/ahmo030/ros2-migration/arena/arena-rosnav/utils/ros/rosnodes/map_distance_server/install/map_distance_server/share/map_distance_server/package.ps1'
[0.617s] INFO:colcon.colcon_core.shell:Creating package descriptor '/home/ahmo030/ros2-migration/arena/arena-rosnav/utils/ros/rosnodes/map_distance_server/install/map_distance_server/share/map_distance_server/package.dsv'
[0.617s] INFO:colcon.colcon_core.shell:Creating package script '/home/ahmo030/ros2-migration/arena/arena-rosnav/utils/ros/rosnodes/map_distance_server/install/map_distance_server/share/map_distance_server/package.sh'
[0.617s] INFO:colcon.colcon_core.shell:Creating package script '/home/ahmo030/ros2-migration/arena/arena-rosnav/utils/ros/rosnodes/map_distance_server/install/map_distance_server/share/map_distance_server/package.bash'
[0.617s] INFO:colcon.colcon_core.shell:Creating package script '/home/ahmo030/ros2-migration/arena/arena-rosnav/utils/ros/rosnodes/map_distance_server/install/map_distance_server/share/map_distance_server/package.zsh'
[0.617s] Level 1:colcon.colcon_core.environment:create_file_with_runtime_dependencies(/home/ahmo030/ros2-migration/arena/arena-rosnav/utils/ros/rosnodes/map_distance_server/install/map_distance_server/share/colcon-core/packages/map_distance_server)
[0.618s] DEBUG:colcon.colcon_parallel_executor.executor.parallel:closing loop
[0.618s] DEBUG:colcon.colcon_parallel_executor.executor.parallel:loop closed
[0.618s] DEBUG:colcon.colcon_parallel_executor.executor.parallel:run_until_complete finished with '0'
[0.618s] DEBUG:colcon.colcon_core.event_reactor:joining thread
[0.622s] INFO:colcon.colcon_core.plugin_system:Skipping extension 'colcon_notification.desktop_notification.terminal_notifier': Not used on non-Darwin systems
[0.622s] INFO:colcon.colcon_core.plugin_system:Skipping extension 'colcon_notification.desktop_notification.win32': Not used on non-Windows systems
[0.622s] INFO:colcon.colcon_notification.desktop_notification:Sending desktop notification using 'notify2'
[0.645s] DEBUG:colcon.colcon_core.event_reactor:joined thread
[0.645s] INFO:colcon.colcon_core.shell:Creating prefix script '/home/ahmo030/ros2-migration/arena/arena-rosnav/utils/ros/rosnodes/map_distance_server/install/local_setup.ps1'
[0.646s] INFO:colcon.colcon_core.shell:Creating prefix util module '/home/ahmo030/ros2-migration/arena/arena-rosnav/utils/ros/rosnodes/map_distance_server/install/_local_setup_util_ps1.py'
[0.648s] INFO:colcon.colcon_core.shell:Creating prefix chain script '/home/ahmo030/ros2-migration/arena/arena-rosnav/utils/ros/rosnodes/map_distance_server/install/setup.ps1'
[0.650s] INFO:colcon.colcon_core.shell:Creating prefix script '/home/ahmo030/ros2-migration/arena/arena-rosnav/utils/ros/rosnodes/map_distance_server/install/local_setup.sh'
[0.652s] INFO:colcon.colcon_core.shell:Creating prefix util module '/home/ahmo030/ros2-migration/arena/arena-rosnav/utils/ros/rosnodes/map_distance_server/install/_local_setup_util_sh.py'
[0.653s] INFO:colcon.colcon_core.shell:Creating prefix chain script '/home/ahmo030/ros2-migration/arena/arena-rosnav/utils/ros/rosnodes/map_distance_server/install/setup.sh'
[0.655s] INFO:colcon.colcon_core.shell:Creating prefix script '/home/ahmo030/ros2-migration/arena/arena-rosnav/utils/ros/rosnodes/map_distance_server/install/local_setup.bash'
[0.656s] INFO:colcon.colcon_core.shell:Creating prefix chain script '/home/ahmo030/ros2-migration/arena/arena-rosnav/utils/ros/rosnodes/map_distance_server/install/setup.bash'
[0.658s] INFO:colcon.colcon_core.shell:Creating prefix script '/home/ahmo030/ros2-migration/arena/arena-rosnav/utils/ros/rosnodes/map_distance_server/install/local_setup.zsh'
[0.659s] INFO:colcon.colcon_core.shell:Creating prefix chain script '/home/ahmo030/ros2-migration/arena/arena-rosnav/utils/ros/rosnodes/map_distance_server/install/setup.zsh'
