-- Install configuration: ""
-- Up-to-date: /home/ahmo030/ros2-migration/arena/arena-rosnav/arena_bringup/install/arena_bringup/share/arena_bringup//launch
-- Up-to-date: /home/ahmo030/ros2-migration/arena/arena-rosnav/arena_bringup/install/arena_bringup/share/arena_bringup//launch/start_generate.launch.py
-- Up-to-date: /home/ahmo030/ros2-migration/arena/arena-rosnav/arena_bringup/install/arena_bringup/share/arena_bringup//launch/training
-- Up-to-date: /home/ahmo030/ros2-migration/arena/arena-rosnav/arena_bringup/install/arena_bringup/share/arena_bringup//launch/training/flatland_simulator.launch.py
-- Up-to-date: /home/ahmo030/ros2-migration/arena/arena-rosnav/arena_bringup/install/arena_bringup/share/arena_bringup//launch/training/train_robot.launch.py
-- Up-to-date: /home/ahmo030/ros2-migration/arena/arena-rosnav/arena_bringup/install/arena_bringup/share/arena_bringup//launch/training/start_envs.launch.py
-- Up-to-date: /home/ahmo030/ros2-migration/arena/arena-rosnav/arena_bringup/install/arena_bringup/share/arena_bringup//launch/training/single_env_training.launch.py
-- Up-to-date: /home/ahmo030/ros2-migration/arena/arena-rosnav/arena_bringup/install/arena_bringup/share/arena_bringup//launch/training/train_agent.launch.py
-- Up-to-date: /home/ahmo030/ros2-migration/arena/arena-rosnav/arena_bringup/install/arena_bringup/share/arena_bringup//launch/utils
-- Up-to-date: /home/ahmo030/ros2-migration/arena/arena-rosnav/arena_bringup/install/arena_bringup/share/arena_bringup//launch/utils/fake_localization.launch.py
-- Up-to-date: /home/ahmo030/ros2-migration/arena/arena-rosnav/arena_bringup/install/arena_bringup/share/arena_bringup//launch/utils/entity_manager.launch.py
-- Up-to-date: /home/ahmo030/ros2-migration/arena/arena-rosnav/arena_bringup/install/arena_bringup/share/arena_bringup//launch/utils/rviz.launch.py
-- Up-to-date: /home/ahmo030/ros2-migration/arena/arena-rosnav/arena_bringup/install/arena_bringup/share/arena_bringup//launch/utils/timed_space_planner_fsm.launch.py
-- Up-to-date: /home/ahmo030/ros2-migration/arena/arena-rosnav/arena_bringup/install/arena_bringup/share/arena_bringup//launch/utils/intermediate_planner.launch.py
-- Up-to-date: /home/ahmo030/ros2-migration/arena/arena-rosnav/arena_bringup/install/arena_bringup/share/arena_bringup//launch/utils/map_server.launch.py
-- Up-to-date: /home/ahmo030/ros2-migration/arena/arena-rosnav/arena_bringup/install/arena_bringup/share/arena_bringup//launch/utils/plan_manager.launch.py
-- Up-to-date: /home/ahmo030/ros2-migration/arena/arena-rosnav/arena_bringup/install/arena_bringup/share/arena_bringup//launch/visualization_training.launch.py
-- Up-to-date: /home/ahmo030/ros2-migration/arena/arena-rosnav/arena_bringup/install/arena_bringup/share/arena_bringup//launch/start_arena.launch.py
-- Up-to-date: /home/ahmo030/ros2-migration/arena/arena-rosnav/arena_bringup/install/arena_bringup/share/arena_bringup//launch/testing
-- Up-to-date: /home/ahmo030/ros2-migration/arena/arena-rosnav/arena_bringup/install/arena_bringup/share/arena_bringup//launch/testing/robot.launch.py
-- Up-to-date: /home/ahmo030/ros2-migration/arena/arena-rosnav/arena_bringup/install/arena_bringup/share/arena_bringup//launch/testing/drl_agent
-- Up-to-date: /home/ahmo030/ros2-migration/arena/arena-rosnav/arena_bringup/install/arena_bringup/share/arena_bringup//launch/testing/drl_agent/drl_local_planner.launch.py
-- Up-to-date: /home/ahmo030/ros2-migration/arena/arena-rosnav/arena_bringup/install/arena_bringup/share/arena_bringup//launch/testing/amcl.launch.py
-- Up-to-date: /home/ahmo030/ros2-migration/arena/arena-rosnav/arena_bringup/install/arena_bringup/share/arena_bringup//launch/testing/task_generator.launch.py
-- Up-to-date: /home/ahmo030/ros2-migration/arena/arena-rosnav/arena_bringup/install/arena_bringup/share/arena_bringup//launch/testing/simulators
-- Up-to-date: /home/ahmo030/ros2-migration/arena/arena-rosnav/arena_bringup/install/arena_bringup/share/arena_bringup//launch/testing/simulators/flatland.launch.py
-- Up-to-date: /home/ahmo030/ros2-migration/arena/arena-rosnav/arena_bringup/install/arena_bringup/share/arena_bringup//launch/testing/simulators/gazebo.launch.py
-- Up-to-date: /home/ahmo030/ros2-migration/arena/arena-rosnav/arena_bringup/install/arena_bringup/share/arena_bringup//launch/testing/sensor_sim.launch.py
-- Up-to-date: /home/ahmo030/ros2-migration/arena/arena-rosnav/arena_bringup/install/arena_bringup/share/arena_bringup//launch/start_training.launch.py
-- Up-to-date: /home/ahmo030/ros2-migration/arena/arena-rosnav/arena_bringup/install/arena_bringup/share/ament_index/resource_index/package_run_dependencies/arena_bringup
-- Up-to-date: /home/ahmo030/ros2-migration/arena/arena-rosnav/arena_bringup/install/arena_bringup/share/ament_index/resource_index/parent_prefix_path/arena_bringup
-- Up-to-date: /home/ahmo030/ros2-migration/arena/arena-rosnav/arena_bringup/install/arena_bringup/share/arena_bringup/environment/ament_prefix_path.sh
-- Up-to-date: /home/ahmo030/ros2-migration/arena/arena-rosnav/arena_bringup/install/arena_bringup/share/arena_bringup/environment/ament_prefix_path.dsv
-- Up-to-date: /home/ahmo030/ros2-migration/arena/arena-rosnav/arena_bringup/install/arena_bringup/share/arena_bringup/environment/path.sh
-- Up-to-date: /home/ahmo030/ros2-migration/arena/arena-rosnav/arena_bringup/install/arena_bringup/share/arena_bringup/environment/path.dsv
-- Up-to-date: /home/ahmo030/ros2-migration/arena/arena-rosnav/arena_bringup/install/arena_bringup/share/arena_bringup/local_setup.bash
-- Up-to-date: /home/ahmo030/ros2-migration/arena/arena-rosnav/arena_bringup/install/arena_bringup/share/arena_bringup/local_setup.sh
-- Up-to-date: /home/ahmo030/ros2-migration/arena/arena-rosnav/arena_bringup/install/arena_bringup/share/arena_bringup/local_setup.zsh
-- Up-to-date: /home/ahmo030/ros2-migration/arena/arena-rosnav/arena_bringup/install/arena_bringup/share/arena_bringup/local_setup.dsv
-- Installing: /home/ahmo030/ros2-migration/arena/arena-rosnav/arena_bringup/install/arena_bringup/share/arena_bringup/package.dsv
-- Up-to-date: /home/ahmo030/ros2-migration/arena/arena-rosnav/arena_bringup/install/arena_bringup/share/ament_index/resource_index/packages/arena_bringup
-- Up-to-date: /home/ahmo030/ros2-migration/arena/arena-rosnav/arena_bringup/install/arena_bringup/share/arena_bringup/cmake/arena_bringupConfig.cmake
-- Up-to-date: /home/ahmo030/ros2-migration/arena/arena-rosnav/arena_bringup/install/arena_bringup/share/arena_bringup/cmake/arena_bringupConfig-version.cmake
-- Up-to-date: /home/ahmo030/ros2-migration/arena/arena-rosnav/arena_bringup/install/arena_bringup/share/arena_bringup/package.xml
