[0.006s] Invoking command in '/home/ahmo030/ros2-migration/arena/arena-rosnav/utils/misc/path_search/build/path_search': CMAKE_PREFIX_PATH=/opt/ros/humble:${CMAKE_PREFIX_PATH} /usr/bin/cmake /home/ahmo030/ros2-migration/arena/arena-rosnav/utils/misc/path_search -DCMAKE_INSTALL_PREFIX=/home/ahmo030/ros2-migration/arena/arena-rosnav/utils/misc/path_search/install/path_search
[0.013s] -- Found ament_cmake: 1.3.8 (/opt/ros/humble/share/ament_cmake/cmake)
[0.091s] -- Found nav_msgs: 4.2.3 (/opt/ros/humble/share/nav_msgs/cmake)
[0.109s] -- Found rosidl_generator_c: 3.1.5 (/opt/ros/humble/share/rosidl_generator_c/cmake)
[0.110s] -- Found rosidl_adapter: 3.1.5 (/opt/ros/humble/share/rosidl_adapter/cmake)
[0.114s] -- Found rosidl_generator_cpp: 3.1.5 (/opt/ros/humble/share/rosidl_generator_cpp/cmake)
[0.121s] -- Using all available rosidl_typesupport_c: rosidl_typesupport_fastrtps_c;rosidl_typesupport_introspection_c
[0.130s] -- Using all available rosidl_typesupport_cpp: rosidl_typesupport_fastrtps_cpp;rosidl_typesupport_introspection_cpp
[0.259s] -- Eigen found (include: /usr/include/eigen3, version: 3.4.0)
[0.298s] -- The imported target "vtkParseOGLExt" references the file
[0.298s]    "/usr/bin/vtkParseOGLExt-7.1"
[0.298s] but this file does not exist.  Possible reasons include:
[0.298s] * The file was deleted, renamed, or moved to another location.
[0.298s] * An install or uninstall procedure did not complete successfully.
[0.298s] * The installation package was faulty and contained
[0.298s]    "/usr/lib/cmake/vtk-7.1/VTKTargets.cmake"
[0.298s] but not all the files it references.
[0.298s] 
[0.298s] -- The imported target "vtkRenderingPythonTkWidgets" references the file
[0.298s]    "/usr/lib/x86_64-linux-gnu/libvtkRenderingPythonTkWidgets.so"
[0.298s] but this file does not exist.  Possible reasons include:
[0.298s] * The file was deleted, renamed, or moved to another location.
[0.298s] * An install or uninstall procedure did not complete successfully.
[0.298s] * The installation package was faulty and contained
[0.298s]    "/usr/lib/cmake/vtk-7.1/VTKTargets.cmake"
[0.298s] but not all the files it references.
[0.298s] 
[0.298s] -- The imported target "vtk" references the file
[0.298s]    "/usr/bin/vtk"
[0.298s] but this file does not exist.  Possible reasons include:
[0.298s] * The file was deleted, renamed, or moved to another location.
[0.298s] * An install or uninstall procedure did not complete successfully.
[0.298s] * The installation package was faulty and contained
[0.299s]    "/usr/lib/cmake/vtk-7.1/VTKTargets.cmake"
[0.299s] but not all the files it references.
[0.299s] 
[0.299s] -- The imported target "pvtk" references the file
[0.299s]    "/usr/bin/pvtk"
[0.299s] but this file does not exist.  Possible reasons include:
[0.299s] * The file was deleted, renamed, or moved to another location.
[0.299s] * An install or uninstall procedure did not complete successfully.
[0.299s] * The installation package was faulty and contained
[0.299s]    "/usr/lib/cmake/vtk-7.1/VTKTargets.cmake"
[0.299s] but not all the files it references.
[0.299s] 
[0.307s] CMake Warning (dev) at /usr/share/cmake-3.22/Modules/FindPackageHandleStandardArgs.cmake:438 (message):
[0.307s]   The package name passed to `find_package_handle_standard_args` (USB_10)
[0.307s]   does not match the name of the calling package (OpenNI).  This can lead to
[0.307s]   problems in calling code that expects `find_package` result variables
[0.307s]   (e.g., `_FOUND`) to follow a certain pattern.
[0.307s] Call Stack (most recent call first):
[0.307s]   /usr/lib/x86_64-linux-gnu/cmake/pcl/Modules/FindOpenNI.cmake:28 (find_package_handle_standard_args)
[0.307s]   /usr/lib/x86_64-linux-gnu/cmake/pcl/PCLConfig.cmake:179 (find_package)
[0.307s]   /usr/lib/x86_64-linux-gnu/cmake/pcl/PCLConfig.cmake:322 (find_openni)
[0.307s]   /usr/lib/x86_64-linux-gnu/cmake/pcl/PCLConfig.cmake:548 (find_external_library)
[0.307s]   CMakeLists.txt:12 (find_package)
[0.307s] This warning is for project developers.  Use -Wno-dev to suppress it.
[0.307s] 
[0.307s] -- OpenNI found (include: /usr/include/ni, lib: /usr/lib/libOpenNI.so)
[0.311s] CMake Warning (dev) at /usr/share/cmake-3.22/Modules/FindPackageHandleStandardArgs.cmake:438 (message):
[0.311s]   The package name passed to `find_package_handle_standard_args` (USB_10)
[0.311s]   does not match the name of the calling package (OpenNI2).  This can lead to
[0.311s]   problems in calling code that expects `find_package` result variables
[0.311s]   (e.g., `_FOUND`) to follow a certain pattern.
[0.311s] Call Stack (most recent call first):
[0.311s]   /usr/lib/x86_64-linux-gnu/cmake/pcl/Modules/FindOpenNI2.cmake:28 (find_package_handle_standard_args)
[0.311s]   /usr/lib/x86_64-linux-gnu/cmake/pcl/PCLConfig.cmake:193 (find_package)
[0.311s]   /usr/lib/x86_64-linux-gnu/cmake/pcl/PCLConfig.cmake:324 (find_openni2)
[0.311s]   /usr/lib/x86_64-linux-gnu/cmake/pcl/PCLConfig.cmake:548 (find_external_library)
[0.311s]   CMakeLists.txt:12 (find_package)
[0.311s] This warning is for project developers.  Use -Wno-dev to suppress it.
[0.311s] 
[0.311s] -- OpenNI2 found (include: /usr/include/openni2, lib: /usr/lib/x86_64-linux-gnu/libOpenNI2.so)
[0.312s] ** WARNING ** io features related to pcap will be disabled
[0.312s] ** WARNING ** io features related to png will be disabled
[0.317s] CMake Warning (dev) at /usr/share/cmake-3.22/Modules/FindPackageHandleStandardArgs.cmake:438 (message):
[0.317s]   The package name passed to `find_package_handle_standard_args` (libusb-1.0)
[0.317s]   does not match the name of the calling package (PCL).  This can lead to
[0.317s]   problems in calling code that expects `find_package` result variables
[0.317s]   (e.g., `_FOUND`) to follow a certain pattern.
[0.317s] Call Stack (most recent call first):
[0.317s]   /usr/lib/x86_64-linux-gnu/cmake/pcl/PCLConfig.cmake:291 (find_package_handle_standard_args)
[0.317s]   /usr/lib/x86_64-linux-gnu/cmake/pcl/PCLConfig.cmake:338 (find_libusb)
[0.317s]   /usr/lib/x86_64-linux-gnu/cmake/pcl/PCLConfig.cmake:548 (find_external_library)
[0.317s]   CMakeLists.txt:12 (find_package)
[0.317s] This warning is for project developers.  Use -Wno-dev to suppress it.
[0.317s] 
[0.317s] ** WARNING ** io features related to libusb-1.0 will be disabled
[0.320s] CMake Warning (dev) at /usr/share/cmake-3.22/Modules/FindPackageHandleStandardArgs.cmake:438 (message):
[0.320s]   The package name passed to `find_package_handle_standard_args` (USB_10)
[0.320s]   does not match the name of the calling package (OpenNI).  This can lead to
[0.320s]   problems in calling code that expects `find_package` result variables
[0.320s]   (e.g., `_FOUND`) to follow a certain pattern.
[0.320s] Call Stack (most recent call first):
[0.320s]   /usr/lib/x86_64-linux-gnu/cmake/pcl/Modules/FindOpenNI.cmake:28 (find_package_handle_standard_args)
[0.320s]   /usr/lib/x86_64-linux-gnu/cmake/pcl/PCLConfig.cmake:179 (find_package)
[0.320s]   /usr/lib/x86_64-linux-gnu/cmake/pcl/PCLConfig.cmake:322 (find_openni)
[0.320s]   /usr/lib/x86_64-linux-gnu/cmake/pcl/PCLConfig.cmake:548 (find_external_library)
[0.320s]   CMakeLists.txt:12 (find_package)
[0.320s] This warning is for project developers.  Use -Wno-dev to suppress it.
[0.320s] 
[0.321s] -- OpenNI found (include: /usr/include/ni, lib: /usr/lib/libOpenNI.so)
[0.324s] CMake Warning (dev) at /usr/share/cmake-3.22/Modules/FindPackageHandleStandardArgs.cmake:438 (message):
[0.324s]   The package name passed to `find_package_handle_standard_args` (USB_10)
[0.324s]   does not match the name of the calling package (OpenNI2).  This can lead to
[0.324s]   problems in calling code that expects `find_package` result variables
[0.324s]   (e.g., `_FOUND`) to follow a certain pattern.
[0.324s] Call Stack (most recent call first):
[0.324s]   /usr/lib/x86_64-linux-gnu/cmake/pcl/Modules/FindOpenNI2.cmake:28 (find_package_handle_standard_args)
[0.324s]   /usr/lib/x86_64-linux-gnu/cmake/pcl/PCLConfig.cmake:193 (find_package)
[0.324s]   /usr/lib/x86_64-linux-gnu/cmake/pcl/PCLConfig.cmake:324 (find_openni2)
[0.324s]   /usr/lib/x86_64-linux-gnu/cmake/pcl/PCLConfig.cmake:548 (find_external_library)
[0.324s]   CMakeLists.txt:12 (find_package)
[0.324s] This warning is for project developers.  Use -Wno-dev to suppress it.
[0.324s] 
[0.324s] -- OpenNI2 found (include: /usr/include/openni2, lib: /usr/lib/x86_64-linux-gnu/libOpenNI2.so)
[0.330s] -- QHULL found (include: /usr/include, lib: optimized;/usr/lib/x86_64-linux-gnu/libqhull.so;debug;/usr/lib/x86_64-linux-gnu/libqhull.so)
[0.333s] CMake Warning (dev) at /usr/share/cmake-3.22/Modules/FindPackageHandleStandardArgs.cmake:438 (message):
[0.333s]   The package name passed to `find_package_handle_standard_args` (USB_10)
[0.333s]   does not match the name of the calling package (OpenNI).  This can lead to
[0.333s]   problems in calling code that expects `find_package` result variables
[0.334s]   (e.g., `_FOUND`) to follow a certain pattern.
[0.334s] Call Stack (most recent call first):
[0.334s]   /usr/lib/x86_64-linux-gnu/cmake/pcl/Modules/FindOpenNI.cmake:28 (find_package_handle_standard_args)
[0.334s]   /usr/lib/x86_64-linux-gnu/cmake/pcl/PCLConfig.cmake:179 (find_package)
[0.334s]   /usr/lib/x86_64-linux-gnu/cmake/pcl/PCLConfig.cmake:322 (find_openni)
[0.334s]   /usr/lib/x86_64-linux-gnu/cmake/pcl/PCLConfig.cmake:548 (find_external_library)
[0.334s]   CMakeLists.txt:12 (find_package)
[0.334s] This warning is for project developers.  Use -Wno-dev to suppress it.
[0.334s] 
[0.334s] -- OpenNI found (include: /usr/include/ni, lib: /usr/lib/libOpenNI.so)
[0.340s] -- looking for PCL_COMMON
[0.340s] CMake Warning (dev) at /usr/share/cmake-3.22/Modules/FindPackageHandleStandardArgs.cmake:438 (message):
[0.340s]   The package name passed to `find_package_handle_standard_args` (PCL_COMMON)
[0.340s]   does not match the name of the calling package (PCL).  This can lead to
[0.340s]   problems in calling code that expects `find_package` result variables
[0.340s]   (e.g., `_FOUND`) to follow a certain pattern.
[0.340s] Call Stack (most recent call first):
[0.340s]   /usr/lib/x86_64-linux-gnu/cmake/pcl/PCLConfig.cmake:616 (find_package_handle_standard_args)
[0.340s]   CMakeLists.txt:12 (find_package)
[0.340s] This warning is for project developers.  Use -Wno-dev to suppress it.
[0.340s] 
[0.340s] -- looking for PCL_KDTREE
[0.340s] CMake Warning (dev) at /usr/share/cmake-3.22/Modules/FindPackageHandleStandardArgs.cmake:438 (message):
[0.340s]   The package name passed to `find_package_handle_standard_args` (PCL_KDTREE)
[0.340s]   does not match the name of the calling package (PCL).  This can lead to
[0.340s]   problems in calling code that expects `find_package` result variables
[0.340s]   (e.g., `_FOUND`) to follow a certain pattern.
[0.340s] Call Stack (most recent call first):
[0.340s]   /usr/lib/x86_64-linux-gnu/cmake/pcl/PCLConfig.cmake:616 (find_package_handle_standard_args)
[0.340s]   CMakeLists.txt:12 (find_package)
[0.340s] This warning is for project developers.  Use -Wno-dev to suppress it.
[0.340s] 
[0.340s] -- looking for PCL_OCTREE
[0.341s] CMake Warning (dev) at /usr/share/cmake-3.22/Modules/FindPackageHandleStandardArgs.cmake:438 (message):
[0.341s]   The package name passed to `find_package_handle_standard_args` (PCL_OCTREE)
[0.341s]   does not match the name of the calling package (PCL).  This can lead to
[0.341s]   problems in calling code that expects `find_package` result variables
[0.341s]   (e.g., `_FOUND`) to follow a certain pattern.
[0.341s] Call Stack (most recent call first):
[0.341s]   /usr/lib/x86_64-linux-gnu/cmake/pcl/PCLConfig.cmake:616 (find_package_handle_standard_args)
[0.341s]   CMakeLists.txt:12 (find_package)
[0.341s] This warning is for project developers.  Use -Wno-dev to suppress it.
[0.341s] 
[0.341s] -- looking for PCL_SEARCH
[0.341s] CMake Warning (dev) at /usr/share/cmake-3.22/Modules/FindPackageHandleStandardArgs.cmake:438 (message):
[0.341s]   The package name passed to `find_package_handle_standard_args` (PCL_SEARCH)
[0.341s]   does not match the name of the calling package (PCL).  This can lead to
[0.341s]   problems in calling code that expects `find_package` result variables
[0.341s]   (e.g., `_FOUND`) to follow a certain pattern.
[0.341s] Call Stack (most recent call first):
[0.341s]   /usr/lib/x86_64-linux-gnu/cmake/pcl/PCLConfig.cmake:616 (find_package_handle_standard_args)
[0.341s]   CMakeLists.txt:12 (find_package)
[0.341s] This warning is for project developers.  Use -Wno-dev to suppress it.
[0.341s] 
[0.341s] CMake Warning (dev) at /usr/share/cmake-3.22/Modules/FindPackageHandleStandardArgs.cmake:438 (message):
[0.342s]   The package name passed to `find_package_handle_standard_args`
[0.342s]   (PCL_SAMPLE_CONSENSUS) does not match the name of the calling package
[0.342s]   (PCL).  This can lead to problems in calling code that expects
[0.342s]   `find_package` result variables (e.g., `_FOUND`) to follow a certain
[0.342s]   pattern.
[0.342s] Call Stack (most recent call first):
[0.342s]   /usr/lib/x86_64-linux-gnu/cmake/pcl/PCLConfig.cmake:616 (find_package_handle_standard_args)
[0.342s]   CMakeLists.txt:12 (find_package)
[0.342s] This warning is for project developers.  Use -Wno-dev to suppress it.
[0.342s] 
[0.342s] CMake Warning (dev) at /usr/share/cmake-3.22/Modules/FindPackageHandleStandardArgs.cmake:438 (message):
[0.342s]   The package name passed to `find_package_handle_standard_args`
[0.342s]   (PCL_FILTERS) does not match the name of the calling package (PCL).  This
[0.342s]   can lead to problems in calling code that expects `find_package` result
[0.342s]   variables (e.g., `_FOUND`) to follow a certain pattern.
[0.342s] Call Stack (most recent call first):
[0.342s]   /usr/lib/x86_64-linux-gnu/cmake/pcl/PCLConfig.cmake:616 (find_package_handle_standard_args)
[0.342s]   CMakeLists.txt:12 (find_package)
[0.342s] This warning is for project developers.  Use -Wno-dev to suppress it.
[0.342s] 
[0.342s] CMake Warning (dev) at /usr/share/cmake-3.22/Modules/FindPackageHandleStandardArgs.cmake:438 (message):
[0.342s]   The package name passed to `find_package_handle_standard_args` (PCL_2D)
[0.342s]   does not match the name of the calling package (PCL).  This can lead to
[0.342s]   problems in calling code that expects `find_package` result variables
[0.342s]   (e.g., `_FOUND`) to follow a certain pattern.
[0.342s] Call Stack (most recent call first):
[0.343s]   /usr/lib/x86_64-linux-gnu/cmake/pcl/PCLConfig.cmake:619 (find_package_handle_standard_args)
[0.343s]   CMakeLists.txt:12 (find_package)
[0.343s] This warning is for project developers.  Use -Wno-dev to suppress it.
[0.343s] 
[0.343s] CMake Warning (dev) at /usr/share/cmake-3.22/Modules/FindPackageHandleStandardArgs.cmake:438 (message):
[0.343s]   The package name passed to `find_package_handle_standard_args`
[0.343s]   (PCL_GEOMETRY) does not match the name of the calling package (PCL).  This
[0.343s]   can lead to problems in calling code that expects `find_package` result
[0.343s]   variables (e.g., `_FOUND`) to follow a certain pattern.
[0.343s] Call Stack (most recent call first):
[0.343s]   /usr/lib/x86_64-linux-gnu/cmake/pcl/PCLConfig.cmake:619 (find_package_handle_standard_args)
[0.343s]   CMakeLists.txt:12 (find_package)
[0.343s] This warning is for project developers.  Use -Wno-dev to suppress it.
[0.343s] 
[0.343s] -- looking for PCL_SAMPLE_CONSENSUS
[0.343s] -- looking for PCL_FILTERS
[0.343s] -- looking for PCL_2D
[0.343s] -- looking for PCL_GEOMETRY
[0.343s] -- looking for PCL_IO
[0.343s] CMake Warning (dev) at /usr/share/cmake-3.22/Modules/FindPackageHandleStandardArgs.cmake:438 (message):
[0.344s]   The package name passed to `find_package_handle_standard_args` (PCL_IO)
[0.344s]   does not match the name of the calling package (PCL).  This can lead to
[0.344s]   problems in calling code that expects `find_package` result variables
[0.344s]   (e.g., `_FOUND`) to follow a certain pattern.
[0.344s] Call Stack (most recent call first):
[0.344s]   /usr/lib/x86_64-linux-gnu/cmake/pcl/PCLConfig.cmake:616 (find_package_handle_standard_args)
[0.344s]   CMakeLists.txt:12 (find_package)
[0.344s] This warning is for project developers.  Use -Wno-dev to suppress it.
[0.344s] 
[0.344s] -- looking for PCL_FEATURES
[0.344s] CMake Warning (dev) at /usr/share/cmake-3.22/Modules/FindPackageHandleStandardArgs.cmake:438 (message):
[0.344s]   The package name passed to `find_package_handle_standard_args`
[0.344s]   (PCL_FEATURES) does not match the name of the calling package (PCL).  This
[0.344s]   can lead to problems in calling code that expects `find_package` result
[0.344s]   variables (e.g., `_FOUND`) to follow a certain pattern.
[0.344s] Call Stack (most recent call first):
[0.344s]   /usr/lib/x86_64-linux-gnu/cmake/pcl/PCLConfig.cmake:616 (find_package_handle_standard_args)
[0.344s]   CMakeLists.txt:12 (find_package)
[0.344s] This warning is for project developers.  Use -Wno-dev to suppress it.
[0.344s] 
[0.344s] -- looking for PCL_ML
[0.344s] CMake Warning (dev) at /usr/share/cmake-3.22/Modules/FindPackageHandleStandardArgs.cmake:438 (message):
[0.344s]   The package name passed to `find_package_handle_standard_args` (PCL_ML)
[0.344s]   does not match the name of the calling package (PCL).  This can lead to
[0.344s]   problems in calling code that expects `find_package` result variables
[0.344s]   (e.g., `_FOUND`) to follow a certain pattern.
[0.344s] Call Stack (most recent call first):
[0.345s]   /usr/lib/x86_64-linux-gnu/cmake/pcl/PCLConfig.cmake:616 (find_package_handle_standard_args)
[0.345s]   CMakeLists.txt:12 (find_package)
[0.345s] This warning is for project developers.  Use -Wno-dev to suppress it.
[0.345s] 
[0.345s] -- looking for PCL_SEGMENTATION
[0.345s] CMake Warning (dev) at /usr/share/cmake-3.22/Modules/FindPackageHandleStandardArgs.cmake:438 (message):
[0.345s]   The package name passed to `find_package_handle_standard_args`
[0.345s]   (PCL_SEGMENTATION) does not match the name of the calling package (PCL).
[0.345s]   This can lead to problems in calling code that expects `find_package`
[0.345s]   result variables (e.g., `_FOUND`) to follow a certain pattern.
[0.345s] Call Stack (most recent call first):
[0.345s]   /usr/lib/x86_64-linux-gnu/cmake/pcl/PCLConfig.cmake:616 (find_package_handle_standard_args)
[0.345s]   CMakeLists.txt:12 (find_package)
[0.345s] This warning is for project developers.  Use -Wno-dev to suppress it.
[0.345s] 
[0.345s] -- looking for PCL_VISUALIZATION
[0.345s] CMake Warning (dev) at /usr/share/cmake-3.22/Modules/FindPackageHandleStandardArgs.cmake:438 (message):
[0.345s]   The package name passed to `find_package_handle_standard_args`
[0.345s]   (PCL_VISUALIZATION) does not match the name of the calling package (PCL).
[0.345s]   This can lead to problems in calling code that expects `find_package`
[0.345s]   result variables (e.g., `_FOUND`) to follow a certain pattern.
[0.345s] Call Stack (most recent call first):
[0.345s]   /usr/lib/x86_64-linux-gnu/cmake/pcl/PCLConfig.cmake:616 (find_package_handle_standard_args)
[0.345s]   CMakeLists.txt:12 (find_package)
[0.345s] This warning is for project developers.  Use -Wno-dev to suppress it.
[0.345s] 
[0.345s] CMake Warning (dev) at /usr/share/cmake-3.22/Modules/FindPackageHandleStandardArgs.cmake:438 (message):
[0.346s]   The package name passed to `find_package_handle_standard_args`
[0.346s]   (PCL_SURFACE) does not match the name of the calling package (PCL).  This
[0.346s]   can lead to problems in calling code that expects `find_package` result
[0.346s]   variables (e.g., `_FOUND`) to follow a certain pattern.
[0.346s] Call Stack (most recent call first):
[0.346s]   /usr/lib/x86_64-linux-gnu/cmake/pcl/PCLConfig.cmake:616 (find_package_handle_standard_args)
[0.346s]   CMakeLists.txt:12 (find_package)
[0.346s] This warning is for project developers.  Use -Wno-dev to suppress it.
[0.346s] 
[0.346s] CMake Warning (dev) at /usr/share/cmake-3.22/Modules/FindPackageHandleStandardArgs.cmake:438 (message):
[0.346s]   The package name passed to `find_package_handle_standard_args`
[0.346s]   (PCL_REGISTRATION) does not match the name of the calling package (PCL).
[0.346s]   This can lead to problems in calling code that expects `find_package`
[0.346s]   result variables (e.g., `_FOUND`) to follow a certain pattern.
[0.346s] Call Stack (most recent call first):
[0.346s]   /usr/lib/x86_64-linux-gnu/cmake/pcl/PCLConfig.cmake:616 (find_package_handle_standard_args)
[0.346s]   CMakeLists.txt:12 (find_package)
[0.346s] This warning is for project developers.  Use -Wno-dev to suppress it.
[0.346s] 
[0.346s] CMake Warning (dev) at /usr/share/cmake-3.22/Modules/FindPackageHandleStandardArgs.cmake:438 (message):
[0.346s]   The package name passed to `find_package_handle_standard_args`
[0.346s]   (PCL_KEYPOINTS) does not match the name of the calling package (PCL).  This
[0.346s]   can lead to problems in calling code that expects `find_package` result
[0.346s]   variables (e.g., `_FOUND`) to follow a certain pattern.
[0.346s] Call Stack (most recent call first):
[0.346s]   /usr/lib/x86_64-linux-gnu/cmake/pcl/PCLConfig.cmake:616 (find_package_handle_standard_args)
[0.346s]   CMakeLists.txt:12 (find_package)
[0.346s] This warning is for project developers.  Use -Wno-dev to suppress it.
[0.346s] 
[0.346s] -- looking for PCL_SURFACE
[0.346s] -- looking for PCL_REGISTRATION
[0.346s] -- looking for PCL_KEYPOINTS
[0.347s] -- looking for PCL_TRACKING
[0.347s] CMake Warning (dev) at /usr/share/cmake-3.22/Modules/FindPackageHandleStandardArgs.cmake:438 (message):
[0.347s]   The package name passed to `find_package_handle_standard_args`
[0.347s]   (PCL_TRACKING) does not match the name of the calling package (PCL).  This
[0.347s]   can lead to problems in calling code that expects `find_package` result
[0.347s]   variables (e.g., `_FOUND`) to follow a certain pattern.
[0.347s] Call Stack (most recent call first):
[0.347s]   /usr/lib/x86_64-linux-gnu/cmake/pcl/PCLConfig.cmake:616 (find_package_handle_standard_args)
[0.347s]   CMakeLists.txt:12 (find_package)
[0.347s] This warning is for project developers.  Use -Wno-dev to suppress it.
[0.347s] 
[0.347s] -- looking for PCL_RECOGNITION
[0.347s] -- looking for PCL_STEREO
[0.347s] -- looking for PCL_APPS
[0.347s] CMake Warning (dev) at /usr/share/cmake-3.22/Modules/FindPackageHandleStandardArgs.cmake:438 (message):
[0.347s]   The package name passed to `find_package_handle_standard_args`
[0.347s]   (PCL_RECOGNITION) does not match the name of the calling package (PCL).
[0.347s]   This can lead to problems in calling code that expects `find_package`
[0.347s]   result variables (e.g., `_FOUND`) to follow a certain pattern.
[0.347s] Call Stack (most recent call first):
[0.347s]   /usr/lib/x86_64-linux-gnu/cmake/pcl/PCLConfig.cmake:616 (find_package_handle_standard_args)
[0.347s]   CMakeLists.txt:12 (find_package)
[0.347s] This warning is for project developers.  Use -Wno-dev to suppress it.
[0.347s] 
[0.347s] CMake Warning (dev) at /usr/share/cmake-3.22/Modules/FindPackageHandleStandardArgs.cmake:438 (message):
[0.347s]   The package name passed to `find_package_handle_standard_args` (PCL_STEREO)
[0.347s]   does not match the name of the calling package (PCL).  This can lead to
[0.347s]   problems in calling code that expects `find_package` result variables
[0.348s]   (e.g., `_FOUND`) to follow a certain pattern.
[0.348s] Call Stack (most recent call first):
[0.348s]   /usr/lib/x86_64-linux-gnu/cmake/pcl/PCLConfig.cmake:616 (find_package_handle_standard_args)
[0.348s]   CMakeLists.txt:12 (find_package)
[0.348s] This warning is for project developers.  Use -Wno-dev to suppress it.
[0.348s] 
[0.348s] CMake Warning (dev) at /usr/share/cmake-3.22/Modules/FindPackageHandleStandardArgs.cmake:438 (message):
[0.348s]   The package name passed to `find_package_handle_standard_args` (PCL_APPS)
[0.348s]   does not match the name of the calling package (PCL).  This can lead to
[0.348s]   problems in calling code that expects `find_package` result variables
[0.348s]   (e.g., `_FOUND`) to follow a certain pattern.
[0.348s] Call Stack (most recent call first):
[0.348s]   /usr/lib/x86_64-linux-gnu/cmake/pcl/PCLConfig.cmake:616 (find_package_handle_standard_args)
[0.348s]   CMakeLists.txt:12 (find_package)
[0.348s] This warning is for project developers.  Use -Wno-dev to suppress it.
[0.348s] 
[0.348s] -- looking for PCL_IN_HAND_SCANNER
[0.348s] -- looking for PCL_POINT_CLOUD_EDITOR
[0.348s] CMake Warning (dev) at /usr/share/cmake-3.22/Modules/FindPackageHandleStandardArgs.cmake:438 (message):
[0.348s]   The package name passed to `find_package_handle_standard_args`
[0.348s]   (PCL_IN_HAND_SCANNER) does not match the name of the calling package (PCL).
[0.348s]   This can lead to problems in calling code that expects `find_package`
[0.348s]   result variables (e.g., `_FOUND`) to follow a certain pattern.
[0.348s] Call Stack (most recent call first):
[0.348s]   /usr/lib/x86_64-linux-gnu/cmake/pcl/PCLConfig.cmake:619 (find_package_handle_standard_args)
[0.348s]   CMakeLists.txt:12 (find_package)
[0.348s] This warning is for project developers.  Use -Wno-dev to suppress it.
[0.348s] 
[0.348s] CMake Warning (dev) at /usr/share/cmake-3.22/Modules/FindPackageHandleStandardArgs.cmake:438 (message):
[0.348s]   The package name passed to `find_package_handle_standard_args`
[0.348s]   (PCL_POINT_CLOUD_EDITOR) does not match the name of the calling package
[0.348s]   (PCL).  This can lead to problems in calling code that expects
[0.348s]   `find_package` result variables (e.g., `_FOUND`) to follow a certain
[0.348s]   pattern.
[0.349s] Call Stack (most recent call first):
[0.349s]   /usr/lib/x86_64-linux-gnu/cmake/pcl/PCLConfig.cmake:619 (find_package_handle_standard_args)
[0.349s]   CMakeLists.txt:12 (find_package)
[0.349s] This warning is for project developers.  Use -Wno-dev to suppress it.
[0.349s] 
[0.349s] -- looking for PCL_OUTOFCORE
[0.349s] CMake Warning (dev) at /usr/share/cmake-3.22/Modules/FindPackageHandleStandardArgs.cmake:438 (message):
[0.349s]   The package name passed to `find_package_handle_standard_args`
[0.349s]   (PCL_OUTOFCORE) does not match the name of the calling package (PCL).  This
[0.349s]   can lead to problems in calling code that expects `find_package` result
[0.349s]   variables (e.g., `_FOUND`) to follow a certain pattern.
[0.349s] Call Stack (most recent call first):
[0.349s]   /usr/lib/x86_64-linux-gnu/cmake/pcl/PCLConfig.cmake:616 (find_package_handle_standard_args)
[0.349s]   CMakeLists.txt:12 (find_package)
[0.349s] This warning is for project developers.  Use -Wno-dev to suppress it.
[0.349s] 
[0.349s] -- looking for PCL_PEOPLE
[0.349s] CMake Warning (dev) at /usr/share/cmake-3.22/Modules/FindPackageHandleStandardArgs.cmake:438 (message):
[0.349s]   The package name passed to `find_package_handle_standard_args` (PCL_PEOPLE)
[0.349s]   does not match the name of the calling package (PCL).  This can lead to
[0.349s]   problems in calling code that expects `find_package` result variables
[0.349s]   (e.g., `_FOUND`) to follow a certain pattern.
[0.349s] Call Stack (most recent call first):
[0.349s]   /usr/lib/x86_64-linux-gnu/cmake/pcl/PCLConfig.cmake:616 (find_package_handle_standard_args)
[0.349s]   CMakeLists.txt:12 (find_package)
[0.349s] This warning is for project developers.  Use -Wno-dev to suppress it.
[0.349s] 
[0.349s] -- Found rclcpp: 16.0.8 (/opt/ros/humble/share/rclcpp/cmake)
[0.375s] -- Found rmw_implementation_cmake: 6.1.1 (/opt/ros/humble/share/rmw_implementation_cmake/cmake)
[0.376s] -- Found rmw_fastrtps_cpp: 6.2.6 (/opt/ros/humble/share/rmw_fastrtps_cpp/cmake)
[0.461s] -- Using RMW implementation 'rmw_fastrtps_cpp' as default
[0.534s] -- Found rclpy: 3.3.12 (/opt/ros/humble/share/rclpy/cmake)
[0.544s] CMake Error at CMakeLists.txt:18 (find_package):
[0.544s]   By not providing "Findmapping.cmake" in CMAKE_MODULE_PATH this project has
[0.544s]   asked CMake to find a package configuration file provided by "mapping", but
[0.544s]   CMake did not find one.
[0.544s] 
[0.544s]   Could not find a package configuration file provided by "mapping" with any
[0.544s]   of the following names:
[0.544s] 
[0.544s]     mappingConfig.cmake
[0.544s]     mapping-config.cmake
[0.544s] 
[0.544s]   Add the installation prefix of "mapping" to CMAKE_PREFIX_PATH or set
[0.544s]   "mapping_DIR" to a directory containing one of the above files.  If
[0.544s]   "mapping" provides a separate development package or SDK, be sure it has
[0.544s]   been installed.
[0.544s] 
[0.544s] 
[0.544s] -- Configuring incomplete, errors occurred!
[0.544s] See also "/home/ahmo030/ros2-migration/arena/arena-rosnav/utils/misc/path_search/build/path_search/CMakeFiles/CMakeOutput.log".
[0.550s] Invoked command in '/home/ahmo030/ros2-migration/arena/arena-rosnav/utils/misc/path_search/build/path_search' returned '1': CMAKE_PREFIX_PATH=/opt/ros/humble:${CMAKE_PREFIX_PATH} /usr/bin/cmake /home/ahmo030/ros2-migration/arena/arena-rosnav/utils/misc/path_search -DCMAKE_INSTALL_PREFIX=/home/ahmo030/ros2-migration/arena/arena-rosnav/utils/misc/path_search/install/path_search
