[0.020s] Invoking command in '/ros2-migration/build/pmb2_description': /usr/bin/cmake /ros2-migration/arena/utils/3rd-party-robot-packages/tiago/pmb2_description -DCMAKE_INSTALL_PREFIX=/ros2-migration/install/pmb2_description
[0.110s] -- Found ament_cmake: 1.3.9 (/opt/ros/humble/share/ament_cmake/cmake)
[0.152s] -- Configuring incomplete, errors occurred!
[0.152s] See also "/ros2-migration/build/pmb2_description/CMakeFiles/CMakeOutput.log".
[0.161s] Traceback (most recent call last):
[0.161s]   File "/opt/ros/humble/share/ament_cmake_core/cmake/package_templates/templates_2_cmake.py", line 21, in <module>
[0.161s]     from ament_package.templates import get_environment_hook_template_path
[0.161s] ModuleNotFoundError: No module named 'ament_package'
[0.161s] [31mCMake Error at /opt/ros/humble/share/ament_cmake_core/cmake/ament_cmake_package_templates-extras.cmake:41 (message):
[0.162s]   execute_process(/usr/bin/python3
[0.162s]   /opt/ros/humble/share/ament_cmake_core/cmake/package_templates/templates_2_cmake.py
[0.162s]   /ros2-migration/build/pmb2_description/ament_cmake_package_templates/templates.cmake)
[0.162s]   returned error code 1
[0.162s] Call Stack (most recent call first):
[0.162s]   /opt/ros/humble/share/ament_cmake_core/cmake/ament_cmake_coreConfig.cmake:41 (include)
[0.162s]   /opt/ros/humble/share/ament_cmake/cmake/ament_cmake_export_dependencies-extras.cmake:15 (find_package)
[0.162s]   /opt/ros/humble/share/ament_cmake/cmake/ament_cmakeConfig.cmake:41 (include)
[0.162s]   CMakeLists.txt:11 (find_package)
[0.162s] 
[0.162s] [0m
[0.167s] Invoked command in '/ros2-migration/build/pmb2_description' returned '1': /usr/bin/cmake /ros2-migration/arena/utils/3rd-party-robot-packages/tiago/pmb2_description -DCMAKE_INSTALL_PREFIX=/ros2-migration/install/pmb2_description
