[0.030s] Invoking command in '/ros2-migration/build/plan_msgs': /usr/bin/cmake /ros2-migration/arena/arena-rosnav/utils/ros/msgs/plan_msgs -DCATKIN_INSTALL_INTO_PREFIX_ROOT=0 -DCMAKE_INSTALL_PREFIX=/ros2-migration/install/plan_msgs
[0.058s] -- Found ament_cmake: 1.3.9 (/opt/ros/humble/share/ament_cmake/cmake)
[0.245s] -- Found geometry_msgs: 4.2.3 (/opt/ros/humble/share/geometry_msgs/cmake)
[0.285s] -- Found rosidl_generator_c: 3.1.5 (/opt/ros/humble/share/rosidl_generator_c/cmake)
[0.288s] -- Found rosidl_adapter: 3.1.5 (/opt/ros/humble/share/rosidl_adapter/cmake)
[0.295s] -- Found rosidl_generator_cpp: 3.1.5 (/opt/ros/humble/share/rosidl_generator_cpp/cmake)
[0.307s] -- Using all available rosidl_typesupport_c: rosidl_typesupport_fastrtps_c;rosidl_typesupport_introspection_c
[0.325s] -- Using all available rosidl_typesupport_cpp: rosidl_typesupport_fastrtps_cpp;rosidl_typesupport_introspection_cpp
[0.456s] [31mCMake Error at CMakeLists.txt:10 (find_package):
[0.457s]   By not providing "Findmessage_generation.cmake" in CMAKE_MODULE_PATH this
[0.457s]   project has asked CMake to find a package configuration file provided by
[0.457s]   "message_generation", but CMake did not find one.
[0.457s] 
[0.457s]   Could not find a package configuration file provided by
[0.457s]   "message_generation" with any of the following names:
[0.457s] 
[0.457s]     message_generationConfig.cmake
[0.457s]     message_generation-config.cmake
[0.457s] 
[0.457s]   Add the installation prefix of "message_generation" to CMAKE_PREFIX_PATH or
[0.457s]   set "message_generation_DIR" to a directory containing one of the above
[0.457s]   files.  If "message_generation" provides a separate development package or
[0.458s]   SDK, be sure it has been installed.
[0.458s] 
[0.458s] [0m
[0.458s] -- Configuring incomplete, errors occurred!
[0.458s] See also "/ros2-migration/build/plan_msgs/CMakeFiles/CMakeOutput.log".
[0.461s] Invoked command in '/ros2-migration/build/plan_msgs' returned '1': /usr/bin/cmake /ros2-migration/arena/arena-rosnav/utils/ros/msgs/plan_msgs -DCATKIN_INSTALL_INTO_PREFIX_ROOT=0 -DCMAKE_INSTALL_PREFIX=/ros2-migration/install/plan_msgs
