[0.047s] Invoking command in '/ros2-migration/arena/build/cob_base_controller_utils': CMAKE_PREFIX_PATH=/opt/ros/humble /usr/bin/cmake /ros2-migration/arena/utils/3rd-party-robot-packages/cob4/cob_base_controller_utils -DCMAKE_INSTALL_PREFIX=/ros2-migration/arena/install/cob_base_controller_utils
[0.700s] -- Found ament_cmake: 1.3.9 (/opt/ros/humble/share/ament_cmake/cmake)
[0.700s] -- Found Python3: /usr/bin/python3 (found version "3.10.12") found components: Interpreter 
[0.700s] -- Found std_srvs: 4.2.3 (/opt/ros/humble/share/std_srvs/cmake)
[0.700s] [31mCMake Error at CMakeLists.txt:17 (add_dependencies):
[0.700s]   add_dependencies called with incorrect number of arguments
[0.700s] 
[0.700s] [0m
[0.701s] -- Found rosidl_generator_c: 3.1.5 (/opt/ros/humble/share/rosidl_generator_c/cmake)
[0.707s] -- Found rosidl_adapter: 3.1.5 (/opt/ros/humble/share/rosidl_adapter/cmake)
[0.715s] -- Found rosidl_generator_cpp: 3.1.5 (/opt/ros/humble/share/rosidl_generator_cpp/cmake)
[0.730s] -- Using all available rosidl_typesupport_c: rosidl_typesupport_fastrtps_c;rosidl_typesupport_introspection_c
[0.749s] -- Using all available rosidl_typesupport_cpp: rosidl_typesupport_fastrtps_cpp;rosidl_typesupport_introspection_cpp
[0.779s] [31mCMake Error at CMakeLists.txt:23 (find_package):
[0.780s]   By not providing "Findthread.cmake" in CMAKE_MODULE_PATH this project has
[0.780s]   asked CMake to find a package configuration file provided by "thread", but
[0.780s]   CMake did not find one.
[0.780s] 
[0.780s]   Could not find a package configuration file provided by "thread" with any
[0.780s]   of the following names:
[0.780s] 
[0.780s]     threadConfig.cmake
[0.781s]     thread-config.cmake
[0.781s] 
[0.781s]   Add the installation prefix of "thread" to CMAKE_PREFIX_PATH or set
[0.781s]   "thread_DIR" to a directory containing one of the above files.  If "thread"
[0.781s]   provides a separate development package or SDK, be sure it has been
[0.781s]   installed.
[0.781s] 
[0.782s] [0m
[0.782s] -- Configuring incomplete, errors occurred!
[0.782s] See also "/ros2-migration/arena/build/cob_base_controller_utils/CMakeFiles/CMakeOutput.log".
