[0.029s] Invoking command in '/ros2-migration/build/cob_srvs': CMAKE_PREFIX_PATH=/ros2-migration/install/tiago_controller_configuration:/opt/ros/humble /usr/bin/cmake --build /ros2-migration/build/cob_srvs -- -j8 -l8
[0.128s] [  1%] Built target cob_srvs__cpp
[0.128s] [ 12%] Built target cob_srvs__rosidl_generator_c
[0.160s] [ 12%] Built target ament_cmake_python_copy_cob_srvs
[0.174s] [ 23%] Built target cob_srvs__rosidl_typesupport_cpp
[0.181s] [ 34%] Built target cob_srvs__rosidl_typesupport_fastrtps_c
[0.184s] [ 45%] Built target cob_srvs__rosidl_typesupport_introspection_cpp
[0.198s] [ 56%] Built target cob_srvs__rosidl_typesupport_introspection_c
[0.287s] [ 67%] Built target cob_srvs__rosidl_typesupport_c
[0.288s] [ 78%] Built target cob_srvs__rosidl_typesupport_fastrtps_cpp
[0.322s] [ 78%] Built target cob_srvs
[0.377s] [ 80%] Built target cob_srvs__py
[0.399s] [ 89%] Built target cob_srvs__rosidl_generator_py
[0.419s] [ 92%] Built target cob_srvs__rosidl_typesupport_introspection_c__pyext
[0.443s] [ 96%] Built target cob_srvs__rosidl_typesupport_fastrtps_c__pyext
[0.443s] [100%] Built target cob_srvs__rosidl_typesupport_c__pyext
[0.546s] running egg_info
[0.563s] writing cob_srvs.egg-info/PKG-INFO
[0.563s] writing dependency_links to cob_srvs.egg-info/dependency_links.txt
[0.564s] writing top-level names to cob_srvs.egg-info/top_level.txt
[0.612s] reading manifest file 'cob_srvs.egg-info/SOURCES.txt'
[0.613s] writing manifest file 'cob_srvs.egg-info/SOURCES.txt'
[0.638s] [100%] Built target ament_cmake_python_build_cob_srvs_egg
