[0.005s] Invoking command in '/home/ahmo030/ros2-migration/arena/arena-rosnav/utils/misc/map_generator/build/map_generator': CMAKE_PREFIX_PATH=/opt/ros/humble:${CMAKE_PREFIX_PATH} /usr/bin/cmake /home/ahmo030/ros2-migration/arena/arena-rosnav/utils/misc/map_generator -DCMAKE_INSTALL_PREFIX=/home/ahmo030/ros2-migration/arena/arena-rosnav/utils/misc/map_generator/install/map_generator
[0.103s] -- The C compiler identification is GNU 11.4.0
[0.143s] -- The CXX compiler identification is GNU 11.4.0
[0.147s] -- Detecting C compiler ABI info
[0.183s] -- Detecting C compiler ABI info - done
[0.187s] -- Check for working C compiler: /usr/bin/cc - skipped
[0.187s] -- Detecting C compile features
[0.188s] -- Detecting C compile features - done
[0.189s] -- Detecting CXX compiler ABI info
[0.273s] -- Detecting CXX compiler ABI info - done
[0.277s] -- Check for working CXX compiler: /usr/bin/c++ - skipped
[0.278s] -- Detecting CXX compile features
[0.278s] -- Detecting CXX compile features - done
[0.279s] -- Found ament_cmake: 1.3.8 (/opt/ros/humble/share/ament_cmake/cmake)
[0.376s] -- Found Python3: /usr/bin/python3 (found version "3.10.12") found components: Interpreter 
[0.421s] -- Found rclpy: 3.3.12 (/opt/ros/humble/share/rclpy/cmake)
[0.421s] -- Found nav_msgs: 4.2.3 (/opt/ros/humble/share/nav_msgs/cmake)
[0.442s] -- Found rosidl_generator_c: 3.1.5 (/opt/ros/humble/share/rosidl_generator_c/cmake)
[0.445s] -- Found rosidl_adapter: 3.1.5 (/opt/ros/humble/share/rosidl_adapter/cmake)
[0.449s] -- Found rosidl_generator_cpp: 3.1.5 (/opt/ros/humble/share/rosidl_generator_cpp/cmake)
[0.456s] -- Using all available rosidl_typesupport_c: rosidl_typesupport_fastrtps_c;rosidl_typesupport_introspection_c
[0.466s] -- Using all available rosidl_typesupport_cpp: rosidl_typesupport_fastrtps_cpp;rosidl_typesupport_introspection_cpp
[0.587s] CMake Error at CMakeLists.txt:15 (find_package):
[0.587s]   By not providing "Findmap_distance_server.cmake" in CMAKE_MODULE_PATH this
[0.587s]   project has asked CMake to find a package configuration file provided by
[0.587s]   "map_distance_server", but CMake did not find one.
[0.587s] 
[0.587s]   Could not find a package configuration file provided by
[0.587s]   "map_distance_server" with any of the following names:
[0.587s] 
[0.587s]     map_distance_serverConfig.cmake
[0.587s]     map_distance_server-config.cmake
[0.587s] 
[0.587s]   Add the installation prefix of "map_distance_server" to CMAKE_PREFIX_PATH
[0.587s]   or set "map_distance_server_DIR" to a directory containing one of the above
[0.587s]   files.  If "map_distance_server" provides a separate development package or
[0.587s]   SDK, be sure it has been installed.
[0.587s] 
[0.587s] 
[0.587s] -- Configuring incomplete, errors occurred!
[0.587s] See also "/home/ahmo030/ros2-migration/arena/arena-rosnav/utils/misc/map_generator/build/map_generator/CMakeFiles/CMakeOutput.log".
[0.590s] Invoked command in '/home/ahmo030/ros2-migration/arena/arena-rosnav/utils/misc/map_generator/build/map_generator' returned '1': CMAKE_PREFIX_PATH=/opt/ros/humble:${CMAKE_PREFIX_PATH} /usr/bin/cmake /home/ahmo030/ros2-migration/arena/arena-rosnav/utils/misc/map_generator -DCMAKE_INSTALL_PREFIX=/home/ahmo030/ros2-migration/arena/arena-rosnav/utils/misc/map_generator/install/map_generator
