[0.017s] Invoking command in '/ros2-migration/arena/build/pmb2_description': /usr/bin/cmake /ros2-migration/arena/utils/3rd-party-robot-packages/tiago/pmb2_description -DCMAKE_INSTALL_PREFIX=/ros2-migration/arena/install/pmb2_description
[0.044s] -- Configuring incomplete, errors occurred!
[0.044s] See also "/ros2-migration/arena/build/pmb2_description/CMakeFiles/CMakeOutput.log".
[0.045s] [31mCMake Error at CMakeLists.txt:11 (find_package):
[0.045s]   By not providing "Findament_cmake.cmake" in CMAKE_MODULE_PATH this project
[0.045s]   has asked CMake to find a package configuration file provided by
[0.045s]   "ament_cmake", but CMake did not find one.
[0.046s] 
[0.046s]   Could not find a package configuration file provided by "ament_cmake" with
[0.046s]   any of the following names:
[0.046s] 
[0.046s]     ament_cmakeConfig.cmake
[0.046s]     ament_cmake-config.cmake
[0.046s] 
[0.046s]   Add the installation prefix of "ament_cmake" to CMAKE_PREFIX_PATH or set
[0.046s]   "ament_cmake_DIR" to a directory containing one of the above files.  If
[0.046s]   "ament_cmake" provides a separate development package or SDK, be sure it
[0.046s]   has been installed.
[0.046s] 
[0.047s] [0m
[0.065s] Invoked command in '/ros2-migration/arena/build/pmb2_description' returned '1': /usr/bin/cmake /ros2-migration/arena/utils/3rd-party-robot-packages/tiago/pmb2_description -DCMAKE_INSTALL_PREFIX=/ros2-migration/arena/install/pmb2_description
