[0.005s] Invoking command in '/home/ahmo030/ros2-migration/arena/arena-rosnav/utils/misc/path_search/build/path_search': CMAKE_PREFIX_PATH=/opt/ros/humble:${CMAKE_PREFIX_PATH} /usr/bin/cmake /home/ahmo030/ros2-migration/arena/arena-rosnav/utils/misc/path_search -DCMAKE_INSTALL_PREFIX=/home/ahmo030/ros2-migration/arena/arena-rosnav/utils/misc/path_search/install/path_search
[0.129s] -- The C compiler identification is GNU 11.4.0
[0.176s] -- The CXX compiler identification is GNU 11.4.0
[0.180s] -- Detecting C compiler ABI info
[0.248s] -- Detecting C compiler ABI info - done
[0.259s] -- Check for working C compiler: /usr/bin/cc - skipped
[0.259s] -- Detecting C compile features
[0.260s] -- Detecting C compile features - done
[0.263s] -- Detecting CXX compiler ABI info
[0.330s] -- Detecting CXX compiler ABI info - done
[0.334s] -- Check for working CXX compiler: /usr/bin/c++ - skipped
[0.335s] -- Detecting CXX compile features
[0.335s] -- Detecting CXX compile features - done
[0.336s] -- Found ament_cmake: 1.3.8 (/opt/ros/humble/share/ament_cmake/cmake)
[0.420s] -- Found Python3: /usr/bin/python3 (found version "3.10.12") found components: Interpreter 
[0.469s] -- Found nav_msgs: 4.2.3 (/opt/ros/humble/share/nav_msgs/cmake)
[0.490s] -- Found rosidl_generator_c: 3.1.5 (/opt/ros/humble/share/rosidl_generator_c/cmake)
[0.492s] -- Found rosidl_adapter: 3.1.5 (/opt/ros/humble/share/rosidl_adapter/cmake)
[0.497s] -- Found rosidl_generator_cpp: 3.1.5 (/opt/ros/humble/share/rosidl_generator_cpp/cmake)
[0.504s] -- Using all available rosidl_typesupport_c: rosidl_typesupport_fastrtps_c;rosidl_typesupport_introspection_c
[0.514s] -- Using all available rosidl_typesupport_cpp: rosidl_typesupport_fastrtps_cpp;rosidl_typesupport_introspection_cpp
[0.633s] -- Checking for module 'eigen3'
[0.638s] --   Found eigen3, version 3.4.0
[0.650s] -- Found Eigen: /usr/include/eigen3 (Required is at least version "3.1") 
[0.650s] -- Eigen found (include: /usr/include/eigen3, version: 3.4.0)
[0.679s] -- Found Boost: /usr/include (found suitable version "1.74.0", minimum required is "1.55.0") found components: system filesystem date_time iostreams regex 
[0.691s] -- Checking for module 'flann'
[0.696s] --   Found flann, version 1.9.1
[0.715s] -- Found FLANN: /usr/lib/x86_64-linux-gnu/libflann_cpp.so  
[0.731s] -- The imported target "vtkParseOGLExt" references the file
[0.731s]    "/usr/bin/vtkParseOGLExt-7.1"
[0.731s] but this file does not exist.  Possible reasons include:
[0.731s] * The file was deleted, renamed, or moved to another location.
[0.731s] * An install or uninstall procedure did not complete successfully.
[0.731s] * The installation package was faulty and contained
[0.731s]    "/usr/lib/cmake/vtk-7.1/VTKTargets.cmake"
[0.731s] but not all the files it references.
[0.731s] 
[0.731s] -- The imported target "vtkRenderingPythonTkWidgets" references the file
[0.731s]    "/usr/lib/x86_64-linux-gnu/libvtkRenderingPythonTkWidgets.so"
[0.731s] but this file does not exist.  Possible reasons include:
[0.731s] * The file was deleted, renamed, or moved to another location.
[0.731s] * An install or uninstall procedure did not complete successfully.
[0.731s] * The installation package was faulty and contained
[0.731s]    "/usr/lib/cmake/vtk-7.1/VTKTargets.cmake"
[0.731s] but not all the files it references.
[0.731s] 
[0.731s] -- The imported target "vtk" references the file
[0.731s]    "/usr/bin/vtk"
[0.731s] but this file does not exist.  Possible reasons include:
[0.731s] * The file was deleted, renamed, or moved to another location.
[0.731s] * An install or uninstall procedure did not complete successfully.
[0.732s] * The installation package was faulty and contained
[0.732s]    "/usr/lib/cmake/vtk-7.1/VTKTargets.cmake"
[0.732s] but not all the files it references.
[0.732s] 
[0.732s] -- The imported target "pvtk" references the file
[0.732s]    "/usr/bin/pvtk"
[0.732s] but this file does not exist.  Possible reasons include:
[0.732s] * The file was deleted, renamed, or moved to another location.
[0.732s] * An install or uninstall procedure did not complete successfully.
[0.732s] * The installation package was faulty and contained
[0.732s]    "/usr/lib/cmake/vtk-7.1/VTKTargets.cmake"
[0.732s] but not all the files it references.
[0.732s] 
[0.738s] -- Checking for module 'libusb-1.0'
[0.744s] --   Found libusb-1.0, version 1.0.25
[0.760s] CMake Warning (dev) at /usr/share/cmake-3.22/Modules/FindPackageHandleStandardArgs.cmake:438 (message):
[0.760s]   The package name passed to `find_package_handle_standard_args` (USB_10)
[0.760s]   does not match the name of the calling package (OpenNI).  This can lead to
[0.760s]   problems in calling code that expects `find_package` result variables
[0.760s]   (e.g., `_FOUND`) to follow a certain pattern.
[0.760s] Call Stack (most recent call first):
[0.760s]   /usr/lib/x86_64-linux-gnu/cmake/pcl/Modules/FindOpenNI.cmake:28 (find_package_handle_standard_args)
[0.760s]   /usr/lib/x86_64-linux-gnu/cmake/pcl/PCLConfig.cmake:179 (find_package)
[0.760s]   /usr/lib/x86_64-linux-gnu/cmake/pcl/PCLConfig.cmake:322 (find_openni)
[0.760s]   /usr/lib/x86_64-linux-gnu/cmake/pcl/PCLConfig.cmake:548 (find_external_library)
[0.760s]   CMakeLists.txt:12 (find_package)
[0.761s] This warning is for project developers.  Use -Wno-dev to suppress it.
[0.761s] 
[0.761s] -- Found USB_10: /usr/lib/x86_64-linux-gnu/libusb-1.0.so  
[0.781s] -- Found OpenNI: /usr/lib/libOpenNI.so  
[0.782s] -- OpenNI found (include: /usr/include/ni, lib: /usr/lib/libOpenNI.so)
[0.784s] CMake Warning (dev) at /usr/share/cmake-3.22/Modules/FindPackageHandleStandardArgs.cmake:438 (message):
[0.784s]   The package name passed to `find_package_handle_standard_args` (USB_10)
[0.784s]   does not match the name of the calling package (OpenNI2).  This can lead to
[0.784s]   problems in calling code that expects `find_package` result variables
[0.784s]   (e.g., `_FOUND`) to follow a certain pattern.
[0.784s] Call Stack (most recent call first):
[0.784s]   /usr/lib/x86_64-linux-gnu/cmake/pcl/Modules/FindOpenNI2.cmake:28 (find_package_handle_standard_args)
[0.784s]   /usr/lib/x86_64-linux-gnu/cmake/pcl/PCLConfig.cmake:193 (find_package)
[0.784s]   /usr/lib/x86_64-linux-gnu/cmake/pcl/PCLConfig.cmake:324 (find_openni2)
[0.784s]   /usr/lib/x86_64-linux-gnu/cmake/pcl/PCLConfig.cmake:548 (find_external_library)
[0.784s]   CMakeLists.txt:12 (find_package)
[0.784s] This warning is for project developers.  Use -Wno-dev to suppress it.
[0.784s] 
[0.804s] -- Found OpenNI2: /usr/lib/x86_64-linux-gnu/libOpenNI2.so  
[0.804s] -- OpenNI2 found (include: /usr/include/openni2, lib: /usr/lib/x86_64-linux-gnu/libOpenNI2.so)
[0.804s] ** WARNING ** io features related to pcap will be disabled
[0.804s] ** WARNING ** io features related to png will be disabled
[0.812s] CMake Warning (dev) at /usr/share/cmake-3.22/Modules/FindPackageHandleStandardArgs.cmake:438 (message):
[0.812s]   The package name passed to `find_package_handle_standard_args` (libusb-1.0)
[0.812s]   does not match the name of the calling package (PCL).  This can lead to
[0.812s]   problems in calling code that expects `find_package` result variables
[0.812s]   (e.g., `_FOUND`) to follow a certain pattern.
[0.812s] Call Stack (most recent call first):
[0.812s]   /usr/lib/x86_64-linux-gnu/cmake/pcl/PCLConfig.cmake:291 (find_package_handle_standard_args)
[0.812s]   /usr/lib/x86_64-linux-gnu/cmake/pcl/PCLConfig.cmake:338 (find_libusb)
[0.812s]   /usr/lib/x86_64-linux-gnu/cmake/pcl/PCLConfig.cmake:548 (find_external_library)
[0.812s]   CMakeLists.txt:12 (find_package)
[0.812s] This warning is for project developers.  Use -Wno-dev to suppress it.
[0.812s] 
[0.812s] -- Found libusb-1.0: /usr/include  
[0.812s] ** WARNING ** io features related to libusb-1.0 will be disabled
[0.815s] CMake Warning (dev) at /usr/share/cmake-3.22/Modules/FindPackageHandleStandardArgs.cmake:438 (message):
[0.815s]   The package name passed to `find_package_handle_standard_args` (USB_10)
[0.815s]   does not match the name of the calling package (OpenNI).  This can lead to
[0.815s]   problems in calling code that expects `find_package` result variables
[0.815s]   (e.g., `_FOUND`) to follow a certain pattern.
[0.815s] Call Stack (most recent call first):
[0.815s]   /usr/lib/x86_64-linux-gnu/cmake/pcl/Modules/FindOpenNI.cmake:28 (find_package_handle_standard_args)
[0.815s]   /usr/lib/x86_64-linux-gnu/cmake/pcl/PCLConfig.cmake:179 (find_package)
[0.815s]   /usr/lib/x86_64-linux-gnu/cmake/pcl/PCLConfig.cmake:322 (find_openni)
[0.815s]   /usr/lib/x86_64-linux-gnu/cmake/pcl/PCLConfig.cmake:548 (find_external_library)
[0.815s]   CMakeLists.txt:12 (find_package)
[0.815s] This warning is for project developers.  Use -Wno-dev to suppress it.
[0.815s] 
[0.815s] -- OpenNI found (include: /usr/include/ni, lib: /usr/lib/libOpenNI.so)
[0.818s] CMake Warning (dev) at /usr/share/cmake-3.22/Modules/FindPackageHandleStandardArgs.cmake:438 (message):
[0.818s]   The package name passed to `find_package_handle_standard_args` (USB_10)
[0.818s]   does not match the name of the calling package (OpenNI2).  This can lead to
[0.818s]   problems in calling code that expects `find_package` result variables
[0.818s]   (e.g., `_FOUND`) to follow a certain pattern.
[0.818s] Call Stack (most recent call first):
[0.818s]   /usr/lib/x86_64-linux-gnu/cmake/pcl/Modules/FindOpenNI2.cmake:28 (find_package_handle_standard_args)
[0.818s]   /usr/lib/x86_64-linux-gnu/cmake/pcl/PCLConfig.cmake:193 (find_package)
[0.818s]   /usr/lib/x86_64-linux-gnu/cmake/pcl/PCLConfig.cmake:324 (find_openni2)
[0.818s]   /usr/lib/x86_64-linux-gnu/cmake/pcl/PCLConfig.cmake:548 (find_external_library)
[0.818s]   CMakeLists.txt:12 (find_package)
[0.818s] This warning is for project developers.  Use -Wno-dev to suppress it.
[0.818s] 
[0.818s] -- OpenNI2 found (include: /usr/include/openni2, lib: /usr/lib/x86_64-linux-gnu/libOpenNI2.so)
[0.832s] -- Found Qhull: optimized;/usr/lib/x86_64-linux-gnu/libqhull.so;debug;/usr/lib/x86_64-linux-gnu/libqhull.so  
[0.832s] -- QHULL found (include: /usr/include, lib: optimized;/usr/lib/x86_64-linux-gnu/libqhull.so;debug;/usr/lib/x86_64-linux-gnu/libqhull.so)
[0.835s] CMake Warning (dev) at /usr/share/cmake-3.22/Modules/FindPackageHandleStandardArgs.cmake:438 (message):
[0.835s]   The package name passed to `find_package_handle_standard_args` (USB_10)
[0.835s]   does not match the name of the calling package (OpenNI).  This can lead to
[0.835s]   problems in calling code that expects `find_package` result variables
[0.835s]   (e.g., `_FOUND`) to follow a certain pattern.
[0.835s] Call Stack (most recent call first):
[0.835s]   /usr/lib/x86_64-linux-gnu/cmake/pcl/Modules/FindOpenNI.cmake:28 (find_package_handle_standard_args)
[0.835s]   /usr/lib/x86_64-linux-gnu/cmake/pcl/PCLConfig.cmake:179 (find_package)
[0.835s]   /usr/lib/x86_64-linux-gnu/cmake/pcl/PCLConfig.cmake:322 (find_openni)
[0.835s]   /usr/lib/x86_64-linux-gnu/cmake/pcl/PCLConfig.cmake:548 (find_external_library)
[0.835s]   CMakeLists.txt:12 (find_package)
[0.835s] This warning is for project developers.  Use -Wno-dev to suppress it.
[0.835s] 
[0.836s] -- OpenNI found (include: /usr/include/ni, lib: /usr/lib/libOpenNI.so)
[0.840s] -- looking for PCL_COMMON
[0.841s] CMake Warning (dev) at /usr/share/cmake-3.22/Modules/FindPackageHandleStandardArgs.cmake:438 (message):
[0.841s]   The package name passed to `find_package_handle_standard_args` (PCL_COMMON)
[0.841s]   does not match the name of the calling package (PCL).  This can lead to
[0.841s]   problems in calling code that expects `find_package` result variables
[0.841s]   (e.g., `_FOUND`) to follow a certain pattern.
[0.841s] Call Stack (most recent call first):
[0.841s]   /usr/lib/x86_64-linux-gnu/cmake/pcl/PCLConfig.cmake:616 (find_package_handle_standard_args)
[0.841s]   CMakeLists.txt:12 (find_package)
[0.841s] This warning is for project developers.  Use -Wno-dev to suppress it.
[0.841s] 
[0.841s] -- Found PCL_COMMON: /usr/lib/x86_64-linux-gnu/libpcl_common.so  
[0.841s] -- looking for PCL_KDTREE
[0.841s] CMake Warning (dev) at /usr/share/cmake-3.22/Modules/FindPackageHandleStandardArgs.cmake:438 (message):
[0.841s]   The package name passed to `find_package_handle_standard_args` (PCL_KDTREE)
[0.841s]   does not match the name of the calling package (PCL).  This can lead to
[0.841s]   problems in calling code that expects `find_package` result variables
[0.842s]   (e.g., `_FOUND`) to follow a certain pattern.
[0.842s] Call Stack (most recent call first):
[0.842s]   /usr/lib/x86_64-linux-gnu/cmake/pcl/PCLConfig.cmake:616 (find_package_handle_standard_args)
[0.842s]   CMakeLists.txt:12 (find_package)
[0.842s] This warning is for project developers.  Use -Wno-dev to suppress it.
[0.842s] 
[0.842s] -- Found PCL_KDTREE: /usr/lib/x86_64-linux-gnu/libpcl_kdtree.so  
[0.842s] -- looking for PCL_OCTREE
[0.842s] CMake Warning (dev) at /usr/share/cmake-3.22/Modules/FindPackageHandleStandardArgs.cmake:438 (message):
[0.842s]   The package name passed to `find_package_handle_standard_args` (PCL_OCTREE)
[0.842s]   does not match the name of the calling package (PCL).  This can lead to
[0.842s]   problems in calling code that expects `find_package` result variables
[0.842s]   (e.g., `_FOUND`) to follow a certain pattern.
[0.842s] Call Stack (most recent call first):
[0.842s]   /usr/lib/x86_64-linux-gnu/cmake/pcl/PCLConfig.cmake:616 (find_package_handle_standard_args)
[0.842s]   CMakeLists.txt:12 (find_package)
[0.842s] This warning is for project developers.  Use -Wno-dev to suppress it.
[0.842s] 
[0.842s] -- Found PCL_OCTREE: /usr/lib/x86_64-linux-gnu/libpcl_octree.so  
[0.842s] -- looking for PCL_SEARCH
[0.843s] CMake Warning (dev) at /usr/share/cmake-3.22/Modules/FindPackageHandleStandardArgs.cmake:438 (message):
[0.843s]   The package name passed to `find_package_handle_standard_args` (PCL_SEARCH)
[0.843s]   does not match the name of the calling package (PCL).  This can lead to
[0.843s]   problems in calling code that expects `find_package` result variables
[0.843s]   (e.g., `_FOUND`) to follow a certain pattern.
[0.843s] Call Stack (most recent call first):
[0.843s]   /usr/lib/x86_64-linux-gnu/cmake/pcl/PCLConfig.cmake:616 (find_package_handle_standard_args)
[0.843s]   CMakeLists.txt:12 (find_package)
[0.843s] This warning is for project developers.  Use -Wno-dev to suppress it.
[0.843s] 
[0.843s] -- Found PCL_SEARCH: /usr/lib/x86_64-linux-gnu/libpcl_search.so  
[0.843s] -- looking for PCL_SAMPLE_CONSENSUS
[0.843s] CMake Warning (dev) at /usr/share/cmake-3.22/Modules/FindPackageHandleStandardArgs.cmake:438 (message):
[0.843s]   The package name passed to `find_package_handle_standard_args`
[0.843s]   (PCL_SAMPLE_CONSENSUS) does not match the name of the calling package
[0.843s]   (PCL).  This can lead to problems in calling code that expects
[0.843s]   `find_package` result variables (e.g., `_FOUND`) to follow a certain
[0.843s]   pattern.
[0.844s] Call Stack (most recent call first):
[0.844s]   /usr/lib/x86_64-linux-gnu/cmake/pcl/PCLConfig.cmake:616 (find_package_handle_standard_args)
[0.844s]   CMakeLists.txt:12 (find_package)
[0.844s] This warning is for project developers.  Use -Wno-dev to suppress it.
[0.844s] 
[0.844s] -- Found PCL_SAMPLE_CONSENSUS: /usr/lib/x86_64-linux-gnu/libpcl_sample_consensus.so  
[0.844s] -- looking for PCL_FILTERS
[0.844s] CMake Warning (dev) at /usr/share/cmake-3.22/Modules/FindPackageHandleStandardArgs.cmake:438 (message):
[0.844s]   The package name passed to `find_package_handle_standard_args`
[0.844s]   (PCL_FILTERS) does not match the name of the calling package (PCL).  This
[0.844s]   can lead to problems in calling code that expects `find_package` result
[0.844s]   variables (e.g., `_FOUND`) to follow a certain pattern.
[0.844s] Call Stack (most recent call first):
[0.844s]   /usr/lib/x86_64-linux-gnu/cmake/pcl/PCLConfig.cmake:616 (find_package_handle_standard_args)
[0.844s]   CMakeLists.txt:12 (find_package)
[0.844s] This warning is for project developers.  Use -Wno-dev to suppress it.
[0.844s] 
[0.844s] -- Found PCL_FILTERS: /usr/lib/x86_64-linux-gnu/libpcl_filters.so  
[0.844s] -- looking for PCL_2D
[0.844s] -- Found PCL_2D: /usr/include/pcl-1.10  
[0.844s] -- looking for PCL_GEOMETRY
[0.844s] CMake Warning (dev) at /usr/share/cmake-3.22/Modules/FindPackageHandleStandardArgs.cmake:438 (message):
[0.845s]   The package name passed to `find_package_handle_standard_args` (PCL_2D)
[0.845s]   does not match the name of the calling package (PCL).  This can lead to
[0.845s]   problems in calling code that expects `find_package` result variables
[0.845s]   (e.g., `_FOUND`) to follow a certain pattern.
[0.845s] Call Stack (most recent call first):
[0.845s]   /usr/lib/x86_64-linux-gnu/cmake/pcl/PCLConfig.cmake:619 (find_package_handle_standard_args)
[0.845s]   CMakeLists.txt:12 (find_package)
[0.845s] This warning is for project developers.  Use -Wno-dev to suppress it.
[0.845s] 
[0.845s] CMake Warning (dev) at /usr/share/cmake-3.22/Modules/FindPackageHandleStandardArgs.cmake:438 (message):
[0.845s]   The package name passed to `find_package_handle_standard_args`
[0.845s]   (PCL_GEOMETRY) does not match the name of the calling package (PCL).  This
[0.845s]   can lead to problems in calling code that expects `find_package` result
[0.845s]   variables (e.g., `_FOUND`) to follow a certain pattern.
[0.845s] Call Stack (most recent call first):
[0.845s]   /usr/lib/x86_64-linux-gnu/cmake/pcl/PCLConfig.cmake:619 (find_package_handle_standard_args)
[0.845s]   CMakeLists.txt:12 (find_package)
[0.845s] This warning is for project developers.  Use -Wno-dev to suppress it.
[0.845s] 
[0.845s] -- Found PCL_GEOMETRY: /usr/include/pcl-1.10  
[0.845s] -- looking for PCL_IO
[0.845s] CMake Warning (dev) at /usr/share/cmake-3.22/Modules/FindPackageHandleStandardArgs.cmake:438 (message):
[0.845s]   The package name passed to `find_package_handle_standard_args` (PCL_IO)
[0.845s]   does not match the name of the calling package (PCL).  This can lead to
[0.845s]   problems in calling code that expects `find_package` result variables
[0.845s]   (e.g., `_FOUND`) to follow a certain pattern.
[0.845s] Call Stack (most recent call first):
[0.845s]   /usr/lib/x86_64-linux-gnu/cmake/pcl/PCLConfig.cmake:616 (find_package_handle_standard_args)
[0.845s]   CMakeLists.txt:12 (find_package)
[0.845s] This warning is for project developers.  Use -Wno-dev to suppress it.
[0.845s] 
[0.846s] -- Found PCL_IO: /usr/lib/x86_64-linux-gnu/libpcl_io.so  
[0.846s] -- looking for PCL_FEATURES
[0.846s] CMake Warning (dev) at /usr/share/cmake-3.22/Modules/FindPackageHandleStandardArgs.cmake:438 (message):
[0.846s]   The package name passed to `find_package_handle_standard_args`
[0.846s]   (PCL_FEATURES) does not match the name of the calling package (PCL).  This
[0.846s]   can lead to problems in calling code that expects `find_package` result
[0.846s]   variables (e.g., `_FOUND`) to follow a certain pattern.
[0.846s] Call Stack (most recent call first):
[0.846s]   /usr/lib/x86_64-linux-gnu/cmake/pcl/PCLConfig.cmake:616 (find_package_handle_standard_args)
[0.846s]   CMakeLists.txt:12 (find_package)
[0.846s] This warning is for project developers.  Use -Wno-dev to suppress it.
[0.846s] 
[0.846s] -- Found PCL_FEATURES: /usr/lib/x86_64-linux-gnu/libpcl_features.so  
[0.846s] -- looking for PCL_ML
[0.846s] CMake Warning (dev) at /usr/share/cmake-3.22/Modules/FindPackageHandleStandardArgs.cmake:438 (message):
[0.846s]   The package name passed to `find_package_handle_standard_args` (PCL_ML)
[0.847s]   does not match the name of the calling package (PCL).  This can lead to
[0.847s]   problems in calling code that expects `find_package` result variables
[0.847s]   (e.g., `_FOUND`) to follow a certain pattern.
[0.847s] Call Stack (most recent call first):
[0.847s]   /usr/lib/x86_64-linux-gnu/cmake/pcl/PCLConfig.cmake:616 (find_package_handle_standard_args)
[0.847s]   CMakeLists.txt:12 (find_package)
[0.847s] This warning is for project developers.  Use -Wno-dev to suppress it.
[0.847s] 
[0.847s] -- Found PCL_ML: /usr/lib/x86_64-linux-gnu/libpcl_ml.so  
[0.847s] -- looking for PCL_SEGMENTATION
[0.847s] CMake Warning (dev) at /usr/share/cmake-3.22/Modules/FindPackageHandleStandardArgs.cmake:438 (message):
[0.847s]   The package name passed to `find_package_handle_standard_args`
[0.847s]   (PCL_SEGMENTATION) does not match the name of the calling package (PCL).
[0.847s]   This can lead to problems in calling code that expects `find_package`
[0.847s]   result variables (e.g., `_FOUND`) to follow a certain pattern.
[0.847s] Call Stack (most recent call first):
[0.847s]   /usr/lib/x86_64-linux-gnu/cmake/pcl/PCLConfig.cmake:616 (find_package_handle_standard_args)
[0.847s]   CMakeLists.txt:12 (find_package)
[0.847s] This warning is for project developers.  Use -Wno-dev to suppress it.
[0.847s] 
[0.848s] -- Found PCL_SEGMENTATION: /usr/lib/x86_64-linux-gnu/libpcl_segmentation.so  
[0.848s] -- looking for PCL_VISUALIZATION
[0.848s] CMake Warning (dev) at /usr/share/cmake-3.22/Modules/FindPackageHandleStandardArgs.cmake:438 (message):
[0.848s]   The package name passed to `find_package_handle_standard_args`
[0.848s]   (PCL_VISUALIZATION) does not match the name of the calling package (PCL).
[0.848s]   This can lead to problems in calling code that expects `find_package`
[0.848s]   result variables (e.g., `_FOUND`) to follow a certain pattern.
[0.848s] Call Stack (most recent call first):
[0.848s]   /usr/lib/x86_64-linux-gnu/cmake/pcl/PCLConfig.cmake:616 (find_package_handle_standard_args)
[0.848s]   CMakeLists.txt:12 (find_package)
[0.848s] This warning is for project developers.  Use -Wno-dev to suppress it.
[0.848s] 
[0.848s] -- Found PCL_VISUALIZATION: /usr/lib/x86_64-linux-gnu/libpcl_visualization.so  
[0.848s] -- looking for PCL_SURFACE
[0.849s] CMake Warning (dev) at /usr/share/cmake-3.22/Modules/FindPackageHandleStandardArgs.cmake:438 (message):
[0.849s]   The package name passed to `find_package_handle_standard_args`
[0.849s]   (PCL_SURFACE) does not match the name of the calling package (PCL).  This
[0.849s]   can lead to problems in calling code that expects `find_package` result
[0.849s]   variables (e.g., `_FOUND`) to follow a certain pattern.
[0.849s] Call Stack (most recent call first):
[0.849s]   /usr/lib/x86_64-linux-gnu/cmake/pcl/PCLConfig.cmake:616 (find_package_handle_standard_args)
[0.849s]   CMakeLists.txt:12 (find_package)
[0.849s] This warning is for project developers.  Use -Wno-dev to suppress it.
[0.849s] 
[0.849s] -- Found PCL_SURFACE: /usr/lib/x86_64-linux-gnu/libpcl_surface.so  
[0.849s] -- looking for PCL_REGISTRATION
[0.849s] CMake Warning (dev) at /usr/share/cmake-3.22/Modules/FindPackageHandleStandardArgs.cmake:438 (message):
[0.849s]   The package name passed to `find_package_handle_standard_args`
[0.849s]   (PCL_REGISTRATION) does not match the name of the calling package (PCL).
[0.849s]   This can lead to problems in calling code that expects `find_package`
[0.849s]   result variables (e.g., `_FOUND`) to follow a certain pattern.
[0.849s] Call Stack (most recent call first):
[0.849s]   /usr/lib/x86_64-linux-gnu/cmake/pcl/PCLConfig.cmake:616 (find_package_handle_standard_args)
[0.849s]   CMakeLists.txt:12 (find_package)
[0.850s] This warning is for project developers.  Use -Wno-dev to suppress it.
[0.850s] 
[0.850s] -- Found PCL_REGISTRATION: /usr/lib/x86_64-linux-gnu/libpcl_registration.so  
[0.850s] -- looking for PCL_KEYPOINTS
[0.850s] CMake Warning (dev) at /usr/share/cmake-3.22/Modules/FindPackageHandleStandardArgs.cmake:438 (message):
[0.850s]   The package name passed to `find_package_handle_standard_args`
[0.850s]   (PCL_KEYPOINTS) does not match the name of the calling package (PCL).  This
[0.850s]   can lead to problems in calling code that expects `find_package` result
[0.850s]   variables (e.g., `_FOUND`) to follow a certain pattern.
[0.850s] Call Stack (most recent call first):
[0.850s]   /usr/lib/x86_64-linux-gnu/cmake/pcl/PCLConfig.cmake:616 (find_package_handle_standard_args)
[0.850s]   CMakeLists.txt:12 (find_package)
[0.850s] This warning is for project developers.  Use -Wno-dev to suppress it.
[0.850s] 
[0.850s] -- Found PCL_KEYPOINTS: /usr/lib/x86_64-linux-gnu/libpcl_keypoints.so  
[0.850s] -- looking for PCL_TRACKING
[0.851s] CMake Warning (dev) at /usr/share/cmake-3.22/Modules/FindPackageHandleStandardArgs.cmake:438 (message):
[0.851s]   The package name passed to `find_package_handle_standard_args`
[0.851s]   (PCL_TRACKING) does not match the name of the calling package (PCL).  This
[0.851s]   can lead to problems in calling code that expects `find_package` result
[0.851s]   variables (e.g., `_FOUND`) to follow a certain pattern.
[0.851s] Call Stack (most recent call first):
[0.851s]   /usr/lib/x86_64-linux-gnu/cmake/pcl/PCLConfig.cmake:616 (find_package_handle_standard_args)
[0.851s]   CMakeLists.txt:12 (find_package)
[0.851s] This warning is for project developers.  Use -Wno-dev to suppress it.
[0.851s] 
[0.851s] -- Found PCL_TRACKING: /usr/lib/x86_64-linux-gnu/libpcl_tracking.so  
[0.851s] -- looking for PCL_RECOGNITION
[0.852s] CMake Warning (dev) at /usr/share/cmake-3.22/Modules/FindPackageHandleStandardArgs.cmake:438 (message):
[0.852s]   The package name passed to `find_package_handle_standard_args`
[0.852s]   (PCL_RECOGNITION) does not match the name of the calling package (PCL).
[0.852s]   This can lead to problems in calling code that expects `find_package`
[0.852s]   result variables (e.g., `_FOUND`) to follow a certain pattern.
[0.852s] Call Stack (most recent call first):
[0.852s]   /usr/lib/x86_64-linux-gnu/cmake/pcl/PCLConfig.cmake:616 (find_package_handle_standard_args)
[0.852s]   CMakeLists.txt:12 (find_package)
[0.852s] This warning is for project developers.  Use -Wno-dev to suppress it.
[0.852s] 
[0.852s] -- Found PCL_RECOGNITION: /usr/lib/x86_64-linux-gnu/libpcl_recognition.so  
[0.852s] -- looking for PCL_STEREO
[0.852s] CMake Warning (dev) at /usr/share/cmake-3.22/Modules/FindPackageHandleStandardArgs.cmake:438 (message):
[0.852s]   The package name passed to `find_package_handle_standard_args` (PCL_STEREO)
[0.852s]   does not match the name of the calling package (PCL).  This can lead to
[0.852s]   problems in calling code that expects `find_package` result variables
[0.852s]   (e.g., `_FOUND`) to follow a certain pattern.
[0.852s] Call Stack (most recent call first):
[0.852s]   /usr/lib/x86_64-linux-gnu/cmake/pcl/PCLConfig.cmake:616 (find_package_handle_standard_args)
[0.852s]   CMakeLists.txt:12 (find_package)
[0.852s] This warning is for project developers.  Use -Wno-dev to suppress it.
[0.853s] 
[0.853s] -- Found PCL_STEREO: /usr/lib/x86_64-linux-gnu/libpcl_stereo.so  
[0.853s] -- looking for PCL_APPS
[0.853s] CMake Warning (dev) at /usr/share/cmake-3.22/Modules/FindPackageHandleStandardArgs.cmake:438 (message):
[0.853s]   The package name passed to `find_package_handle_standard_args` (PCL_APPS)
[0.853s]   does not match the name of the calling package (PCL).  This can lead to
[0.853s]   problems in calling code that expects `find_package` result variables
[0.853s]   (e.g., `_FOUND`) to follow a certain pattern.
[0.853s] Call Stack (most recent call first):
[0.853s]   /usr/lib/x86_64-linux-gnu/cmake/pcl/PCLConfig.cmake:616 (find_package_handle_standard_args)
[0.853s]   CMakeLists.txt:12 (find_package)
[0.853s] This warning is for project developers.  Use -Wno-dev to suppress it.
[0.853s] 
[0.853s] -- Found PCL_APPS: /usr/lib/x86_64-linux-gnu/libpcl_apps.so  
[0.853s] -- looking for PCL_IN_HAND_SCANNER
[0.853s] CMake Warning (dev) at /usr/share/cmake-3.22/Modules/FindPackageHandleStandardArgs.cmake:438 (message):
[0.853s]   The package name passed to `find_package_handle_standard_args`
[0.853s]   (PCL_IN_HAND_SCANNER) does not match the name of the calling package (PCL).
[0.853s]   This can lead to problems in calling code that expects `find_package`
[0.854s]   result variables (e.g., `_FOUND`) to follow a certain pattern.
[0.854s] Call Stack (most recent call first):
[0.854s]   /usr/lib/x86_64-linux-gnu/cmake/pcl/PCLConfig.cmake:619 (find_package_handle_standard_args)
[0.854s]   CMakeLists.txt:12 (find_package)
[0.854s] This warning is for project developers.  Use -Wno-dev to suppress it.
[0.854s] 
[0.854s] -- Found PCL_IN_HAND_SCANNER: /usr/include/pcl-1.10  
[0.854s] -- looking for PCL_POINT_CLOUD_EDITOR
[0.854s] -- Found PCL_POINT_CLOUD_EDITOR: /usr/include/pcl-1.10  
[0.854s] -- looking for PCL_OUTOFCORE
[0.854s] CMake Warning (dev) at /usr/share/cmake-3.22/Modules/FindPackageHandleStandardArgs.cmake:438 (message):
[0.854s]   The package name passed to `find_package_handle_standard_args`
[0.854s]   (PCL_POINT_CLOUD_EDITOR) does not match the name of the calling package
[0.854s]   (PCL).  This can lead to problems in calling code that expects
[0.854s]   `find_package` result variables (e.g., `_FOUND`) to follow a certain
[0.854s]   pattern.
[0.854s] Call Stack (most recent call first):
[0.854s]   /usr/lib/x86_64-linux-gnu/cmake/pcl/PCLConfig.cmake:619 (find_package_handle_standard_args)
[0.854s]   CMakeLists.txt:12 (find_package)
[0.854s] This warning is for project developers.  Use -Wno-dev to suppress it.
[0.854s] 
[0.854s] CMake Warning (dev) at /usr/share/cmake-3.22/Modules/FindPackageHandleStandardArgs.cmake:438 (message):
[0.854s]   The package name passed to `find_package_handle_standard_args`
[0.854s]   (PCL_OUTOFCORE) does not match the name of the calling package (PCL).  This
[0.854s]   can lead to problems in calling code that expects `find_package` result
[0.854s]   variables (e.g., `_FOUND`) to follow a certain pattern.
[0.854s] Call Stack (most recent call first):
[0.854s]   /usr/lib/x86_64-linux-gnu/cmake/pcl/PCLConfig.cmake:616 (find_package_handle_standard_args)
[0.855s]   CMakeLists.txt:12 (find_package)
[0.855s] This warning is for project developers.  Use -Wno-dev to suppress it.
[0.855s] 
[0.855s] -- Found PCL_OUTOFCORE: /usr/lib/x86_64-linux-gnu/libpcl_outofcore.so  
[0.855s] -- looking for PCL_PEOPLE
[0.855s] CMake Warning (dev) at /usr/share/cmake-3.22/Modules/FindPackageHandleStandardArgs.cmake:438 (message):
[0.855s]   The package name passed to `find_package_handle_standard_args` (PCL_PEOPLE)
[0.855s]   does not match the name of the calling package (PCL).  This can lead to
[0.855s]   problems in calling code that expects `find_package` result variables
[0.855s]   (e.g., `_FOUND`) to follow a certain pattern.
[0.855s] Call Stack (most recent call first):
[0.855s]   /usr/lib/x86_64-linux-gnu/cmake/pcl/PCLConfig.cmake:616 (find_package_handle_standard_args)
[0.855s]   CMakeLists.txt:12 (find_package)
[0.855s] This warning is for project developers.  Use -Wno-dev to suppress it.
[0.855s] 
[0.855s] -- Found PCL_PEOPLE: /usr/lib/x86_64-linux-gnu/libpcl_people.so  
[0.856s] -- Found PCL: pcl_common;pcl_kdtree;pcl_octree;pcl_search;pcl_sample_consensus;pcl_filters;pcl_io;pcl_features;pcl_ml;pcl_segmentation;pcl_visualization;pcl_surface;pcl_registration;pcl_keypoints;pcl_tracking;pcl_recognition;pcl_stereo;pcl_apps;pcl_outofcore;pcl_people;/usr/lib/x86_64-linux-gnu/libboost_system.so;/usr/lib/x86_64-linux-gnu/libboost_filesystem.so;/usr/lib/x86_64-linux-gnu/libboost_date_time.so;/usr/lib/x86_64-linux-gnu/libboost_iostreams.so;/usr/lib/x86_64-linux-gnu/libboost_regex.so;optimized;/usr/lib/x86_64-linux-gnu/libqhull.so;debug;/usr/lib/x86_64-linux-gnu/libqhull.so;/usr/lib/libOpenNI.so;/usr/lib/x86_64-linux-gnu/libOpenNI2.so;vtkChartsCore;vtkCommonColor;vtkCommonCore;vtksys;vtkCommonDataModel;vtkCommonMath;vtkCommonMisc;vtkCommonSystem;vtkCommonTransforms;vtkCommonExecutionModel;vtkFiltersGeneral;vtkCommonComputationalGeometry;vtkFiltersCore;vtkInfovisCore;vtkFiltersExtraction;vtkFiltersStatistics;vtkImagingFourier;vtkImagingCore;vtkalglib;vtkRenderingContext2D;vtkRenderingCore;vtkFiltersGeometry;vtkFiltersSources;vtkRenderingFreeType;/usr/lib/x86_64-linux-gnu/libfreetype.so;/usr/lib/x86_64-linux-gnu/libz.so;vtkFiltersModeling;vtkImagingSources;vtkInteractionStyle;vtkInteractionWidgets;vtkFiltersHybrid;vtkImagingColor;vtkImagingGeneral;vtkImagingHybrid;vtkIOImage;vtkDICOMParser;vtkmetaio;/usr/lib/x86_64-linux-gnu/libjpeg.so;/usr/lib/x86_64-linux-gnu/libpng.so;/usr/lib/x86_64-linux-gnu/libtiff.so;vtkRenderingAnnotation;vtkRenderingVolume;vtkIOXML;vtkIOCore;vtkIOXMLParser;/usr/lib/x86_64-linux-gnu/libexpat.so;vtkIOGeometry;vtkIOLegacy;vtkIOPLY;vtkRenderingLOD;vtkViewsContext2D;vtkViewsCore;vtkRenderingContextOpenGL2;vtkRenderingOpenGL2;FLANN::FLANN  
[0.863s] -- Found rclcpp: 16.0.8 (/opt/ros/humble/share/rclcpp/cmake)
[0.894s] -- Found rmw_implementation_cmake: 6.1.1 (/opt/ros/humble/share/rmw_implementation_cmake/cmake)
[0.896s] -- Found rmw_fastrtps_cpp: 6.2.6 (/opt/ros/humble/share/rmw_fastrtps_cpp/cmake)
[0.948s] -- Found OpenSSL: /usr/lib/x86_64-linux-gnu/libcrypto.so (found version "3.0.2")  
[0.969s] -- Found FastRTPS: /opt/ros/humble/include  
[1.002s] -- Using RMW implementation 'rmw_fastrtps_cpp' as default
[1.008s] -- Looking for pthread.h
[1.143s] -- Looking for pthread.h - found
[1.143s] -- Performing Test CMAKE_HAVE_LIBC_PTHREAD
[1.219s] -- Performing Test CMAKE_HAVE_LIBC_PTHREAD - Success
[1.219s] -- Found Threads: TRUE  
[1.291s] -- Found rclpy: 3.3.12 (/opt/ros/humble/share/rclpy/cmake)
[1.300s] CMake Error at CMakeLists.txt:18 (find_package):
[1.300s]   By not providing "Findmapping.cmake" in CMAKE_MODULE_PATH this project has
[1.300s]   asked CMake to find a package configuration file provided by "mapping", but
[1.300s]   CMake did not find one.
[1.300s] 
[1.300s]   Could not find a package configuration file provided by "mapping" with any
[1.300s]   of the following names:
[1.300s] 
[1.300s]     mappingConfig.cmake
[1.300s]     mapping-config.cmake
[1.300s] 
[1.300s]   Add the installation prefix of "mapping" to CMAKE_PREFIX_PATH or set
[1.300s]   "mapping_DIR" to a directory containing one of the above files.  If
[1.300s]   "mapping" provides a separate development package or SDK, be sure it has
[1.300s]   been installed.
[1.300s] 
[1.300s] 
[1.300s] -- Configuring incomplete, errors occurred!
[1.301s] See also "/home/ahmo030/ros2-migration/arena/arena-rosnav/utils/misc/path_search/build/path_search/CMakeFiles/CMakeOutput.log".
[1.307s] Invoked command in '/home/ahmo030/ros2-migration/arena/arena-rosnav/utils/misc/path_search/build/path_search' returned '1': CMAKE_PREFIX_PATH=/opt/ros/humble:${CMAKE_PREFIX_PATH} /usr/bin/cmake /home/ahmo030/ros2-migration/arena/arena-rosnav/utils/misc/path_search -DCMAKE_INSTALL_PREFIX=/home/ahmo030/ros2-migration/arena/arena-rosnav/utils/misc/path_search/install/path_search
