[0.005s] Invoking command in '/home/ahmo030/ros2-migration/arena/arena-rosnav/utils/ros/rosnodes/sensor_simulator/build/sensor_simulator': /usr/bin/cmake /home/ahmo030/ros2-migration/arena/arena-rosnav/utils/ros/rosnodes/sensor_simulator -DCATKIN_INSTALL_INTO_PREFIX_ROOT=0 -DCMAKE_INSTALL_PREFIX=/home/ahmo030/ros2-migration/arena/arena-rosnav/utils/ros/rosnodes/sensor_simulator/install/sensor_simulator
[0.037s] -- The C compiler identification is GNU 11.4.0
[0.090s] -- The CXX compiler identification is GNU 11.4.0
[0.094s] -- Detecting C compiler ABI info
[0.144s] -- Detecting C compiler ABI info - done
[0.153s] -- Check for working C compiler: /usr/bin/cc - skipped
[0.154s] -- Detecting C compile features
[0.154s] -- Detecting C compile features - done
[0.158s] -- Detecting CXX compiler ABI info
[0.223s] -- Detecting CXX compiler ABI info - done
[0.228s] -- Check for working CXX compiler: /usr/bin/c++ - skipped
[0.228s] -- Detecting CXX compile features
[0.228s] -- Detecting CXX compile features - done
[0.229s] CMake Error at CMakeLists.txt:100 (catkin_package):
[0.229s]   Unknown CMake command "catkin_package".
[0.229s] 
[0.229s] 
[0.229s] -- Configuring incomplete, errors occurred!
[0.229s] See also "/home/ahmo030/ros2-migration/arena/arena-rosnav/utils/ros/rosnodes/sensor_simulator/build/sensor_simulator/CMakeFiles/CMakeOutput.log".
[0.231s] Invoked command in '/home/ahmo030/ros2-migration/arena/arena-rosnav/utils/ros/rosnodes/sensor_simulator/build/sensor_simulator' returned '1': /usr/bin/cmake /home/ahmo030/ros2-migration/arena/arena-rosnav/utils/ros/rosnodes/sensor_simulator -DCATKIN_INSTALL_INTO_PREFIX_ROOT=0 -DCMAKE_INSTALL_PREFIX=/home/ahmo030/ros2-migration/arena/arena-rosnav/utils/ros/rosnodes/sensor_simulator/install/sensor_simulator
