[0.025s] Invoking command in '/ros2-migration/build/tiago_description_calibration': /usr/bin/cmake /ros2-migration/arena/utils/3rd-party-robot-packages/tiago/tiago_description_calibration -DCMAKE_INSTALL_PREFIX=/ros2-migration/install/tiago_description_calibration
[0.169s] -- Found ament_cmake: 1.3.9 (/opt/ros/humble/share/ament_cmake/cmake)
[0.225s] [31mCMake Error at CMakeLists.txt:10 (find_package):
[0.226s]   By not providing "FindREQUIRED.cmake" in CMAKE_MODULE_PATH this project has
[0.226s]   asked CMake to find a package configuration file provided by "REQUIRED",
[0.226s]   but CMake did not find one.
[0.226s] 
[0.226s]   Could not find a package configuration file provided by "REQUIRED" with any
[0.226s]   of the following names:
[0.226s] 
[0.226s]     REQUIREDConfig.cmake
[0.226s]     required-config.cmake
[0.226s] 
[0.226s]   Add the installation prefix of "REQUIRED" to CMAKE_PREFIX_PATH or set
[0.227s]   "REQUIRED_DIR" to a directory containing one of the above files.  If
[0.227s]   "REQUIRED" provides a separate development package or SDK, be sure it has
[0.227s]   been installed.
[0.227s] 
[0.227s] [0m
[0.227s] -- Configuring incomplete, errors occurred!
[0.227s] See also "/ros2-migration/build/tiago_description_calibration/CMakeFiles/CMakeOutput.log".
