[0.026s] Invoking command in '/ros2-migration/build/plan_visualization': /usr/bin/cmake /ros2-migration/arena/arena-rosnav/utils/misc/plan_visualization -DCMAKE_INSTALL_PREFIX=/ros2-migration/install/plan_visualization
[0.063s] -- Found ament_cmake: 1.3.9 (/opt/ros/humble/share/ament_cmake/cmake)
[0.242s] -- Found std_msgs: 4.2.3 (/opt/ros/humble/share/std_msgs/cmake)
[0.280s] -- Found rosidl_generator_c: 3.1.5 (/opt/ros/humble/share/rosidl_generator_c/cmake)
[0.283s] -- Found rosidl_adapter: 3.1.5 (/opt/ros/humble/share/rosidl_adapter/cmake)
[0.289s] -- Found rosidl_generator_cpp: 3.1.5 (/opt/ros/humble/share/rosidl_generator_cpp/cmake)
[0.302s] -- Using all available rosidl_typesupport_c: rosidl_typesupport_fastrtps_c;rosidl_typesupport_introspection_c
[0.320s] -- Using all available rosidl_typesupport_cpp: rosidl_typesupport_fastrtps_cpp;rosidl_typesupport_introspection_cpp
[0.379s] -- Found geometry_msgs: 4.2.3 (/opt/ros/humble/share/geometry_msgs/cmake)
[0.427s] -- Found rclcpp: 16.0.9 (/opt/ros/humble/share/rclcpp/cmake)
[0.481s] -- Found rmw_implementation_cmake: 6.1.2 (/opt/ros/humble/share/rmw_implementation_cmake/cmake)
[0.482s] -- Found rmw_fastrtps_cpp: 6.2.6 (/opt/ros/humble/share/rmw_fastrtps_cpp/cmake)
[0.601s] -- Using RMW implementation 'rmw_fastrtps_cpp' as default
[0.751s] [31mCMake Error at CMakeLists.txt:21 (find_package):
[0.752s]   By not providing "FindREQUIRED.cmake" in CMAKE_MODULE_PATH this project has
[0.752s]   asked CMake to find a package configuration file provided by "REQUIRED",
[0.752s]   but CMake did not find one.
[0.752s] 
[0.752s]   Could not find a package configuration file provided by "REQUIRED" with any
[0.752s]   of the following names:
[0.752s] 
[0.752s]     REQUIREDConfig.cmake
[0.752s]     required-config.cmake
[0.752s] 
[0.752s]   Add the installation prefix of "REQUIRED" to CMAKE_PREFIX_PATH or set
[0.752s]   "REQUIRED_DIR" to a directory containing one of the above files.  If
[0.752s]   "REQUIRED" provides a separate development package or SDK, be sure it has
[0.752s]   been installed.
[0.753s] 
[0.753s] [0m
[0.753s] -- Configuring incomplete, errors occurred!
[0.753s] See also "/ros2-migration/build/plan_visualization/CMakeFiles/CMakeOutput.log".
