[0.006s] Invoking command in '/home/ahmo030/ros2-migration/arena/arena-rosnav/utils/ros/rosnodes/spacial_horizon/build/spacial_horizon': CMAKE_PREFIX_PATH=/opt/ros/humble:${CMAKE_PREFIX_PATH} /usr/bin/cmake /home/ahmo030/ros2-migration/arena/arena-rosnav/utils/ros/rosnodes/spacial_horizon -DCMAKE_INSTALL_PREFIX=/home/ahmo030/ros2-migration/arena/arena-rosnav/utils/ros/rosnodes/spacial_horizon/install/spacial_horizon
[0.013s] -- Found ament_cmake: 1.3.8 (/opt/ros/humble/share/ament_cmake/cmake)
[0.090s] -- Found std_msgs: 4.2.3 (/opt/ros/humble/share/std_msgs/cmake)
[0.107s] -- Found rosidl_generator_c: 3.1.5 (/opt/ros/humble/share/rosidl_generator_c/cmake)
[0.108s] -- Found rosidl_adapter: 3.1.5 (/opt/ros/humble/share/rosidl_adapter/cmake)
[0.111s] -- Found rosidl_generator_cpp: 3.1.5 (/opt/ros/humble/share/rosidl_generator_cpp/cmake)
[0.118s] -- Using all available rosidl_typesupport_c: rosidl_typesupport_fastrtps_c;rosidl_typesupport_introspection_c
[0.126s] -- Using all available rosidl_typesupport_cpp: rosidl_typesupport_fastrtps_cpp;rosidl_typesupport_introspection_cpp
[0.155s] -- Found visualization_msgs: 4.2.3 (/opt/ros/humble/share/visualization_msgs/cmake)
[0.306s] -- Eigen found (include: /usr/include/eigen3, version: 3.4.0)
[0.340s] -- The imported target "vtkParseOGLExt" references the file
[0.340s]    "/usr/bin/vtkParseOGLExt-7.1"
[0.340s] but this file does not exist.  Possible reasons include:
[0.340s] * The file was deleted, renamed, or moved to another location.
[0.341s] * An install or uninstall procedure did not complete successfully.
[0.341s] * The installation package was faulty and contained
[0.341s]    "/usr/lib/cmake/vtk-7.1/VTKTargets.cmake"
[0.341s] but not all the files it references.
[0.341s] 
[0.341s] -- The imported target "vtkRenderingPythonTkWidgets" references the file
[0.341s]    "/usr/lib/x86_64-linux-gnu/libvtkRenderingPythonTkWidgets.so"
[0.341s] but this file does not exist.  Possible reasons include:
[0.341s] * The file was deleted, renamed, or moved to another location.
[0.341s] * An install or uninstall procedure did not complete successfully.
[0.341s] * The installation package was faulty and contained
[0.341s]    "/usr/lib/cmake/vtk-7.1/VTKTargets.cmake"
[0.341s] but not all the files it references.
[0.341s] 
[0.341s] -- The imported target "vtk" references the file
[0.341s]    "/usr/bin/vtk"
[0.341s] but this file does not exist.  Possible reasons include:
[0.341s] * The file was deleted, renamed, or moved to another location.
[0.341s] * An install or uninstall procedure did not complete successfully.
[0.341s] * The installation package was faulty and contained
[0.341s]    "/usr/lib/cmake/vtk-7.1/VTKTargets.cmake"
[0.341s] but not all the files it references.
[0.341s] 
[0.341s] -- The imported target "pvtk" references the file
[0.341s]    "/usr/bin/pvtk"
[0.341s] but this file does not exist.  Possible reasons include:
[0.341s] * The file was deleted, renamed, or moved to another location.
[0.341s] * An install or uninstall procedure did not complete successfully.
[0.341s] * The installation package was faulty and contained
[0.341s]    "/usr/lib/cmake/vtk-7.1/VTKTargets.cmake"
[0.341s] but not all the files it references.
[0.342s] 
[0.348s] CMake Warning (dev) at /usr/share/cmake-3.22/Modules/FindPackageHandleStandardArgs.cmake:438 (message):
[0.348s]   The package name passed to `find_package_handle_standard_args` (USB_10)
[0.348s]   does not match the name of the calling package (OpenNI).  This can lead to
[0.348s]   problems in calling code that expects `find_package` result variables
[0.348s]   (e.g., `_FOUND`) to follow a certain pattern.
[0.348s] Call Stack (most recent call first):
[0.348s]   /usr/lib/x86_64-linux-gnu/cmake/pcl/Modules/FindOpenNI.cmake:28 (find_package_handle_standard_args)
[0.348s]   /usr/lib/x86_64-linux-gnu/cmake/pcl/PCLConfig.cmake:179 (find_package)
[0.348s]   /usr/lib/x86_64-linux-gnu/cmake/pcl/PCLConfig.cmake:322 (find_openni)
[0.348s]   /usr/lib/x86_64-linux-gnu/cmake/pcl/PCLConfig.cmake:548 (find_external_library)
[0.348s]   CMakeLists.txt:119 (find_package)
[0.348s] This warning is for project developers.  Use -Wno-dev to suppress it.
[0.348s] 
[0.349s] -- OpenNI found (include: /usr/include/ni, lib: /usr/lib/libOpenNI.so)
[0.351s] CMake Warning (dev) at /usr/share/cmake-3.22/Modules/FindPackageHandleStandardArgs.cmake:438 (message):
[0.351s]   The package name passed to `find_package_handle_standard_args` (USB_10)
[0.351s]   does not match the name of the calling package (OpenNI2).  This can lead to
[0.351s]   problems in calling code that expects `find_package` result variables
[0.352s]   (e.g., `_FOUND`) to follow a certain pattern.
[0.352s] Call Stack (most recent call first):
[0.352s]   /usr/lib/x86_64-linux-gnu/cmake/pcl/Modules/FindOpenNI2.cmake:28 (find_package_handle_standard_args)
[0.352s]   /usr/lib/x86_64-linux-gnu/cmake/pcl/PCLConfig.cmake:193 (find_package)
[0.352s]   /usr/lib/x86_64-linux-gnu/cmake/pcl/PCLConfig.cmake:324 (find_openni2)
[0.352s]   /usr/lib/x86_64-linux-gnu/cmake/pcl/PCLConfig.cmake:548 (find_external_library)
[0.352s]   CMakeLists.txt:119 (find_package)
[0.352s] This warning is for project developers.  Use -Wno-dev to suppress it.
[0.352s] 
[0.352s] -- OpenNI2 found (include: /usr/include/openni2, lib: /usr/lib/x86_64-linux-gnu/libOpenNI2.so)
[0.352s] ** WARNING ** io features related to pcap will be disabled
[0.352s] ** WARNING ** io features related to png will be disabled
[0.357s] CMake Warning (dev) at /usr/share/cmake-3.22/Modules/FindPackageHandleStandardArgs.cmake:438 (message):
[0.357s]   The package name passed to `find_package_handle_standard_args` (libusb-1.0)
[0.357s]   does not match the name of the calling package (PCL).  This can lead to
[0.357s]   problems in calling code that expects `find_package` result variables
[0.357s]   (e.g., `_FOUND`) to follow a certain pattern.
[0.357s] Call Stack (most recent call first):
[0.357s]   /usr/lib/x86_64-linux-gnu/cmake/pcl/PCLConfig.cmake:291 (find_package_handle_standard_args)
[0.357s]   /usr/lib/x86_64-linux-gnu/cmake/pcl/PCLConfig.cmake:338 (find_libusb)
[0.357s]   /usr/lib/x86_64-linux-gnu/cmake/pcl/PCLConfig.cmake:548 (find_external_library)
[0.357s]   CMakeLists.txt:119 (find_package)
[0.357s] This warning is for project developers.  Use -Wno-dev to suppress it.
[0.357s] 
[0.357s] ** WARNING ** io features related to libusb-1.0 will be disabled
[0.359s] CMake Warning (dev) at /usr/share/cmake-3.22/Modules/FindPackageHandleStandardArgs.cmake:438 (message):
[0.359s]   The package name passed to `find_package_handle_standard_args` (USB_10)
[0.359s]   does not match the name of the calling package (OpenNI).  This can lead to
[0.359s]   problems in calling code that expects `find_package` result variables
[0.359s]   (e.g., `_FOUND`) to follow a certain pattern.
[0.359s] Call Stack (most recent call first):
[0.359s]   /usr/lib/x86_64-linux-gnu/cmake/pcl/Modules/FindOpenNI.cmake:28 (find_package_handle_standard_args)
[0.359s]   /usr/lib/x86_64-linux-gnu/cmake/pcl/PCLConfig.cmake:179 (find_package)
[0.359s]   /usr/lib/x86_64-linux-gnu/cmake/pcl/PCLConfig.cmake:322 (find_openni)
[0.359s]   /usr/lib/x86_64-linux-gnu/cmake/pcl/PCLConfig.cmake:548 (find_external_library)
[0.359s]   CMakeLists.txt:119 (find_package)
[0.359s] This warning is for project developers.  Use -Wno-dev to suppress it.
[0.360s] 
[0.360s] -- OpenNI found (include: /usr/include/ni, lib: /usr/lib/libOpenNI.so)
[0.362s] CMake Warning (dev) at /usr/share/cmake-3.22/Modules/FindPackageHandleStandardArgs.cmake:438 (message):
[0.362s]   The package name passed to `find_package_handle_standard_args` (USB_10)
[0.362s]   does not match the name of the calling package (OpenNI2).  This can lead to
[0.362s]   problems in calling code that expects `find_package` result variables
[0.362s]   (e.g., `_FOUND`) to follow a certain pattern.
[0.362s] Call Stack (most recent call first):
[0.363s]   /usr/lib/x86_64-linux-gnu/cmake/pcl/Modules/FindOpenNI2.cmake:28 (find_package_handle_standard_args)
[0.363s]   /usr/lib/x86_64-linux-gnu/cmake/pcl/PCLConfig.cmake:193 (find_package)
[0.363s]   /usr/lib/x86_64-linux-gnu/cmake/pcl/PCLConfig.cmake:324 (find_openni2)
[0.363s]   /usr/lib/x86_64-linux-gnu/cmake/pcl/PCLConfig.cmake:548 (find_external_library)
[0.363s]   CMakeLists.txt:119 (find_package)
[0.363s] This warning is for project developers.  Use -Wno-dev to suppress it.
[0.363s] 
[0.363s] -- OpenNI2 found (include: /usr/include/openni2, lib: /usr/lib/x86_64-linux-gnu/libOpenNI2.so)
[0.368s] -- QHULL found (include: /usr/include, lib: optimized;/usr/lib/x86_64-linux-gnu/libqhull.so;debug;/usr/lib/x86_64-linux-gnu/libqhull.so)
[0.371s] CMake Warning (dev) at /usr/share/cmake-3.22/Modules/FindPackageHandleStandardArgs.cmake:438 (message):
[0.371s]   The package name passed to `find_package_handle_standard_args` (USB_10)
[0.371s]   does not match the name of the calling package (OpenNI).  This can lead to
[0.371s]   problems in calling code that expects `find_package` result variables
[0.371s]   (e.g., `_FOUND`) to follow a certain pattern.
[0.371s] Call Stack (most recent call first):
[0.371s]   /usr/lib/x86_64-linux-gnu/cmake/pcl/Modules/FindOpenNI.cmake:28 (find_package_handle_standard_args)
[0.371s]   /usr/lib/x86_64-linux-gnu/cmake/pcl/PCLConfig.cmake:179 (find_package)
[0.371s]   /usr/lib/x86_64-linux-gnu/cmake/pcl/PCLConfig.cmake:322 (find_openni)
[0.371s]   /usr/lib/x86_64-linux-gnu/cmake/pcl/PCLConfig.cmake:548 (find_external_library)
[0.371s]   CMakeLists.txt:119 (find_package)
[0.371s] This warning is for project developers.  Use -Wno-dev to suppress it.
[0.371s] 
[0.371s] -- OpenNI found (include: /usr/include/ni, lib: /usr/lib/libOpenNI.so)
[0.376s] -- looking for PCL_COMMON
[0.376s] CMake Warning (dev) at /usr/share/cmake-3.22/Modules/FindPackageHandleStandardArgs.cmake:438 (message):
[0.376s]   The package name passed to `find_package_handle_standard_args` (PCL_COMMON)
[0.376s]   does not match the name of the calling package (PCL).  This can lead to
[0.376s]   problems in calling code that expects `find_package` result variables
[0.376s]   (e.g., `_FOUND`) to follow a certain pattern.
[0.376s] Call Stack (most recent call first):
[0.376s]   /usr/lib/x86_64-linux-gnu/cmake/pcl/PCLConfig.cmake:616 (find_package_handle_standard_args)
[0.376s]   CMakeLists.txt:119 (find_package)
[0.376s] This warning is for project developers.  Use -Wno-dev to suppress it.
[0.376s] 
[0.376s] -- looking for PCL_KDTREE
[0.376s] CMake Warning (dev) at /usr/share/cmake-3.22/Modules/FindPackageHandleStandardArgs.cmake:438 (message):
[0.376s]   The package name passed to `find_package_handle_standard_args` (PCL_KDTREE)
[0.376s]   does not match the name of the calling package (PCL).  This can lead to
[0.376s]   problems in calling code that expects `find_package` result variables
[0.376s]   (e.g., `_FOUND`) to follow a certain pattern.
[0.376s] Call Stack (most recent call first):
[0.376s]   /usr/lib/x86_64-linux-gnu/cmake/pcl/PCLConfig.cmake:616 (find_package_handle_standard_args)
[0.376s]   CMakeLists.txt:119 (find_package)
[0.377s] This warning is for project developers.  Use -Wno-dev to suppress it.
[0.377s] 
[0.377s] -- looking for PCL_OCTREE
[0.377s] -- looking for PCL_SEARCH
[0.377s] -- looking for PCL_SAMPLE_CONSENSUS
[0.377s] CMake Warning (dev) at /usr/share/cmake-3.22/Modules/FindPackageHandleStandardArgs.cmake:438 (message):
[0.377s]   The package name passed to `find_package_handle_standard_args` (PCL_OCTREE)
[0.377s]   does not match the name of the calling package (PCL).  This can lead to
[0.377s]   problems in calling code that expects `find_package` result variables
[0.377s]   (e.g., `_FOUND`) to follow a certain pattern.
[0.377s] Call Stack (most recent call first):
[0.377s]   /usr/lib/x86_64-linux-gnu/cmake/pcl/PCLConfig.cmake:616 (find_package_handle_standard_args)
[0.377s]   CMakeLists.txt:119 (find_package)
[0.377s] This warning is for project developers.  Use -Wno-dev to suppress it.
[0.377s] 
[0.377s] CMake Warning (dev) at /usr/share/cmake-3.22/Modules/FindPackageHandleStandardArgs.cmake:438 (message):
[0.377s]   The package name passed to `find_package_handle_standard_args` (PCL_SEARCH)
[0.377s]   does not match the name of the calling package (PCL).  This can lead to
[0.377s]   problems in calling code that expects `find_package` result variables
[0.377s]   (e.g., `_FOUND`) to follow a certain pattern.
[0.377s] Call Stack (most recent call first):
[0.377s]   /usr/lib/x86_64-linux-gnu/cmake/pcl/PCLConfig.cmake:616 (find_package_handle_standard_args)
[0.377s]   CMakeLists.txt:119 (find_package)
[0.378s] This warning is for project developers.  Use -Wno-dev to suppress it.
[0.378s] 
[0.378s] CMake Warning (dev) at /usr/share/cmake-3.22/Modules/FindPackageHandleStandardArgs.cmake:438 (message):
[0.378s]   The package name passed to `find_package_handle_standard_args`
[0.378s]   (PCL_SAMPLE_CONSENSUS) does not match the name of the calling package
[0.378s]   (PCL).  This can lead to problems in calling code that expects
[0.378s]   `find_package` result variables (e.g., `_FOUND`) to follow a certain
[0.378s]   pattern.
[0.378s] Call Stack (most recent call first):
[0.378s]   /usr/lib/x86_64-linux-gnu/cmake/pcl/PCLConfig.cmake:616 (find_package_handle_standard_args)
[0.378s]   CMakeLists.txt:119 (find_package)
[0.378s] This warning is for project developers.  Use -Wno-dev to suppress it.
[0.378s] 
[0.378s] -- looking for PCL_FILTERS
[0.378s] CMake Warning (dev) at /usr/share/cmake-3.22/Modules/FindPackageHandleStandardArgs.cmake:438 (message):
[0.378s]   The package name passed to `find_package_handle_standard_args`
[0.378s]   (PCL_FILTERS) does not match the name of the calling package (PCL).  This
[0.378s]   can lead to problems in calling code that expects `find_package` result
[0.378s]   variables (e.g., `_FOUND`) to follow a certain pattern.
[0.378s] Call Stack (most recent call first):
[0.378s]   /usr/lib/x86_64-linux-gnu/cmake/pcl/PCLConfig.cmake:616 (find_package_handle_standard_args)
[0.378s]   CMakeLists.txt:119 (find_package)
[0.378s] This warning is for project developers.  Use -Wno-dev to suppress it.
[0.378s] 
[0.378s] -- looking for PCL_2D
[0.378s] -- looking for PCL_GEOMETRY
[0.378s] -- looking for PCL_IO
[0.378s] CMake Warning (dev) at /usr/share/cmake-3.22/Modules/FindPackageHandleStandardArgs.cmake:438 (message):
[0.378s]   The package name passed to `find_package_handle_standard_args` (PCL_2D)
[0.379s]   does not match the name of the calling package (PCL).  This can lead to
[0.379s]   problems in calling code that expects `find_package` result variables
[0.379s]   (e.g., `_FOUND`) to follow a certain pattern.
[0.379s] Call Stack (most recent call first):
[0.379s]   /usr/lib/x86_64-linux-gnu/cmake/pcl/PCLConfig.cmake:619 (find_package_handle_standard_args)
[0.379s]   CMakeLists.txt:119 (find_package)
[0.379s] This warning is for project developers.  Use -Wno-dev to suppress it.
[0.379s] 
[0.379s] CMake Warning (dev) at /usr/share/cmake-3.22/Modules/FindPackageHandleStandardArgs.cmake:438 (message):
[0.379s]   The package name passed to `find_package_handle_standard_args`
[0.379s]   (PCL_GEOMETRY) does not match the name of the calling package (PCL).  This
[0.379s]   can lead to problems in calling code that expects `find_package` result
[0.379s]   variables (e.g., `_FOUND`) to follow a certain pattern.
[0.379s] Call Stack (most recent call first):
[0.379s]   /usr/lib/x86_64-linux-gnu/cmake/pcl/PCLConfig.cmake:619 (find_package_handle_standard_args)
[0.379s]   CMakeLists.txt:119 (find_package)
[0.379s] This warning is for project developers.  Use -Wno-dev to suppress it.
[0.379s] 
[0.379s] CMake Warning (dev) at /usr/share/cmake-3.22/Modules/FindPackageHandleStandardArgs.cmake:438 (message):
[0.379s]   The package name passed to `find_package_handle_standard_args` (PCL_IO)
[0.379s]   does not match the name of the calling package (PCL).  This can lead to
[0.379s]   problems in calling code that expects `find_package` result variables
[0.379s]   (e.g., `_FOUND`) to follow a certain pattern.
[0.379s] Call Stack (most recent call first):
[0.379s]   /usr/lib/x86_64-linux-gnu/cmake/pcl/PCLConfig.cmake:616 (find_package_handle_standard_args)
[0.379s]   CMakeLists.txt:119 (find_package)
[0.379s] This warning is for project developers.  Use -Wno-dev to suppress it.
[0.380s] 
[0.380s] -- looking for PCL_FEATURES
[0.380s] CMake Warning (dev) at /usr/share/cmake-3.22/Modules/FindPackageHandleStandardArgs.cmake:438 (message):
[0.380s]   The package name passed to `find_package_handle_standard_args`
[0.380s]   (PCL_FEATURES) does not match the name of the calling package (PCL).  This
[0.380s]   can lead to problems in calling code that expects `find_package` result
[0.380s]   variables (e.g., `_FOUND`) to follow a certain pattern.
[0.380s] Call Stack (most recent call first):
[0.380s]   /usr/lib/x86_64-linux-gnu/cmake/pcl/PCLConfig.cmake:616 (find_package_handle_standard_args)
[0.380s]   CMakeLists.txt:119 (find_package)
[0.380s] This warning is for project developers.  Use -Wno-dev to suppress it.
[0.380s] 
[0.380s] CMake Warning (dev) at /usr/share/cmake-3.22/Modules/FindPackageHandleStandardArgs.cmake:438 (message):
[0.380s]   The package name passed to `find_package_handle_standard_args` (PCL_ML)
[0.380s]   does not match the name of the calling package (PCL).  This can lead to
[0.380s]   problems in calling code that expects `find_package` result variables
[0.380s]   (e.g., `_FOUND`) to follow a certain pattern.
[0.380s] Call Stack (most recent call first):
[0.380s]   /usr/lib/x86_64-linux-gnu/cmake/pcl/PCLConfig.cmake:616 (find_package_handle_standard_args)
[0.380s]   CMakeLists.txt:119 (find_package)
[0.380s] This warning is for project developers.  Use -Wno-dev to suppress it.
[0.380s] 
[0.380s] CMake Warning (dev) at /usr/share/cmake-3.22/Modules/FindPackageHandleStandardArgs.cmake:438 (message):
[0.380s]   The package name passed to `find_package_handle_standard_args`
[0.380s]   (PCL_SEGMENTATION) does not match the name of the calling package (PCL).
[0.380s]   This can lead to problems in calling code that expects `find_package`
[0.380s]   result variables (e.g., `_FOUND`) to follow a certain pattern.
[0.380s] Call Stack (most recent call first):
[0.380s]   /usr/lib/x86_64-linux-gnu/cmake/pcl/PCLConfig.cmake:616 (find_package_handle_standard_args)
[0.381s]   CMakeLists.txt:119 (find_package)
[0.381s] This warning is for project developers.  Use -Wno-dev to suppress it.
[0.381s] 
[0.381s] -- looking for PCL_ML
[0.381s] -- looking for PCL_SEGMENTATION
[0.381s] -- looking for PCL_VISUALIZATION
[0.381s] -- looking for PCL_SURFACE
[0.381s] -- looking for PCL_REGISTRATION
[0.381s] CMake Warning (dev) at /usr/share/cmake-3.22/Modules/FindPackageHandleStandardArgs.cmake:438 (message):
[0.381s]   The package name passed to `find_package_handle_standard_args`
[0.381s]   (PCL_VISUALIZATION) does not match the name of the calling package (PCL).
[0.381s]   This can lead to problems in calling code that expects `find_package`
[0.381s]   result variables (e.g., `_FOUND`) to follow a certain pattern.
[0.381s] Call Stack (most recent call first):
[0.381s]   /usr/lib/x86_64-linux-gnu/cmake/pcl/PCLConfig.cmake:616 (find_package_handle_standard_args)
[0.381s]   CMakeLists.txt:119 (find_package)
[0.381s] This warning is for project developers.  Use -Wno-dev to suppress it.
[0.381s] 
[0.381s] CMake Warning (dev) at /usr/share/cmake-3.22/Modules/FindPackageHandleStandardArgs.cmake:438 (message):
[0.381s]   The package name passed to `find_package_handle_standard_args`
[0.381s]   (PCL_SURFACE) does not match the name of the calling package (PCL).  This
[0.381s]   can lead to problems in calling code that expects `find_package` result
[0.381s]   variables (e.g., `_FOUND`) to follow a certain pattern.
[0.381s] Call Stack (most recent call first):
[0.381s]   /usr/lib/x86_64-linux-gnu/cmake/pcl/PCLConfig.cmake:616 (find_package_handle_standard_args)
[0.381s]   CMakeLists.txt:119 (find_package)
[0.381s] This warning is for project developers.  Use -Wno-dev to suppress it.
[0.381s] 
[0.381s] CMake Warning (dev) at /usr/share/cmake-3.22/Modules/FindPackageHandleStandardArgs.cmake:438 (message):
[0.381s]   The package name passed to `find_package_handle_standard_args`
[0.381s]   (PCL_REGISTRATION) does not match the name of the calling package (PCL).
[0.382s]   This can lead to problems in calling code that expects `find_package`
[0.382s]   result variables (e.g., `_FOUND`) to follow a certain pattern.
[0.382s] Call Stack (most recent call first):
[0.382s]   /usr/lib/x86_64-linux-gnu/cmake/pcl/PCLConfig.cmake:616 (find_package_handle_standard_args)
[0.382s]   CMakeLists.txt:119 (find_package)
[0.382s] This warning is for project developers.  Use -Wno-dev to suppress it.
[0.382s] 
[0.382s] -- looking for PCL_KEYPOINTS
[0.382s] -- looking for PCL_TRACKING
[0.382s] -- looking for PCL_RECOGNITION
[0.382s] -- looking for PCL_STEREO
[0.382s] CMake Warning (dev) at /usr/share/cmake-3.22/Modules/FindPackageHandleStandardArgs.cmake:438 (message):
[0.382s]   The package name passed to `find_package_handle_standard_args`
[0.382s]   (PCL_KEYPOINTS) does not match the name of the calling package (PCL).  This
[0.382s]   can lead to problems in calling code that expects `find_package` result
[0.382s]   variables (e.g., `_FOUND`) to follow a certain pattern.
[0.382s] Call Stack (most recent call first):
[0.382s]   /usr/lib/x86_64-linux-gnu/cmake/pcl/PCLConfig.cmake:616 (find_package_handle_standard_args)
[0.382s]   CMakeLists.txt:119 (find_package)
[0.382s] This warning is for project developers.  Use -Wno-dev to suppress it.
[0.382s] 
[0.382s] CMake Warning (dev) at /usr/share/cmake-3.22/Modules/FindPackageHandleStandardArgs.cmake:438 (message):
[0.382s]   The package name passed to `find_package_handle_standard_args`
[0.382s]   (PCL_TRACKING) does not match the name of the calling package (PCL).  This
[0.382s]   can lead to problems in calling code that expects `find_package` result
[0.382s]   variables (e.g., `_FOUND`) to follow a certain pattern.
[0.382s] Call Stack (most recent call first):
[0.382s]   /usr/lib/x86_64-linux-gnu/cmake/pcl/PCLConfig.cmake:616 (find_package_handle_standard_args)
[0.382s]   CMakeLists.txt:119 (find_package)
[0.382s] This warning is for project developers.  Use -Wno-dev to suppress it.
[0.382s] 
[0.382s] CMake Warning (dev) at /usr/share/cmake-3.22/Modules/FindPackageHandleStandardArgs.cmake:438 (message):
[0.382s]   The package name passed to `find_package_handle_standard_args`
[0.382s]   (PCL_RECOGNITION) does not match the name of the calling package (PCL).
[0.383s]   This can lead to problems in calling code that expects `find_package`
[0.383s]   result variables (e.g., `_FOUND`) to follow a certain pattern.
[0.383s] Call Stack (most recent call first):
[0.383s]   /usr/lib/x86_64-linux-gnu/cmake/pcl/PCLConfig.cmake:616 (find_package_handle_standard_args)
[0.383s]   CMakeLists.txt:119 (find_package)
[0.383s] This warning is for project developers.  Use -Wno-dev to suppress it.
[0.383s] 
[0.383s] CMake Warning (dev) at /usr/share/cmake-3.22/Modules/FindPackageHandleStandardArgs.cmake:438 (message):
[0.383s]   The package name passed to `find_package_handle_standard_args` (PCL_STEREO)
[0.383s]   does not match the name of the calling package (PCL).  This can lead to
[0.383s]   problems in calling code that expects `find_package` result variables
[0.383s]   (e.g., `_FOUND`) to follow a certain pattern.
[0.383s] Call Stack (most recent call first):
[0.383s]   /usr/lib/x86_64-linux-gnu/cmake/pcl/PCLConfig.cmake:616 (find_package_handle_standard_args)
[0.383s]   CMakeLists.txt:119 (find_package)
[0.383s] This warning is for project developers.  Use -Wno-dev to suppress it.
[0.383s] 
[0.383s] -- looking for PCL_APPS
[0.383s] CMake Warning (dev) at /usr/share/cmake-3.22/Modules/FindPackageHandleStandardArgs.cmake:438 (message):
[0.383s]   The package name passed to `find_package_handle_standard_args` (PCL_APPS)
[0.383s]   does not match the name of the calling package (PCL).  This can lead to
[0.383s]   problems in calling code that expects `find_package` result variables
[0.383s]   (e.g., `_FOUND`) to follow a certain pattern.
[0.383s] Call Stack (most recent call first):
[0.383s]   /usr/lib/x86_64-linux-gnu/cmake/pcl/PCLConfig.cmake:616 (find_package_handle_standard_args)
[0.383s]   CMakeLists.txt:119 (find_package)
[0.383s] This warning is for project developers.  Use -Wno-dev to suppress it.
[0.383s] 
[0.383s] -- looking for PCL_IN_HAND_SCANNER
[0.383s] -- looking for PCL_POINT_CLOUD_EDITOR
[0.383s] -- looking for PCL_OUTOFCORE
[0.383s] CMake Warning (dev) at /usr/share/cmake-3.22/Modules/FindPackageHandleStandardArgs.cmake:438 (message):
[0.383s]   The package name passed to `find_package_handle_standard_args`
[0.383s]   (PCL_IN_HAND_SCANNER) does not match the name of the calling package (PCL).
[0.383s]   This can lead to problems in calling code that expects `find_package`
[0.384s]   result variables (e.g., `_FOUND`) to follow a certain pattern.
[0.384s] Call Stack (most recent call first):
[0.384s]   /usr/lib/x86_64-linux-gnu/cmake/pcl/PCLConfig.cmake:619 (find_package_handle_standard_args)
[0.384s]   CMakeLists.txt:119 (find_package)
[0.384s] This warning is for project developers.  Use -Wno-dev to suppress it.
[0.384s] 
[0.384s] CMake Warning (dev) at /usr/share/cmake-3.22/Modules/FindPackageHandleStandardArgs.cmake:438 (message):
[0.384s]   The package name passed to `find_package_handle_standard_args`
[0.384s]   (PCL_POINT_CLOUD_EDITOR) does not match the name of the calling package
[0.384s]   (PCL).  This can lead to problems in calling code that expects
[0.384s]   `find_package` result variables (e.g., `_FOUND`) to follow a certain
[0.384s]   pattern.
[0.384s] Call Stack (most recent call first):
[0.384s]   /usr/lib/x86_64-linux-gnu/cmake/pcl/PCLConfig.cmake:619 (find_package_handle_standard_args)
[0.384s]   CMakeLists.txt:119 (find_package)
[0.384s] This warning is for project developers.  Use -Wno-dev to suppress it.
[0.384s] 
[0.384s] CMake Warning (dev) at /usr/share/cmake-3.22/Modules/FindPackageHandleStandardArgs.cmake:438 (message):
[0.384s]   The package name passed to `find_package_handle_standard_args`
[0.384s]   (PCL_OUTOFCORE) does not match the name of the calling package (PCL).  This
[0.384s]   can lead to problems in calling code that expects `find_package` result
[0.384s]   variables (e.g., `_FOUND`) to follow a certain pattern.
[0.384s] Call Stack (most recent call first):
[0.384s]   /usr/lib/x86_64-linux-gnu/cmake/pcl/PCLConfig.cmake:616 (find_package_handle_standard_args)
[0.384s]   CMakeLists.txt:119 (find_package)
[0.384s] This warning is for project developers.  Use -Wno-dev to suppress it.
[0.384s] 
[0.384s] -- looking for PCL_PEOPLE
[0.384s] CMake Warning (dev) at /usr/share/cmake-3.22/Modules/FindPackageHandleStandardArgs.cmake:438 (message):
[0.384s]   The package name passed to `find_package_handle_standard_args` (PCL_PEOPLE)
[0.384s]   does not match the name of the calling package (PCL).  This can lead to
[0.384s]   problems in calling code that expects `find_package` result variables
[0.384s]   (e.g., `_FOUND`) to follow a certain pattern.
[0.384s] Call Stack (most recent call first):
[0.384s]   /usr/lib/x86_64-linux-gnu/cmake/pcl/PCLConfig.cmake:616 (find_package_handle_standard_args)
[0.385s]   CMakeLists.txt:119 (find_package)
[0.385s] This warning is for project developers.  Use -Wno-dev to suppress it.
[0.385s] 
[0.385s] -- Found actionlib_msgs: 4.2.3 (/opt/ros/humble/share/actionlib_msgs/cmake)
[0.718s] -- Found rosgraph_msgs: 1.2.1 (/opt/ros/humble/share/rosgraph_msgs/cmake)
[1.581s] -- Found nav_msgs: 4.2.3 (/opt/ros/humble/share/nav_msgs/cmake)
[1.626s] -- Found rclcpp: 16.0.8 (/opt/ros/humble/share/rclcpp/cmake)
[1.651s] -- Found rmw_implementation_cmake: 6.1.1 (/opt/ros/humble/share/rmw_implementation_cmake/cmake)
[1.652s] -- Found rmw_fastrtps_cpp: 6.2.6 (/opt/ros/humble/share/rmw_fastrtps_cpp/cmake)
[1.731s] -- Using RMW implementation 'rmw_fastrtps_cpp' as default
[1.793s] -- Found tf2: 0.25.6 (/opt/ros/humble/share/tf2/cmake)
[1.806s] CMake Error at CMakeLists.txt:125 (find_package):
[1.806s]   By not providing "Find1.7.cmake" in CMAKE_MODULE_PATH this project has
[1.806s]   asked CMake to find a package configuration file provided by "1.7", but
[1.806s]   CMake did not find one.
[1.806s] 
[1.806s]   Could not find a package configuration file provided by "1.7" with any of
[1.806s]   the following names:
[1.806s] 
[1.806s]     1.7Config.cmake
[1.806s]     1.7-config.cmake
[1.806s] 
[1.807s]   Add the installation prefix of "1.7" to CMAKE_PREFIX_PATH or set "1.7_DIR"
[1.807s]   to a directory containing one of the above files.  If "1.7" provides a
[1.807s]   separate development package or SDK, be sure it has been installed.
[1.807s] 
[1.807s] 
[1.807s] -- Configuring incomplete, errors occurred!
[1.807s] See also "/home/ahmo030/ros2-migration/arena/arena-rosnav/utils/ros/rosnodes/spacial_horizon/build/spacial_horizon/CMakeFiles/CMakeOutput.log".
[1.812s] Invoked command in '/home/ahmo030/ros2-migration/arena/arena-rosnav/utils/ros/rosnodes/spacial_horizon/build/spacial_horizon' returned '1': CMAKE_PREFIX_PATH=/opt/ros/humble:${CMAKE_PREFIX_PATH} /usr/bin/cmake /home/ahmo030/ros2-migration/arena/arena-rosnav/utils/ros/rosnodes/spacial_horizon -DCMAKE_INSTALL_PREFIX=/home/ahmo030/ros2-migration/arena/arena-rosnav/utils/ros/rosnodes/spacial_horizon/install/spacial_horizon
