[0.026s] Invoking command in '/ros2-migration/build/cob_base_controller_utils': CMAKE_PREFIX_PATH=/ros2-migration/install/tiago_controller_configuration:/opt/ros/humble /usr/bin/cmake --build /ros2-migration/build/cob_base_controller_utils -- -j8 -l8
[0.100s] -- Found ament_cmake: 1.3.9 (/opt/ros/humble/share/ament_cmake/cmake)
[0.328s] -- Found std_srvs: 4.2.3 (/opt/ros/humble/share/std_srvs/cmake)
[0.356s] -- Found rosidl_generator_c: 3.1.5 (/opt/ros/humble/share/rosidl_generator_c/cmake)
[0.358s] -- Found rosidl_adapter: 3.1.5 (/opt/ros/humble/share/rosidl_adapter/cmake)
[0.366s] -- Found rosidl_generator_cpp: 3.1.5 (/opt/ros/humble/share/rosidl_generator_cpp/cmake)
[0.378s] -- Using all available rosidl_typesupport_c: rosidl_typesupport_fastrtps_c;rosidl_typesupport_introspection_c
[0.395s] -- Using all available rosidl_typesupport_cpp: rosidl_typesupport_fastrtps_cpp;rosidl_typesupport_introspection_cpp
[0.423s] [31mCMake Error at CMakeLists.txt:12 (find_package):
[0.423s]   By not providing "Findthreads.cmake" in CMAKE_MODULE_PATH this project has
[0.423s]   asked CMake to find a package configuration file provided by "threads", but
[0.423s]   CMake did not find one.
[0.423s] 
[0.423s]   Could not find a package configuration file provided by "threads" with any
[0.423s]   of the following names:
[0.423s] 
[0.423s]     threadsConfig.cmake
[0.423s]     threads-config.cmake
[0.424s] 
[0.424s]   Add the installation prefix of "threads" to CMAKE_PREFIX_PATH or set
[0.424s]   "threads_DIR" to a directory containing one of the above files.  If
[0.424s]   "threads" provides a separate development package or SDK, be sure it has
[0.424s]   been installed.
[0.424s] 
[0.424s] [0m
[0.426s] -- Configuring incomplete, errors occurred!
[0.426s] See also "/ros2-migration/build/cob_base_controller_utils/CMakeFiles/CMakeOutput.log".
[0.429s] gmake: *** [Makefile:308: cmake_check_build_system] Error 1
[0.431s] Invoked command in '/ros2-migration/build/cob_base_controller_utils' returned '2': CMAKE_PREFIX_PATH=/ros2-migration/install/tiago_controller_configuration:/opt/ros/humble /usr/bin/cmake --build /ros2-migration/build/cob_base_controller_utils -- -j8 -l8
