[0.005s] Invoking command in '/home/ahmo030/ros2-migration/arena/arena-rosnav/utils/misc/path_search/build/path_search': CMAKE_PREFIX_PATH=/opt/ros/humble:${CMAKE_PREFIX_PATH} /usr/bin/cmake /home/ahmo030/ros2-migration/arena/arena-rosnav/utils/misc/path_search -DCMAKE_INSTALL_PREFIX=/home/ahmo030/ros2-migration/arena/arena-rosnav/utils/misc/path_search/install/path_search
[0.011s] -- Found ament_cmake: 1.3.8 (/opt/ros/humble/share/ament_cmake/cmake)
[0.081s] -- Found nav_msgs: 4.2.3 (/opt/ros/humble/share/nav_msgs/cmake)
[0.098s] -- Found rosidl_generator_c: 3.1.5 (/opt/ros/humble/share/rosidl_generator_c/cmake)
[0.099s] -- Found rosidl_adapter: 3.1.5 (/opt/ros/humble/share/rosidl_adapter/cmake)
[0.102s] -- Found rosidl_generator_cpp: 3.1.5 (/opt/ros/humble/share/rosidl_generator_cpp/cmake)
[0.108s] -- Using all available rosidl_typesupport_c: rosidl_typesupport_fastrtps_c;rosidl_typesupport_introspection_c
[0.117s] -- Using all available rosidl_typesupport_cpp: rosidl_typesupport_fastrtps_cpp;rosidl_typesupport_introspection_cpp
[0.232s] -- Eigen found (include: /usr/include/eigen3, version: 3.4.0)
[0.266s] -- The imported target "vtkParseOGLExt" references the file
[0.266s]    "/usr/bin/vtkParseOGLExt-7.1"
[0.266s] but this file does not exist.  Possible reasons include:
[0.266s] * The file was deleted, renamed, or moved to another location.
[0.266s] * An install or uninstall procedure did not complete successfully.
[0.266s] * The installation package was faulty and contained
[0.266s]    "/usr/lib/cmake/vtk-7.1/VTKTargets.cmake"
[0.266s] but not all the files it references.
[0.266s] 
[0.266s] -- The imported target "vtkRenderingPythonTkWidgets" references the file
[0.266s]    "/usr/lib/x86_64-linux-gnu/libvtkRenderingPythonTkWidgets.so"
[0.266s] but this file does not exist.  Possible reasons include:
[0.266s] * The file was deleted, renamed, or moved to another location.
[0.266s] * An install or uninstall procedure did not complete successfully.
[0.266s] * The installation package was faulty and contained
[0.266s]    "/usr/lib/cmake/vtk-7.1/VTKTargets.cmake"
[0.266s] but not all the files it references.
[0.266s] 
[0.266s] -- The imported target "vtk" references the file
[0.266s]    "/usr/bin/vtk"
[0.266s] but this file does not exist.  Possible reasons include:
[0.267s] * The file was deleted, renamed, or moved to another location.
[0.267s] * An install or uninstall procedure did not complete successfully.
[0.267s] * The installation package was faulty and contained
[0.267s]    "/usr/lib/cmake/vtk-7.1/VTKTargets.cmake"
[0.267s] but not all the files it references.
[0.267s] 
[0.267s] -- The imported target "pvtk" references the file
[0.267s]    "/usr/bin/pvtk"
[0.267s] but this file does not exist.  Possible reasons include:
[0.267s] * The file was deleted, renamed, or moved to another location.
[0.267s] * An install or uninstall procedure did not complete successfully.
[0.267s] * The installation package was faulty and contained
[0.267s]    "/usr/lib/cmake/vtk-7.1/VTKTargets.cmake"
[0.267s] but not all the files it references.
[0.267s] 
[0.273s] CMake Warning (dev) at /usr/share/cmake-3.22/Modules/FindPackageHandleStandardArgs.cmake:438 (message):
[0.273s]   The package name passed to `find_package_handle_standard_args` (USB_10)
[0.273s]   does not match the name of the calling package (OpenNI).  This can lead to
[0.274s]   problems in calling code that expects `find_package` result variables
[0.274s]   (e.g., `_FOUND`) to follow a certain pattern.
[0.274s] Call Stack (most recent call first):
[0.274s]   /usr/lib/x86_64-linux-gnu/cmake/pcl/Modules/FindOpenNI.cmake:28 (find_package_handle_standard_args)
[0.274s]   /usr/lib/x86_64-linux-gnu/cmake/pcl/PCLConfig.cmake:179 (find_package)
[0.274s]   /usr/lib/x86_64-linux-gnu/cmake/pcl/PCLConfig.cmake:322 (find_openni)
[0.274s]   /usr/lib/x86_64-linux-gnu/cmake/pcl/PCLConfig.cmake:548 (find_external_library)
[0.274s]   CMakeLists.txt:12 (find_package)
[0.274s] This warning is for project developers.  Use -Wno-dev to suppress it.
[0.274s] 
[0.274s] -- OpenNI found (include: /usr/include/ni, lib: /usr/lib/libOpenNI.so)
[0.277s] CMake Warning (dev) at /usr/share/cmake-3.22/Modules/FindPackageHandleStandardArgs.cmake:438 (message):
[0.277s]   The package name passed to `find_package_handle_standard_args` (USB_10)
[0.277s]   does not match the name of the calling package (OpenNI2).  This can lead to
[0.277s]   problems in calling code that expects `find_package` result variables
[0.277s]   (e.g., `_FOUND`) to follow a certain pattern.
[0.277s] Call Stack (most recent call first):
[0.277s]   /usr/lib/x86_64-linux-gnu/cmake/pcl/Modules/FindOpenNI2.cmake:28 (find_package_handle_standard_args)
[0.277s]   /usr/lib/x86_64-linux-gnu/cmake/pcl/PCLConfig.cmake:193 (find_package)
[0.277s]   /usr/lib/x86_64-linux-gnu/cmake/pcl/PCLConfig.cmake:324 (find_openni2)
[0.277s]   /usr/lib/x86_64-linux-gnu/cmake/pcl/PCLConfig.cmake:548 (find_external_library)
[0.277s]   CMakeLists.txt:12 (find_package)
[0.277s] This warning is for project developers.  Use -Wno-dev to suppress it.
[0.277s] 
[0.277s] -- OpenNI2 found (include: /usr/include/openni2, lib: /usr/lib/x86_64-linux-gnu/libOpenNI2.so)
[0.277s] ** WARNING ** io features related to pcap will be disabled
[0.277s] ** WARNING ** io features related to png will be disabled
[0.282s] CMake Warning (dev) at /usr/share/cmake-3.22/Modules/FindPackageHandleStandardArgs.cmake:438 (message):
[0.282s]   The package name passed to `find_package_handle_standard_args` (libusb-1.0)
[0.282s]   does not match the name of the calling package (PCL).  This can lead to
[0.282s]   problems in calling code that expects `find_package` result variables
[0.282s]   (e.g., `_FOUND`) to follow a certain pattern.
[0.282s] Call Stack (most recent call first):
[0.282s]   /usr/lib/x86_64-linux-gnu/cmake/pcl/PCLConfig.cmake:291 (find_package_handle_standard_args)
[0.282s]   /usr/lib/x86_64-linux-gnu/cmake/pcl/PCLConfig.cmake:338 (find_libusb)
[0.282s]   /usr/lib/x86_64-linux-gnu/cmake/pcl/PCLConfig.cmake:548 (find_external_library)
[0.282s]   CMakeLists.txt:12 (find_package)
[0.282s] This warning is for project developers.  Use -Wno-dev to suppress it.
[0.282s] 
[0.282s] ** WARNING ** io features related to libusb-1.0 will be disabled
[0.284s] CMake Warning (dev) at /usr/share/cmake-3.22/Modules/FindPackageHandleStandardArgs.cmake:438 (message):
[0.284s]   The package name passed to `find_package_handle_standard_args` (USB_10)
[0.284s]   does not match the name of the calling package (OpenNI).  This can lead to
[0.285s]   problems in calling code that expects `find_package` result variables
[0.285s]   (e.g., `_FOUND`) to follow a certain pattern.
[0.285s] Call Stack (most recent call first):
[0.285s]   /usr/lib/x86_64-linux-gnu/cmake/pcl/Modules/FindOpenNI.cmake:28 (find_package_handle_standard_args)
[0.285s]   /usr/lib/x86_64-linux-gnu/cmake/pcl/PCLConfig.cmake:179 (find_package)
[0.285s]   /usr/lib/x86_64-linux-gnu/cmake/pcl/PCLConfig.cmake:322 (find_openni)
[0.285s]   /usr/lib/x86_64-linux-gnu/cmake/pcl/PCLConfig.cmake:548 (find_external_library)
[0.285s]   CMakeLists.txt:12 (find_package)
[0.285s] This warning is for project developers.  Use -Wno-dev to suppress it.
[0.285s] 
[0.285s] -- OpenNI found (include: /usr/include/ni, lib: /usr/lib/libOpenNI.so)
[0.288s] CMake Warning (dev) at /usr/share/cmake-3.22/Modules/FindPackageHandleStandardArgs.cmake:438 (message):
[0.288s]   The package name passed to `find_package_handle_standard_args` (USB_10)
[0.288s]   does not match the name of the calling package (OpenNI2).  This can lead to
[0.288s]   problems in calling code that expects `find_package` result variables
[0.288s]   (e.g., `_FOUND`) to follow a certain pattern.
[0.288s] Call Stack (most recent call first):
[0.288s]   /usr/lib/x86_64-linux-gnu/cmake/pcl/Modules/FindOpenNI2.cmake:28 (find_package_handle_standard_args)
[0.288s]   /usr/lib/x86_64-linux-gnu/cmake/pcl/PCLConfig.cmake:193 (find_package)
[0.288s]   /usr/lib/x86_64-linux-gnu/cmake/pcl/PCLConfig.cmake:324 (find_openni2)
[0.288s]   /usr/lib/x86_64-linux-gnu/cmake/pcl/PCLConfig.cmake:548 (find_external_library)
[0.288s]   CMakeLists.txt:12 (find_package)
[0.288s] This warning is for project developers.  Use -Wno-dev to suppress it.
[0.288s] 
[0.288s] -- OpenNI2 found (include: /usr/include/openni2, lib: /usr/lib/x86_64-linux-gnu/libOpenNI2.so)
[0.293s] -- QHULL found (include: /usr/include, lib: optimized;/usr/lib/x86_64-linux-gnu/libqhull.so;debug;/usr/lib/x86_64-linux-gnu/libqhull.so)
[0.296s] CMake Warning (dev) at /usr/share/cmake-3.22/Modules/FindPackageHandleStandardArgs.cmake:438 (message):
[0.296s]   The package name passed to `find_package_handle_standard_args` (USB_10)
[0.296s]   does not match the name of the calling package (OpenNI).  This can lead to
[0.296s]   problems in calling code that expects `find_package` result variables
[0.296s]   (e.g., `_FOUND`) to follow a certain pattern.
[0.296s] Call Stack (most recent call first):
[0.296s]   /usr/lib/x86_64-linux-gnu/cmake/pcl/Modules/FindOpenNI.cmake:28 (find_package_handle_standard_args)
[0.296s]   /usr/lib/x86_64-linux-gnu/cmake/pcl/PCLConfig.cmake:179 (find_package)
[0.296s]   /usr/lib/x86_64-linux-gnu/cmake/pcl/PCLConfig.cmake:322 (find_openni)
[0.296s]   /usr/lib/x86_64-linux-gnu/cmake/pcl/PCLConfig.cmake:548 (find_external_library)
[0.296s]   CMakeLists.txt:12 (find_package)
[0.296s] This warning is for project developers.  Use -Wno-dev to suppress it.
[0.296s] 
[0.296s] -- OpenNI found (include: /usr/include/ni, lib: /usr/lib/libOpenNI.so)
[0.301s] -- looking for PCL_COMMON
[0.301s] CMake Warning (dev) at /usr/share/cmake-3.22/Modules/FindPackageHandleStandardArgs.cmake:438 (message):
[0.301s]   The package name passed to `find_package_handle_standard_args` (PCL_COMMON)
[0.301s]   does not match the name of the calling package (PCL).  This can lead to
[0.301s]   problems in calling code that expects `find_package` result variables
[0.301s]   (e.g., `_FOUND`) to follow a certain pattern.
[0.301s] Call Stack (most recent call first):
[0.302s]   /usr/lib/x86_64-linux-gnu/cmake/pcl/PCLConfig.cmake:616 (find_package_handle_standard_args)
[0.302s]   CMakeLists.txt:12 (find_package)
[0.302s] This warning is for project developers.  Use -Wno-dev to suppress it.
[0.302s] 
[0.302s] -- looking for PCL_KDTREE
[0.302s] CMake Warning (dev) at /usr/share/cmake-3.22/Modules/FindPackageHandleStandardArgs.cmake:438 (message):
[0.302s]   The package name passed to `find_package_handle_standard_args` (PCL_KDTREE)
[0.302s]   does not match the name of the calling package (PCL).  This can lead to
[0.302s]   problems in calling code that expects `find_package` result variables
[0.302s]   (e.g., `_FOUND`) to follow a certain pattern.
[0.302s] Call Stack (most recent call first):
[0.302s]   /usr/lib/x86_64-linux-gnu/cmake/pcl/PCLConfig.cmake:616 (find_package_handle_standard_args)
[0.302s]   CMakeLists.txt:12 (find_package)
[0.302s] This warning is for project developers.  Use -Wno-dev to suppress it.
[0.302s] 
[0.302s] CMake Warning (dev) at /usr/share/cmake-3.22/Modules/FindPackageHandleStandardArgs.cmake:438 (message):
[0.302s]   The package name passed to `find_package_handle_standard_args` (PCL_OCTREE)
[0.302s]   does not match the name of the calling package (PCL).  This can lead to
[0.302s]   problems in calling code that expects `find_package` result variables
[0.302s]   (e.g., `_FOUND`) to follow a certain pattern.
[0.302s] Call Stack (most recent call first):
[0.302s]   /usr/lib/x86_64-linux-gnu/cmake/pcl/PCLConfig.cmake:616 (find_package_handle_standard_args)
[0.302s]   CMakeLists.txt:12 (find_package)
[0.302s] This warning is for project developers.  Use -Wno-dev to suppress it.
[0.302s] 
[0.302s] -- looking for PCL_OCTREE
[0.302s] -- looking for PCL_SEARCH
[0.303s] CMake Warning (dev) at /usr/share/cmake-3.22/Modules/FindPackageHandleStandardArgs.cmake:438 (message):
[0.303s]   The package name passed to `find_package_handle_standard_args` (PCL_SEARCH)
[0.303s]   does not match the name of the calling package (PCL).  This can lead to
[0.303s]   problems in calling code that expects `find_package` result variables
[0.303s]   (e.g., `_FOUND`) to follow a certain pattern.
[0.303s] Call Stack (most recent call first):
[0.303s]   /usr/lib/x86_64-linux-gnu/cmake/pcl/PCLConfig.cmake:616 (find_package_handle_standard_args)
[0.303s]   CMakeLists.txt:12 (find_package)
[0.303s] This warning is for project developers.  Use -Wno-dev to suppress it.
[0.303s] 
[0.303s] CMake Warning (dev) at /usr/share/cmake-3.22/Modules/FindPackageHandleStandardArgs.cmake:438 (message):
[0.303s]   The package name passed to `find_package_handle_standard_args`
[0.303s]   (PCL_SAMPLE_CONSENSUS) does not match the name of the calling package
[0.303s]   (PCL).  This can lead to problems in calling code that expects
[0.303s]   `find_package` result variables (e.g., `_FOUND`) to follow a certain
[0.303s]   pattern.
[0.303s] Call Stack (most recent call first):
[0.303s]   /usr/lib/x86_64-linux-gnu/cmake/pcl/PCLConfig.cmake:616 (find_package_handle_standard_args)
[0.303s]   CMakeLists.txt:12 (find_package)
[0.303s] This warning is for project developers.  Use -Wno-dev to suppress it.
[0.303s] 
[0.303s] CMake Warning (dev) at /usr/share/cmake-3.22/Modules/FindPackageHandleStandardArgs.cmake:438 (message):
[0.303s]   The package name passed to `find_package_handle_standard_args`
[0.303s]   (PCL_FILTERS) does not match the name of the calling package (PCL).  This
[0.304s]   can lead to problems in calling code that expects `find_package` result
[0.304s]   variables (e.g., `_FOUND`) to follow a certain pattern.
[0.304s] Call Stack (most recent call first):
[0.304s]   /usr/lib/x86_64-linux-gnu/cmake/pcl/PCLConfig.cmake:616 (find_package_handle_standard_args)
[0.304s]   CMakeLists.txt:12 (find_package)
[0.304s] This warning is for project developers.  Use -Wno-dev to suppress it.
[0.304s] 
[0.304s] CMake Warning (dev) at /usr/share/cmake-3.22/Modules/FindPackageHandleStandardArgs.cmake:438 (message):
[0.304s]   The package name passed to `find_package_handle_standard_args` (PCL_2D)
[0.304s]   does not match the name of the calling package (PCL).  This can lead to
[0.304s]   problems in calling code that expects `find_package` result variables
[0.304s]   (e.g., `_FOUND`) to follow a certain pattern.
[0.304s] Call Stack (most recent call first):
[0.304s]   /usr/lib/x86_64-linux-gnu/cmake/pcl/PCLConfig.cmake:619 (find_package_handle_standard_args)
[0.304s]   CMakeLists.txt:12 (find_package)
[0.304s] This warning is for project developers.  Use -Wno-dev to suppress it.
[0.304s] 
[0.304s] CMake Warning (dev) at /usr/share/cmake-3.22/Modules/FindPackageHandleStandardArgs.cmake:438 (message):
[0.304s]   The package name passed to `find_package_handle_standard_args`
[0.304s]   (PCL_GEOMETRY) does not match the name of the calling package (PCL).  This
[0.304s]   can lead to problems in calling code that expects `find_package` result
[0.304s]   variables (e.g., `_FOUND`) to follow a certain pattern.
[0.304s] Call Stack (most recent call first):
[0.304s]   /usr/lib/x86_64-linux-gnu/cmake/pcl/PCLConfig.cmake:619 (find_package_handle_standard_args)
[0.304s]   CMakeLists.txt:12 (find_package)
[0.305s] This warning is for project developers.  Use -Wno-dev to suppress it.
[0.305s] 
[0.305s] -- looking for PCL_SAMPLE_CONSENSUS
[0.305s] -- looking for PCL_FILTERS
[0.305s] -- looking for PCL_2D
[0.305s] -- looking for PCL_GEOMETRY
[0.305s] -- looking for PCL_IO
[0.305s] CMake Warning (dev) at /usr/share/cmake-3.22/Modules/FindPackageHandleStandardArgs.cmake:438 (message):
[0.305s]   The package name passed to `find_package_handle_standard_args` (PCL_IO)
[0.305s]   does not match the name of the calling package (PCL).  This can lead to
[0.305s]   problems in calling code that expects `find_package` result variables
[0.305s]   (e.g., `_FOUND`) to follow a certain pattern.
[0.305s] Call Stack (most recent call first):
[0.305s]   /usr/lib/x86_64-linux-gnu/cmake/pcl/PCLConfig.cmake:616 (find_package_handle_standard_args)
[0.305s]   CMakeLists.txt:12 (find_package)
[0.305s] This warning is for project developers.  Use -Wno-dev to suppress it.
[0.305s] 
[0.305s] -- looking for PCL_FEATURES
[0.305s] CMake Warning (dev) at /usr/share/cmake-3.22/Modules/FindPackageHandleStandardArgs.cmake:438 (message):
[0.305s]   The package name passed to `find_package_handle_standard_args`
[0.305s]   (PCL_FEATURES) does not match the name of the calling package (PCL).  This
[0.305s]   can lead to problems in calling code that expects `find_package` result
[0.305s]   variables (e.g., `_FOUND`) to follow a certain pattern.
[0.305s] Call Stack (most recent call first):
[0.305s]   /usr/lib/x86_64-linux-gnu/cmake/pcl/PCLConfig.cmake:616 (find_package_handle_standard_args)
[0.305s]   CMakeLists.txt:12 (find_package)
[0.305s] This warning is for project developers.  Use -Wno-dev to suppress it.
[0.305s] 
[0.305s] -- looking for PCL_ML
[0.306s] CMake Warning (dev) at /usr/share/cmake-3.22/Modules/FindPackageHandleStandardArgs.cmake:438 (message):
[0.306s]   The package name passed to `find_package_handle_standard_args` (PCL_ML)
[0.306s]   does not match the name of the calling package (PCL).  This can lead to
[0.306s]   problems in calling code that expects `find_package` result variables
[0.306s]   (e.g., `_FOUND`) to follow a certain pattern.
[0.306s] Call Stack (most recent call first):
[0.306s]   /usr/lib/x86_64-linux-gnu/cmake/pcl/PCLConfig.cmake:616 (find_package_handle_standard_args)
[0.306s]   CMakeLists.txt:12 (find_package)
[0.306s] This warning is for project developers.  Use -Wno-dev to suppress it.
[0.306s] 
[0.306s] -- looking for PCL_SEGMENTATION
[0.306s] CMake Warning (dev) at /usr/share/cmake-3.22/Modules/FindPackageHandleStandardArgs.cmake:438 (message):
[0.306s]   The package name passed to `find_package_handle_standard_args`
[0.306s]   (PCL_SEGMENTATION) does not match the name of the calling package (PCL).
[0.306s]   This can lead to problems in calling code that expects `find_package`
[0.306s]   result variables (e.g., `_FOUND`) to follow a certain pattern.
[0.306s] Call Stack (most recent call first):
[0.306s]   /usr/lib/x86_64-linux-gnu/cmake/pcl/PCLConfig.cmake:616 (find_package_handle_standard_args)
[0.306s]   CMakeLists.txt:12 (find_package)
[0.306s] This warning is for project developers.  Use -Wno-dev to suppress it.
[0.306s] 
[0.306s] -- looking for PCL_VISUALIZATION
[0.306s] CMake Warning (dev) at /usr/share/cmake-3.22/Modules/FindPackageHandleStandardArgs.cmake:438 (message):
[0.306s]   The package name passed to `find_package_handle_standard_args`
[0.306s]   (PCL_VISUALIZATION) does not match the name of the calling package (PCL).
[0.306s]   This can lead to problems in calling code that expects `find_package`
[0.306s]   result variables (e.g., `_FOUND`) to follow a certain pattern.
[0.306s] Call Stack (most recent call first):
[0.307s]   /usr/lib/x86_64-linux-gnu/cmake/pcl/PCLConfig.cmake:616 (find_package_handle_standard_args)
[0.307s]   CMakeLists.txt:12 (find_package)
[0.307s] This warning is for project developers.  Use -Wno-dev to suppress it.
[0.307s] 
[0.307s] -- looking for PCL_SURFACE
[0.307s] CMake Warning (dev) at /usr/share/cmake-3.22/Modules/FindPackageHandleStandardArgs.cmake:438 (message):
[0.307s]   The package name passed to `find_package_handle_standard_args`
[0.307s]   (PCL_SURFACE) does not match the name of the calling package (PCL).  This
[0.307s]   can lead to problems in calling code that expects `find_package` result
[0.307s]   variables (e.g., `_FOUND`) to follow a certain pattern.
[0.307s] Call Stack (most recent call first):
[0.307s]   /usr/lib/x86_64-linux-gnu/cmake/pcl/PCLConfig.cmake:616 (find_package_handle_standard_args)
[0.307s]   CMakeLists.txt:12 (find_package)
[0.307s] This warning is for project developers.  Use -Wno-dev to suppress it.
[0.307s] 
[0.307s] CMake Warning (dev) at /usr/share/cmake-3.22/Modules/FindPackageHandleStandardArgs.cmake:438 (message):
[0.307s]   The package name passed to `find_package_handle_standard_args`
[0.307s]   (PCL_REGISTRATION) does not match the name of the calling package (PCL).
[0.307s]   This can lead to problems in calling code that expects `find_package`
[0.307s]   result variables (e.g., `_FOUND`) to follow a certain pattern.
[0.307s] Call Stack (most recent call first):
[0.307s]   /usr/lib/x86_64-linux-gnu/cmake/pcl/PCLConfig.cmake:616 (find_package_handle_standard_args)
[0.307s]   CMakeLists.txt:12 (find_package)
[0.307s] This warning is for project developers.  Use -Wno-dev to suppress it.
[0.307s] 
[0.307s] CMake Warning (dev) at /usr/share/cmake-3.22/Modules/FindPackageHandleStandardArgs.cmake:438 (message):
[0.307s]   The package name passed to `find_package_handle_standard_args`
[0.307s]   (PCL_KEYPOINTS) does not match the name of the calling package (PCL).  This
[0.307s]   can lead to problems in calling code that expects `find_package` result
[0.307s]   variables (e.g., `_FOUND`) to follow a certain pattern.
[0.307s] Call Stack (most recent call first):
[0.307s]   /usr/lib/x86_64-linux-gnu/cmake/pcl/PCLConfig.cmake:616 (find_package_handle_standard_args)
[0.307s]   CMakeLists.txt:12 (find_package)
[0.307s] This warning is for project developers.  Use -Wno-dev to suppress it.
[0.308s] 
[0.308s] -- looking for PCL_REGISTRATION
[0.308s] -- looking for PCL_KEYPOINTS
[0.308s] -- looking for PCL_TRACKING
[0.308s] CMake Warning (dev) at /usr/share/cmake-3.22/Modules/FindPackageHandleStandardArgs.cmake:438 (message):
[0.308s]   The package name passed to `find_package_handle_standard_args`
[0.308s]   (PCL_TRACKING) does not match the name of the calling package (PCL).  This
[0.308s]   can lead to problems in calling code that expects `find_package` result
[0.308s]   variables (e.g., `_FOUND`) to follow a certain pattern.
[0.308s] Call Stack (most recent call first):
[0.308s]   /usr/lib/x86_64-linux-gnu/cmake/pcl/PCLConfig.cmake:616 (find_package_handle_standard_args)
[0.308s]   CMakeLists.txt:12 (find_package)
[0.308s] This warning is for project developers.  Use -Wno-dev to suppress it.
[0.308s] 
[0.308s] -- looking for PCL_RECOGNITION
[0.308s] CMake Warning (dev) at /usr/share/cmake-3.22/Modules/FindPackageHandleStandardArgs.cmake:438 (message):
[0.308s]   The package name passed to `find_package_handle_standard_args`
[0.308s]   (PCL_RECOGNITION) does not match the name of the calling package (PCL).
[0.308s]   This can lead to problems in calling code that expects `find_package`
[0.308s]   result variables (e.g., `_FOUND`) to follow a certain pattern.
[0.308s] Call Stack (most recent call first):
[0.308s]   /usr/lib/x86_64-linux-gnu/cmake/pcl/PCLConfig.cmake:616 (find_package_handle_standard_args)
[0.308s]   CMakeLists.txt:12 (find_package)
[0.308s] This warning is for project developers.  Use -Wno-dev to suppress it.
[0.308s] 
[0.308s] -- looking for PCL_STEREO
[0.308s] -- looking for PCL_APPS
[0.308s] CMake Warning (dev) at /usr/share/cmake-3.22/Modules/FindPackageHandleStandardArgs.cmake:438 (message):
[0.308s]   The package name passed to `find_package_handle_standard_args` (PCL_STEREO)
[0.308s]   does not match the name of the calling package (PCL).  This can lead to
[0.309s]   problems in calling code that expects `find_package` result variables
[0.309s]   (e.g., `_FOUND`) to follow a certain pattern.
[0.309s] Call Stack (most recent call first):
[0.309s]   /usr/lib/x86_64-linux-gnu/cmake/pcl/PCLConfig.cmake:616 (find_package_handle_standard_args)
[0.309s]   CMakeLists.txt:12 (find_package)
[0.309s] This warning is for project developers.  Use -Wno-dev to suppress it.
[0.309s] 
[0.309s] CMake Warning (dev) at /usr/share/cmake-3.22/Modules/FindPackageHandleStandardArgs.cmake:438 (message):
[0.309s]   The package name passed to `find_package_handle_standard_args` (PCL_APPS)
[0.309s]   does not match the name of the calling package (PCL).  This can lead to
[0.309s]   problems in calling code that expects `find_package` result variables
[0.309s]   (e.g., `_FOUND`) to follow a certain pattern.
[0.309s] Call Stack (most recent call first):
[0.309s]   /usr/lib/x86_64-linux-gnu/cmake/pcl/PCLConfig.cmake:616 (find_package_handle_standard_args)
[0.309s]   CMakeLists.txt:12 (find_package)
[0.309s] This warning is for project developers.  Use -Wno-dev to suppress it.
[0.309s] 
[0.309s] -- looking for PCL_IN_HAND_SCANNER
[0.309s] -- looking for PCL_POINT_CLOUD_EDITOR
[0.309s] -- looking for PCL_OUTOFCORE
[0.309s] CMake Warning (dev) at /usr/share/cmake-3.22/Modules/FindPackageHandleStandardArgs.cmake:438 (message):
[0.309s]   The package name passed to `find_package_handle_standard_args`
[0.309s]   (PCL_IN_HAND_SCANNER) does not match the name of the calling package (PCL).
[0.309s]   This can lead to problems in calling code that expects `find_package`
[0.309s]   result variables (e.g., `_FOUND`) to follow a certain pattern.
[0.309s] Call Stack (most recent call first):
[0.309s]   /usr/lib/x86_64-linux-gnu/cmake/pcl/PCLConfig.cmake:619 (find_package_handle_standard_args)
[0.309s]   CMakeLists.txt:12 (find_package)
[0.309s] This warning is for project developers.  Use -Wno-dev to suppress it.
[0.309s] 
[0.309s] CMake Warning (dev) at /usr/share/cmake-3.22/Modules/FindPackageHandleStandardArgs.cmake:438 (message):
[0.309s]   The package name passed to `find_package_handle_standard_args`
[0.309s]   (PCL_POINT_CLOUD_EDITOR) does not match the name of the calling package
[0.309s]   (PCL).  This can lead to problems in calling code that expects
[0.309s]   `find_package` result variables (e.g., `_FOUND`) to follow a certain
[0.310s]   pattern.
[0.310s] Call Stack (most recent call first):
[0.310s]   /usr/lib/x86_64-linux-gnu/cmake/pcl/PCLConfig.cmake:619 (find_package_handle_standard_args)
[0.310s]   CMakeLists.txt:12 (find_package)
[0.310s] This warning is for project developers.  Use -Wno-dev to suppress it.
[0.310s] 
[0.310s] CMake Warning (dev) at /usr/share/cmake-3.22/Modules/FindPackageHandleStandardArgs.cmake:438 (message):
[0.310s]   The package name passed to `find_package_handle_standard_args`
[0.310s]   (PCL_OUTOFCORE) does not match the name of the calling package (PCL).  This
[0.310s]   can lead to problems in calling code that expects `find_package` result
[0.310s]   variables (e.g., `_FOUND`) to follow a certain pattern.
[0.310s] Call Stack (most recent call first):
[0.310s]   /usr/lib/x86_64-linux-gnu/cmake/pcl/PCLConfig.cmake:616 (find_package_handle_standard_args)
[0.310s]   CMakeLists.txt:12 (find_package)
[0.310s] This warning is for project developers.  Use -Wno-dev to suppress it.
[0.310s] 
[0.310s] -- looking for PCL_PEOPLE
[0.310s] CMake Warning (dev) at /usr/share/cmake-3.22/Modules/FindPackageHandleStandardArgs.cmake:438 (message):
[0.310s]   The package name passed to `find_package_handle_standard_args` (PCL_PEOPLE)
[0.310s]   does not match the name of the calling package (PCL).  This can lead to
[0.310s]   problems in calling code that expects `find_package` result variables
[0.310s]   (e.g., `_FOUND`) to follow a certain pattern.
[0.310s] Call Stack (most recent call first):
[0.310s]   /usr/lib/x86_64-linux-gnu/cmake/pcl/PCLConfig.cmake:616 (find_package_handle_standard_args)
[0.310s]   CMakeLists.txt:12 (find_package)
[0.310s] This warning is for project developers.  Use -Wno-dev to suppress it.
[0.310s] 
[0.310s] -- Found rclcpp: 16.0.8 (/opt/ros/humble/share/rclcpp/cmake)
[0.333s] -- Found rmw_implementation_cmake: 6.1.1 (/opt/ros/humble/share/rmw_implementation_cmake/cmake)
[0.334s] -- Found rmw_fastrtps_cpp: 6.2.6 (/opt/ros/humble/share/rmw_fastrtps_cpp/cmake)
[0.411s] -- Using RMW implementation 'rmw_fastrtps_cpp' as default
[0.478s] -- Found rclpy: 3.3.12 (/opt/ros/humble/share/rclpy/cmake)
[0.487s] CMake Error at CMakeLists.txt:18 (find_package):
[0.487s]   By not providing "Findmapping.cmake" in CMAKE_MODULE_PATH this project has
[0.487s]   asked CMake to find a package configuration file provided by "mapping", but
[0.487s]   CMake did not find one.
[0.487s] 
[0.487s]   Could not find a package configuration file provided by "mapping" with any
[0.487s]   of the following names:
[0.487s] 
[0.487s]     mappingConfig.cmake
[0.487s]     mapping-config.cmake
[0.487s] 
[0.488s]   Add the installation prefix of "mapping" to CMAKE_PREFIX_PATH or set
[0.488s]   "mapping_DIR" to a directory containing one of the above files.  If
[0.488s]   "mapping" provides a separate development package or SDK, be sure it has
[0.488s]   been installed.
[0.488s] 
[0.488s] 
[0.488s] -- Configuring incomplete, errors occurred!
[0.488s] See also "/home/ahmo030/ros2-migration/arena/arena-rosnav/utils/misc/path_search/build/path_search/CMakeFiles/CMakeOutput.log".
[0.492s] Invoked command in '/home/ahmo030/ros2-migration/arena/arena-rosnav/utils/misc/path_search/build/path_search' returned '1': CMAKE_PREFIX_PATH=/opt/ros/humble:${CMAKE_PREFIX_PATH} /usr/bin/cmake /home/ahmo030/ros2-migration/arena/arena-rosnav/utils/misc/path_search -DCMAKE_INSTALL_PREFIX=/home/ahmo030/ros2-migration/arena/arena-rosnav/utils/misc/path_search/install/path_search
