[0.005s] Invoking command in '/home/ahmo030/ros2-migration/arena/utils/3rd-party-robot-packages/tiago/pmb2_robot/build/pmb2_robot': CMAKE_PREFIX_PATH=/opt/ros/humble:${CMAKE_PREFIX_PATH} /usr/bin/cmake /home/ahmo030/ros2-migration/arena/utils/3rd-party-robot-packages/tiago/pmb2_robot -DCMAKE_INSTALL_PREFIX=/home/ahmo030/ros2-migration/arena/utils/3rd-party-robot-packages/tiago/pmb2_robot/install/pmb2_robot
[0.032s] -- The C compiler identification is GNU 11.4.0
[0.070s] -- The CXX compiler identification is GNU 11.4.0
[0.074s] -- Detecting C compiler ABI info
[0.135s] -- Detecting C compiler ABI info - done
[0.140s] -- Check for working C compiler: /usr/bin/cc - skipped
[0.140s] -- Detecting C compile features
[0.140s] -- Detecting C compile features - done
[0.142s] -- Detecting CXX compiler ABI info
[0.198s] -- Detecting CXX compiler ABI info - done
[0.202s] -- Check for working CXX compiler: /usr/bin/c++ - skipped
[0.202s] -- Detecting CXX compile features
[0.203s] -- Detecting CXX compile features - done
[0.204s] -- Found ament_cmake: 1.3.8 (/opt/ros/humble/share/ament_cmake/cmake)
[0.298s] -- Found Python3: /usr/bin/python3 (found version "3.10.12") found components: Interpreter 
[0.386s] -- Configuring done
[0.387s] -- Generating done
[0.388s] -- Build files have been written to: /home/ahmo030/ros2-migration/arena/utils/3rd-party-robot-packages/tiago/pmb2_robot/build/pmb2_robot
[0.390s] Invoked command in '/home/ahmo030/ros2-migration/arena/utils/3rd-party-robot-packages/tiago/pmb2_robot/build/pmb2_robot' returned '0': CMAKE_PREFIX_PATH=/opt/ros/humble:${CMAKE_PREFIX_PATH} /usr/bin/cmake /home/ahmo030/ros2-migration/arena/utils/3rd-party-robot-packages/tiago/pmb2_robot -DCMAKE_INSTALL_PREFIX=/home/ahmo030/ros2-migration/arena/utils/3rd-party-robot-packages/tiago/pmb2_robot/install/pmb2_robot
[0.391s] Invoking command in '/home/ahmo030/ros2-migration/arena/utils/3rd-party-robot-packages/tiago/pmb2_robot/build/pmb2_robot': CMAKE_PREFIX_PATH=/opt/ros/humble:${CMAKE_PREFIX_PATH} /usr/bin/cmake --build /home/ahmo030/ros2-migration/arena/utils/3rd-party-robot-packages/tiago/pmb2_robot/build/pmb2_robot -- -j16 -l16
[0.415s] Invoked command in '/home/ahmo030/ros2-migration/arena/utils/3rd-party-robot-packages/tiago/pmb2_robot/build/pmb2_robot' returned '0': CMAKE_PREFIX_PATH=/opt/ros/humble:${CMAKE_PREFIX_PATH} /usr/bin/cmake --build /home/ahmo030/ros2-migration/arena/utils/3rd-party-robot-packages/tiago/pmb2_robot/build/pmb2_robot -- -j16 -l16
[0.451s] Invoking command in '/home/ahmo030/ros2-migration/arena/utils/3rd-party-robot-packages/tiago/pmb2_robot/build/pmb2_robot': CMAKE_PREFIX_PATH=/opt/ros/humble:${CMAKE_PREFIX_PATH} /usr/bin/cmake --install /home/ahmo030/ros2-migration/arena/utils/3rd-party-robot-packages/tiago/pmb2_robot/build/pmb2_robot
[0.461s] -- Install configuration: ""
[0.462s] -- Installing: /home/ahmo030/ros2-migration/arena/utils/3rd-party-robot-packages/tiago/pmb2_robot/install/pmb2_robot/share/ament_index/resource_index/package_run_dependencies/pmb2_robot
[0.462s] -- Installing: /home/ahmo030/ros2-migration/arena/utils/3rd-party-robot-packages/tiago/pmb2_robot/install/pmb2_robot/share/ament_index/resource_index/parent_prefix_path/pmb2_robot
[0.463s] -- Installing: /home/ahmo030/ros2-migration/arena/utils/3rd-party-robot-packages/tiago/pmb2_robot/install/pmb2_robot/share/pmb2_robot/environment/ament_prefix_path.sh
[0.463s] -- Installing: /home/ahmo030/ros2-migration/arena/utils/3rd-party-robot-packages/tiago/pmb2_robot/install/pmb2_robot/share/pmb2_robot/environment/ament_prefix_path.dsv
[0.463s] -- Installing: /home/ahmo030/ros2-migration/arena/utils/3rd-party-robot-packages/tiago/pmb2_robot/install/pmb2_robot/share/pmb2_robot/environment/path.sh
[0.463s] -- Installing: /home/ahmo030/ros2-migration/arena/utils/3rd-party-robot-packages/tiago/pmb2_robot/install/pmb2_robot/share/pmb2_robot/environment/path.dsv
[0.464s] -- Installing: /home/ahmo030/ros2-migration/arena/utils/3rd-party-robot-packages/tiago/pmb2_robot/install/pmb2_robot/share/pmb2_robot/local_setup.bash
[0.464s] -- Installing: /home/ahmo030/ros2-migration/arena/utils/3rd-party-robot-packages/tiago/pmb2_robot/install/pmb2_robot/share/pmb2_robot/local_setup.sh
[0.464s] -- Installing: /home/ahmo030/ros2-migration/arena/utils/3rd-party-robot-packages/tiago/pmb2_robot/install/pmb2_robot/share/pmb2_robot/local_setup.zsh
[0.464s] -- Installing: /home/ahmo030/ros2-migration/arena/utils/3rd-party-robot-packages/tiago/pmb2_robot/install/pmb2_robot/share/pmb2_robot/local_setup.dsv
[0.464s] -- Installing: /home/ahmo030/ros2-migration/arena/utils/3rd-party-robot-packages/tiago/pmb2_robot/install/pmb2_robot/share/pmb2_robot/package.dsv
[0.464s] -- Installing: /home/ahmo030/ros2-migration/arena/utils/3rd-party-robot-packages/tiago/pmb2_robot/install/pmb2_robot/share/ament_index/resource_index/packages/pmb2_robot
[0.465s] -- Installing: /home/ahmo030/ros2-migration/arena/utils/3rd-party-robot-packages/tiago/pmb2_robot/install/pmb2_robot/share/pmb2_robot/cmake/pmb2_robotConfig.cmake
[0.465s] -- Installing: /home/ahmo030/ros2-migration/arena/utils/3rd-party-robot-packages/tiago/pmb2_robot/install/pmb2_robot/share/pmb2_robot/cmake/pmb2_robotConfig-version.cmake
[0.465s] -- Installing: /home/ahmo030/ros2-migration/arena/utils/3rd-party-robot-packages/tiago/pmb2_robot/install/pmb2_robot/share/pmb2_robot/package.xml
[0.466s] Invoked command in '/home/ahmo030/ros2-migration/arena/utils/3rd-party-robot-packages/tiago/pmb2_robot/build/pmb2_robot' returned '0': CMAKE_PREFIX_PATH=/opt/ros/humble:${CMAKE_PREFIX_PATH} /usr/bin/cmake --install /home/ahmo030/ros2-migration/arena/utils/3rd-party-robot-packages/tiago/pmb2_robot/build/pmb2_robot
