[0.052s] Invoking command in '/ros2-migration/build/cob_base_controller_utils': CMAKE_PREFIX_PATH=/opt/ros/humble /usr/bin/cmake /ros2-migration/arena/utils/3rd-party-robot-packages/cob4/cob_base_controller_utils -DCMAKE_INSTALL_PREFIX=/ros2-migration/install/cob_base_controller_utils
[0.211s] -- Found ament_cmake: 1.3.9 (/opt/ros/humble/share/ament_cmake/cmake)
[0.212s] [31mCMake Error at CMakeLists.txt:17 (add_dependencies):
[0.212s]   add_dependencies called with incorrect number of arguments
[0.212s] 
[0.212s] [0m
[0.216s] -- Found std_srvs: 4.2.3 (/opt/ros/humble/share/std_srvs/cmake)
[0.238s] -- Found rosidl_generator_c: 3.1.5 (/opt/ros/humble/share/rosidl_generator_c/cmake)
[0.240s] -- Found rosidl_adapter: 3.1.5 (/opt/ros/humble/share/rosidl_adapter/cmake)
[0.247s] -- Found rosidl_generator_cpp: 3.1.5 (/opt/ros/humble/share/rosidl_generator_cpp/cmake)
[0.259s] -- Using all available rosidl_typesupport_c: rosidl_typesupport_fastrtps_c;rosidl_typesupport_introspection_c
[0.277s] -- Using all available rosidl_typesupport_cpp: rosidl_typesupport_fastrtps_cpp;rosidl_typesupport_introspection_cpp
[0.302s] [31mCMake Error at CMakeLists.txt:23 (find_package):
[0.302s]   By not providing "Findthread.cmake" in CMAKE_MODULE_PATH this project has
[0.302s]   asked CMake to find a package configuration file provided by "thread", but
[0.302s]   CMake did not find one.
[0.302s] 
[0.302s]   Could not find a package configuration file provided by "thread" with any
[0.302s]   of the following names:
[0.302s] 
[0.302s]     threadConfig.cmake
[0.303s]     thread-config.cmake
[0.303s] 
[0.303s]   Add the installation prefix of "thread" to CMAKE_PREFIX_PATH or set
[0.303s]   "thread_DIR" to a directory containing one of the above files.  If "thread"
[0.303s]   provides a separate development package or SDK, be sure it has been
[0.303s]   installed.
[0.303s] 
[0.303s] [0m
[0.304s] -- Configuring incomplete, errors occurred!
[0.304s] See also "/ros2-migration/build/cob_base_controller_utils/CMakeFiles/CMakeOutput.log".
