[0.006s] Invoking command in '/home/ahmo030/ros2-migration/arena/utils/3rd-party-robot-packages/tiago/tiago_bringup/build/tiago_bringup': CMAKE_PREFIX_PATH=/opt/ros/humble:${CMAKE_PREFIX_PATH} /usr/bin/cmake --build /home/ahmo030/ros2-migration/arena/utils/3rd-party-robot-packages/tiago/tiago_bringup/build/tiago_bringup -- -j16 -l16
[0.026s] Invoked command in '/home/ahmo030/ros2-migration/arena/utils/3rd-party-robot-packages/tiago/tiago_bringup/build/tiago_bringup' returned '0': CMAKE_PREFIX_PATH=/opt/ros/humble:${CMAKE_PREFIX_PATH} /usr/bin/cmake --build /home/ahmo030/ros2-migration/arena/utils/3rd-party-robot-packages/tiago/tiago_bringup/build/tiago_bringup -- -j16 -l16
[0.042s] Invoking command in '/home/ahmo030/ros2-migration/arena/utils/3rd-party-robot-packages/tiago/tiago_bringup/build/tiago_bringup': CMAKE_PREFIX_PATH=/opt/ros/humble:${CMAKE_PREFIX_PATH} /usr/bin/cmake --install /home/ahmo030/ros2-migration/arena/utils/3rd-party-robot-packages/tiago/tiago_bringup/build/tiago_bringup
[0.045s] -- Install configuration: ""
[0.046s] -- Up-to-date: /home/ahmo030/ros2-migration/arena/utils/3rd-party-robot-packages/tiago/tiago_bringup/install/tiago_bringup/lib/tiago_bringup/regen_em_file.py
[0.046s] -- Up-to-date: /home/ahmo030/ros2-migration/arena/utils/3rd-party-robot-packages/tiago/tiago_bringup/install/tiago_bringup/share/tiago_bringup/config
[0.046s] -- Up-to-date: /home/ahmo030/ros2-migration/arena/utils/3rd-party-robot-packages/tiago/tiago_bringup/install/tiago_bringup/share/tiago_bringup/config/joy_teleop
[0.046s] -- Up-to-date: /home/ahmo030/ros2-migration/arena/utils/3rd-party-robot-packages/tiago/tiago_bringup/install/tiago_bringup/share/tiago_bringup/config/joy_teleop/joy_config.yaml
[0.046s] -- Up-to-date: /home/ahmo030/ros2-migration/arena/utils/3rd-party-robot-packages/tiago/tiago_bringup/install/tiago_bringup/share/tiago_bringup/config/joy_teleop/joy_teleop_pmb2.yaml
[0.046s] -- Up-to-date: /home/ahmo030/ros2-migration/arena/utils/3rd-party-robot-packages/tiago/tiago_bringup/install/tiago_bringup/share/tiago_bringup/config/joy_teleop/joy_teleop_omni_base.yaml
[0.046s] -- Up-to-date: /home/ahmo030/ros2-migration/arena/utils/3rd-party-robot-packages/tiago/tiago_bringup/install/tiago_bringup/share/tiago_bringup/config/motions
[0.046s] -- Up-to-date: /home/ahmo030/ros2-migration/arena/utils/3rd-party-robot-packages/tiago/tiago_bringup/install/tiago_bringup/share/tiago_bringup/config/motions/tiago_motions_robotiq-2f-85_schunk-ft.yaml
[0.046s] -- Up-to-date: /home/ahmo030/ros2-migration/arena/utils/3rd-party-robot-packages/tiago/tiago_bringup/install/tiago_bringup/share/tiago_bringup/config/motions/tiago_motions_robotiq-2f-85.yaml
[0.046s] -- Up-to-date: /home/ahmo030/ros2-migration/arena/utils/3rd-party-robot-packages/tiago/tiago_bringup/install/tiago_bringup/share/tiago_bringup/config/motions/tiago_motions_pal-hey5.yaml
[0.046s] -- Up-to-date: /home/ahmo030/ros2-migration/arena/utils/3rd-party-robot-packages/tiago/tiago_bringup/install/tiago_bringup/share/tiago_bringup/config/motions/tiago_motions.yaml.em
[0.046s] -- Up-to-date: /home/ahmo030/ros2-migration/arena/utils/3rd-party-robot-packages/tiago/tiago_bringup/install/tiago_bringup/share/tiago_bringup/config/motions/tiago_motions_pal-gripper_schunk-ft.yaml
[0.046s] -- Up-to-date: /home/ahmo030/ros2-migration/arena/utils/3rd-party-robot-packages/tiago/tiago_bringup/install/tiago_bringup/share/tiago_bringup/config/motions/tiago_motions_pal-hey5_schunk-ft.yaml
[0.046s] -- Up-to-date: /home/ahmo030/ros2-migration/arena/utils/3rd-party-robot-packages/tiago/tiago_bringup/install/tiago_bringup/share/tiago_bringup/config/motions/tiago_motions_pal-gripper.yaml
[0.046s] -- Up-to-date: /home/ahmo030/ros2-migration/arena/utils/3rd-party-robot-packages/tiago/tiago_bringup/install/tiago_bringup/share/tiago_bringup/config/motions/tiago_motions_no-ee_schunk-ft.yaml
[0.046s] -- Up-to-date: /home/ahmo030/ros2-migration/arena/utils/3rd-party-robot-packages/tiago/tiago_bringup/install/tiago_bringup/share/tiago_bringup/config/motions/tiago_motions_no-ee.yaml
[0.046s] -- Up-to-date: /home/ahmo030/ros2-migration/arena/utils/3rd-party-robot-packages/tiago/tiago_bringup/install/tiago_bringup/share/tiago_bringup/config/motions/tiago_motions_no-arm.yaml
[0.046s] -- Up-to-date: /home/ahmo030/ros2-migration/arena/utils/3rd-party-robot-packages/tiago/tiago_bringup/install/tiago_bringup/share/tiago_bringup/config/motions/tiago_motions_robotiq-2f-140_schunk-ft.yaml
[0.046s] -- Up-to-date: /home/ahmo030/ros2-migration/arena/utils/3rd-party-robot-packages/tiago/tiago_bringup/install/tiago_bringup/share/tiago_bringup/config/motions/tiago_motions_robotiq-2f-140.yaml
[0.046s] -- Up-to-date: /home/ahmo030/ros2-migration/arena/utils/3rd-party-robot-packages/tiago/tiago_bringup/install/tiago_bringup/share/tiago_bringup/config/twist_mux
[0.046s] -- Up-to-date: /home/ahmo030/ros2-migration/arena/utils/3rd-party-robot-packages/tiago/tiago_bringup/install/tiago_bringup/share/tiago_bringup/config/twist_mux/twist_mux_locks.yaml
[0.046s] -- Up-to-date: /home/ahmo030/ros2-migration/arena/utils/3rd-party-robot-packages/tiago/tiago_bringup/install/tiago_bringup/share/tiago_bringup/config/twist_mux/twist_mux_topics.yaml
[0.046s] -- Up-to-date: /home/ahmo030/ros2-migration/arena/utils/3rd-party-robot-packages/tiago/tiago_bringup/install/tiago_bringup/share/tiago_bringup/config/twist_mux/joystick_omni_base.yaml
[0.046s] -- Up-to-date: /home/ahmo030/ros2-migration/arena/utils/3rd-party-robot-packages/tiago/tiago_bringup/install/tiago_bringup/share/tiago_bringup/config/twist_mux/joystick_pmb2.yaml
[0.046s] -- Up-to-date: /home/ahmo030/ros2-migration/arena/utils/3rd-party-robot-packages/tiago/tiago_bringup/install/tiago_bringup/share/tiago_bringup/config/motion_planner
[0.047s] -- Up-to-date: /home/ahmo030/ros2-migration/arena/utils/3rd-party-robot-packages/tiago/tiago_bringup/install/tiago_bringup/share/tiago_bringup/config/motion_planner/motion_planner_pal-gripper.yaml
[0.047s] -- Up-to-date: /home/ahmo030/ros2-migration/arena/utils/3rd-party-robot-packages/tiago/tiago_bringup/install/tiago_bringup/share/tiago_bringup/config/motion_planner/motion_planner_no-ee_schunk-ft.yaml
[0.047s] -- Up-to-date: /home/ahmo030/ros2-migration/arena/utils/3rd-party-robot-packages/tiago/tiago_bringup/install/tiago_bringup/share/tiago_bringup/config/motion_planner/motion_planner_robotiq-2f-85_schunk-ft.yaml
[0.047s] -- Up-to-date: /home/ahmo030/ros2-migration/arena/utils/3rd-party-robot-packages/tiago/tiago_bringup/install/tiago_bringup/share/tiago_bringup/config/motion_planner/motion_planner_pal-hey5.yaml
[0.047s] -- Up-to-date: /home/ahmo030/ros2-migration/arena/utils/3rd-party-robot-packages/tiago/tiago_bringup/install/tiago_bringup/share/tiago_bringup/config/motion_planner/motion_planner_pal-gripper_schunk-ft.yaml
[0.047s] -- Up-to-date: /home/ahmo030/ros2-migration/arena/utils/3rd-party-robot-packages/tiago/tiago_bringup/install/tiago_bringup/share/tiago_bringup/config/motion_planner/motion_planner.yaml.em
[0.047s] -- Up-to-date: /home/ahmo030/ros2-migration/arena/utils/3rd-party-robot-packages/tiago/tiago_bringup/install/tiago_bringup/share/tiago_bringup/config/motion_planner/motion_planner_robotiq-2f-140.yaml
[0.047s] -- Up-to-date: /home/ahmo030/ros2-migration/arena/utils/3rd-party-robot-packages/tiago/tiago_bringup/install/tiago_bringup/share/tiago_bringup/config/motion_planner/motion_planner_robotiq-2f-85.yaml
[0.047s] -- Up-to-date: /home/ahmo030/ros2-migration/arena/utils/3rd-party-robot-packages/tiago/tiago_bringup/install/tiago_bringup/share/tiago_bringup/config/motion_planner/motion_planner_pal-hey5_schunk-ft.yaml
[0.047s] -- Up-to-date: /home/ahmo030/ros2-migration/arena/utils/3rd-party-robot-packages/tiago/tiago_bringup/install/tiago_bringup/share/tiago_bringup/config/motion_planner/motion_planner_no-ee.yaml
[0.047s] -- Up-to-date: /home/ahmo030/ros2-migration/arena/utils/3rd-party-robot-packages/tiago/tiago_bringup/install/tiago_bringup/share/tiago_bringup/config/motion_planner/motion_planner_robotiq-2f-140_schunk-ft.yaml
[0.047s] -- Up-to-date: /home/ahmo030/ros2-migration/arena/utils/3rd-party-robot-packages/tiago/tiago_bringup/install/tiago_bringup/share/tiago_bringup/config/motion_planner/motion_planner_no-arm.yaml
[0.047s] -- Up-to-date: /home/ahmo030/ros2-migration/arena/utils/3rd-party-robot-packages/tiago/tiago_bringup/install/tiago_bringup/share/tiago_bringup/launch
[0.047s] -- Up-to-date: /home/ahmo030/ros2-migration/arena/utils/3rd-party-robot-packages/tiago/tiago_bringup/install/tiago_bringup/share/tiago_bringup/launch/tiago_bringup.launch.py
[0.047s] -- Up-to-date: /home/ahmo030/ros2-migration/arena/utils/3rd-party-robot-packages/tiago/tiago_bringup/install/tiago_bringup/share/tiago_bringup/launch/tiago_play_motion2.launch.py
[0.047s] -- Up-to-date: /home/ahmo030/ros2-migration/arena/utils/3rd-party-robot-packages/tiago/tiago_bringup/install/tiago_bringup/share/tiago_bringup/launch/joystick_teleop.launch.py
[0.047s] -- Up-to-date: /home/ahmo030/ros2-migration/arena/utils/3rd-party-robot-packages/tiago/tiago_bringup/install/tiago_bringup/share/tiago_bringup/launch/twist_mux.launch.py
[0.047s] -- Up-to-date: /home/ahmo030/ros2-migration/arena/utils/3rd-party-robot-packages/tiago/tiago_bringup/install/tiago_bringup/share/ament_index/resource_index/package_run_dependencies/tiago_bringup
[0.047s] -- Up-to-date: /home/ahmo030/ros2-migration/arena/utils/3rd-party-robot-packages/tiago/tiago_bringup/install/tiago_bringup/share/ament_index/resource_index/parent_prefix_path/tiago_bringup
[0.047s] -- Up-to-date: /home/ahmo030/ros2-migration/arena/utils/3rd-party-robot-packages/tiago/tiago_bringup/install/tiago_bringup/share/tiago_bringup/environment/ament_prefix_path.sh
[0.047s] -- Up-to-date: /home/ahmo030/ros2-migration/arena/utils/3rd-party-robot-packages/tiago/tiago_bringup/install/tiago_bringup/share/tiago_bringup/environment/ament_prefix_path.dsv
[0.048s] -- Up-to-date: /home/ahmo030/ros2-migration/arena/utils/3rd-party-robot-packages/tiago/tiago_bringup/install/tiago_bringup/share/tiago_bringup/environment/path.sh
[0.048s] -- Up-to-date: /home/ahmo030/ros2-migration/arena/utils/3rd-party-robot-packages/tiago/tiago_bringup/install/tiago_bringup/share/tiago_bringup/environment/path.dsv
[0.048s] -- Up-to-date: /home/ahmo030/ros2-migration/arena/utils/3rd-party-robot-packages/tiago/tiago_bringup/install/tiago_bringup/share/tiago_bringup/local_setup.bash
[0.048s] -- Up-to-date: /home/ahmo030/ros2-migration/arena/utils/3rd-party-robot-packages/tiago/tiago_bringup/install/tiago_bringup/share/tiago_bringup/local_setup.sh
[0.048s] -- Up-to-date: /home/ahmo030/ros2-migration/arena/utils/3rd-party-robot-packages/tiago/tiago_bringup/install/tiago_bringup/share/tiago_bringup/local_setup.zsh
[0.048s] -- Up-to-date: /home/ahmo030/ros2-migration/arena/utils/3rd-party-robot-packages/tiago/tiago_bringup/install/tiago_bringup/share/tiago_bringup/local_setup.dsv
[0.048s] -- Installing: /home/ahmo030/ros2-migration/arena/utils/3rd-party-robot-packages/tiago/tiago_bringup/install/tiago_bringup/share/tiago_bringup/package.dsv
[0.048s] -- Up-to-date: /home/ahmo030/ros2-migration/arena/utils/3rd-party-robot-packages/tiago/tiago_bringup/install/tiago_bringup/share/ament_index/resource_index/packages/tiago_bringup
[0.048s] -- Up-to-date: /home/ahmo030/ros2-migration/arena/utils/3rd-party-robot-packages/tiago/tiago_bringup/install/tiago_bringup/share/tiago_bringup/cmake/tiago_bringupConfig.cmake
[0.048s] -- Up-to-date: /home/ahmo030/ros2-migration/arena/utils/3rd-party-robot-packages/tiago/tiago_bringup/install/tiago_bringup/share/tiago_bringup/cmake/tiago_bringupConfig-version.cmake
[0.048s] -- Up-to-date: /home/ahmo030/ros2-migration/arena/utils/3rd-party-robot-packages/tiago/tiago_bringup/install/tiago_bringup/share/tiago_bringup/package.xml
[0.048s] Invoked command in '/home/ahmo030/ros2-migration/arena/utils/3rd-party-robot-packages/tiago/tiago_bringup/build/tiago_bringup' returned '0': CMAKE_PREFIX_PATH=/opt/ros/humble:${CMAKE_PREFIX_PATH} /usr/bin/cmake --install /home/ahmo030/ros2-migration/arena/utils/3rd-party-robot-packages/tiago/tiago_bringup/build/tiago_bringup
