[0.032s] Invoking command in '/ros2-migration/build/pmb2_description': CMAKE_PREFIX_PATH=/opt/ros/humble /usr/bin/cmake /ros2-migration/arena/utils/3rd-party-robot-packages/tiago/pmb2_description -DCMAKE_INSTALL_PREFIX=/ros2-migration/install/pmb2_description
[0.056s] -- Found ament_cmake: 1.3.9 (/opt/ros/humble/share/ament_cmake/cmake)
[0.225s] [31mCMake Error at CMakeLists.txt:12 (find_package):
[0.225s]   By not providing "Findcatkin.cmake" in CMAKE_MODULE_PATH this project has
[0.225s]   asked CMake to find a package configuration file provided by "catkin", but
[0.225s]   CMake did not find one.
[0.226s] 
[0.226s]   Could not find a package configuration file provided by "catkin" with any
[0.226s]   of the following names:
[0.226s] 
[0.226s]     catkinConfig.cmake
[0.226s]     catkin-config.cmake
[0.226s] 
[0.226s]   Add the installation prefix of "catkin" to CMAKE_PREFIX_PATH or set
[0.226s]   "catkin_DIR" to a directory containing one of the above files.  If "catkin"
[0.226s]   provides a separate development package or SDK, be sure it has been
[0.226s]   installed.
[0.226s] 
[0.226s] [0m
[0.226s] -- Configuring incomplete, errors occurred!
[0.226s] See also "/ros2-migration/build/pmb2_description/CMakeFiles/CMakeOutput.log".
