[0.005s] Invoking command in '/home/ahmo030/ros2-migration/arena/arena-rosnav/utils/misc/path_search/build/path_search': CMAKE_PREFIX_PATH=/opt/ros/humble:${CMAKE_PREFIX_PATH} /usr/bin/cmake /home/ahmo030/ros2-migration/arena/arena-rosnav/utils/misc/path_search -DCMAKE_INSTALL_PREFIX=/home/ahmo030/ros2-migration/arena/arena-rosnav/utils/misc/path_search/install/path_search
[0.012s] -- Found ament_cmake: 1.3.8 (/opt/ros/humble/share/ament_cmake/cmake)
[0.087s] -- Found nav_msgs: 4.2.3 (/opt/ros/humble/share/nav_msgs/cmake)
[0.103s] -- Found rosidl_generator_c: 3.1.5 (/opt/ros/humble/share/rosidl_generator_c/cmake)
[0.105s] -- Found rosidl_adapter: 3.1.5 (/opt/ros/humble/share/rosidl_adapter/cmake)
[0.108s] -- Found rosidl_generator_cpp: 3.1.5 (/opt/ros/humble/share/rosidl_generator_cpp/cmake)
[0.113s] -- Using all available rosidl_typesupport_c: rosidl_typesupport_fastrtps_c;rosidl_typesupport_introspection_c
[0.122s] -- Using all available rosidl_typesupport_cpp: rosidl_typesupport_fastrtps_cpp;rosidl_typesupport_introspection_cpp
[0.237s] -- Eigen found (include: /usr/include/eigen3, version: 3.4.0)
[0.271s] -- The imported target "vtkParseOGLExt" references the file
[0.271s]    "/usr/bin/vtkParseOGLExt-7.1"
[0.271s] but this file does not exist.  Possible reasons include:
[0.271s] * The file was deleted, renamed, or moved to another location.
[0.271s] * An install or uninstall procedure did not complete successfully.
[0.271s] * The installation package was faulty and contained
[0.271s]    "/usr/lib/cmake/vtk-7.1/VTKTargets.cmake"
[0.271s] but not all the files it references.
[0.271s] 
[0.271s] -- The imported target "vtkRenderingPythonTkWidgets" references the file
[0.271s]    "/usr/lib/x86_64-linux-gnu/libvtkRenderingPythonTkWidgets.so"
[0.272s] but this file does not exist.  Possible reasons include:
[0.272s] * The file was deleted, renamed, or moved to another location.
[0.272s] * An install or uninstall procedure did not complete successfully.
[0.272s] * The installation package was faulty and contained
[0.272s]    "/usr/lib/cmake/vtk-7.1/VTKTargets.cmake"
[0.272s] but not all the files it references.
[0.272s] 
[0.272s] -- The imported target "vtk" references the file
[0.272s]    "/usr/bin/vtk"
[0.272s] but this file does not exist.  Possible reasons include:
[0.272s] * The file was deleted, renamed, or moved to another location.
[0.272s] * An install or uninstall procedure did not complete successfully.
[0.272s] * The installation package was faulty and contained
[0.272s]    "/usr/lib/cmake/vtk-7.1/VTKTargets.cmake"
[0.272s] but not all the files it references.
[0.272s] 
[0.272s] -- The imported target "pvtk" references the file
[0.272s]    "/usr/bin/pvtk"
[0.272s] but this file does not exist.  Possible reasons include:
[0.272s] * The file was deleted, renamed, or moved to another location.
[0.272s] * An install or uninstall procedure did not complete successfully.
[0.272s] * The installation package was faulty and contained
[0.272s]    "/usr/lib/cmake/vtk-7.1/VTKTargets.cmake"
[0.272s] but not all the files it references.
[0.272s] 
[0.279s] CMake Warning (dev) at /usr/share/cmake-3.22/Modules/FindPackageHandleStandardArgs.cmake:438 (message):
[0.279s]   The package name passed to `find_package_handle_standard_args` (USB_10)
[0.279s]   does not match the name of the calling package (OpenNI).  This can lead to
[0.279s]   problems in calling code that expects `find_package` result variables
[0.279s]   (e.g., `_FOUND`) to follow a certain pattern.
[0.279s] Call Stack (most recent call first):
[0.279s]   /usr/lib/x86_64-linux-gnu/cmake/pcl/Modules/FindOpenNI.cmake:28 (find_package_handle_standard_args)
[0.279s]   /usr/lib/x86_64-linux-gnu/cmake/pcl/PCLConfig.cmake:179 (find_package)
[0.279s]   /usr/lib/x86_64-linux-gnu/cmake/pcl/PCLConfig.cmake:322 (find_openni)
[0.279s]   /usr/lib/x86_64-linux-gnu/cmake/pcl/PCLConfig.cmake:548 (find_external_library)
[0.279s]   CMakeLists.txt:12 (find_package)
[0.279s] This warning is for project developers.  Use -Wno-dev to suppress it.
[0.279s] 
[0.280s] -- OpenNI found (include: /usr/include/ni, lib: /usr/lib/libOpenNI.so)
[0.282s] CMake Warning (dev) at /usr/share/cmake-3.22/Modules/FindPackageHandleStandardArgs.cmake:438 (message):
[0.282s]   The package name passed to `find_package_handle_standard_args` (USB_10)
[0.282s]   does not match the name of the calling package (OpenNI2).  This can lead to
[0.282s]   problems in calling code that expects `find_package` result variables
[0.282s]   (e.g., `_FOUND`) to follow a certain pattern.
[0.283s] Call Stack (most recent call first):
[0.283s]   /usr/lib/x86_64-linux-gnu/cmake/pcl/Modules/FindOpenNI2.cmake:28 (find_package_handle_standard_args)
[0.283s]   /usr/lib/x86_64-linux-gnu/cmake/pcl/PCLConfig.cmake:193 (find_package)
[0.283s]   /usr/lib/x86_64-linux-gnu/cmake/pcl/PCLConfig.cmake:324 (find_openni2)
[0.283s]   /usr/lib/x86_64-linux-gnu/cmake/pcl/PCLConfig.cmake:548 (find_external_library)
[0.283s]   CMakeLists.txt:12 (find_package)
[0.283s] This warning is for project developers.  Use -Wno-dev to suppress it.
[0.283s] 
[0.283s] -- OpenNI2 found (include: /usr/include/openni2, lib: /usr/lib/x86_64-linux-gnu/libOpenNI2.so)
[0.283s] ** WARNING ** io features related to pcap will be disabled
[0.283s] ** WARNING ** io features related to png will be disabled
[0.288s] CMake Warning (dev) at /usr/share/cmake-3.22/Modules/FindPackageHandleStandardArgs.cmake:438 (message):
[0.288s]   The package name passed to `find_package_handle_standard_args` (libusb-1.0)
[0.288s]   does not match the name of the calling package (PCL).  This can lead to
[0.288s]   problems in calling code that expects `find_package` result variables
[0.288s]   (e.g., `_FOUND`) to follow a certain pattern.
[0.288s] Call Stack (most recent call first):
[0.288s]   /usr/lib/x86_64-linux-gnu/cmake/pcl/PCLConfig.cmake:291 (find_package_handle_standard_args)
[0.288s]   /usr/lib/x86_64-linux-gnu/cmake/pcl/PCLConfig.cmake:338 (find_libusb)
[0.288s]   /usr/lib/x86_64-linux-gnu/cmake/pcl/PCLConfig.cmake:548 (find_external_library)
[0.288s]   CMakeLists.txt:12 (find_package)
[0.288s] This warning is for project developers.  Use -Wno-dev to suppress it.
[0.288s] 
[0.288s] ** WARNING ** io features related to libusb-1.0 will be disabled
[0.290s] CMake Warning (dev) at /usr/share/cmake-3.22/Modules/FindPackageHandleStandardArgs.cmake:438 (message):
[0.290s]   The package name passed to `find_package_handle_standard_args` (USB_10)
[0.290s]   does not match the name of the calling package (OpenNI).  This can lead to
[0.290s]   problems in calling code that expects `find_package` result variables
[0.290s]   (e.g., `_FOUND`) to follow a certain pattern.
[0.291s] Call Stack (most recent call first):
[0.291s]   /usr/lib/x86_64-linux-gnu/cmake/pcl/Modules/FindOpenNI.cmake:28 (find_package_handle_standard_args)
[0.291s]   /usr/lib/x86_64-linux-gnu/cmake/pcl/PCLConfig.cmake:179 (find_package)
[0.291s]   /usr/lib/x86_64-linux-gnu/cmake/pcl/PCLConfig.cmake:322 (find_openni)
[0.291s]   /usr/lib/x86_64-linux-gnu/cmake/pcl/PCLConfig.cmake:548 (find_external_library)
[0.291s]   CMakeLists.txt:12 (find_package)
[0.291s] This warning is for project developers.  Use -Wno-dev to suppress it.
[0.291s] 
[0.291s] -- OpenNI found (include: /usr/include/ni, lib: /usr/lib/libOpenNI.so)
[0.294s] CMake Warning (dev) at /usr/share/cmake-3.22/Modules/FindPackageHandleStandardArgs.cmake:438 (message):
[0.294s]   The package name passed to `find_package_handle_standard_args` (USB_10)
[0.294s]   does not match the name of the calling package (OpenNI2).  This can lead to
[0.294s]   problems in calling code that expects `find_package` result variables
[0.294s]   (e.g., `_FOUND`) to follow a certain pattern.
[0.294s] Call Stack (most recent call first):
[0.294s]   /usr/lib/x86_64-linux-gnu/cmake/pcl/Modules/FindOpenNI2.cmake:28 (find_package_handle_standard_args)
[0.294s]   /usr/lib/x86_64-linux-gnu/cmake/pcl/PCLConfig.cmake:193 (find_package)
[0.294s]   /usr/lib/x86_64-linux-gnu/cmake/pcl/PCLConfig.cmake:324 (find_openni2)
[0.294s]   /usr/lib/x86_64-linux-gnu/cmake/pcl/PCLConfig.cmake:548 (find_external_library)
[0.294s]   CMakeLists.txt:12 (find_package)
[0.294s] This warning is for project developers.  Use -Wno-dev to suppress it.
[0.294s] 
[0.294s] -- OpenNI2 found (include: /usr/include/openni2, lib: /usr/lib/x86_64-linux-gnu/libOpenNI2.so)
[0.300s] -- QHULL found (include: /usr/include, lib: optimized;/usr/lib/x86_64-linux-gnu/libqhull.so;debug;/usr/lib/x86_64-linux-gnu/libqhull.so)
[0.303s] CMake Warning (dev) at /usr/share/cmake-3.22/Modules/FindPackageHandleStandardArgs.cmake:438 (message):
[0.303s]   The package name passed to `find_package_handle_standard_args` (USB_10)
[0.303s]   does not match the name of the calling package (OpenNI).  This can lead to
[0.303s]   problems in calling code that expects `find_package` result variables
[0.303s]   (e.g., `_FOUND`) to follow a certain pattern.
[0.303s] Call Stack (most recent call first):
[0.303s]   /usr/lib/x86_64-linux-gnu/cmake/pcl/Modules/FindOpenNI.cmake:28 (find_package_handle_standard_args)
[0.303s]   /usr/lib/x86_64-linux-gnu/cmake/pcl/PCLConfig.cmake:179 (find_package)
[0.303s]   /usr/lib/x86_64-linux-gnu/cmake/pcl/PCLConfig.cmake:322 (find_openni)
[0.303s]   /usr/lib/x86_64-linux-gnu/cmake/pcl/PCLConfig.cmake:548 (find_external_library)
[0.303s]   CMakeLists.txt:12 (find_package)
[0.303s] This warning is for project developers.  Use -Wno-dev to suppress it.
[0.303s] 
[0.304s] -- OpenNI found (include: /usr/include/ni, lib: /usr/lib/libOpenNI.so)
[0.308s] -- looking for PCL_COMMON
[0.308s] CMake Warning (dev) at /usr/share/cmake-3.22/Modules/FindPackageHandleStandardArgs.cmake:438 (message):
[0.309s]   The package name passed to `find_package_handle_standard_args` (PCL_COMMON)
[0.309s]   does not match the name of the calling package (PCL).  This can lead to
[0.309s]   problems in calling code that expects `find_package` result variables
[0.309s]   (e.g., `_FOUND`) to follow a certain pattern.
[0.309s] Call Stack (most recent call first):
[0.309s]   /usr/lib/x86_64-linux-gnu/cmake/pcl/PCLConfig.cmake:616 (find_package_handle_standard_args)
[0.309s]   CMakeLists.txt:12 (find_package)
[0.309s] This warning is for project developers.  Use -Wno-dev to suppress it.
[0.309s] 
[0.309s] -- looking for PCL_KDTREE
[0.309s] CMake Warning (dev) at /usr/share/cmake-3.22/Modules/FindPackageHandleStandardArgs.cmake:438 (message):
[0.309s]   The package name passed to `find_package_handle_standard_args` (PCL_KDTREE)
[0.309s]   does not match the name of the calling package (PCL).  This can lead to
[0.309s]   problems in calling code that expects `find_package` result variables
[0.309s]   (e.g., `_FOUND`) to follow a certain pattern.
[0.309s] Call Stack (most recent call first):
[0.309s]   /usr/lib/x86_64-linux-gnu/cmake/pcl/PCLConfig.cmake:616 (find_package_handle_standard_args)
[0.309s]   CMakeLists.txt:12 (find_package)
[0.309s] This warning is for project developers.  Use -Wno-dev to suppress it.
[0.309s] 
[0.309s] -- looking for PCL_OCTREE
[0.309s] CMake Warning (dev) at /usr/share/cmake-3.22/Modules/FindPackageHandleStandardArgs.cmake:438 (message):
[0.309s]   The package name passed to `find_package_handle_standard_args` (PCL_OCTREE)
[0.309s]   does not match the name of the calling package (PCL).  This can lead to
[0.309s]   problems in calling code that expects `find_package` result variables
[0.309s]   (e.g., `_FOUND`) to follow a certain pattern.
[0.309s] Call Stack (most recent call first):
[0.310s]   /usr/lib/x86_64-linux-gnu/cmake/pcl/PCLConfig.cmake:616 (find_package_handle_standard_args)
[0.310s]   CMakeLists.txt:12 (find_package)
[0.310s] This warning is for project developers.  Use -Wno-dev to suppress it.
[0.310s] 
[0.310s] -- looking for PCL_SEARCH
[0.310s] -- looking for PCL_SAMPLE_CONSENSUS
[0.310s] -- looking for PCL_FILTERS
[0.310s] -- looking for PCL_2D
[0.310s] -- looking for PCL_GEOMETRY
[0.310s] CMake Warning (dev) at /usr/share/cmake-3.22/Modules/FindPackageHandleStandardArgs.cmake:438 (message):
[0.310s]   The package name passed to `find_package_handle_standard_args` (PCL_SEARCH)
[0.310s]   does not match the name of the calling package (PCL).  This can lead to
[0.310s]   problems in calling code that expects `find_package` result variables
[0.310s]   (e.g., `_FOUND`) to follow a certain pattern.
[0.310s] Call Stack (most recent call first):
[0.310s]   /usr/lib/x86_64-linux-gnu/cmake/pcl/PCLConfig.cmake:616 (find_package_handle_standard_args)
[0.310s]   CMakeLists.txt:12 (find_package)
[0.310s] This warning is for project developers.  Use -Wno-dev to suppress it.
[0.310s] 
[0.310s] CMake Warning (dev) at /usr/share/cmake-3.22/Modules/FindPackageHandleStandardArgs.cmake:438 (message):
[0.310s]   The package name passed to `find_package_handle_standard_args`
[0.310s]   (PCL_SAMPLE_CONSENSUS) does not match the name of the calling package
[0.310s]   (PCL).  This can lead to problems in calling code that expects
[0.310s]   `find_package` result variables (e.g., `_FOUND`) to follow a certain
[0.310s]   pattern.
[0.311s] Call Stack (most recent call first):
[0.311s]   /usr/lib/x86_64-linux-gnu/cmake/pcl/PCLConfig.cmake:616 (find_package_handle_standard_args)
[0.311s]   CMakeLists.txt:12 (find_package)
[0.311s] This warning is for project developers.  Use -Wno-dev to suppress it.
[0.311s] 
[0.311s] CMake Warning (dev) at /usr/share/cmake-3.22/Modules/FindPackageHandleStandardArgs.cmake:438 (message):
[0.311s]   The package name passed to `find_package_handle_standard_args`
[0.311s]   (PCL_FILTERS) does not match the name of the calling package (PCL).  This
[0.311s]   can lead to problems in calling code that expects `find_package` result
[0.311s]   variables (e.g., `_FOUND`) to follow a certain pattern.
[0.311s] Call Stack (most recent call first):
[0.311s]   /usr/lib/x86_64-linux-gnu/cmake/pcl/PCLConfig.cmake:616 (find_package_handle_standard_args)
[0.311s]   CMakeLists.txt:12 (find_package)
[0.311s] This warning is for project developers.  Use -Wno-dev to suppress it.
[0.311s] 
[0.311s] CMake Warning (dev) at /usr/share/cmake-3.22/Modules/FindPackageHandleStandardArgs.cmake:438 (message):
[0.311s]   The package name passed to `find_package_handle_standard_args` (PCL_2D)
[0.311s]   does not match the name of the calling package (PCL).  This can lead to
[0.311s]   problems in calling code that expects `find_package` result variables
[0.311s]   (e.g., `_FOUND`) to follow a certain pattern.
[0.311s] Call Stack (most recent call first):
[0.311s]   /usr/lib/x86_64-linux-gnu/cmake/pcl/PCLConfig.cmake:619 (find_package_handle_standard_args)
[0.311s]   CMakeLists.txt:12 (find_package)
[0.311s] This warning is for project developers.  Use -Wno-dev to suppress it.
[0.311s] 
[0.311s] CMake Warning (dev) at /usr/share/cmake-3.22/Modules/FindPackageHandleStandardArgs.cmake:438 (message):
[0.311s]   The package name passed to `find_package_handle_standard_args`
[0.312s]   (PCL_GEOMETRY) does not match the name of the calling package (PCL).  This
[0.312s]   can lead to problems in calling code that expects `find_package` result
[0.312s]   variables (e.g., `_FOUND`) to follow a certain pattern.
[0.312s] Call Stack (most recent call first):
[0.312s]   /usr/lib/x86_64-linux-gnu/cmake/pcl/PCLConfig.cmake:619 (find_package_handle_standard_args)
[0.312s]   CMakeLists.txt:12 (find_package)
[0.312s] This warning is for project developers.  Use -Wno-dev to suppress it.
[0.312s] 
[0.312s] -- looking for PCL_IO
[0.312s] CMake Warning (dev) at /usr/share/cmake-3.22/Modules/FindPackageHandleStandardArgs.cmake:438 (message):
[0.312s]   The package name passed to `find_package_handle_standard_args` (PCL_IO)
[0.312s]   does not match the name of the calling package (PCL).  This can lead to
[0.312s]   problems in calling code that expects `find_package` result variables
[0.312s]   (e.g., `_FOUND`) to follow a certain pattern.
[0.312s] Call Stack (most recent call first):
[0.312s]   /usr/lib/x86_64-linux-gnu/cmake/pcl/PCLConfig.cmake:616 (find_package_handle_standard_args)
[0.312s]   CMakeLists.txt:12 (find_package)
[0.312s] This warning is for project developers.  Use -Wno-dev to suppress it.
[0.312s] 
[0.312s] CMake Warning (dev) at /usr/share/cmake-3.22/Modules/FindPackageHandleStandardArgs.cmake:438 (message):
[0.312s]   The package name passed to `find_package_handle_standard_args`
[0.312s]   (PCL_FEATURES) does not match the name of the calling package (PCL).  This
[0.312s]   can lead to problems in calling code that expects `find_package` result
[0.312s]   variables (e.g., `_FOUND`) to follow a certain pattern.
[0.312s] Call Stack (most recent call first):
[0.312s]   /usr/lib/x86_64-linux-gnu/cmake/pcl/PCLConfig.cmake:616 (find_package_handle_standard_args)
[0.312s]   CMakeLists.txt:12 (find_package)
[0.312s] This warning is for project developers.  Use -Wno-dev to suppress it.
[0.312s] 
[0.313s] -- looking for PCL_FEATURES
[0.313s] -- looking for PCL_ML
[0.313s] CMake Warning (dev) at /usr/share/cmake-3.22/Modules/FindPackageHandleStandardArgs.cmake:438 (message):
[0.313s]   The package name passed to `find_package_handle_standard_args` (PCL_ML)
[0.313s]   does not match the name of the calling package (PCL).  This can lead to
[0.313s]   problems in calling code that expects `find_package` result variables
[0.313s]   (e.g., `_FOUND`) to follow a certain pattern.
[0.313s] Call Stack (most recent call first):
[0.313s]   /usr/lib/x86_64-linux-gnu/cmake/pcl/PCLConfig.cmake:616 (find_package_handle_standard_args)
[0.313s]   CMakeLists.txt:12 (find_package)
[0.313s] This warning is for project developers.  Use -Wno-dev to suppress it.
[0.313s] 
[0.313s] -- looking for PCL_SEGMENTATION
[0.313s] -- looking for PCL_VISUALIZATION
[0.313s] CMake Warning (dev) at /usr/share/cmake-3.22/Modules/FindPackageHandleStandardArgs.cmake:438 (message):
[0.313s]   The package name passed to `find_package_handle_standard_args`
[0.313s]   (PCL_SEGMENTATION) does not match the name of the calling package (PCL).
[0.313s]   This can lead to problems in calling code that expects `find_package`
[0.313s]   result variables (e.g., `_FOUND`) to follow a certain pattern.
[0.313s] Call Stack (most recent call first):
[0.313s]   /usr/lib/x86_64-linux-gnu/cmake/pcl/PCLConfig.cmake:616 (find_package_handle_standard_args)
[0.313s]   CMakeLists.txt:12 (find_package)
[0.313s] This warning is for project developers.  Use -Wno-dev to suppress it.
[0.313s] 
[0.313s] CMake Warning (dev) at /usr/share/cmake-3.22/Modules/FindPackageHandleStandardArgs.cmake:438 (message):
[0.313s]   The package name passed to `find_package_handle_standard_args`
[0.313s]   (PCL_VISUALIZATION) does not match the name of the calling package (PCL).
[0.313s]   This can lead to problems in calling code that expects `find_package`
[0.314s]   result variables (e.g., `_FOUND`) to follow a certain pattern.
[0.314s] Call Stack (most recent call first):
[0.314s]   /usr/lib/x86_64-linux-gnu/cmake/pcl/PCLConfig.cmake:616 (find_package_handle_standard_args)
[0.314s]   CMakeLists.txt:12 (find_package)
[0.314s] This warning is for project developers.  Use -Wno-dev to suppress it.
[0.314s] 
[0.314s] -- looking for PCL_SURFACE
[0.314s] -- looking for PCL_REGISTRATION
[0.314s] CMake Warning (dev) at /usr/share/cmake-3.22/Modules/FindPackageHandleStandardArgs.cmake:438 (message):
[0.314s]   The package name passed to `find_package_handle_standard_args`
[0.314s]   (PCL_SURFACE) does not match the name of the calling package (PCL).  This
[0.314s]   can lead to problems in calling code that expects `find_package` result
[0.314s]   variables (e.g., `_FOUND`) to follow a certain pattern.
[0.314s] Call Stack (most recent call first):
[0.314s]   /usr/lib/x86_64-linux-gnu/cmake/pcl/PCLConfig.cmake:616 (find_package_handle_standard_args)
[0.314s]   CMakeLists.txt:12 (find_package)
[0.314s] This warning is for project developers.  Use -Wno-dev to suppress it.
[0.314s] 
[0.314s] CMake Warning (dev) at /usr/share/cmake-3.22/Modules/FindPackageHandleStandardArgs.cmake:438 (message):
[0.314s]   The package name passed to `find_package_handle_standard_args`
[0.314s]   (PCL_REGISTRATION) does not match the name of the calling package (PCL).
[0.314s]   This can lead to problems in calling code that expects `find_package`
[0.314s]   result variables (e.g., `_FOUND`) to follow a certain pattern.
[0.314s] Call Stack (most recent call first):
[0.314s]   /usr/lib/x86_64-linux-gnu/cmake/pcl/PCLConfig.cmake:616 (find_package_handle_standard_args)
[0.314s]   CMakeLists.txt:12 (find_package)
[0.314s] This warning is for project developers.  Use -Wno-dev to suppress it.
[0.314s] 
[0.314s] -- looking for PCL_KEYPOINTS
[0.314s] CMake Warning (dev) at /usr/share/cmake-3.22/Modules/FindPackageHandleStandardArgs.cmake:438 (message):
[0.314s]   The package name passed to `find_package_handle_standard_args`
[0.314s]   (PCL_KEYPOINTS) does not match the name of the calling package (PCL).  This
[0.314s]   can lead to problems in calling code that expects `find_package` result
[0.315s]   variables (e.g., `_FOUND`) to follow a certain pattern.
[0.315s] Call Stack (most recent call first):
[0.315s]   /usr/lib/x86_64-linux-gnu/cmake/pcl/PCLConfig.cmake:616 (find_package_handle_standard_args)
[0.315s]   CMakeLists.txt:12 (find_package)
[0.315s] This warning is for project developers.  Use -Wno-dev to suppress it.
[0.315s] 
[0.315s] -- looking for PCL_TRACKING
[0.315s] CMake Warning (dev) at /usr/share/cmake-3.22/Modules/FindPackageHandleStandardArgs.cmake:438 (message):
[0.315s]   The package name passed to `find_package_handle_standard_args`
[0.315s]   (PCL_TRACKING) does not match the name of the calling package (PCL).  This
[0.315s]   can lead to problems in calling code that expects `find_package` result
[0.315s]   variables (e.g., `_FOUND`) to follow a certain pattern.
[0.315s] Call Stack (most recent call first):
[0.315s]   /usr/lib/x86_64-linux-gnu/cmake/pcl/PCLConfig.cmake:616 (find_package_handle_standard_args)
[0.315s]   CMakeLists.txt:12 (find_package)
[0.315s] This warning is for project developers.  Use -Wno-dev to suppress it.
[0.315s] 
[0.315s] CMake Warning (dev) at /usr/share/cmake-3.22/Modules/FindPackageHandleStandardArgs.cmake:438 (message):
[0.315s]   The package name passed to `find_package_handle_standard_args`
[0.315s]   (PCL_RECOGNITION) does not match the name of the calling package (PCL).
[0.315s]   This can lead to problems in calling code that expects `find_package`
[0.315s]   result variables (e.g., `_FOUND`) to follow a certain pattern.
[0.315s] Call Stack (most recent call first):
[0.315s]   /usr/lib/x86_64-linux-gnu/cmake/pcl/PCLConfig.cmake:616 (find_package_handle_standard_args)
[0.315s]   CMakeLists.txt:12 (find_package)
[0.315s] This warning is for project developers.  Use -Wno-dev to suppress it.
[0.315s] 
[0.315s] CMake Warning (dev) at /usr/share/cmake-3.22/Modules/FindPackageHandleStandardArgs.cmake:438 (message):
[0.315s]   The package name passed to `find_package_handle_standard_args` (PCL_STEREO)
[0.315s]   does not match the name of the calling package (PCL).  This can lead to
[0.315s]   problems in calling code that expects `find_package` result variables
[0.315s]   (e.g., `_FOUND`) to follow a certain pattern.
[0.315s] Call Stack (most recent call first):
[0.315s]   /usr/lib/x86_64-linux-gnu/cmake/pcl/PCLConfig.cmake:616 (find_package_handle_standard_args)
[0.315s]   CMakeLists.txt:12 (find_package)
[0.315s] This warning is for project developers.  Use -Wno-dev to suppress it.
[0.316s] 
[0.316s] -- looking for PCL_RECOGNITION
[0.316s] -- looking for PCL_STEREO
[0.316s] -- looking for PCL_APPS
[0.316s] CMake Warning (dev) at /usr/share/cmake-3.22/Modules/FindPackageHandleStandardArgs.cmake:438 (message):
[0.316s]   The package name passed to `find_package_handle_standard_args` (PCL_APPS)
[0.316s]   does not match the name of the calling package (PCL).  This can lead to
[0.316s]   problems in calling code that expects `find_package` result variables
[0.316s]   (e.g., `_FOUND`) to follow a certain pattern.
[0.316s] Call Stack (most recent call first):
[0.316s]   /usr/lib/x86_64-linux-gnu/cmake/pcl/PCLConfig.cmake:616 (find_package_handle_standard_args)
[0.316s]   CMakeLists.txt:12 (find_package)
[0.316s] This warning is for project developers.  Use -Wno-dev to suppress it.
[0.316s] 
[0.316s] -- looking for PCL_IN_HAND_SCANNER
[0.316s] CMake Warning (dev) at /usr/share/cmake-3.22/Modules/FindPackageHandleStandardArgs.cmake:438 (message):
[0.316s]   The package name passed to `find_package_handle_standard_args`
[0.316s]   (PCL_IN_HAND_SCANNER) does not match the name of the calling package (PCL).
[0.316s]   This can lead to problems in calling code that expects `find_package`
[0.316s]   result variables (e.g., `_FOUND`) to follow a certain pattern.
[0.316s] Call Stack (most recent call first):
[0.316s]   /usr/lib/x86_64-linux-gnu/cmake/pcl/PCLConfig.cmake:619 (find_package_handle_standard_args)
[0.316s]   CMakeLists.txt:12 (find_package)
[0.316s] This warning is for project developers.  Use -Wno-dev to suppress it.
[0.316s] 
[0.316s] -- looking for PCL_POINT_CLOUD_EDITOR
[0.316s] CMake Warning (dev) at /usr/share/cmake-3.22/Modules/FindPackageHandleStandardArgs.cmake:438 (message):
[0.316s]   The package name passed to `find_package_handle_standard_args`
[0.316s]   (PCL_POINT_CLOUD_EDITOR) does not match the name of the calling package
[0.316s]   (PCL).  This can lead to problems in calling code that expects
[0.316s]   `find_package` result variables (e.g., `_FOUND`) to follow a certain
[0.316s]   pattern.
[0.316s] Call Stack (most recent call first):
[0.316s]   /usr/lib/x86_64-linux-gnu/cmake/pcl/PCLConfig.cmake:619 (find_package_handle_standard_args)
[0.316s]   CMakeLists.txt:12 (find_package)
[0.316s] This warning is for project developers.  Use -Wno-dev to suppress it.
[0.317s] 
[0.317s] CMake Warning (dev) at /usr/share/cmake-3.22/Modules/FindPackageHandleStandardArgs.cmake:438 (message):
[0.317s]   The package name passed to `find_package_handle_standard_args`
[0.317s]   (PCL_OUTOFCORE) does not match the name of the calling package (PCL).  This
[0.317s]   can lead to problems in calling code that expects `find_package` result
[0.317s]   variables (e.g., `_FOUND`) to follow a certain pattern.
[0.317s] Call Stack (most recent call first):
[0.317s]   /usr/lib/x86_64-linux-gnu/cmake/pcl/PCLConfig.cmake:616 (find_package_handle_standard_args)
[0.317s]   CMakeLists.txt:12 (find_package)
[0.317s] This warning is for project developers.  Use -Wno-dev to suppress it.
[0.317s] 
[0.317s] -- looking for PCL_OUTOFCORE
[0.317s] -- looking for PCL_PEOPLE
[0.317s] CMake Warning (dev) at /usr/share/cmake-3.22/Modules/FindPackageHandleStandardArgs.cmake:438 (message):
[0.317s]   The package name passed to `find_package_handle_standard_args` (PCL_PEOPLE)
[0.317s]   does not match the name of the calling package (PCL).  This can lead to
[0.317s]   problems in calling code that expects `find_package` result variables
[0.317s]   (e.g., `_FOUND`) to follow a certain pattern.
[0.317s] Call Stack (most recent call first):
[0.317s]   /usr/lib/x86_64-linux-gnu/cmake/pcl/PCLConfig.cmake:616 (find_package_handle_standard_args)
[0.317s]   CMakeLists.txt:12 (find_package)
[0.317s] This warning is for project developers.  Use -Wno-dev to suppress it.
[0.317s] 
[0.317s] -- Found rclcpp: 16.0.8 (/opt/ros/humble/share/rclcpp/cmake)
[0.340s] -- Found rmw_implementation_cmake: 6.1.1 (/opt/ros/humble/share/rmw_implementation_cmake/cmake)
[0.341s] -- Found rmw_fastrtps_cpp: 6.2.6 (/opt/ros/humble/share/rmw_fastrtps_cpp/cmake)
[0.418s] -- Using RMW implementation 'rmw_fastrtps_cpp' as default
[0.486s] -- Found rclpy: 3.3.12 (/opt/ros/humble/share/rclpy/cmake)
[0.496s] CMake Error at CMakeLists.txt:18 (find_package):
[0.496s]   By not providing "Findmapping.cmake" in CMAKE_MODULE_PATH this project has
[0.496s]   asked CMake to find a package configuration file provided by "mapping", but
[0.496s]   CMake did not find one.
[0.496s] 
[0.496s]   Could not find a package configuration file provided by "mapping" with any
[0.496s]   of the following names:
[0.496s] 
[0.496s]     mappingConfig.cmake
[0.496s]     mapping-config.cmake
[0.496s] 
[0.496s]   Add the installation prefix of "mapping" to CMAKE_PREFIX_PATH or set
[0.496s]   "mapping_DIR" to a directory containing one of the above files.  If
[0.496s]   "mapping" provides a separate development package or SDK, be sure it has
[0.496s]   been installed.
[0.496s] 
[0.496s] 
[0.496s] -- Configuring incomplete, errors occurred!
[0.496s] See also "/home/ahmo030/ros2-migration/arena/arena-rosnav/utils/misc/path_search/build/path_search/CMakeFiles/CMakeOutput.log".
[0.501s] Invoked command in '/home/ahmo030/ros2-migration/arena/arena-rosnav/utils/misc/path_search/build/path_search' returned '1': CMAKE_PREFIX_PATH=/opt/ros/humble:${CMAKE_PREFIX_PATH} /usr/bin/cmake /home/ahmo030/ros2-migration/arena/arena-rosnav/utils/misc/path_search -DCMAKE_INSTALL_PREFIX=/home/ahmo030/ros2-migration/arena/arena-rosnav/utils/misc/path_search/install/path_search
