[0.006s] Invoking command in '/home/ahmo030/ros2-migration/arena/utils/pedsim_ros/build/pedsim_ros': CMAKE_PREFIX_PATH=/opt/ros/humble:${CMAKE_PREFIX_PATH} /usr/bin/cmake --build /home/ahmo030/ros2-migration/arena/utils/pedsim_ros/build/pedsim_ros -- -j16 -l16
[0.022s] Invoked command in '/home/ahmo030/ros2-migration/arena/utils/pedsim_ros/build/pedsim_ros' returned '0': CMAKE_PREFIX_PATH=/opt/ros/humble:${CMAKE_PREFIX_PATH} /usr/bin/cmake --build /home/ahmo030/ros2-migration/arena/utils/pedsim_ros/build/pedsim_ros -- -j16 -l16
[0.042s] Invoking command in '/home/ahmo030/ros2-migration/arena/utils/pedsim_ros/build/pedsim_ros': CMAKE_PREFIX_PATH=/opt/ros/humble:${CMAKE_PREFIX_PATH} /usr/bin/cmake --install /home/ahmo030/ros2-migration/arena/utils/pedsim_ros/build/pedsim_ros
[0.048s] -- Install configuration: ""
[0.048s] -- Up-to-date: /home/ahmo030/ros2-migration/arena/utils/pedsim_ros/install/pedsim_ros/share/ament_index/resource_index/package_run_dependencies/pedsim_ros
[0.048s] -- Up-to-date: /home/ahmo030/ros2-migration/arena/utils/pedsim_ros/install/pedsim_ros/share/ament_index/resource_index/parent_prefix_path/pedsim_ros
[0.048s] -- Up-to-date: /home/ahmo030/ros2-migration/arena/utils/pedsim_ros/install/pedsim_ros/share/pedsim_ros/environment/ament_prefix_path.sh
[0.048s] -- Up-to-date: /home/ahmo030/ros2-migration/arena/utils/pedsim_ros/install/pedsim_ros/share/pedsim_ros/environment/ament_prefix_path.dsv
[0.048s] -- Up-to-date: /home/ahmo030/ros2-migration/arena/utils/pedsim_ros/install/pedsim_ros/share/pedsim_ros/environment/path.sh
[0.048s] -- Up-to-date: /home/ahmo030/ros2-migration/arena/utils/pedsim_ros/install/pedsim_ros/share/pedsim_ros/environment/path.dsv
[0.048s] -- Up-to-date: /home/ahmo030/ros2-migration/arena/utils/pedsim_ros/install/pedsim_ros/share/pedsim_ros/local_setup.bash
[0.048s] -- Up-to-date: /home/ahmo030/ros2-migration/arena/utils/pedsim_ros/install/pedsim_ros/share/pedsim_ros/local_setup.sh
[0.048s] -- Up-to-date: /home/ahmo030/ros2-migration/arena/utils/pedsim_ros/install/pedsim_ros/share/pedsim_ros/local_setup.zsh
[0.048s] -- Up-to-date: /home/ahmo030/ros2-migration/arena/utils/pedsim_ros/install/pedsim_ros/share/pedsim_ros/local_setup.dsv
[0.048s] -- Installing: /home/ahmo030/ros2-migration/arena/utils/pedsim_ros/install/pedsim_ros/share/pedsim_ros/package.dsv
[0.048s] -- Up-to-date: /home/ahmo030/ros2-migration/arena/utils/pedsim_ros/install/pedsim_ros/share/ament_index/resource_index/packages/pedsim_ros
[0.048s] -- Up-to-date: /home/ahmo030/ros2-migration/arena/utils/pedsim_ros/install/pedsim_ros/share/pedsim_ros/cmake/ament_cmake_export_dependencies-extras.cmake
[0.048s] -- Up-to-date: /home/ahmo030/ros2-migration/arena/utils/pedsim_ros/install/pedsim_ros/share/pedsim_ros/cmake/pedsim_rosConfig.cmake
[0.048s] -- Up-to-date: /home/ahmo030/ros2-migration/arena/utils/pedsim_ros/install/pedsim_ros/share/pedsim_ros/cmake/pedsim_rosConfig-version.cmake
[0.048s] -- Up-to-date: /home/ahmo030/ros2-migration/arena/utils/pedsim_ros/install/pedsim_ros/share/pedsim_ros/package.xml
[0.049s] Invoked command in '/home/ahmo030/ros2-migration/arena/utils/pedsim_ros/build/pedsim_ros' returned '0': CMAKE_PREFIX_PATH=/opt/ros/humble:${CMAKE_PREFIX_PATH} /usr/bin/cmake --install /home/ahmo030/ros2-migration/arena/utils/pedsim_ros/build/pedsim_ros
