[0.025s] Invoking command in '/ros2-migration/build/cob_base_controller_utils': CMAKE_PREFIX_PATH=/opt/ros/humble /usr/bin/cmake /ros2-migration/arena/utils/3rd-party-robot-packages/cob4/cob_base_controller_utils -DCMAKE_INSTALL_PREFIX=/ros2-migration/install/cob_base_controller_utils
[0.857s] -- Found ament_cmake: 1.3.9 (/opt/ros/humble/share/ament_cmake/cmake)
[0.857s] -- Found Python3: /usr/bin/python3 (found version "3.10.12") found components: Interpreter 
[0.858s] -- Found std_srvs: 4.2.3 (/opt/ros/humble/share/std_srvs/cmake)
[0.858s] [31mCMake Error at CMakeLists.txt:17 (add_dependencies):
[0.858s]   add_dependencies called with incorrect number of arguments
[0.859s] 
[0.859s] [0m
[1.009s] -- Found rosidl_generator_c: 3.1.5 (/opt/ros/humble/share/rosidl_generator_c/cmake)
[1.017s] -- Found rosidl_adapter: 3.1.5 (/opt/ros/humble/share/rosidl_adapter/cmake)
[1.048s] -- Found rosidl_generator_cpp: 3.1.5 (/opt/ros/humble/share/rosidl_generator_cpp/cmake)
[1.116s] -- Using all available rosidl_typesupport_c: rosidl_typesupport_fastrtps_c;rosidl_typesupport_introspection_c
[1.150s] -- Using all available rosidl_typesupport_cpp: rosidl_typesupport_fastrtps_cpp;rosidl_typesupport_introspection_cpp
[1.192s] [31mCMake Error at CMakeLists.txt:23 (find_package):
[1.193s]   By not providing "Findthread.cmake" in CMAKE_MODULE_PATH this project has
[1.193s]   asked CMake to find a package configuration file provided by "thread", but
[1.193s]   CMake did not find one.
[1.193s] 
[1.193s]   Could not find a package configuration file provided by "thread" with any
[1.193s]   of the following names:
[1.193s] 
[1.193s]     threadConfig.cmake
[1.193s]     thread-config.cmake
[1.193s] 
[1.193s]   Add the installation prefix of "thread" to CMAKE_PREFIX_PATH or set
[1.193s]   "thread_DIR" to a directory containing one of the above files.  If "thread"
[1.193s]   provides a separate development package or SDK, be sure it has been
[1.194s]   installed.
[1.194s] 
[1.194s] [0m
[1.194s] -- Configuring incomplete, errors occurred!
[1.194s] See also "/ros2-migration/build/cob_base_controller_utils/CMakeFiles/CMakeOutput.log".
