[0.024s] Invoking command in '/ros2-migration/arena/build/mapping': /usr/bin/cmake /ros2-migration/arena/arena-rosnav/utils/misc/mapping -DCMAKE_INSTALL_PREFIX=/ros2-migration/arena/install/mapping
[0.050s] -- Configuring incomplete, errors occurred!
[0.051s] See also "/ros2-migration/arena/build/mapping/CMakeFiles/CMakeOutput.log".
[0.051s] [31mCMake Error at CMakeLists.txt:12 (find_package):
[0.051s]   By not providing "Findament_cmake.cmake" in CMAKE_MODULE_PATH this project
[0.051s]   has asked CMake to find a package configuration file provided by
[0.051s]   "ament_cmake", but CMake did not find one.
[0.051s] 
[0.051s]   Could not find a package configuration file provided by "ament_cmake" with
[0.051s]   any of the following names:
[0.052s] 
[0.052s]     ament_cmakeConfig.cmake
[0.053s]     ament_cmake-config.cmake
[0.053s] 
[0.054s]   Add the installation prefix of "ament_cmake" to CMAKE_PREFIX_PATH or set
[0.054s]   "ament_cmake_DIR" to a directory containing one of the above files.  If
[0.055s]   "ament_cmake" provides a separate development package or SDK, be sure it
[0.055s]   has been installed.
[0.055s] 
[0.055s] [0m
