[0.005s] Invoking command in '/home/ahmo030/ros2-migration/arena/arena-rosnav/training/build/training': CMAKE_PREFIX_PATH=/opt/ros/humble:${CMAKE_PREFIX_PATH} /usr/bin/cmake /home/ahmo030/ros2-migration/arena/arena-rosnav/training -DCMAKE_INSTALL_PREFIX=/home/ahmo030/ros2-migration/arena/arena-rosnav/training/install/training
[0.011s] -- Found rosidl_default_generators: 1.2.0 (/opt/ros/humble/share/rosidl_default_generators/cmake)
[0.011s] -- Found ament_cmake_core: 1.3.8 (/opt/ros/humble/share/ament_cmake_core/cmake)
[0.079s] -- Using all available rosidl_typesupport_c: rosidl_typesupport_fastrtps_c;rosidl_typesupport_introspection_c
[0.081s] -- Found rosidl_adapter: 3.1.5 (/opt/ros/humble/share/rosidl_adapter/cmake)
[0.104s] -- Using all available rosidl_typesupport_cpp: rosidl_typesupport_fastrtps_cpp;rosidl_typesupport_introspection_cpp
[0.118s] -- Found geometry_msgs: 4.2.3 (/opt/ros/humble/share/geometry_msgs/cmake)
[0.183s] -- Found nav_msgs: 4.2.3 (/opt/ros/humble/share/nav_msgs/cmake)
[0.229s] -- Found rclcpp: 16.0.8 (/opt/ros/humble/share/rclcpp/cmake)
[0.254s] -- Found rmw_implementation_cmake: 6.1.1 (/opt/ros/humble/share/rmw_implementation_cmake/cmake)
[0.255s] -- Found rmw_fastrtps_cpp: 6.2.6 (/opt/ros/humble/share/rmw_fastrtps_cpp/cmake)
[0.336s] -- Using RMW implementation 'rmw_fastrtps_cpp' as default
[0.405s] -- Found rclpy: 3.3.12 (/opt/ros/humble/share/rclpy/cmake)
[0.405s] -- Found sensor_msgs: 4.2.3 (/opt/ros/humble/share/sensor_msgs/cmake)
[0.451s] -- Found tf2: 0.25.6 (/opt/ros/humble/share/tf2/cmake)
[0.455s] -- Found tf2_geometry_msgs: 0.25.6 (/opt/ros/humble/share/tf2_geometry_msgs/cmake)
[0.458s] -- Found eigen3_cmake_module: 0.1.1 (/opt/ros/humble/share/eigen3_cmake_module/cmake)
[0.458s] -- Ensuring Eigen3 include directory is part of orocos-kdl CMake target
[0.745s] CMake Error at CMakeLists.txt:21 (find_package):
[0.746s]   By not providing "Findflatland_msgs.cmake" in CMAKE_MODULE_PATH this
[0.746s]   project has asked CMake to find a package configuration file provided by
[0.746s]   "flatland_msgs", but CMake did not find one.
[0.746s] 
[0.746s]   Could not find a package configuration file provided by "flatland_msgs"
[0.746s]   with any of the following names:
[0.746s] 
[0.746s]     flatland_msgsConfig.cmake
[0.746s]     flatland_msgs-config.cmake
[0.746s] 
[0.746s]   Add the installation prefix of "flatland_msgs" to CMAKE_PREFIX_PATH or set
[0.746s]   "flatland_msgs_DIR" to a directory containing one of the above files.  If
[0.746s]   "flatland_msgs" provides a separate development package or SDK, be sure it
[0.746s]   has been installed.
[0.746s] 
[0.746s] 
[0.746s] -- Configuring incomplete, errors occurred!
[0.746s] See also "/home/ahmo030/ros2-migration/arena/arena-rosnav/training/build/training/CMakeFiles/CMakeOutput.log".
[0.752s] Invoked command in '/home/ahmo030/ros2-migration/arena/arena-rosnav/training/build/training' returned '1': CMAKE_PREFIX_PATH=/opt/ros/humble:${CMAKE_PREFIX_PATH} /usr/bin/cmake /home/ahmo030/ros2-migration/arena/arena-rosnav/training -DCMAKE_INSTALL_PREFIX=/home/ahmo030/ros2-migration/arena/arena-rosnav/training/install/training
