[0.005s] Invoking command in '/home/ahmo030/ros2-migration/arena/arena-rosnav/utils/misc/grid_map_generator/build/grid_map_generator': CMAKE_PREFIX_PATH=/opt/ros/humble:${CMAKE_PREFIX_PATH} /usr/bin/cmake /home/ahmo030/ros2-migration/arena/arena-rosnav/utils/misc/grid_map_generator -DCMAKE_INSTALL_PREFIX=/home/ahmo030/ros2-migration/arena/arena-rosnav/utils/misc/grid_map_generator/install/grid_map_generator
[0.033s] -- The C compiler identification is GNU 11.4.0
[0.093s] -- The CXX compiler identification is GNU 11.4.0
[0.096s] -- Detecting C compiler ABI info
[0.158s] -- Detecting C compiler ABI info - done
[0.163s] -- Check for working C compiler: /usr/bin/cc - skipped
[0.164s] -- Detecting C compile features
[0.164s] -- Detecting C compile features - done
[0.168s] -- Detecting CXX compiler ABI info
[0.262s] -- Detecting CXX compiler ABI info - done
[0.266s] -- Check for working CXX compiler: /usr/bin/c++ - skipped
[0.266s] -- Detecting CXX compile features
[0.266s] -- Detecting CXX compile features - done
[0.267s] -- Found ament_cmake: 1.3.8 (/opt/ros/humble/share/ament_cmake/cmake)
[0.369s] -- Found Python3: /usr/bin/python3 (found version "3.10.12") found components: Interpreter 
[0.415s] -- Found rclcpp: 16.0.8 (/opt/ros/humble/share/rclcpp/cmake)
[0.440s] -- Found rosidl_generator_c: 3.1.5 (/opt/ros/humble/share/rosidl_generator_c/cmake)
[0.442s] -- Found rosidl_adapter: 3.1.5 (/opt/ros/humble/share/rosidl_adapter/cmake)
[0.447s] -- Found rosidl_generator_cpp: 3.1.5 (/opt/ros/humble/share/rosidl_generator_cpp/cmake)
[0.454s] -- Using all available rosidl_typesupport_c: rosidl_typesupport_fastrtps_c;rosidl_typesupport_introspection_c
[0.464s] -- Using all available rosidl_typesupport_cpp: rosidl_typesupport_fastrtps_cpp;rosidl_typesupport_introspection_cpp
[0.501s] -- Found rmw_implementation_cmake: 6.1.1 (/opt/ros/humble/share/rmw_implementation_cmake/cmake)
[0.502s] -- Found rmw_fastrtps_cpp: 6.2.6 (/opt/ros/humble/share/rmw_fastrtps_cpp/cmake)
[0.554s] -- Found OpenSSL: /usr/lib/x86_64-linux-gnu/libcrypto.so (found version "3.0.2")  
[0.575s] -- Found FastRTPS: /opt/ros/humble/include  
[0.612s] -- Using RMW implementation 'rmw_fastrtps_cpp' as default
[0.620s] -- Looking for pthread.h
[0.659s] -- Looking for pthread.h - found
[0.659s] -- Performing Test CMAKE_HAVE_LIBC_PTHREAD
[0.700s] -- Performing Test CMAKE_HAVE_LIBC_PTHREAD - Success
[0.700s] -- Found Threads: TRUE  
[0.841s] -- Configuring done
[0.842s] CMake Error at CMakeLists.txt:13 (add_executable):
[0.842s]   Cannot find source file:
[0.842s] 
[0.842s]     src/grid_map_generator_node.cpp
[0.842s] 
[0.842s]   Tried extensions .c .C .c++ .cc .cpp .cxx .cu .mpp .m .M .mm .ixx .cppm .h
[0.842s]   .hh .h++ .hm .hpp .hxx .in .txx .f .F .for .f77 .f90 .f95 .f03 .hip .ispc
[0.842s] 
[0.842s] 
[0.842s] CMake Error at CMakeLists.txt:13 (add_executable):
[0.842s]   No SOURCES given to target: grid_map_generator_node
[0.842s] 
[0.842s] 
[0.842s] CMake Generate step failed.  Build files cannot be regenerated correctly.
[0.848s] Invoked command in '/home/ahmo030/ros2-migration/arena/arena-rosnav/utils/misc/grid_map_generator/build/grid_map_generator' returned '1': CMAKE_PREFIX_PATH=/opt/ros/humble:${CMAKE_PREFIX_PATH} /usr/bin/cmake /home/ahmo030/ros2-migration/arena/arena-rosnav/utils/misc/grid_map_generator -DCMAKE_INSTALL_PREFIX=/home/ahmo030/ros2-migration/arena/arena-rosnav/utils/misc/grid_map_generator/install/grid_map_generator
