[0.005s] Invoking command in '/home/ahmo030/ros2-migration/arena/utils/crowdsim/build/crowdsim': CMAKE_PREFIX_PATH=/opt/ros/humble:${CMAKE_PREFIX_PATH} /usr/bin/cmake /home/ahmo030/ros2-migration/arena/utils/crowdsim -DCMAKE_INSTALL_PREFIX=/home/ahmo030/ros2-migration/arena/utils/crowdsim/install/crowdsim
[0.040s] -- The C compiler identification is GNU 11.4.0
[0.083s] -- The CXX compiler identification is GNU 11.4.0
[0.086s] -- Detecting C compiler ABI info
[0.129s] -- Detecting C compiler ABI info - done
[0.138s] -- Check for working C compiler: /usr/bin/cc - skipped
[0.138s] -- Detecting C compile features
[0.139s] -- Detecting C compile features - done
[0.142s] -- Detecting CXX compiler ABI info
[0.186s] -- Detecting CXX compiler ABI info - done
[0.191s] -- Check for working CXX compiler: /usr/bin/c++ - skipped
[0.191s] -- Detecting CXX compile features
[0.191s] -- Detecting CXX compile features - done
[0.192s] -- Found ament_cmake: 1.3.8 (/opt/ros/humble/share/ament_cmake/cmake)
[0.290s] -- Found Python3: /usr/bin/python3 (found version "3.10.12") found components: Interpreter 
[0.341s] -- Found rclcpp: 16.0.8 (/opt/ros/humble/share/rclcpp/cmake)
[0.368s] -- Found rosidl_generator_c: 3.1.5 (/opt/ros/humble/share/rosidl_generator_c/cmake)
[0.370s] -- Found rosidl_adapter: 3.1.5 (/opt/ros/humble/share/rosidl_adapter/cmake)
[0.375s] -- Found rosidl_generator_cpp: 3.1.5 (/opt/ros/humble/share/rosidl_generator_cpp/cmake)
[0.382s] -- Using all available rosidl_typesupport_c: rosidl_typesupport_fastrtps_c;rosidl_typesupport_introspection_c
[0.393s] -- Using all available rosidl_typesupport_cpp: rosidl_typesupport_fastrtps_cpp;rosidl_typesupport_introspection_cpp
[0.432s] -- Found rmw_implementation_cmake: 6.1.1 (/opt/ros/humble/share/rmw_implementation_cmake/cmake)
[0.433s] -- Found rmw_fastrtps_cpp: 6.2.6 (/opt/ros/humble/share/rmw_fastrtps_cpp/cmake)
[0.487s] -- Found OpenSSL: /usr/lib/x86_64-linux-gnu/libcrypto.so (found version "3.0.2")  
[0.510s] -- Found FastRTPS: /opt/ros/humble/include  
[0.546s] -- Using RMW implementation 'rmw_fastrtps_cpp' as default
[0.552s] -- Looking for pthread.h
[0.589s] -- Looking for pthread.h - found
[0.590s] -- Performing Test CMAKE_HAVE_LIBC_PTHREAD
[0.651s] -- Performing Test CMAKE_HAVE_LIBC_PTHREAD - Success
[0.653s] -- Found Threads: TRUE  
[0.788s] -- Configuring done
[0.790s] -- Generating done
[0.791s] -- Build files have been written to: /home/ahmo030/ros2-migration/arena/utils/crowdsim/build/crowdsim
[0.796s] Invoked command in '/home/ahmo030/ros2-migration/arena/utils/crowdsim/build/crowdsim' returned '0': CMAKE_PREFIX_PATH=/opt/ros/humble:${CMAKE_PREFIX_PATH} /usr/bin/cmake /home/ahmo030/ros2-migration/arena/utils/crowdsim -DCMAKE_INSTALL_PREFIX=/home/ahmo030/ros2-migration/arena/utils/crowdsim/install/crowdsim
[0.797s] Invoking command in '/home/ahmo030/ros2-migration/arena/utils/crowdsim/build/crowdsim': CMAKE_PREFIX_PATH=/opt/ros/humble:${CMAKE_PREFIX_PATH} /usr/bin/cmake --build /home/ahmo030/ros2-migration/arena/utils/crowdsim/build/crowdsim -- -j16 -l16
[0.820s] Invoked command in '/home/ahmo030/ros2-migration/arena/utils/crowdsim/build/crowdsim' returned '0': CMAKE_PREFIX_PATH=/opt/ros/humble:${CMAKE_PREFIX_PATH} /usr/bin/cmake --build /home/ahmo030/ros2-migration/arena/utils/crowdsim/build/crowdsim -- -j16 -l16
[0.841s] Invoking command in '/home/ahmo030/ros2-migration/arena/utils/crowdsim/build/crowdsim': CMAKE_PREFIX_PATH=/opt/ros/humble:${CMAKE_PREFIX_PATH} /usr/bin/cmake --install /home/ahmo030/ros2-migration/arena/utils/crowdsim/build/crowdsim
[0.849s] -- Install configuration: ""
[0.850s] -- Up-to-date: /home/ahmo030/ros2-migration/arena/utils/crowdsim/install/crowdsim/share/ament_index/resource_index/package_run_dependencies/crowdsim
[0.850s] -- Up-to-date: /home/ahmo030/ros2-migration/arena/utils/crowdsim/install/crowdsim/share/ament_index/resource_index/parent_prefix_path/crowdsim
[0.850s] -- Installing: /home/ahmo030/ros2-migration/arena/utils/crowdsim/install/crowdsim/share/crowdsim/environment/ament_prefix_path.sh
[0.850s] -- Installing: /home/ahmo030/ros2-migration/arena/utils/crowdsim/install/crowdsim/share/crowdsim/environment/ament_prefix_path.dsv
[0.850s] -- Installing: /home/ahmo030/ros2-migration/arena/utils/crowdsim/install/crowdsim/share/crowdsim/environment/path.sh
[0.850s] -- Installing: /home/ahmo030/ros2-migration/arena/utils/crowdsim/install/crowdsim/share/crowdsim/environment/path.dsv
[0.850s] -- Up-to-date: /home/ahmo030/ros2-migration/arena/utils/crowdsim/install/crowdsim/share/crowdsim/local_setup.bash
[0.850s] -- Installing: /home/ahmo030/ros2-migration/arena/utils/crowdsim/install/crowdsim/share/crowdsim/local_setup.sh
[0.850s] -- Up-to-date: /home/ahmo030/ros2-migration/arena/utils/crowdsim/install/crowdsim/share/crowdsim/local_setup.zsh
[0.850s] -- Installing: /home/ahmo030/ros2-migration/arena/utils/crowdsim/install/crowdsim/share/crowdsim/local_setup.dsv
[0.850s] -- Installing: /home/ahmo030/ros2-migration/arena/utils/crowdsim/install/crowdsim/share/crowdsim/package.dsv
[0.851s] -- Up-to-date: /home/ahmo030/ros2-migration/arena/utils/crowdsim/install/crowdsim/share/ament_index/resource_index/packages/crowdsim
[0.851s] -- Up-to-date: /home/ahmo030/ros2-migration/arena/utils/crowdsim/install/crowdsim/share/crowdsim/cmake/crowdsimConfig.cmake
[0.851s] -- Up-to-date: /home/ahmo030/ros2-migration/arena/utils/crowdsim/install/crowdsim/share/crowdsim/cmake/crowdsimConfig-version.cmake
[0.851s] -- Up-to-date: /home/ahmo030/ros2-migration/arena/utils/crowdsim/install/crowdsim/share/crowdsim/package.xml
[0.852s] Invoked command in '/home/ahmo030/ros2-migration/arena/utils/crowdsim/build/crowdsim' returned '0': CMAKE_PREFIX_PATH=/opt/ros/humble:${CMAKE_PREFIX_PATH} /usr/bin/cmake --install /home/ahmo030/ros2-migration/arena/utils/crowdsim/build/crowdsim
