[0.006s] Invoking command in '/home/ahmo030/ros2-migration/arena/utils/3rd-party-robot-packages/tiago/tiago_bringup/build/tiago_bringup': CMAKE_PREFIX_PATH=/opt/ros/humble:${CMAKE_PREFIX_PATH} /usr/bin/cmake /home/ahmo030/ros2-migration/arena/utils/3rd-party-robot-packages/tiago/tiago_bringup -DCMAKE_INSTALL_PREFIX=/home/ahmo030/ros2-migration/arena/utils/3rd-party-robot-packages/tiago/tiago_bringup/install/tiago_bringup
[0.034s] -- The C compiler identification is GNU 11.4.0
[0.082s] -- The CXX compiler identification is GNU 11.4.0
[0.086s] -- Detecting C compiler ABI info
[0.138s] -- Detecting C compiler ABI info - done
[0.141s] -- Check for working C compiler: /usr/bin/cc - skipped
[0.142s] -- Detecting C compile features
[0.142s] -- Detecting C compile features - done
[0.144s] -- Detecting CXX compiler ABI info
[0.233s] -- Detecting CXX compiler ABI info - done
[0.237s] -- Check for working CXX compiler: /usr/bin/c++ - skipped
[0.238s] -- Detecting CXX compile features
[0.238s] -- Detecting CXX compile features - done
[0.239s] -- Found ament_cmake_auto: 1.3.8 (/opt/ros/humble/share/ament_cmake_auto/cmake)
[0.328s] -- Found Python3: /usr/bin/python3 (found version "3.10.12") found components: Interpreter 
[0.416s] -- Found ament_lint_auto: 0.12.10 (/opt/ros/humble/share/ament_lint_auto/cmake)
[0.425s] -- Added test 'copyright' to check source files copyright and LICENSE
[0.427s] -- Added test 'cppcheck' to perform static code analysis on C / C++ code
[0.427s] -- Configured cppcheck include dirs: 
[0.427s] -- Configured cppcheck exclude dirs and/or files: 
[0.430s] -- Added test 'cpplint' to check C / C++ code against the Google style
[0.430s] -- Configured cpplint exclude dirs and/or files: 
[0.430s] -- Added test 'flake8' to check Python code syntax and style conventions
[0.431s] -- Added test 'lint_cmake' to check CMake code style
[0.431s] -- Added test 'pep257' to check Python code against some of the docstring style conventions in PEP 257
[0.434s] -- Added test 'uncrustify' to check C / C++ code style
[0.434s] -- Configured uncrustify additional arguments: 
[0.434s] -- Added test 'xmllint' to check XML markup files
[0.435s] -- Configuring done
[0.436s] -- Generating done
[0.437s] -- Build files have been written to: /home/ahmo030/ros2-migration/arena/utils/3rd-party-robot-packages/tiago/tiago_bringup/build/tiago_bringup
[0.439s] Invoked command in '/home/ahmo030/ros2-migration/arena/utils/3rd-party-robot-packages/tiago/tiago_bringup/build/tiago_bringup' returned '0': CMAKE_PREFIX_PATH=/opt/ros/humble:${CMAKE_PREFIX_PATH} /usr/bin/cmake /home/ahmo030/ros2-migration/arena/utils/3rd-party-robot-packages/tiago/tiago_bringup -DCMAKE_INSTALL_PREFIX=/home/ahmo030/ros2-migration/arena/utils/3rd-party-robot-packages/tiago/tiago_bringup/install/tiago_bringup
[0.440s] Invoking command in '/home/ahmo030/ros2-migration/arena/utils/3rd-party-robot-packages/tiago/tiago_bringup/build/tiago_bringup': CMAKE_PREFIX_PATH=/opt/ros/humble:${CMAKE_PREFIX_PATH} /usr/bin/cmake --build /home/ahmo030/ros2-migration/arena/utils/3rd-party-robot-packages/tiago/tiago_bringup/build/tiago_bringup -- -j16 -l16
[0.457s] Invoked command in '/home/ahmo030/ros2-migration/arena/utils/3rd-party-robot-packages/tiago/tiago_bringup/build/tiago_bringup' returned '0': CMAKE_PREFIX_PATH=/opt/ros/humble:${CMAKE_PREFIX_PATH} /usr/bin/cmake --build /home/ahmo030/ros2-migration/arena/utils/3rd-party-robot-packages/tiago/tiago_bringup/build/tiago_bringup -- -j16 -l16
[0.471s] Invoking command in '/home/ahmo030/ros2-migration/arena/utils/3rd-party-robot-packages/tiago/tiago_bringup/build/tiago_bringup': CMAKE_PREFIX_PATH=/opt/ros/humble:${CMAKE_PREFIX_PATH} /usr/bin/cmake --install /home/ahmo030/ros2-migration/arena/utils/3rd-party-robot-packages/tiago/tiago_bringup/build/tiago_bringup
[0.474s] -- Install configuration: ""
[0.474s] -- Installing: /home/ahmo030/ros2-migration/arena/utils/3rd-party-robot-packages/tiago/tiago_bringup/install/tiago_bringup/lib/tiago_bringup/regen_em_file.py
[0.474s] -- Installing: /home/ahmo030/ros2-migration/arena/utils/3rd-party-robot-packages/tiago/tiago_bringup/install/tiago_bringup/share/tiago_bringup/config
[0.475s] -- Installing: /home/ahmo030/ros2-migration/arena/utils/3rd-party-robot-packages/tiago/tiago_bringup/install/tiago_bringup/share/tiago_bringup/config/joy_teleop
[0.475s] -- Installing: /home/ahmo030/ros2-migration/arena/utils/3rd-party-robot-packages/tiago/tiago_bringup/install/tiago_bringup/share/tiago_bringup/config/joy_teleop/joy_config.yaml
[0.475s] -- Installing: /home/ahmo030/ros2-migration/arena/utils/3rd-party-robot-packages/tiago/tiago_bringup/install/tiago_bringup/share/tiago_bringup/config/joy_teleop/joy_teleop_pmb2.yaml
[0.475s] -- Installing: /home/ahmo030/ros2-migration/arena/utils/3rd-party-robot-packages/tiago/tiago_bringup/install/tiago_bringup/share/tiago_bringup/config/joy_teleop/joy_teleop_omni_base.yaml
[0.475s] -- Installing: /home/ahmo030/ros2-migration/arena/utils/3rd-party-robot-packages/tiago/tiago_bringup/install/tiago_bringup/share/tiago_bringup/config/motions
[0.475s] -- Installing: /home/ahmo030/ros2-migration/arena/utils/3rd-party-robot-packages/tiago/tiago_bringup/install/tiago_bringup/share/tiago_bringup/config/motions/tiago_motions_robotiq-2f-85_schunk-ft.yaml
[0.475s] -- Installing: /home/ahmo030/ros2-migration/arena/utils/3rd-party-robot-packages/tiago/tiago_bringup/install/tiago_bringup/share/tiago_bringup/config/motions/tiago_motions_robotiq-2f-85.yaml
[0.475s] -- Installing: /home/ahmo030/ros2-migration/arena/utils/3rd-party-robot-packages/tiago/tiago_bringup/install/tiago_bringup/share/tiago_bringup/config/motions/tiago_motions_pal-hey5.yaml
[0.475s] -- Installing: /home/ahmo030/ros2-migration/arena/utils/3rd-party-robot-packages/tiago/tiago_bringup/install/tiago_bringup/share/tiago_bringup/config/motions/tiago_motions.yaml.em
[0.475s] -- Installing: /home/ahmo030/ros2-migration/arena/utils/3rd-party-robot-packages/tiago/tiago_bringup/install/tiago_bringup/share/tiago_bringup/config/motions/tiago_motions_pal-gripper_schunk-ft.yaml
[0.475s] -- Installing: /home/ahmo030/ros2-migration/arena/utils/3rd-party-robot-packages/tiago/tiago_bringup/install/tiago_bringup/share/tiago_bringup/config/motions/tiago_motions_pal-hey5_schunk-ft.yaml
[0.475s] -- Installing: /home/ahmo030/ros2-migration/arena/utils/3rd-party-robot-packages/tiago/tiago_bringup/install/tiago_bringup/share/tiago_bringup/config/motions/tiago_motions_pal-gripper.yaml
[0.475s] -- Installing: /home/ahmo030/ros2-migration/arena/utils/3rd-party-robot-packages/tiago/tiago_bringup/install/tiago_bringup/share/tiago_bringup/config/motions/tiago_motions_no-ee_schunk-ft.yaml
[0.475s] -- Installing: /home/ahmo030/ros2-migration/arena/utils/3rd-party-robot-packages/tiago/tiago_bringup/install/tiago_bringup/share/tiago_bringup/config/motions/tiago_motions_no-ee.yaml
[0.475s] -- Installing: /home/ahmo030/ros2-migration/arena/utils/3rd-party-robot-packages/tiago/tiago_bringup/install/tiago_bringup/share/tiago_bringup/config/motions/tiago_motions_no-arm.yaml
[0.475s] -- Installing: /home/ahmo030/ros2-migration/arena/utils/3rd-party-robot-packages/tiago/tiago_bringup/install/tiago_bringup/share/tiago_bringup/config/motions/tiago_motions_robotiq-2f-140_schunk-ft.yaml
[0.475s] -- Installing: /home/ahmo030/ros2-migration/arena/utils/3rd-party-robot-packages/tiago/tiago_bringup/install/tiago_bringup/share/tiago_bringup/config/motions/tiago_motions_robotiq-2f-140.yaml
[0.475s] -- Installing: /home/ahmo030/ros2-migration/arena/utils/3rd-party-robot-packages/tiago/tiago_bringup/install/tiago_bringup/share/tiago_bringup/config/twist_mux
[0.475s] -- Installing: /home/ahmo030/ros2-migration/arena/utils/3rd-party-robot-packages/tiago/tiago_bringup/install/tiago_bringup/share/tiago_bringup/config/twist_mux/twist_mux_locks.yaml
[0.475s] -- Installing: /home/ahmo030/ros2-migration/arena/utils/3rd-party-robot-packages/tiago/tiago_bringup/install/tiago_bringup/share/tiago_bringup/config/twist_mux/twist_mux_topics.yaml
[0.475s] -- Installing: /home/ahmo030/ros2-migration/arena/utils/3rd-party-robot-packages/tiago/tiago_bringup/install/tiago_bringup/share/tiago_bringup/config/twist_mux/joystick_omni_base.yaml
[0.476s] -- Installing: /home/ahmo030/ros2-migration/arena/utils/3rd-party-robot-packages/tiago/tiago_bringup/install/tiago_bringup/share/tiago_bringup/config/twist_mux/joystick_pmb2.yaml
[0.476s] -- Installing: /home/ahmo030/ros2-migration/arena/utils/3rd-party-robot-packages/tiago/tiago_bringup/install/tiago_bringup/share/tiago_bringup/config/motion_planner
[0.476s] -- Installing: /home/ahmo030/ros2-migration/arena/utils/3rd-party-robot-packages/tiago/tiago_bringup/install/tiago_bringup/share/tiago_bringup/config/motion_planner/motion_planner_pal-gripper.yaml
[0.476s] -- Installing: /home/ahmo030/ros2-migration/arena/utils/3rd-party-robot-packages/tiago/tiago_bringup/install/tiago_bringup/share/tiago_bringup/config/motion_planner/motion_planner_no-ee_schunk-ft.yaml
[0.476s] -- Installing: /home/ahmo030/ros2-migration/arena/utils/3rd-party-robot-packages/tiago/tiago_bringup/install/tiago_bringup/share/tiago_bringup/config/motion_planner/motion_planner_robotiq-2f-85_schunk-ft.yaml
[0.476s] -- Installing: /home/ahmo030/ros2-migration/arena/utils/3rd-party-robot-packages/tiago/tiago_bringup/install/tiago_bringup/share/tiago_bringup/config/motion_planner/motion_planner_pal-hey5.yaml
[0.476s] -- Installing: /home/ahmo030/ros2-migration/arena/utils/3rd-party-robot-packages/tiago/tiago_bringup/install/tiago_bringup/share/tiago_bringup/config/motion_planner/motion_planner_pal-gripper_schunk-ft.yaml
[0.476s] -- Installing: /home/ahmo030/ros2-migration/arena/utils/3rd-party-robot-packages/tiago/tiago_bringup/install/tiago_bringup/share/tiago_bringup/config/motion_planner/motion_planner.yaml.em
[0.476s] -- Installing: /home/ahmo030/ros2-migration/arena/utils/3rd-party-robot-packages/tiago/tiago_bringup/install/tiago_bringup/share/tiago_bringup/config/motion_planner/motion_planner_robotiq-2f-140.yaml
[0.476s] -- Installing: /home/ahmo030/ros2-migration/arena/utils/3rd-party-robot-packages/tiago/tiago_bringup/install/tiago_bringup/share/tiago_bringup/config/motion_planner/motion_planner_robotiq-2f-85.yaml
[0.476s] -- Installing: /home/ahmo030/ros2-migration/arena/utils/3rd-party-robot-packages/tiago/tiago_bringup/install/tiago_bringup/share/tiago_bringup/config/motion_planner/motion_planner_pal-hey5_schunk-ft.yaml
[0.476s] -- Installing: /home/ahmo030/ros2-migration/arena/utils/3rd-party-robot-packages/tiago/tiago_bringup/install/tiago_bringup/share/tiago_bringup/config/motion_planner/motion_planner_no-ee.yaml
[0.476s] -- Installing: /home/ahmo030/ros2-migration/arena/utils/3rd-party-robot-packages/tiago/tiago_bringup/install/tiago_bringup/share/tiago_bringup/config/motion_planner/motion_planner_robotiq-2f-140_schunk-ft.yaml
[0.476s] -- Installing: /home/ahmo030/ros2-migration/arena/utils/3rd-party-robot-packages/tiago/tiago_bringup/install/tiago_bringup/share/tiago_bringup/config/motion_planner/motion_planner_no-arm.yaml
[0.476s] -- Installing: /home/ahmo030/ros2-migration/arena/utils/3rd-party-robot-packages/tiago/tiago_bringup/install/tiago_bringup/share/tiago_bringup/launch
[0.476s] -- Installing: /home/ahmo030/ros2-migration/arena/utils/3rd-party-robot-packages/tiago/tiago_bringup/install/tiago_bringup/share/tiago_bringup/launch/tiago_bringup.launch.py
[0.476s] -- Installing: /home/ahmo030/ros2-migration/arena/utils/3rd-party-robot-packages/tiago/tiago_bringup/install/tiago_bringup/share/tiago_bringup/launch/tiago_play_motion2.launch.py
[0.476s] -- Installing: /home/ahmo030/ros2-migration/arena/utils/3rd-party-robot-packages/tiago/tiago_bringup/install/tiago_bringup/share/tiago_bringup/launch/joystick_teleop.launch.py
[0.476s] -- Installing: /home/ahmo030/ros2-migration/arena/utils/3rd-party-robot-packages/tiago/tiago_bringup/install/tiago_bringup/share/tiago_bringup/launch/twist_mux.launch.py
[0.476s] -- Installing: /home/ahmo030/ros2-migration/arena/utils/3rd-party-robot-packages/tiago/tiago_bringup/install/tiago_bringup/share/ament_index/resource_index/package_run_dependencies/tiago_bringup
[0.476s] -- Installing: /home/ahmo030/ros2-migration/arena/utils/3rd-party-robot-packages/tiago/tiago_bringup/install/tiago_bringup/share/ament_index/resource_index/parent_prefix_path/tiago_bringup
[0.477s] -- Installing: /home/ahmo030/ros2-migration/arena/utils/3rd-party-robot-packages/tiago/tiago_bringup/install/tiago_bringup/share/tiago_bringup/environment/ament_prefix_path.sh
[0.477s] -- Installing: /home/ahmo030/ros2-migration/arena/utils/3rd-party-robot-packages/tiago/tiago_bringup/install/tiago_bringup/share/tiago_bringup/environment/ament_prefix_path.dsv
[0.477s] -- Installing: /home/ahmo030/ros2-migration/arena/utils/3rd-party-robot-packages/tiago/tiago_bringup/install/tiago_bringup/share/tiago_bringup/environment/path.sh
[0.477s] -- Installing: /home/ahmo030/ros2-migration/arena/utils/3rd-party-robot-packages/tiago/tiago_bringup/install/tiago_bringup/share/tiago_bringup/environment/path.dsv
[0.477s] -- Installing: /home/ahmo030/ros2-migration/arena/utils/3rd-party-robot-packages/tiago/tiago_bringup/install/tiago_bringup/share/tiago_bringup/local_setup.bash
[0.477s] -- Installing: /home/ahmo030/ros2-migration/arena/utils/3rd-party-robot-packages/tiago/tiago_bringup/install/tiago_bringup/share/tiago_bringup/local_setup.sh
[0.477s] -- Installing: /home/ahmo030/ros2-migration/arena/utils/3rd-party-robot-packages/tiago/tiago_bringup/install/tiago_bringup/share/tiago_bringup/local_setup.zsh
[0.477s] -- Installing: /home/ahmo030/ros2-migration/arena/utils/3rd-party-robot-packages/tiago/tiago_bringup/install/tiago_bringup/share/tiago_bringup/local_setup.dsv
[0.477s] -- Installing: /home/ahmo030/ros2-migration/arena/utils/3rd-party-robot-packages/tiago/tiago_bringup/install/tiago_bringup/share/tiago_bringup/package.dsv
[0.477s] -- Installing: /home/ahmo030/ros2-migration/arena/utils/3rd-party-robot-packages/tiago/tiago_bringup/install/tiago_bringup/share/ament_index/resource_index/packages/tiago_bringup
[0.477s] -- Installing: /home/ahmo030/ros2-migration/arena/utils/3rd-party-robot-packages/tiago/tiago_bringup/install/tiago_bringup/share/tiago_bringup/cmake/tiago_bringupConfig.cmake
[0.477s] -- Installing: /home/ahmo030/ros2-migration/arena/utils/3rd-party-robot-packages/tiago/tiago_bringup/install/tiago_bringup/share/tiago_bringup/cmake/tiago_bringupConfig-version.cmake
[0.477s] -- Installing: /home/ahmo030/ros2-migration/arena/utils/3rd-party-robot-packages/tiago/tiago_bringup/install/tiago_bringup/share/tiago_bringup/package.xml
[0.478s] Invoked command in '/home/ahmo030/ros2-migration/arena/utils/3rd-party-robot-packages/tiago/tiago_bringup/build/tiago_bringup' returned '0': CMAKE_PREFIX_PATH=/opt/ros/humble:${CMAKE_PREFIX_PATH} /usr/bin/cmake --install /home/ahmo030/ros2-migration/arena/utils/3rd-party-robot-packages/tiago/tiago_bringup/build/tiago_bringup
