[0.110s] DEBUG:colcon:Command line arguments: ['/usr/bin/colcon', 'build']
[0.110s] DEBUG:colcon:Parsed command line arguments: Namespace(log_base=None, log_level=None, verb_name='build', build_base='build', install_base='install', merge_install=False, symlink_install=False, test_result_base=None, continue_on_error=False, executor='parallel', parallel_workers=8, event_handlers=None, ignore_user_meta=False, metas=['./colcon.meta'], base_paths=['.'], packages_ignore=None, packages_ignore_regex=None, paths=None, packages_up_to=None, packages_up_to_regex=None, packages_above=None, packages_above_and_dependencies=None, packages_above_depth=None, packages_select_by_dep=None, packages_skip_by_dep=None, packages_skip_up_to=None, packages_select_build_failed=False, packages_skip_build_finished=False, packages_select_test_failures=False, packages_skip_test_passed=False, packages_select=None, packages_skip=None, packages_select_regex=None, packages_skip_regex=None, packages_start=None, packages_end=None, allow_overriding=[], cmake_args=None, cmake_target=None, cmake_target_skip_unavailable=False, cmake_clean_cache=False, cmake_clean_first=False, cmake_force_configure=False, ament_cmake_args=None, catkin_cmake_args=None, catkin_skip_building_tests=False, verb_parser=<colcon_defaults.argument_parser.defaults.DefaultArgumentsDecorator object at 0x7fa8ba6a7850>, verb_extension=<colcon_core.verb.build.BuildVerb object at 0x7fa8ba7ec400>, main=<bound method BuildVerb.main of <colcon_core.verb.build.BuildVerb object at 0x7fa8ba7ec400>>)
[0.153s] Level 1:colcon.colcon_core.package_discovery:discover_packages(colcon_meta) check parameters
[0.153s] Level 1:colcon.colcon_core.package_discovery:discover_packages(recursive) check parameters
[0.153s] Level 1:colcon.colcon_core.package_discovery:discover_packages(ignore) check parameters
[0.153s] Level 1:colcon.colcon_core.package_discovery:discover_packages(path) check parameters
[0.153s] Level 1:colcon.colcon_core.package_discovery:discover_packages(colcon_meta) discover
[0.153s] Level 1:colcon.colcon_core.package_discovery:discover_packages(recursive) discover
[0.153s] INFO:colcon.colcon_core.package_discovery:Crawling recursively for packages in '/ros2-migration/arena/utils/3rd-party-robot-packages/cob4/cob_base_controller_utils'
[0.153s] Level 1:colcon.colcon_core.package_identification:_identify(.) by extensions ['ignore', 'ignore_ament_install']
[0.153s] Level 1:colcon.colcon_core.package_identification:_identify(.) by extension 'ignore'
[0.153s] Level 1:colcon.colcon_core.package_identification:_identify(.) by extension 'ignore_ament_install'
[0.153s] Level 1:colcon.colcon_core.package_identification:_identify(.) by extensions ['colcon_pkg']
[0.154s] Level 1:colcon.colcon_core.package_identification:_identify(.) by extension 'colcon_pkg'
[0.154s] Level 1:colcon.colcon_core.package_identification:_identify(.) by extensions ['colcon_meta']
[0.154s] Level 1:colcon.colcon_core.package_identification:_identify(.) by extension 'colcon_meta'
[0.154s] Level 1:colcon.colcon_core.package_identification:_identify(.) by extensions ['ros']
[0.154s] Level 1:colcon.colcon_core.package_identification:_identify(.) by extension 'ros'
[0.172s] DEBUG:colcon.colcon_core.package_identification:Package '.' with type 'ros.ament_cmake' and name 'cob_base_controller_utils'
[0.172s] Level 1:colcon.colcon_core.package_discovery:discover_packages(recursive) using defaults
[0.172s] Level 1:colcon.colcon_core.package_discovery:discover_packages(ignore) discover
[0.172s] Level 1:colcon.colcon_core.package_discovery:discover_packages(ignore) using defaults
[0.172s] Level 1:colcon.colcon_core.package_discovery:discover_packages(path) discover
[0.172s] Level 1:colcon.colcon_core.package_discovery:discover_packages(path) using defaults
[0.192s] Level 1:colcon.colcon_core.package_discovery:discover_packages(prefix_path) check parameters
[0.192s] Level 1:colcon.colcon_core.package_discovery:discover_packages(prefix_path) discover
[0.195s] DEBUG:colcon.colcon_installed_package_information.package_discovery:Found 275 installed packages in /opt/ros/humble
[0.197s] Level 1:colcon.colcon_core.package_discovery:discover_packages(prefix_path) using defaults
[0.242s] Level 5:colcon.colcon_core.verb:set package 'cob_base_controller_utils' build argument 'cmake_args' from command line to 'None'
[0.242s] Level 5:colcon.colcon_core.verb:set package 'cob_base_controller_utils' build argument 'cmake_target' from command line to 'None'
[0.242s] Level 5:colcon.colcon_core.verb:set package 'cob_base_controller_utils' build argument 'cmake_target_skip_unavailable' from command line to 'False'
[0.242s] Level 5:colcon.colcon_core.verb:set package 'cob_base_controller_utils' build argument 'cmake_clean_cache' from command line to 'False'
[0.242s] Level 5:colcon.colcon_core.verb:set package 'cob_base_controller_utils' build argument 'cmake_clean_first' from command line to 'False'
[0.242s] Level 5:colcon.colcon_core.verb:set package 'cob_base_controller_utils' build argument 'cmake_force_configure' from command line to 'False'
[0.242s] Level 5:colcon.colcon_core.verb:set package 'cob_base_controller_utils' build argument 'ament_cmake_args' from command line to 'None'
[0.242s] Level 5:colcon.colcon_core.verb:set package 'cob_base_controller_utils' build argument 'catkin_cmake_args' from command line to 'None'
[0.242s] Level 5:colcon.colcon_core.verb:set package 'cob_base_controller_utils' build argument 'catkin_skip_building_tests' from command line to 'False'
[0.242s] DEBUG:colcon.colcon_core.verb:Building package 'cob_base_controller_utils' with the following arguments: {'ament_cmake_args': None, 'build_base': '/ros2-migration/arena/utils/3rd-party-robot-packages/cob4/cob_base_controller_utils/build/cob_base_controller_utils', 'catkin_cmake_args': None, 'catkin_skip_building_tests': False, 'cmake_args': None, 'cmake_clean_cache': False, 'cmake_clean_first': False, 'cmake_force_configure': False, 'cmake_target': None, 'cmake_target_skip_unavailable': False, 'install_base': '/ros2-migration/arena/utils/3rd-party-robot-packages/cob4/cob_base_controller_utils/install/cob_base_controller_utils', 'merge_install': False, 'path': '/ros2-migration/arena/utils/3rd-party-robot-packages/cob4/cob_base_controller_utils', 'symlink_install': False, 'test_result_base': None}
[0.242s] INFO:colcon.colcon_core.executor:Executing jobs using 'parallel' executor
[0.243s] DEBUG:colcon.colcon_parallel_executor.executor.parallel:run_until_complete
[0.243s] INFO:colcon.colcon_ros.task.ament_cmake.build:Building ROS package in '/ros2-migration/arena/utils/3rd-party-robot-packages/cob4/cob_base_controller_utils' with build type 'ament_cmake'
[0.243s] INFO:colcon.colcon_cmake.task.cmake.build:Building CMake package in '/ros2-migration/arena/utils/3rd-party-robot-packages/cob4/cob_base_controller_utils'
[0.245s] INFO:colcon.colcon_core.plugin_system:Skipping extension 'colcon_core.shell.bat': Not used on non-Windows systems
[0.246s] INFO:colcon.colcon_core.shell:Skip shell extension 'powershell' for command environment: Not usable outside of PowerShell
[0.246s] DEBUG:colcon.colcon_core.shell:Skip shell extension 'dsv' for command environment
[0.253s] DEBUG:colcon.colcon_core.event_handler.log_command:Invoking command in '/ros2-migration/arena/utils/3rd-party-robot-packages/cob4/cob_base_controller_utils/build/cob_base_controller_utils': CMAKE_PREFIX_PATH=/opt/ros/humble /usr/bin/cmake --build /ros2-migration/arena/utils/3rd-party-robot-packages/cob4/cob_base_controller_utils/build/cob_base_controller_utils -- -j8 -l8
[1.523s] DEBUG:colcon.colcon_core.event_handler.log_command:Invoked command in '/ros2-migration/arena/utils/3rd-party-robot-packages/cob4/cob_base_controller_utils/build/cob_base_controller_utils' returned '2': CMAKE_PREFIX_PATH=/opt/ros/humble /usr/bin/cmake --build /ros2-migration/arena/utils/3rd-party-robot-packages/cob4/cob_base_controller_utils/build/cob_base_controller_utils -- -j8 -l8
[1.542s] Level 1:colcon.colcon_core.environment:create_environment_scripts_only(cob_base_controller_utils)
[1.544s] Level 1:colcon.colcon_core.environment:checking '/ros2-migration/arena/utils/3rd-party-robot-packages/cob4/cob_base_controller_utils/install/cob_base_controller_utils' for CMake module files
[1.544s] Level 1:colcon.colcon_core.environment:checking '/ros2-migration/arena/utils/3rd-party-robot-packages/cob4/cob_base_controller_utils/install/cob_base_controller_utils' for CMake config files
[1.545s] Level 1:colcon.colcon_core.environment:checking '/ros2-migration/arena/utils/3rd-party-robot-packages/cob4/cob_base_controller_utils/install/cob_base_controller_utils/bin'
[1.545s] Level 1:colcon.colcon_core.environment:checking '/ros2-migration/arena/utils/3rd-party-robot-packages/cob4/cob_base_controller_utils/install/cob_base_controller_utils/lib/pkgconfig/cob_base_controller_utils.pc'
[1.545s] Level 1:colcon.colcon_core.environment:checking '/ros2-migration/arena/utils/3rd-party-robot-packages/cob4/cob_base_controller_utils/install/cob_base_controller_utils/lib/python3.10/site-packages'
[1.546s] Level 1:colcon.colcon_core.environment:checking '/ros2-migration/arena/utils/3rd-party-robot-packages/cob4/cob_base_controller_utils/install/cob_base_controller_utils/bin'
[1.546s] INFO:colcon.colcon_core.shell:Creating package script '/ros2-migration/arena/utils/3rd-party-robot-packages/cob4/cob_base_controller_utils/install/cob_base_controller_utils/share/cob_base_controller_utils/package.ps1'
[1.547s] INFO:colcon.colcon_core.shell:Creating package descriptor '/ros2-migration/arena/utils/3rd-party-robot-packages/cob4/cob_base_controller_utils/install/cob_base_controller_utils/share/cob_base_controller_utils/package.dsv'
[1.547s] INFO:colcon.colcon_core.shell:Creating package script '/ros2-migration/arena/utils/3rd-party-robot-packages/cob4/cob_base_controller_utils/install/cob_base_controller_utils/share/cob_base_controller_utils/package.sh'
[1.548s] INFO:colcon.colcon_core.shell:Creating package script '/ros2-migration/arena/utils/3rd-party-robot-packages/cob4/cob_base_controller_utils/install/cob_base_controller_utils/share/cob_base_controller_utils/package.bash'
[1.549s] INFO:colcon.colcon_core.shell:Creating package script '/ros2-migration/arena/utils/3rd-party-robot-packages/cob4/cob_base_controller_utils/install/cob_base_controller_utils/share/cob_base_controller_utils/package.zsh'
[1.549s] Level 1:colcon.colcon_core.environment:create_file_with_runtime_dependencies(/ros2-migration/arena/utils/3rd-party-robot-packages/cob4/cob_base_controller_utils/install/cob_base_controller_utils/share/colcon-core/packages/cob_base_controller_utils)
[1.560s] DEBUG:colcon.colcon_parallel_executor.executor.parallel:closing loop
[1.560s] DEBUG:colcon.colcon_parallel_executor.executor.parallel:loop closed
[1.560s] DEBUG:colcon.colcon_parallel_executor.executor.parallel:run_until_complete finished with '2'
[1.560s] DEBUG:colcon.colcon_core.event_reactor:joining thread
[1.565s] INFO:colcon.colcon_core.plugin_system:Skipping extension 'colcon_notification.desktop_notification.notify_send': Could not find 'notify-send'
[1.565s] INFO:colcon.colcon_core.plugin_system:Skipping extension 'colcon_notification.desktop_notification.terminal_notifier': Not used on non-Darwin systems
[1.565s] INFO:colcon.colcon_core.plugin_system:Skipping extension 'colcon_notification.desktop_notification.win32': Not used on non-Windows systems
[1.565s] INFO:colcon.colcon_notification.desktop_notification:Sending desktop notification using 'notify2'
[1.567s] DEBUG:colcon.colcon_notification.desktop_notification.notify2:Failed to initialize notify2: org.freedesktop.DBus.Error.Spawn.ExecFailed: /usr/bin/dbus-launch terminated abnormally without any error message
[1.567s] DEBUG:colcon.colcon_core.event_reactor:joined thread
[1.568s] INFO:colcon.colcon_core.shell:Creating prefix script '/ros2-migration/arena/utils/3rd-party-robot-packages/cob4/cob_base_controller_utils/install/local_setup.ps1'
[1.569s] INFO:colcon.colcon_core.shell:Creating prefix util module '/ros2-migration/arena/utils/3rd-party-robot-packages/cob4/cob_base_controller_utils/install/_local_setup_util_ps1.py'
[1.570s] INFO:colcon.colcon_core.shell:Creating prefix chain script '/ros2-migration/arena/utils/3rd-party-robot-packages/cob4/cob_base_controller_utils/install/setup.ps1'
[1.571s] INFO:colcon.colcon_core.shell:Creating prefix script '/ros2-migration/arena/utils/3rd-party-robot-packages/cob4/cob_base_controller_utils/install/local_setup.sh'
[1.571s] INFO:colcon.colcon_core.shell:Creating prefix util module '/ros2-migration/arena/utils/3rd-party-robot-packages/cob4/cob_base_controller_utils/install/_local_setup_util_sh.py'
[1.572s] INFO:colcon.colcon_core.shell:Creating prefix chain script '/ros2-migration/arena/utils/3rd-party-robot-packages/cob4/cob_base_controller_utils/install/setup.sh'
[1.573s] INFO:colcon.colcon_core.shell:Creating prefix script '/ros2-migration/arena/utils/3rd-party-robot-packages/cob4/cob_base_controller_utils/install/local_setup.bash'
[1.573s] INFO:colcon.colcon_core.shell:Creating prefix chain script '/ros2-migration/arena/utils/3rd-party-robot-packages/cob4/cob_base_controller_utils/install/setup.bash'
[1.574s] INFO:colcon.colcon_core.shell:Creating prefix script '/ros2-migration/arena/utils/3rd-party-robot-packages/cob4/cob_base_controller_utils/install/local_setup.zsh'
[1.575s] INFO:colcon.colcon_core.shell:Creating prefix chain script '/ros2-migration/arena/utils/3rd-party-robot-packages/cob4/cob_base_controller_utils/install/setup.zsh'
