-- The C compiler identification is GNU 11.4.0
-- The CXX compiler identification is GNU 11.4.0
-- Detecting C compiler ABI info
-- Detecting C compiler ABI info - done
-- Check for working C compiler: /usr/bin/cc - skipped
-- Detecting C compile features
-- Detecting C compile features - done
-- Detecting CXX compiler ABI info
-- Detecting CXX compiler ABI info - done
-- Check for working CXX compiler: /usr/bin/c++ - skipped
-- Detecting CXX compile features
-- Detecting CXX compile features - done
-- Found ament_cmake: 1.3.8 (/opt/ros/humble/share/ament_cmake/cmake)
-- Found Python3: /usr/bin/python3 (found version "3.10.12") found components: Interpreter 
-- Found rosidl_default_generators: 1.2.0 (/opt/ros/humble/share/rosidl_default_generators/cmake)
-- Using all available rosidl_typesupport_c: rosidl_typesupport_fastrtps_c;rosidl_typesupport_introspection_c
-- Found rosidl_adapter: 3.1.5 (/opt/ros/humble/share/rosidl_adapter/cmake)
-- Using all available rosidl_typesupport_cpp: rosidl_typesupport_fastrtps_cpp;rosidl_typesupport_introspection_cpp
-- Found geometry_msgs: 4.2.3 (/opt/ros/humble/share/geometry_msgs/cmake)
-- Found sensor_msgs: 4.2.3 (/opt/ros/humble/share/sensor_msgs/cmake)
-- Found ament_cmake_ros: 0.10.0 (/opt/ros/humble/share/ament_cmake_ros/cmake)
-- Using all available rosidl_typesupport_c: rosidl_typesupport_fastrtps_c;rosidl_typesupport_introspection_c
-- Using all available rosidl_typesupport_cpp: rosidl_typesupport_fastrtps_cpp;rosidl_typesupport_introspection_cpp
-- Found PythonInterp: /usr/bin/python3.6 (found suitable version "3.6.15", minimum required is "3.6") 
-- Found python_cmake_module: 0.10.0 (/opt/ros/humble/share/python_cmake_module/cmake)
-- Found PythonLibs: /usr/lib/x86_64-linux-gnu/libpython3.6m.so (found suitable version "3.6.15", minimum required is "3.5") 
-- Using PYTHON_EXECUTABLE: /usr/bin/python3.6
-- Using PYTHON_INCLUDE_DIRS: /usr/include/python3.6m
-- Using PYTHON_LIBRARIES: /usr/lib/x86_64-linux-gnu/libpython3.6m.so
-- Found PythonExtra: .so  
-- Configuring done
-- Generating done
-- Build files have been written to: /home/ahmo030/ros2-migration/arena/utils/unitree_ros/unitree_legged_msgs/build/unitree_legged_msgs
[  1%] Generating C code for ROS interfaces
[  1%] Generating C++ code for ROS interfaces
[  1%] Built target ament_cmake_python_copy_unitree_legged_msgs
running egg_info
creating unitree_legged_msgs.egg-info
writing unitree_legged_msgs.egg-info/PKG-INFO
writing dependency_links to unitree_legged_msgs.egg-info/dependency_links.txt
writing top-level names to unitree_legged_msgs.egg-info/top_level.txt
writing manifest file 'unitree_legged_msgs.egg-info/SOURCES.txt'
reading manifest file 'unitree_legged_msgs.egg-info/SOURCES.txt'
writing manifest file 'unitree_legged_msgs.egg-info/SOURCES.txt'
[  1%] Built target ament_cmake_python_build_unitree_legged_msgs_egg
[  1%] Built target unitree_legged_msgs__cpp
[  1%] Generating C++ type support for eProsima Fast-RTPS
[  2%] Generating C++ type support dispatch for ROS interfaces
[  3%] Generating C++ introspection for ROS interfaces
[  4%] Building C object CMakeFiles/unitree_legged_msgs__rosidl_generator_c.dir/rosidl_generator_c/unitree_legged_msgs/msg/detail/motor_state__functions.c.o
[  5%] Building C object CMakeFiles/unitree_legged_msgs__rosidl_generator_c.dir/rosidl_generator_c/unitree_legged_msgs/msg/detail/imu__functions.c.o
[  6%] Building C object CMakeFiles/unitree_legged_msgs__rosidl_generator_c.dir/rosidl_generator_c/unitree_legged_msgs/msg/detail/bms_cmd__functions.c.o
[  7%] Building C object CMakeFiles/unitree_legged_msgs__rosidl_generator_c.dir/rosidl_generator_c/unitree_legged_msgs/msg/detail/motor_cmd__functions.c.o
[  9%] Building C object CMakeFiles/unitree_legged_msgs__rosidl_generator_c.dir/rosidl_generator_c/unitree_legged_msgs/msg/detail/cartesian__functions.c.o
[  9%] Building C object CMakeFiles/unitree_legged_msgs__rosidl_generator_c.dir/rosidl_generator_c/unitree_legged_msgs/msg/detail/bms_state__functions.c.o
[  9%] Building C object CMakeFiles/unitree_legged_msgs__rosidl_generator_c.dir/rosidl_generator_c/unitree_legged_msgs/msg/detail/low_cmd__functions.c.o
[ 12%] Building C object CMakeFiles/unitree_legged_msgs__rosidl_generator_c.dir/rosidl_generator_c/unitree_legged_msgs/msg/detail/high_state__functions.c.o
[ 12%] Building C object CMakeFiles/unitree_legged_msgs__rosidl_generator_c.dir/rosidl_generator_c/unitree_legged_msgs/msg/detail/high_cmd__functions.c.o
[ 12%] Building C object CMakeFiles/unitree_legged_msgs__rosidl_generator_c.dir/rosidl_generator_c/unitree_legged_msgs/msg/detail/low_state__functions.c.o
[ 13%] Building C object CMakeFiles/unitree_legged_msgs__rosidl_generator_c.dir/rosidl_generator_c/unitree_legged_msgs/msg/detail/led__functions.c.o
[ 14%] Linking C shared library libunitree_legged_msgs__rosidl_generator_c.so
[ 14%] Built target unitree_legged_msgs__rosidl_generator_c
[ 17%] Generating C type support for eProsima Fast-RTPS
[ 17%] Generating C type support dispatch for ROS interfaces
[ 17%] Generating C introspection for ROS interfaces
[ 21%] Building CXX object CMakeFiles/unitree_legged_msgs__rosidl_typesupport_cpp.dir/rosidl_typesupport_cpp/unitree_legged_msgs/msg/bms_cmd__type_support.cpp.o
[ 21%] Building CXX object CMakeFiles/unitree_legged_msgs__rosidl_typesupport_cpp.dir/rosidl_typesupport_cpp/unitree_legged_msgs/msg/motor_state__type_support.cpp.o
[ 21%] Building CXX object CMakeFiles/unitree_legged_msgs__rosidl_typesupport_cpp.dir/rosidl_typesupport_cpp/unitree_legged_msgs/msg/motor_cmd__type_support.cpp.o
[ 21%] Building CXX object CMakeFiles/unitree_legged_msgs__rosidl_typesupport_cpp.dir/rosidl_typesupport_cpp/unitree_legged_msgs/msg/bms_state__type_support.cpp.o
[ 22%] Building CXX object CMakeFiles/unitree_legged_msgs__rosidl_typesupport_cpp.dir/rosidl_typesupport_cpp/unitree_legged_msgs/msg/low_cmd__type_support.cpp.o
[ 23%] Building CXX object CMakeFiles/unitree_legged_msgs__rosidl_typesupport_cpp.dir/rosidl_typesupport_cpp/unitree_legged_msgs/msg/low_state__type_support.cpp.o
[ 24%] Building CXX object CMakeFiles/unitree_legged_msgs__rosidl_typesupport_cpp.dir/rosidl_typesupport_cpp/unitree_legged_msgs/msg/imu__type_support.cpp.o
[ 25%] Building CXX object CMakeFiles/unitree_legged_msgs__rosidl_typesupport_cpp.dir/rosidl_typesupport_cpp/unitree_legged_msgs/msg/led__type_support.cpp.o
[ 24%] Building CXX object CMakeFiles/unitree_legged_msgs__rosidl_typesupport_cpp.dir/rosidl_typesupport_cpp/unitree_legged_msgs/msg/cartesian__type_support.cpp.o
[ 26%] Building CXX object CMakeFiles/unitree_legged_msgs__rosidl_typesupport_cpp.dir/rosidl_typesupport_cpp/unitree_legged_msgs/msg/high_cmd__type_support.cpp.o
[ 27%] Building CXX object CMakeFiles/unitree_legged_msgs__rosidl_typesupport_cpp.dir/rosidl_typesupport_cpp/unitree_legged_msgs/msg/high_state__type_support.cpp.o
[ 29%] Building CXX object CMakeFiles/unitree_legged_msgs__rosidl_typesupport_c.dir/rosidl_typesupport_c/unitree_legged_msgs/msg/motor_state__type_support.cpp.o
[ 29%] Building CXX object CMakeFiles/unitree_legged_msgs__rosidl_typesupport_c.dir/rosidl_typesupport_c/unitree_legged_msgs/msg/motor_cmd__type_support.cpp.o
[ 29%] Building CXX object CMakeFiles/unitree_legged_msgs__rosidl_typesupport_c.dir/rosidl_typesupport_c/unitree_legged_msgs/msg/bms_cmd__type_support.cpp.o
[ 30%] Building CXX object CMakeFiles/unitree_legged_msgs__rosidl_typesupport_c.dir/rosidl_typesupport_c/unitree_legged_msgs/msg/cartesian__type_support.cpp.o
[ 31%] Building CXX object CMakeFiles/unitree_legged_msgs__rosidl_typesupport_c.dir/rosidl_typesupport_c/unitree_legged_msgs/msg/bms_state__type_support.cpp.o
[ 32%] Building CXX object CMakeFiles/unitree_legged_msgs__rosidl_typesupport_c.dir/rosidl_typesupport_c/unitree_legged_msgs/msg/imu__type_support.cpp.o
[ 33%] Building CXX object CMakeFiles/unitree_legged_msgs__rosidl_typesupport_c.dir/rosidl_typesupport_c/unitree_legged_msgs/msg/led__type_support.cpp.o
[ 34%] Building CXX object CMakeFiles/unitree_legged_msgs__rosidl_typesupport_introspection_cpp.dir/rosidl_typesupport_introspection_cpp/unitree_legged_msgs/msg/detail/motor_cmd__type_support.cpp.o
[ 34%] Building CXX object CMakeFiles/unitree_legged_msgs__rosidl_typesupport_introspection_cpp.dir/rosidl_typesupport_introspection_cpp/unitree_legged_msgs/msg/detail/motor_state__type_support.cpp.o
[ 35%] Building CXX object CMakeFiles/unitree_legged_msgs__rosidl_typesupport_c.dir/rosidl_typesupport_c/unitree_legged_msgs/msg/low_cmd__type_support.cpp.o
[ 36%] Building CXX object CMakeFiles/unitree_legged_msgs__rosidl_typesupport_c.dir/rosidl_typesupport_c/unitree_legged_msgs/msg/high_cmd__type_support.cpp.o
[ 37%] Building CXX object CMakeFiles/unitree_legged_msgs__rosidl_typesupport_c.dir/rosidl_typesupport_c/unitree_legged_msgs/msg/low_state__type_support.cpp.o
[ 38%] Building CXX object CMakeFiles/unitree_legged_msgs__rosidl_typesupport_c.dir/rosidl_typesupport_c/unitree_legged_msgs/msg/high_state__type_support.cpp.o
[ 39%] Building CXX object CMakeFiles/unitree_legged_msgs__rosidl_typesupport_introspection_cpp.dir/rosidl_typesupport_introspection_cpp/unitree_legged_msgs/msg/detail/bms_state__type_support.cpp.o
[ 40%] Building CXX object CMakeFiles/unitree_legged_msgs__rosidl_typesupport_introspection_cpp.dir/rosidl_typesupport_introspection_cpp/unitree_legged_msgs/msg/detail/cartesian__type_support.cpp.o
[ 41%] Building CXX object CMakeFiles/unitree_legged_msgs__rosidl_typesupport_introspection_cpp.dir/rosidl_typesupport_introspection_cpp/unitree_legged_msgs/msg/detail/imu__type_support.cpp.o
[ 42%] Building CXX object CMakeFiles/unitree_legged_msgs__rosidl_typesupport_introspection_cpp.dir/rosidl_typesupport_introspection_cpp/unitree_legged_msgs/msg/detail/bms_cmd__type_support.cpp.o
[ 43%] Building CXX object CMakeFiles/unitree_legged_msgs__rosidl_typesupport_introspection_cpp.dir/rosidl_typesupport_introspection_cpp/unitree_legged_msgs/msg/detail/led__type_support.cpp.o
[ 44%] Building CXX object CMakeFiles/unitree_legged_msgs__rosidl_typesupport_introspection_cpp.dir/rosidl_typesupport_introspection_cpp/unitree_legged_msgs/msg/detail/low_cmd__type_support.cpp.o
[ 45%] Linking CXX shared library libunitree_legged_msgs__rosidl_typesupport_c.so
[ 46%] Building CXX object CMakeFiles/unitree_legged_msgs__rosidl_typesupport_introspection_cpp.dir/rosidl_typesupport_introspection_cpp/unitree_legged_msgs/msg/detail/low_state__type_support.cpp.o
[ 47%] Linking CXX shared library libunitree_legged_msgs__rosidl_typesupport_cpp.so
[ 48%] Building CXX object CMakeFiles/unitree_legged_msgs__rosidl_typesupport_introspection_cpp.dir/rosidl_typesupport_introspection_cpp/unitree_legged_msgs/msg/detail/high_cmd__type_support.cpp.o
[ 49%] Building CXX object CMakeFiles/unitree_legged_msgs__rosidl_typesupport_introspection_cpp.dir/rosidl_typesupport_introspection_cpp/unitree_legged_msgs/msg/detail/high_state__type_support.cpp.o
[ 49%] Built target unitree_legged_msgs__rosidl_typesupport_c
[ 50%] Building CXX object CMakeFiles/unitree_legged_msgs__rosidl_typesupport_fastrtps_cpp.dir/rosidl_typesupport_fastrtps_cpp/unitree_legged_msgs/msg/detail/dds_fastrtps/motor_cmd__type_support.cpp.o
[ 51%] Building C object CMakeFiles/unitree_legged_msgs__rosidl_typesupport_introspection_c.dir/rosidl_typesupport_introspection_c/unitree_legged_msgs/msg/detail/motor_state__type_support.c.o
[ 52%] Building C object CMakeFiles/unitree_legged_msgs__rosidl_typesupport_introspection_c.dir/rosidl_typesupport_introspection_c/unitree_legged_msgs/msg/detail/motor_cmd__type_support.c.o
[ 52%] Built target unitree_legged_msgs__rosidl_typesupport_cpp
[ 53%] Building CXX object CMakeFiles/unitree_legged_msgs__rosidl_typesupport_fastrtps_cpp.dir/rosidl_typesupport_fastrtps_cpp/unitree_legged_msgs/msg/detail/dds_fastrtps/motor_state__type_support.cpp.o
[ 54%] Building CXX object CMakeFiles/unitree_legged_msgs__rosidl_typesupport_fastrtps_cpp.dir/rosidl_typesupport_fastrtps_cpp/unitree_legged_msgs/msg/detail/dds_fastrtps/bms_cmd__type_support.cpp.o
[ 55%] Building C object CMakeFiles/unitree_legged_msgs__rosidl_typesupport_introspection_c.dir/rosidl_typesupport_introspection_c/unitree_legged_msgs/msg/detail/bms_cmd__type_support.c.o
[ 56%] Building C object CMakeFiles/unitree_legged_msgs__rosidl_typesupport_introspection_c.dir/rosidl_typesupport_introspection_c/unitree_legged_msgs/msg/detail/bms_state__type_support.c.o
[ 57%] Building C object CMakeFiles/unitree_legged_msgs__rosidl_typesupport_introspection_c.dir/rosidl_typesupport_introspection_c/unitree_legged_msgs/msg/detail/cartesian__type_support.c.o
[ 58%] Building C object CMakeFiles/unitree_legged_msgs__rosidl_typesupport_introspection_c.dir/rosidl_typesupport_introspection_c/unitree_legged_msgs/msg/detail/imu__type_support.c.o
[ 59%] Building CXX object CMakeFiles/unitree_legged_msgs__rosidl_typesupport_fastrtps_c.dir/rosidl_typesupport_fastrtps_c/unitree_legged_msgs/msg/detail/motor_cmd__type_support_c.cpp.o
[ 59%] Building C object CMakeFiles/unitree_legged_msgs__rosidl_typesupport_introspection_c.dir/rosidl_typesupport_introspection_c/unitree_legged_msgs/msg/detail/led__type_support.c.o
[ 60%] Building C object CMakeFiles/unitree_legged_msgs__rosidl_typesupport_introspection_c.dir/rosidl_typesupport_introspection_c/unitree_legged_msgs/msg/detail/low_cmd__type_support.c.o
[ 61%] Building C object CMakeFiles/unitree_legged_msgs__rosidl_typesupport_introspection_c.dir/rosidl_typesupport_introspection_c/unitree_legged_msgs/msg/detail/low_state__type_support.c.o
[ 62%] Building CXX object CMakeFiles/unitree_legged_msgs__rosidl_typesupport_fastrtps_c.dir/rosidl_typesupport_fastrtps_c/unitree_legged_msgs/msg/detail/motor_state__type_support_c.cpp.o
[ 63%] Building CXX object CMakeFiles/unitree_legged_msgs__rosidl_typesupport_fastrtps_c.dir/rosidl_typesupport_fastrtps_c/unitree_legged_msgs/msg/detail/bms_cmd__type_support_c.cpp.o
[ 64%] Building CXX object CMakeFiles/unitree_legged_msgs__rosidl_typesupport_fastrtps_c.dir/rosidl_typesupport_fastrtps_c/unitree_legged_msgs/msg/detail/bms_state__type_support_c.cpp.o
[ 65%] Building C object CMakeFiles/unitree_legged_msgs__rosidl_typesupport_introspection_c.dir/rosidl_typesupport_introspection_c/unitree_legged_msgs/msg/detail/high_cmd__type_support.c.o
[ 65%] Building CXX object CMakeFiles/unitree_legged_msgs__rosidl_typesupport_fastrtps_c.dir/rosidl_typesupport_fastrtps_c/unitree_legged_msgs/msg/detail/cartesian__type_support_c.cpp.o
[ 66%] Building C object CMakeFiles/unitree_legged_msgs__rosidl_typesupport_introspection_c.dir/rosidl_typesupport_introspection_c/unitree_legged_msgs/msg/detail/high_state__type_support.c.o
[ 67%] Building CXX object CMakeFiles/unitree_legged_msgs__rosidl_typesupport_fastrtps_c.dir/rosidl_typesupport_fastrtps_c/unitree_legged_msgs/msg/detail/imu__type_support_c.cpp.o
[ 68%] Building CXX object CMakeFiles/unitree_legged_msgs__rosidl_typesupport_fastrtps_cpp.dir/rosidl_typesupport_fastrtps_cpp/unitree_legged_msgs/msg/detail/dds_fastrtps/bms_state__type_support.cpp.o
[ 69%] Building CXX object CMakeFiles/unitree_legged_msgs__rosidl_typesupport_fastrtps_c.dir/rosidl_typesupport_fastrtps_c/unitree_legged_msgs/msg/detail/led__type_support_c.cpp.o
[ 70%] Building CXX object CMakeFiles/unitree_legged_msgs__rosidl_typesupport_fastrtps_c.dir/rosidl_typesupport_fastrtps_c/unitree_legged_msgs/msg/detail/low_cmd__type_support_c.cpp.o
[ 71%] Building CXX object CMakeFiles/unitree_legged_msgs__rosidl_typesupport_fastrtps_cpp.dir/rosidl_typesupport_fastrtps_cpp/unitree_legged_msgs/msg/detail/dds_fastrtps/cartesian__type_support.cpp.o
[ 72%] Linking C shared library libunitree_legged_msgs__rosidl_typesupport_introspection_c.so
[ 73%] Building CXX object CMakeFiles/unitree_legged_msgs__rosidl_typesupport_fastrtps_c.dir/rosidl_typesupport_fastrtps_c/unitree_legged_msgs/msg/detail/low_state__type_support_c.cpp.o
[ 74%] Building CXX object CMakeFiles/unitree_legged_msgs__rosidl_typesupport_fastrtps_c.dir/rosidl_typesupport_fastrtps_c/unitree_legged_msgs/msg/detail/high_cmd__type_support_c.cpp.o
[ 75%] Linking CXX shared library libunitree_legged_msgs__rosidl_typesupport_introspection_cpp.so
[ 75%] Built target unitree_legged_msgs__rosidl_typesupport_introspection_c
[ 76%] Building CXX object CMakeFiles/unitree_legged_msgs__rosidl_typesupport_fastrtps_c.dir/rosidl_typesupport_fastrtps_c/unitree_legged_msgs/msg/detail/high_state__type_support_c.cpp.o
[ 77%] Building CXX object CMakeFiles/unitree_legged_msgs__rosidl_typesupport_fastrtps_cpp.dir/rosidl_typesupport_fastrtps_cpp/unitree_legged_msgs/msg/detail/dds_fastrtps/imu__type_support.cpp.o
[ 78%] Building CXX object CMakeFiles/unitree_legged_msgs__rosidl_typesupport_fastrtps_cpp.dir/rosidl_typesupport_fastrtps_cpp/unitree_legged_msgs/msg/detail/dds_fastrtps/led__type_support.cpp.o
[ 78%] Built target unitree_legged_msgs__rosidl_typesupport_introspection_cpp
[ 79%] Building CXX object CMakeFiles/unitree_legged_msgs__rosidl_typesupport_fastrtps_cpp.dir/rosidl_typesupport_fastrtps_cpp/unitree_legged_msgs/msg/detail/dds_fastrtps/low_cmd__type_support.cpp.o
[ 80%] Building CXX object CMakeFiles/unitree_legged_msgs__rosidl_typesupport_fastrtps_cpp.dir/rosidl_typesupport_fastrtps_cpp/unitree_legged_msgs/msg/detail/dds_fastrtps/low_state__type_support.cpp.o
[ 80%] Building CXX object CMakeFiles/unitree_legged_msgs__rosidl_typesupport_fastrtps_cpp.dir/rosidl_typesupport_fastrtps_cpp/unitree_legged_msgs/msg/detail/dds_fastrtps/high_cmd__type_support.cpp.o
[ 81%] Building CXX object CMakeFiles/unitree_legged_msgs__rosidl_typesupport_fastrtps_cpp.dir/rosidl_typesupport_fastrtps_cpp/unitree_legged_msgs/msg/detail/dds_fastrtps/high_state__type_support.cpp.o
[ 82%] Linking CXX shared library libunitree_legged_msgs__rosidl_typesupport_fastrtps_c.so
[ 82%] Built target unitree_legged_msgs__rosidl_typesupport_fastrtps_c
[ 83%] Linking CXX shared library libunitree_legged_msgs__rosidl_typesupport_fastrtps_cpp.so
[ 83%] Built target unitree_legged_msgs__rosidl_typesupport_fastrtps_cpp
[ 83%] Built target unitree_legged_msgs
[ 84%] Generating Python code for ROS interfaces
[ 84%] Built target unitree_legged_msgs__py
[ 87%] Building C object CMakeFiles/unitree_legged_msgs__rosidl_generator_py.dir/rosidl_generator_py/unitree_legged_msgs/msg/_imu_s.c.o
[ 87%] Building C object CMakeFiles/unitree_legged_msgs__rosidl_generator_py.dir/rosidl_generator_py/unitree_legged_msgs/msg/_bms_state_s.c.o
[ 87%] Building C object CMakeFiles/unitree_legged_msgs__rosidl_generator_py.dir/rosidl_generator_py/unitree_legged_msgs/msg/_led_s.c.o
[ 88%] Building C object CMakeFiles/unitree_legged_msgs__rosidl_generator_py.dir/rosidl_generator_py/unitree_legged_msgs/msg/_low_cmd_s.c.o
[ 88%] Building C object CMakeFiles/unitree_legged_msgs__rosidl_generator_py.dir/rosidl_generator_py/unitree_legged_msgs/msg/_bms_cmd_s.c.o
[ 89%] Building C object CMakeFiles/unitree_legged_msgs__rosidl_generator_py.dir/rosidl_generator_py/unitree_legged_msgs/msg/_motor_cmd_s.c.o
[ 90%] Building C object CMakeFiles/unitree_legged_msgs__rosidl_generator_py.dir/rosidl_generator_py/unitree_legged_msgs/msg/_motor_state_s.c.o
[ 91%] Building C object CMakeFiles/unitree_legged_msgs__rosidl_generator_py.dir/rosidl_generator_py/unitree_legged_msgs/msg/_cartesian_s.c.o
[ 92%] Building C object CMakeFiles/unitree_legged_msgs__rosidl_generator_py.dir/rosidl_generator_py/unitree_legged_msgs/msg/_high_cmd_s.c.o
[ 94%] Building C object CMakeFiles/unitree_legged_msgs__rosidl_generator_py.dir/rosidl_generator_py/unitree_legged_msgs/msg/_high_state_s.c.o
[ 94%] Building C object CMakeFiles/unitree_legged_msgs__rosidl_generator_py.dir/rosidl_generator_py/unitree_legged_msgs/msg/_low_state_s.c.o
[ 95%] Linking C shared library rosidl_generator_py/unitree_legged_msgs/libunitree_legged_msgs__rosidl_generator_py.so
[ 95%] Built target unitree_legged_msgs__rosidl_generator_py
[ 97%] Building C object CMakeFiles/unitree_legged_msgs__rosidl_typesupport_introspection_c__pyext.dir/rosidl_generator_py/unitree_legged_msgs/_unitree_legged_msgs_s.ep.rosidl_typesupport_introspection_c.c.o
[ 97%] Building C object CMakeFiles/unitree_legged_msgs__rosidl_typesupport_fastrtps_c__pyext.dir/rosidl_generator_py/unitree_legged_msgs/_unitree_legged_msgs_s.ep.rosidl_typesupport_fastrtps_c.c.o
[ 97%] Building C object CMakeFiles/unitree_legged_msgs__rosidl_typesupport_c__pyext.dir/rosidl_generator_py/unitree_legged_msgs/_unitree_legged_msgs_s.ep.rosidl_typesupport_c.c.o
[100%] Linking C shared library rosidl_generator_py/unitree_legged_msgs/unitree_legged_msgs_s__rosidl_typesupport_introspection_c.cpython-36m-x86_64-linux-gnu.so
[100%] Linking C shared library rosidl_generator_py/unitree_legged_msgs/unitree_legged_msgs_s__rosidl_typesupport_c.cpython-36m-x86_64-linux-gnu.so
[100%] Linking C shared library rosidl_generator_py/unitree_legged_msgs/unitree_legged_msgs_s__rosidl_typesupport_fastrtps_c.cpython-36m-x86_64-linux-gnu.so
[100%] Built target unitree_legged_msgs__rosidl_typesupport_c__pyext
[100%] Built target unitree_legged_msgs__rosidl_typesupport_fastrtps_c__pyext
[100%] Built target unitree_legged_msgs__rosidl_typesupport_introspection_c__pyext
-- Install configuration: ""
-- Installing: /home/ahmo030/ros2-migration/arena/utils/unitree_ros/unitree_legged_msgs/install/unitree_legged_msgs/share/ament_index/resource_index/rosidl_interfaces/unitree_legged_msgs
-- Installing: /home/ahmo030/ros2-migration/arena/utils/unitree_ros/unitree_legged_msgs/install/unitree_legged_msgs/include/unitree_legged_msgs/unitree_legged_msgs
-- Installing: /home/ahmo030/ros2-migration/arena/utils/unitree_ros/unitree_legged_msgs/install/unitree_legged_msgs/include/unitree_legged_msgs/unitree_legged_msgs/msg
-- Installing: /home/ahmo030/ros2-migration/arena/utils/unitree_ros/unitree_legged_msgs/install/unitree_legged_msgs/include/unitree_legged_msgs/unitree_legged_msgs/msg/high_state.h
-- Installing: /home/ahmo030/ros2-migration/arena/utils/unitree_ros/unitree_legged_msgs/install/unitree_legged_msgs/include/unitree_legged_msgs/unitree_legged_msgs/msg/bms_cmd.h
-- Installing: /home/ahmo030/ros2-migration/arena/utils/unitree_ros/unitree_legged_msgs/install/unitree_legged_msgs/include/unitree_legged_msgs/unitree_legged_msgs/msg/motor_cmd.h
-- Installing: /home/ahmo030/ros2-migration/arena/utils/unitree_ros/unitree_legged_msgs/install/unitree_legged_msgs/include/unitree_legged_msgs/unitree_legged_msgs/msg/cartesian.h
-- Installing: /home/ahmo030/ros2-migration/arena/utils/unitree_ros/unitree_legged_msgs/install/unitree_legged_msgs/include/unitree_legged_msgs/unitree_legged_msgs/msg/detail
-- Installing: /home/ahmo030/ros2-migration/arena/utils/unitree_ros/unitree_legged_msgs/install/unitree_legged_msgs/include/unitree_legged_msgs/unitree_legged_msgs/msg/detail/low_cmd__functions.h
-- Installing: /home/ahmo030/ros2-migration/arena/utils/unitree_ros/unitree_legged_msgs/install/unitree_legged_msgs/include/unitree_legged_msgs/unitree_legged_msgs/msg/detail/led__functions.c
-- Installing: /home/ahmo030/ros2-migration/arena/utils/unitree_ros/unitree_legged_msgs/install/unitree_legged_msgs/include/unitree_legged_msgs/unitree_legged_msgs/msg/detail/led__type_support.h
-- Installing: /home/ahmo030/ros2-migration/arena/utils/unitree_ros/unitree_legged_msgs/install/unitree_legged_msgs/include/unitree_legged_msgs/unitree_legged_msgs/msg/detail/motor_cmd__functions.c
-- Installing: /home/ahmo030/ros2-migration/arena/utils/unitree_ros/unitree_legged_msgs/install/unitree_legged_msgs/include/unitree_legged_msgs/unitree_legged_msgs/msg/detail/imu__struct.h
-- Installing: /home/ahmo030/ros2-migration/arena/utils/unitree_ros/unitree_legged_msgs/install/unitree_legged_msgs/include/unitree_legged_msgs/unitree_legged_msgs/msg/detail/bms_cmd__struct.h
-- Installing: /home/ahmo030/ros2-migration/arena/utils/unitree_ros/unitree_legged_msgs/install/unitree_legged_msgs/include/unitree_legged_msgs/unitree_legged_msgs/msg/detail/high_cmd__struct.h
-- Installing: /home/ahmo030/ros2-migration/arena/utils/unitree_ros/unitree_legged_msgs/install/unitree_legged_msgs/include/unitree_legged_msgs/unitree_legged_msgs/msg/detail/bms_cmd__functions.c
-- Installing: /home/ahmo030/ros2-migration/arena/utils/unitree_ros/unitree_legged_msgs/install/unitree_legged_msgs/include/unitree_legged_msgs/unitree_legged_msgs/msg/detail/bms_cmd__functions.h
-- Installing: /home/ahmo030/ros2-migration/arena/utils/unitree_ros/unitree_legged_msgs/install/unitree_legged_msgs/include/unitree_legged_msgs/unitree_legged_msgs/msg/detail/high_state__struct.h
-- Installing: /home/ahmo030/ros2-migration/arena/utils/unitree_ros/unitree_legged_msgs/install/unitree_legged_msgs/include/unitree_legged_msgs/unitree_legged_msgs/msg/detail/high_cmd__functions.c
-- Installing: /home/ahmo030/ros2-migration/arena/utils/unitree_ros/unitree_legged_msgs/install/unitree_legged_msgs/include/unitree_legged_msgs/unitree_legged_msgs/msg/detail/cartesian__functions.h
-- Installing: /home/ahmo030/ros2-migration/arena/utils/unitree_ros/unitree_legged_msgs/install/unitree_legged_msgs/include/unitree_legged_msgs/unitree_legged_msgs/msg/detail/motor_cmd__functions.h
-- Installing: /home/ahmo030/ros2-migration/arena/utils/unitree_ros/unitree_legged_msgs/install/unitree_legged_msgs/include/unitree_legged_msgs/unitree_legged_msgs/msg/detail/motor_state__struct.h
-- Installing: /home/ahmo030/ros2-migration/arena/utils/unitree_ros/unitree_legged_msgs/install/unitree_legged_msgs/include/unitree_legged_msgs/unitree_legged_msgs/msg/detail/bms_state__type_support.h
-- Installing: /home/ahmo030/ros2-migration/arena/utils/unitree_ros/unitree_legged_msgs/install/unitree_legged_msgs/include/unitree_legged_msgs/unitree_legged_msgs/msg/detail/low_state__type_support.h
-- Installing: /home/ahmo030/ros2-migration/arena/utils/unitree_ros/unitree_legged_msgs/install/unitree_legged_msgs/include/unitree_legged_msgs/unitree_legged_msgs/msg/detail/motor_state__type_support.h
-- Installing: /home/ahmo030/ros2-migration/arena/utils/unitree_ros/unitree_legged_msgs/install/unitree_legged_msgs/include/unitree_legged_msgs/unitree_legged_msgs/msg/detail/imu__type_support.h
-- Installing: /home/ahmo030/ros2-migration/arena/utils/unitree_ros/unitree_legged_msgs/install/unitree_legged_msgs/include/unitree_legged_msgs/unitree_legged_msgs/msg/detail/high_state__functions.c
-- Installing: /home/ahmo030/ros2-migration/arena/utils/unitree_ros/unitree_legged_msgs/install/unitree_legged_msgs/include/unitree_legged_msgs/unitree_legged_msgs/msg/detail/high_cmd__type_support.h
-- Installing: /home/ahmo030/ros2-migration/arena/utils/unitree_ros/unitree_legged_msgs/install/unitree_legged_msgs/include/unitree_legged_msgs/unitree_legged_msgs/msg/detail/imu__functions.c
-- Installing: /home/ahmo030/ros2-migration/arena/utils/unitree_ros/unitree_legged_msgs/install/unitree_legged_msgs/include/unitree_legged_msgs/unitree_legged_msgs/msg/detail/motor_cmd__type_support.h
-- Installing: /home/ahmo030/ros2-migration/arena/utils/unitree_ros/unitree_legged_msgs/install/unitree_legged_msgs/include/unitree_legged_msgs/unitree_legged_msgs/msg/detail/bms_state__struct.h
-- Installing: /home/ahmo030/ros2-migration/arena/utils/unitree_ros/unitree_legged_msgs/install/unitree_legged_msgs/include/unitree_legged_msgs/unitree_legged_msgs/msg/detail/high_cmd__functions.h
-- Installing: /home/ahmo030/ros2-migration/arena/utils/unitree_ros/unitree_legged_msgs/install/unitree_legged_msgs/include/unitree_legged_msgs/unitree_legged_msgs/msg/detail/led__functions.h
-- Installing: /home/ahmo030/ros2-migration/arena/utils/unitree_ros/unitree_legged_msgs/install/unitree_legged_msgs/include/unitree_legged_msgs/unitree_legged_msgs/msg/detail/low_state__struct.h
-- Installing: /home/ahmo030/ros2-migration/arena/utils/unitree_ros/unitree_legged_msgs/install/unitree_legged_msgs/include/unitree_legged_msgs/unitree_legged_msgs/msg/detail/bms_state__functions.c
-- Installing: /home/ahmo030/ros2-migration/arena/utils/unitree_ros/unitree_legged_msgs/install/unitree_legged_msgs/include/unitree_legged_msgs/unitree_legged_msgs/msg/detail/low_cmd__type_support.h
-- Installing: /home/ahmo030/ros2-migration/arena/utils/unitree_ros/unitree_legged_msgs/install/unitree_legged_msgs/include/unitree_legged_msgs/unitree_legged_msgs/msg/detail/cartesian__functions.c
-- Installing: /home/ahmo030/ros2-migration/arena/utils/unitree_ros/unitree_legged_msgs/install/unitree_legged_msgs/include/unitree_legged_msgs/unitree_legged_msgs/msg/detail/bms_state__functions.h
-- Installing: /home/ahmo030/ros2-migration/arena/utils/unitree_ros/unitree_legged_msgs/install/unitree_legged_msgs/include/unitree_legged_msgs/unitree_legged_msgs/msg/detail/cartesian__type_support.h
-- Installing: /home/ahmo030/ros2-migration/arena/utils/unitree_ros/unitree_legged_msgs/install/unitree_legged_msgs/include/unitree_legged_msgs/unitree_legged_msgs/msg/detail/led__struct.h
-- Installing: /home/ahmo030/ros2-migration/arena/utils/unitree_ros/unitree_legged_msgs/install/unitree_legged_msgs/include/unitree_legged_msgs/unitree_legged_msgs/msg/detail/motor_state__functions.h
-- Installing: /home/ahmo030/ros2-migration/arena/utils/unitree_ros/unitree_legged_msgs/install/unitree_legged_msgs/include/unitree_legged_msgs/unitree_legged_msgs/msg/detail/low_cmd__functions.c
-- Installing: /home/ahmo030/ros2-migration/arena/utils/unitree_ros/unitree_legged_msgs/install/unitree_legged_msgs/include/unitree_legged_msgs/unitree_legged_msgs/msg/detail/high_state__functions.h
-- Installing: /home/ahmo030/ros2-migration/arena/utils/unitree_ros/unitree_legged_msgs/install/unitree_legged_msgs/include/unitree_legged_msgs/unitree_legged_msgs/msg/detail/low_state__functions.h
-- Installing: /home/ahmo030/ros2-migration/arena/utils/unitree_ros/unitree_legged_msgs/install/unitree_legged_msgs/include/unitree_legged_msgs/unitree_legged_msgs/msg/detail/high_state__type_support.h
-- Installing: /home/ahmo030/ros2-migration/arena/utils/unitree_ros/unitree_legged_msgs/install/unitree_legged_msgs/include/unitree_legged_msgs/unitree_legged_msgs/msg/detail/cartesian__struct.h
-- Installing: /home/ahmo030/ros2-migration/arena/utils/unitree_ros/unitree_legged_msgs/install/unitree_legged_msgs/include/unitree_legged_msgs/unitree_legged_msgs/msg/detail/low_cmd__struct.h
-- Installing: /home/ahmo030/ros2-migration/arena/utils/unitree_ros/unitree_legged_msgs/install/unitree_legged_msgs/include/unitree_legged_msgs/unitree_legged_msgs/msg/detail/bms_cmd__type_support.h
-- Installing: /home/ahmo030/ros2-migration/arena/utils/unitree_ros/unitree_legged_msgs/install/unitree_legged_msgs/include/unitree_legged_msgs/unitree_legged_msgs/msg/detail/motor_cmd__struct.h
-- Installing: /home/ahmo030/ros2-migration/arena/utils/unitree_ros/unitree_legged_msgs/install/unitree_legged_msgs/include/unitree_legged_msgs/unitree_legged_msgs/msg/detail/motor_state__functions.c
-- Installing: /home/ahmo030/ros2-migration/arena/utils/unitree_ros/unitree_legged_msgs/install/unitree_legged_msgs/include/unitree_legged_msgs/unitree_legged_msgs/msg/detail/imu__functions.h
-- Installing: /home/ahmo030/ros2-migration/arena/utils/unitree_ros/unitree_legged_msgs/install/unitree_legged_msgs/include/unitree_legged_msgs/unitree_legged_msgs/msg/detail/low_state__functions.c
-- Installing: /home/ahmo030/ros2-migration/arena/utils/unitree_ros/unitree_legged_msgs/install/unitree_legged_msgs/include/unitree_legged_msgs/unitree_legged_msgs/msg/imu.h
-- Installing: /home/ahmo030/ros2-migration/arena/utils/unitree_ros/unitree_legged_msgs/install/unitree_legged_msgs/include/unitree_legged_msgs/unitree_legged_msgs/msg/low_cmd.h
-- Installing: /home/ahmo030/ros2-migration/arena/utils/unitree_ros/unitree_legged_msgs/install/unitree_legged_msgs/include/unitree_legged_msgs/unitree_legged_msgs/msg/high_cmd.h
-- Installing: /home/ahmo030/ros2-migration/arena/utils/unitree_ros/unitree_legged_msgs/install/unitree_legged_msgs/include/unitree_legged_msgs/unitree_legged_msgs/msg/motor_state.h
-- Installing: /home/ahmo030/ros2-migration/arena/utils/unitree_ros/unitree_legged_msgs/install/unitree_legged_msgs/include/unitree_legged_msgs/unitree_legged_msgs/msg/bms_state.h
-- Installing: /home/ahmo030/ros2-migration/arena/utils/unitree_ros/unitree_legged_msgs/install/unitree_legged_msgs/include/unitree_legged_msgs/unitree_legged_msgs/msg/rosidl_generator_c__visibility_control.h
-- Installing: /home/ahmo030/ros2-migration/arena/utils/unitree_ros/unitree_legged_msgs/install/unitree_legged_msgs/include/unitree_legged_msgs/unitree_legged_msgs/msg/low_state.h
-- Installing: /home/ahmo030/ros2-migration/arena/utils/unitree_ros/unitree_legged_msgs/install/unitree_legged_msgs/include/unitree_legged_msgs/unitree_legged_msgs/msg/led.h
-- Installing: /home/ahmo030/ros2-migration/arena/utils/unitree_ros/unitree_legged_msgs/install/unitree_legged_msgs/share/unitree_legged_msgs/environment/library_path.sh
-- Installing: /home/ahmo030/ros2-migration/arena/utils/unitree_ros/unitree_legged_msgs/install/unitree_legged_msgs/share/unitree_legged_msgs/environment/library_path.dsv
-- Installing: /home/ahmo030/ros2-migration/arena/utils/unitree_ros/unitree_legged_msgs/install/unitree_legged_msgs/lib/libunitree_legged_msgs__rosidl_generator_c.so
-- Set runtime path of "/home/ahmo030/ros2-migration/arena/utils/unitree_ros/unitree_legged_msgs/install/unitree_legged_msgs/lib/libunitree_legged_msgs__rosidl_generator_c.so" to ""
-- Up-to-date: /home/ahmo030/ros2-migration/arena/utils/unitree_ros/unitree_legged_msgs/install/unitree_legged_msgs/include/unitree_legged_msgs/unitree_legged_msgs
-- Up-to-date: /home/ahmo030/ros2-migration/arena/utils/unitree_ros/unitree_legged_msgs/install/unitree_legged_msgs/include/unitree_legged_msgs/unitree_legged_msgs/msg
-- Installing: /home/ahmo030/ros2-migration/arena/utils/unitree_ros/unitree_legged_msgs/install/unitree_legged_msgs/include/unitree_legged_msgs/unitree_legged_msgs/msg/rosidl_typesupport_fastrtps_c__visibility_control.h
-- Up-to-date: /home/ahmo030/ros2-migration/arena/utils/unitree_ros/unitree_legged_msgs/install/unitree_legged_msgs/include/unitree_legged_msgs/unitree_legged_msgs/msg/detail
-- Installing: /home/ahmo030/ros2-migration/arena/utils/unitree_ros/unitree_legged_msgs/install/unitree_legged_msgs/include/unitree_legged_msgs/unitree_legged_msgs/msg/detail/motor_state__rosidl_typesupport_fastrtps_c.h
-- Installing: /home/ahmo030/ros2-migration/arena/utils/unitree_ros/unitree_legged_msgs/install/unitree_legged_msgs/include/unitree_legged_msgs/unitree_legged_msgs/msg/detail/led__rosidl_typesupport_fastrtps_c.h
-- Installing: /home/ahmo030/ros2-migration/arena/utils/unitree_ros/unitree_legged_msgs/install/unitree_legged_msgs/include/unitree_legged_msgs/unitree_legged_msgs/msg/detail/bms_cmd__rosidl_typesupport_fastrtps_c.h
-- Installing: /home/ahmo030/ros2-migration/arena/utils/unitree_ros/unitree_legged_msgs/install/unitree_legged_msgs/include/unitree_legged_msgs/unitree_legged_msgs/msg/detail/imu__rosidl_typesupport_fastrtps_c.h
-- Installing: /home/ahmo030/ros2-migration/arena/utils/unitree_ros/unitree_legged_msgs/install/unitree_legged_msgs/include/unitree_legged_msgs/unitree_legged_msgs/msg/detail/bms_state__rosidl_typesupport_fastrtps_c.h
-- Installing: /home/ahmo030/ros2-migration/arena/utils/unitree_ros/unitree_legged_msgs/install/unitree_legged_msgs/include/unitree_legged_msgs/unitree_legged_msgs/msg/detail/low_cmd__rosidl_typesupport_fastrtps_c.h
-- Installing: /home/ahmo030/ros2-migration/arena/utils/unitree_ros/unitree_legged_msgs/install/unitree_legged_msgs/include/unitree_legged_msgs/unitree_legged_msgs/msg/detail/high_state__rosidl_typesupport_fastrtps_c.h
-- Installing: /home/ahmo030/ros2-migration/arena/utils/unitree_ros/unitree_legged_msgs/install/unitree_legged_msgs/include/unitree_legged_msgs/unitree_legged_msgs/msg/detail/high_cmd__rosidl_typesupport_fastrtps_c.h
-- Installing: /home/ahmo030/ros2-migration/arena/utils/unitree_ros/unitree_legged_msgs/install/unitree_legged_msgs/include/unitree_legged_msgs/unitree_legged_msgs/msg/detail/motor_cmd__rosidl_typesupport_fastrtps_c.h
-- Installing: /home/ahmo030/ros2-migration/arena/utils/unitree_ros/unitree_legged_msgs/install/unitree_legged_msgs/include/unitree_legged_msgs/unitree_legged_msgs/msg/detail/cartesian__rosidl_typesupport_fastrtps_c.h
-- Installing: /home/ahmo030/ros2-migration/arena/utils/unitree_ros/unitree_legged_msgs/install/unitree_legged_msgs/include/unitree_legged_msgs/unitree_legged_msgs/msg/detail/low_state__rosidl_typesupport_fastrtps_c.h
-- Installing: /home/ahmo030/ros2-migration/arena/utils/unitree_ros/unitree_legged_msgs/install/unitree_legged_msgs/lib/libunitree_legged_msgs__rosidl_typesupport_fastrtps_c.so
-- Set runtime path of "/home/ahmo030/ros2-migration/arena/utils/unitree_ros/unitree_legged_msgs/install/unitree_legged_msgs/lib/libunitree_legged_msgs__rosidl_typesupport_fastrtps_c.so" to ""
-- Up-to-date: /home/ahmo030/ros2-migration/arena/utils/unitree_ros/unitree_legged_msgs/install/unitree_legged_msgs/include/unitree_legged_msgs/unitree_legged_msgs
-- Up-to-date: /home/ahmo030/ros2-migration/arena/utils/unitree_ros/unitree_legged_msgs/install/unitree_legged_msgs/include/unitree_legged_msgs/unitree_legged_msgs/msg
-- Installing: /home/ahmo030/ros2-migration/arena/utils/unitree_ros/unitree_legged_msgs/install/unitree_legged_msgs/include/unitree_legged_msgs/unitree_legged_msgs/msg/rosidl_typesupport_introspection_c__visibility_control.h
-- Up-to-date: /home/ahmo030/ros2-migration/arena/utils/unitree_ros/unitree_legged_msgs/install/unitree_legged_msgs/include/unitree_legged_msgs/unitree_legged_msgs/msg/detail
-- Installing: /home/ahmo030/ros2-migration/arena/utils/unitree_ros/unitree_legged_msgs/install/unitree_legged_msgs/include/unitree_legged_msgs/unitree_legged_msgs/msg/detail/low_state__type_support.c
-- Installing: /home/ahmo030/ros2-migration/arena/utils/unitree_ros/unitree_legged_msgs/install/unitree_legged_msgs/include/unitree_legged_msgs/unitree_legged_msgs/msg/detail/high_cmd__type_support.c
-- Installing: /home/ahmo030/ros2-migration/arena/utils/unitree_ros/unitree_legged_msgs/install/unitree_legged_msgs/include/unitree_legged_msgs/unitree_legged_msgs/msg/detail/cartesian__rosidl_typesupport_introspection_c.h
-- Installing: /home/ahmo030/ros2-migration/arena/utils/unitree_ros/unitree_legged_msgs/install/unitree_legged_msgs/include/unitree_legged_msgs/unitree_legged_msgs/msg/detail/high_cmd__rosidl_typesupport_introspection_c.h
-- Installing: /home/ahmo030/ros2-migration/arena/utils/unitree_ros/unitree_legged_msgs/install/unitree_legged_msgs/include/unitree_legged_msgs/unitree_legged_msgs/msg/detail/motor_state__type_support.c
-- Installing: /home/ahmo030/ros2-migration/arena/utils/unitree_ros/unitree_legged_msgs/install/unitree_legged_msgs/include/unitree_legged_msgs/unitree_legged_msgs/msg/detail/cartesian__type_support.c
-- Installing: /home/ahmo030/ros2-migration/arena/utils/unitree_ros/unitree_legged_msgs/install/unitree_legged_msgs/include/unitree_legged_msgs/unitree_legged_msgs/msg/detail/bms_state__type_support.c
-- Installing: /home/ahmo030/ros2-migration/arena/utils/unitree_ros/unitree_legged_msgs/install/unitree_legged_msgs/include/unitree_legged_msgs/unitree_legged_msgs/msg/detail/led__rosidl_typesupport_introspection_c.h
-- Installing: /home/ahmo030/ros2-migration/arena/utils/unitree_ros/unitree_legged_msgs/install/unitree_legged_msgs/include/unitree_legged_msgs/unitree_legged_msgs/msg/detail/imu__type_support.c
-- Installing: /home/ahmo030/ros2-migration/arena/utils/unitree_ros/unitree_legged_msgs/install/unitree_legged_msgs/include/unitree_legged_msgs/unitree_legged_msgs/msg/detail/motor_cmd__rosidl_typesupport_introspection_c.h
-- Installing: /home/ahmo030/ros2-migration/arena/utils/unitree_ros/unitree_legged_msgs/install/unitree_legged_msgs/include/unitree_legged_msgs/unitree_legged_msgs/msg/detail/bms_cmd__rosidl_typesupport_introspection_c.h
-- Installing: /home/ahmo030/ros2-migration/arena/utils/unitree_ros/unitree_legged_msgs/install/unitree_legged_msgs/include/unitree_legged_msgs/unitree_legged_msgs/msg/detail/motor_cmd__type_support.c
-- Installing: /home/ahmo030/ros2-migration/arena/utils/unitree_ros/unitree_legged_msgs/install/unitree_legged_msgs/include/unitree_legged_msgs/unitree_legged_msgs/msg/detail/imu__rosidl_typesupport_introspection_c.h
-- Installing: /home/ahmo030/ros2-migration/arena/utils/unitree_ros/unitree_legged_msgs/install/unitree_legged_msgs/include/unitree_legged_msgs/unitree_legged_msgs/msg/detail/low_cmd__rosidl_typesupport_introspection_c.h
-- Installing: /home/ahmo030/ros2-migration/arena/utils/unitree_ros/unitree_legged_msgs/install/unitree_legged_msgs/include/unitree_legged_msgs/unitree_legged_msgs/msg/detail/motor_state__rosidl_typesupport_introspection_c.h
-- Installing: /home/ahmo030/ros2-migration/arena/utils/unitree_ros/unitree_legged_msgs/install/unitree_legged_msgs/include/unitree_legged_msgs/unitree_legged_msgs/msg/detail/low_state__rosidl_typesupport_introspection_c.h
-- Installing: /home/ahmo030/ros2-migration/arena/utils/unitree_ros/unitree_legged_msgs/install/unitree_legged_msgs/include/unitree_legged_msgs/unitree_legged_msgs/msg/detail/bms_state__rosidl_typesupport_introspection_c.h
-- Installing: /home/ahmo030/ros2-migration/arena/utils/unitree_ros/unitree_legged_msgs/install/unitree_legged_msgs/include/unitree_legged_msgs/unitree_legged_msgs/msg/detail/led__type_support.c
-- Installing: /home/ahmo030/ros2-migration/arena/utils/unitree_ros/unitree_legged_msgs/install/unitree_legged_msgs/include/unitree_legged_msgs/unitree_legged_msgs/msg/detail/bms_cmd__type_support.c
-- Installing: /home/ahmo030/ros2-migration/arena/utils/unitree_ros/unitree_legged_msgs/install/unitree_legged_msgs/include/unitree_legged_msgs/unitree_legged_msgs/msg/detail/high_state__type_support.c
-- Installing: /home/ahmo030/ros2-migration/arena/utils/unitree_ros/unitree_legged_msgs/install/unitree_legged_msgs/include/unitree_legged_msgs/unitree_legged_msgs/msg/detail/high_state__rosidl_typesupport_introspection_c.h
-- Installing: /home/ahmo030/ros2-migration/arena/utils/unitree_ros/unitree_legged_msgs/install/unitree_legged_msgs/include/unitree_legged_msgs/unitree_legged_msgs/msg/detail/low_cmd__type_support.c
-- Installing: /home/ahmo030/ros2-migration/arena/utils/unitree_ros/unitree_legged_msgs/install/unitree_legged_msgs/lib/libunitree_legged_msgs__rosidl_typesupport_introspection_c.so
-- Set runtime path of "/home/ahmo030/ros2-migration/arena/utils/unitree_ros/unitree_legged_msgs/install/unitree_legged_msgs/lib/libunitree_legged_msgs__rosidl_typesupport_introspection_c.so" to ""
-- Installing: /home/ahmo030/ros2-migration/arena/utils/unitree_ros/unitree_legged_msgs/install/unitree_legged_msgs/lib/libunitree_legged_msgs__rosidl_typesupport_c.so
-- Set runtime path of "/home/ahmo030/ros2-migration/arena/utils/unitree_ros/unitree_legged_msgs/install/unitree_legged_msgs/lib/libunitree_legged_msgs__rosidl_typesupport_c.so" to ""
-- Up-to-date: /home/ahmo030/ros2-migration/arena/utils/unitree_ros/unitree_legged_msgs/install/unitree_legged_msgs/include/unitree_legged_msgs/unitree_legged_msgs
-- Up-to-date: /home/ahmo030/ros2-migration/arena/utils/unitree_ros/unitree_legged_msgs/install/unitree_legged_msgs/include/unitree_legged_msgs/unitree_legged_msgs/msg
-- Installing: /home/ahmo030/ros2-migration/arena/utils/unitree_ros/unitree_legged_msgs/install/unitree_legged_msgs/include/unitree_legged_msgs/unitree_legged_msgs/msg/bms_state.hpp
-- Installing: /home/ahmo030/ros2-migration/arena/utils/unitree_ros/unitree_legged_msgs/install/unitree_legged_msgs/include/unitree_legged_msgs/unitree_legged_msgs/msg/motor_cmd.hpp
-- Installing: /home/ahmo030/ros2-migration/arena/utils/unitree_ros/unitree_legged_msgs/install/unitree_legged_msgs/include/unitree_legged_msgs/unitree_legged_msgs/msg/motor_state.hpp
-- Installing: /home/ahmo030/ros2-migration/arena/utils/unitree_ros/unitree_legged_msgs/install/unitree_legged_msgs/include/unitree_legged_msgs/unitree_legged_msgs/msg/led.hpp
-- Installing: /home/ahmo030/ros2-migration/arena/utils/unitree_ros/unitree_legged_msgs/install/unitree_legged_msgs/include/unitree_legged_msgs/unitree_legged_msgs/msg/high_state.hpp
-- Installing: /home/ahmo030/ros2-migration/arena/utils/unitree_ros/unitree_legged_msgs/install/unitree_legged_msgs/include/unitree_legged_msgs/unitree_legged_msgs/msg/bms_cmd.hpp
-- Installing: /home/ahmo030/ros2-migration/arena/utils/unitree_ros/unitree_legged_msgs/install/unitree_legged_msgs/include/unitree_legged_msgs/unitree_legged_msgs/msg/high_cmd.hpp
-- Up-to-date: /home/ahmo030/ros2-migration/arena/utils/unitree_ros/unitree_legged_msgs/install/unitree_legged_msgs/include/unitree_legged_msgs/unitree_legged_msgs/msg/detail
-- Installing: /home/ahmo030/ros2-migration/arena/utils/unitree_ros/unitree_legged_msgs/install/unitree_legged_msgs/include/unitree_legged_msgs/unitree_legged_msgs/msg/detail/motor_state__traits.hpp
-- Installing: /home/ahmo030/ros2-migration/arena/utils/unitree_ros/unitree_legged_msgs/install/unitree_legged_msgs/include/unitree_legged_msgs/unitree_legged_msgs/msg/detail/bms_state__struct.hpp
-- Installing: /home/ahmo030/ros2-migration/arena/utils/unitree_ros/unitree_legged_msgs/install/unitree_legged_msgs/include/unitree_legged_msgs/unitree_legged_msgs/msg/detail/bms_cmd__traits.hpp
-- Installing: /home/ahmo030/ros2-migration/arena/utils/unitree_ros/unitree_legged_msgs/install/unitree_legged_msgs/include/unitree_legged_msgs/unitree_legged_msgs/msg/detail/high_cmd__struct.hpp
-- Installing: /home/ahmo030/ros2-migration/arena/utils/unitree_ros/unitree_legged_msgs/install/unitree_legged_msgs/include/unitree_legged_msgs/unitree_legged_msgs/msg/detail/high_state__builder.hpp
-- Installing: /home/ahmo030/ros2-migration/arena/utils/unitree_ros/unitree_legged_msgs/install/unitree_legged_msgs/include/unitree_legged_msgs/unitree_legged_msgs/msg/detail/high_cmd__builder.hpp
-- Installing: /home/ahmo030/ros2-migration/arena/utils/unitree_ros/unitree_legged_msgs/install/unitree_legged_msgs/include/unitree_legged_msgs/unitree_legged_msgs/msg/detail/motor_cmd__traits.hpp
-- Installing: /home/ahmo030/ros2-migration/arena/utils/unitree_ros/unitree_legged_msgs/install/unitree_legged_msgs/include/unitree_legged_msgs/unitree_legged_msgs/msg/detail/high_state__struct.hpp
-- Installing: /home/ahmo030/ros2-migration/arena/utils/unitree_ros/unitree_legged_msgs/install/unitree_legged_msgs/include/unitree_legged_msgs/unitree_legged_msgs/msg/detail/led__traits.hpp
-- Installing: /home/ahmo030/ros2-migration/arena/utils/unitree_ros/unitree_legged_msgs/install/unitree_legged_msgs/include/unitree_legged_msgs/unitree_legged_msgs/msg/detail/low_state__struct.hpp
-- Installing: /home/ahmo030/ros2-migration/arena/utils/unitree_ros/unitree_legged_msgs/install/unitree_legged_msgs/include/unitree_legged_msgs/unitree_legged_msgs/msg/detail/low_cmd__builder.hpp
-- Installing: /home/ahmo030/ros2-migration/arena/utils/unitree_ros/unitree_legged_msgs/install/unitree_legged_msgs/include/unitree_legged_msgs/unitree_legged_msgs/msg/detail/motor_cmd__struct.hpp
-- Installing: /home/ahmo030/ros2-migration/arena/utils/unitree_ros/unitree_legged_msgs/install/unitree_legged_msgs/include/unitree_legged_msgs/unitree_legged_msgs/msg/detail/low_cmd__traits.hpp
-- Installing: /home/ahmo030/ros2-migration/arena/utils/unitree_ros/unitree_legged_msgs/install/unitree_legged_msgs/include/unitree_legged_msgs/unitree_legged_msgs/msg/detail/imu__traits.hpp
-- Installing: /home/ahmo030/ros2-migration/arena/utils/unitree_ros/unitree_legged_msgs/install/unitree_legged_msgs/include/unitree_legged_msgs/unitree_legged_msgs/msg/detail/motor_cmd__builder.hpp
-- Installing: /home/ahmo030/ros2-migration/arena/utils/unitree_ros/unitree_legged_msgs/install/unitree_legged_msgs/include/unitree_legged_msgs/unitree_legged_msgs/msg/detail/cartesian__struct.hpp
-- Installing: /home/ahmo030/ros2-migration/arena/utils/unitree_ros/unitree_legged_msgs/install/unitree_legged_msgs/include/unitree_legged_msgs/unitree_legged_msgs/msg/detail/bms_cmd__builder.hpp
-- Installing: /home/ahmo030/ros2-migration/arena/utils/unitree_ros/unitree_legged_msgs/install/unitree_legged_msgs/include/unitree_legged_msgs/unitree_legged_msgs/msg/detail/motor_state__builder.hpp
-- Installing: /home/ahmo030/ros2-migration/arena/utils/unitree_ros/unitree_legged_msgs/install/unitree_legged_msgs/include/unitree_legged_msgs/unitree_legged_msgs/msg/detail/low_cmd__struct.hpp
-- Installing: /home/ahmo030/ros2-migration/arena/utils/unitree_ros/unitree_legged_msgs/install/unitree_legged_msgs/include/unitree_legged_msgs/unitree_legged_msgs/msg/detail/bms_state__traits.hpp
-- Installing: /home/ahmo030/ros2-migration/arena/utils/unitree_ros/unitree_legged_msgs/install/unitree_legged_msgs/include/unitree_legged_msgs/unitree_legged_msgs/msg/detail/led__builder.hpp
-- Installing: /home/ahmo030/ros2-migration/arena/utils/unitree_ros/unitree_legged_msgs/install/unitree_legged_msgs/include/unitree_legged_msgs/unitree_legged_msgs/msg/detail/motor_state__struct.hpp
-- Installing: /home/ahmo030/ros2-migration/arena/utils/unitree_ros/unitree_legged_msgs/install/unitree_legged_msgs/include/unitree_legged_msgs/unitree_legged_msgs/msg/detail/high_state__traits.hpp
-- Installing: /home/ahmo030/ros2-migration/arena/utils/unitree_ros/unitree_legged_msgs/install/unitree_legged_msgs/include/unitree_legged_msgs/unitree_legged_msgs/msg/detail/cartesian__builder.hpp
-- Installing: /home/ahmo030/ros2-migration/arena/utils/unitree_ros/unitree_legged_msgs/install/unitree_legged_msgs/include/unitree_legged_msgs/unitree_legged_msgs/msg/detail/low_state__builder.hpp
-- Installing: /home/ahmo030/ros2-migration/arena/utils/unitree_ros/unitree_legged_msgs/install/unitree_legged_msgs/include/unitree_legged_msgs/unitree_legged_msgs/msg/detail/low_state__traits.hpp
-- Installing: /home/ahmo030/ros2-migration/arena/utils/unitree_ros/unitree_legged_msgs/install/unitree_legged_msgs/include/unitree_legged_msgs/unitree_legged_msgs/msg/detail/bms_state__builder.hpp
-- Installing: /home/ahmo030/ros2-migration/arena/utils/unitree_ros/unitree_legged_msgs/install/unitree_legged_msgs/include/unitree_legged_msgs/unitree_legged_msgs/msg/detail/imu__builder.hpp
-- Installing: /home/ahmo030/ros2-migration/arena/utils/unitree_ros/unitree_legged_msgs/install/unitree_legged_msgs/include/unitree_legged_msgs/unitree_legged_msgs/msg/detail/imu__struct.hpp
-- Installing: /home/ahmo030/ros2-migration/arena/utils/unitree_ros/unitree_legged_msgs/install/unitree_legged_msgs/include/unitree_legged_msgs/unitree_legged_msgs/msg/detail/cartesian__traits.hpp
-- Installing: /home/ahmo030/ros2-migration/arena/utils/unitree_ros/unitree_legged_msgs/install/unitree_legged_msgs/include/unitree_legged_msgs/unitree_legged_msgs/msg/detail/led__struct.hpp
-- Installing: /home/ahmo030/ros2-migration/arena/utils/unitree_ros/unitree_legged_msgs/install/unitree_legged_msgs/include/unitree_legged_msgs/unitree_legged_msgs/msg/detail/high_cmd__traits.hpp
-- Installing: /home/ahmo030/ros2-migration/arena/utils/unitree_ros/unitree_legged_msgs/install/unitree_legged_msgs/include/unitree_legged_msgs/unitree_legged_msgs/msg/detail/bms_cmd__struct.hpp
-- Installing: /home/ahmo030/ros2-migration/arena/utils/unitree_ros/unitree_legged_msgs/install/unitree_legged_msgs/include/unitree_legged_msgs/unitree_legged_msgs/msg/cartesian.hpp
-- Installing: /home/ahmo030/ros2-migration/arena/utils/unitree_ros/unitree_legged_msgs/install/unitree_legged_msgs/include/unitree_legged_msgs/unitree_legged_msgs/msg/low_state.hpp
-- Installing: /home/ahmo030/ros2-migration/arena/utils/unitree_ros/unitree_legged_msgs/install/unitree_legged_msgs/include/unitree_legged_msgs/unitree_legged_msgs/msg/imu.hpp
-- Installing: /home/ahmo030/ros2-migration/arena/utils/unitree_ros/unitree_legged_msgs/install/unitree_legged_msgs/include/unitree_legged_msgs/unitree_legged_msgs/msg/low_cmd.hpp
-- Up-to-date: /home/ahmo030/ros2-migration/arena/utils/unitree_ros/unitree_legged_msgs/install/unitree_legged_msgs/include/unitree_legged_msgs/unitree_legged_msgs
-- Up-to-date: /home/ahmo030/ros2-migration/arena/utils/unitree_ros/unitree_legged_msgs/install/unitree_legged_msgs/include/unitree_legged_msgs/unitree_legged_msgs/msg
-- Up-to-date: /home/ahmo030/ros2-migration/arena/utils/unitree_ros/unitree_legged_msgs/install/unitree_legged_msgs/include/unitree_legged_msgs/unitree_legged_msgs/msg/detail
-- Installing: /home/ahmo030/ros2-migration/arena/utils/unitree_ros/unitree_legged_msgs/install/unitree_legged_msgs/include/unitree_legged_msgs/unitree_legged_msgs/msg/detail/imu__rosidl_typesupport_fastrtps_cpp.hpp
-- Installing: /home/ahmo030/ros2-migration/arena/utils/unitree_ros/unitree_legged_msgs/install/unitree_legged_msgs/include/unitree_legged_msgs/unitree_legged_msgs/msg/detail/led__rosidl_typesupport_fastrtps_cpp.hpp
-- Installing: /home/ahmo030/ros2-migration/arena/utils/unitree_ros/unitree_legged_msgs/install/unitree_legged_msgs/include/unitree_legged_msgs/unitree_legged_msgs/msg/detail/high_cmd__rosidl_typesupport_fastrtps_cpp.hpp
-- Installing: /home/ahmo030/ros2-migration/arena/utils/unitree_ros/unitree_legged_msgs/install/unitree_legged_msgs/include/unitree_legged_msgs/unitree_legged_msgs/msg/detail/low_state__rosidl_typesupport_fastrtps_cpp.hpp
-- Installing: /home/ahmo030/ros2-migration/arena/utils/unitree_ros/unitree_legged_msgs/install/unitree_legged_msgs/include/unitree_legged_msgs/unitree_legged_msgs/msg/detail/cartesian__rosidl_typesupport_fastrtps_cpp.hpp
-- Installing: /home/ahmo030/ros2-migration/arena/utils/unitree_ros/unitree_legged_msgs/install/unitree_legged_msgs/include/unitree_legged_msgs/unitree_legged_msgs/msg/detail/motor_state__rosidl_typesupport_fastrtps_cpp.hpp
-- Installing: /home/ahmo030/ros2-migration/arena/utils/unitree_ros/unitree_legged_msgs/install/unitree_legged_msgs/include/unitree_legged_msgs/unitree_legged_msgs/msg/detail/dds_fastrtps
-- Installing: /home/ahmo030/ros2-migration/arena/utils/unitree_ros/unitree_legged_msgs/install/unitree_legged_msgs/include/unitree_legged_msgs/unitree_legged_msgs/msg/detail/high_state__rosidl_typesupport_fastrtps_cpp.hpp
-- Installing: /home/ahmo030/ros2-migration/arena/utils/unitree_ros/unitree_legged_msgs/install/unitree_legged_msgs/include/unitree_legged_msgs/unitree_legged_msgs/msg/detail/bms_cmd__rosidl_typesupport_fastrtps_cpp.hpp
-- Installing: /home/ahmo030/ros2-migration/arena/utils/unitree_ros/unitree_legged_msgs/install/unitree_legged_msgs/include/unitree_legged_msgs/unitree_legged_msgs/msg/detail/low_cmd__rosidl_typesupport_fastrtps_cpp.hpp
-- Installing: /home/ahmo030/ros2-migration/arena/utils/unitree_ros/unitree_legged_msgs/install/unitree_legged_msgs/include/unitree_legged_msgs/unitree_legged_msgs/msg/detail/bms_state__rosidl_typesupport_fastrtps_cpp.hpp
-- Installing: /home/ahmo030/ros2-migration/arena/utils/unitree_ros/unitree_legged_msgs/install/unitree_legged_msgs/include/unitree_legged_msgs/unitree_legged_msgs/msg/detail/motor_cmd__rosidl_typesupport_fastrtps_cpp.hpp
-- Installing: /home/ahmo030/ros2-migration/arena/utils/unitree_ros/unitree_legged_msgs/install/unitree_legged_msgs/include/unitree_legged_msgs/unitree_legged_msgs/msg/rosidl_typesupport_fastrtps_cpp__visibility_control.h
-- Installing: /home/ahmo030/ros2-migration/arena/utils/unitree_ros/unitree_legged_msgs/install/unitree_legged_msgs/lib/libunitree_legged_msgs__rosidl_typesupport_fastrtps_cpp.so
-- Set runtime path of "/home/ahmo030/ros2-migration/arena/utils/unitree_ros/unitree_legged_msgs/install/unitree_legged_msgs/lib/libunitree_legged_msgs__rosidl_typesupport_fastrtps_cpp.so" to ""
-- Up-to-date: /home/ahmo030/ros2-migration/arena/utils/unitree_ros/unitree_legged_msgs/install/unitree_legged_msgs/include/unitree_legged_msgs/unitree_legged_msgs
-- Up-to-date: /home/ahmo030/ros2-migration/arena/utils/unitree_ros/unitree_legged_msgs/install/unitree_legged_msgs/include/unitree_legged_msgs/unitree_legged_msgs/msg
-- Up-to-date: /home/ahmo030/ros2-migration/arena/utils/unitree_ros/unitree_legged_msgs/install/unitree_legged_msgs/include/unitree_legged_msgs/unitree_legged_msgs/msg/detail
-- Installing: /home/ahmo030/ros2-migration/arena/utils/unitree_ros/unitree_legged_msgs/install/unitree_legged_msgs/include/unitree_legged_msgs/unitree_legged_msgs/msg/detail/bms_cmd__type_support.cpp
-- Installing: /home/ahmo030/ros2-migration/arena/utils/unitree_ros/unitree_legged_msgs/install/unitree_legged_msgs/include/unitree_legged_msgs/unitree_legged_msgs/msg/detail/high_cmd__rosidl_typesupport_introspection_cpp.hpp
-- Installing: /home/ahmo030/ros2-migration/arena/utils/unitree_ros/unitree_legged_msgs/install/unitree_legged_msgs/include/unitree_legged_msgs/unitree_legged_msgs/msg/detail/motor_state__type_support.cpp
-- Installing: /home/ahmo030/ros2-migration/arena/utils/unitree_ros/unitree_legged_msgs/install/unitree_legged_msgs/include/unitree_legged_msgs/unitree_legged_msgs/msg/detail/low_state__type_support.cpp
-- Installing: /home/ahmo030/ros2-migration/arena/utils/unitree_ros/unitree_legged_msgs/install/unitree_legged_msgs/include/unitree_legged_msgs/unitree_legged_msgs/msg/detail/bms_state__rosidl_typesupport_introspection_cpp.hpp
-- Installing: /home/ahmo030/ros2-migration/arena/utils/unitree_ros/unitree_legged_msgs/install/unitree_legged_msgs/include/unitree_legged_msgs/unitree_legged_msgs/msg/detail/motor_cmd__type_support.cpp
-- Installing: /home/ahmo030/ros2-migration/arena/utils/unitree_ros/unitree_legged_msgs/install/unitree_legged_msgs/include/unitree_legged_msgs/unitree_legged_msgs/msg/detail/low_cmd__type_support.cpp
-- Installing: /home/ahmo030/ros2-migration/arena/utils/unitree_ros/unitree_legged_msgs/install/unitree_legged_msgs/include/unitree_legged_msgs/unitree_legged_msgs/msg/detail/cartesian__rosidl_typesupport_introspection_cpp.hpp
-- Installing: /home/ahmo030/ros2-migration/arena/utils/unitree_ros/unitree_legged_msgs/install/unitree_legged_msgs/include/unitree_legged_msgs/unitree_legged_msgs/msg/detail/low_state__rosidl_typesupport_introspection_cpp.hpp
-- Installing: /home/ahmo030/ros2-migration/arena/utils/unitree_ros/unitree_legged_msgs/install/unitree_legged_msgs/include/unitree_legged_msgs/unitree_legged_msgs/msg/detail/motor_state__rosidl_typesupport_introspection_cpp.hpp
-- Installing: /home/ahmo030/ros2-migration/arena/utils/unitree_ros/unitree_legged_msgs/install/unitree_legged_msgs/include/unitree_legged_msgs/unitree_legged_msgs/msg/detail/cartesian__type_support.cpp
-- Installing: /home/ahmo030/ros2-migration/arena/utils/unitree_ros/unitree_legged_msgs/install/unitree_legged_msgs/include/unitree_legged_msgs/unitree_legged_msgs/msg/detail/high_state__rosidl_typesupport_introspection_cpp.hpp
-- Installing: /home/ahmo030/ros2-migration/arena/utils/unitree_ros/unitree_legged_msgs/install/unitree_legged_msgs/include/unitree_legged_msgs/unitree_legged_msgs/msg/detail/high_state__type_support.cpp
-- Installing: /home/ahmo030/ros2-migration/arena/utils/unitree_ros/unitree_legged_msgs/install/unitree_legged_msgs/include/unitree_legged_msgs/unitree_legged_msgs/msg/detail/motor_cmd__rosidl_typesupport_introspection_cpp.hpp
-- Installing: /home/ahmo030/ros2-migration/arena/utils/unitree_ros/unitree_legged_msgs/install/unitree_legged_msgs/include/unitree_legged_msgs/unitree_legged_msgs/msg/detail/led__type_support.cpp
-- Installing: /home/ahmo030/ros2-migration/arena/utils/unitree_ros/unitree_legged_msgs/install/unitree_legged_msgs/include/unitree_legged_msgs/unitree_legged_msgs/msg/detail/low_cmd__rosidl_typesupport_introspection_cpp.hpp
-- Installing: /home/ahmo030/ros2-migration/arena/utils/unitree_ros/unitree_legged_msgs/install/unitree_legged_msgs/include/unitree_legged_msgs/unitree_legged_msgs/msg/detail/bms_cmd__rosidl_typesupport_introspection_cpp.hpp
-- Installing: /home/ahmo030/ros2-migration/arena/utils/unitree_ros/unitree_legged_msgs/install/unitree_legged_msgs/include/unitree_legged_msgs/unitree_legged_msgs/msg/detail/led__rosidl_typesupport_introspection_cpp.hpp
-- Installing: /home/ahmo030/ros2-migration/arena/utils/unitree_ros/unitree_legged_msgs/install/unitree_legged_msgs/include/unitree_legged_msgs/unitree_legged_msgs/msg/detail/bms_state__type_support.cpp
-- Installing: /home/ahmo030/ros2-migration/arena/utils/unitree_ros/unitree_legged_msgs/install/unitree_legged_msgs/include/unitree_legged_msgs/unitree_legged_msgs/msg/detail/imu__rosidl_typesupport_introspection_cpp.hpp
-- Installing: /home/ahmo030/ros2-migration/arena/utils/unitree_ros/unitree_legged_msgs/install/unitree_legged_msgs/include/unitree_legged_msgs/unitree_legged_msgs/msg/detail/imu__type_support.cpp
-- Installing: /home/ahmo030/ros2-migration/arena/utils/unitree_ros/unitree_legged_msgs/install/unitree_legged_msgs/include/unitree_legged_msgs/unitree_legged_msgs/msg/detail/high_cmd__type_support.cpp
-- Installing: /home/ahmo030/ros2-migration/arena/utils/unitree_ros/unitree_legged_msgs/install/unitree_legged_msgs/lib/libunitree_legged_msgs__rosidl_typesupport_introspection_cpp.so
-- Set runtime path of "/home/ahmo030/ros2-migration/arena/utils/unitree_ros/unitree_legged_msgs/install/unitree_legged_msgs/lib/libunitree_legged_msgs__rosidl_typesupport_introspection_cpp.so" to ""
-- Installing: /home/ahmo030/ros2-migration/arena/utils/unitree_ros/unitree_legged_msgs/install/unitree_legged_msgs/lib/libunitree_legged_msgs__rosidl_typesupport_cpp.so
-- Set runtime path of "/home/ahmo030/ros2-migration/arena/utils/unitree_ros/unitree_legged_msgs/install/unitree_legged_msgs/lib/libunitree_legged_msgs__rosidl_typesupport_cpp.so" to ""
-- Installing: /home/ahmo030/ros2-migration/arena/utils/unitree_ros/unitree_legged_msgs/install/unitree_legged_msgs/share/unitree_legged_msgs/environment/pythonpath.sh
-- Installing: /home/ahmo030/ros2-migration/arena/utils/unitree_ros/unitree_legged_msgs/install/unitree_legged_msgs/share/unitree_legged_msgs/environment/pythonpath.dsv
-- Installing: /home/ahmo030/ros2-migration/arena/utils/unitree_ros/unitree_legged_msgs/install/unitree_legged_msgs/local/lib/python3.10/dist-packages/unitree_legged_msgs-0.0.0-py3.10.egg-info
-- Installing: /home/ahmo030/ros2-migration/arena/utils/unitree_ros/unitree_legged_msgs/install/unitree_legged_msgs/local/lib/python3.10/dist-packages/unitree_legged_msgs-0.0.0-py3.10.egg-info/SOURCES.txt
-- Installing: /home/ahmo030/ros2-migration/arena/utils/unitree_ros/unitree_legged_msgs/install/unitree_legged_msgs/local/lib/python3.10/dist-packages/unitree_legged_msgs-0.0.0-py3.10.egg-info/top_level.txt
-- Installing: /home/ahmo030/ros2-migration/arena/utils/unitree_ros/unitree_legged_msgs/install/unitree_legged_msgs/local/lib/python3.10/dist-packages/unitree_legged_msgs-0.0.0-py3.10.egg-info/dependency_links.txt
-- Installing: /home/ahmo030/ros2-migration/arena/utils/unitree_ros/unitree_legged_msgs/install/unitree_legged_msgs/local/lib/python3.10/dist-packages/unitree_legged_msgs-0.0.0-py3.10.egg-info/PKG-INFO
-- Installing: /home/ahmo030/ros2-migration/arena/utils/unitree_ros/unitree_legged_msgs/install/unitree_legged_msgs/local/lib/python3.10/dist-packages/unitree_legged_msgs
-- Installing: /home/ahmo030/ros2-migration/arena/utils/unitree_ros/unitree_legged_msgs/install/unitree_legged_msgs/local/lib/python3.10/dist-packages/unitree_legged_msgs/unitree_legged_msgs_s__rosidl_typesupport_c.cpython-36m-x86_64-linux-gnu.so
-- Installing: /home/ahmo030/ros2-migration/arena/utils/unitree_ros/unitree_legged_msgs/install/unitree_legged_msgs/local/lib/python3.10/dist-packages/unitree_legged_msgs/_unitree_legged_msgs_s.ep.rosidl_typesupport_fastrtps_c.c
-- Installing: /home/ahmo030/ros2-migration/arena/utils/unitree_ros/unitree_legged_msgs/install/unitree_legged_msgs/local/lib/python3.10/dist-packages/unitree_legged_msgs/unitree_legged_msgs_s__rosidl_typesupport_fastrtps_c.cpython-36m-x86_64-linux-gnu.so
-- Installing: /home/ahmo030/ros2-migration/arena/utils/unitree_ros/unitree_legged_msgs/install/unitree_legged_msgs/local/lib/python3.10/dist-packages/unitree_legged_msgs/libunitree_legged_msgs__rosidl_generator_py.so
-- Installing: /home/ahmo030/ros2-migration/arena/utils/unitree_ros/unitree_legged_msgs/install/unitree_legged_msgs/local/lib/python3.10/dist-packages/unitree_legged_msgs/_unitree_legged_msgs_s.ep.rosidl_typesupport_c.c
-- Installing: /home/ahmo030/ros2-migration/arena/utils/unitree_ros/unitree_legged_msgs/install/unitree_legged_msgs/local/lib/python3.10/dist-packages/unitree_legged_msgs/_unitree_legged_msgs_s.ep.rosidl_typesupport_introspection_c.c
-- Installing: /home/ahmo030/ros2-migration/arena/utils/unitree_ros/unitree_legged_msgs/install/unitree_legged_msgs/local/lib/python3.10/dist-packages/unitree_legged_msgs/unitree_legged_msgs_s__rosidl_typesupport_introspection_c.cpython-36m-x86_64-linux-gnu.so
-- Installing: /home/ahmo030/ros2-migration/arena/utils/unitree_ros/unitree_legged_msgs/install/unitree_legged_msgs/local/lib/python3.10/dist-packages/unitree_legged_msgs/__init__.py
-- Installing: /home/ahmo030/ros2-migration/arena/utils/unitree_ros/unitree_legged_msgs/install/unitree_legged_msgs/local/lib/python3.10/dist-packages/unitree_legged_msgs/msg
-- Installing: /home/ahmo030/ros2-migration/arena/utils/unitree_ros/unitree_legged_msgs/install/unitree_legged_msgs/local/lib/python3.10/dist-packages/unitree_legged_msgs/msg/_bms_state.py
-- Installing: /home/ahmo030/ros2-migration/arena/utils/unitree_ros/unitree_legged_msgs/install/unitree_legged_msgs/local/lib/python3.10/dist-packages/unitree_legged_msgs/msg/_high_state.py
-- Installing: /home/ahmo030/ros2-migration/arena/utils/unitree_ros/unitree_legged_msgs/install/unitree_legged_msgs/local/lib/python3.10/dist-packages/unitree_legged_msgs/msg/_imu.py
-- Installing: /home/ahmo030/ros2-migration/arena/utils/unitree_ros/unitree_legged_msgs/install/unitree_legged_msgs/local/lib/python3.10/dist-packages/unitree_legged_msgs/msg/_bms_state_s.c
-- Installing: /home/ahmo030/ros2-migration/arena/utils/unitree_ros/unitree_legged_msgs/install/unitree_legged_msgs/local/lib/python3.10/dist-packages/unitree_legged_msgs/msg/_motor_cmd.py
-- Installing: /home/ahmo030/ros2-migration/arena/utils/unitree_ros/unitree_legged_msgs/install/unitree_legged_msgs/local/lib/python3.10/dist-packages/unitree_legged_msgs/msg/_cartesian_s.c
-- Installing: /home/ahmo030/ros2-migration/arena/utils/unitree_ros/unitree_legged_msgs/install/unitree_legged_msgs/local/lib/python3.10/dist-packages/unitree_legged_msgs/msg/_low_cmd.py
-- Installing: /home/ahmo030/ros2-migration/arena/utils/unitree_ros/unitree_legged_msgs/install/unitree_legged_msgs/local/lib/python3.10/dist-packages/unitree_legged_msgs/msg/_high_state_s.c
-- Installing: /home/ahmo030/ros2-migration/arena/utils/unitree_ros/unitree_legged_msgs/install/unitree_legged_msgs/local/lib/python3.10/dist-packages/unitree_legged_msgs/msg/_motor_cmd_s.c
-- Installing: /home/ahmo030/ros2-migration/arena/utils/unitree_ros/unitree_legged_msgs/install/unitree_legged_msgs/local/lib/python3.10/dist-packages/unitree_legged_msgs/msg/_bms_cmd.py
-- Installing: /home/ahmo030/ros2-migration/arena/utils/unitree_ros/unitree_legged_msgs/install/unitree_legged_msgs/local/lib/python3.10/dist-packages/unitree_legged_msgs/msg/_high_cmd.py
-- Installing: /home/ahmo030/ros2-migration/arena/utils/unitree_ros/unitree_legged_msgs/install/unitree_legged_msgs/local/lib/python3.10/dist-packages/unitree_legged_msgs/msg/_cartesian.py
-- Installing: /home/ahmo030/ros2-migration/arena/utils/unitree_ros/unitree_legged_msgs/install/unitree_legged_msgs/local/lib/python3.10/dist-packages/unitree_legged_msgs/msg/_low_state_s.c
-- Installing: /home/ahmo030/ros2-migration/arena/utils/unitree_ros/unitree_legged_msgs/install/unitree_legged_msgs/local/lib/python3.10/dist-packages/unitree_legged_msgs/msg/_led_s.c
-- Installing: /home/ahmo030/ros2-migration/arena/utils/unitree_ros/unitree_legged_msgs/install/unitree_legged_msgs/local/lib/python3.10/dist-packages/unitree_legged_msgs/msg/_high_cmd_s.c
-- Installing: /home/ahmo030/ros2-migration/arena/utils/unitree_ros/unitree_legged_msgs/install/unitree_legged_msgs/local/lib/python3.10/dist-packages/unitree_legged_msgs/msg/_low_state.py
-- Installing: /home/ahmo030/ros2-migration/arena/utils/unitree_ros/unitree_legged_msgs/install/unitree_legged_msgs/local/lib/python3.10/dist-packages/unitree_legged_msgs/msg/__init__.py
-- Installing: /home/ahmo030/ros2-migration/arena/utils/unitree_ros/unitree_legged_msgs/install/unitree_legged_msgs/local/lib/python3.10/dist-packages/unitree_legged_msgs/msg/_low_cmd_s.c
-- Installing: /home/ahmo030/ros2-migration/arena/utils/unitree_ros/unitree_legged_msgs/install/unitree_legged_msgs/local/lib/python3.10/dist-packages/unitree_legged_msgs/msg/_motor_state_s.c
-- Installing: /home/ahmo030/ros2-migration/arena/utils/unitree_ros/unitree_legged_msgs/install/unitree_legged_msgs/local/lib/python3.10/dist-packages/unitree_legged_msgs/msg/_led.py
-- Installing: /home/ahmo030/ros2-migration/arena/utils/unitree_ros/unitree_legged_msgs/install/unitree_legged_msgs/local/lib/python3.10/dist-packages/unitree_legged_msgs/msg/_imu_s.c
-- Installing: /home/ahmo030/ros2-migration/arena/utils/unitree_ros/unitree_legged_msgs/install/unitree_legged_msgs/local/lib/python3.10/dist-packages/unitree_legged_msgs/msg/_motor_state.py
-- Installing: /home/ahmo030/ros2-migration/arena/utils/unitree_ros/unitree_legged_msgs/install/unitree_legged_msgs/local/lib/python3.10/dist-packages/unitree_legged_msgs/msg/_bms_cmd_s.c
Listing '/home/ahmo030/ros2-migration/arena/utils/unitree_ros/unitree_legged_msgs/install/unitree_legged_msgs/local/lib/python3.10/dist-packages/unitree_legged_msgs'...
Compiling '/home/ahmo030/ros2-migration/arena/utils/unitree_ros/unitree_legged_msgs/install/unitree_legged_msgs/local/lib/python3.10/dist-packages/unitree_legged_msgs/__init__.py'...
Listing '/home/ahmo030/ros2-migration/arena/utils/unitree_ros/unitree_legged_msgs/install/unitree_legged_msgs/local/lib/python3.10/dist-packages/unitree_legged_msgs/msg'...
Compiling '/home/ahmo030/ros2-migration/arena/utils/unitree_ros/unitree_legged_msgs/install/unitree_legged_msgs/local/lib/python3.10/dist-packages/unitree_legged_msgs/msg/__init__.py'...
Compiling '/home/ahmo030/ros2-migration/arena/utils/unitree_ros/unitree_legged_msgs/install/unitree_legged_msgs/local/lib/python3.10/dist-packages/unitree_legged_msgs/msg/_bms_cmd.py'...
Compiling '/home/ahmo030/ros2-migration/arena/utils/unitree_ros/unitree_legged_msgs/install/unitree_legged_msgs/local/lib/python3.10/dist-packages/unitree_legged_msgs/msg/_bms_state.py'...
Compiling '/home/ahmo030/ros2-migration/arena/utils/unitree_ros/unitree_legged_msgs/install/unitree_legged_msgs/local/lib/python3.10/dist-packages/unitree_legged_msgs/msg/_cartesian.py'...
Compiling '/home/ahmo030/ros2-migration/arena/utils/unitree_ros/unitree_legged_msgs/install/unitree_legged_msgs/local/lib/python3.10/dist-packages/unitree_legged_msgs/msg/_high_cmd.py'...
Compiling '/home/ahmo030/ros2-migration/arena/utils/unitree_ros/unitree_legged_msgs/install/unitree_legged_msgs/local/lib/python3.10/dist-packages/unitree_legged_msgs/msg/_high_state.py'...
Compiling '/home/ahmo030/ros2-migration/arena/utils/unitree_ros/unitree_legged_msgs/install/unitree_legged_msgs/local/lib/python3.10/dist-packages/unitree_legged_msgs/msg/_imu.py'...
Compiling '/home/ahmo030/ros2-migration/arena/utils/unitree_ros/unitree_legged_msgs/install/unitree_legged_msgs/local/lib/python3.10/dist-packages/unitree_legged_msgs/msg/_led.py'...
Compiling '/home/ahmo030/ros2-migration/arena/utils/unitree_ros/unitree_legged_msgs/install/unitree_legged_msgs/local/lib/python3.10/dist-packages/unitree_legged_msgs/msg/_low_cmd.py'...
Compiling '/home/ahmo030/ros2-migration/arena/utils/unitree_ros/unitree_legged_msgs/install/unitree_legged_msgs/local/lib/python3.10/dist-packages/unitree_legged_msgs/msg/_low_state.py'...
Compiling '/home/ahmo030/ros2-migration/arena/utils/unitree_ros/unitree_legged_msgs/install/unitree_legged_msgs/local/lib/python3.10/dist-packages/unitree_legged_msgs/msg/_motor_cmd.py'...
Compiling '/home/ahmo030/ros2-migration/arena/utils/unitree_ros/unitree_legged_msgs/install/unitree_legged_msgs/local/lib/python3.10/dist-packages/unitree_legged_msgs/msg/_motor_state.py'...
-- Installing: /home/ahmo030/ros2-migration/arena/utils/unitree_ros/unitree_legged_msgs/install/unitree_legged_msgs/local/lib/python3.10/dist-packages/unitree_legged_msgs/unitree_legged_msgs_s__rosidl_typesupport_fastrtps_c.cpython-36m-x86_64-linux-gnu.so
-- Set runtime path of "/home/ahmo030/ros2-migration/arena/utils/unitree_ros/unitree_legged_msgs/install/unitree_legged_msgs/local/lib/python3.10/dist-packages/unitree_legged_msgs/unitree_legged_msgs_s__rosidl_typesupport_fastrtps_c.cpython-36m-x86_64-linux-gnu.so" to ""
-- Installing: /home/ahmo030/ros2-migration/arena/utils/unitree_ros/unitree_legged_msgs/install/unitree_legged_msgs/local/lib/python3.10/dist-packages/unitree_legged_msgs/unitree_legged_msgs_s__rosidl_typesupport_introspection_c.cpython-36m-x86_64-linux-gnu.so
-- Set runtime path of "/home/ahmo030/ros2-migration/arena/utils/unitree_ros/unitree_legged_msgs/install/unitree_legged_msgs/local/lib/python3.10/dist-packages/unitree_legged_msgs/unitree_legged_msgs_s__rosidl_typesupport_introspection_c.cpython-36m-x86_64-linux-gnu.so" to ""
-- Installing: /home/ahmo030/ros2-migration/arena/utils/unitree_ros/unitree_legged_msgs/install/unitree_legged_msgs/local/lib/python3.10/dist-packages/unitree_legged_msgs/unitree_legged_msgs_s__rosidl_typesupport_c.cpython-36m-x86_64-linux-gnu.so
-- Set runtime path of "/home/ahmo030/ros2-migration/arena/utils/unitree_ros/unitree_legged_msgs/install/unitree_legged_msgs/local/lib/python3.10/dist-packages/unitree_legged_msgs/unitree_legged_msgs_s__rosidl_typesupport_c.cpython-36m-x86_64-linux-gnu.so" to ""
-- Installing: /home/ahmo030/ros2-migration/arena/utils/unitree_ros/unitree_legged_msgs/install/unitree_legged_msgs/lib/libunitree_legged_msgs__rosidl_generator_py.so
-- Set runtime path of "/home/ahmo030/ros2-migration/arena/utils/unitree_ros/unitree_legged_msgs/install/unitree_legged_msgs/lib/libunitree_legged_msgs__rosidl_generator_py.so" to ""
-- Installing: /home/ahmo030/ros2-migration/arena/utils/unitree_ros/unitree_legged_msgs/install/unitree_legged_msgs/share/unitree_legged_msgs/msg/MotorCmd.idl
-- Installing: /home/ahmo030/ros2-migration/arena/utils/unitree_ros/unitree_legged_msgs/install/unitree_legged_msgs/share/unitree_legged_msgs/msg/MotorState.idl
-- Installing: /home/ahmo030/ros2-migration/arena/utils/unitree_ros/unitree_legged_msgs/install/unitree_legged_msgs/share/unitree_legged_msgs/msg/BmsCmd.idl
-- Installing: /home/ahmo030/ros2-migration/arena/utils/unitree_ros/unitree_legged_msgs/install/unitree_legged_msgs/share/unitree_legged_msgs/msg/BmsState.idl
-- Installing: /home/ahmo030/ros2-migration/arena/utils/unitree_ros/unitree_legged_msgs/install/unitree_legged_msgs/share/unitree_legged_msgs/msg/Cartesian.idl
-- Installing: /home/ahmo030/ros2-migration/arena/utils/unitree_ros/unitree_legged_msgs/install/unitree_legged_msgs/share/unitree_legged_msgs/msg/IMU.idl
-- Installing: /home/ahmo030/ros2-migration/arena/utils/unitree_ros/unitree_legged_msgs/install/unitree_legged_msgs/share/unitree_legged_msgs/msg/LED.idl
-- Installing: /home/ahmo030/ros2-migration/arena/utils/unitree_ros/unitree_legged_msgs/install/unitree_legged_msgs/share/unitree_legged_msgs/msg/LowCmd.idl
-- Installing: /home/ahmo030/ros2-migration/arena/utils/unitree_ros/unitree_legged_msgs/install/unitree_legged_msgs/share/unitree_legged_msgs/msg/LowState.idl
-- Installing: /home/ahmo030/ros2-migration/arena/utils/unitree_ros/unitree_legged_msgs/install/unitree_legged_msgs/share/unitree_legged_msgs/msg/HighCmd.idl
-- Installing: /home/ahmo030/ros2-migration/arena/utils/unitree_ros/unitree_legged_msgs/install/unitree_legged_msgs/share/unitree_legged_msgs/msg/HighState.idl
-- Installing: /home/ahmo030/ros2-migration/arena/utils/unitree_ros/unitree_legged_msgs/install/unitree_legged_msgs/share/unitree_legged_msgs/msg/MotorCmd.msg
-- Installing: /home/ahmo030/ros2-migration/arena/utils/unitree_ros/unitree_legged_msgs/install/unitree_legged_msgs/share/unitree_legged_msgs/msg/MotorState.msg
-- Installing: /home/ahmo030/ros2-migration/arena/utils/unitree_ros/unitree_legged_msgs/install/unitree_legged_msgs/share/unitree_legged_msgs/msg/BmsCmd.msg
-- Installing: /home/ahmo030/ros2-migration/arena/utils/unitree_ros/unitree_legged_msgs/install/unitree_legged_msgs/share/unitree_legged_msgs/msg/BmsState.msg
-- Installing: /home/ahmo030/ros2-migration/arena/utils/unitree_ros/unitree_legged_msgs/install/unitree_legged_msgs/share/unitree_legged_msgs/msg/Cartesian.msg
-- Installing: /home/ahmo030/ros2-migration/arena/utils/unitree_ros/unitree_legged_msgs/install/unitree_legged_msgs/share/unitree_legged_msgs/msg/IMU.msg
-- Installing: /home/ahmo030/ros2-migration/arena/utils/unitree_ros/unitree_legged_msgs/install/unitree_legged_msgs/share/unitree_legged_msgs/msg/LED.msg
-- Installing: /home/ahmo030/ros2-migration/arena/utils/unitree_ros/unitree_legged_msgs/install/unitree_legged_msgs/share/unitree_legged_msgs/msg/LowCmd.msg
-- Installing: /home/ahmo030/ros2-migration/arena/utils/unitree_ros/unitree_legged_msgs/install/unitree_legged_msgs/share/unitree_legged_msgs/msg/LowState.msg
-- Installing: /home/ahmo030/ros2-migration/arena/utils/unitree_ros/unitree_legged_msgs/install/unitree_legged_msgs/share/unitree_legged_msgs/msg/HighCmd.msg
-- Installing: /home/ahmo030/ros2-migration/arena/utils/unitree_ros/unitree_legged_msgs/install/unitree_legged_msgs/share/unitree_legged_msgs/msg/HighState.msg
-- Installing: /home/ahmo030/ros2-migration/arena/utils/unitree_ros/unitree_legged_msgs/install/unitree_legged_msgs/share/ament_index/resource_index/package_run_dependencies/unitree_legged_msgs
-- Installing: /home/ahmo030/ros2-migration/arena/utils/unitree_ros/unitree_legged_msgs/install/unitree_legged_msgs/share/ament_index/resource_index/parent_prefix_path/unitree_legged_msgs
-- Installing: /home/ahmo030/ros2-migration/arena/utils/unitree_ros/unitree_legged_msgs/install/unitree_legged_msgs/share/unitree_legged_msgs/environment/ament_prefix_path.sh
-- Installing: /home/ahmo030/ros2-migration/arena/utils/unitree_ros/unitree_legged_msgs/install/unitree_legged_msgs/share/unitree_legged_msgs/environment/ament_prefix_path.dsv
-- Installing: /home/ahmo030/ros2-migration/arena/utils/unitree_ros/unitree_legged_msgs/install/unitree_legged_msgs/share/unitree_legged_msgs/environment/path.sh
-- Installing: /home/ahmo030/ros2-migration/arena/utils/unitree_ros/unitree_legged_msgs/install/unitree_legged_msgs/share/unitree_legged_msgs/environment/path.dsv
-- Installing: /home/ahmo030/ros2-migration/arena/utils/unitree_ros/unitree_legged_msgs/install/unitree_legged_msgs/share/unitree_legged_msgs/local_setup.bash
-- Installing: /home/ahmo030/ros2-migration/arena/utils/unitree_ros/unitree_legged_msgs/install/unitree_legged_msgs/share/unitree_legged_msgs/local_setup.sh
-- Installing: /home/ahmo030/ros2-migration/arena/utils/unitree_ros/unitree_legged_msgs/install/unitree_legged_msgs/share/unitree_legged_msgs/local_setup.zsh
-- Installing: /home/ahmo030/ros2-migration/arena/utils/unitree_ros/unitree_legged_msgs/install/unitree_legged_msgs/share/unitree_legged_msgs/local_setup.dsv
-- Installing: /home/ahmo030/ros2-migration/arena/utils/unitree_ros/unitree_legged_msgs/install/unitree_legged_msgs/share/unitree_legged_msgs/package.dsv
-- Installing: /home/ahmo030/ros2-migration/arena/utils/unitree_ros/unitree_legged_msgs/install/unitree_legged_msgs/share/ament_index/resource_index/packages/unitree_legged_msgs
-- Installing: /home/ahmo030/ros2-migration/arena/utils/unitree_ros/unitree_legged_msgs/install/unitree_legged_msgs/share/unitree_legged_msgs/cmake/export_unitree_legged_msgs__rosidl_generator_cExport.cmake
-- Installing: /home/ahmo030/ros2-migration/arena/utils/unitree_ros/unitree_legged_msgs/install/unitree_legged_msgs/share/unitree_legged_msgs/cmake/export_unitree_legged_msgs__rosidl_generator_cExport-noconfig.cmake
-- Installing: /home/ahmo030/ros2-migration/arena/utils/unitree_ros/unitree_legged_msgs/install/unitree_legged_msgs/share/unitree_legged_msgs/cmake/export_unitree_legged_msgs__rosidl_typesupport_fastrtps_cExport.cmake
-- Installing: /home/ahmo030/ros2-migration/arena/utils/unitree_ros/unitree_legged_msgs/install/unitree_legged_msgs/share/unitree_legged_msgs/cmake/export_unitree_legged_msgs__rosidl_typesupport_fastrtps_cExport-noconfig.cmake
-- Installing: /home/ahmo030/ros2-migration/arena/utils/unitree_ros/unitree_legged_msgs/install/unitree_legged_msgs/share/unitree_legged_msgs/cmake/unitree_legged_msgs__rosidl_typesupport_introspection_cExport.cmake
-- Installing: /home/ahmo030/ros2-migration/arena/utils/unitree_ros/unitree_legged_msgs/install/unitree_legged_msgs/share/unitree_legged_msgs/cmake/unitree_legged_msgs__rosidl_typesupport_introspection_cExport-noconfig.cmake
-- Installing: /home/ahmo030/ros2-migration/arena/utils/unitree_ros/unitree_legged_msgs/install/unitree_legged_msgs/share/unitree_legged_msgs/cmake/unitree_legged_msgs__rosidl_typesupport_cExport.cmake
-- Installing: /home/ahmo030/ros2-migration/arena/utils/unitree_ros/unitree_legged_msgs/install/unitree_legged_msgs/share/unitree_legged_msgs/cmake/unitree_legged_msgs__rosidl_typesupport_cExport-noconfig.cmake
-- Installing: /home/ahmo030/ros2-migration/arena/utils/unitree_ros/unitree_legged_msgs/install/unitree_legged_msgs/share/unitree_legged_msgs/cmake/export_unitree_legged_msgs__rosidl_generator_cppExport.cmake
-- Installing: /home/ahmo030/ros2-migration/arena/utils/unitree_ros/unitree_legged_msgs/install/unitree_legged_msgs/share/unitree_legged_msgs/cmake/export_unitree_legged_msgs__rosidl_typesupport_fastrtps_cppExport.cmake
-- Installing: /home/ahmo030/ros2-migration/arena/utils/unitree_ros/unitree_legged_msgs/install/unitree_legged_msgs/share/unitree_legged_msgs/cmake/export_unitree_legged_msgs__rosidl_typesupport_fastrtps_cppExport-noconfig.cmake
-- Installing: /home/ahmo030/ros2-migration/arena/utils/unitree_ros/unitree_legged_msgs/install/unitree_legged_msgs/share/unitree_legged_msgs/cmake/unitree_legged_msgs__rosidl_typesupport_introspection_cppExport.cmake
-- Installing: /home/ahmo030/ros2-migration/arena/utils/unitree_ros/unitree_legged_msgs/install/unitree_legged_msgs/share/unitree_legged_msgs/cmake/unitree_legged_msgs__rosidl_typesupport_introspection_cppExport-noconfig.cmake
-- Installing: /home/ahmo030/ros2-migration/arena/utils/unitree_ros/unitree_legged_msgs/install/unitree_legged_msgs/share/unitree_legged_msgs/cmake/unitree_legged_msgs__rosidl_typesupport_cppExport.cmake
-- Installing: /home/ahmo030/ros2-migration/arena/utils/unitree_ros/unitree_legged_msgs/install/unitree_legged_msgs/share/unitree_legged_msgs/cmake/unitree_legged_msgs__rosidl_typesupport_cppExport-noconfig.cmake
-- Installing: /home/ahmo030/ros2-migration/arena/utils/unitree_ros/unitree_legged_msgs/install/unitree_legged_msgs/share/unitree_legged_msgs/cmake/export_unitree_legged_msgs__rosidl_generator_pyExport.cmake
-- Installing: /home/ahmo030/ros2-migration/arena/utils/unitree_ros/unitree_legged_msgs/install/unitree_legged_msgs/share/unitree_legged_msgs/cmake/export_unitree_legged_msgs__rosidl_generator_pyExport-noconfig.cmake
-- Installing: /home/ahmo030/ros2-migration/arena/utils/unitree_ros/unitree_legged_msgs/install/unitree_legged_msgs/share/unitree_legged_msgs/cmake/rosidl_cmake-extras.cmake
-- Installing: /home/ahmo030/ros2-migration/arena/utils/unitree_ros/unitree_legged_msgs/install/unitree_legged_msgs/share/unitree_legged_msgs/cmake/ament_cmake_export_dependencies-extras.cmake
-- Installing: /home/ahmo030/ros2-migration/arena/utils/unitree_ros/unitree_legged_msgs/install/unitree_legged_msgs/share/unitree_legged_msgs/cmake/ament_cmake_export_include_directories-extras.cmake
-- Installing: /home/ahmo030/ros2-migration/arena/utils/unitree_ros/unitree_legged_msgs/install/unitree_legged_msgs/share/unitree_legged_msgs/cmake/ament_cmake_export_libraries-extras.cmake
-- Installing: /home/ahmo030/ros2-migration/arena/utils/unitree_ros/unitree_legged_msgs/install/unitree_legged_msgs/share/unitree_legged_msgs/cmake/ament_cmake_export_targets-extras.cmake
-- Installing: /home/ahmo030/ros2-migration/arena/utils/unitree_ros/unitree_legged_msgs/install/unitree_legged_msgs/share/unitree_legged_msgs/cmake/rosidl_cmake_export_typesupport_targets-extras.cmake
-- Installing: /home/ahmo030/ros2-migration/arena/utils/unitree_ros/unitree_legged_msgs/install/unitree_legged_msgs/share/unitree_legged_msgs/cmake/rosidl_cmake_export_typesupport_libraries-extras.cmake
-- Installing: /home/ahmo030/ros2-migration/arena/utils/unitree_ros/unitree_legged_msgs/install/unitree_legged_msgs/share/unitree_legged_msgs/cmake/unitree_legged_msgsConfig.cmake
-- Installing: /home/ahmo030/ros2-migration/arena/utils/unitree_ros/unitree_legged_msgs/install/unitree_legged_msgs/share/unitree_legged_msgs/cmake/unitree_legged_msgsConfig-version.cmake
-- Installing: /home/ahmo030/ros2-migration/arena/utils/unitree_ros/unitree_legged_msgs/install/unitree_legged_msgs/share/unitree_legged_msgs/package.xml
