[0.005s] Invoking command in '/home/ahmo030/ros2-migration/arena/utils/unitree_ros/unitree_legged_msgs/build/unitree_legged_msgs': CMAKE_PREFIX_PATH=/opt/ros/humble:${CMAKE_PREFIX_PATH} /usr/bin/cmake /home/ahmo030/ros2-migration/arena/utils/unitree_ros/unitree_legged_msgs -DCMAKE_INSTALL_PREFIX=/home/ahmo030/ros2-migration/arena/utils/unitree_ros/unitree_legged_msgs/install/unitree_legged_msgs
[0.033s] -- The C compiler identification is GNU 11.4.0
[0.080s] -- The CXX compiler identification is GNU 11.4.0
[0.084s] -- Detecting C compiler ABI info
[0.158s] -- Detecting C compiler ABI info - done
[0.169s] -- Check for working C compiler: /usr/bin/cc - skipped
[0.169s] -- Detecting C compile features
[0.170s] -- Detecting C compile features - done
[0.173s] -- Detecting CXX compiler ABI info
[0.268s] -- Detecting CXX compiler ABI info - done
[0.272s] -- Check for working CXX compiler: /usr/bin/c++ - skipped
[0.273s] -- Detecting CXX compile features
[0.273s] -- Detecting CXX compile features - done
[0.274s] -- Found ament_cmake: 1.3.8 (/opt/ros/humble/share/ament_cmake/cmake)
[0.361s] -- Found Python3: /usr/bin/python3 (found version "3.10.12") found components: Interpreter 
[0.406s] -- Found rosidl_default_generators: 1.2.0 (/opt/ros/humble/share/rosidl_default_generators/cmake)
[0.407s] -- Using all available rosidl_typesupport_c: rosidl_typesupport_fastrtps_c;rosidl_typesupport_introspection_c
[0.411s] -- Found rosidl_adapter: 3.1.5 (/opt/ros/humble/share/rosidl_adapter/cmake)
[0.435s] -- Using all available rosidl_typesupport_cpp: rosidl_typesupport_fastrtps_cpp;rosidl_typesupport_introspection_cpp
[0.453s] -- Found geometry_msgs: 4.2.3 (/opt/ros/humble/share/geometry_msgs/cmake)
[0.520s] -- Found sensor_msgs: 4.2.3 (/opt/ros/humble/share/sensor_msgs/cmake)
[0.783s] -- Found ament_cmake_ros: 0.10.0 (/opt/ros/humble/share/ament_cmake_ros/cmake)
[0.943s] -- Using all available rosidl_typesupport_c: rosidl_typesupport_fastrtps_c;rosidl_typesupport_introspection_c
[1.161s] -- Using all available rosidl_typesupport_cpp: rosidl_typesupport_fastrtps_cpp;rosidl_typesupport_introspection_cpp
[1.177s] -- Found PythonInterp: /usr/bin/python3.6 (found suitable version "3.6.15", minimum required is "3.6") 
[1.177s] -- Found python_cmake_module: 0.10.0 (/opt/ros/humble/share/python_cmake_module/cmake)
[1.194s] -- Found PythonLibs: /usr/lib/x86_64-linux-gnu/libpython3.6m.so (found suitable version "3.6.15", minimum required is "3.5") 
[1.194s] -- Using PYTHON_EXECUTABLE: /usr/bin/python3.6
[1.194s] -- Using PYTHON_INCLUDE_DIRS: /usr/include/python3.6m
[1.194s] -- Using PYTHON_LIBRARIES: /usr/lib/x86_64-linux-gnu/libpython3.6m.so
[1.208s] -- Found PythonExtra: .so  
[1.252s] -- Configuring done
[1.281s] -- Generating done
[1.282s] -- Build files have been written to: /home/ahmo030/ros2-migration/arena/utils/unitree_ros/unitree_legged_msgs/build/unitree_legged_msgs
[1.287s] Invoked command in '/home/ahmo030/ros2-migration/arena/utils/unitree_ros/unitree_legged_msgs/build/unitree_legged_msgs' returned '0': CMAKE_PREFIX_PATH=/opt/ros/humble:${CMAKE_PREFIX_PATH} /usr/bin/cmake /home/ahmo030/ros2-migration/arena/utils/unitree_ros/unitree_legged_msgs -DCMAKE_INSTALL_PREFIX=/home/ahmo030/ros2-migration/arena/utils/unitree_ros/unitree_legged_msgs/install/unitree_legged_msgs
[1.288s] Invoking command in '/home/ahmo030/ros2-migration/arena/utils/unitree_ros/unitree_legged_msgs/build/unitree_legged_msgs': CMAKE_PREFIX_PATH=/opt/ros/humble:${CMAKE_PREFIX_PATH} /usr/bin/cmake --build /home/ahmo030/ros2-migration/arena/utils/unitree_ros/unitree_legged_msgs/build/unitree_legged_msgs -- -j16 -l16
[1.308s] [  1%] Generating C code for ROS interfaces
[1.315s] [  1%] Generating C++ code for ROS interfaces
[1.317s] [  1%] Built target ament_cmake_python_copy_unitree_legged_msgs
[1.518s] running egg_info
[1.519s] creating unitree_legged_msgs.egg-info
[1.522s] writing unitree_legged_msgs.egg-info/PKG-INFO
[1.522s] writing dependency_links to unitree_legged_msgs.egg-info/dependency_links.txt
[1.522s] writing top-level names to unitree_legged_msgs.egg-info/top_level.txt
[1.522s] writing manifest file 'unitree_legged_msgs.egg-info/SOURCES.txt'
[1.523s] reading manifest file 'unitree_legged_msgs.egg-info/SOURCES.txt'
[1.524s] writing manifest file 'unitree_legged_msgs.egg-info/SOURCES.txt'
[1.539s] [  1%] Built target ament_cmake_python_build_unitree_legged_msgs_egg
[2.004s] [  1%] Built target unitree_legged_msgs__cpp
[2.011s] [  1%] Generating C++ type support for eProsima Fast-RTPS
[2.013s] [  2%] Generating C++ type support dispatch for ROS interfaces
[2.014s] [  3%] Generating C++ introspection for ROS interfaces
[2.040s] [  4%] Building C object CMakeFiles/unitree_legged_msgs__rosidl_generator_c.dir/rosidl_generator_c/unitree_legged_msgs/msg/detail/motor_state__functions.c.o
[2.040s] [  5%] Building C object CMakeFiles/unitree_legged_msgs__rosidl_generator_c.dir/rosidl_generator_c/unitree_legged_msgs/msg/detail/imu__functions.c.o
[2.040s] [  6%] Building C object CMakeFiles/unitree_legged_msgs__rosidl_generator_c.dir/rosidl_generator_c/unitree_legged_msgs/msg/detail/bms_cmd__functions.c.o
[2.040s] [  7%] Building C object CMakeFiles/unitree_legged_msgs__rosidl_generator_c.dir/rosidl_generator_c/unitree_legged_msgs/msg/detail/motor_cmd__functions.c.o
[2.041s] [  9%] Building C object CMakeFiles/unitree_legged_msgs__rosidl_generator_c.dir/rosidl_generator_c/unitree_legged_msgs/msg/detail/cartesian__functions.c.o
[2.041s] [  9%] Building C object CMakeFiles/unitree_legged_msgs__rosidl_generator_c.dir/rosidl_generator_c/unitree_legged_msgs/msg/detail/bms_state__functions.c.o
[2.041s] [  9%] Building C object CMakeFiles/unitree_legged_msgs__rosidl_generator_c.dir/rosidl_generator_c/unitree_legged_msgs/msg/detail/low_cmd__functions.c.o
[2.041s] [ 12%] Building C object CMakeFiles/unitree_legged_msgs__rosidl_generator_c.dir/rosidl_generator_c/unitree_legged_msgs/msg/detail/high_state__functions.c.o
[2.041s] [ 12%] Building C object CMakeFiles/unitree_legged_msgs__rosidl_generator_c.dir/rosidl_generator_c/unitree_legged_msgs/msg/detail/high_cmd__functions.c.o
[2.041s] [ 12%] Building C object CMakeFiles/unitree_legged_msgs__rosidl_generator_c.dir/rosidl_generator_c/unitree_legged_msgs/msg/detail/low_state__functions.c.o
[2.042s] [ 13%] Building C object CMakeFiles/unitree_legged_msgs__rosidl_generator_c.dir/rosidl_generator_c/unitree_legged_msgs/msg/detail/led__functions.c.o
[2.091s] [ 14%] Linking C shared library libunitree_legged_msgs__rosidl_generator_c.so
[2.112s] [ 14%] Built target unitree_legged_msgs__rosidl_generator_c
[2.118s] [ 17%] Generating C type support for eProsima Fast-RTPS
[2.118s] [ 17%] Generating C type support dispatch for ROS interfaces
[2.118s] [ 17%] Generating C introspection for ROS interfaces
[2.663s] [ 21%] Building CXX object CMakeFiles/unitree_legged_msgs__rosidl_typesupport_cpp.dir/rosidl_typesupport_cpp/unitree_legged_msgs/msg/bms_cmd__type_support.cpp.o
[2.663s] [ 21%] Building CXX object CMakeFiles/unitree_legged_msgs__rosidl_typesupport_cpp.dir/rosidl_typesupport_cpp/unitree_legged_msgs/msg/motor_state__type_support.cpp.o
[2.663s] [ 21%] Building CXX object CMakeFiles/unitree_legged_msgs__rosidl_typesupport_cpp.dir/rosidl_typesupport_cpp/unitree_legged_msgs/msg/motor_cmd__type_support.cpp.o
[2.663s] [ 21%] Building CXX object CMakeFiles/unitree_legged_msgs__rosidl_typesupport_cpp.dir/rosidl_typesupport_cpp/unitree_legged_msgs/msg/bms_state__type_support.cpp.o
[2.663s] [ 22%] Building CXX object CMakeFiles/unitree_legged_msgs__rosidl_typesupport_cpp.dir/rosidl_typesupport_cpp/unitree_legged_msgs/msg/low_cmd__type_support.cpp.o
[2.663s] [ 23%] Building CXX object CMakeFiles/unitree_legged_msgs__rosidl_typesupport_cpp.dir/rosidl_typesupport_cpp/unitree_legged_msgs/msg/low_state__type_support.cpp.o
[2.664s] [ 24%] Building CXX object CMakeFiles/unitree_legged_msgs__rosidl_typesupport_cpp.dir/rosidl_typesupport_cpp/unitree_legged_msgs/msg/imu__type_support.cpp.o
[2.664s] [ 25%] Building CXX object CMakeFiles/unitree_legged_msgs__rosidl_typesupport_cpp.dir/rosidl_typesupport_cpp/unitree_legged_msgs/msg/led__type_support.cpp.o
[2.664s] [ 24%] Building CXX object CMakeFiles/unitree_legged_msgs__rosidl_typesupport_cpp.dir/rosidl_typesupport_cpp/unitree_legged_msgs/msg/cartesian__type_support.cpp.o
[2.664s] [ 26%] Building CXX object CMakeFiles/unitree_legged_msgs__rosidl_typesupport_cpp.dir/rosidl_typesupport_cpp/unitree_legged_msgs/msg/high_cmd__type_support.cpp.o
[2.670s] [ 27%] Building CXX object CMakeFiles/unitree_legged_msgs__rosidl_typesupport_cpp.dir/rosidl_typesupport_cpp/unitree_legged_msgs/msg/high_state__type_support.cpp.o
[2.952s] [ 29%] Building CXX object CMakeFiles/unitree_legged_msgs__rosidl_typesupport_c.dir/rosidl_typesupport_c/unitree_legged_msgs/msg/motor_state__type_support.cpp.o
[2.952s] [ 29%] Building CXX object CMakeFiles/unitree_legged_msgs__rosidl_typesupport_c.dir/rosidl_typesupport_c/unitree_legged_msgs/msg/motor_cmd__type_support.cpp.o
[2.958s] [ 29%] Building CXX object CMakeFiles/unitree_legged_msgs__rosidl_typesupport_c.dir/rosidl_typesupport_c/unitree_legged_msgs/msg/bms_cmd__type_support.cpp.o
[2.967s] [ 30%] Building CXX object CMakeFiles/unitree_legged_msgs__rosidl_typesupport_c.dir/rosidl_typesupport_c/unitree_legged_msgs/msg/cartesian__type_support.cpp.o
[2.968s] [ 31%] Building CXX object CMakeFiles/unitree_legged_msgs__rosidl_typesupport_c.dir/rosidl_typesupport_c/unitree_legged_msgs/msg/bms_state__type_support.cpp.o
[2.971s] [ 32%] Building CXX object CMakeFiles/unitree_legged_msgs__rosidl_typesupport_c.dir/rosidl_typesupport_c/unitree_legged_msgs/msg/imu__type_support.cpp.o
[2.974s] [ 33%] Building CXX object CMakeFiles/unitree_legged_msgs__rosidl_typesupport_c.dir/rosidl_typesupport_c/unitree_legged_msgs/msg/led__type_support.cpp.o
[2.979s] [ 34%] Building CXX object CMakeFiles/unitree_legged_msgs__rosidl_typesupport_introspection_cpp.dir/rosidl_typesupport_introspection_cpp/unitree_legged_msgs/msg/detail/motor_cmd__type_support.cpp.o
[2.981s] [ 34%] Building CXX object CMakeFiles/unitree_legged_msgs__rosidl_typesupport_introspection_cpp.dir/rosidl_typesupport_introspection_cpp/unitree_legged_msgs/msg/detail/motor_state__type_support.cpp.o
[2.985s] [ 35%] Building CXX object CMakeFiles/unitree_legged_msgs__rosidl_typesupport_c.dir/rosidl_typesupport_c/unitree_legged_msgs/msg/low_cmd__type_support.cpp.o
[2.985s] [ 36%] Building CXX object CMakeFiles/unitree_legged_msgs__rosidl_typesupport_c.dir/rosidl_typesupport_c/unitree_legged_msgs/msg/high_cmd__type_support.cpp.o
[2.996s] [ 37%] Building CXX object CMakeFiles/unitree_legged_msgs__rosidl_typesupport_c.dir/rosidl_typesupport_c/unitree_legged_msgs/msg/low_state__type_support.cpp.o
[2.996s] [ 38%] Building CXX object CMakeFiles/unitree_legged_msgs__rosidl_typesupport_c.dir/rosidl_typesupport_c/unitree_legged_msgs/msg/high_state__type_support.cpp.o
[3.000s] [ 39%] Building CXX object CMakeFiles/unitree_legged_msgs__rosidl_typesupport_introspection_cpp.dir/rosidl_typesupport_introspection_cpp/unitree_legged_msgs/msg/detail/bms_state__type_support.cpp.o
[3.001s] [ 40%] Building CXX object CMakeFiles/unitree_legged_msgs__rosidl_typesupport_introspection_cpp.dir/rosidl_typesupport_introspection_cpp/unitree_legged_msgs/msg/detail/cartesian__type_support.cpp.o
[3.008s] [ 41%] Building CXX object CMakeFiles/unitree_legged_msgs__rosidl_typesupport_introspection_cpp.dir/rosidl_typesupport_introspection_cpp/unitree_legged_msgs/msg/detail/imu__type_support.cpp.o
[3.010s] [ 42%] Building CXX object CMakeFiles/unitree_legged_msgs__rosidl_typesupport_introspection_cpp.dir/rosidl_typesupport_introspection_cpp/unitree_legged_msgs/msg/detail/bms_cmd__type_support.cpp.o
[3.017s] [ 43%] Building CXX object CMakeFiles/unitree_legged_msgs__rosidl_typesupport_introspection_cpp.dir/rosidl_typesupport_introspection_cpp/unitree_legged_msgs/msg/detail/led__type_support.cpp.o
[3.023s] [ 44%] Building CXX object CMakeFiles/unitree_legged_msgs__rosidl_typesupport_introspection_cpp.dir/rosidl_typesupport_introspection_cpp/unitree_legged_msgs/msg/detail/low_cmd__type_support.cpp.o
[3.027s] [ 45%] Linking CXX shared library libunitree_legged_msgs__rosidl_typesupport_c.so
[3.045s] [ 46%] Building CXX object CMakeFiles/unitree_legged_msgs__rosidl_typesupport_introspection_cpp.dir/rosidl_typesupport_introspection_cpp/unitree_legged_msgs/msg/detail/low_state__type_support.cpp.o
[3.060s] [ 47%] Linking CXX shared library libunitree_legged_msgs__rosidl_typesupport_cpp.so
[3.067s] [ 48%] Building CXX object CMakeFiles/unitree_legged_msgs__rosidl_typesupport_introspection_cpp.dir/rosidl_typesupport_introspection_cpp/unitree_legged_msgs/msg/detail/high_cmd__type_support.cpp.o
[3.071s] [ 49%] Building CXX object CMakeFiles/unitree_legged_msgs__rosidl_typesupport_introspection_cpp.dir/rosidl_typesupport_introspection_cpp/unitree_legged_msgs/msg/detail/high_state__type_support.cpp.o
[3.085s] [ 49%] Built target unitree_legged_msgs__rosidl_typesupport_c
[3.092s] [ 50%] Building CXX object CMakeFiles/unitree_legged_msgs__rosidl_typesupport_fastrtps_cpp.dir/rosidl_typesupport_fastrtps_cpp/unitree_legged_msgs/msg/detail/dds_fastrtps/motor_cmd__type_support.cpp.o
[3.093s] [ 51%] Building C object CMakeFiles/unitree_legged_msgs__rosidl_typesupport_introspection_c.dir/rosidl_typesupport_introspection_c/unitree_legged_msgs/msg/detail/motor_state__type_support.c.o
[3.099s] [ 52%] Building C object CMakeFiles/unitree_legged_msgs__rosidl_typesupport_introspection_c.dir/rosidl_typesupport_introspection_c/unitree_legged_msgs/msg/detail/motor_cmd__type_support.c.o
[3.101s] [ 52%] Built target unitree_legged_msgs__rosidl_typesupport_cpp
[3.111s] [ 53%] Building CXX object CMakeFiles/unitree_legged_msgs__rosidl_typesupport_fastrtps_cpp.dir/rosidl_typesupport_fastrtps_cpp/unitree_legged_msgs/msg/detail/dds_fastrtps/motor_state__type_support.cpp.o
[3.130s] [ 54%] Building CXX object CMakeFiles/unitree_legged_msgs__rosidl_typesupport_fastrtps_cpp.dir/rosidl_typesupport_fastrtps_cpp/unitree_legged_msgs/msg/detail/dds_fastrtps/bms_cmd__type_support.cpp.o
[3.136s] [ 55%] Building C object CMakeFiles/unitree_legged_msgs__rosidl_typesupport_introspection_c.dir/rosidl_typesupport_introspection_c/unitree_legged_msgs/msg/detail/bms_cmd__type_support.c.o
[3.171s] [ 56%] Building C object CMakeFiles/unitree_legged_msgs__rosidl_typesupport_introspection_c.dir/rosidl_typesupport_introspection_c/unitree_legged_msgs/msg/detail/bms_state__type_support.c.o
[3.214s] [ 57%] Building C object CMakeFiles/unitree_legged_msgs__rosidl_typesupport_introspection_c.dir/rosidl_typesupport_introspection_c/unitree_legged_msgs/msg/detail/cartesian__type_support.c.o
[3.252s] [ 58%] Building C object CMakeFiles/unitree_legged_msgs__rosidl_typesupport_introspection_c.dir/rosidl_typesupport_introspection_c/unitree_legged_msgs/msg/detail/imu__type_support.c.o
[3.285s] [ 59%] Building CXX object CMakeFiles/unitree_legged_msgs__rosidl_typesupport_fastrtps_c.dir/rosidl_typesupport_fastrtps_c/unitree_legged_msgs/msg/detail/motor_cmd__type_support_c.cpp.o
[3.297s] [ 59%] Building C object CMakeFiles/unitree_legged_msgs__rosidl_typesupport_introspection_c.dir/rosidl_typesupport_introspection_c/unitree_legged_msgs/msg/detail/led__type_support.c.o
[3.375s] [ 60%] Building C object CMakeFiles/unitree_legged_msgs__rosidl_typesupport_introspection_c.dir/rosidl_typesupport_introspection_c/unitree_legged_msgs/msg/detail/low_cmd__type_support.c.o
[3.390s] [ 61%] Building C object CMakeFiles/unitree_legged_msgs__rosidl_typesupport_introspection_c.dir/rosidl_typesupport_introspection_c/unitree_legged_msgs/msg/detail/low_state__type_support.c.o
[3.399s] [ 62%] Building CXX object CMakeFiles/unitree_legged_msgs__rosidl_typesupport_fastrtps_c.dir/rosidl_typesupport_fastrtps_c/unitree_legged_msgs/msg/detail/motor_state__type_support_c.cpp.o
[3.407s] [ 63%] Building CXX object CMakeFiles/unitree_legged_msgs__rosidl_typesupport_fastrtps_c.dir/rosidl_typesupport_fastrtps_c/unitree_legged_msgs/msg/detail/bms_cmd__type_support_c.cpp.o
[3.420s] [ 64%] Building CXX object CMakeFiles/unitree_legged_msgs__rosidl_typesupport_fastrtps_c.dir/rosidl_typesupport_fastrtps_c/unitree_legged_msgs/msg/detail/bms_state__type_support_c.cpp.o
[3.438s] [ 65%] Building C object CMakeFiles/unitree_legged_msgs__rosidl_typesupport_introspection_c.dir/rosidl_typesupport_introspection_c/unitree_legged_msgs/msg/detail/high_cmd__type_support.c.o
[3.438s] [ 65%] Building CXX object CMakeFiles/unitree_legged_msgs__rosidl_typesupport_fastrtps_c.dir/rosidl_typesupport_fastrtps_c/unitree_legged_msgs/msg/detail/cartesian__type_support_c.cpp.o
[3.447s] [ 66%] Building C object CMakeFiles/unitree_legged_msgs__rosidl_typesupport_introspection_c.dir/rosidl_typesupport_introspection_c/unitree_legged_msgs/msg/detail/high_state__type_support.c.o
[3.452s] [ 67%] Building CXX object CMakeFiles/unitree_legged_msgs__rosidl_typesupport_fastrtps_c.dir/rosidl_typesupport_fastrtps_c/unitree_legged_msgs/msg/detail/imu__type_support_c.cpp.o
[3.461s] [ 68%] Building CXX object CMakeFiles/unitree_legged_msgs__rosidl_typesupport_fastrtps_cpp.dir/rosidl_typesupport_fastrtps_cpp/unitree_legged_msgs/msg/detail/dds_fastrtps/bms_state__type_support.cpp.o
[3.486s] [ 69%] Building CXX object CMakeFiles/unitree_legged_msgs__rosidl_typesupport_fastrtps_c.dir/rosidl_typesupport_fastrtps_c/unitree_legged_msgs/msg/detail/led__type_support_c.cpp.o
[3.494s] [ 70%] Building CXX object CMakeFiles/unitree_legged_msgs__rosidl_typesupport_fastrtps_c.dir/rosidl_typesupport_fastrtps_c/unitree_legged_msgs/msg/detail/low_cmd__type_support_c.cpp.o
[3.514s] [ 71%] Building CXX object CMakeFiles/unitree_legged_msgs__rosidl_typesupport_fastrtps_cpp.dir/rosidl_typesupport_fastrtps_cpp/unitree_legged_msgs/msg/detail/dds_fastrtps/cartesian__type_support.cpp.o
[3.528s] [ 72%] Linking C shared library libunitree_legged_msgs__rosidl_typesupport_introspection_c.so
[3.543s] [ 73%] Building CXX object CMakeFiles/unitree_legged_msgs__rosidl_typesupport_fastrtps_c.dir/rosidl_typesupport_fastrtps_c/unitree_legged_msgs/msg/detail/low_state__type_support_c.cpp.o
[3.551s] [ 74%] Building CXX object CMakeFiles/unitree_legged_msgs__rosidl_typesupport_fastrtps_c.dir/rosidl_typesupport_fastrtps_c/unitree_legged_msgs/msg/detail/high_cmd__type_support_c.cpp.o
[3.558s] [ 75%] Linking CXX shared library libunitree_legged_msgs__rosidl_typesupport_introspection_cpp.so
[3.558s] [ 75%] Built target unitree_legged_msgs__rosidl_typesupport_introspection_c
[3.576s] [ 76%] Building CXX object CMakeFiles/unitree_legged_msgs__rosidl_typesupport_fastrtps_c.dir/rosidl_typesupport_fastrtps_c/unitree_legged_msgs/msg/detail/high_state__type_support_c.cpp.o
[3.582s] [ 77%] Building CXX object CMakeFiles/unitree_legged_msgs__rosidl_typesupport_fastrtps_cpp.dir/rosidl_typesupport_fastrtps_cpp/unitree_legged_msgs/msg/detail/dds_fastrtps/imu__type_support.cpp.o
[3.608s] [ 78%] Building CXX object CMakeFiles/unitree_legged_msgs__rosidl_typesupport_fastrtps_cpp.dir/rosidl_typesupport_fastrtps_cpp/unitree_legged_msgs/msg/detail/dds_fastrtps/led__type_support.cpp.o
[3.653s] [ 78%] Built target unitree_legged_msgs__rosidl_typesupport_introspection_cpp
[3.661s] [ 79%] Building CXX object CMakeFiles/unitree_legged_msgs__rosidl_typesupport_fastrtps_cpp.dir/rosidl_typesupport_fastrtps_cpp/unitree_legged_msgs/msg/detail/dds_fastrtps/low_cmd__type_support.cpp.o
[3.671s] [ 80%] Building CXX object CMakeFiles/unitree_legged_msgs__rosidl_typesupport_fastrtps_cpp.dir/rosidl_typesupport_fastrtps_cpp/unitree_legged_msgs/msg/detail/dds_fastrtps/low_state__type_support.cpp.o
[3.743s] [ 80%] Building CXX object CMakeFiles/unitree_legged_msgs__rosidl_typesupport_fastrtps_cpp.dir/rosidl_typesupport_fastrtps_cpp/unitree_legged_msgs/msg/detail/dds_fastrtps/high_cmd__type_support.cpp.o
[3.749s] [ 81%] Building CXX object CMakeFiles/unitree_legged_msgs__rosidl_typesupport_fastrtps_cpp.dir/rosidl_typesupport_fastrtps_cpp/unitree_legged_msgs/msg/detail/dds_fastrtps/high_state__type_support.cpp.o
[3.937s] [ 82%] Linking CXX shared library libunitree_legged_msgs__rosidl_typesupport_fastrtps_c.so
[3.993s] [ 82%] Built target unitree_legged_msgs__rosidl_typesupport_fastrtps_c
[4.118s] [ 83%] Linking CXX shared library libunitree_legged_msgs__rosidl_typesupport_fastrtps_cpp.so
[4.157s] [ 83%] Built target unitree_legged_msgs__rosidl_typesupport_fastrtps_cpp
[4.166s] [ 83%] Built target unitree_legged_msgs
[4.175s] [ 84%] Generating Python code for ROS interfaces
[5.966s] [ 84%] Built target unitree_legged_msgs__py
[5.976s] [ 87%] Building C object CMakeFiles/unitree_legged_msgs__rosidl_generator_py.dir/rosidl_generator_py/unitree_legged_msgs/msg/_imu_s.c.o
[5.977s] [ 87%] Building C object CMakeFiles/unitree_legged_msgs__rosidl_generator_py.dir/rosidl_generator_py/unitree_legged_msgs/msg/_bms_state_s.c.o
[5.977s] [ 87%] Building C object CMakeFiles/unitree_legged_msgs__rosidl_generator_py.dir/rosidl_generator_py/unitree_legged_msgs/msg/_led_s.c.o
[5.977s] [ 88%] Building C object CMakeFiles/unitree_legged_msgs__rosidl_generator_py.dir/rosidl_generator_py/unitree_legged_msgs/msg/_low_cmd_s.c.o
[5.977s] [ 88%] Building C object CMakeFiles/unitree_legged_msgs__rosidl_generator_py.dir/rosidl_generator_py/unitree_legged_msgs/msg/_bms_cmd_s.c.o
[5.977s] [ 89%] Building C object CMakeFiles/unitree_legged_msgs__rosidl_generator_py.dir/rosidl_generator_py/unitree_legged_msgs/msg/_motor_cmd_s.c.o
[5.977s] [ 90%] Building C object CMakeFiles/unitree_legged_msgs__rosidl_generator_py.dir/rosidl_generator_py/unitree_legged_msgs/msg/_motor_state_s.c.o
[5.977s] [ 91%] Building C object CMakeFiles/unitree_legged_msgs__rosidl_generator_py.dir/rosidl_generator_py/unitree_legged_msgs/msg/_cartesian_s.c.o
[5.978s] [ 92%] Building C object CMakeFiles/unitree_legged_msgs__rosidl_generator_py.dir/rosidl_generator_py/unitree_legged_msgs/msg/_high_cmd_s.c.o
[5.978s] [ 94%] Building C object CMakeFiles/unitree_legged_msgs__rosidl_generator_py.dir/rosidl_generator_py/unitree_legged_msgs/msg/_high_state_s.c.o
[5.978s] [ 94%] Building C object CMakeFiles/unitree_legged_msgs__rosidl_generator_py.dir/rosidl_generator_py/unitree_legged_msgs/msg/_low_state_s.c.o
[6.074s] [ 95%] Linking C shared library rosidl_generator_py/unitree_legged_msgs/libunitree_legged_msgs__rosidl_generator_py.so
[6.097s] [ 95%] Built target unitree_legged_msgs__rosidl_generator_py
[6.108s] [ 97%] Building C object CMakeFiles/unitree_legged_msgs__rosidl_typesupport_introspection_c__pyext.dir/rosidl_generator_py/unitree_legged_msgs/_unitree_legged_msgs_s.ep.rosidl_typesupport_introspection_c.c.o
[6.108s] [ 97%] Building C object CMakeFiles/unitree_legged_msgs__rosidl_typesupport_fastrtps_c__pyext.dir/rosidl_generator_py/unitree_legged_msgs/_unitree_legged_msgs_s.ep.rosidl_typesupport_fastrtps_c.c.o
[6.108s] [ 97%] Building C object CMakeFiles/unitree_legged_msgs__rosidl_typesupport_c__pyext.dir/rosidl_generator_py/unitree_legged_msgs/_unitree_legged_msgs_s.ep.rosidl_typesupport_c.c.o
[6.178s] [100%] Linking C shared library rosidl_generator_py/unitree_legged_msgs/unitree_legged_msgs_s__rosidl_typesupport_introspection_c.cpython-36m-x86_64-linux-gnu.so
[6.178s] [100%] Linking C shared library rosidl_generator_py/unitree_legged_msgs/unitree_legged_msgs_s__rosidl_typesupport_c.cpython-36m-x86_64-linux-gnu.so
[6.179s] [100%] Linking C shared library rosidl_generator_py/unitree_legged_msgs/unitree_legged_msgs_s__rosidl_typesupport_fastrtps_c.cpython-36m-x86_64-linux-gnu.so
[6.202s] [100%] Built target unitree_legged_msgs__rosidl_typesupport_c__pyext
[6.202s] [100%] Built target unitree_legged_msgs__rosidl_typesupport_fastrtps_c__pyext
[6.202s] [100%] Built target unitree_legged_msgs__rosidl_typesupport_introspection_c__pyext
[6.210s] Invoked command in '/home/ahmo030/ros2-migration/arena/utils/unitree_ros/unitree_legged_msgs/build/unitree_legged_msgs' returned '0': CMAKE_PREFIX_PATH=/opt/ros/humble:${CMAKE_PREFIX_PATH} /usr/bin/cmake --build /home/ahmo030/ros2-migration/arena/utils/unitree_ros/unitree_legged_msgs/build/unitree_legged_msgs -- -j16 -l16
[6.355s] Invoking command in '/home/ahmo030/ros2-migration/arena/utils/unitree_ros/unitree_legged_msgs/build/unitree_legged_msgs': CMAKE_PREFIX_PATH=/opt/ros/humble:${CMAKE_PREFIX_PATH} /usr/bin/cmake --install /home/ahmo030/ros2-migration/arena/utils/unitree_ros/unitree_legged_msgs/build/unitree_legged_msgs
[6.360s] -- Install configuration: ""
[6.360s] -- Installing: /home/ahmo030/ros2-migration/arena/utils/unitree_ros/unitree_legged_msgs/install/unitree_legged_msgs/share/ament_index/resource_index/rosidl_interfaces/unitree_legged_msgs
[6.361s] -- Installing: /home/ahmo030/ros2-migration/arena/utils/unitree_ros/unitree_legged_msgs/install/unitree_legged_msgs/include/unitree_legged_msgs/unitree_legged_msgs
[6.361s] -- Installing: /home/ahmo030/ros2-migration/arena/utils/unitree_ros/unitree_legged_msgs/install/unitree_legged_msgs/include/unitree_legged_msgs/unitree_legged_msgs/msg
[6.361s] -- Installing: /home/ahmo030/ros2-migration/arena/utils/unitree_ros/unitree_legged_msgs/install/unitree_legged_msgs/include/unitree_legged_msgs/unitree_legged_msgs/msg/high_state.h
[6.361s] -- Installing: /home/ahmo030/ros2-migration/arena/utils/unitree_ros/unitree_legged_msgs/install/unitree_legged_msgs/include/unitree_legged_msgs/unitree_legged_msgs/msg/bms_cmd.h
[6.361s] -- Installing: /home/ahmo030/ros2-migration/arena/utils/unitree_ros/unitree_legged_msgs/install/unitree_legged_msgs/include/unitree_legged_msgs/unitree_legged_msgs/msg/motor_cmd.h
[6.361s] -- Installing: /home/ahmo030/ros2-migration/arena/utils/unitree_ros/unitree_legged_msgs/install/unitree_legged_msgs/include/unitree_legged_msgs/unitree_legged_msgs/msg/cartesian.h
[6.361s] -- Installing: /home/ahmo030/ros2-migration/arena/utils/unitree_ros/unitree_legged_msgs/install/unitree_legged_msgs/include/unitree_legged_msgs/unitree_legged_msgs/msg/detail
[6.361s] -- Installing: /home/ahmo030/ros2-migration/arena/utils/unitree_ros/unitree_legged_msgs/install/unitree_legged_msgs/include/unitree_legged_msgs/unitree_legged_msgs/msg/detail/low_cmd__functions.h
[6.361s] -- Installing: /home/ahmo030/ros2-migration/arena/utils/unitree_ros/unitree_legged_msgs/install/unitree_legged_msgs/include/unitree_legged_msgs/unitree_legged_msgs/msg/detail/led__functions.c
[6.361s] -- Installing: /home/ahmo030/ros2-migration/arena/utils/unitree_ros/unitree_legged_msgs/install/unitree_legged_msgs/include/unitree_legged_msgs/unitree_legged_msgs/msg/detail/led__type_support.h
[6.361s] -- Installing: /home/ahmo030/ros2-migration/arena/utils/unitree_ros/unitree_legged_msgs/install/unitree_legged_msgs/include/unitree_legged_msgs/unitree_legged_msgs/msg/detail/motor_cmd__functions.c
[6.361s] -- Installing: /home/ahmo030/ros2-migration/arena/utils/unitree_ros/unitree_legged_msgs/install/unitree_legged_msgs/include/unitree_legged_msgs/unitree_legged_msgs/msg/detail/imu__struct.h
[6.361s] -- Installing: /home/ahmo030/ros2-migration/arena/utils/unitree_ros/unitree_legged_msgs/install/unitree_legged_msgs/include/unitree_legged_msgs/unitree_legged_msgs/msg/detail/bms_cmd__struct.h
[6.361s] -- Installing: /home/ahmo030/ros2-migration/arena/utils/unitree_ros/unitree_legged_msgs/install/unitree_legged_msgs/include/unitree_legged_msgs/unitree_legged_msgs/msg/detail/high_cmd__struct.h
[6.361s] -- Installing: /home/ahmo030/ros2-migration/arena/utils/unitree_ros/unitree_legged_msgs/install/unitree_legged_msgs/include/unitree_legged_msgs/unitree_legged_msgs/msg/detail/bms_cmd__functions.c
[6.361s] -- Installing: /home/ahmo030/ros2-migration/arena/utils/unitree_ros/unitree_legged_msgs/install/unitree_legged_msgs/include/unitree_legged_msgs/unitree_legged_msgs/msg/detail/bms_cmd__functions.h
[6.362s] -- Installing: /home/ahmo030/ros2-migration/arena/utils/unitree_ros/unitree_legged_msgs/install/unitree_legged_msgs/include/unitree_legged_msgs/unitree_legged_msgs/msg/detail/high_state__struct.h
[6.362s] -- Installing: /home/ahmo030/ros2-migration/arena/utils/unitree_ros/unitree_legged_msgs/install/unitree_legged_msgs/include/unitree_legged_msgs/unitree_legged_msgs/msg/detail/high_cmd__functions.c
[6.362s] -- Installing: /home/ahmo030/ros2-migration/arena/utils/unitree_ros/unitree_legged_msgs/install/unitree_legged_msgs/include/unitree_legged_msgs/unitree_legged_msgs/msg/detail/cartesian__functions.h
[6.362s] -- Installing: /home/ahmo030/ros2-migration/arena/utils/unitree_ros/unitree_legged_msgs/install/unitree_legged_msgs/include/unitree_legged_msgs/unitree_legged_msgs/msg/detail/motor_cmd__functions.h
[6.362s] -- Installing: /home/ahmo030/ros2-migration/arena/utils/unitree_ros/unitree_legged_msgs/install/unitree_legged_msgs/include/unitree_legged_msgs/unitree_legged_msgs/msg/detail/motor_state__struct.h
[6.362s] -- Installing: /home/ahmo030/ros2-migration/arena/utils/unitree_ros/unitree_legged_msgs/install/unitree_legged_msgs/include/unitree_legged_msgs/unitree_legged_msgs/msg/detail/bms_state__type_support.h
[6.362s] -- Installing: /home/ahmo030/ros2-migration/arena/utils/unitree_ros/unitree_legged_msgs/install/unitree_legged_msgs/include/unitree_legged_msgs/unitree_legged_msgs/msg/detail/low_state__type_support.h
[6.362s] -- Installing: /home/ahmo030/ros2-migration/arena/utils/unitree_ros/unitree_legged_msgs/install/unitree_legged_msgs/include/unitree_legged_msgs/unitree_legged_msgs/msg/detail/motor_state__type_support.h
[6.362s] -- Installing: /home/ahmo030/ros2-migration/arena/utils/unitree_ros/unitree_legged_msgs/install/unitree_legged_msgs/include/unitree_legged_msgs/unitree_legged_msgs/msg/detail/imu__type_support.h
[6.362s] -- Installing: /home/ahmo030/ros2-migration/arena/utils/unitree_ros/unitree_legged_msgs/install/unitree_legged_msgs/include/unitree_legged_msgs/unitree_legged_msgs/msg/detail/high_state__functions.c
[6.362s] -- Installing: /home/ahmo030/ros2-migration/arena/utils/unitree_ros/unitree_legged_msgs/install/unitree_legged_msgs/include/unitree_legged_msgs/unitree_legged_msgs/msg/detail/high_cmd__type_support.h
[6.362s] -- Installing: /home/ahmo030/ros2-migration/arena/utils/unitree_ros/unitree_legged_msgs/install/unitree_legged_msgs/include/unitree_legged_msgs/unitree_legged_msgs/msg/detail/imu__functions.c
[6.362s] -- Installing: /home/ahmo030/ros2-migration/arena/utils/unitree_ros/unitree_legged_msgs/install/unitree_legged_msgs/include/unitree_legged_msgs/unitree_legged_msgs/msg/detail/motor_cmd__type_support.h
[6.362s] -- Installing: /home/ahmo030/ros2-migration/arena/utils/unitree_ros/unitree_legged_msgs/install/unitree_legged_msgs/include/unitree_legged_msgs/unitree_legged_msgs/msg/detail/bms_state__struct.h
[6.362s] -- Installing: /home/ahmo030/ros2-migration/arena/utils/unitree_ros/unitree_legged_msgs/install/unitree_legged_msgs/include/unitree_legged_msgs/unitree_legged_msgs/msg/detail/high_cmd__functions.h
[6.362s] -- Installing: /home/ahmo030/ros2-migration/arena/utils/unitree_ros/unitree_legged_msgs/install/unitree_legged_msgs/include/unitree_legged_msgs/unitree_legged_msgs/msg/detail/led__functions.h
[6.362s] -- Installing: /home/ahmo030/ros2-migration/arena/utils/unitree_ros/unitree_legged_msgs/install/unitree_legged_msgs/include/unitree_legged_msgs/unitree_legged_msgs/msg/detail/low_state__struct.h
[6.362s] -- Installing: /home/ahmo030/ros2-migration/arena/utils/unitree_ros/unitree_legged_msgs/install/unitree_legged_msgs/include/unitree_legged_msgs/unitree_legged_msgs/msg/detail/bms_state__functions.c
[6.362s] -- Installing: /home/ahmo030/ros2-migration/arena/utils/unitree_ros/unitree_legged_msgs/install/unitree_legged_msgs/include/unitree_legged_msgs/unitree_legged_msgs/msg/detail/low_cmd__type_support.h
[6.362s] -- Installing: /home/ahmo030/ros2-migration/arena/utils/unitree_ros/unitree_legged_msgs/install/unitree_legged_msgs/include/unitree_legged_msgs/unitree_legged_msgs/msg/detail/cartesian__functions.c
[6.363s] -- Installing: /home/ahmo030/ros2-migration/arena/utils/unitree_ros/unitree_legged_msgs/install/unitree_legged_msgs/include/unitree_legged_msgs/unitree_legged_msgs/msg/detail/bms_state__functions.h
[6.363s] -- Installing: /home/ahmo030/ros2-migration/arena/utils/unitree_ros/unitree_legged_msgs/install/unitree_legged_msgs/include/unitree_legged_msgs/unitree_legged_msgs/msg/detail/cartesian__type_support.h
[6.363s] -- Installing: /home/ahmo030/ros2-migration/arena/utils/unitree_ros/unitree_legged_msgs/install/unitree_legged_msgs/include/unitree_legged_msgs/unitree_legged_msgs/msg/detail/led__struct.h
[6.363s] -- Installing: /home/ahmo030/ros2-migration/arena/utils/unitree_ros/unitree_legged_msgs/install/unitree_legged_msgs/include/unitree_legged_msgs/unitree_legged_msgs/msg/detail/motor_state__functions.h
[6.363s] -- Installing: /home/ahmo030/ros2-migration/arena/utils/unitree_ros/unitree_legged_msgs/install/unitree_legged_msgs/include/unitree_legged_msgs/unitree_legged_msgs/msg/detail/low_cmd__functions.c
[6.363s] -- Installing: /home/ahmo030/ros2-migration/arena/utils/unitree_ros/unitree_legged_msgs/install/unitree_legged_msgs/include/unitree_legged_msgs/unitree_legged_msgs/msg/detail/high_state__functions.h
[6.363s] -- Installing: /home/ahmo030/ros2-migration/arena/utils/unitree_ros/unitree_legged_msgs/install/unitree_legged_msgs/include/unitree_legged_msgs/unitree_legged_msgs/msg/detail/low_state__functions.h
[6.363s] -- Installing: /home/ahmo030/ros2-migration/arena/utils/unitree_ros/unitree_legged_msgs/install/unitree_legged_msgs/include/unitree_legged_msgs/unitree_legged_msgs/msg/detail/high_state__type_support.h
[6.363s] -- Installing: /home/ahmo030/ros2-migration/arena/utils/unitree_ros/unitree_legged_msgs/install/unitree_legged_msgs/include/unitree_legged_msgs/unitree_legged_msgs/msg/detail/cartesian__struct.h
[6.363s] -- Installing: /home/ahmo030/ros2-migration/arena/utils/unitree_ros/unitree_legged_msgs/install/unitree_legged_msgs/include/unitree_legged_msgs/unitree_legged_msgs/msg/detail/low_cmd__struct.h
[6.363s] -- Installing: /home/ahmo030/ros2-migration/arena/utils/unitree_ros/unitree_legged_msgs/install/unitree_legged_msgs/include/unitree_legged_msgs/unitree_legged_msgs/msg/detail/bms_cmd__type_support.h
[6.363s] -- Installing: /home/ahmo030/ros2-migration/arena/utils/unitree_ros/unitree_legged_msgs/install/unitree_legged_msgs/include/unitree_legged_msgs/unitree_legged_msgs/msg/detail/motor_cmd__struct.h
[6.363s] -- Installing: /home/ahmo030/ros2-migration/arena/utils/unitree_ros/unitree_legged_msgs/install/unitree_legged_msgs/include/unitree_legged_msgs/unitree_legged_msgs/msg/detail/motor_state__functions.c
[6.363s] -- Installing: /home/ahmo030/ros2-migration/arena/utils/unitree_ros/unitree_legged_msgs/install/unitree_legged_msgs/include/unitree_legged_msgs/unitree_legged_msgs/msg/detail/imu__functions.h
[6.363s] -- Installing: /home/ahmo030/ros2-migration/arena/utils/unitree_ros/unitree_legged_msgs/install/unitree_legged_msgs/include/unitree_legged_msgs/unitree_legged_msgs/msg/detail/low_state__functions.c
[6.363s] -- Installing: /home/ahmo030/ros2-migration/arena/utils/unitree_ros/unitree_legged_msgs/install/unitree_legged_msgs/include/unitree_legged_msgs/unitree_legged_msgs/msg/imu.h
[6.363s] -- Installing: /home/ahmo030/ros2-migration/arena/utils/unitree_ros/unitree_legged_msgs/install/unitree_legged_msgs/include/unitree_legged_msgs/unitree_legged_msgs/msg/low_cmd.h
[6.364s] -- Installing: /home/ahmo030/ros2-migration/arena/utils/unitree_ros/unitree_legged_msgs/install/unitree_legged_msgs/include/unitree_legged_msgs/unitree_legged_msgs/msg/high_cmd.h
[6.364s] -- Installing: /home/ahmo030/ros2-migration/arena/utils/unitree_ros/unitree_legged_msgs/install/unitree_legged_msgs/include/unitree_legged_msgs/unitree_legged_msgs/msg/motor_state.h
[6.364s] -- Installing: /home/ahmo030/ros2-migration/arena/utils/unitree_ros/unitree_legged_msgs/install/unitree_legged_msgs/include/unitree_legged_msgs/unitree_legged_msgs/msg/bms_state.h
[6.364s] -- Installing: /home/ahmo030/ros2-migration/arena/utils/unitree_ros/unitree_legged_msgs/install/unitree_legged_msgs/include/unitree_legged_msgs/unitree_legged_msgs/msg/rosidl_generator_c__visibility_control.h
[6.364s] -- Installing: /home/ahmo030/ros2-migration/arena/utils/unitree_ros/unitree_legged_msgs/install/unitree_legged_msgs/include/unitree_legged_msgs/unitree_legged_msgs/msg/low_state.h
[6.364s] -- Installing: /home/ahmo030/ros2-migration/arena/utils/unitree_ros/unitree_legged_msgs/install/unitree_legged_msgs/include/unitree_legged_msgs/unitree_legged_msgs/msg/led.h
[6.364s] -- Installing: /home/ahmo030/ros2-migration/arena/utils/unitree_ros/unitree_legged_msgs/install/unitree_legged_msgs/share/unitree_legged_msgs/environment/library_path.sh
[6.364s] -- Installing: /home/ahmo030/ros2-migration/arena/utils/unitree_ros/unitree_legged_msgs/install/unitree_legged_msgs/share/unitree_legged_msgs/environment/library_path.dsv
[6.364s] -- Installing: /home/ahmo030/ros2-migration/arena/utils/unitree_ros/unitree_legged_msgs/install/unitree_legged_msgs/lib/libunitree_legged_msgs__rosidl_generator_c.so
[6.364s] -- Set runtime path of "/home/ahmo030/ros2-migration/arena/utils/unitree_ros/unitree_legged_msgs/install/unitree_legged_msgs/lib/libunitree_legged_msgs__rosidl_generator_c.so" to ""
[6.364s] -- Up-to-date: /home/ahmo030/ros2-migration/arena/utils/unitree_ros/unitree_legged_msgs/install/unitree_legged_msgs/include/unitree_legged_msgs/unitree_legged_msgs
[6.364s] -- Up-to-date: /home/ahmo030/ros2-migration/arena/utils/unitree_ros/unitree_legged_msgs/install/unitree_legged_msgs/include/unitree_legged_msgs/unitree_legged_msgs/msg
[6.364s] -- Installing: /home/ahmo030/ros2-migration/arena/utils/unitree_ros/unitree_legged_msgs/install/unitree_legged_msgs/include/unitree_legged_msgs/unitree_legged_msgs/msg/rosidl_typesupport_fastrtps_c__visibility_control.h
[6.364s] -- Up-to-date: /home/ahmo030/ros2-migration/arena/utils/unitree_ros/unitree_legged_msgs/install/unitree_legged_msgs/include/unitree_legged_msgs/unitree_legged_msgs/msg/detail
[6.364s] -- Installing: /home/ahmo030/ros2-migration/arena/utils/unitree_ros/unitree_legged_msgs/install/unitree_legged_msgs/include/unitree_legged_msgs/unitree_legged_msgs/msg/detail/motor_state__rosidl_typesupport_fastrtps_c.h
[6.364s] -- Installing: /home/ahmo030/ros2-migration/arena/utils/unitree_ros/unitree_legged_msgs/install/unitree_legged_msgs/include/unitree_legged_msgs/unitree_legged_msgs/msg/detail/led__rosidl_typesupport_fastrtps_c.h
[6.365s] -- Installing: /home/ahmo030/ros2-migration/arena/utils/unitree_ros/unitree_legged_msgs/install/unitree_legged_msgs/include/unitree_legged_msgs/unitree_legged_msgs/msg/detail/bms_cmd__rosidl_typesupport_fastrtps_c.h
[6.365s] -- Installing: /home/ahmo030/ros2-migration/arena/utils/unitree_ros/unitree_legged_msgs/install/unitree_legged_msgs/include/unitree_legged_msgs/unitree_legged_msgs/msg/detail/imu__rosidl_typesupport_fastrtps_c.h
[6.365s] -- Installing: /home/ahmo030/ros2-migration/arena/utils/unitree_ros/unitree_legged_msgs/install/unitree_legged_msgs/include/unitree_legged_msgs/unitree_legged_msgs/msg/detail/bms_state__rosidl_typesupport_fastrtps_c.h
[6.365s] -- Installing: /home/ahmo030/ros2-migration/arena/utils/unitree_ros/unitree_legged_msgs/install/unitree_legged_msgs/include/unitree_legged_msgs/unitree_legged_msgs/msg/detail/low_cmd__rosidl_typesupport_fastrtps_c.h
[6.365s] -- Installing: /home/ahmo030/ros2-migration/arena/utils/unitree_ros/unitree_legged_msgs/install/unitree_legged_msgs/include/unitree_legged_msgs/unitree_legged_msgs/msg/detail/high_state__rosidl_typesupport_fastrtps_c.h
[6.365s] -- Installing: /home/ahmo030/ros2-migration/arena/utils/unitree_ros/unitree_legged_msgs/install/unitree_legged_msgs/include/unitree_legged_msgs/unitree_legged_msgs/msg/detail/high_cmd__rosidl_typesupport_fastrtps_c.h
[6.365s] -- Installing: /home/ahmo030/ros2-migration/arena/utils/unitree_ros/unitree_legged_msgs/install/unitree_legged_msgs/include/unitree_legged_msgs/unitree_legged_msgs/msg/detail/motor_cmd__rosidl_typesupport_fastrtps_c.h
[6.365s] -- Installing: /home/ahmo030/ros2-migration/arena/utils/unitree_ros/unitree_legged_msgs/install/unitree_legged_msgs/include/unitree_legged_msgs/unitree_legged_msgs/msg/detail/cartesian__rosidl_typesupport_fastrtps_c.h
[6.365s] -- Installing: /home/ahmo030/ros2-migration/arena/utils/unitree_ros/unitree_legged_msgs/install/unitree_legged_msgs/include/unitree_legged_msgs/unitree_legged_msgs/msg/detail/low_state__rosidl_typesupport_fastrtps_c.h
[6.365s] -- Installing: /home/ahmo030/ros2-migration/arena/utils/unitree_ros/unitree_legged_msgs/install/unitree_legged_msgs/lib/libunitree_legged_msgs__rosidl_typesupport_fastrtps_c.so
[6.365s] -- Set runtime path of "/home/ahmo030/ros2-migration/arena/utils/unitree_ros/unitree_legged_msgs/install/unitree_legged_msgs/lib/libunitree_legged_msgs__rosidl_typesupport_fastrtps_c.so" to ""
[6.365s] -- Up-to-date: /home/ahmo030/ros2-migration/arena/utils/unitree_ros/unitree_legged_msgs/install/unitree_legged_msgs/include/unitree_legged_msgs/unitree_legged_msgs
[6.365s] -- Up-to-date: /home/ahmo030/ros2-migration/arena/utils/unitree_ros/unitree_legged_msgs/install/unitree_legged_msgs/include/unitree_legged_msgs/unitree_legged_msgs/msg
[6.365s] -- Installing: /home/ahmo030/ros2-migration/arena/utils/unitree_ros/unitree_legged_msgs/install/unitree_legged_msgs/include/unitree_legged_msgs/unitree_legged_msgs/msg/rosidl_typesupport_introspection_c__visibility_control.h
[6.365s] -- Up-to-date: /home/ahmo030/ros2-migration/arena/utils/unitree_ros/unitree_legged_msgs/install/unitree_legged_msgs/include/unitree_legged_msgs/unitree_legged_msgs/msg/detail
[6.365s] -- Installing: /home/ahmo030/ros2-migration/arena/utils/unitree_ros/unitree_legged_msgs/install/unitree_legged_msgs/include/unitree_legged_msgs/unitree_legged_msgs/msg/detail/low_state__type_support.c
[6.365s] -- Installing: /home/ahmo030/ros2-migration/arena/utils/unitree_ros/unitree_legged_msgs/install/unitree_legged_msgs/include/unitree_legged_msgs/unitree_legged_msgs/msg/detail/high_cmd__type_support.c
[6.365s] -- Installing: /home/ahmo030/ros2-migration/arena/utils/unitree_ros/unitree_legged_msgs/install/unitree_legged_msgs/include/unitree_legged_msgs/unitree_legged_msgs/msg/detail/cartesian__rosidl_typesupport_introspection_c.h
[6.365s] -- Installing: /home/ahmo030/ros2-migration/arena/utils/unitree_ros/unitree_legged_msgs/install/unitree_legged_msgs/include/unitree_legged_msgs/unitree_legged_msgs/msg/detail/high_cmd__rosidl_typesupport_introspection_c.h
[6.365s] -- Installing: /home/ahmo030/ros2-migration/arena/utils/unitree_ros/unitree_legged_msgs/install/unitree_legged_msgs/include/unitree_legged_msgs/unitree_legged_msgs/msg/detail/motor_state__type_support.c
[6.365s] -- Installing: /home/ahmo030/ros2-migration/arena/utils/unitree_ros/unitree_legged_msgs/install/unitree_legged_msgs/include/unitree_legged_msgs/unitree_legged_msgs/msg/detail/cartesian__type_support.c
[6.366s] -- Installing: /home/ahmo030/ros2-migration/arena/utils/unitree_ros/unitree_legged_msgs/install/unitree_legged_msgs/include/unitree_legged_msgs/unitree_legged_msgs/msg/detail/bms_state__type_support.c
[6.366s] -- Installing: /home/ahmo030/ros2-migration/arena/utils/unitree_ros/unitree_legged_msgs/install/unitree_legged_msgs/include/unitree_legged_msgs/unitree_legged_msgs/msg/detail/led__rosidl_typesupport_introspection_c.h
[6.366s] -- Installing: /home/ahmo030/ros2-migration/arena/utils/unitree_ros/unitree_legged_msgs/install/unitree_legged_msgs/include/unitree_legged_msgs/unitree_legged_msgs/msg/detail/imu__type_support.c
[6.366s] -- Installing: /home/ahmo030/ros2-migration/arena/utils/unitree_ros/unitree_legged_msgs/install/unitree_legged_msgs/include/unitree_legged_msgs/unitree_legged_msgs/msg/detail/motor_cmd__rosidl_typesupport_introspection_c.h
[6.366s] -- Installing: /home/ahmo030/ros2-migration/arena/utils/unitree_ros/unitree_legged_msgs/install/unitree_legged_msgs/include/unitree_legged_msgs/unitree_legged_msgs/msg/detail/bms_cmd__rosidl_typesupport_introspection_c.h
[6.366s] -- Installing: /home/ahmo030/ros2-migration/arena/utils/unitree_ros/unitree_legged_msgs/install/unitree_legged_msgs/include/unitree_legged_msgs/unitree_legged_msgs/msg/detail/motor_cmd__type_support.c
[6.366s] -- Installing: /home/ahmo030/ros2-migration/arena/utils/unitree_ros/unitree_legged_msgs/install/unitree_legged_msgs/include/unitree_legged_msgs/unitree_legged_msgs/msg/detail/imu__rosidl_typesupport_introspection_c.h
[6.366s] -- Installing: /home/ahmo030/ros2-migration/arena/utils/unitree_ros/unitree_legged_msgs/install/unitree_legged_msgs/include/unitree_legged_msgs/unitree_legged_msgs/msg/detail/low_cmd__rosidl_typesupport_introspection_c.h
[6.366s] -- Installing: /home/ahmo030/ros2-migration/arena/utils/unitree_ros/unitree_legged_msgs/install/unitree_legged_msgs/include/unitree_legged_msgs/unitree_legged_msgs/msg/detail/motor_state__rosidl_typesupport_introspection_c.h
[6.366s] -- Installing: /home/ahmo030/ros2-migration/arena/utils/unitree_ros/unitree_legged_msgs/install/unitree_legged_msgs/include/unitree_legged_msgs/unitree_legged_msgs/msg/detail/low_state__rosidl_typesupport_introspection_c.h
[6.366s] -- Installing: /home/ahmo030/ros2-migration/arena/utils/unitree_ros/unitree_legged_msgs/install/unitree_legged_msgs/include/unitree_legged_msgs/unitree_legged_msgs/msg/detail/bms_state__rosidl_typesupport_introspection_c.h
[6.366s] -- Installing: /home/ahmo030/ros2-migration/arena/utils/unitree_ros/unitree_legged_msgs/install/unitree_legged_msgs/include/unitree_legged_msgs/unitree_legged_msgs/msg/detail/led__type_support.c
[6.366s] -- Installing: /home/ahmo030/ros2-migration/arena/utils/unitree_ros/unitree_legged_msgs/install/unitree_legged_msgs/include/unitree_legged_msgs/unitree_legged_msgs/msg/detail/bms_cmd__type_support.c
[6.366s] -- Installing: /home/ahmo030/ros2-migration/arena/utils/unitree_ros/unitree_legged_msgs/install/unitree_legged_msgs/include/unitree_legged_msgs/unitree_legged_msgs/msg/detail/high_state__type_support.c
[6.366s] -- Installing: /home/ahmo030/ros2-migration/arena/utils/unitree_ros/unitree_legged_msgs/install/unitree_legged_msgs/include/unitree_legged_msgs/unitree_legged_msgs/msg/detail/high_state__rosidl_typesupport_introspection_c.h
[6.366s] -- Installing: /home/ahmo030/ros2-migration/arena/utils/unitree_ros/unitree_legged_msgs/install/unitree_legged_msgs/include/unitree_legged_msgs/unitree_legged_msgs/msg/detail/low_cmd__type_support.c
[6.366s] -- Installing: /home/ahmo030/ros2-migration/arena/utils/unitree_ros/unitree_legged_msgs/install/unitree_legged_msgs/lib/libunitree_legged_msgs__rosidl_typesupport_introspection_c.so
[6.366s] -- Set runtime path of "/home/ahmo030/ros2-migration/arena/utils/unitree_ros/unitree_legged_msgs/install/unitree_legged_msgs/lib/libunitree_legged_msgs__rosidl_typesupport_introspection_c.so" to ""
[6.366s] -- Installing: /home/ahmo030/ros2-migration/arena/utils/unitree_ros/unitree_legged_msgs/install/unitree_legged_msgs/lib/libunitree_legged_msgs__rosidl_typesupport_c.so
[6.367s] -- Set runtime path of "/home/ahmo030/ros2-migration/arena/utils/unitree_ros/unitree_legged_msgs/install/unitree_legged_msgs/lib/libunitree_legged_msgs__rosidl_typesupport_c.so" to ""
[6.367s] -- Up-to-date: /home/ahmo030/ros2-migration/arena/utils/unitree_ros/unitree_legged_msgs/install/unitree_legged_msgs/include/unitree_legged_msgs/unitree_legged_msgs
[6.367s] -- Up-to-date: /home/ahmo030/ros2-migration/arena/utils/unitree_ros/unitree_legged_msgs/install/unitree_legged_msgs/include/unitree_legged_msgs/unitree_legged_msgs/msg
[6.367s] -- Installing: /home/ahmo030/ros2-migration/arena/utils/unitree_ros/unitree_legged_msgs/install/unitree_legged_msgs/include/unitree_legged_msgs/unitree_legged_msgs/msg/bms_state.hpp
[6.367s] -- Installing: /home/ahmo030/ros2-migration/arena/utils/unitree_ros/unitree_legged_msgs/install/unitree_legged_msgs/include/unitree_legged_msgs/unitree_legged_msgs/msg/motor_cmd.hpp
[6.367s] -- Installing: /home/ahmo030/ros2-migration/arena/utils/unitree_ros/unitree_legged_msgs/install/unitree_legged_msgs/include/unitree_legged_msgs/unitree_legged_msgs/msg/motor_state.hpp
[6.367s] -- Installing: /home/ahmo030/ros2-migration/arena/utils/unitree_ros/unitree_legged_msgs/install/unitree_legged_msgs/include/unitree_legged_msgs/unitree_legged_msgs/msg/led.hpp
[6.367s] -- Installing: /home/ahmo030/ros2-migration/arena/utils/unitree_ros/unitree_legged_msgs/install/unitree_legged_msgs/include/unitree_legged_msgs/unitree_legged_msgs/msg/high_state.hpp
[6.367s] -- Installing: /home/ahmo030/ros2-migration/arena/utils/unitree_ros/unitree_legged_msgs/install/unitree_legged_msgs/include/unitree_legged_msgs/unitree_legged_msgs/msg/bms_cmd.hpp
[6.367s] -- Installing: /home/ahmo030/ros2-migration/arena/utils/unitree_ros/unitree_legged_msgs/install/unitree_legged_msgs/include/unitree_legged_msgs/unitree_legged_msgs/msg/high_cmd.hpp
[6.367s] -- Up-to-date: /home/ahmo030/ros2-migration/arena/utils/unitree_ros/unitree_legged_msgs/install/unitree_legged_msgs/include/unitree_legged_msgs/unitree_legged_msgs/msg/detail
[6.367s] -- Installing: /home/ahmo030/ros2-migration/arena/utils/unitree_ros/unitree_legged_msgs/install/unitree_legged_msgs/include/unitree_legged_msgs/unitree_legged_msgs/msg/detail/motor_state__traits.hpp
[6.367s] -- Installing: /home/ahmo030/ros2-migration/arena/utils/unitree_ros/unitree_legged_msgs/install/unitree_legged_msgs/include/unitree_legged_msgs/unitree_legged_msgs/msg/detail/bms_state__struct.hpp
[6.367s] -- Installing: /home/ahmo030/ros2-migration/arena/utils/unitree_ros/unitree_legged_msgs/install/unitree_legged_msgs/include/unitree_legged_msgs/unitree_legged_msgs/msg/detail/bms_cmd__traits.hpp
[6.367s] -- Installing: /home/ahmo030/ros2-migration/arena/utils/unitree_ros/unitree_legged_msgs/install/unitree_legged_msgs/include/unitree_legged_msgs/unitree_legged_msgs/msg/detail/high_cmd__struct.hpp
[6.367s] -- Installing: /home/ahmo030/ros2-migration/arena/utils/unitree_ros/unitree_legged_msgs/install/unitree_legged_msgs/include/unitree_legged_msgs/unitree_legged_msgs/msg/detail/high_state__builder.hpp
[6.367s] -- Installing: /home/ahmo030/ros2-migration/arena/utils/unitree_ros/unitree_legged_msgs/install/unitree_legged_msgs/include/unitree_legged_msgs/unitree_legged_msgs/msg/detail/high_cmd__builder.hpp
[6.367s] -- Installing: /home/ahmo030/ros2-migration/arena/utils/unitree_ros/unitree_legged_msgs/install/unitree_legged_msgs/include/unitree_legged_msgs/unitree_legged_msgs/msg/detail/motor_cmd__traits.hpp
[6.368s] -- Installing: /home/ahmo030/ros2-migration/arena/utils/unitree_ros/unitree_legged_msgs/install/unitree_legged_msgs/include/unitree_legged_msgs/unitree_legged_msgs/msg/detail/high_state__struct.hpp
[6.368s] -- Installing: /home/ahmo030/ros2-migration/arena/utils/unitree_ros/unitree_legged_msgs/install/unitree_legged_msgs/include/unitree_legged_msgs/unitree_legged_msgs/msg/detail/led__traits.hpp
[6.368s] -- Installing: /home/ahmo030/ros2-migration/arena/utils/unitree_ros/unitree_legged_msgs/install/unitree_legged_msgs/include/unitree_legged_msgs/unitree_legged_msgs/msg/detail/low_state__struct.hpp
[6.368s] -- Installing: /home/ahmo030/ros2-migration/arena/utils/unitree_ros/unitree_legged_msgs/install/unitree_legged_msgs/include/unitree_legged_msgs/unitree_legged_msgs/msg/detail/low_cmd__builder.hpp
[6.368s] -- Installing: /home/ahmo030/ros2-migration/arena/utils/unitree_ros/unitree_legged_msgs/install/unitree_legged_msgs/include/unitree_legged_msgs/unitree_legged_msgs/msg/detail/motor_cmd__struct.hpp
[6.368s] -- Installing: /home/ahmo030/ros2-migration/arena/utils/unitree_ros/unitree_legged_msgs/install/unitree_legged_msgs/include/unitree_legged_msgs/unitree_legged_msgs/msg/detail/low_cmd__traits.hpp
[6.368s] -- Installing: /home/ahmo030/ros2-migration/arena/utils/unitree_ros/unitree_legged_msgs/install/unitree_legged_msgs/include/unitree_legged_msgs/unitree_legged_msgs/msg/detail/imu__traits.hpp
[6.368s] -- Installing: /home/ahmo030/ros2-migration/arena/utils/unitree_ros/unitree_legged_msgs/install/unitree_legged_msgs/include/unitree_legged_msgs/unitree_legged_msgs/msg/detail/motor_cmd__builder.hpp
[6.368s] -- Installing: /home/ahmo030/ros2-migration/arena/utils/unitree_ros/unitree_legged_msgs/install/unitree_legged_msgs/include/unitree_legged_msgs/unitree_legged_msgs/msg/detail/cartesian__struct.hpp
[6.368s] -- Installing: /home/ahmo030/ros2-migration/arena/utils/unitree_ros/unitree_legged_msgs/install/unitree_legged_msgs/include/unitree_legged_msgs/unitree_legged_msgs/msg/detail/bms_cmd__builder.hpp
[6.368s] -- Installing: /home/ahmo030/ros2-migration/arena/utils/unitree_ros/unitree_legged_msgs/install/unitree_legged_msgs/include/unitree_legged_msgs/unitree_legged_msgs/msg/detail/motor_state__builder.hpp
[6.368s] -- Installing: /home/ahmo030/ros2-migration/arena/utils/unitree_ros/unitree_legged_msgs/install/unitree_legged_msgs/include/unitree_legged_msgs/unitree_legged_msgs/msg/detail/low_cmd__struct.hpp
[6.368s] -- Installing: /home/ahmo030/ros2-migration/arena/utils/unitree_ros/unitree_legged_msgs/install/unitree_legged_msgs/include/unitree_legged_msgs/unitree_legged_msgs/msg/detail/bms_state__traits.hpp
[6.368s] -- Installing: /home/ahmo030/ros2-migration/arena/utils/unitree_ros/unitree_legged_msgs/install/unitree_legged_msgs/include/unitree_legged_msgs/unitree_legged_msgs/msg/detail/led__builder.hpp
[6.368s] -- Installing: /home/ahmo030/ros2-migration/arena/utils/unitree_ros/unitree_legged_msgs/install/unitree_legged_msgs/include/unitree_legged_msgs/unitree_legged_msgs/msg/detail/motor_state__struct.hpp
[6.368s] -- Installing: /home/ahmo030/ros2-migration/arena/utils/unitree_ros/unitree_legged_msgs/install/unitree_legged_msgs/include/unitree_legged_msgs/unitree_legged_msgs/msg/detail/high_state__traits.hpp
[6.368s] -- Installing: /home/ahmo030/ros2-migration/arena/utils/unitree_ros/unitree_legged_msgs/install/unitree_legged_msgs/include/unitree_legged_msgs/unitree_legged_msgs/msg/detail/cartesian__builder.hpp
[6.368s] -- Installing: /home/ahmo030/ros2-migration/arena/utils/unitree_ros/unitree_legged_msgs/install/unitree_legged_msgs/include/unitree_legged_msgs/unitree_legged_msgs/msg/detail/low_state__builder.hpp
[6.368s] -- Installing: /home/ahmo030/ros2-migration/arena/utils/unitree_ros/unitree_legged_msgs/install/unitree_legged_msgs/include/unitree_legged_msgs/unitree_legged_msgs/msg/detail/low_state__traits.hpp
[6.368s] -- Installing: /home/ahmo030/ros2-migration/arena/utils/unitree_ros/unitree_legged_msgs/install/unitree_legged_msgs/include/unitree_legged_msgs/unitree_legged_msgs/msg/detail/bms_state__builder.hpp
[6.368s] -- Installing: /home/ahmo030/ros2-migration/arena/utils/unitree_ros/unitree_legged_msgs/install/unitree_legged_msgs/include/unitree_legged_msgs/unitree_legged_msgs/msg/detail/imu__builder.hpp
[6.369s] -- Installing: /home/ahmo030/ros2-migration/arena/utils/unitree_ros/unitree_legged_msgs/install/unitree_legged_msgs/include/unitree_legged_msgs/unitree_legged_msgs/msg/detail/imu__struct.hpp
[6.369s] -- Installing: /home/ahmo030/ros2-migration/arena/utils/unitree_ros/unitree_legged_msgs/install/unitree_legged_msgs/include/unitree_legged_msgs/unitree_legged_msgs/msg/detail/cartesian__traits.hpp
[6.369s] -- Installing: /home/ahmo030/ros2-migration/arena/utils/unitree_ros/unitree_legged_msgs/install/unitree_legged_msgs/include/unitree_legged_msgs/unitree_legged_msgs/msg/detail/led__struct.hpp
[6.369s] -- Installing: /home/ahmo030/ros2-migration/arena/utils/unitree_ros/unitree_legged_msgs/install/unitree_legged_msgs/include/unitree_legged_msgs/unitree_legged_msgs/msg/detail/high_cmd__traits.hpp
[6.369s] -- Installing: /home/ahmo030/ros2-migration/arena/utils/unitree_ros/unitree_legged_msgs/install/unitree_legged_msgs/include/unitree_legged_msgs/unitree_legged_msgs/msg/detail/bms_cmd__struct.hpp
[6.369s] -- Installing: /home/ahmo030/ros2-migration/arena/utils/unitree_ros/unitree_legged_msgs/install/unitree_legged_msgs/include/unitree_legged_msgs/unitree_legged_msgs/msg/cartesian.hpp
[6.369s] -- Installing: /home/ahmo030/ros2-migration/arena/utils/unitree_ros/unitree_legged_msgs/install/unitree_legged_msgs/include/unitree_legged_msgs/unitree_legged_msgs/msg/low_state.hpp
[6.369s] -- Installing: /home/ahmo030/ros2-migration/arena/utils/unitree_ros/unitree_legged_msgs/install/unitree_legged_msgs/include/unitree_legged_msgs/unitree_legged_msgs/msg/imu.hpp
[6.369s] -- Installing: /home/ahmo030/ros2-migration/arena/utils/unitree_ros/unitree_legged_msgs/install/unitree_legged_msgs/include/unitree_legged_msgs/unitree_legged_msgs/msg/low_cmd.hpp
[6.369s] -- Up-to-date: /home/ahmo030/ros2-migration/arena/utils/unitree_ros/unitree_legged_msgs/install/unitree_legged_msgs/include/unitree_legged_msgs/unitree_legged_msgs
[6.369s] -- Up-to-date: /home/ahmo030/ros2-migration/arena/utils/unitree_ros/unitree_legged_msgs/install/unitree_legged_msgs/include/unitree_legged_msgs/unitree_legged_msgs/msg
[6.369s] -- Up-to-date: /home/ahmo030/ros2-migration/arena/utils/unitree_ros/unitree_legged_msgs/install/unitree_legged_msgs/include/unitree_legged_msgs/unitree_legged_msgs/msg/detail
[6.369s] -- Installing: /home/ahmo030/ros2-migration/arena/utils/unitree_ros/unitree_legged_msgs/install/unitree_legged_msgs/include/unitree_legged_msgs/unitree_legged_msgs/msg/detail/imu__rosidl_typesupport_fastrtps_cpp.hpp
[6.369s] -- Installing: /home/ahmo030/ros2-migration/arena/utils/unitree_ros/unitree_legged_msgs/install/unitree_legged_msgs/include/unitree_legged_msgs/unitree_legged_msgs/msg/detail/led__rosidl_typesupport_fastrtps_cpp.hpp
[6.369s] -- Installing: /home/ahmo030/ros2-migration/arena/utils/unitree_ros/unitree_legged_msgs/install/unitree_legged_msgs/include/unitree_legged_msgs/unitree_legged_msgs/msg/detail/high_cmd__rosidl_typesupport_fastrtps_cpp.hpp
[6.369s] -- Installing: /home/ahmo030/ros2-migration/arena/utils/unitree_ros/unitree_legged_msgs/install/unitree_legged_msgs/include/unitree_legged_msgs/unitree_legged_msgs/msg/detail/low_state__rosidl_typesupport_fastrtps_cpp.hpp
[6.369s] -- Installing: /home/ahmo030/ros2-migration/arena/utils/unitree_ros/unitree_legged_msgs/install/unitree_legged_msgs/include/unitree_legged_msgs/unitree_legged_msgs/msg/detail/cartesian__rosidl_typesupport_fastrtps_cpp.hpp
[6.369s] -- Installing: /home/ahmo030/ros2-migration/arena/utils/unitree_ros/unitree_legged_msgs/install/unitree_legged_msgs/include/unitree_legged_msgs/unitree_legged_msgs/msg/detail/motor_state__rosidl_typesupport_fastrtps_cpp.hpp
[6.369s] -- Installing: /home/ahmo030/ros2-migration/arena/utils/unitree_ros/unitree_legged_msgs/install/unitree_legged_msgs/include/unitree_legged_msgs/unitree_legged_msgs/msg/detail/dds_fastrtps
[6.370s] -- Installing: /home/ahmo030/ros2-migration/arena/utils/unitree_ros/unitree_legged_msgs/install/unitree_legged_msgs/include/unitree_legged_msgs/unitree_legged_msgs/msg/detail/high_state__rosidl_typesupport_fastrtps_cpp.hpp
[6.370s] -- Installing: /home/ahmo030/ros2-migration/arena/utils/unitree_ros/unitree_legged_msgs/install/unitree_legged_msgs/include/unitree_legged_msgs/unitree_legged_msgs/msg/detail/bms_cmd__rosidl_typesupport_fastrtps_cpp.hpp
[6.370s] -- Installing: /home/ahmo030/ros2-migration/arena/utils/unitree_ros/unitree_legged_msgs/install/unitree_legged_msgs/include/unitree_legged_msgs/unitree_legged_msgs/msg/detail/low_cmd__rosidl_typesupport_fastrtps_cpp.hpp
[6.370s] -- Installing: /home/ahmo030/ros2-migration/arena/utils/unitree_ros/unitree_legged_msgs/install/unitree_legged_msgs/include/unitree_legged_msgs/unitree_legged_msgs/msg/detail/bms_state__rosidl_typesupport_fastrtps_cpp.hpp
[6.370s] -- Installing: /home/ahmo030/ros2-migration/arena/utils/unitree_ros/unitree_legged_msgs/install/unitree_legged_msgs/include/unitree_legged_msgs/unitree_legged_msgs/msg/detail/motor_cmd__rosidl_typesupport_fastrtps_cpp.hpp
[6.370s] -- Installing: /home/ahmo030/ros2-migration/arena/utils/unitree_ros/unitree_legged_msgs/install/unitree_legged_msgs/include/unitree_legged_msgs/unitree_legged_msgs/msg/rosidl_typesupport_fastrtps_cpp__visibility_control.h
[6.370s] -- Installing: /home/ahmo030/ros2-migration/arena/utils/unitree_ros/unitree_legged_msgs/install/unitree_legged_msgs/lib/libunitree_legged_msgs__rosidl_typesupport_fastrtps_cpp.so
[6.370s] -- Set runtime path of "/home/ahmo030/ros2-migration/arena/utils/unitree_ros/unitree_legged_msgs/install/unitree_legged_msgs/lib/libunitree_legged_msgs__rosidl_typesupport_fastrtps_cpp.so" to ""
[6.370s] -- Up-to-date: /home/ahmo030/ros2-migration/arena/utils/unitree_ros/unitree_legged_msgs/install/unitree_legged_msgs/include/unitree_legged_msgs/unitree_legged_msgs
[6.370s] -- Up-to-date: /home/ahmo030/ros2-migration/arena/utils/unitree_ros/unitree_legged_msgs/install/unitree_legged_msgs/include/unitree_legged_msgs/unitree_legged_msgs/msg
[6.370s] -- Up-to-date: /home/ahmo030/ros2-migration/arena/utils/unitree_ros/unitree_legged_msgs/install/unitree_legged_msgs/include/unitree_legged_msgs/unitree_legged_msgs/msg/detail
[6.370s] -- Installing: /home/ahmo030/ros2-migration/arena/utils/unitree_ros/unitree_legged_msgs/install/unitree_legged_msgs/include/unitree_legged_msgs/unitree_legged_msgs/msg/detail/bms_cmd__type_support.cpp
[6.370s] -- Installing: /home/ahmo030/ros2-migration/arena/utils/unitree_ros/unitree_legged_msgs/install/unitree_legged_msgs/include/unitree_legged_msgs/unitree_legged_msgs/msg/detail/high_cmd__rosidl_typesupport_introspection_cpp.hpp
[6.370s] -- Installing: /home/ahmo030/ros2-migration/arena/utils/unitree_ros/unitree_legged_msgs/install/unitree_legged_msgs/include/unitree_legged_msgs/unitree_legged_msgs/msg/detail/motor_state__type_support.cpp
[6.370s] -- Installing: /home/ahmo030/ros2-migration/arena/utils/unitree_ros/unitree_legged_msgs/install/unitree_legged_msgs/include/unitree_legged_msgs/unitree_legged_msgs/msg/detail/low_state__type_support.cpp
[6.370s] -- Installing: /home/ahmo030/ros2-migration/arena/utils/unitree_ros/unitree_legged_msgs/install/unitree_legged_msgs/include/unitree_legged_msgs/unitree_legged_msgs/msg/detail/bms_state__rosidl_typesupport_introspection_cpp.hpp
[6.370s] -- Installing: /home/ahmo030/ros2-migration/arena/utils/unitree_ros/unitree_legged_msgs/install/unitree_legged_msgs/include/unitree_legged_msgs/unitree_legged_msgs/msg/detail/motor_cmd__type_support.cpp
[6.370s] -- Installing: /home/ahmo030/ros2-migration/arena/utils/unitree_ros/unitree_legged_msgs/install/unitree_legged_msgs/include/unitree_legged_msgs/unitree_legged_msgs/msg/detail/low_cmd__type_support.cpp
[6.370s] -- Installing: /home/ahmo030/ros2-migration/arena/utils/unitree_ros/unitree_legged_msgs/install/unitree_legged_msgs/include/unitree_legged_msgs/unitree_legged_msgs/msg/detail/cartesian__rosidl_typesupport_introspection_cpp.hpp
[6.371s] -- Installing: /home/ahmo030/ros2-migration/arena/utils/unitree_ros/unitree_legged_msgs/install/unitree_legged_msgs/include/unitree_legged_msgs/unitree_legged_msgs/msg/detail/low_state__rosidl_typesupport_introspection_cpp.hpp
[6.371s] -- Installing: /home/ahmo030/ros2-migration/arena/utils/unitree_ros/unitree_legged_msgs/install/unitree_legged_msgs/include/unitree_legged_msgs/unitree_legged_msgs/msg/detail/motor_state__rosidl_typesupport_introspection_cpp.hpp
[6.371s] -- Installing: /home/ahmo030/ros2-migration/arena/utils/unitree_ros/unitree_legged_msgs/install/unitree_legged_msgs/include/unitree_legged_msgs/unitree_legged_msgs/msg/detail/cartesian__type_support.cpp
[6.371s] -- Installing: /home/ahmo030/ros2-migration/arena/utils/unitree_ros/unitree_legged_msgs/install/unitree_legged_msgs/include/unitree_legged_msgs/unitree_legged_msgs/msg/detail/high_state__rosidl_typesupport_introspection_cpp.hpp
[6.371s] -- Installing: /home/ahmo030/ros2-migration/arena/utils/unitree_ros/unitree_legged_msgs/install/unitree_legged_msgs/include/unitree_legged_msgs/unitree_legged_msgs/msg/detail/high_state__type_support.cpp
[6.371s] -- Installing: /home/ahmo030/ros2-migration/arena/utils/unitree_ros/unitree_legged_msgs/install/unitree_legged_msgs/include/unitree_legged_msgs/unitree_legged_msgs/msg/detail/motor_cmd__rosidl_typesupport_introspection_cpp.hpp
[6.371s] -- Installing: /home/ahmo030/ros2-migration/arena/utils/unitree_ros/unitree_legged_msgs/install/unitree_legged_msgs/include/unitree_legged_msgs/unitree_legged_msgs/msg/detail/led__type_support.cpp
[6.371s] -- Installing: /home/ahmo030/ros2-migration/arena/utils/unitree_ros/unitree_legged_msgs/install/unitree_legged_msgs/include/unitree_legged_msgs/unitree_legged_msgs/msg/detail/low_cmd__rosidl_typesupport_introspection_cpp.hpp
[6.371s] -- Installing: /home/ahmo030/ros2-migration/arena/utils/unitree_ros/unitree_legged_msgs/install/unitree_legged_msgs/include/unitree_legged_msgs/unitree_legged_msgs/msg/detail/bms_cmd__rosidl_typesupport_introspection_cpp.hpp
[6.371s] -- Installing: /home/ahmo030/ros2-migration/arena/utils/unitree_ros/unitree_legged_msgs/install/unitree_legged_msgs/include/unitree_legged_msgs/unitree_legged_msgs/msg/detail/led__rosidl_typesupport_introspection_cpp.hpp
[6.371s] -- Installing: /home/ahmo030/ros2-migration/arena/utils/unitree_ros/unitree_legged_msgs/install/unitree_legged_msgs/include/unitree_legged_msgs/unitree_legged_msgs/msg/detail/bms_state__type_support.cpp
[6.371s] -- Installing: /home/ahmo030/ros2-migration/arena/utils/unitree_ros/unitree_legged_msgs/install/unitree_legged_msgs/include/unitree_legged_msgs/unitree_legged_msgs/msg/detail/imu__rosidl_typesupport_introspection_cpp.hpp
[6.371s] -- Installing: /home/ahmo030/ros2-migration/arena/utils/unitree_ros/unitree_legged_msgs/install/unitree_legged_msgs/include/unitree_legged_msgs/unitree_legged_msgs/msg/detail/imu__type_support.cpp
[6.371s] -- Installing: /home/ahmo030/ros2-migration/arena/utils/unitree_ros/unitree_legged_msgs/install/unitree_legged_msgs/include/unitree_legged_msgs/unitree_legged_msgs/msg/detail/high_cmd__type_support.cpp
[6.371s] -- Installing: /home/ahmo030/ros2-migration/arena/utils/unitree_ros/unitree_legged_msgs/install/unitree_legged_msgs/lib/libunitree_legged_msgs__rosidl_typesupport_introspection_cpp.so
[6.371s] -- Set runtime path of "/home/ahmo030/ros2-migration/arena/utils/unitree_ros/unitree_legged_msgs/install/unitree_legged_msgs/lib/libunitree_legged_msgs__rosidl_typesupport_introspection_cpp.so" to ""
[6.371s] -- Installing: /home/ahmo030/ros2-migration/arena/utils/unitree_ros/unitree_legged_msgs/install/unitree_legged_msgs/lib/libunitree_legged_msgs__rosidl_typesupport_cpp.so
[6.372s] -- Set runtime path of "/home/ahmo030/ros2-migration/arena/utils/unitree_ros/unitree_legged_msgs/install/unitree_legged_msgs/lib/libunitree_legged_msgs__rosidl_typesupport_cpp.so" to ""
[6.372s] -- Installing: /home/ahmo030/ros2-migration/arena/utils/unitree_ros/unitree_legged_msgs/install/unitree_legged_msgs/share/unitree_legged_msgs/environment/pythonpath.sh
[6.372s] -- Installing: /home/ahmo030/ros2-migration/arena/utils/unitree_ros/unitree_legged_msgs/install/unitree_legged_msgs/share/unitree_legged_msgs/environment/pythonpath.dsv
[6.372s] -- Installing: /home/ahmo030/ros2-migration/arena/utils/unitree_ros/unitree_legged_msgs/install/unitree_legged_msgs/local/lib/python3.10/dist-packages/unitree_legged_msgs-0.0.0-py3.10.egg-info
[6.372s] -- Installing: /home/ahmo030/ros2-migration/arena/utils/unitree_ros/unitree_legged_msgs/install/unitree_legged_msgs/local/lib/python3.10/dist-packages/unitree_legged_msgs-0.0.0-py3.10.egg-info/SOURCES.txt
[6.372s] -- Installing: /home/ahmo030/ros2-migration/arena/utils/unitree_ros/unitree_legged_msgs/install/unitree_legged_msgs/local/lib/python3.10/dist-packages/unitree_legged_msgs-0.0.0-py3.10.egg-info/top_level.txt
[6.372s] -- Installing: /home/ahmo030/ros2-migration/arena/utils/unitree_ros/unitree_legged_msgs/install/unitree_legged_msgs/local/lib/python3.10/dist-packages/unitree_legged_msgs-0.0.0-py3.10.egg-info/dependency_links.txt
[6.372s] -- Installing: /home/ahmo030/ros2-migration/arena/utils/unitree_ros/unitree_legged_msgs/install/unitree_legged_msgs/local/lib/python3.10/dist-packages/unitree_legged_msgs-0.0.0-py3.10.egg-info/PKG-INFO
[6.372s] -- Installing: /home/ahmo030/ros2-migration/arena/utils/unitree_ros/unitree_legged_msgs/install/unitree_legged_msgs/local/lib/python3.10/dist-packages/unitree_legged_msgs
[6.372s] -- Installing: /home/ahmo030/ros2-migration/arena/utils/unitree_ros/unitree_legged_msgs/install/unitree_legged_msgs/local/lib/python3.10/dist-packages/unitree_legged_msgs/unitree_legged_msgs_s__rosidl_typesupport_c.cpython-36m-x86_64-linux-gnu.so
[6.372s] -- Installing: /home/ahmo030/ros2-migration/arena/utils/unitree_ros/unitree_legged_msgs/install/unitree_legged_msgs/local/lib/python3.10/dist-packages/unitree_legged_msgs/_unitree_legged_msgs_s.ep.rosidl_typesupport_fastrtps_c.c
[6.372s] -- Installing: /home/ahmo030/ros2-migration/arena/utils/unitree_ros/unitree_legged_msgs/install/unitree_legged_msgs/local/lib/python3.10/dist-packages/unitree_legged_msgs/unitree_legged_msgs_s__rosidl_typesupport_fastrtps_c.cpython-36m-x86_64-linux-gnu.so
[6.372s] -- Installing: /home/ahmo030/ros2-migration/arena/utils/unitree_ros/unitree_legged_msgs/install/unitree_legged_msgs/local/lib/python3.10/dist-packages/unitree_legged_msgs/libunitree_legged_msgs__rosidl_generator_py.so
[6.373s] -- Installing: /home/ahmo030/ros2-migration/arena/utils/unitree_ros/unitree_legged_msgs/install/unitree_legged_msgs/local/lib/python3.10/dist-packages/unitree_legged_msgs/_unitree_legged_msgs_s.ep.rosidl_typesupport_c.c
[6.373s] -- Installing: /home/ahmo030/ros2-migration/arena/utils/unitree_ros/unitree_legged_msgs/install/unitree_legged_msgs/local/lib/python3.10/dist-packages/unitree_legged_msgs/_unitree_legged_msgs_s.ep.rosidl_typesupport_introspection_c.c
[6.373s] -- Installing: /home/ahmo030/ros2-migration/arena/utils/unitree_ros/unitree_legged_msgs/install/unitree_legged_msgs/local/lib/python3.10/dist-packages/unitree_legged_msgs/unitree_legged_msgs_s__rosidl_typesupport_introspection_c.cpython-36m-x86_64-linux-gnu.so
[6.373s] -- Installing: /home/ahmo030/ros2-migration/arena/utils/unitree_ros/unitree_legged_msgs/install/unitree_legged_msgs/local/lib/python3.10/dist-packages/unitree_legged_msgs/__init__.py
[6.373s] -- Installing: /home/ahmo030/ros2-migration/arena/utils/unitree_ros/unitree_legged_msgs/install/unitree_legged_msgs/local/lib/python3.10/dist-packages/unitree_legged_msgs/msg
[6.373s] -- Installing: /home/ahmo030/ros2-migration/arena/utils/unitree_ros/unitree_legged_msgs/install/unitree_legged_msgs/local/lib/python3.10/dist-packages/unitree_legged_msgs/msg/_bms_state.py
[6.373s] -- Installing: /home/ahmo030/ros2-migration/arena/utils/unitree_ros/unitree_legged_msgs/install/unitree_legged_msgs/local/lib/python3.10/dist-packages/unitree_legged_msgs/msg/_high_state.py
[6.373s] -- Installing: /home/ahmo030/ros2-migration/arena/utils/unitree_ros/unitree_legged_msgs/install/unitree_legged_msgs/local/lib/python3.10/dist-packages/unitree_legged_msgs/msg/_imu.py
[6.373s] -- Installing: /home/ahmo030/ros2-migration/arena/utils/unitree_ros/unitree_legged_msgs/install/unitree_legged_msgs/local/lib/python3.10/dist-packages/unitree_legged_msgs/msg/_bms_state_s.c
[6.373s] -- Installing: /home/ahmo030/ros2-migration/arena/utils/unitree_ros/unitree_legged_msgs/install/unitree_legged_msgs/local/lib/python3.10/dist-packages/unitree_legged_msgs/msg/_motor_cmd.py
[6.373s] -- Installing: /home/ahmo030/ros2-migration/arena/utils/unitree_ros/unitree_legged_msgs/install/unitree_legged_msgs/local/lib/python3.10/dist-packages/unitree_legged_msgs/msg/_cartesian_s.c
[6.373s] -- Installing: /home/ahmo030/ros2-migration/arena/utils/unitree_ros/unitree_legged_msgs/install/unitree_legged_msgs/local/lib/python3.10/dist-packages/unitree_legged_msgs/msg/_low_cmd.py
[6.373s] -- Installing: /home/ahmo030/ros2-migration/arena/utils/unitree_ros/unitree_legged_msgs/install/unitree_legged_msgs/local/lib/python3.10/dist-packages/unitree_legged_msgs/msg/_high_state_s.c
[6.373s] -- Installing: /home/ahmo030/ros2-migration/arena/utils/unitree_ros/unitree_legged_msgs/install/unitree_legged_msgs/local/lib/python3.10/dist-packages/unitree_legged_msgs/msg/_motor_cmd_s.c
[6.373s] -- Installing: /home/ahmo030/ros2-migration/arena/utils/unitree_ros/unitree_legged_msgs/install/unitree_legged_msgs/local/lib/python3.10/dist-packages/unitree_legged_msgs/msg/_bms_cmd.py
[6.373s] -- Installing: /home/ahmo030/ros2-migration/arena/utils/unitree_ros/unitree_legged_msgs/install/unitree_legged_msgs/local/lib/python3.10/dist-packages/unitree_legged_msgs/msg/_high_cmd.py
[6.374s] -- Installing: /home/ahmo030/ros2-migration/arena/utils/unitree_ros/unitree_legged_msgs/install/unitree_legged_msgs/local/lib/python3.10/dist-packages/unitree_legged_msgs/msg/_cartesian.py
[6.374s] -- Installing: /home/ahmo030/ros2-migration/arena/utils/unitree_ros/unitree_legged_msgs/install/unitree_legged_msgs/local/lib/python3.10/dist-packages/unitree_legged_msgs/msg/_low_state_s.c
[6.374s] -- Installing: /home/ahmo030/ros2-migration/arena/utils/unitree_ros/unitree_legged_msgs/install/unitree_legged_msgs/local/lib/python3.10/dist-packages/unitree_legged_msgs/msg/_led_s.c
[6.374s] -- Installing: /home/ahmo030/ros2-migration/arena/utils/unitree_ros/unitree_legged_msgs/install/unitree_legged_msgs/local/lib/python3.10/dist-packages/unitree_legged_msgs/msg/_high_cmd_s.c
[6.374s] -- Installing: /home/ahmo030/ros2-migration/arena/utils/unitree_ros/unitree_legged_msgs/install/unitree_legged_msgs/local/lib/python3.10/dist-packages/unitree_legged_msgs/msg/_low_state.py
[6.374s] -- Installing: /home/ahmo030/ros2-migration/arena/utils/unitree_ros/unitree_legged_msgs/install/unitree_legged_msgs/local/lib/python3.10/dist-packages/unitree_legged_msgs/msg/__init__.py
[6.374s] -- Installing: /home/ahmo030/ros2-migration/arena/utils/unitree_ros/unitree_legged_msgs/install/unitree_legged_msgs/local/lib/python3.10/dist-packages/unitree_legged_msgs/msg/_low_cmd_s.c
[6.374s] -- Installing: /home/ahmo030/ros2-migration/arena/utils/unitree_ros/unitree_legged_msgs/install/unitree_legged_msgs/local/lib/python3.10/dist-packages/unitree_legged_msgs/msg/_motor_state_s.c
[6.374s] -- Installing: /home/ahmo030/ros2-migration/arena/utils/unitree_ros/unitree_legged_msgs/install/unitree_legged_msgs/local/lib/python3.10/dist-packages/unitree_legged_msgs/msg/_led.py
[6.374s] -- Installing: /home/ahmo030/ros2-migration/arena/utils/unitree_ros/unitree_legged_msgs/install/unitree_legged_msgs/local/lib/python3.10/dist-packages/unitree_legged_msgs/msg/_imu_s.c
[6.374s] -- Installing: /home/ahmo030/ros2-migration/arena/utils/unitree_ros/unitree_legged_msgs/install/unitree_legged_msgs/local/lib/python3.10/dist-packages/unitree_legged_msgs/msg/_motor_state.py
[6.374s] -- Installing: /home/ahmo030/ros2-migration/arena/utils/unitree_ros/unitree_legged_msgs/install/unitree_legged_msgs/local/lib/python3.10/dist-packages/unitree_legged_msgs/msg/_bms_cmd_s.c
[6.415s] Listing '/home/ahmo030/ros2-migration/arena/utils/unitree_ros/unitree_legged_msgs/install/unitree_legged_msgs/local/lib/python3.10/dist-packages/unitree_legged_msgs'...
[6.415s] Compiling '/home/ahmo030/ros2-migration/arena/utils/unitree_ros/unitree_legged_msgs/install/unitree_legged_msgs/local/lib/python3.10/dist-packages/unitree_legged_msgs/__init__.py'...
[6.415s] Listing '/home/ahmo030/ros2-migration/arena/utils/unitree_ros/unitree_legged_msgs/install/unitree_legged_msgs/local/lib/python3.10/dist-packages/unitree_legged_msgs/msg'...
[6.415s] Compiling '/home/ahmo030/ros2-migration/arena/utils/unitree_ros/unitree_legged_msgs/install/unitree_legged_msgs/local/lib/python3.10/dist-packages/unitree_legged_msgs/msg/__init__.py'...
[6.415s] Compiling '/home/ahmo030/ros2-migration/arena/utils/unitree_ros/unitree_legged_msgs/install/unitree_legged_msgs/local/lib/python3.10/dist-packages/unitree_legged_msgs/msg/_bms_cmd.py'...
[6.415s] Compiling '/home/ahmo030/ros2-migration/arena/utils/unitree_ros/unitree_legged_msgs/install/unitree_legged_msgs/local/lib/python3.10/dist-packages/unitree_legged_msgs/msg/_bms_state.py'...
[6.415s] Compiling '/home/ahmo030/ros2-migration/arena/utils/unitree_ros/unitree_legged_msgs/install/unitree_legged_msgs/local/lib/python3.10/dist-packages/unitree_legged_msgs/msg/_cartesian.py'...
[6.415s] Compiling '/home/ahmo030/ros2-migration/arena/utils/unitree_ros/unitree_legged_msgs/install/unitree_legged_msgs/local/lib/python3.10/dist-packages/unitree_legged_msgs/msg/_high_cmd.py'...
[6.415s] Compiling '/home/ahmo030/ros2-migration/arena/utils/unitree_ros/unitree_legged_msgs/install/unitree_legged_msgs/local/lib/python3.10/dist-packages/unitree_legged_msgs/msg/_high_state.py'...
[6.415s] Compiling '/home/ahmo030/ros2-migration/arena/utils/unitree_ros/unitree_legged_msgs/install/unitree_legged_msgs/local/lib/python3.10/dist-packages/unitree_legged_msgs/msg/_imu.py'...
[6.415s] Compiling '/home/ahmo030/ros2-migration/arena/utils/unitree_ros/unitree_legged_msgs/install/unitree_legged_msgs/local/lib/python3.10/dist-packages/unitree_legged_msgs/msg/_led.py'...
[6.415s] Compiling '/home/ahmo030/ros2-migration/arena/utils/unitree_ros/unitree_legged_msgs/install/unitree_legged_msgs/local/lib/python3.10/dist-packages/unitree_legged_msgs/msg/_low_cmd.py'...
[6.415s] Compiling '/home/ahmo030/ros2-migration/arena/utils/unitree_ros/unitree_legged_msgs/install/unitree_legged_msgs/local/lib/python3.10/dist-packages/unitree_legged_msgs/msg/_low_state.py'...
[6.415s] Compiling '/home/ahmo030/ros2-migration/arena/utils/unitree_ros/unitree_legged_msgs/install/unitree_legged_msgs/local/lib/python3.10/dist-packages/unitree_legged_msgs/msg/_motor_cmd.py'...
[6.415s] Compiling '/home/ahmo030/ros2-migration/arena/utils/unitree_ros/unitree_legged_msgs/install/unitree_legged_msgs/local/lib/python3.10/dist-packages/unitree_legged_msgs/msg/_motor_state.py'...
[6.418s] -- Installing: /home/ahmo030/ros2-migration/arena/utils/unitree_ros/unitree_legged_msgs/install/unitree_legged_msgs/local/lib/python3.10/dist-packages/unitree_legged_msgs/unitree_legged_msgs_s__rosidl_typesupport_fastrtps_c.cpython-36m-x86_64-linux-gnu.so
[6.419s] -- Set runtime path of "/home/ahmo030/ros2-migration/arena/utils/unitree_ros/unitree_legged_msgs/install/unitree_legged_msgs/local/lib/python3.10/dist-packages/unitree_legged_msgs/unitree_legged_msgs_s__rosidl_typesupport_fastrtps_c.cpython-36m-x86_64-linux-gnu.so" to ""
[6.419s] -- Installing: /home/ahmo030/ros2-migration/arena/utils/unitree_ros/unitree_legged_msgs/install/unitree_legged_msgs/local/lib/python3.10/dist-packages/unitree_legged_msgs/unitree_legged_msgs_s__rosidl_typesupport_introspection_c.cpython-36m-x86_64-linux-gnu.so
[6.419s] -- Set runtime path of "/home/ahmo030/ros2-migration/arena/utils/unitree_ros/unitree_legged_msgs/install/unitree_legged_msgs/local/lib/python3.10/dist-packages/unitree_legged_msgs/unitree_legged_msgs_s__rosidl_typesupport_introspection_c.cpython-36m-x86_64-linux-gnu.so" to ""
[6.419s] -- Installing: /home/ahmo030/ros2-migration/arena/utils/unitree_ros/unitree_legged_msgs/install/unitree_legged_msgs/local/lib/python3.10/dist-packages/unitree_legged_msgs/unitree_legged_msgs_s__rosidl_typesupport_c.cpython-36m-x86_64-linux-gnu.so
[6.419s] -- Set runtime path of "/home/ahmo030/ros2-migration/arena/utils/unitree_ros/unitree_legged_msgs/install/unitree_legged_msgs/local/lib/python3.10/dist-packages/unitree_legged_msgs/unitree_legged_msgs_s__rosidl_typesupport_c.cpython-36m-x86_64-linux-gnu.so" to ""
[6.419s] -- Installing: /home/ahmo030/ros2-migration/arena/utils/unitree_ros/unitree_legged_msgs/install/unitree_legged_msgs/lib/libunitree_legged_msgs__rosidl_generator_py.so
[6.419s] -- Set runtime path of "/home/ahmo030/ros2-migration/arena/utils/unitree_ros/unitree_legged_msgs/install/unitree_legged_msgs/lib/libunitree_legged_msgs__rosidl_generator_py.so" to ""
[6.419s] -- Installing: /home/ahmo030/ros2-migration/arena/utils/unitree_ros/unitree_legged_msgs/install/unitree_legged_msgs/share/unitree_legged_msgs/msg/MotorCmd.idl
[6.419s] -- Installing: /home/ahmo030/ros2-migration/arena/utils/unitree_ros/unitree_legged_msgs/install/unitree_legged_msgs/share/unitree_legged_msgs/msg/MotorState.idl
[6.419s] -- Installing: /home/ahmo030/ros2-migration/arena/utils/unitree_ros/unitree_legged_msgs/install/unitree_legged_msgs/share/unitree_legged_msgs/msg/BmsCmd.idl
[6.420s] -- Installing: /home/ahmo030/ros2-migration/arena/utils/unitree_ros/unitree_legged_msgs/install/unitree_legged_msgs/share/unitree_legged_msgs/msg/BmsState.idl
[6.420s] -- Installing: /home/ahmo030/ros2-migration/arena/utils/unitree_ros/unitree_legged_msgs/install/unitree_legged_msgs/share/unitree_legged_msgs/msg/Cartesian.idl
[6.420s] -- Installing: /home/ahmo030/ros2-migration/arena/utils/unitree_ros/unitree_legged_msgs/install/unitree_legged_msgs/share/unitree_legged_msgs/msg/IMU.idl
[6.420s] -- Installing: /home/ahmo030/ros2-migration/arena/utils/unitree_ros/unitree_legged_msgs/install/unitree_legged_msgs/share/unitree_legged_msgs/msg/LED.idl
[6.420s] -- Installing: /home/ahmo030/ros2-migration/arena/utils/unitree_ros/unitree_legged_msgs/install/unitree_legged_msgs/share/unitree_legged_msgs/msg/LowCmd.idl
[6.420s] -- Installing: /home/ahmo030/ros2-migration/arena/utils/unitree_ros/unitree_legged_msgs/install/unitree_legged_msgs/share/unitree_legged_msgs/msg/LowState.idl
[6.420s] -- Installing: /home/ahmo030/ros2-migration/arena/utils/unitree_ros/unitree_legged_msgs/install/unitree_legged_msgs/share/unitree_legged_msgs/msg/HighCmd.idl
[6.420s] -- Installing: /home/ahmo030/ros2-migration/arena/utils/unitree_ros/unitree_legged_msgs/install/unitree_legged_msgs/share/unitree_legged_msgs/msg/HighState.idl
[6.420s] -- Installing: /home/ahmo030/ros2-migration/arena/utils/unitree_ros/unitree_legged_msgs/install/unitree_legged_msgs/share/unitree_legged_msgs/msg/MotorCmd.msg
[6.420s] -- Installing: /home/ahmo030/ros2-migration/arena/utils/unitree_ros/unitree_legged_msgs/install/unitree_legged_msgs/share/unitree_legged_msgs/msg/MotorState.msg
[6.420s] -- Installing: /home/ahmo030/ros2-migration/arena/utils/unitree_ros/unitree_legged_msgs/install/unitree_legged_msgs/share/unitree_legged_msgs/msg/BmsCmd.msg
[6.420s] -- Installing: /home/ahmo030/ros2-migration/arena/utils/unitree_ros/unitree_legged_msgs/install/unitree_legged_msgs/share/unitree_legged_msgs/msg/BmsState.msg
[6.421s] -- Installing: /home/ahmo030/ros2-migration/arena/utils/unitree_ros/unitree_legged_msgs/install/unitree_legged_msgs/share/unitree_legged_msgs/msg/Cartesian.msg
[6.421s] -- Installing: /home/ahmo030/ros2-migration/arena/utils/unitree_ros/unitree_legged_msgs/install/unitree_legged_msgs/share/unitree_legged_msgs/msg/IMU.msg
[6.421s] -- Installing: /home/ahmo030/ros2-migration/arena/utils/unitree_ros/unitree_legged_msgs/install/unitree_legged_msgs/share/unitree_legged_msgs/msg/LED.msg
[6.421s] -- Installing: /home/ahmo030/ros2-migration/arena/utils/unitree_ros/unitree_legged_msgs/install/unitree_legged_msgs/share/unitree_legged_msgs/msg/LowCmd.msg
[6.421s] -- Installing: /home/ahmo030/ros2-migration/arena/utils/unitree_ros/unitree_legged_msgs/install/unitree_legged_msgs/share/unitree_legged_msgs/msg/LowState.msg
[6.421s] -- Installing: /home/ahmo030/ros2-migration/arena/utils/unitree_ros/unitree_legged_msgs/install/unitree_legged_msgs/share/unitree_legged_msgs/msg/HighCmd.msg
[6.421s] -- Installing: /home/ahmo030/ros2-migration/arena/utils/unitree_ros/unitree_legged_msgs/install/unitree_legged_msgs/share/unitree_legged_msgs/msg/HighState.msg
[6.421s] -- Installing: /home/ahmo030/ros2-migration/arena/utils/unitree_ros/unitree_legged_msgs/install/unitree_legged_msgs/share/ament_index/resource_index/package_run_dependencies/unitree_legged_msgs
[6.421s] -- Installing: /home/ahmo030/ros2-migration/arena/utils/unitree_ros/unitree_legged_msgs/install/unitree_legged_msgs/share/ament_index/resource_index/parent_prefix_path/unitree_legged_msgs
[6.421s] -- Installing: /home/ahmo030/ros2-migration/arena/utils/unitree_ros/unitree_legged_msgs/install/unitree_legged_msgs/share/unitree_legged_msgs/environment/ament_prefix_path.sh
[6.421s] -- Installing: /home/ahmo030/ros2-migration/arena/utils/unitree_ros/unitree_legged_msgs/install/unitree_legged_msgs/share/unitree_legged_msgs/environment/ament_prefix_path.dsv
[6.421s] -- Installing: /home/ahmo030/ros2-migration/arena/utils/unitree_ros/unitree_legged_msgs/install/unitree_legged_msgs/share/unitree_legged_msgs/environment/path.sh
[6.421s] -- Installing: /home/ahmo030/ros2-migration/arena/utils/unitree_ros/unitree_legged_msgs/install/unitree_legged_msgs/share/unitree_legged_msgs/environment/path.dsv
[6.421s] -- Installing: /home/ahmo030/ros2-migration/arena/utils/unitree_ros/unitree_legged_msgs/install/unitree_legged_msgs/share/unitree_legged_msgs/local_setup.bash
[6.422s] -- Installing: /home/ahmo030/ros2-migration/arena/utils/unitree_ros/unitree_legged_msgs/install/unitree_legged_msgs/share/unitree_legged_msgs/local_setup.sh
[6.422s] -- Installing: /home/ahmo030/ros2-migration/arena/utils/unitree_ros/unitree_legged_msgs/install/unitree_legged_msgs/share/unitree_legged_msgs/local_setup.zsh
[6.422s] -- Installing: /home/ahmo030/ros2-migration/arena/utils/unitree_ros/unitree_legged_msgs/install/unitree_legged_msgs/share/unitree_legged_msgs/local_setup.dsv
[6.422s] -- Installing: /home/ahmo030/ros2-migration/arena/utils/unitree_ros/unitree_legged_msgs/install/unitree_legged_msgs/share/unitree_legged_msgs/package.dsv
[6.422s] -- Installing: /home/ahmo030/ros2-migration/arena/utils/unitree_ros/unitree_legged_msgs/install/unitree_legged_msgs/share/ament_index/resource_index/packages/unitree_legged_msgs
[6.422s] -- Installing: /home/ahmo030/ros2-migration/arena/utils/unitree_ros/unitree_legged_msgs/install/unitree_legged_msgs/share/unitree_legged_msgs/cmake/export_unitree_legged_msgs__rosidl_generator_cExport.cmake
[6.422s] -- Installing: /home/ahmo030/ros2-migration/arena/utils/unitree_ros/unitree_legged_msgs/install/unitree_legged_msgs/share/unitree_legged_msgs/cmake/export_unitree_legged_msgs__rosidl_generator_cExport-noconfig.cmake
[6.422s] -- Installing: /home/ahmo030/ros2-migration/arena/utils/unitree_ros/unitree_legged_msgs/install/unitree_legged_msgs/share/unitree_legged_msgs/cmake/export_unitree_legged_msgs__rosidl_typesupport_fastrtps_cExport.cmake
[6.422s] -- Installing: /home/ahmo030/ros2-migration/arena/utils/unitree_ros/unitree_legged_msgs/install/unitree_legged_msgs/share/unitree_legged_msgs/cmake/export_unitree_legged_msgs__rosidl_typesupport_fastrtps_cExport-noconfig.cmake
[6.422s] -- Installing: /home/ahmo030/ros2-migration/arena/utils/unitree_ros/unitree_legged_msgs/install/unitree_legged_msgs/share/unitree_legged_msgs/cmake/unitree_legged_msgs__rosidl_typesupport_introspection_cExport.cmake
[6.422s] -- Installing: /home/ahmo030/ros2-migration/arena/utils/unitree_ros/unitree_legged_msgs/install/unitree_legged_msgs/share/unitree_legged_msgs/cmake/unitree_legged_msgs__rosidl_typesupport_introspection_cExport-noconfig.cmake
[6.422s] -- Installing: /home/ahmo030/ros2-migration/arena/utils/unitree_ros/unitree_legged_msgs/install/unitree_legged_msgs/share/unitree_legged_msgs/cmake/unitree_legged_msgs__rosidl_typesupport_cExport.cmake
[6.423s] -- Installing: /home/ahmo030/ros2-migration/arena/utils/unitree_ros/unitree_legged_msgs/install/unitree_legged_msgs/share/unitree_legged_msgs/cmake/unitree_legged_msgs__rosidl_typesupport_cExport-noconfig.cmake
[6.423s] -- Installing: /home/ahmo030/ros2-migration/arena/utils/unitree_ros/unitree_legged_msgs/install/unitree_legged_msgs/share/unitree_legged_msgs/cmake/export_unitree_legged_msgs__rosidl_generator_cppExport.cmake
[6.423s] -- Installing: /home/ahmo030/ros2-migration/arena/utils/unitree_ros/unitree_legged_msgs/install/unitree_legged_msgs/share/unitree_legged_msgs/cmake/export_unitree_legged_msgs__rosidl_typesupport_fastrtps_cppExport.cmake
[6.423s] -- Installing: /home/ahmo030/ros2-migration/arena/utils/unitree_ros/unitree_legged_msgs/install/unitree_legged_msgs/share/unitree_legged_msgs/cmake/export_unitree_legged_msgs__rosidl_typesupport_fastrtps_cppExport-noconfig.cmake
[6.423s] -- Installing: /home/ahmo030/ros2-migration/arena/utils/unitree_ros/unitree_legged_msgs/install/unitree_legged_msgs/share/unitree_legged_msgs/cmake/unitree_legged_msgs__rosidl_typesupport_introspection_cppExport.cmake
[6.423s] -- Installing: /home/ahmo030/ros2-migration/arena/utils/unitree_ros/unitree_legged_msgs/install/unitree_legged_msgs/share/unitree_legged_msgs/cmake/unitree_legged_msgs__rosidl_typesupport_introspection_cppExport-noconfig.cmake
[6.423s] -- Installing: /home/ahmo030/ros2-migration/arena/utils/unitree_ros/unitree_legged_msgs/install/unitree_legged_msgs/share/unitree_legged_msgs/cmake/unitree_legged_msgs__rosidl_typesupport_cppExport.cmake
[6.423s] -- Installing: /home/ahmo030/ros2-migration/arena/utils/unitree_ros/unitree_legged_msgs/install/unitree_legged_msgs/share/unitree_legged_msgs/cmake/unitree_legged_msgs__rosidl_typesupport_cppExport-noconfig.cmake
[6.423s] -- Installing: /home/ahmo030/ros2-migration/arena/utils/unitree_ros/unitree_legged_msgs/install/unitree_legged_msgs/share/unitree_legged_msgs/cmake/export_unitree_legged_msgs__rosidl_generator_pyExport.cmake
[6.423s] -- Installing: /home/ahmo030/ros2-migration/arena/utils/unitree_ros/unitree_legged_msgs/install/unitree_legged_msgs/share/unitree_legged_msgs/cmake/export_unitree_legged_msgs__rosidl_generator_pyExport-noconfig.cmake
[6.423s] -- Installing: /home/ahmo030/ros2-migration/arena/utils/unitree_ros/unitree_legged_msgs/install/unitree_legged_msgs/share/unitree_legged_msgs/cmake/rosidl_cmake-extras.cmake
[6.423s] -- Installing: /home/ahmo030/ros2-migration/arena/utils/unitree_ros/unitree_legged_msgs/install/unitree_legged_msgs/share/unitree_legged_msgs/cmake/ament_cmake_export_dependencies-extras.cmake
[6.424s] -- Installing: /home/ahmo030/ros2-migration/arena/utils/unitree_ros/unitree_legged_msgs/install/unitree_legged_msgs/share/unitree_legged_msgs/cmake/ament_cmake_export_include_directories-extras.cmake
[6.424s] -- Installing: /home/ahmo030/ros2-migration/arena/utils/unitree_ros/unitree_legged_msgs/install/unitree_legged_msgs/share/unitree_legged_msgs/cmake/ament_cmake_export_libraries-extras.cmake
[6.424s] -- Installing: /home/ahmo030/ros2-migration/arena/utils/unitree_ros/unitree_legged_msgs/install/unitree_legged_msgs/share/unitree_legged_msgs/cmake/ament_cmake_export_targets-extras.cmake
[6.424s] -- Installing: /home/ahmo030/ros2-migration/arena/utils/unitree_ros/unitree_legged_msgs/install/unitree_legged_msgs/share/unitree_legged_msgs/cmake/rosidl_cmake_export_typesupport_targets-extras.cmake
[6.424s] -- Installing: /home/ahmo030/ros2-migration/arena/utils/unitree_ros/unitree_legged_msgs/install/unitree_legged_msgs/share/unitree_legged_msgs/cmake/rosidl_cmake_export_typesupport_libraries-extras.cmake
[6.424s] -- Installing: /home/ahmo030/ros2-migration/arena/utils/unitree_ros/unitree_legged_msgs/install/unitree_legged_msgs/share/unitree_legged_msgs/cmake/unitree_legged_msgsConfig.cmake
[6.424s] -- Installing: /home/ahmo030/ros2-migration/arena/utils/unitree_ros/unitree_legged_msgs/install/unitree_legged_msgs/share/unitree_legged_msgs/cmake/unitree_legged_msgsConfig-version.cmake
[6.424s] -- Installing: /home/ahmo030/ros2-migration/arena/utils/unitree_ros/unitree_legged_msgs/install/unitree_legged_msgs/share/unitree_legged_msgs/package.xml
[6.426s] Invoked command in '/home/ahmo030/ros2-migration/arena/utils/unitree_ros/unitree_legged_msgs/build/unitree_legged_msgs' returned '0': CMAKE_PREFIX_PATH=/opt/ros/humble:${CMAKE_PREFIX_PATH} /usr/bin/cmake --install /home/ahmo030/ros2-migration/arena/utils/unitree_ros/unitree_legged_msgs/build/unitree_legged_msgs
