[0.031s] Invoking command in '/ros2-migration/build/cob_srvs': CMAKE_PREFIX_PATH=/opt/ros/humble /usr/bin/cmake --build /ros2-migration/build/cob_srvs -- -j8 -l8
[0.107s] [  1%] Built target cob_srvs__cpp
[0.114s] [  1%] Built target ament_cmake_python_copy_cob_srvs
[0.131s] [ 12%] Built target cob_srvs__rosidl_generator_c
[0.238s] [ 23%] Built target cob_srvs__rosidl_typesupport_cpp
[0.242s] [ 45%] Built target cob_srvs__rosidl_typesupport_fastrtps_cpp
[0.242s] [ 45%] Built target cob_srvs__rosidl_typesupport_introspection_cpp
[0.263s] [ 56%] Built target cob_srvs__rosidl_typesupport_introspection_c
[0.288s] [ 78%] Built target cob_srvs__rosidl_typesupport_c
[0.288s] [ 78%] Built target cob_srvs__rosidl_typesupport_fastrtps_c
[0.303s] [ 78%] Built target cob_srvs
[0.319s] [ 80%] Built target cob_srvs__py
[0.339s] [ 89%] Built target cob_srvs__rosidl_generator_py
[0.357s] [ 92%] Built target cob_srvs__rosidl_typesupport_fastrtps_c__pyext
[0.358s] [ 96%] Built target cob_srvs__rosidl_typesupport_introspection_c__pyext
[0.368s] [100%] Built target cob_srvs__rosidl_typesupport_c__pyext
[0.461s] running egg_info
[0.479s] writing cob_srvs.egg-info/PKG-INFO
[0.480s] writing dependency_links to cob_srvs.egg-info/dependency_links.txt
[0.480s] writing top-level names to cob_srvs.egg-info/top_level.txt
[0.533s] reading manifest file 'cob_srvs.egg-info/SOURCES.txt'
[0.535s] writing manifest file 'cob_srvs.egg-info/SOURCES.txt'
[0.565s] [100%] Built target ament_cmake_python_build_cob_srvs_egg
