[0.080s] DEBUG:colcon:Command line arguments: ['/home/ahmo030/.local/bin/colcon', 'build', '--packages-select', 'plan_manager']
[0.081s] DEBUG:colcon:Parsed command line arguments: Namespace(log_base=None, log_level=None, verb_name='build', build_base='build', install_base='install', merge_install=False, symlink_install=False, test_result_base=None, continue_on_error=False, executor='parallel', parallel_workers=16, event_handlers=None, ignore_user_meta=False, metas=['./colcon.meta'], base_paths=['.'], packages_ignore=None, packages_ignore_regex=None, paths=None, packages_up_to=None, packages_up_to_regex=None, packages_above=None, packages_above_and_dependencies=None, packages_above_depth=None, packages_select_by_dep=None, packages_skip_by_dep=None, packages_skip_up_to=None, packages_select_build_failed=False, packages_skip_build_finished=False, packages_select_test_failures=False, packages_skip_test_passed=False, packages_select=['plan_manager'], packages_skip=None, packages_select_regex=None, packages_skip_regex=None, packages_start=None, packages_end=None, cmake_args=None, cmake_target=None, cmake_target_skip_unavailable=False, cmake_clean_cache=False, cmake_clean_first=False, cmake_force_configure=False, ament_cmake_args=None, catkin_cmake_args=None, catkin_skip_building_tests=False, verb_parser=<colcon_defaults.argument_parser.defaults.DefaultArgumentsDecorator object at 0x7faa475b8ee0>, verb_extension=<colcon_core.verb.build.BuildVerb object at 0x7faa476b5a50>, main=<bound method BuildVerb.main of <colcon_core.verb.build.BuildVerb object at 0x7faa476b5a50>>)
[0.222s] Level 1:colcon.colcon_core.package_discovery:discover_packages(colcon_meta) check parameters
[0.222s] Level 1:colcon.colcon_core.package_discovery:discover_packages(recursive) check parameters
[0.222s] Level 1:colcon.colcon_core.package_discovery:discover_packages(ignore) check parameters
[0.222s] Level 1:colcon.colcon_core.package_discovery:discover_packages(path) check parameters
[0.222s] Level 1:colcon.colcon_core.package_discovery:discover_packages(colcon_meta) discover
[0.222s] Level 1:colcon.colcon_core.package_discovery:discover_packages(recursive) discover
[0.222s] INFO:colcon.colcon_core.package_discovery:Crawling recursively for packages in '/home/ahmo030/ros2-migration/arena/arena-rosnav/utils/ros/rosnodes/plan_manager'
[0.222s] Level 1:colcon.colcon_core.package_identification:_identify(.) by extensions ['ignore', 'ignore_ament_install']
[0.222s] Level 1:colcon.colcon_core.package_identification:_identify(.) by extension 'ignore'
[0.222s] Level 1:colcon.colcon_core.package_identification:_identify(.) by extension 'ignore_ament_install'
[0.222s] Level 1:colcon.colcon_core.package_identification:_identify(.) by extensions ['colcon_pkg']
[0.222s] Level 1:colcon.colcon_core.package_identification:_identify(.) by extension 'colcon_pkg'
[0.222s] Level 1:colcon.colcon_core.package_identification:_identify(.) by extensions ['colcon_meta']
[0.222s] Level 1:colcon.colcon_core.package_identification:_identify(.) by extension 'colcon_meta'
[0.222s] Level 1:colcon.colcon_core.package_identification:_identify(.) by extensions ['ros']
[0.223s] Level 1:colcon.colcon_core.package_identification:_identify(.) by extension 'ros'
[0.237s] DEBUG:colcon.colcon_core.package_identification:Package '.' with type 'ros.ament_cmake' and name 'plan_manager'
[0.237s] Level 1:colcon.colcon_core.package_discovery:discover_packages(recursive) using defaults
[0.237s] Level 1:colcon.colcon_core.package_discovery:discover_packages(ignore) discover
[0.237s] Level 1:colcon.colcon_core.package_discovery:discover_packages(ignore) using defaults
[0.237s] Level 1:colcon.colcon_core.package_discovery:discover_packages(path) discover
[0.237s] Level 1:colcon.colcon_core.package_discovery:discover_packages(path) using defaults
[0.247s] Level 5:colcon.colcon_core.verb:set package 'plan_manager' build argument 'cmake_args' from command line to 'None'
[0.247s] Level 5:colcon.colcon_core.verb:set package 'plan_manager' build argument 'cmake_target' from command line to 'None'
[0.247s] Level 5:colcon.colcon_core.verb:set package 'plan_manager' build argument 'cmake_target_skip_unavailable' from command line to 'False'
[0.247s] Level 5:colcon.colcon_core.verb:set package 'plan_manager' build argument 'cmake_clean_cache' from command line to 'False'
[0.247s] Level 5:colcon.colcon_core.verb:set package 'plan_manager' build argument 'cmake_clean_first' from command line to 'False'
[0.247s] Level 5:colcon.colcon_core.verb:set package 'plan_manager' build argument 'cmake_force_configure' from command line to 'False'
[0.247s] Level 5:colcon.colcon_core.verb:set package 'plan_manager' build argument 'ament_cmake_args' from command line to 'None'
[0.247s] Level 5:colcon.colcon_core.verb:set package 'plan_manager' build argument 'catkin_cmake_args' from command line to 'None'
[0.248s] Level 5:colcon.colcon_core.verb:set package 'plan_manager' build argument 'catkin_skip_building_tests' from command line to 'False'
[0.248s] DEBUG:colcon.colcon_core.verb:Building package 'plan_manager' with the following arguments: {'ament_cmake_args': None, 'build_base': '/home/ahmo030/ros2-migration/arena/arena-rosnav/utils/ros/rosnodes/plan_manager/build/plan_manager', 'catkin_cmake_args': None, 'catkin_skip_building_tests': False, 'cmake_args': None, 'cmake_clean_cache': False, 'cmake_clean_first': False, 'cmake_force_configure': False, 'cmake_target': None, 'cmake_target_skip_unavailable': False, 'install_base': '/home/ahmo030/ros2-migration/arena/arena-rosnav/utils/ros/rosnodes/plan_manager/install/plan_manager', 'merge_install': False, 'path': '/home/ahmo030/ros2-migration/arena/arena-rosnav/utils/ros/rosnodes/plan_manager', 'symlink_install': False, 'test_result_base': None}
[0.248s] INFO:colcon.colcon_core.executor:Executing jobs using 'parallel' executor
[0.248s] DEBUG:colcon.colcon_parallel_executor.executor.parallel:run_until_complete
[0.248s] INFO:colcon.colcon_ros.task.ament_cmake.build:Building ROS package in '/home/ahmo030/ros2-migration/arena/arena-rosnav/utils/ros/rosnodes/plan_manager' with build type 'ament_cmake'
[0.248s] INFO:colcon.colcon_cmake.task.cmake.build:Building CMake package in '/home/ahmo030/ros2-migration/arena/arena-rosnav/utils/ros/rosnodes/plan_manager'
[0.249s] INFO:colcon.colcon_core.plugin_system:Skipping extension 'colcon_core.shell.bat': Not used on non-Windows systems
[0.249s] INFO:colcon.colcon_core.shell:Skip shell extension 'powershell' for command environment: Not usable outside of PowerShell
[0.249s] DEBUG:colcon.colcon_core.shell:Skip shell extension 'dsv' for command environment
[0.250s] WARNING:colcon.colcon_ros.prefix_path.catkin:The path '/home/ahmo030/arena_ws/devel' in the environment variable CMAKE_PREFIX_PATH seems to be a catkin workspace but it doesn't contain any 'local_setup.*' files. Maybe the catkin version is not up-to-date?
[0.251s] DEBUG:colcon.colcon_core.shell:Ignoring prefix path '/home/ahmo030/packages_ws/devel'
[0.254s] DEBUG:colcon.colcon_core.event_handler.log_command:Invoking command in '/home/ahmo030/ros2-migration/arena/arena-rosnav/utils/ros/rosnodes/plan_manager/build/plan_manager': CMAKE_PREFIX_PATH=/opt/ros/humble:${CMAKE_PREFIX_PATH} /usr/bin/cmake /home/ahmo030/ros2-migration/arena/arena-rosnav/utils/ros/rosnodes/plan_manager -DCMAKE_INSTALL_PREFIX=/home/ahmo030/ros2-migration/arena/arena-rosnav/utils/ros/rosnodes/plan_manager/install/plan_manager
[0.258s] DEBUG:colcon.colcon_core.event_handler.log_command:Invoked command in '/home/ahmo030/ros2-migration/arena/arena-rosnav/utils/ros/rosnodes/plan_manager/build/plan_manager' returned '1': CMAKE_PREFIX_PATH=/opt/ros/humble:${CMAKE_PREFIX_PATH} /usr/bin/cmake /home/ahmo030/ros2-migration/arena/arena-rosnav/utils/ros/rosnodes/plan_manager -DCMAKE_INSTALL_PREFIX=/home/ahmo030/ros2-migration/arena/arena-rosnav/utils/ros/rosnodes/plan_manager/install/plan_manager
[0.262s] Level 1:colcon.colcon_core.environment:create_environment_scripts_only(plan_manager)
[0.263s] Level 1:colcon.colcon_core.environment:checking '/home/ahmo030/ros2-migration/arena/arena-rosnav/utils/ros/rosnodes/plan_manager/install/plan_manager' for CMake module files
[0.263s] Level 1:colcon.colcon_core.environment:checking '/home/ahmo030/ros2-migration/arena/arena-rosnav/utils/ros/rosnodes/plan_manager/install/plan_manager' for CMake config files
[0.263s] Level 1:colcon.colcon_core.environment:checking '/home/ahmo030/ros2-migration/arena/arena-rosnav/utils/ros/rosnodes/plan_manager/install/plan_manager/bin'
[0.263s] Level 1:colcon.colcon_core.environment:checking '/home/ahmo030/ros2-migration/arena/arena-rosnav/utils/ros/rosnodes/plan_manager/install/plan_manager/lib/pkgconfig/plan_manager.pc'
[0.264s] Level 1:colcon.colcon_core.environment:checking '/home/ahmo030/ros2-migration/arena/arena-rosnav/utils/ros/rosnodes/plan_manager/install/plan_manager/lib/python3.10/site-packages'
[0.264s] Level 1:colcon.colcon_core.environment:checking '/home/ahmo030/ros2-migration/arena/arena-rosnav/utils/ros/rosnodes/plan_manager/install/plan_manager/bin'
[0.264s] INFO:colcon.colcon_core.shell:Creating package script '/home/ahmo030/ros2-migration/arena/arena-rosnav/utils/ros/rosnodes/plan_manager/install/plan_manager/share/plan_manager/package.ps1'
[0.265s] INFO:colcon.colcon_core.shell:Creating package descriptor '/home/ahmo030/ros2-migration/arena/arena-rosnav/utils/ros/rosnodes/plan_manager/install/plan_manager/share/plan_manager/package.dsv'
[0.265s] INFO:colcon.colcon_core.shell:Creating package script '/home/ahmo030/ros2-migration/arena/arena-rosnav/utils/ros/rosnodes/plan_manager/install/plan_manager/share/plan_manager/package.sh'
[0.265s] INFO:colcon.colcon_core.shell:Creating package script '/home/ahmo030/ros2-migration/arena/arena-rosnav/utils/ros/rosnodes/plan_manager/install/plan_manager/share/plan_manager/package.bash'
[0.266s] INFO:colcon.colcon_core.shell:Creating package script '/home/ahmo030/ros2-migration/arena/arena-rosnav/utils/ros/rosnodes/plan_manager/install/plan_manager/share/plan_manager/package.zsh'
[0.266s] Level 1:colcon.colcon_core.environment:create_file_with_runtime_dependencies(/home/ahmo030/ros2-migration/arena/arena-rosnav/utils/ros/rosnodes/plan_manager/install/plan_manager/share/colcon-core/packages/plan_manager)
[0.276s] DEBUG:colcon.colcon_parallel_executor.executor.parallel:closing loop
[0.276s] DEBUG:colcon.colcon_parallel_executor.executor.parallel:loop closed
[0.276s] DEBUG:colcon.colcon_parallel_executor.executor.parallel:run_until_complete finished with '1'
[0.276s] DEBUG:colcon.colcon_core.event_reactor:joining thread
[0.279s] INFO:colcon.colcon_core.plugin_system:Skipping extension 'colcon_notification.desktop_notification.terminal_notifier': Not used on non-Darwin systems
[0.279s] INFO:colcon.colcon_core.plugin_system:Skipping extension 'colcon_notification.desktop_notification.win32': Not used on non-Windows systems
[0.279s] INFO:colcon.colcon_notification.desktop_notification:Sending desktop notification using 'notify2'
[0.285s] DEBUG:colcon.colcon_core.event_reactor:joined thread
[0.285s] INFO:colcon.colcon_core.shell:Creating prefix script '/home/ahmo030/ros2-migration/arena/arena-rosnav/utils/ros/rosnodes/plan_manager/install/local_setup.ps1'
[0.286s] INFO:colcon.colcon_core.shell:Creating prefix util module '/home/ahmo030/ros2-migration/arena/arena-rosnav/utils/ros/rosnodes/plan_manager/install/_local_setup_util_ps1.py'
[0.287s] INFO:colcon.colcon_core.shell:Creating prefix chain script '/home/ahmo030/ros2-migration/arena/arena-rosnav/utils/ros/rosnodes/plan_manager/install/setup.ps1'
[0.301s] INFO:colcon.colcon_core.shell:Creating prefix script '/home/ahmo030/ros2-migration/arena/arena-rosnav/utils/ros/rosnodes/plan_manager/install/local_setup.sh'
[0.302s] INFO:colcon.colcon_core.shell:Creating prefix util module '/home/ahmo030/ros2-migration/arena/arena-rosnav/utils/ros/rosnodes/plan_manager/install/_local_setup_util_sh.py'
[0.302s] INFO:colcon.colcon_core.shell:Creating prefix chain script '/home/ahmo030/ros2-migration/arena/arena-rosnav/utils/ros/rosnodes/plan_manager/install/setup.sh'
[0.304s] INFO:colcon.colcon_core.shell:Creating prefix script '/home/ahmo030/ros2-migration/arena/arena-rosnav/utils/ros/rosnodes/plan_manager/install/local_setup.bash'
[0.305s] INFO:colcon.colcon_core.shell:Creating prefix chain script '/home/ahmo030/ros2-migration/arena/arena-rosnav/utils/ros/rosnodes/plan_manager/install/setup.bash'
[0.306s] INFO:colcon.colcon_core.shell:Creating prefix script '/home/ahmo030/ros2-migration/arena/arena-rosnav/utils/ros/rosnodes/plan_manager/install/local_setup.zsh'
[0.307s] INFO:colcon.colcon_core.shell:Creating prefix chain script '/home/ahmo030/ros2-migration/arena/arena-rosnav/utils/ros/rosnodes/plan_manager/install/setup.zsh'
