[0.005s] Invoking command in '/home/ahmo030/ros2-migration/arena/arena-rosnav/arena_bringup/build/arena_bringup': CMAKE_PREFIX_PATH=/opt/ros/humble:${CMAKE_PREFIX_PATH} /usr/bin/cmake /home/ahmo030/ros2-migration/arena/arena-rosnav/arena_bringup -DCMAKE_INSTALL_PREFIX=/home/ahmo030/ros2-migration/arena/arena-rosnav/arena_bringup/install/arena_bringup
[0.034s] -- The C compiler identification is GNU 11.4.0
[0.151s] -- The CXX compiler identification is GNU 11.4.0
[0.154s] -- Detecting C compiler ABI info
[0.267s] -- Detecting C compiler ABI info - done
[0.271s] -- Check for working C compiler: /usr/bin/cc - skipped
[0.271s] -- Detecting C compile features
[0.271s] -- Detecting C compile features - done
[0.273s] -- Detecting CXX compiler ABI info
[0.327s] -- Detecting CXX compiler ABI info - done
[0.334s] -- Check for working CXX compiler: /usr/bin/c++ - skipped
[0.335s] -- Detecting CXX compile features
[0.335s] -- Detecting CXX compile features - done
[0.338s] -- Found ament_cmake: 1.3.8 (/opt/ros/humble/share/ament_cmake/cmake)
[0.433s] -- Found Python3: /usr/bin/python3 (found version "3.10.12") found components: Interpreter 
[0.488s] -- Found rclcpp: 16.0.8 (/opt/ros/humble/share/rclcpp/cmake)
[0.512s] -- Found rosidl_generator_c: 3.1.5 (/opt/ros/humble/share/rosidl_generator_c/cmake)
[0.514s] -- Found rosidl_adapter: 3.1.5 (/opt/ros/humble/share/rosidl_adapter/cmake)
[0.519s] -- Found rosidl_generator_cpp: 3.1.5 (/opt/ros/humble/share/rosidl_generator_cpp/cmake)
[0.526s] -- Using all available rosidl_typesupport_c: rosidl_typesupport_fastrtps_c;rosidl_typesupport_introspection_c
[0.536s] -- Using all available rosidl_typesupport_cpp: rosidl_typesupport_fastrtps_cpp;rosidl_typesupport_introspection_cpp
[0.572s] -- Found rmw_implementation_cmake: 6.1.1 (/opt/ros/humble/share/rmw_implementation_cmake/cmake)
[0.573s] -- Found rmw_fastrtps_cpp: 6.2.6 (/opt/ros/humble/share/rmw_fastrtps_cpp/cmake)
[0.623s] -- Found OpenSSL: /usr/lib/x86_64-linux-gnu/libcrypto.so (found version "3.0.2")  
[0.645s] -- Found FastRTPS: /opt/ros/humble/include  
[0.677s] -- Using RMW implementation 'rmw_fastrtps_cpp' as default
[0.683s] -- Looking for pthread.h
[0.735s] -- Looking for pthread.h - found
[0.736s] -- Performing Test CMAKE_HAVE_LIBC_PTHREAD
[0.796s] -- Performing Test CMAKE_HAVE_LIBC_PTHREAD - Success
[0.797s] -- Found Threads: TRUE  
[0.932s] -- Configuring done
[0.934s] -- Generating done
[0.935s] -- Build files have been written to: /home/ahmo030/ros2-migration/arena/arena-rosnav/arena_bringup/build/arena_bringup
[0.940s] Invoked command in '/home/ahmo030/ros2-migration/arena/arena-rosnav/arena_bringup/build/arena_bringup' returned '0': CMAKE_PREFIX_PATH=/opt/ros/humble:${CMAKE_PREFIX_PATH} /usr/bin/cmake /home/ahmo030/ros2-migration/arena/arena-rosnav/arena_bringup -DCMAKE_INSTALL_PREFIX=/home/ahmo030/ros2-migration/arena/arena-rosnav/arena_bringup/install/arena_bringup
[0.941s] Invoking command in '/home/ahmo030/ros2-migration/arena/arena-rosnav/arena_bringup/build/arena_bringup': CMAKE_PREFIX_PATH=/opt/ros/humble:${CMAKE_PREFIX_PATH} /usr/bin/cmake --build /home/ahmo030/ros2-migration/arena/arena-rosnav/arena_bringup/build/arena_bringup -- -j16 -l16
[0.965s] Invoked command in '/home/ahmo030/ros2-migration/arena/arena-rosnav/arena_bringup/build/arena_bringup' returned '0': CMAKE_PREFIX_PATH=/opt/ros/humble:${CMAKE_PREFIX_PATH} /usr/bin/cmake --build /home/ahmo030/ros2-migration/arena/arena-rosnav/arena_bringup/build/arena_bringup -- -j16 -l16
[0.999s] Invoking command in '/home/ahmo030/ros2-migration/arena/arena-rosnav/arena_bringup/build/arena_bringup': CMAKE_PREFIX_PATH=/opt/ros/humble:${CMAKE_PREFIX_PATH} /usr/bin/cmake --install /home/ahmo030/ros2-migration/arena/arena-rosnav/arena_bringup/build/arena_bringup
[1.016s] -- Install configuration: ""
[1.016s] -- Installing: /home/ahmo030/ros2-migration/arena/arena-rosnav/arena_bringup/install/arena_bringup/share/arena_bringup//launch
[1.016s] -- Installing: /home/ahmo030/ros2-migration/arena/arena-rosnav/arena_bringup/install/arena_bringup/share/arena_bringup//launch/start_generate.launch.py
[1.017s] -- Installing: /home/ahmo030/ros2-migration/arena/arena-rosnav/arena_bringup/install/arena_bringup/share/arena_bringup//launch/training
[1.017s] -- Installing: /home/ahmo030/ros2-migration/arena/arena-rosnav/arena_bringup/install/arena_bringup/share/arena_bringup//launch/training/flatland_simulator.launch.py
[1.017s] -- Installing: /home/ahmo030/ros2-migration/arena/arena-rosnav/arena_bringup/install/arena_bringup/share/arena_bringup//launch/training/train_robot.launch.py
[1.017s] -- Installing: /home/ahmo030/ros2-migration/arena/arena-rosnav/arena_bringup/install/arena_bringup/share/arena_bringup//launch/training/start_envs.launch.py
[1.017s] -- Installing: /home/ahmo030/ros2-migration/arena/arena-rosnav/arena_bringup/install/arena_bringup/share/arena_bringup//launch/training/single_env_training.launch.py
[1.017s] -- Installing: /home/ahmo030/ros2-migration/arena/arena-rosnav/arena_bringup/install/arena_bringup/share/arena_bringup//launch/training/train_agent.launch.py
[1.017s] -- Installing: /home/ahmo030/ros2-migration/arena/arena-rosnav/arena_bringup/install/arena_bringup/share/arena_bringup//launch/utils
[1.018s] -- Installing: /home/ahmo030/ros2-migration/arena/arena-rosnav/arena_bringup/install/arena_bringup/share/arena_bringup//launch/utils/fake_localization.launch.py
[1.018s] -- Installing: /home/ahmo030/ros2-migration/arena/arena-rosnav/arena_bringup/install/arena_bringup/share/arena_bringup//launch/utils/entity_manager.launch.py
[1.018s] -- Installing: /home/ahmo030/ros2-migration/arena/arena-rosnav/arena_bringup/install/arena_bringup/share/arena_bringup//launch/utils/rviz.launch.py
[1.018s] -- Installing: /home/ahmo030/ros2-migration/arena/arena-rosnav/arena_bringup/install/arena_bringup/share/arena_bringup//launch/utils/timed_space_planner_fsm.launch.py
[1.018s] -- Installing: /home/ahmo030/ros2-migration/arena/arena-rosnav/arena_bringup/install/arena_bringup/share/arena_bringup//launch/utils/intermediate_planner.launch.py
[1.018s] -- Installing: /home/ahmo030/ros2-migration/arena/arena-rosnav/arena_bringup/install/arena_bringup/share/arena_bringup//launch/utils/map_server.launch.py
[1.019s] -- Installing: /home/ahmo030/ros2-migration/arena/arena-rosnav/arena_bringup/install/arena_bringup/share/arena_bringup//launch/utils/plan_manager.launch.py
[1.019s] -- Installing: /home/ahmo030/ros2-migration/arena/arena-rosnav/arena_bringup/install/arena_bringup/share/arena_bringup//launch/visualization_training.launch.py
[1.019s] -- Installing: /home/ahmo030/ros2-migration/arena/arena-rosnav/arena_bringup/install/arena_bringup/share/arena_bringup//launch/start_arena.launch.py
[1.019s] -- Installing: /home/ahmo030/ros2-migration/arena/arena-rosnav/arena_bringup/install/arena_bringup/share/arena_bringup//launch/testing
[1.019s] -- Installing: /home/ahmo030/ros2-migration/arena/arena-rosnav/arena_bringup/install/arena_bringup/share/arena_bringup//launch/testing/robot.launch.py
[1.019s] -- Installing: /home/ahmo030/ros2-migration/arena/arena-rosnav/arena_bringup/install/arena_bringup/share/arena_bringup//launch/testing/drl_agent
[1.019s] -- Installing: /home/ahmo030/ros2-migration/arena/arena-rosnav/arena_bringup/install/arena_bringup/share/arena_bringup//launch/testing/drl_agent/drl_local_planner.launch.py
[1.019s] -- Installing: /home/ahmo030/ros2-migration/arena/arena-rosnav/arena_bringup/install/arena_bringup/share/arena_bringup//launch/testing/amcl.launch.py
[1.019s] -- Installing: /home/ahmo030/ros2-migration/arena/arena-rosnav/arena_bringup/install/arena_bringup/share/arena_bringup//launch/testing/task_generator.launch.py
[1.019s] -- Installing: /home/ahmo030/ros2-migration/arena/arena-rosnav/arena_bringup/install/arena_bringup/share/arena_bringup//launch/testing/simulators
[1.019s] -- Installing: /home/ahmo030/ros2-migration/arena/arena-rosnav/arena_bringup/install/arena_bringup/share/arena_bringup//launch/testing/simulators/flatland.launch.py
[1.019s] -- Installing: /home/ahmo030/ros2-migration/arena/arena-rosnav/arena_bringup/install/arena_bringup/share/arena_bringup//launch/testing/simulators/gazebo.launch.py
[1.020s] -- Installing: /home/ahmo030/ros2-migration/arena/arena-rosnav/arena_bringup/install/arena_bringup/share/arena_bringup//launch/testing/sensor_sim.launch.py
[1.020s] -- Installing: /home/ahmo030/ros2-migration/arena/arena-rosnav/arena_bringup/install/arena_bringup/share/arena_bringup//launch/start_training.launch.py
[1.020s] -- Installing: /home/ahmo030/ros2-migration/arena/arena-rosnav/arena_bringup/install/arena_bringup/share/ament_index/resource_index/package_run_dependencies/arena_bringup
[1.020s] -- Installing: /home/ahmo030/ros2-migration/arena/arena-rosnav/arena_bringup/install/arena_bringup/share/ament_index/resource_index/parent_prefix_path/arena_bringup
[1.020s] -- Installing: /home/ahmo030/ros2-migration/arena/arena-rosnav/arena_bringup/install/arena_bringup/share/arena_bringup/environment/ament_prefix_path.sh
[1.020s] -- Installing: /home/ahmo030/ros2-migration/arena/arena-rosnav/arena_bringup/install/arena_bringup/share/arena_bringup/environment/ament_prefix_path.dsv
[1.020s] -- Installing: /home/ahmo030/ros2-migration/arena/arena-rosnav/arena_bringup/install/arena_bringup/share/arena_bringup/environment/path.sh
[1.020s] -- Installing: /home/ahmo030/ros2-migration/arena/arena-rosnav/arena_bringup/install/arena_bringup/share/arena_bringup/environment/path.dsv
[1.020s] -- Installing: /home/ahmo030/ros2-migration/arena/arena-rosnav/arena_bringup/install/arena_bringup/share/arena_bringup/local_setup.bash
[1.020s] -- Installing: /home/ahmo030/ros2-migration/arena/arena-rosnav/arena_bringup/install/arena_bringup/share/arena_bringup/local_setup.sh
[1.021s] -- Installing: /home/ahmo030/ros2-migration/arena/arena-rosnav/arena_bringup/install/arena_bringup/share/arena_bringup/local_setup.zsh
[1.021s] -- Installing: /home/ahmo030/ros2-migration/arena/arena-rosnav/arena_bringup/install/arena_bringup/share/arena_bringup/local_setup.dsv
[1.021s] -- Installing: /home/ahmo030/ros2-migration/arena/arena-rosnav/arena_bringup/install/arena_bringup/share/arena_bringup/package.dsv
[1.021s] -- Installing: /home/ahmo030/ros2-migration/arena/arena-rosnav/arena_bringup/install/arena_bringup/share/ament_index/resource_index/packages/arena_bringup
[1.021s] -- Installing: /home/ahmo030/ros2-migration/arena/arena-rosnav/arena_bringup/install/arena_bringup/share/arena_bringup/cmake/arena_bringupConfig.cmake
[1.021s] -- Installing: /home/ahmo030/ros2-migration/arena/arena-rosnav/arena_bringup/install/arena_bringup/share/arena_bringup/cmake/arena_bringupConfig-version.cmake
[1.021s] -- Installing: /home/ahmo030/ros2-migration/arena/arena-rosnav/arena_bringup/install/arena_bringup/share/arena_bringup/package.xml
[1.022s] Invoked command in '/home/ahmo030/ros2-migration/arena/arena-rosnav/arena_bringup/build/arena_bringup' returned '0': CMAKE_PREFIX_PATH=/opt/ros/humble:${CMAKE_PREFIX_PATH} /usr/bin/cmake --install /home/ahmo030/ros2-migration/arena/arena-rosnav/arena_bringup/build/arena_bringup
