[0.026s] Invoking command in '/ros2-migration/build/tiago_controller_configuration': /usr/bin/cmake /ros2-migration/arena/utils/3rd-party-robot-packages/tiago/tiago_controller_configuration -DCMAKE_INSTALL_PREFIX=/ros2-migration/install/tiago_controller_configuration
[0.486s] -- The C compiler identification is GNU 11.4.0
[0.703s] -- The CXX compiler identification is GNU 11.4.0
[0.714s] -- Detecting C compiler ABI info
[0.797s] -- Detecting C compiler ABI info - done
[0.798s] -- Check for working C compiler: /usr/bin/cc - skipped
[0.798s] -- Detecting C compile features
[0.799s] -- Detecting C compile features - done
[0.811s] -- Detecting CXX compiler ABI info
[0.930s] -- Detecting CXX compiler ABI info - done
[0.938s] -- Check for working CXX compiler: /usr/bin/c++ - skipped
[0.938s] -- Detecting CXX compile features
[0.938s] -- Detecting CXX compile features - done
[0.946s] [31mCMake Error at CMakeLists.txt:9 (find_package):
[0.946s]   By not providing "Findament_cmake.cmake" in CMAKE_MODULE_PATH this project
[0.946s]   has asked CMake to find a package configuration file provided by
[0.946s]   "ament_cmake", but CMake did not find one.
[0.946s] 
[0.946s]   Could not find a package configuration file provided by "ament_cmake" with
[0.946s]   any of the following names:
[0.946s] 
[0.947s]     ament_cmakeConfig.cmake
[0.947s]     ament_cmake-config.cmake
[0.947s] 
[0.947s]   Add the installation prefix of "ament_cmake" to CMAKE_PREFIX_PATH or set
[0.947s]   "ament_cmake_DIR" to a directory containing one of the above files.  If
[0.947s]   "ament_cmake" provides a separate development package or SDK, be sure it
[0.948s]   has been installed.
[0.948s] 
[0.948s] [0m
[0.948s] -- Configuring incomplete, errors occurred!
[0.949s] See also "/ros2-migration/build/tiago_controller_configuration/CMakeFiles/CMakeOutput.log".
