-- The C compiler identification is GNU 11.4.0
-- The CXX compiler identification is GNU 11.4.0
-- Detecting C compiler ABI info
-- Detecting C compiler ABI info - done
-- Check for working C compiler: /usr/bin/cc - skipped
-- Detecting C compile features
-- Detecting C compile features - done
-- Detecting CXX compiler ABI info
-- Detecting CXX compiler ABI info - done
-- Check for working CXX compiler: /usr/bin/c++ - skipped
-- Detecting CXX compile features
-- Detecting CXX compile features - done
-- Found ament_cmake: 1.3.8 (/opt/ros/humble/share/ament_cmake/cmake)
-- Found Python3: /usr/bin/python3 (found version "3.10.12") found components: Interpreter 
-- Found rclpy: 3.3.12 (/opt/ros/humble/share/rclpy/cmake)
-- Found rosidl_default_generators: 1.2.0 (/opt/ros/humble/share/rosidl_default_generators/cmake)
-- Using all available rosidl_typesupport_c: rosidl_typesupport_fastrtps_c;rosidl_typesupport_introspection_c
-- Found rosidl_adapter: 3.1.5 (/opt/ros/humble/share/rosidl_adapter/cmake)
-- Using all available rosidl_typesupport_cpp: rosidl_typesupport_fastrtps_cpp;rosidl_typesupport_introspection_cpp
-- Found nav_msgs: 4.2.3 (/opt/ros/humble/share/nav_msgs/cmake)
-- Found ament_cmake_ros: 0.10.0 (/opt/ros/humble/share/ament_cmake_ros/cmake)
-- Using all available rosidl_typesupport_c: rosidl_typesupport_fastrtps_c;rosidl_typesupport_introspection_c
-- Using all available rosidl_typesupport_cpp: rosidl_typesupport_fastrtps_cpp;rosidl_typesupport_introspection_cpp
-- Found PythonInterp: /usr/bin/python3.6 (found suitable version "3.6.15", minimum required is "3.6") 
-- Found python_cmake_module: 0.10.0 (/opt/ros/humble/share/python_cmake_module/cmake)
-- Found PythonLibs: /usr/lib/x86_64-linux-gnu/libpython3.6m.so (found suitable version "3.6.15", minimum required is "3.5") 
-- Using PYTHON_EXECUTABLE: /usr/bin/python3.6
-- Using PYTHON_INCLUDE_DIRS: /usr/include/python3.6m
-- Using PYTHON_LIBRARIES: /usr/lib/x86_64-linux-gnu/libpython3.6m.so
-- Found PythonExtra: .so  
-- Configuring done
-- Generating done
-- Build files have been written to: /home/ahmo030/ros2-migration/arena/arena-rosnav/utils/ros/rosnodes/map_distance_server/build/map_distance_server
[  3%] Generating C code for ROS interfaces
[  6%] Generating C++ code for ROS interfaces
[  6%] Built target ament_cmake_python_copy_map_distance_server
[  6%] Built target map_distance_server__cpp
[  9%] Building C object CMakeFiles/map_distance_server__rosidl_generator_c.dir/rosidl_generator_c/map_distance_server/srv/detail/get_distance_map__functions.c.o
[ 19%] Generating C++ type support dispatch for ROS interfaces
[ 19%] Generating C++ introspection for ROS interfaces
[ 19%] Generating C++ type support for eProsima Fast-RTPS
[ 22%] Linking C shared library libmap_distance_server__rosidl_generator_c.so
running egg_info
[ 22%] Built target map_distance_server__rosidl_generator_c
creating map_distance_server.egg-info
writing map_distance_server.egg-info/PKG-INFO
writing dependency_links to map_distance_server.egg-info/dependency_links.txt
writing top-level names to map_distance_server.egg-info/top_level.txt
writing manifest file 'map_distance_server.egg-info/SOURCES.txt'
[ 32%] Generating C type support for eProsima Fast-RTPS
[ 32%] Generating C introspection for ROS interfaces
[ 32%] Generating C type support dispatch for ROS interfaces
reading manifest file 'map_distance_server.egg-info/SOURCES.txt'
writing manifest file 'map_distance_server.egg-info/SOURCES.txt'
[ 32%] Built target ament_cmake_python_build_map_distance_server_egg
[ 35%] Building CXX object CMakeFiles/map_distance_server__rosidl_typesupport_cpp.dir/rosidl_typesupport_cpp/map_distance_server/srv/get_distance_map__type_support.cpp.o
[ 38%] Building CXX object CMakeFiles/map_distance_server__rosidl_typesupport_introspection_cpp.dir/rosidl_typesupport_introspection_cpp/map_distance_server/srv/detail/get_distance_map__type_support.cpp.o
[ 41%] Building CXX object CMakeFiles/map_distance_server__rosidl_typesupport_fastrtps_cpp.dir/rosidl_typesupport_fastrtps_cpp/map_distance_server/srv/detail/dds_fastrtps/get_distance_map__type_support.cpp.o
[ 45%] Building CXX object CMakeFiles/map_distance_server__rosidl_typesupport_c.dir/rosidl_typesupport_c/map_distance_server/srv/get_distance_map__type_support.cpp.o
[ 48%] Linking CXX shared library libmap_distance_server__rosidl_typesupport_c.so
[ 51%] Building C object CMakeFiles/map_distance_server__rosidl_typesupport_introspection_c.dir/rosidl_typesupport_introspection_c/map_distance_server/srv/detail/get_distance_map__type_support.c.o
[ 54%] Building CXX object CMakeFiles/map_distance_server__rosidl_typesupport_fastrtps_c.dir/rosidl_typesupport_fastrtps_c/map_distance_server/srv/detail/get_distance_map__type_support_c.cpp.o
[ 54%] Built target map_distance_server__rosidl_typesupport_c
[ 58%] Linking C shared library libmap_distance_server__rosidl_typesupport_introspection_c.so
[ 58%] Built target map_distance_server__rosidl_typesupport_introspection_c
[ 61%] Linking CXX shared library libmap_distance_server__rosidl_typesupport_cpp.so
[ 61%] Built target map_distance_server__rosidl_typesupport_cpp
[ 64%] Linking CXX shared library libmap_distance_server__rosidl_typesupport_introspection_cpp.so
[ 67%] Linking CXX shared library libmap_distance_server__rosidl_typesupport_fastrtps_c.so
[ 70%] Linking CXX shared library libmap_distance_server__rosidl_typesupport_fastrtps_cpp.so
[ 70%] Built target map_distance_server__rosidl_typesupport_introspection_cpp
[ 70%] Built target map_distance_server__rosidl_typesupport_fastrtps_c
[ 70%] Built target map_distance_server__rosidl_typesupport_fastrtps_cpp
[ 70%] Built target map_distance_server
[ 74%] Generating Python code for ROS interfaces
[ 74%] Built target map_distance_server__py
[ 77%] Building C object CMakeFiles/map_distance_server__rosidl_generator_py.dir/rosidl_generator_py/map_distance_server/srv/_get_distance_map_s.c.o
[ 80%] Linking C shared library rosidl_generator_py/map_distance_server/libmap_distance_server__rosidl_generator_py.so
[ 80%] Built target map_distance_server__rosidl_generator_py
[ 87%] Building C object CMakeFiles/map_distance_server__rosidl_typesupport_introspection_c__pyext.dir/rosidl_generator_py/map_distance_server/_map_distance_server_s.ep.rosidl_typesupport_introspection_c.c.o
[ 87%] Building C object CMakeFiles/map_distance_server__rosidl_typesupport_fastrtps_c__pyext.dir/rosidl_generator_py/map_distance_server/_map_distance_server_s.ep.rosidl_typesupport_fastrtps_c.c.o
[ 90%] Building C object CMakeFiles/map_distance_server__rosidl_typesupport_c__pyext.dir/rosidl_generator_py/map_distance_server/_map_distance_server_s.ep.rosidl_typesupport_c.c.o
[100%] Linking C shared library rosidl_generator_py/map_distance_server/map_distance_server_s__rosidl_typesupport_introspection_c.cpython-36m-x86_64-linux-gnu.so
[100%] Linking C shared library rosidl_generator_py/map_distance_server/map_distance_server_s__rosidl_typesupport_c.cpython-36m-x86_64-linux-gnu.so
[100%] Linking C shared library rosidl_generator_py/map_distance_server/map_distance_server_s__rosidl_typesupport_fastrtps_c.cpython-36m-x86_64-linux-gnu.so
[100%] Built target map_distance_server__rosidl_typesupport_fastrtps_c__pyext
[100%] Built target map_distance_server__rosidl_typesupport_c__pyext
[100%] Built target map_distance_server__rosidl_typesupport_introspection_c__pyext
-- Install configuration: ""
-- Installing: /home/ahmo030/ros2-migration/arena/arena-rosnav/utils/ros/rosnodes/map_distance_server/install/map_distance_server/share/ament_index/resource_index/rosidl_interfaces/map_distance_server
-- Installing: /home/ahmo030/ros2-migration/arena/arena-rosnav/utils/ros/rosnodes/map_distance_server/install/map_distance_server/include/map_distance_server/map_distance_server
-- Installing: /home/ahmo030/ros2-migration/arena/arena-rosnav/utils/ros/rosnodes/map_distance_server/install/map_distance_server/include/map_distance_server/map_distance_server/srv
-- Installing: /home/ahmo030/ros2-migration/arena/arena-rosnav/utils/ros/rosnodes/map_distance_server/install/map_distance_server/include/map_distance_server/map_distance_server/srv/detail
-- Installing: /home/ahmo030/ros2-migration/arena/arena-rosnav/utils/ros/rosnodes/map_distance_server/install/map_distance_server/include/map_distance_server/map_distance_server/srv/detail/get_distance_map__functions.h
-- Installing: /home/ahmo030/ros2-migration/arena/arena-rosnav/utils/ros/rosnodes/map_distance_server/install/map_distance_server/include/map_distance_server/map_distance_server/srv/detail/get_distance_map__functions.c
-- Installing: /home/ahmo030/ros2-migration/arena/arena-rosnav/utils/ros/rosnodes/map_distance_server/install/map_distance_server/include/map_distance_server/map_distance_server/srv/detail/get_distance_map__struct.h
-- Installing: /home/ahmo030/ros2-migration/arena/arena-rosnav/utils/ros/rosnodes/map_distance_server/install/map_distance_server/include/map_distance_server/map_distance_server/srv/detail/get_distance_map__type_support.h
-- Installing: /home/ahmo030/ros2-migration/arena/arena-rosnav/utils/ros/rosnodes/map_distance_server/install/map_distance_server/include/map_distance_server/map_distance_server/srv/get_distance_map.h
-- Installing: /home/ahmo030/ros2-migration/arena/arena-rosnav/utils/ros/rosnodes/map_distance_server/install/map_distance_server/include/map_distance_server/map_distance_server/msg
-- Installing: /home/ahmo030/ros2-migration/arena/arena-rosnav/utils/ros/rosnodes/map_distance_server/install/map_distance_server/include/map_distance_server/map_distance_server/msg/rosidl_generator_c__visibility_control.h
-- Installing: /home/ahmo030/ros2-migration/arena/arena-rosnav/utils/ros/rosnodes/map_distance_server/install/map_distance_server/share/map_distance_server/environment/library_path.sh
-- Installing: /home/ahmo030/ros2-migration/arena/arena-rosnav/utils/ros/rosnodes/map_distance_server/install/map_distance_server/share/map_distance_server/environment/library_path.dsv
-- Installing: /home/ahmo030/ros2-migration/arena/arena-rosnav/utils/ros/rosnodes/map_distance_server/install/map_distance_server/lib/libmap_distance_server__rosidl_generator_c.so
-- Set runtime path of "/home/ahmo030/ros2-migration/arena/arena-rosnav/utils/ros/rosnodes/map_distance_server/install/map_distance_server/lib/libmap_distance_server__rosidl_generator_c.so" to ""
-- Up-to-date: /home/ahmo030/ros2-migration/arena/arena-rosnav/utils/ros/rosnodes/map_distance_server/install/map_distance_server/include/map_distance_server/map_distance_server
-- Up-to-date: /home/ahmo030/ros2-migration/arena/arena-rosnav/utils/ros/rosnodes/map_distance_server/install/map_distance_server/include/map_distance_server/map_distance_server/srv
-- Up-to-date: /home/ahmo030/ros2-migration/arena/arena-rosnav/utils/ros/rosnodes/map_distance_server/install/map_distance_server/include/map_distance_server/map_distance_server/srv/detail
-- Installing: /home/ahmo030/ros2-migration/arena/arena-rosnav/utils/ros/rosnodes/map_distance_server/install/map_distance_server/include/map_distance_server/map_distance_server/srv/detail/get_distance_map__rosidl_typesupport_fastrtps_c.h
-- Up-to-date: /home/ahmo030/ros2-migration/arena/arena-rosnav/utils/ros/rosnodes/map_distance_server/install/map_distance_server/include/map_distance_server/map_distance_server/msg
-- Installing: /home/ahmo030/ros2-migration/arena/arena-rosnav/utils/ros/rosnodes/map_distance_server/install/map_distance_server/include/map_distance_server/map_distance_server/msg/rosidl_typesupport_fastrtps_c__visibility_control.h
-- Installing: /home/ahmo030/ros2-migration/arena/arena-rosnav/utils/ros/rosnodes/map_distance_server/install/map_distance_server/lib/libmap_distance_server__rosidl_typesupport_fastrtps_c.so
-- Set runtime path of "/home/ahmo030/ros2-migration/arena/arena-rosnav/utils/ros/rosnodes/map_distance_server/install/map_distance_server/lib/libmap_distance_server__rosidl_typesupport_fastrtps_c.so" to ""
-- Up-to-date: /home/ahmo030/ros2-migration/arena/arena-rosnav/utils/ros/rosnodes/map_distance_server/install/map_distance_server/include/map_distance_server/map_distance_server
-- Up-to-date: /home/ahmo030/ros2-migration/arena/arena-rosnav/utils/ros/rosnodes/map_distance_server/install/map_distance_server/include/map_distance_server/map_distance_server/srv
-- Up-to-date: /home/ahmo030/ros2-migration/arena/arena-rosnav/utils/ros/rosnodes/map_distance_server/install/map_distance_server/include/map_distance_server/map_distance_server/srv/detail
-- Installing: /home/ahmo030/ros2-migration/arena/arena-rosnav/utils/ros/rosnodes/map_distance_server/install/map_distance_server/include/map_distance_server/map_distance_server/srv/detail/get_distance_map__type_support.c
-- Installing: /home/ahmo030/ros2-migration/arena/arena-rosnav/utils/ros/rosnodes/map_distance_server/install/map_distance_server/include/map_distance_server/map_distance_server/srv/detail/get_distance_map__rosidl_typesupport_introspection_c.h
-- Up-to-date: /home/ahmo030/ros2-migration/arena/arena-rosnav/utils/ros/rosnodes/map_distance_server/install/map_distance_server/include/map_distance_server/map_distance_server/msg
-- Installing: /home/ahmo030/ros2-migration/arena/arena-rosnav/utils/ros/rosnodes/map_distance_server/install/map_distance_server/include/map_distance_server/map_distance_server/msg/rosidl_typesupport_introspection_c__visibility_control.h
-- Installing: /home/ahmo030/ros2-migration/arena/arena-rosnav/utils/ros/rosnodes/map_distance_server/install/map_distance_server/lib/libmap_distance_server__rosidl_typesupport_introspection_c.so
-- Set runtime path of "/home/ahmo030/ros2-migration/arena/arena-rosnav/utils/ros/rosnodes/map_distance_server/install/map_distance_server/lib/libmap_distance_server__rosidl_typesupport_introspection_c.so" to ""
-- Installing: /home/ahmo030/ros2-migration/arena/arena-rosnav/utils/ros/rosnodes/map_distance_server/install/map_distance_server/lib/libmap_distance_server__rosidl_typesupport_c.so
-- Set runtime path of "/home/ahmo030/ros2-migration/arena/arena-rosnav/utils/ros/rosnodes/map_distance_server/install/map_distance_server/lib/libmap_distance_server__rosidl_typesupport_c.so" to ""
-- Up-to-date: /home/ahmo030/ros2-migration/arena/arena-rosnav/utils/ros/rosnodes/map_distance_server/install/map_distance_server/include/map_distance_server/map_distance_server
-- Up-to-date: /home/ahmo030/ros2-migration/arena/arena-rosnav/utils/ros/rosnodes/map_distance_server/install/map_distance_server/include/map_distance_server/map_distance_server/srv
-- Up-to-date: /home/ahmo030/ros2-migration/arena/arena-rosnav/utils/ros/rosnodes/map_distance_server/install/map_distance_server/include/map_distance_server/map_distance_server/srv/detail
-- Installing: /home/ahmo030/ros2-migration/arena/arena-rosnav/utils/ros/rosnodes/map_distance_server/install/map_distance_server/include/map_distance_server/map_distance_server/srv/detail/get_distance_map__builder.hpp
-- Installing: /home/ahmo030/ros2-migration/arena/arena-rosnav/utils/ros/rosnodes/map_distance_server/install/map_distance_server/include/map_distance_server/map_distance_server/srv/detail/get_distance_map__traits.hpp
-- Installing: /home/ahmo030/ros2-migration/arena/arena-rosnav/utils/ros/rosnodes/map_distance_server/install/map_distance_server/include/map_distance_server/map_distance_server/srv/detail/get_distance_map__struct.hpp
-- Installing: /home/ahmo030/ros2-migration/arena/arena-rosnav/utils/ros/rosnodes/map_distance_server/install/map_distance_server/include/map_distance_server/map_distance_server/srv/get_distance_map.hpp
-- Up-to-date: /home/ahmo030/ros2-migration/arena/arena-rosnav/utils/ros/rosnodes/map_distance_server/install/map_distance_server/include/map_distance_server/map_distance_server
-- Up-to-date: /home/ahmo030/ros2-migration/arena/arena-rosnav/utils/ros/rosnodes/map_distance_server/install/map_distance_server/include/map_distance_server/map_distance_server/srv
-- Up-to-date: /home/ahmo030/ros2-migration/arena/arena-rosnav/utils/ros/rosnodes/map_distance_server/install/map_distance_server/include/map_distance_server/map_distance_server/srv/detail
-- Installing: /home/ahmo030/ros2-migration/arena/arena-rosnav/utils/ros/rosnodes/map_distance_server/install/map_distance_server/include/map_distance_server/map_distance_server/srv/detail/get_distance_map__rosidl_typesupport_fastrtps_cpp.hpp
-- Installing: /home/ahmo030/ros2-migration/arena/arena-rosnav/utils/ros/rosnodes/map_distance_server/install/map_distance_server/include/map_distance_server/map_distance_server/srv/detail/dds_fastrtps
-- Up-to-date: /home/ahmo030/ros2-migration/arena/arena-rosnav/utils/ros/rosnodes/map_distance_server/install/map_distance_server/include/map_distance_server/map_distance_server/msg
-- Installing: /home/ahmo030/ros2-migration/arena/arena-rosnav/utils/ros/rosnodes/map_distance_server/install/map_distance_server/include/map_distance_server/map_distance_server/msg/rosidl_typesupport_fastrtps_cpp__visibility_control.h
-- Installing: /home/ahmo030/ros2-migration/arena/arena-rosnav/utils/ros/rosnodes/map_distance_server/install/map_distance_server/lib/libmap_distance_server__rosidl_typesupport_fastrtps_cpp.so
-- Set runtime path of "/home/ahmo030/ros2-migration/arena/arena-rosnav/utils/ros/rosnodes/map_distance_server/install/map_distance_server/lib/libmap_distance_server__rosidl_typesupport_fastrtps_cpp.so" to ""
-- Up-to-date: /home/ahmo030/ros2-migration/arena/arena-rosnav/utils/ros/rosnodes/map_distance_server/install/map_distance_server/include/map_distance_server/map_distance_server
-- Up-to-date: /home/ahmo030/ros2-migration/arena/arena-rosnav/utils/ros/rosnodes/map_distance_server/install/map_distance_server/include/map_distance_server/map_distance_server/srv
-- Up-to-date: /home/ahmo030/ros2-migration/arena/arena-rosnav/utils/ros/rosnodes/map_distance_server/install/map_distance_server/include/map_distance_server/map_distance_server/srv/detail
-- Installing: /home/ahmo030/ros2-migration/arena/arena-rosnav/utils/ros/rosnodes/map_distance_server/install/map_distance_server/include/map_distance_server/map_distance_server/srv/detail/get_distance_map__rosidl_typesupport_introspection_cpp.hpp
-- Installing: /home/ahmo030/ros2-migration/arena/arena-rosnav/utils/ros/rosnodes/map_distance_server/install/map_distance_server/include/map_distance_server/map_distance_server/srv/detail/get_distance_map__type_support.cpp
-- Installing: /home/ahmo030/ros2-migration/arena/arena-rosnav/utils/ros/rosnodes/map_distance_server/install/map_distance_server/lib/libmap_distance_server__rosidl_typesupport_introspection_cpp.so
-- Set runtime path of "/home/ahmo030/ros2-migration/arena/arena-rosnav/utils/ros/rosnodes/map_distance_server/install/map_distance_server/lib/libmap_distance_server__rosidl_typesupport_introspection_cpp.so" to ""
-- Installing: /home/ahmo030/ros2-migration/arena/arena-rosnav/utils/ros/rosnodes/map_distance_server/install/map_distance_server/lib/libmap_distance_server__rosidl_typesupport_cpp.so
-- Set runtime path of "/home/ahmo030/ros2-migration/arena/arena-rosnav/utils/ros/rosnodes/map_distance_server/install/map_distance_server/lib/libmap_distance_server__rosidl_typesupport_cpp.so" to ""
-- Installing: /home/ahmo030/ros2-migration/arena/arena-rosnav/utils/ros/rosnodes/map_distance_server/install/map_distance_server/share/map_distance_server/environment/pythonpath.sh
-- Installing: /home/ahmo030/ros2-migration/arena/arena-rosnav/utils/ros/rosnodes/map_distance_server/install/map_distance_server/share/map_distance_server/environment/pythonpath.dsv
-- Installing: /home/ahmo030/ros2-migration/arena/arena-rosnav/utils/ros/rosnodes/map_distance_server/install/map_distance_server/local/lib/python3.10/dist-packages/map_distance_server-0.0.0-py3.10.egg-info
-- Installing: /home/ahmo030/ros2-migration/arena/arena-rosnav/utils/ros/rosnodes/map_distance_server/install/map_distance_server/local/lib/python3.10/dist-packages/map_distance_server-0.0.0-py3.10.egg-info/SOURCES.txt
-- Installing: /home/ahmo030/ros2-migration/arena/arena-rosnav/utils/ros/rosnodes/map_distance_server/install/map_distance_server/local/lib/python3.10/dist-packages/map_distance_server-0.0.0-py3.10.egg-info/top_level.txt
-- Installing: /home/ahmo030/ros2-migration/arena/arena-rosnav/utils/ros/rosnodes/map_distance_server/install/map_distance_server/local/lib/python3.10/dist-packages/map_distance_server-0.0.0-py3.10.egg-info/dependency_links.txt
-- Installing: /home/ahmo030/ros2-migration/arena/arena-rosnav/utils/ros/rosnodes/map_distance_server/install/map_distance_server/local/lib/python3.10/dist-packages/map_distance_server-0.0.0-py3.10.egg-info/PKG-INFO
-- Installing: /home/ahmo030/ros2-migration/arena/arena-rosnav/utils/ros/rosnodes/map_distance_server/install/map_distance_server/local/lib/python3.10/dist-packages/map_distance_server
-- Installing: /home/ahmo030/ros2-migration/arena/arena-rosnav/utils/ros/rosnodes/map_distance_server/install/map_distance_server/local/lib/python3.10/dist-packages/map_distance_server/_map_distance_server_s.ep.rosidl_typesupport_introspection_c.c
-- Installing: /home/ahmo030/ros2-migration/arena/arena-rosnav/utils/ros/rosnodes/map_distance_server/install/map_distance_server/local/lib/python3.10/dist-packages/map_distance_server/srv
-- Installing: /home/ahmo030/ros2-migration/arena/arena-rosnav/utils/ros/rosnodes/map_distance_server/install/map_distance_server/local/lib/python3.10/dist-packages/map_distance_server/srv/_get_distance_map_s.c
-- Installing: /home/ahmo030/ros2-migration/arena/arena-rosnav/utils/ros/rosnodes/map_distance_server/install/map_distance_server/local/lib/python3.10/dist-packages/map_distance_server/srv/__init__.py
-- Installing: /home/ahmo030/ros2-migration/arena/arena-rosnav/utils/ros/rosnodes/map_distance_server/install/map_distance_server/local/lib/python3.10/dist-packages/map_distance_server/srv/_get_distance_map.py
-- Installing: /home/ahmo030/ros2-migration/arena/arena-rosnav/utils/ros/rosnodes/map_distance_server/install/map_distance_server/local/lib/python3.10/dist-packages/map_distance_server/_map_distance_server_s.ep.rosidl_typesupport_c.c
-- Installing: /home/ahmo030/ros2-migration/arena/arena-rosnav/utils/ros/rosnodes/map_distance_server/install/map_distance_server/local/lib/python3.10/dist-packages/map_distance_server/map_distance_server_s__rosidl_typesupport_fastrtps_c.cpython-36m-x86_64-linux-gnu.so
-- Installing: /home/ahmo030/ros2-migration/arena/arena-rosnav/utils/ros/rosnodes/map_distance_server/install/map_distance_server/local/lib/python3.10/dist-packages/map_distance_server/libmap_distance_server__rosidl_generator_py.so
-- Installing: /home/ahmo030/ros2-migration/arena/arena-rosnav/utils/ros/rosnodes/map_distance_server/install/map_distance_server/local/lib/python3.10/dist-packages/map_distance_server/map_distance_server_s__rosidl_typesupport_introspection_c.cpython-36m-x86_64-linux-gnu.so
-- Installing: /home/ahmo030/ros2-migration/arena/arena-rosnav/utils/ros/rosnodes/map_distance_server/install/map_distance_server/local/lib/python3.10/dist-packages/map_distance_server/__init__.py
-- Installing: /home/ahmo030/ros2-migration/arena/arena-rosnav/utils/ros/rosnodes/map_distance_server/install/map_distance_server/local/lib/python3.10/dist-packages/map_distance_server/_map_distance_server_s.ep.rosidl_typesupport_fastrtps_c.c
-- Installing: /home/ahmo030/ros2-migration/arena/arena-rosnav/utils/ros/rosnodes/map_distance_server/install/map_distance_server/local/lib/python3.10/dist-packages/map_distance_server/map_distance_server_s__rosidl_typesupport_c.cpython-36m-x86_64-linux-gnu.so
Listing '/home/ahmo030/ros2-migration/arena/arena-rosnav/utils/ros/rosnodes/map_distance_server/install/map_distance_server/local/lib/python3.10/dist-packages/map_distance_server'...
Compiling '/home/ahmo030/ros2-migration/arena/arena-rosnav/utils/ros/rosnodes/map_distance_server/install/map_distance_server/local/lib/python3.10/dist-packages/map_distance_server/__init__.py'...
Listing '/home/ahmo030/ros2-migration/arena/arena-rosnav/utils/ros/rosnodes/map_distance_server/install/map_distance_server/local/lib/python3.10/dist-packages/map_distance_server/srv'...
Compiling '/home/ahmo030/ros2-migration/arena/arena-rosnav/utils/ros/rosnodes/map_distance_server/install/map_distance_server/local/lib/python3.10/dist-packages/map_distance_server/srv/__init__.py'...
Compiling '/home/ahmo030/ros2-migration/arena/arena-rosnav/utils/ros/rosnodes/map_distance_server/install/map_distance_server/local/lib/python3.10/dist-packages/map_distance_server/srv/_get_distance_map.py'...
-- Installing: /home/ahmo030/ros2-migration/arena/arena-rosnav/utils/ros/rosnodes/map_distance_server/install/map_distance_server/local/lib/python3.10/dist-packages/map_distance_server/map_distance_server_s__rosidl_typesupport_fastrtps_c.cpython-36m-x86_64-linux-gnu.so
-- Set runtime path of "/home/ahmo030/ros2-migration/arena/arena-rosnav/utils/ros/rosnodes/map_distance_server/install/map_distance_server/local/lib/python3.10/dist-packages/map_distance_server/map_distance_server_s__rosidl_typesupport_fastrtps_c.cpython-36m-x86_64-linux-gnu.so" to ""
-- Installing: /home/ahmo030/ros2-migration/arena/arena-rosnav/utils/ros/rosnodes/map_distance_server/install/map_distance_server/local/lib/python3.10/dist-packages/map_distance_server/map_distance_server_s__rosidl_typesupport_introspection_c.cpython-36m-x86_64-linux-gnu.so
-- Set runtime path of "/home/ahmo030/ros2-migration/arena/arena-rosnav/utils/ros/rosnodes/map_distance_server/install/map_distance_server/local/lib/python3.10/dist-packages/map_distance_server/map_distance_server_s__rosidl_typesupport_introspection_c.cpython-36m-x86_64-linux-gnu.so" to ""
-- Installing: /home/ahmo030/ros2-migration/arena/arena-rosnav/utils/ros/rosnodes/map_distance_server/install/map_distance_server/local/lib/python3.10/dist-packages/map_distance_server/map_distance_server_s__rosidl_typesupport_c.cpython-36m-x86_64-linux-gnu.so
-- Set runtime path of "/home/ahmo030/ros2-migration/arena/arena-rosnav/utils/ros/rosnodes/map_distance_server/install/map_distance_server/local/lib/python3.10/dist-packages/map_distance_server/map_distance_server_s__rosidl_typesupport_c.cpython-36m-x86_64-linux-gnu.so" to ""
-- Installing: /home/ahmo030/ros2-migration/arena/arena-rosnav/utils/ros/rosnodes/map_distance_server/install/map_distance_server/lib/libmap_distance_server__rosidl_generator_py.so
-- Set runtime path of "/home/ahmo030/ros2-migration/arena/arena-rosnav/utils/ros/rosnodes/map_distance_server/install/map_distance_server/lib/libmap_distance_server__rosidl_generator_py.so" to ""
-- Installing: /home/ahmo030/ros2-migration/arena/arena-rosnav/utils/ros/rosnodes/map_distance_server/install/map_distance_server/share/map_distance_server/srv/GetDistanceMap.idl
-- Installing: /home/ahmo030/ros2-migration/arena/arena-rosnav/utils/ros/rosnodes/map_distance_server/install/map_distance_server/share/map_distance_server/srv/GetDistanceMap.srv
-- Installing: /home/ahmo030/ros2-migration/arena/arena-rosnav/utils/ros/rosnodes/map_distance_server/install/map_distance_server/share/map_distance_server/srv/GetDistanceMap_Request.msg
-- Installing: /home/ahmo030/ros2-migration/arena/arena-rosnav/utils/ros/rosnodes/map_distance_server/install/map_distance_server/share/map_distance_server/srv/GetDistanceMap_Response.msg
-- Installing: /home/ahmo030/ros2-migration/arena/arena-rosnav/utils/ros/rosnodes/map_distance_server/install/map_distance_server/bin/map_distance_node.py
-- Installing: /home/ahmo030/ros2-migration/arena/arena-rosnav/utils/ros/rosnodes/map_distance_server/install/map_distance_server/share/ament_index/resource_index/package_run_dependencies/map_distance_server
-- Installing: /home/ahmo030/ros2-migration/arena/arena-rosnav/utils/ros/rosnodes/map_distance_server/install/map_distance_server/share/ament_index/resource_index/parent_prefix_path/map_distance_server
-- Installing: /home/ahmo030/ros2-migration/arena/arena-rosnav/utils/ros/rosnodes/map_distance_server/install/map_distance_server/share/map_distance_server/environment/ament_prefix_path.sh
-- Installing: /home/ahmo030/ros2-migration/arena/arena-rosnav/utils/ros/rosnodes/map_distance_server/install/map_distance_server/share/map_distance_server/environment/ament_prefix_path.dsv
-- Installing: /home/ahmo030/ros2-migration/arena/arena-rosnav/utils/ros/rosnodes/map_distance_server/install/map_distance_server/share/map_distance_server/environment/path.sh
-- Installing: /home/ahmo030/ros2-migration/arena/arena-rosnav/utils/ros/rosnodes/map_distance_server/install/map_distance_server/share/map_distance_server/environment/path.dsv
-- Installing: /home/ahmo030/ros2-migration/arena/arena-rosnav/utils/ros/rosnodes/map_distance_server/install/map_distance_server/share/map_distance_server/local_setup.bash
-- Installing: /home/ahmo030/ros2-migration/arena/arena-rosnav/utils/ros/rosnodes/map_distance_server/install/map_distance_server/share/map_distance_server/local_setup.sh
-- Installing: /home/ahmo030/ros2-migration/arena/arena-rosnav/utils/ros/rosnodes/map_distance_server/install/map_distance_server/share/map_distance_server/local_setup.zsh
-- Installing: /home/ahmo030/ros2-migration/arena/arena-rosnav/utils/ros/rosnodes/map_distance_server/install/map_distance_server/share/map_distance_server/local_setup.dsv
-- Installing: /home/ahmo030/ros2-migration/arena/arena-rosnav/utils/ros/rosnodes/map_distance_server/install/map_distance_server/share/map_distance_server/package.dsv
-- Installing: /home/ahmo030/ros2-migration/arena/arena-rosnav/utils/ros/rosnodes/map_distance_server/install/map_distance_server/share/ament_index/resource_index/packages/map_distance_server
-- Installing: /home/ahmo030/ros2-migration/arena/arena-rosnav/utils/ros/rosnodes/map_distance_server/install/map_distance_server/share/map_distance_server/cmake/export_map_distance_server__rosidl_generator_cExport.cmake
-- Installing: /home/ahmo030/ros2-migration/arena/arena-rosnav/utils/ros/rosnodes/map_distance_server/install/map_distance_server/share/map_distance_server/cmake/export_map_distance_server__rosidl_generator_cExport-noconfig.cmake
-- Installing: /home/ahmo030/ros2-migration/arena/arena-rosnav/utils/ros/rosnodes/map_distance_server/install/map_distance_server/share/map_distance_server/cmake/export_map_distance_server__rosidl_typesupport_fastrtps_cExport.cmake
-- Installing: /home/ahmo030/ros2-migration/arena/arena-rosnav/utils/ros/rosnodes/map_distance_server/install/map_distance_server/share/map_distance_server/cmake/export_map_distance_server__rosidl_typesupport_fastrtps_cExport-noconfig.cmake
-- Installing: /home/ahmo030/ros2-migration/arena/arena-rosnav/utils/ros/rosnodes/map_distance_server/install/map_distance_server/share/map_distance_server/cmake/map_distance_server__rosidl_typesupport_introspection_cExport.cmake
-- Installing: /home/ahmo030/ros2-migration/arena/arena-rosnav/utils/ros/rosnodes/map_distance_server/install/map_distance_server/share/map_distance_server/cmake/map_distance_server__rosidl_typesupport_introspection_cExport-noconfig.cmake
-- Installing: /home/ahmo030/ros2-migration/arena/arena-rosnav/utils/ros/rosnodes/map_distance_server/install/map_distance_server/share/map_distance_server/cmake/map_distance_server__rosidl_typesupport_cExport.cmake
-- Installing: /home/ahmo030/ros2-migration/arena/arena-rosnav/utils/ros/rosnodes/map_distance_server/install/map_distance_server/share/map_distance_server/cmake/map_distance_server__rosidl_typesupport_cExport-noconfig.cmake
-- Installing: /home/ahmo030/ros2-migration/arena/arena-rosnav/utils/ros/rosnodes/map_distance_server/install/map_distance_server/share/map_distance_server/cmake/export_map_distance_server__rosidl_generator_cppExport.cmake
-- Installing: /home/ahmo030/ros2-migration/arena/arena-rosnav/utils/ros/rosnodes/map_distance_server/install/map_distance_server/share/map_distance_server/cmake/export_map_distance_server__rosidl_typesupport_fastrtps_cppExport.cmake
-- Installing: /home/ahmo030/ros2-migration/arena/arena-rosnav/utils/ros/rosnodes/map_distance_server/install/map_distance_server/share/map_distance_server/cmake/export_map_distance_server__rosidl_typesupport_fastrtps_cppExport-noconfig.cmake
-- Installing: /home/ahmo030/ros2-migration/arena/arena-rosnav/utils/ros/rosnodes/map_distance_server/install/map_distance_server/share/map_distance_server/cmake/map_distance_server__rosidl_typesupport_introspection_cppExport.cmake
-- Installing: /home/ahmo030/ros2-migration/arena/arena-rosnav/utils/ros/rosnodes/map_distance_server/install/map_distance_server/share/map_distance_server/cmake/map_distance_server__rosidl_typesupport_introspection_cppExport-noconfig.cmake
-- Installing: /home/ahmo030/ros2-migration/arena/arena-rosnav/utils/ros/rosnodes/map_distance_server/install/map_distance_server/share/map_distance_server/cmake/map_distance_server__rosidl_typesupport_cppExport.cmake
-- Installing: /home/ahmo030/ros2-migration/arena/arena-rosnav/utils/ros/rosnodes/map_distance_server/install/map_distance_server/share/map_distance_server/cmake/map_distance_server__rosidl_typesupport_cppExport-noconfig.cmake
-- Installing: /home/ahmo030/ros2-migration/arena/arena-rosnav/utils/ros/rosnodes/map_distance_server/install/map_distance_server/share/map_distance_server/cmake/export_map_distance_server__rosidl_generator_pyExport.cmake
-- Installing: /home/ahmo030/ros2-migration/arena/arena-rosnav/utils/ros/rosnodes/map_distance_server/install/map_distance_server/share/map_distance_server/cmake/export_map_distance_server__rosidl_generator_pyExport-noconfig.cmake
-- Installing: /home/ahmo030/ros2-migration/arena/arena-rosnav/utils/ros/rosnodes/map_distance_server/install/map_distance_server/share/map_distance_server/cmake/rosidl_cmake-extras.cmake
-- Installing: /home/ahmo030/ros2-migration/arena/arena-rosnav/utils/ros/rosnodes/map_distance_server/install/map_distance_server/share/map_distance_server/cmake/ament_cmake_export_dependencies-extras.cmake
-- Installing: /home/ahmo030/ros2-migration/arena/arena-rosnav/utils/ros/rosnodes/map_distance_server/install/map_distance_server/share/map_distance_server/cmake/ament_cmake_export_include_directories-extras.cmake
-- Installing: /home/ahmo030/ros2-migration/arena/arena-rosnav/utils/ros/rosnodes/map_distance_server/install/map_distance_server/share/map_distance_server/cmake/ament_cmake_export_libraries-extras.cmake
-- Installing: /home/ahmo030/ros2-migration/arena/arena-rosnav/utils/ros/rosnodes/map_distance_server/install/map_distance_server/share/map_distance_server/cmake/ament_cmake_export_targets-extras.cmake
-- Installing: /home/ahmo030/ros2-migration/arena/arena-rosnav/utils/ros/rosnodes/map_distance_server/install/map_distance_server/share/map_distance_server/cmake/rosidl_cmake_export_typesupport_targets-extras.cmake
-- Installing: /home/ahmo030/ros2-migration/arena/arena-rosnav/utils/ros/rosnodes/map_distance_server/install/map_distance_server/share/map_distance_server/cmake/rosidl_cmake_export_typesupport_libraries-extras.cmake
-- Installing: /home/ahmo030/ros2-migration/arena/arena-rosnav/utils/ros/rosnodes/map_distance_server/install/map_distance_server/share/map_distance_server/cmake/map_distance_serverConfig.cmake
-- Installing: /home/ahmo030/ros2-migration/arena/arena-rosnav/utils/ros/rosnodes/map_distance_server/install/map_distance_server/share/map_distance_server/cmake/map_distance_serverConfig-version.cmake
-- Installing: /home/ahmo030/ros2-migration/arena/arena-rosnav/utils/ros/rosnodes/map_distance_server/install/map_distance_server/share/map_distance_server/package.xml
