[0.005s] Invoking command in '/home/ahmo030/ros2-migration/arena/arena-rosnav/utils/ros/rosnodes/map_distance_server/build/map_distance_server': CMAKE_PREFIX_PATH=/opt/ros/humble:${CMAKE_PREFIX_PATH} /usr/bin/cmake /home/ahmo030/ros2-migration/arena/arena-rosnav/utils/ros/rosnodes/map_distance_server -DCMAKE_INSTALL_PREFIX=/home/ahmo030/ros2-migration/arena/arena-rosnav/utils/ros/rosnodes/map_distance_server/install/map_distance_server
[0.031s] -- The C compiler identification is GNU 11.4.0
[0.060s] -- The CXX compiler identification is GNU 11.4.0
[0.063s] -- Detecting C compiler ABI info
[0.110s] -- Detecting C compiler ABI info - done
[0.115s] -- Check for working C compiler: /usr/bin/cc - skipped
[0.115s] -- Detecting C compile features
[0.116s] -- Detecting C compile features - done
[0.118s] -- Detecting CXX compiler ABI info
[0.160s] -- Detecting CXX compiler ABI info - done
[0.166s] -- Check for working CXX compiler: /usr/bin/c++ - skipped
[0.166s] -- Detecting CXX compile features
[0.167s] -- Detecting CXX compile features - done
[0.169s] -- Found ament_cmake: 1.3.8 (/opt/ros/humble/share/ament_cmake/cmake)
[0.264s] -- Found Python3: /usr/bin/python3 (found version "3.10.12") found components: Interpreter 
[0.309s] -- Found rclpy: 3.3.12 (/opt/ros/humble/share/rclpy/cmake)
[0.310s] -- Found rosidl_default_generators: 1.2.0 (/opt/ros/humble/share/rosidl_default_generators/cmake)
[0.311s] -- Using all available rosidl_typesupport_c: rosidl_typesupport_fastrtps_c;rosidl_typesupport_introspection_c
[0.314s] -- Found rosidl_adapter: 3.1.5 (/opt/ros/humble/share/rosidl_adapter/cmake)
[0.338s] -- Using all available rosidl_typesupport_cpp: rosidl_typesupport_fastrtps_cpp;rosidl_typesupport_introspection_cpp
[0.356s] -- Found nav_msgs: 4.2.3 (/opt/ros/humble/share/nav_msgs/cmake)
[0.634s] -- Found ament_cmake_ros: 0.10.0 (/opt/ros/humble/share/ament_cmake_ros/cmake)
[0.782s] -- Using all available rosidl_typesupport_c: rosidl_typesupport_fastrtps_c;rosidl_typesupport_introspection_c
[0.977s] -- Using all available rosidl_typesupport_cpp: rosidl_typesupport_fastrtps_cpp;rosidl_typesupport_introspection_cpp
[0.992s] -- Found PythonInterp: /usr/bin/python3.6 (found suitable version "3.6.15", minimum required is "3.6") 
[0.993s] -- Found python_cmake_module: 0.10.0 (/opt/ros/humble/share/python_cmake_module/cmake)
[1.011s] -- Found PythonLibs: /usr/lib/x86_64-linux-gnu/libpython3.6m.so (found suitable version "3.6.15", minimum required is "3.5") 
[1.011s] -- Using PYTHON_EXECUTABLE: /usr/bin/python3.6
[1.011s] -- Using PYTHON_INCLUDE_DIRS: /usr/include/python3.6m
[1.012s] -- Using PYTHON_LIBRARIES: /usr/lib/x86_64-linux-gnu/libpython3.6m.so
[1.026s] -- Found PythonExtra: .so  
[1.064s] -- Configuring done
[1.082s] -- Generating done
[1.083s] -- Build files have been written to: /home/ahmo030/ros2-migration/arena/arena-rosnav/utils/ros/rosnodes/map_distance_server/build/map_distance_server
[1.089s] Invoked command in '/home/ahmo030/ros2-migration/arena/arena-rosnav/utils/ros/rosnodes/map_distance_server/build/map_distance_server' returned '0': CMAKE_PREFIX_PATH=/opt/ros/humble:${CMAKE_PREFIX_PATH} /usr/bin/cmake /home/ahmo030/ros2-migration/arena/arena-rosnav/utils/ros/rosnodes/map_distance_server -DCMAKE_INSTALL_PREFIX=/home/ahmo030/ros2-migration/arena/arena-rosnav/utils/ros/rosnodes/map_distance_server/install/map_distance_server
[1.089s] Invoking command in '/home/ahmo030/ros2-migration/arena/arena-rosnav/utils/ros/rosnodes/map_distance_server/build/map_distance_server': CMAKE_PREFIX_PATH=/opt/ros/humble:${CMAKE_PREFIX_PATH} /usr/bin/cmake --build /home/ahmo030/ros2-migration/arena/arena-rosnav/utils/ros/rosnodes/map_distance_server/build/map_distance_server -- -j16 -l16
[1.107s] [  3%] Generating C code for ROS interfaces
[1.112s] [  6%] Generating C++ code for ROS interfaces
[1.116s] [  6%] Built target ament_cmake_python_copy_map_distance_server
[1.267s] [  6%] Built target map_distance_server__cpp
[1.267s] [  9%] Building C object CMakeFiles/map_distance_server__rosidl_generator_c.dir/rosidl_generator_c/map_distance_server/srv/detail/get_distance_map__functions.c.o
[1.272s] [ 19%] Generating C++ type support dispatch for ROS interfaces
[1.272s] [ 19%] Generating C++ introspection for ROS interfaces
[1.272s] [ 19%] Generating C++ type support for eProsima Fast-RTPS
[1.302s] [ 22%] Linking C shared library libmap_distance_server__rosidl_generator_c.so
[1.322s] running egg_info
[1.322s] [ 22%] Built target map_distance_server__rosidl_generator_c
[1.323s] creating map_distance_server.egg-info
[1.326s] writing map_distance_server.egg-info/PKG-INFO
[1.327s] writing dependency_links to map_distance_server.egg-info/dependency_links.txt
[1.327s] writing top-level names to map_distance_server.egg-info/top_level.txt
[1.327s] writing manifest file 'map_distance_server.egg-info/SOURCES.txt'
[1.328s] [ 32%] Generating C type support for eProsima Fast-RTPS
[1.328s] [ 32%] Generating C introspection for ROS interfaces
[1.328s] [ 32%] Generating C type support dispatch for ROS interfaces
[1.329s] reading manifest file 'map_distance_server.egg-info/SOURCES.txt'
[1.329s] writing manifest file 'map_distance_server.egg-info/SOURCES.txt'
[1.348s] [ 32%] Built target ament_cmake_python_build_map_distance_server_egg
[1.415s] [ 35%] Building CXX object CMakeFiles/map_distance_server__rosidl_typesupport_cpp.dir/rosidl_typesupport_cpp/map_distance_server/srv/get_distance_map__type_support.cpp.o
[1.430s] [ 38%] Building CXX object CMakeFiles/map_distance_server__rosidl_typesupport_introspection_cpp.dir/rosidl_typesupport_introspection_cpp/map_distance_server/srv/detail/get_distance_map__type_support.cpp.o
[1.438s] [ 41%] Building CXX object CMakeFiles/map_distance_server__rosidl_typesupport_fastrtps_cpp.dir/rosidl_typesupport_fastrtps_cpp/map_distance_server/srv/detail/dds_fastrtps/get_distance_map__type_support.cpp.o
[1.470s] [ 45%] Building CXX object CMakeFiles/map_distance_server__rosidl_typesupport_c.dir/rosidl_typesupport_c/map_distance_server/srv/get_distance_map__type_support.cpp.o
[1.489s] [ 48%] Linking CXX shared library libmap_distance_server__rosidl_typesupport_c.so
[1.489s] [ 51%] Building C object CMakeFiles/map_distance_server__rosidl_typesupport_introspection_c.dir/rosidl_typesupport_introspection_c/map_distance_server/srv/detail/get_distance_map__type_support.c.o
[1.493s] [ 54%] Building CXX object CMakeFiles/map_distance_server__rosidl_typesupport_fastrtps_c.dir/rosidl_typesupport_fastrtps_c/map_distance_server/srv/detail/get_distance_map__type_support_c.cpp.o
[1.511s] [ 54%] Built target map_distance_server__rosidl_typesupport_c
[1.513s] [ 58%] Linking C shared library libmap_distance_server__rosidl_typesupport_introspection_c.so
[1.530s] [ 58%] Built target map_distance_server__rosidl_typesupport_introspection_c
[1.570s] [ 61%] Linking CXX shared library libmap_distance_server__rosidl_typesupport_cpp.so
[1.592s] [ 61%] Built target map_distance_server__rosidl_typesupport_cpp
[1.670s] [ 64%] Linking CXX shared library libmap_distance_server__rosidl_typesupport_introspection_cpp.so
[1.686s] [ 67%] Linking CXX shared library libmap_distance_server__rosidl_typesupport_fastrtps_c.so
[1.699s] [ 70%] Linking CXX shared library libmap_distance_server__rosidl_typesupport_fastrtps_cpp.so
[1.710s] [ 70%] Built target map_distance_server__rosidl_typesupport_introspection_cpp
[1.728s] [ 70%] Built target map_distance_server__rosidl_typesupport_fastrtps_c
[1.739s] [ 70%] Built target map_distance_server__rosidl_typesupport_fastrtps_cpp
[1.748s] [ 70%] Built target map_distance_server
[1.757s] [ 74%] Generating Python code for ROS interfaces
[2.031s] [ 74%] Built target map_distance_server__py
[2.040s] [ 77%] Building C object CMakeFiles/map_distance_server__rosidl_generator_py.dir/rosidl_generator_py/map_distance_server/srv/_get_distance_map_s.c.o
[2.180s] [ 80%] Linking C shared library rosidl_generator_py/map_distance_server/libmap_distance_server__rosidl_generator_py.so
[2.222s] [ 80%] Built target map_distance_server__rosidl_generator_py
[2.239s] [ 87%] Building C object CMakeFiles/map_distance_server__rosidl_typesupport_introspection_c__pyext.dir/rosidl_generator_py/map_distance_server/_map_distance_server_s.ep.rosidl_typesupport_introspection_c.c.o
[2.239s] [ 87%] Building C object CMakeFiles/map_distance_server__rosidl_typesupport_fastrtps_c__pyext.dir/rosidl_generator_py/map_distance_server/_map_distance_server_s.ep.rosidl_typesupport_fastrtps_c.c.o
[2.239s] [ 90%] Building C object CMakeFiles/map_distance_server__rosidl_typesupport_c__pyext.dir/rosidl_generator_py/map_distance_server/_map_distance_server_s.ep.rosidl_typesupport_c.c.o
[2.290s] [100%] Linking C shared library rosidl_generator_py/map_distance_server/map_distance_server_s__rosidl_typesupport_introspection_c.cpython-36m-x86_64-linux-gnu.so
[2.290s] [100%] Linking C shared library rosidl_generator_py/map_distance_server/map_distance_server_s__rosidl_typesupport_c.cpython-36m-x86_64-linux-gnu.so
[2.290s] [100%] Linking C shared library rosidl_generator_py/map_distance_server/map_distance_server_s__rosidl_typesupport_fastrtps_c.cpython-36m-x86_64-linux-gnu.so
[2.312s] [100%] Built target map_distance_server__rosidl_typesupport_fastrtps_c__pyext
[2.312s] [100%] Built target map_distance_server__rosidl_typesupport_c__pyext
[2.312s] [100%] Built target map_distance_server__rosidl_typesupport_introspection_c__pyext
[2.317s] Invoked command in '/home/ahmo030/ros2-migration/arena/arena-rosnav/utils/ros/rosnodes/map_distance_server/build/map_distance_server' returned '0': CMAKE_PREFIX_PATH=/opt/ros/humble:${CMAKE_PREFIX_PATH} /usr/bin/cmake --build /home/ahmo030/ros2-migration/arena/arena-rosnav/utils/ros/rosnodes/map_distance_server/build/map_distance_server -- -j16 -l16
[2.348s] Invoking command in '/home/ahmo030/ros2-migration/arena/arena-rosnav/utils/ros/rosnodes/map_distance_server/build/map_distance_server': CMAKE_PREFIX_PATH=/opt/ros/humble:${CMAKE_PREFIX_PATH} /usr/bin/cmake --install /home/ahmo030/ros2-migration/arena/arena-rosnav/utils/ros/rosnodes/map_distance_server/build/map_distance_server
[2.352s] -- Install configuration: ""
[2.352s] -- Installing: /home/ahmo030/ros2-migration/arena/arena-rosnav/utils/ros/rosnodes/map_distance_server/install/map_distance_server/share/ament_index/resource_index/rosidl_interfaces/map_distance_server
[2.352s] -- Installing: /home/ahmo030/ros2-migration/arena/arena-rosnav/utils/ros/rosnodes/map_distance_server/install/map_distance_server/include/map_distance_server/map_distance_server
[2.352s] -- Installing: /home/ahmo030/ros2-migration/arena/arena-rosnav/utils/ros/rosnodes/map_distance_server/install/map_distance_server/include/map_distance_server/map_distance_server/srv
[2.352s] -- Installing: /home/ahmo030/ros2-migration/arena/arena-rosnav/utils/ros/rosnodes/map_distance_server/install/map_distance_server/include/map_distance_server/map_distance_server/srv/detail
[2.352s] -- Installing: /home/ahmo030/ros2-migration/arena/arena-rosnav/utils/ros/rosnodes/map_distance_server/install/map_distance_server/include/map_distance_server/map_distance_server/srv/detail/get_distance_map__functions.h
[2.352s] -- Installing: /home/ahmo030/ros2-migration/arena/arena-rosnav/utils/ros/rosnodes/map_distance_server/install/map_distance_server/include/map_distance_server/map_distance_server/srv/detail/get_distance_map__functions.c
[2.352s] -- Installing: /home/ahmo030/ros2-migration/arena/arena-rosnav/utils/ros/rosnodes/map_distance_server/install/map_distance_server/include/map_distance_server/map_distance_server/srv/detail/get_distance_map__struct.h
[2.352s] -- Installing: /home/ahmo030/ros2-migration/arena/arena-rosnav/utils/ros/rosnodes/map_distance_server/install/map_distance_server/include/map_distance_server/map_distance_server/srv/detail/get_distance_map__type_support.h
[2.352s] -- Installing: /home/ahmo030/ros2-migration/arena/arena-rosnav/utils/ros/rosnodes/map_distance_server/install/map_distance_server/include/map_distance_server/map_distance_server/srv/get_distance_map.h
[2.352s] -- Installing: /home/ahmo030/ros2-migration/arena/arena-rosnav/utils/ros/rosnodes/map_distance_server/install/map_distance_server/include/map_distance_server/map_distance_server/msg
[2.352s] -- Installing: /home/ahmo030/ros2-migration/arena/arena-rosnav/utils/ros/rosnodes/map_distance_server/install/map_distance_server/include/map_distance_server/map_distance_server/msg/rosidl_generator_c__visibility_control.h
[2.352s] -- Installing: /home/ahmo030/ros2-migration/arena/arena-rosnav/utils/ros/rosnodes/map_distance_server/install/map_distance_server/share/map_distance_server/environment/library_path.sh
[2.353s] -- Installing: /home/ahmo030/ros2-migration/arena/arena-rosnav/utils/ros/rosnodes/map_distance_server/install/map_distance_server/share/map_distance_server/environment/library_path.dsv
[2.353s] -- Installing: /home/ahmo030/ros2-migration/arena/arena-rosnav/utils/ros/rosnodes/map_distance_server/install/map_distance_server/lib/libmap_distance_server__rosidl_generator_c.so
[2.353s] -- Set runtime path of "/home/ahmo030/ros2-migration/arena/arena-rosnav/utils/ros/rosnodes/map_distance_server/install/map_distance_server/lib/libmap_distance_server__rosidl_generator_c.so" to ""
[2.353s] -- Up-to-date: /home/ahmo030/ros2-migration/arena/arena-rosnav/utils/ros/rosnodes/map_distance_server/install/map_distance_server/include/map_distance_server/map_distance_server
[2.353s] -- Up-to-date: /home/ahmo030/ros2-migration/arena/arena-rosnav/utils/ros/rosnodes/map_distance_server/install/map_distance_server/include/map_distance_server/map_distance_server/srv
[2.353s] -- Up-to-date: /home/ahmo030/ros2-migration/arena/arena-rosnav/utils/ros/rosnodes/map_distance_server/install/map_distance_server/include/map_distance_server/map_distance_server/srv/detail
[2.353s] -- Installing: /home/ahmo030/ros2-migration/arena/arena-rosnav/utils/ros/rosnodes/map_distance_server/install/map_distance_server/include/map_distance_server/map_distance_server/srv/detail/get_distance_map__rosidl_typesupport_fastrtps_c.h
[2.353s] -- Up-to-date: /home/ahmo030/ros2-migration/arena/arena-rosnav/utils/ros/rosnodes/map_distance_server/install/map_distance_server/include/map_distance_server/map_distance_server/msg
[2.353s] -- Installing: /home/ahmo030/ros2-migration/arena/arena-rosnav/utils/ros/rosnodes/map_distance_server/install/map_distance_server/include/map_distance_server/map_distance_server/msg/rosidl_typesupport_fastrtps_c__visibility_control.h
[2.353s] -- Installing: /home/ahmo030/ros2-migration/arena/arena-rosnav/utils/ros/rosnodes/map_distance_server/install/map_distance_server/lib/libmap_distance_server__rosidl_typesupport_fastrtps_c.so
[2.353s] -- Set runtime path of "/home/ahmo030/ros2-migration/arena/arena-rosnav/utils/ros/rosnodes/map_distance_server/install/map_distance_server/lib/libmap_distance_server__rosidl_typesupport_fastrtps_c.so" to ""
[2.353s] -- Up-to-date: /home/ahmo030/ros2-migration/arena/arena-rosnav/utils/ros/rosnodes/map_distance_server/install/map_distance_server/include/map_distance_server/map_distance_server
[2.353s] -- Up-to-date: /home/ahmo030/ros2-migration/arena/arena-rosnav/utils/ros/rosnodes/map_distance_server/install/map_distance_server/include/map_distance_server/map_distance_server/srv
[2.353s] -- Up-to-date: /home/ahmo030/ros2-migration/arena/arena-rosnav/utils/ros/rosnodes/map_distance_server/install/map_distance_server/include/map_distance_server/map_distance_server/srv/detail
[2.353s] -- Installing: /home/ahmo030/ros2-migration/arena/arena-rosnav/utils/ros/rosnodes/map_distance_server/install/map_distance_server/include/map_distance_server/map_distance_server/srv/detail/get_distance_map__type_support.c
[2.353s] -- Installing: /home/ahmo030/ros2-migration/arena/arena-rosnav/utils/ros/rosnodes/map_distance_server/install/map_distance_server/include/map_distance_server/map_distance_server/srv/detail/get_distance_map__rosidl_typesupport_introspection_c.h
[2.353s] -- Up-to-date: /home/ahmo030/ros2-migration/arena/arena-rosnav/utils/ros/rosnodes/map_distance_server/install/map_distance_server/include/map_distance_server/map_distance_server/msg
[2.354s] -- Installing: /home/ahmo030/ros2-migration/arena/arena-rosnav/utils/ros/rosnodes/map_distance_server/install/map_distance_server/include/map_distance_server/map_distance_server/msg/rosidl_typesupport_introspection_c__visibility_control.h
[2.354s] -- Installing: /home/ahmo030/ros2-migration/arena/arena-rosnav/utils/ros/rosnodes/map_distance_server/install/map_distance_server/lib/libmap_distance_server__rosidl_typesupport_introspection_c.so
[2.354s] -- Set runtime path of "/home/ahmo030/ros2-migration/arena/arena-rosnav/utils/ros/rosnodes/map_distance_server/install/map_distance_server/lib/libmap_distance_server__rosidl_typesupport_introspection_c.so" to ""
[2.354s] -- Installing: /home/ahmo030/ros2-migration/arena/arena-rosnav/utils/ros/rosnodes/map_distance_server/install/map_distance_server/lib/libmap_distance_server__rosidl_typesupport_c.so
[2.354s] -- Set runtime path of "/home/ahmo030/ros2-migration/arena/arena-rosnav/utils/ros/rosnodes/map_distance_server/install/map_distance_server/lib/libmap_distance_server__rosidl_typesupport_c.so" to ""
[2.354s] -- Up-to-date: /home/ahmo030/ros2-migration/arena/arena-rosnav/utils/ros/rosnodes/map_distance_server/install/map_distance_server/include/map_distance_server/map_distance_server
[2.354s] -- Up-to-date: /home/ahmo030/ros2-migration/arena/arena-rosnav/utils/ros/rosnodes/map_distance_server/install/map_distance_server/include/map_distance_server/map_distance_server/srv
[2.354s] -- Up-to-date: /home/ahmo030/ros2-migration/arena/arena-rosnav/utils/ros/rosnodes/map_distance_server/install/map_distance_server/include/map_distance_server/map_distance_server/srv/detail
[2.354s] -- Installing: /home/ahmo030/ros2-migration/arena/arena-rosnav/utils/ros/rosnodes/map_distance_server/install/map_distance_server/include/map_distance_server/map_distance_server/srv/detail/get_distance_map__builder.hpp
[2.354s] -- Installing: /home/ahmo030/ros2-migration/arena/arena-rosnav/utils/ros/rosnodes/map_distance_server/install/map_distance_server/include/map_distance_server/map_distance_server/srv/detail/get_distance_map__traits.hpp
[2.354s] -- Installing: /home/ahmo030/ros2-migration/arena/arena-rosnav/utils/ros/rosnodes/map_distance_server/install/map_distance_server/include/map_distance_server/map_distance_server/srv/detail/get_distance_map__struct.hpp
[2.354s] -- Installing: /home/ahmo030/ros2-migration/arena/arena-rosnav/utils/ros/rosnodes/map_distance_server/install/map_distance_server/include/map_distance_server/map_distance_server/srv/get_distance_map.hpp
[2.354s] -- Up-to-date: /home/ahmo030/ros2-migration/arena/arena-rosnav/utils/ros/rosnodes/map_distance_server/install/map_distance_server/include/map_distance_server/map_distance_server
[2.354s] -- Up-to-date: /home/ahmo030/ros2-migration/arena/arena-rosnav/utils/ros/rosnodes/map_distance_server/install/map_distance_server/include/map_distance_server/map_distance_server/srv
[2.354s] -- Up-to-date: /home/ahmo030/ros2-migration/arena/arena-rosnav/utils/ros/rosnodes/map_distance_server/install/map_distance_server/include/map_distance_server/map_distance_server/srv/detail
[2.354s] -- Installing: /home/ahmo030/ros2-migration/arena/arena-rosnav/utils/ros/rosnodes/map_distance_server/install/map_distance_server/include/map_distance_server/map_distance_server/srv/detail/get_distance_map__rosidl_typesupport_fastrtps_cpp.hpp
[2.354s] -- Installing: /home/ahmo030/ros2-migration/arena/arena-rosnav/utils/ros/rosnodes/map_distance_server/install/map_distance_server/include/map_distance_server/map_distance_server/srv/detail/dds_fastrtps
[2.354s] -- Up-to-date: /home/ahmo030/ros2-migration/arena/arena-rosnav/utils/ros/rosnodes/map_distance_server/install/map_distance_server/include/map_distance_server/map_distance_server/msg
[2.354s] -- Installing: /home/ahmo030/ros2-migration/arena/arena-rosnav/utils/ros/rosnodes/map_distance_server/install/map_distance_server/include/map_distance_server/map_distance_server/msg/rosidl_typesupport_fastrtps_cpp__visibility_control.h
[2.354s] -- Installing: /home/ahmo030/ros2-migration/arena/arena-rosnav/utils/ros/rosnodes/map_distance_server/install/map_distance_server/lib/libmap_distance_server__rosidl_typesupport_fastrtps_cpp.so
[2.354s] -- Set runtime path of "/home/ahmo030/ros2-migration/arena/arena-rosnav/utils/ros/rosnodes/map_distance_server/install/map_distance_server/lib/libmap_distance_server__rosidl_typesupport_fastrtps_cpp.so" to ""
[2.355s] -- Up-to-date: /home/ahmo030/ros2-migration/arena/arena-rosnav/utils/ros/rosnodes/map_distance_server/install/map_distance_server/include/map_distance_server/map_distance_server
[2.355s] -- Up-to-date: /home/ahmo030/ros2-migration/arena/arena-rosnav/utils/ros/rosnodes/map_distance_server/install/map_distance_server/include/map_distance_server/map_distance_server/srv
[2.355s] -- Up-to-date: /home/ahmo030/ros2-migration/arena/arena-rosnav/utils/ros/rosnodes/map_distance_server/install/map_distance_server/include/map_distance_server/map_distance_server/srv/detail
[2.355s] -- Installing: /home/ahmo030/ros2-migration/arena/arena-rosnav/utils/ros/rosnodes/map_distance_server/install/map_distance_server/include/map_distance_server/map_distance_server/srv/detail/get_distance_map__rosidl_typesupport_introspection_cpp.hpp
[2.355s] -- Installing: /home/ahmo030/ros2-migration/arena/arena-rosnav/utils/ros/rosnodes/map_distance_server/install/map_distance_server/include/map_distance_server/map_distance_server/srv/detail/get_distance_map__type_support.cpp
[2.355s] -- Installing: /home/ahmo030/ros2-migration/arena/arena-rosnav/utils/ros/rosnodes/map_distance_server/install/map_distance_server/lib/libmap_distance_server__rosidl_typesupport_introspection_cpp.so
[2.355s] -- Set runtime path of "/home/ahmo030/ros2-migration/arena/arena-rosnav/utils/ros/rosnodes/map_distance_server/install/map_distance_server/lib/libmap_distance_server__rosidl_typesupport_introspection_cpp.so" to ""
[2.355s] -- Installing: /home/ahmo030/ros2-migration/arena/arena-rosnav/utils/ros/rosnodes/map_distance_server/install/map_distance_server/lib/libmap_distance_server__rosidl_typesupport_cpp.so
[2.355s] -- Set runtime path of "/home/ahmo030/ros2-migration/arena/arena-rosnav/utils/ros/rosnodes/map_distance_server/install/map_distance_server/lib/libmap_distance_server__rosidl_typesupport_cpp.so" to ""
[2.355s] -- Installing: /home/ahmo030/ros2-migration/arena/arena-rosnav/utils/ros/rosnodes/map_distance_server/install/map_distance_server/share/map_distance_server/environment/pythonpath.sh
[2.355s] -- Installing: /home/ahmo030/ros2-migration/arena/arena-rosnav/utils/ros/rosnodes/map_distance_server/install/map_distance_server/share/map_distance_server/environment/pythonpath.dsv
[2.355s] -- Installing: /home/ahmo030/ros2-migration/arena/arena-rosnav/utils/ros/rosnodes/map_distance_server/install/map_distance_server/local/lib/python3.10/dist-packages/map_distance_server-0.0.0-py3.10.egg-info
[2.355s] -- Installing: /home/ahmo030/ros2-migration/arena/arena-rosnav/utils/ros/rosnodes/map_distance_server/install/map_distance_server/local/lib/python3.10/dist-packages/map_distance_server-0.0.0-py3.10.egg-info/SOURCES.txt
[2.355s] -- Installing: /home/ahmo030/ros2-migration/arena/arena-rosnav/utils/ros/rosnodes/map_distance_server/install/map_distance_server/local/lib/python3.10/dist-packages/map_distance_server-0.0.0-py3.10.egg-info/top_level.txt
[2.355s] -- Installing: /home/ahmo030/ros2-migration/arena/arena-rosnav/utils/ros/rosnodes/map_distance_server/install/map_distance_server/local/lib/python3.10/dist-packages/map_distance_server-0.0.0-py3.10.egg-info/dependency_links.txt
[2.355s] -- Installing: /home/ahmo030/ros2-migration/arena/arena-rosnav/utils/ros/rosnodes/map_distance_server/install/map_distance_server/local/lib/python3.10/dist-packages/map_distance_server-0.0.0-py3.10.egg-info/PKG-INFO
[2.355s] -- Installing: /home/ahmo030/ros2-migration/arena/arena-rosnav/utils/ros/rosnodes/map_distance_server/install/map_distance_server/local/lib/python3.10/dist-packages/map_distance_server
[2.355s] -- Installing: /home/ahmo030/ros2-migration/arena/arena-rosnav/utils/ros/rosnodes/map_distance_server/install/map_distance_server/local/lib/python3.10/dist-packages/map_distance_server/_map_distance_server_s.ep.rosidl_typesupport_introspection_c.c
[2.355s] -- Installing: /home/ahmo030/ros2-migration/arena/arena-rosnav/utils/ros/rosnodes/map_distance_server/install/map_distance_server/local/lib/python3.10/dist-packages/map_distance_server/srv
[2.355s] -- Installing: /home/ahmo030/ros2-migration/arena/arena-rosnav/utils/ros/rosnodes/map_distance_server/install/map_distance_server/local/lib/python3.10/dist-packages/map_distance_server/srv/_get_distance_map_s.c
[2.355s] -- Installing: /home/ahmo030/ros2-migration/arena/arena-rosnav/utils/ros/rosnodes/map_distance_server/install/map_distance_server/local/lib/python3.10/dist-packages/map_distance_server/srv/__init__.py
[2.355s] -- Installing: /home/ahmo030/ros2-migration/arena/arena-rosnav/utils/ros/rosnodes/map_distance_server/install/map_distance_server/local/lib/python3.10/dist-packages/map_distance_server/srv/_get_distance_map.py
[2.356s] -- Installing: /home/ahmo030/ros2-migration/arena/arena-rosnav/utils/ros/rosnodes/map_distance_server/install/map_distance_server/local/lib/python3.10/dist-packages/map_distance_server/_map_distance_server_s.ep.rosidl_typesupport_c.c
[2.356s] -- Installing: /home/ahmo030/ros2-migration/arena/arena-rosnav/utils/ros/rosnodes/map_distance_server/install/map_distance_server/local/lib/python3.10/dist-packages/map_distance_server/map_distance_server_s__rosidl_typesupport_fastrtps_c.cpython-36m-x86_64-linux-gnu.so
[2.356s] -- Installing: /home/ahmo030/ros2-migration/arena/arena-rosnav/utils/ros/rosnodes/map_distance_server/install/map_distance_server/local/lib/python3.10/dist-packages/map_distance_server/libmap_distance_server__rosidl_generator_py.so
[2.356s] -- Installing: /home/ahmo030/ros2-migration/arena/arena-rosnav/utils/ros/rosnodes/map_distance_server/install/map_distance_server/local/lib/python3.10/dist-packages/map_distance_server/map_distance_server_s__rosidl_typesupport_introspection_c.cpython-36m-x86_64-linux-gnu.so
[2.356s] -- Installing: /home/ahmo030/ros2-migration/arena/arena-rosnav/utils/ros/rosnodes/map_distance_server/install/map_distance_server/local/lib/python3.10/dist-packages/map_distance_server/__init__.py
[2.356s] -- Installing: /home/ahmo030/ros2-migration/arena/arena-rosnav/utils/ros/rosnodes/map_distance_server/install/map_distance_server/local/lib/python3.10/dist-packages/map_distance_server/_map_distance_server_s.ep.rosidl_typesupport_fastrtps_c.c
[2.356s] -- Installing: /home/ahmo030/ros2-migration/arena/arena-rosnav/utils/ros/rosnodes/map_distance_server/install/map_distance_server/local/lib/python3.10/dist-packages/map_distance_server/map_distance_server_s__rosidl_typesupport_c.cpython-36m-x86_64-linux-gnu.so
[2.375s] Listing '/home/ahmo030/ros2-migration/arena/arena-rosnav/utils/ros/rosnodes/map_distance_server/install/map_distance_server/local/lib/python3.10/dist-packages/map_distance_server'...
[2.375s] Compiling '/home/ahmo030/ros2-migration/arena/arena-rosnav/utils/ros/rosnodes/map_distance_server/install/map_distance_server/local/lib/python3.10/dist-packages/map_distance_server/__init__.py'...
[2.375s] Listing '/home/ahmo030/ros2-migration/arena/arena-rosnav/utils/ros/rosnodes/map_distance_server/install/map_distance_server/local/lib/python3.10/dist-packages/map_distance_server/srv'...
[2.375s] Compiling '/home/ahmo030/ros2-migration/arena/arena-rosnav/utils/ros/rosnodes/map_distance_server/install/map_distance_server/local/lib/python3.10/dist-packages/map_distance_server/srv/__init__.py'...
[2.375s] Compiling '/home/ahmo030/ros2-migration/arena/arena-rosnav/utils/ros/rosnodes/map_distance_server/install/map_distance_server/local/lib/python3.10/dist-packages/map_distance_server/srv/_get_distance_map.py'...
[2.377s] -- Installing: /home/ahmo030/ros2-migration/arena/arena-rosnav/utils/ros/rosnodes/map_distance_server/install/map_distance_server/local/lib/python3.10/dist-packages/map_distance_server/map_distance_server_s__rosidl_typesupport_fastrtps_c.cpython-36m-x86_64-linux-gnu.so
[2.378s] -- Set runtime path of "/home/ahmo030/ros2-migration/arena/arena-rosnav/utils/ros/rosnodes/map_distance_server/install/map_distance_server/local/lib/python3.10/dist-packages/map_distance_server/map_distance_server_s__rosidl_typesupport_fastrtps_c.cpython-36m-x86_64-linux-gnu.so" to ""
[2.378s] -- Installing: /home/ahmo030/ros2-migration/arena/arena-rosnav/utils/ros/rosnodes/map_distance_server/install/map_distance_server/local/lib/python3.10/dist-packages/map_distance_server/map_distance_server_s__rosidl_typesupport_introspection_c.cpython-36m-x86_64-linux-gnu.so
[2.378s] -- Set runtime path of "/home/ahmo030/ros2-migration/arena/arena-rosnav/utils/ros/rosnodes/map_distance_server/install/map_distance_server/local/lib/python3.10/dist-packages/map_distance_server/map_distance_server_s__rosidl_typesupport_introspection_c.cpython-36m-x86_64-linux-gnu.so" to ""
[2.378s] -- Installing: /home/ahmo030/ros2-migration/arena/arena-rosnav/utils/ros/rosnodes/map_distance_server/install/map_distance_server/local/lib/python3.10/dist-packages/map_distance_server/map_distance_server_s__rosidl_typesupport_c.cpython-36m-x86_64-linux-gnu.so
[2.378s] -- Set runtime path of "/home/ahmo030/ros2-migration/arena/arena-rosnav/utils/ros/rosnodes/map_distance_server/install/map_distance_server/local/lib/python3.10/dist-packages/map_distance_server/map_distance_server_s__rosidl_typesupport_c.cpython-36m-x86_64-linux-gnu.so" to ""
[2.378s] -- Installing: /home/ahmo030/ros2-migration/arena/arena-rosnav/utils/ros/rosnodes/map_distance_server/install/map_distance_server/lib/libmap_distance_server__rosidl_generator_py.so
[2.378s] -- Set runtime path of "/home/ahmo030/ros2-migration/arena/arena-rosnav/utils/ros/rosnodes/map_distance_server/install/map_distance_server/lib/libmap_distance_server__rosidl_generator_py.so" to ""
[2.378s] -- Installing: /home/ahmo030/ros2-migration/arena/arena-rosnav/utils/ros/rosnodes/map_distance_server/install/map_distance_server/share/map_distance_server/srv/GetDistanceMap.idl
[2.378s] -- Installing: /home/ahmo030/ros2-migration/arena/arena-rosnav/utils/ros/rosnodes/map_distance_server/install/map_distance_server/share/map_distance_server/srv/GetDistanceMap.srv
[2.378s] -- Installing: /home/ahmo030/ros2-migration/arena/arena-rosnav/utils/ros/rosnodes/map_distance_server/install/map_distance_server/share/map_distance_server/srv/GetDistanceMap_Request.msg
[2.378s] -- Installing: /home/ahmo030/ros2-migration/arena/arena-rosnav/utils/ros/rosnodes/map_distance_server/install/map_distance_server/share/map_distance_server/srv/GetDistanceMap_Response.msg
[2.378s] -- Installing: /home/ahmo030/ros2-migration/arena/arena-rosnav/utils/ros/rosnodes/map_distance_server/install/map_distance_server/bin/map_distance_node.py
[2.378s] -- Installing: /home/ahmo030/ros2-migration/arena/arena-rosnav/utils/ros/rosnodes/map_distance_server/install/map_distance_server/share/ament_index/resource_index/package_run_dependencies/map_distance_server
[2.378s] -- Installing: /home/ahmo030/ros2-migration/arena/arena-rosnav/utils/ros/rosnodes/map_distance_server/install/map_distance_server/share/ament_index/resource_index/parent_prefix_path/map_distance_server
[2.379s] -- Installing: /home/ahmo030/ros2-migration/arena/arena-rosnav/utils/ros/rosnodes/map_distance_server/install/map_distance_server/share/map_distance_server/environment/ament_prefix_path.sh
[2.379s] -- Installing: /home/ahmo030/ros2-migration/arena/arena-rosnav/utils/ros/rosnodes/map_distance_server/install/map_distance_server/share/map_distance_server/environment/ament_prefix_path.dsv
[2.379s] -- Installing: /home/ahmo030/ros2-migration/arena/arena-rosnav/utils/ros/rosnodes/map_distance_server/install/map_distance_server/share/map_distance_server/environment/path.sh
[2.379s] -- Installing: /home/ahmo030/ros2-migration/arena/arena-rosnav/utils/ros/rosnodes/map_distance_server/install/map_distance_server/share/map_distance_server/environment/path.dsv
[2.379s] -- Installing: /home/ahmo030/ros2-migration/arena/arena-rosnav/utils/ros/rosnodes/map_distance_server/install/map_distance_server/share/map_distance_server/local_setup.bash
[2.379s] -- Installing: /home/ahmo030/ros2-migration/arena/arena-rosnav/utils/ros/rosnodes/map_distance_server/install/map_distance_server/share/map_distance_server/local_setup.sh
[2.379s] -- Installing: /home/ahmo030/ros2-migration/arena/arena-rosnav/utils/ros/rosnodes/map_distance_server/install/map_distance_server/share/map_distance_server/local_setup.zsh
[2.379s] -- Installing: /home/ahmo030/ros2-migration/arena/arena-rosnav/utils/ros/rosnodes/map_distance_server/install/map_distance_server/share/map_distance_server/local_setup.dsv
[2.379s] -- Installing: /home/ahmo030/ros2-migration/arena/arena-rosnav/utils/ros/rosnodes/map_distance_server/install/map_distance_server/share/map_distance_server/package.dsv
[2.379s] -- Installing: /home/ahmo030/ros2-migration/arena/arena-rosnav/utils/ros/rosnodes/map_distance_server/install/map_distance_server/share/ament_index/resource_index/packages/map_distance_server
[2.379s] -- Installing: /home/ahmo030/ros2-migration/arena/arena-rosnav/utils/ros/rosnodes/map_distance_server/install/map_distance_server/share/map_distance_server/cmake/export_map_distance_server__rosidl_generator_cExport.cmake
[2.379s] -- Installing: /home/ahmo030/ros2-migration/arena/arena-rosnav/utils/ros/rosnodes/map_distance_server/install/map_distance_server/share/map_distance_server/cmake/export_map_distance_server__rosidl_generator_cExport-noconfig.cmake
[2.379s] -- Installing: /home/ahmo030/ros2-migration/arena/arena-rosnav/utils/ros/rosnodes/map_distance_server/install/map_distance_server/share/map_distance_server/cmake/export_map_distance_server__rosidl_typesupport_fastrtps_cExport.cmake
[2.379s] -- Installing: /home/ahmo030/ros2-migration/arena/arena-rosnav/utils/ros/rosnodes/map_distance_server/install/map_distance_server/share/map_distance_server/cmake/export_map_distance_server__rosidl_typesupport_fastrtps_cExport-noconfig.cmake
[2.379s] -- Installing: /home/ahmo030/ros2-migration/arena/arena-rosnav/utils/ros/rosnodes/map_distance_server/install/map_distance_server/share/map_distance_server/cmake/map_distance_server__rosidl_typesupport_introspection_cExport.cmake
[2.379s] -- Installing: /home/ahmo030/ros2-migration/arena/arena-rosnav/utils/ros/rosnodes/map_distance_server/install/map_distance_server/share/map_distance_server/cmake/map_distance_server__rosidl_typesupport_introspection_cExport-noconfig.cmake
[2.379s] -- Installing: /home/ahmo030/ros2-migration/arena/arena-rosnav/utils/ros/rosnodes/map_distance_server/install/map_distance_server/share/map_distance_server/cmake/map_distance_server__rosidl_typesupport_cExport.cmake
[2.379s] -- Installing: /home/ahmo030/ros2-migration/arena/arena-rosnav/utils/ros/rosnodes/map_distance_server/install/map_distance_server/share/map_distance_server/cmake/map_distance_server__rosidl_typesupport_cExport-noconfig.cmake
[2.379s] -- Installing: /home/ahmo030/ros2-migration/arena/arena-rosnav/utils/ros/rosnodes/map_distance_server/install/map_distance_server/share/map_distance_server/cmake/export_map_distance_server__rosidl_generator_cppExport.cmake
[2.380s] -- Installing: /home/ahmo030/ros2-migration/arena/arena-rosnav/utils/ros/rosnodes/map_distance_server/install/map_distance_server/share/map_distance_server/cmake/export_map_distance_server__rosidl_typesupport_fastrtps_cppExport.cmake
[2.380s] -- Installing: /home/ahmo030/ros2-migration/arena/arena-rosnav/utils/ros/rosnodes/map_distance_server/install/map_distance_server/share/map_distance_server/cmake/export_map_distance_server__rosidl_typesupport_fastrtps_cppExport-noconfig.cmake
[2.380s] -- Installing: /home/ahmo030/ros2-migration/arena/arena-rosnav/utils/ros/rosnodes/map_distance_server/install/map_distance_server/share/map_distance_server/cmake/map_distance_server__rosidl_typesupport_introspection_cppExport.cmake
[2.380s] -- Installing: /home/ahmo030/ros2-migration/arena/arena-rosnav/utils/ros/rosnodes/map_distance_server/install/map_distance_server/share/map_distance_server/cmake/map_distance_server__rosidl_typesupport_introspection_cppExport-noconfig.cmake
[2.380s] -- Installing: /home/ahmo030/ros2-migration/arena/arena-rosnav/utils/ros/rosnodes/map_distance_server/install/map_distance_server/share/map_distance_server/cmake/map_distance_server__rosidl_typesupport_cppExport.cmake
[2.380s] -- Installing: /home/ahmo030/ros2-migration/arena/arena-rosnav/utils/ros/rosnodes/map_distance_server/install/map_distance_server/share/map_distance_server/cmake/map_distance_server__rosidl_typesupport_cppExport-noconfig.cmake
[2.380s] -- Installing: /home/ahmo030/ros2-migration/arena/arena-rosnav/utils/ros/rosnodes/map_distance_server/install/map_distance_server/share/map_distance_server/cmake/export_map_distance_server__rosidl_generator_pyExport.cmake
[2.380s] -- Installing: /home/ahmo030/ros2-migration/arena/arena-rosnav/utils/ros/rosnodes/map_distance_server/install/map_distance_server/share/map_distance_server/cmake/export_map_distance_server__rosidl_generator_pyExport-noconfig.cmake
[2.380s] -- Installing: /home/ahmo030/ros2-migration/arena/arena-rosnav/utils/ros/rosnodes/map_distance_server/install/map_distance_server/share/map_distance_server/cmake/rosidl_cmake-extras.cmake
[2.380s] -- Installing: /home/ahmo030/ros2-migration/arena/arena-rosnav/utils/ros/rosnodes/map_distance_server/install/map_distance_server/share/map_distance_server/cmake/ament_cmake_export_dependencies-extras.cmake
[2.380s] -- Installing: /home/ahmo030/ros2-migration/arena/arena-rosnav/utils/ros/rosnodes/map_distance_server/install/map_distance_server/share/map_distance_server/cmake/ament_cmake_export_include_directories-extras.cmake
[2.380s] -- Installing: /home/ahmo030/ros2-migration/arena/arena-rosnav/utils/ros/rosnodes/map_distance_server/install/map_distance_server/share/map_distance_server/cmake/ament_cmake_export_libraries-extras.cmake
[2.380s] -- Installing: /home/ahmo030/ros2-migration/arena/arena-rosnav/utils/ros/rosnodes/map_distance_server/install/map_distance_server/share/map_distance_server/cmake/ament_cmake_export_targets-extras.cmake
[2.380s] -- Installing: /home/ahmo030/ros2-migration/arena/arena-rosnav/utils/ros/rosnodes/map_distance_server/install/map_distance_server/share/map_distance_server/cmake/rosidl_cmake_export_typesupport_targets-extras.cmake
[2.380s] -- Installing: /home/ahmo030/ros2-migration/arena/arena-rosnav/utils/ros/rosnodes/map_distance_server/install/map_distance_server/share/map_distance_server/cmake/rosidl_cmake_export_typesupport_libraries-extras.cmake
[2.380s] -- Installing: /home/ahmo030/ros2-migration/arena/arena-rosnav/utils/ros/rosnodes/map_distance_server/install/map_distance_server/share/map_distance_server/cmake/map_distance_serverConfig.cmake
[2.380s] -- Installing: /home/ahmo030/ros2-migration/arena/arena-rosnav/utils/ros/rosnodes/map_distance_server/install/map_distance_server/share/map_distance_server/cmake/map_distance_serverConfig-version.cmake
[2.381s] -- Installing: /home/ahmo030/ros2-migration/arena/arena-rosnav/utils/ros/rosnodes/map_distance_server/install/map_distance_server/share/map_distance_server/package.xml
[2.382s] Invoked command in '/home/ahmo030/ros2-migration/arena/arena-rosnav/utils/ros/rosnodes/map_distance_server/build/map_distance_server' returned '0': CMAKE_PREFIX_PATH=/opt/ros/humble:${CMAKE_PREFIX_PATH} /usr/bin/cmake --install /home/ahmo030/ros2-migration/arena/arena-rosnav/utils/ros/rosnodes/map_distance_server/build/map_distance_server
