[0.021s] Invoking command in '/ros2-migration/build/cob_control_msgs': CMAKE_PREFIX_PATH=/opt/ros/humble /usr/bin/cmake /ros2-migration/arena/utils/3rd-party-robot-packages/cob4/cob_control_msgs -DCMAKE_INSTALL_PREFIX=/ros2-migration/install/cob_control_msgs
[1.273s] -- The C compiler identification is GNU 11.4.0
[1.273s] -- The CXX compiler identification is GNU 11.4.0
[1.273s] -- Detecting C compiler ABI info
[1.273s] -- Detecting C compiler ABI info - done
[1.273s] -- Check for working C compiler: /usr/bin/cc - skipped
[1.273s] -- Detecting C compile features
[1.273s] -- Detecting C compile features - done
[1.273s] -- Detecting CXX compiler ABI info
[1.274s] -- Detecting CXX compiler ABI info - done
[1.274s] -- Check for working CXX compiler: /usr/bin/c++ - skipped
[1.274s] -- Detecting CXX compile features
[1.274s] -- Detecting CXX compile features - done
[1.274s] -- Found ament_cmake: 1.3.9 (/opt/ros/humble/share/ament_cmake/cmake)
[1.274s] -- Found Python3: /usr/bin/python3 (found version "3.10.12") found components: Interpreter 
[1.274s] -- Found std_msgs: 4.2.3 (/opt/ros/humble/share/std_msgs/cmake)
[1.274s] -- Found rosidl_generator_c: 3.1.5 (/opt/ros/humble/share/rosidl_generator_c/cmake)
[1.274s] -- Found rosidl_adapter: 3.1.5 (/opt/ros/humble/share/rosidl_adapter/cmake)
[1.274s] -- Found rosidl_generator_cpp: 3.1.5 (/opt/ros/humble/share/rosidl_generator_cpp/cmake)
[1.274s] -- Using all available rosidl_typesupport_c: rosidl_typesupport_fastrtps_c;rosidl_typesupport_introspection_c
[1.274s] -- Using all available rosidl_typesupport_cpp: rosidl_typesupport_fastrtps_cpp;rosidl_typesupport_introspection_cpp
[1.274s] -- Found geometry_msgs: 4.2.3 (/opt/ros/humble/share/geometry_msgs/cmake)
[1.274s] -- Found rosidl_default_generators: 1.2.0 (/opt/ros/humble/share/rosidl_default_generators/cmake)
[1.562s] -- Found ament_cmake_ros: 0.10.0 (/opt/ros/humble/share/ament_cmake_ros/cmake)
[1.989s] -- Using all available rosidl_typesupport_c: rosidl_typesupport_fastrtps_c;rosidl_typesupport_introspection_c
[2.153s] -- Using all available rosidl_typesupport_cpp: rosidl_typesupport_fastrtps_cpp;rosidl_typesupport_introspection_cpp
[2.175s] -- Found PythonInterp: /usr/bin/python3 (found suitable version "3.10.12", minimum required is "3.6") 
[2.176s] -- Found python_cmake_module: 0.10.0 (/opt/ros/humble/share/python_cmake_module/cmake)
[2.200s] -- Found PythonLibs: /usr/lib/x86_64-linux-gnu/libpython3.10.so (found suitable version "3.10.12", minimum required is "3.5") 
[2.200s] -- Using PYTHON_EXECUTABLE: /usr/bin/python3
[2.200s] -- Using PYTHON_INCLUDE_DIRS: /usr/include/python3.10
[2.200s] -- Using PYTHON_LIBRARIES: /usr/lib/x86_64-linux-gnu/libpython3.10.so
[2.222s] -- Found PythonExtra: .so  
[2.290s] -- Configuring done
[2.329s] -- Generating done
[2.332s] -- Build files have been written to: /ros2-migration/build/cob_control_msgs
