[0.000000] (-) TimerEvent: {}
[0.000103] (-) JobUnselected: {'identifier': 'amcl_utils'}
[0.000319] (-) JobUnselected: {'identifier': 'arena_bringup'}
[0.000343] (-) JobUnselected: {'identifier': 'arena_evaluation'}
[0.000364] (-) JobUnselected: {'identifier': 'arena_evaluation_msgs'}
[0.000399] (-) JobUnselected: {'identifier': 'arena_simulation_setup'}
[0.000419] (-) JobUnselected: {'identifier': 'brics_actuator'}
[0.000438] (-) JobUnselected: {'identifier': 'cob_base_controller_utils'}
[0.000455] (-) JobUnselected: {'identifier': 'cob_control_msgs'}
[0.000473] (-) JobUnselected: {'identifier': 'cob_gazebo_ros_control'}
[0.000491] (-) JobUnselected: {'identifier': 'cob_helper_tools'}
[0.000508] (-) JobUnselected: {'identifier': 'cob_omni_drive_controller'}
[0.000526] (-) JobUnselected: {'identifier': 'cob_scan_unifier'}
[0.000543] (-) JobUnselected: {'identifier': 'cob_sick_s300'}
[0.000561] (-) JobUnselected: {'identifier': 'cob_srvs'}
[0.000578] (-) JobUnselected: {'identifier': 'cob_twist_controller'}
[0.000596] (-) JobUnselected: {'identifier': 'crowdsim'}
[0.000613] (-) JobUnselected: {'identifier': 'eval'}
[0.000631] (-) JobUnselected: {'identifier': 'flatland'}
[0.000655] (-) JobUnselected: {'identifier': 'gazebo_utils'}
[0.000675] (-) JobUnselected: {'identifier': 'generic_throttle'}
[0.000693] (-) JobUnselected: {'identifier': 'grid_map_generator'}
[0.000711] (-) JobUnselected: {'identifier': 'intermediate_planner'}
[0.000728] (-) JobUnselected: {'identifier': 'map_clock_simulator'}
[0.000746] (-) JobUnselected: {'identifier': 'map_distance_server'}
[0.000763] (-) JobUnselected: {'identifier': 'map_generator'}
[0.000781] (-) JobUnselected: {'identifier': 'mapping'}
[0.000799] (-) JobUnselected: {'identifier': 'mecanum_gazebo_plugin'}
[0.000816] (-) JobUnselected: {'identifier': 'move_base_flex'}
[0.000834] (-) JobUnselected: {'identifier': 'navigation'}
[0.000852] (-) JobUnselected: {'identifier': 'observations'}
[0.000869] (-) JobUnselected: {'identifier': 'path_search'}
[0.000887] (-) JobUnselected: {'identifier': 'pedsim_ros'}
[0.000904] (-) JobUnselected: {'identifier': 'plan_manager'}
[0.000922] (-) JobUnselected: {'identifier': 'plan_msgs'}
[0.000939] (-) JobUnselected: {'identifier': 'plan_visualization'}
[0.000957] (-) JobUnselected: {'identifier': 'pmb2_robot'}
[0.000974] (-) JobUnselected: {'identifier': 'ridgeback_control'}
[0.000992] (-) JobUnselected: {'identifier': 'ridgeback_gazebo_plugins'}
[0.001009] (-) JobUnselected: {'identifier': 'rl_utils'}
[0.001026] (-) JobUnselected: {'identifier': 'rviz_plugins'}
[0.001043] (-) JobUnselected: {'identifier': 'rviz_utils'}
[0.001060] (-) JobUnselected: {'identifier': 'sensor_simulator'}
[0.001078] (-) JobUnselected: {'identifier': 'spacial_horizon'}
[0.001095] (-) JobUnselected: {'identifier': 'stable_baselines3'}
[0.001112] (-) JobUnselected: {'identifier': 'task_generator'}
[0.001129] (-) JobUnselected: {'identifier': 'testing'}
[0.001146] (-) JobUnselected: {'identifier': 'tiago_bringup'}
[0.001164] (-) JobUnselected: {'identifier': 'tiago_controller_configuration'}
[0.001181] (-) JobUnselected: {'identifier': 'tiago_description'}
[0.001199] (-) JobUnselected: {'identifier': 'tiago_gazebo'}
[0.001216] (-) JobUnselected: {'identifier': 'tiago_robot'}
[0.001233] (-) JobUnselected: {'identifier': 'tiago_simulation'}
[0.001251] (-) JobUnselected: {'identifier': 'training'}
[0.001268] (-) JobUnselected: {'identifier': 'traj_planner'}
[0.001285] (-) JobUnselected: {'identifier': 'unitree_controller_go1'}
[0.001302] (-) JobUnselected: {'identifier': 'unitree_legged_control'}
[0.001320] (-) JobUnselected: {'identifier': 'unitree_legged_msgs'}
[0.001337] (-) JobUnselected: {'identifier': 'youbot_description'}
[0.001354] (-) JobUnselected: {'identifier': 'youbot_simulation'}
[0.001372] (-) EventReactorShutdown: {}
