[0.005s] Invoking command in '/home/ahmo030/ros2-migration/arena/utils/navigation/build/navigation': CMAKE_PREFIX_PATH=/opt/ros/humble:${CMAKE_PREFIX_PATH} /usr/bin/cmake /home/ahmo030/ros2-migration/arena/utils/navigation -DCMAKE_INSTALL_PREFIX=/home/ahmo030/ros2-migration/arena/utils/navigation/install/navigation
[0.033s] -- The C compiler identification is GNU 11.4.0
[0.082s] -- The CXX compiler identification is GNU 11.4.0
[0.090s] -- Detecting C compiler ABI info
[0.146s] -- Detecting C compiler ABI info - done
[0.155s] -- Check for working C compiler: /usr/bin/cc - skipped
[0.156s] -- Detecting C compile features
[0.157s] -- Detecting C compile features - done
[0.160s] -- Detecting CXX compiler ABI info
[0.202s] -- Detecting CXX compiler ABI info - done
[0.206s] -- Check for working CXX compiler: /usr/bin/c++ - skipped
[0.206s] -- Detecting CXX compile features
[0.206s] -- Detecting CXX compile features - done
[0.208s] -- Found ament_cmake: 1.3.8 (/opt/ros/humble/share/ament_cmake/cmake)
[0.302s] -- Found Python3: /usr/bin/python3 (found version "3.10.12") found components: Interpreter 
[0.380s] WARNING: Metapackage "navigation" must buildtool_depend on catkin.
[0.380s] WARNING: Metapackage "navigation" should not have other dependencies besides a buildtool_depend on catkin and exec_depends.
[0.386s] -- Configuring done
[0.387s] -- Generating done
[0.387s] -- Build files have been written to: /home/ahmo030/ros2-migration/arena/utils/navigation/build/navigation
[0.390s] Invoked command in '/home/ahmo030/ros2-migration/arena/utils/navigation/build/navigation' returned '0': CMAKE_PREFIX_PATH=/opt/ros/humble:${CMAKE_PREFIX_PATH} /usr/bin/cmake /home/ahmo030/ros2-migration/arena/utils/navigation -DCMAKE_INSTALL_PREFIX=/home/ahmo030/ros2-migration/arena/utils/navigation/install/navigation
[0.391s] Invoking command in '/home/ahmo030/ros2-migration/arena/utils/navigation/build/navigation': CMAKE_PREFIX_PATH=/opt/ros/humble:${CMAKE_PREFIX_PATH} /usr/bin/cmake --build /home/ahmo030/ros2-migration/arena/utils/navigation/build/navigation -- -j16 -l16
[0.408s] Invoked command in '/home/ahmo030/ros2-migration/arena/utils/navigation/build/navigation' returned '0': CMAKE_PREFIX_PATH=/opt/ros/humble:${CMAKE_PREFIX_PATH} /usr/bin/cmake --build /home/ahmo030/ros2-migration/arena/utils/navigation/build/navigation -- -j16 -l16
[0.427s] Invoking command in '/home/ahmo030/ros2-migration/arena/utils/navigation/build/navigation': CMAKE_PREFIX_PATH=/opt/ros/humble:${CMAKE_PREFIX_PATH} /usr/bin/cmake --install /home/ahmo030/ros2-migration/arena/utils/navigation/build/navigation
[0.432s] -- Install configuration: ""
[0.432s] -- Installing: /home/ahmo030/ros2-migration/arena/utils/navigation/install/navigation/share/ament_index/resource_index/package_run_dependencies/navigation
[0.432s] -- Installing: /home/ahmo030/ros2-migration/arena/utils/navigation/install/navigation/share/ament_index/resource_index/parent_prefix_path/navigation
[0.432s] -- Installing: /home/ahmo030/ros2-migration/arena/utils/navigation/install/navigation/share/navigation/environment/ament_prefix_path.sh
[0.432s] -- Installing: /home/ahmo030/ros2-migration/arena/utils/navigation/install/navigation/share/navigation/environment/ament_prefix_path.dsv
[0.432s] -- Installing: /home/ahmo030/ros2-migration/arena/utils/navigation/install/navigation/share/navigation/environment/path.sh
[0.432s] -- Installing: /home/ahmo030/ros2-migration/arena/utils/navigation/install/navigation/share/navigation/environment/path.dsv
[0.432s] -- Installing: /home/ahmo030/ros2-migration/arena/utils/navigation/install/navigation/share/navigation/local_setup.bash
[0.432s] -- Installing: /home/ahmo030/ros2-migration/arena/utils/navigation/install/navigation/share/navigation/local_setup.sh
[0.432s] -- Installing: /home/ahmo030/ros2-migration/arena/utils/navigation/install/navigation/share/navigation/local_setup.zsh
[0.433s] -- Installing: /home/ahmo030/ros2-migration/arena/utils/navigation/install/navigation/share/navigation/local_setup.dsv
[0.433s] -- Installing: /home/ahmo030/ros2-migration/arena/utils/navigation/install/navigation/share/navigation/package.dsv
[0.433s] -- Installing: /home/ahmo030/ros2-migration/arena/utils/navigation/install/navigation/share/ament_index/resource_index/packages/navigation
[0.433s] -- Installing: /home/ahmo030/ros2-migration/arena/utils/navigation/install/navigation/share/navigation/cmake/ament_cmake_export_dependencies-extras.cmake
[0.433s] -- Installing: /home/ahmo030/ros2-migration/arena/utils/navigation/install/navigation/share/navigation/cmake/navigationConfig.cmake
[0.433s] -- Installing: /home/ahmo030/ros2-migration/arena/utils/navigation/install/navigation/share/navigation/cmake/navigationConfig-version.cmake
[0.433s] -- Installing: /home/ahmo030/ros2-migration/arena/utils/navigation/install/navigation/share/navigation/package.xml
[0.434s] Invoked command in '/home/ahmo030/ros2-migration/arena/utils/navigation/build/navigation' returned '0': CMAKE_PREFIX_PATH=/opt/ros/humble:${CMAKE_PREFIX_PATH} /usr/bin/cmake --install /home/ahmo030/ros2-migration/arena/utils/navigation/build/navigation
