[0.549s] Invoking command in '/home/ahmo030/ros2-migration/arena/utils/stable-baselines3': PYTHONPATH=/home/ahmo030/ros2-migration/arena/utils/stable-baselines3/build/stable_baselines3/prefix_override:/home/ahmo030/ros2-migration/arena/utils/stable-baselines3/install/stable_baselines3/lib/python3.10/site-packages:${PYTHONPATH} /usr/bin/python3 -W ignore:setup.py install is deprecated setup.py egg_info --egg-base build/stable_baselines3 build --build-base /home/ahmo030/ros2-migration/arena/utils/stable-baselines3/build/stable_baselines3/build install --record /home/ahmo030/ros2-migration/arena/utils/stable-baselines3/build/stable_baselines3/install.log --single-version-externally-managed
[0.753s] running egg_info
[0.756s] writing build/stable_baselines3/stable_baselines3.egg-info/PKG-INFO
[0.757s] writing dependency_links to build/stable_baselines3/stable_baselines3.egg-info/dependency_links.txt
[0.757s] writing requirements to build/stable_baselines3/stable_baselines3.egg-info/requires.txt
[0.757s] writing top-level names to build/stable_baselines3/stable_baselines3.egg-info/top_level.txt
[0.758s] reading manifest file 'build/stable_baselines3/stable_baselines3.egg-info/SOURCES.txt'
[0.759s] adding license file 'LICENSE'
[0.759s] adding license file 'NOTICE'
[0.759s] writing manifest file 'build/stable_baselines3/stable_baselines3.egg-info/SOURCES.txt'
[0.759s] running build
[0.759s] running build_py
[0.762s] running install
[0.762s] running install_lib
[0.764s] running install_egg_info
[0.765s] removing '/home/ahmo030/ros2-migration/arena/utils/stable-baselines3/install/stable_baselines3/lib/python3.10/site-packages/stable_baselines3-2.1.0-py3.10.egg-info' (and everything under it)
[0.765s] Copying build/stable_baselines3/stable_baselines3.egg-info to /home/ahmo030/ros2-migration/arena/utils/stable-baselines3/install/stable_baselines3/lib/python3.10/site-packages/stable_baselines3-2.1.0-py3.10.egg-info
[0.765s] running install_scripts
[0.779s] writing list of installed files to '/home/ahmo030/ros2-migration/arena/utils/stable-baselines3/build/stable_baselines3/install.log'
[0.791s] Invoked command in '/home/ahmo030/ros2-migration/arena/utils/stable-baselines3' returned '0': PYTHONPATH=/home/ahmo030/ros2-migration/arena/utils/stable-baselines3/build/stable_baselines3/prefix_override:/home/ahmo030/ros2-migration/arena/utils/stable-baselines3/install/stable_baselines3/lib/python3.10/site-packages:${PYTHONPATH} /usr/bin/python3 -W ignore:setup.py install is deprecated setup.py egg_info --egg-base build/stable_baselines3 build --build-base /home/ahmo030/ros2-migration/arena/utils/stable-baselines3/build/stable_baselines3/build install --record /home/ahmo030/ros2-migration/arena/utils/stable-baselines3/build/stable_baselines3/install.log --single-version-externally-managed
