[0.026s] Invoking command in '/ros2-migration/build/tiago_description_calibration': /usr/bin/cmake /ros2-migration/arena/utils/3rd-party-robot-packages/tiago/tiago_description_calibration -DCMAKE_INSTALL_PREFIX=/ros2-migration/install/tiago_description_calibration
[0.091s] -- Found ament_cmake: 1.3.9 (/opt/ros/humble/share/ament_cmake/cmake)
[0.617s] -- Found Python3: /usr/bin/python3 (found version "3.10.12") found components: Interpreter 
[0.857s] [31mCMake Error at CMakeLists.txt:12 (find_package):
[0.857s]   By not providing "Findcatkin.cmake" in CMAKE_MODULE_PATH this project has
[0.857s]   asked CMake to find a package configuration file provided by "catkin", but
[0.858s]   CMake did not find one.
[0.858s] 
[0.858s]   Could not find a package configuration file provided by "catkin" with any
[0.859s]   of the following names:
[0.859s] 
[0.859s]     catkinConfig.cmake
[0.859s]     catkin-config.cmake
[0.860s] 
[0.860s]   Add the installation prefix of "catkin" to CMAKE_PREFIX_PATH or set
[0.860s]   "catkin_DIR" to a directory containing one of the above files.  If "catkin"
[0.861s]   provides a separate development package or SDK, be sure it has been
[0.861s]   installed.
[0.861s] 
[0.862s] [0m
[0.862s] -- Configuring incomplete, errors occurred!
[0.862s] See also "/ros2-migration/build/tiago_description_calibration/CMakeFiles/CMakeOutput.log".
