-- Install configuration: ""
-- Installing: /ros2-migration/install/tiago_controller_configuration/share/tiago_controller_configuration/config
-- Installing: /ros2-migration/install/tiago_controller_configuration/share/tiago_controller_configuration/config/pal-gripper_gravity_compensation_with_controller_wrist_controller.yaml
-- Installing: /ros2-migration/install/tiago_controller_configuration/share/tiago_controller_configuration/config/joint_state_controller_extra_joints.yaml
-- Installing: /ros2-migration/install/tiago_controller_configuration/share/tiago_controller_configuration/config/pids.yaml
-- Installing: /ros2-migration/install/tiago_controller_configuration/share/tiago_controller_configuration/config/robotiq-2f-140_joint_trajectory_controllers.yaml
-- Installing: /ros2-migration/install/tiago_controller_configuration/share/tiago_controller_configuration/config/schunk-wsg_gravity_compensation_with_controller_wrist_controller.yaml
-- Installing: /ros2-migration/install/tiago_controller_configuration/share/tiago_controller_configuration/config/robotiq-epick_joint_effort_controller.yaml
-- Installing: /ros2-migration/install/tiago_controller_configuration/share/tiago_controller_configuration/config/joint_impedance_trajectory_controllers.yaml
-- Installing: /ros2-migration/install/tiago_controller_configuration/share/tiago_controller_configuration/config/joint_state_controller_extra_joints_omni.yaml
-- Installing: /ros2-migration/install/tiago_controller_configuration/share/tiago_controller_configuration/config/robotiq-2f-85_gravity_compensation_with_controller_wrist_controller.yaml
-- Installing: /ros2-migration/install/tiago_controller_configuration/share/tiago_controller_configuration/config/mobile_base_controller_multipliers_omni.yaml
-- Installing: /ros2-migration/install/tiago_controller_configuration/share/tiago_controller_configuration/config/custom_gravity_compensation_with_controller_wrist_controller.yaml
-- Installing: /ros2-migration/install/tiago_controller_configuration/share/tiago_controller_configuration/config/robotiq-2f-85_joint_trajectory_controllers.yaml
-- Installing: /ros2-migration/install/tiago_controller_configuration/share/tiago_controller_configuration/config/pal-hey5_joint_trajectory_controllers.yaml
-- Installing: /ros2-migration/install/tiago_controller_configuration/share/tiago_controller_configuration/config/mobile_base_controller_multipliers.yaml
-- Installing: /ros2-migration/install/tiago_controller_configuration/share/tiago_controller_configuration/config/current_limit_controllers.yaml
-- Installing: /ros2-migration/install/tiago_controller_configuration/share/tiago_controller_configuration/config/cartesian_impedance.yaml
-- Installing: /ros2-migration/install/tiago_controller_configuration/share/tiago_controller_configuration/config/mobile_base_controller_omni.yaml
-- Installing: /ros2-migration/install/tiago_controller_configuration/share/tiago_controller_configuration/config/pal-hey5_gravity_compensation_with_controller_wrist_controller.yaml
-- Installing: /ros2-migration/install/tiago_controller_configuration/share/tiago_controller_configuration/config/schunk-wsg_joint_trajectory_controllers.yaml
-- Installing: /ros2-migration/install/tiago_controller_configuration/share/tiago_controller_configuration/config/default_safety_parameters.yaml
-- Installing: /ros2-migration/install/tiago_controller_configuration/share/tiago_controller_configuration/config/pal-gripper_joint_trajectory_controllers.yaml
-- Installing: /ros2-migration/install/tiago_controller_configuration/share/tiago_controller_configuration/config/mobile_base_controller.yaml
-- Installing: /ros2-migration/install/tiago_controller_configuration/share/tiago_controller_configuration/config/no-ee_gravity_compensation_with_controller_wrist_controller.yaml
-- Installing: /ros2-migration/install/tiago_controller_configuration/share/tiago_controller_configuration/config/current_limit_controllers_omni.yaml
-- Installing: /ros2-migration/install/tiago_controller_configuration/share/tiago_controller_configuration/config/joint_trajectory_controllers.yaml
-- Installing: /ros2-migration/install/tiago_controller_configuration/share/tiago_controller_configuration/config/robotiq-epick_gravity_compensation_with_controller_wrist_controller.yaml
-- Installing: /ros2-migration/install/tiago_controller_configuration/share/tiago_controller_configuration/config/local_joint_control
-- Installing: /ros2-migration/install/tiago_controller_configuration/share/tiago_controller_configuration/config/local_joint_control/actuator_parameters
-- Installing: /ros2-migration/install/tiago_controller_configuration/share/tiago_controller_configuration/config/local_joint_control/actuator_parameters/arm_1_joint.yaml
-- Installing: /ros2-migration/install/tiago_controller_configuration/share/tiago_controller_configuration/config/local_joint_control/actuator_parameters/head_1_joint.yaml
-- Installing: /ros2-migration/install/tiago_controller_configuration/share/tiago_controller_configuration/config/local_joint_control/actuator_parameters/arm_6_joint_safety.yaml
-- Installing: /ros2-migration/install/tiago_controller_configuration/share/tiago_controller_configuration/config/local_joint_control/actuator_parameters/arm_1_joint_safety.yaml
-- Installing: /ros2-migration/install/tiago_controller_configuration/share/tiago_controller_configuration/config/local_joint_control/actuator_parameters/head_2_joint.yaml
-- Installing: /ros2-migration/install/tiago_controller_configuration/share/tiago_controller_configuration/config/local_joint_control/actuator_parameters/arm_5_joint_safety.yaml
-- Installing: /ros2-migration/install/tiago_controller_configuration/share/tiago_controller_configuration/config/local_joint_control/actuator_parameters/arm_6_joint.yaml
-- Installing: /ros2-migration/install/tiago_controller_configuration/share/tiago_controller_configuration/config/local_joint_control/actuator_parameters/arm_7_joint.yaml
-- Installing: /ros2-migration/install/tiago_controller_configuration/share/tiago_controller_configuration/config/local_joint_control/actuator_parameters/arm_3_joint.yaml
-- Installing: /ros2-migration/install/tiago_controller_configuration/share/tiago_controller_configuration/config/local_joint_control/actuator_parameters/arm_4_joint_safety.yaml
-- Installing: /ros2-migration/install/tiago_controller_configuration/share/tiago_controller_configuration/config/local_joint_control/actuator_parameters/arm_7_joint_safety.yaml
-- Installing: /ros2-migration/install/tiago_controller_configuration/share/tiago_controller_configuration/config/local_joint_control/actuator_parameters/arm_5_joint.yaml
-- Installing: /ros2-migration/install/tiago_controller_configuration/share/tiago_controller_configuration/config/local_joint_control/actuator_parameters/arm_4_joint.yaml
-- Installing: /ros2-migration/install/tiago_controller_configuration/share/tiago_controller_configuration/config/local_joint_control/actuator_parameters/actuator_safety_specific_params.yaml
-- Installing: /ros2-migration/install/tiago_controller_configuration/share/tiago_controller_configuration/config/local_joint_control/actuator_parameters/arm_2_joint_safety.yaml
-- Installing: /ros2-migration/install/tiago_controller_configuration/share/tiago_controller_configuration/config/local_joint_control/actuator_parameters/arm_3_joint_safety.yaml
-- Installing: /ros2-migration/install/tiago_controller_configuration/share/tiago_controller_configuration/config/local_joint_control/actuator_parameters/arm_2_joint.yaml
-- Installing: /ros2-migration/install/tiago_controller_configuration/share/tiago_controller_configuration/config/local_joint_control/actuator_parameters/torso_lift_joint.yaml
-- Installing: /ros2-migration/install/tiago_controller_configuration/share/tiago_controller_configuration/config/local_joint_control/actuator_parameters/actuator_parameters_specific_params.yaml
-- Installing: /ros2-migration/install/tiago_controller_configuration/share/tiago_controller_configuration/config/local_joint_control/direct_effort_control
-- Installing: /ros2-migration/install/tiago_controller_configuration/share/tiago_controller_configuration/config/local_joint_control/direct_effort_control/arm_1_joint.yaml
-- Installing: /ros2-migration/install/tiago_controller_configuration/share/tiago_controller_configuration/config/local_joint_control/direct_effort_control/arm_6_joint.yaml
-- Installing: /ros2-migration/install/tiago_controller_configuration/share/tiago_controller_configuration/config/local_joint_control/direct_effort_control/arm_7_joint.yaml
-- Installing: /ros2-migration/install/tiago_controller_configuration/share/tiago_controller_configuration/config/local_joint_control/direct_effort_control/arm_3_joint.yaml
-- Installing: /ros2-migration/install/tiago_controller_configuration/share/tiago_controller_configuration/config/local_joint_control/direct_effort_control/arm_5_joint.yaml
-- Installing: /ros2-migration/install/tiago_controller_configuration/share/tiago_controller_configuration/config/local_joint_control/direct_effort_control/arm_4_joint.yaml
-- Installing: /ros2-migration/install/tiago_controller_configuration/share/tiago_controller_configuration/config/local_joint_control/direct_effort_control/arm_2_joint.yaml
-- Installing: /ros2-migration/install/tiago_controller_configuration/share/tiago_controller_configuration/config/local_joint_control/no_control
-- Installing: /ros2-migration/install/tiago_controller_configuration/share/tiago_controller_configuration/config/local_joint_control/no_control/arm_7_joint_params.yaml
-- Installing: /ros2-migration/install/tiago_controller_configuration/share/tiago_controller_configuration/config/local_joint_control/no_control/arm_4_joint_params.yaml
-- Installing: /ros2-migration/install/tiago_controller_configuration/share/tiago_controller_configuration/config/local_joint_control/no_control/arm_2_joint_params.yaml
-- Installing: /ros2-migration/install/tiago_controller_configuration/share/tiago_controller_configuration/config/local_joint_control/no_control/arm_1_joint_params.yaml
-- Installing: /ros2-migration/install/tiago_controller_configuration/share/tiago_controller_configuration/config/local_joint_control/no_control/torso_lift_joint_params.yaml
-- Installing: /ros2-migration/install/tiago_controller_configuration/share/tiago_controller_configuration/config/local_joint_control/no_control/arm_5_joint_params.yaml
-- Installing: /ros2-migration/install/tiago_controller_configuration/share/tiago_controller_configuration/config/local_joint_control/no_control/arm_3_joint_params.yaml
-- Installing: /ros2-migration/install/tiago_controller_configuration/share/tiago_controller_configuration/config/local_joint_control/no_control/arm_6_joint_params.yaml
-- Installing: /ros2-migration/install/tiago_controller_configuration/share/tiago_controller_configuration/config/robotiq-2f-140_gravity_compensation_with_controller_wrist_controller.yaml
-- Installing: /ros2-migration/install/tiago_controller_configuration/share/tiago_controller_configuration/launch
-- Installing: /ros2-migration/install/tiago_controller_configuration/share/tiago_controller_configuration/launch/imu_controller.launch.py
-- Installing: /ros2-migration/install/tiago_controller_configuration/share/tiago_controller_configuration/launch/gripper_controller.launch.py
-- Installing: /ros2-migration/install/tiago_controller_configuration/share/tiago_controller_configuration/launch/joint_state_controller.launch.py
-- Installing: /ros2-migration/install/tiago_controller_configuration/share/tiago_controller_configuration/launch/wbc_controllers.launch.py
-- Installing: /ros2-migration/install/tiago_controller_configuration/share/tiago_controller_configuration/launch/hey5_controller.launch.py
-- Installing: /ros2-migration/install/tiago_controller_configuration/share/tiago_controller_configuration/launch/default_controllers.launch.py
-- Installing: /ros2-migration/install/tiago_controller_configuration/share/tiago_controller_configuration/launch/cartesian_impedance_controller.launch.py
-- Installing: /ros2-migration/install/tiago_controller_configuration/share/tiago_controller_configuration/launch/gravity_compensation.launch.py
-- Installing: /ros2-migration/install/tiago_controller_configuration/share/tiago_controller_configuration/launch/local_joint_control
-- Installing: /ros2-migration/install/tiago_controller_configuration/share/tiago_controller_configuration/launch/local_joint_control/direct_control.launch.py
-- Installing: /ros2-migration/install/tiago_controller_configuration/share/tiago_controller_configuration/launch/current_limit_controllers.launch.py
-- Installing: /ros2-migration/install/tiago_controller_configuration/share/tiago_controller_configuration/launch/force_torque_controller.launch.py
-- Installing: /ros2-migration/install/tiago_controller_configuration/share/tiago_controller_configuration/launch/tiago_controllers.launch.py
-- Installing: /ros2-migration/install/tiago_controller_configuration/share/tiago_controller_configuration/launch/impedance_controller.launch.py
-- Installing: /ros2-migration/install/tiago_controller_configuration/share/ament_index/resource_index/package_run_dependencies/tiago_controller_configuration
-- Installing: /ros2-migration/install/tiago_controller_configuration/share/ament_index/resource_index/parent_prefix_path/tiago_controller_configuration
-- Installing: /ros2-migration/install/tiago_controller_configuration/share/tiago_controller_configuration/environment/ament_prefix_path.sh
-- Installing: /ros2-migration/install/tiago_controller_configuration/share/tiago_controller_configuration/environment/ament_prefix_path.dsv
-- Installing: /ros2-migration/install/tiago_controller_configuration/share/tiago_controller_configuration/environment/path.sh
-- Installing: /ros2-migration/install/tiago_controller_configuration/share/tiago_controller_configuration/environment/path.dsv
-- Installing: /ros2-migration/install/tiago_controller_configuration/share/tiago_controller_configuration/local_setup.bash
-- Installing: /ros2-migration/install/tiago_controller_configuration/share/tiago_controller_configuration/local_setup.sh
-- Installing: /ros2-migration/install/tiago_controller_configuration/share/tiago_controller_configuration/local_setup.zsh
-- Installing: /ros2-migration/install/tiago_controller_configuration/share/tiago_controller_configuration/local_setup.dsv
-- Installing: /ros2-migration/install/tiago_controller_configuration/share/tiago_controller_configuration/package.dsv
-- Installing: /ros2-migration/install/tiago_controller_configuration/share/ament_index/resource_index/packages/tiago_controller_configuration
-- Installing: /ros2-migration/install/tiago_controller_configuration/share/tiago_controller_configuration/cmake/ament_cmake_export_dependencies-extras.cmake
-- Installing: /ros2-migration/install/tiago_controller_configuration/share/tiago_controller_configuration/cmake/tiago_controller_configurationConfig.cmake
-- Installing: /ros2-migration/install/tiago_controller_configuration/share/tiago_controller_configuration/cmake/tiago_controller_configurationConfig-version.cmake
-- Installing: /ros2-migration/install/tiago_controller_configuration/share/tiago_controller_configuration/package.xml
