[0.031s] Invoking command in '/ros2-migration/build/tiago_controller_configuration': CMAKE_PREFIX_PATH=/opt/ros/humble /usr/bin/cmake --build /ros2-migration/build/tiago_controller_configuration -- -j8 -l8
[0.133s] Invoked command in '/ros2-migration/build/tiago_controller_configuration' returned '0': CMAKE_PREFIX_PATH=/opt/ros/humble /usr/bin/cmake --build /ros2-migration/build/tiago_controller_configuration -- -j8 -l8
[0.244s] Invoking command in '/ros2-migration/build/tiago_controller_configuration': CMAKE_PREFIX_PATH=/opt/ros/humble /usr/bin/cmake --install /ros2-migration/build/tiago_controller_configuration
[0.346s] -- Install configuration: ""
[0.346s] -- Installing: /ros2-migration/install/tiago_controller_configuration/share/tiago_controller_configuration/config
[0.346s] -- Installing: /ros2-migration/install/tiago_controller_configuration/share/tiago_controller_configuration/config/pal-gripper_gravity_compensation_with_controller_wrist_controller.yaml
[0.346s] -- Installing: /ros2-migration/install/tiago_controller_configuration/share/tiago_controller_configuration/config/joint_state_controller_extra_joints.yaml
[0.346s] -- Installing: /ros2-migration/install/tiago_controller_configuration/share/tiago_controller_configuration/config/pids.yaml
[0.347s] -- Installing: /ros2-migration/install/tiago_controller_configuration/share/tiago_controller_configuration/config/robotiq-2f-140_joint_trajectory_controllers.yaml
[0.347s] -- Installing: /ros2-migration/install/tiago_controller_configuration/share/tiago_controller_configuration/config/schunk-wsg_gravity_compensation_with_controller_wrist_controller.yaml
[0.347s] -- Installing: /ros2-migration/install/tiago_controller_configuration/share/tiago_controller_configuration/config/robotiq-epick_joint_effort_controller.yaml
[0.347s] -- Installing: /ros2-migration/install/tiago_controller_configuration/share/tiago_controller_configuration/config/joint_impedance_trajectory_controllers.yaml
[0.347s] -- Installing: /ros2-migration/install/tiago_controller_configuration/share/tiago_controller_configuration/config/joint_state_controller_extra_joints_omni.yaml
[0.347s] -- Installing: /ros2-migration/install/tiago_controller_configuration/share/tiago_controller_configuration/config/robotiq-2f-85_gravity_compensation_with_controller_wrist_controller.yaml
[0.348s] -- Installing: /ros2-migration/install/tiago_controller_configuration/share/tiago_controller_configuration/config/mobile_base_controller_multipliers_omni.yaml
[0.348s] -- Installing: /ros2-migration/install/tiago_controller_configuration/share/tiago_controller_configuration/config/custom_gravity_compensation_with_controller_wrist_controller.yaml
[0.348s] -- Installing: /ros2-migration/install/tiago_controller_configuration/share/tiago_controller_configuration/config/robotiq-2f-85_joint_trajectory_controllers.yaml
[0.348s] -- Installing: /ros2-migration/install/tiago_controller_configuration/share/tiago_controller_configuration/config/pal-hey5_joint_trajectory_controllers.yaml
[0.348s] -- Installing: /ros2-migration/install/tiago_controller_configuration/share/tiago_controller_configuration/config/mobile_base_controller_multipliers.yaml
[0.348s] -- Installing: /ros2-migration/install/tiago_controller_configuration/share/tiago_controller_configuration/config/current_limit_controllers.yaml
[0.348s] -- Installing: /ros2-migration/install/tiago_controller_configuration/share/tiago_controller_configuration/config/cartesian_impedance.yaml
[0.348s] -- Installing: /ros2-migration/install/tiago_controller_configuration/share/tiago_controller_configuration/config/mobile_base_controller_omni.yaml
[0.348s] -- Installing: /ros2-migration/install/tiago_controller_configuration/share/tiago_controller_configuration/config/pal-hey5_gravity_compensation_with_controller_wrist_controller.yaml
[0.348s] -- Installing: /ros2-migration/install/tiago_controller_configuration/share/tiago_controller_configuration/config/schunk-wsg_joint_trajectory_controllers.yaml
[0.348s] -- Installing: /ros2-migration/install/tiago_controller_configuration/share/tiago_controller_configuration/config/default_safety_parameters.yaml
[0.348s] -- Installing: /ros2-migration/install/tiago_controller_configuration/share/tiago_controller_configuration/config/pal-gripper_joint_trajectory_controllers.yaml
[0.348s] -- Installing: /ros2-migration/install/tiago_controller_configuration/share/tiago_controller_configuration/config/mobile_base_controller.yaml
[0.348s] -- Installing: /ros2-migration/install/tiago_controller_configuration/share/tiago_controller_configuration/config/no-ee_gravity_compensation_with_controller_wrist_controller.yaml
[0.348s] -- Installing: /ros2-migration/install/tiago_controller_configuration/share/tiago_controller_configuration/config/current_limit_controllers_omni.yaml
[0.349s] -- Installing: /ros2-migration/install/tiago_controller_configuration/share/tiago_controller_configuration/config/joint_trajectory_controllers.yaml
[0.349s] -- Installing: /ros2-migration/install/tiago_controller_configuration/share/tiago_controller_configuration/config/robotiq-epick_gravity_compensation_with_controller_wrist_controller.yaml
[0.350s] -- Installing: /ros2-migration/install/tiago_controller_configuration/share/tiago_controller_configuration/config/local_joint_control
[0.350s] -- Installing: /ros2-migration/install/tiago_controller_configuration/share/tiago_controller_configuration/config/local_joint_control/actuator_parameters
[0.350s] -- Installing: /ros2-migration/install/tiago_controller_configuration/share/tiago_controller_configuration/config/local_joint_control/actuator_parameters/arm_1_joint.yaml
[0.350s] -- Installing: /ros2-migration/install/tiago_controller_configuration/share/tiago_controller_configuration/config/local_joint_control/actuator_parameters/head_1_joint.yaml
[0.350s] -- Installing: /ros2-migration/install/tiago_controller_configuration/share/tiago_controller_configuration/config/local_joint_control/actuator_parameters/arm_6_joint_safety.yaml
[0.350s] -- Installing: /ros2-migration/install/tiago_controller_configuration/share/tiago_controller_configuration/config/local_joint_control/actuator_parameters/arm_1_joint_safety.yaml
[0.350s] -- Installing: /ros2-migration/install/tiago_controller_configuration/share/tiago_controller_configuration/config/local_joint_control/actuator_parameters/head_2_joint.yaml
[0.350s] -- Installing: /ros2-migration/install/tiago_controller_configuration/share/tiago_controller_configuration/config/local_joint_control/actuator_parameters/arm_5_joint_safety.yaml
[0.350s] -- Installing: /ros2-migration/install/tiago_controller_configuration/share/tiago_controller_configuration/config/local_joint_control/actuator_parameters/arm_6_joint.yaml
[0.350s] -- Installing: /ros2-migration/install/tiago_controller_configuration/share/tiago_controller_configuration/config/local_joint_control/actuator_parameters/arm_7_joint.yaml
[0.350s] -- Installing: /ros2-migration/install/tiago_controller_configuration/share/tiago_controller_configuration/config/local_joint_control/actuator_parameters/arm_3_joint.yaml
[0.350s] -- Installing: /ros2-migration/install/tiago_controller_configuration/share/tiago_controller_configuration/config/local_joint_control/actuator_parameters/arm_4_joint_safety.yaml
[0.350s] -- Installing: /ros2-migration/install/tiago_controller_configuration/share/tiago_controller_configuration/config/local_joint_control/actuator_parameters/arm_7_joint_safety.yaml
[0.351s] -- Installing: /ros2-migration/install/tiago_controller_configuration/share/tiago_controller_configuration/config/local_joint_control/actuator_parameters/arm_5_joint.yaml
[0.351s] -- Installing: /ros2-migration/install/tiago_controller_configuration/share/tiago_controller_configuration/config/local_joint_control/actuator_parameters/arm_4_joint.yaml
[0.351s] -- Installing: /ros2-migration/install/tiago_controller_configuration/share/tiago_controller_configuration/config/local_joint_control/actuator_parameters/actuator_safety_specific_params.yaml
[0.351s] -- Installing: /ros2-migration/install/tiago_controller_configuration/share/tiago_controller_configuration/config/local_joint_control/actuator_parameters/arm_2_joint_safety.yaml
[0.351s] -- Installing: /ros2-migration/install/tiago_controller_configuration/share/tiago_controller_configuration/config/local_joint_control/actuator_parameters/arm_3_joint_safety.yaml
[0.351s] -- Installing: /ros2-migration/install/tiago_controller_configuration/share/tiago_controller_configuration/config/local_joint_control/actuator_parameters/arm_2_joint.yaml
[0.351s] -- Installing: /ros2-migration/install/tiago_controller_configuration/share/tiago_controller_configuration/config/local_joint_control/actuator_parameters/torso_lift_joint.yaml
[0.351s] -- Installing: /ros2-migration/install/tiago_controller_configuration/share/tiago_controller_configuration/config/local_joint_control/actuator_parameters/actuator_parameters_specific_params.yaml
[0.351s] -- Installing: /ros2-migration/install/tiago_controller_configuration/share/tiago_controller_configuration/config/local_joint_control/direct_effort_control
[0.351s] -- Installing: /ros2-migration/install/tiago_controller_configuration/share/tiago_controller_configuration/config/local_joint_control/direct_effort_control/arm_1_joint.yaml
[0.351s] -- Installing: /ros2-migration/install/tiago_controller_configuration/share/tiago_controller_configuration/config/local_joint_control/direct_effort_control/arm_6_joint.yaml
[0.351s] -- Installing: /ros2-migration/install/tiago_controller_configuration/share/tiago_controller_configuration/config/local_joint_control/direct_effort_control/arm_7_joint.yaml
[0.351s] -- Installing: /ros2-migration/install/tiago_controller_configuration/share/tiago_controller_configuration/config/local_joint_control/direct_effort_control/arm_3_joint.yaml
[0.352s] -- Installing: /ros2-migration/install/tiago_controller_configuration/share/tiago_controller_configuration/config/local_joint_control/direct_effort_control/arm_5_joint.yaml
[0.352s] -- Installing: /ros2-migration/install/tiago_controller_configuration/share/tiago_controller_configuration/config/local_joint_control/direct_effort_control/arm_4_joint.yaml
[0.352s] -- Installing: /ros2-migration/install/tiago_controller_configuration/share/tiago_controller_configuration/config/local_joint_control/direct_effort_control/arm_2_joint.yaml
[0.352s] -- Installing: /ros2-migration/install/tiago_controller_configuration/share/tiago_controller_configuration/config/local_joint_control/no_control
[0.352s] -- Installing: /ros2-migration/install/tiago_controller_configuration/share/tiago_controller_configuration/config/local_joint_control/no_control/arm_7_joint_params.yaml
[0.352s] -- Installing: /ros2-migration/install/tiago_controller_configuration/share/tiago_controller_configuration/config/local_joint_control/no_control/arm_4_joint_params.yaml
[0.352s] -- Installing: /ros2-migration/install/tiago_controller_configuration/share/tiago_controller_configuration/config/local_joint_control/no_control/arm_2_joint_params.yaml
[0.352s] -- Installing: /ros2-migration/install/tiago_controller_configuration/share/tiago_controller_configuration/config/local_joint_control/no_control/arm_1_joint_params.yaml
[0.352s] -- Installing: /ros2-migration/install/tiago_controller_configuration/share/tiago_controller_configuration/config/local_joint_control/no_control/torso_lift_joint_params.yaml
[0.352s] -- Installing: /ros2-migration/install/tiago_controller_configuration/share/tiago_controller_configuration/config/local_joint_control/no_control/arm_5_joint_params.yaml
[0.352s] -- Installing: /ros2-migration/install/tiago_controller_configuration/share/tiago_controller_configuration/config/local_joint_control/no_control/arm_3_joint_params.yaml
[0.352s] -- Installing: /ros2-migration/install/tiago_controller_configuration/share/tiago_controller_configuration/config/local_joint_control/no_control/arm_6_joint_params.yaml
[0.352s] -- Installing: /ros2-migration/install/tiago_controller_configuration/share/tiago_controller_configuration/config/robotiq-2f-140_gravity_compensation_with_controller_wrist_controller.yaml
[0.352s] -- Installing: /ros2-migration/install/tiago_controller_configuration/share/tiago_controller_configuration/launch
[0.352s] -- Installing: /ros2-migration/install/tiago_controller_configuration/share/tiago_controller_configuration/launch/imu_controller.launch.py
[0.353s] -- Installing: /ros2-migration/install/tiago_controller_configuration/share/tiago_controller_configuration/launch/gripper_controller.launch.py
[0.353s] -- Installing: /ros2-migration/install/tiago_controller_configuration/share/tiago_controller_configuration/launch/joint_state_controller.launch.py
[0.353s] -- Installing: /ros2-migration/install/tiago_controller_configuration/share/tiago_controller_configuration/launch/wbc_controllers.launch.py
[0.353s] -- Installing: /ros2-migration/install/tiago_controller_configuration/share/tiago_controller_configuration/launch/hey5_controller.launch.py
[0.353s] -- Installing: /ros2-migration/install/tiago_controller_configuration/share/tiago_controller_configuration/launch/default_controllers.launch.py
[0.353s] -- Installing: /ros2-migration/install/tiago_controller_configuration/share/tiago_controller_configuration/launch/cartesian_impedance_controller.launch.py
[0.353s] -- Installing: /ros2-migration/install/tiago_controller_configuration/share/tiago_controller_configuration/launch/gravity_compensation.launch.py
[0.353s] -- Installing: /ros2-migration/install/tiago_controller_configuration/share/tiago_controller_configuration/launch/local_joint_control
[0.353s] -- Installing: /ros2-migration/install/tiago_controller_configuration/share/tiago_controller_configuration/launch/local_joint_control/direct_control.launch.py
[0.353s] -- Installing: /ros2-migration/install/tiago_controller_configuration/share/tiago_controller_configuration/launch/current_limit_controllers.launch.py
[0.353s] -- Installing: /ros2-migration/install/tiago_controller_configuration/share/tiago_controller_configuration/launch/force_torque_controller.launch.py
[0.353s] -- Installing: /ros2-migration/install/tiago_controller_configuration/share/tiago_controller_configuration/launch/tiago_controllers.launch.py
[0.353s] -- Installing: /ros2-migration/install/tiago_controller_configuration/share/tiago_controller_configuration/launch/impedance_controller.launch.py
[0.353s] -- Installing: /ros2-migration/install/tiago_controller_configuration/share/ament_index/resource_index/package_run_dependencies/tiago_controller_configuration
[0.354s] -- Installing: /ros2-migration/install/tiago_controller_configuration/share/ament_index/resource_index/parent_prefix_path/tiago_controller_configuration
[0.354s] -- Installing: /ros2-migration/install/tiago_controller_configuration/share/tiago_controller_configuration/environment/ament_prefix_path.sh
[0.354s] -- Installing: /ros2-migration/install/tiago_controller_configuration/share/tiago_controller_configuration/environment/ament_prefix_path.dsv
[0.354s] -- Installing: /ros2-migration/install/tiago_controller_configuration/share/tiago_controller_configuration/environment/path.sh
[0.354s] -- Installing: /ros2-migration/install/tiago_controller_configuration/share/tiago_controller_configuration/environment/path.dsv
[0.354s] -- Installing: /ros2-migration/install/tiago_controller_configuration/share/tiago_controller_configuration/local_setup.bash
[0.354s] -- Installing: /ros2-migration/install/tiago_controller_configuration/share/tiago_controller_configuration/local_setup.sh
[0.354s] -- Installing: /ros2-migration/install/tiago_controller_configuration/share/tiago_controller_configuration/local_setup.zsh
[0.354s] -- Installing: /ros2-migration/install/tiago_controller_configuration/share/tiago_controller_configuration/local_setup.dsv
[0.354s] -- Installing: /ros2-migration/install/tiago_controller_configuration/share/tiago_controller_configuration/package.dsv
[0.354s] -- Installing: /ros2-migration/install/tiago_controller_configuration/share/ament_index/resource_index/packages/tiago_controller_configuration
[0.354s] -- Installing: /ros2-migration/install/tiago_controller_configuration/share/tiago_controller_configuration/cmake/ament_cmake_export_dependencies-extras.cmake
[0.354s] -- Installing: /ros2-migration/install/tiago_controller_configuration/share/tiago_controller_configuration/cmake/tiago_controller_configurationConfig.cmake
[0.354s] -- Installing: /ros2-migration/install/tiago_controller_configuration/share/tiago_controller_configuration/cmake/tiago_controller_configurationConfig-version.cmake
[0.355s] -- Installing: /ros2-migration/install/tiago_controller_configuration/share/tiago_controller_configuration/package.xml
