[0.005s] Invoking command in '/home/ahmo030/ros2-migration/arena/utils/3rd-party-robot-packages/tiago/tiago_robot/build/tiago_robot': CMAKE_PREFIX_PATH=/opt/ros/humble:${CMAKE_PREFIX_PATH} /usr/bin/cmake /home/ahmo030/ros2-migration/arena/utils/3rd-party-robot-packages/tiago/tiago_robot -DCMAKE_INSTALL_PREFIX=/home/ahmo030/ros2-migration/arena/utils/3rd-party-robot-packages/tiago/tiago_robot/install/tiago_robot
[0.032s] -- The C compiler identification is GNU 11.4.0
[0.071s] -- The CXX compiler identification is GNU 11.4.0
[0.075s] -- Detecting C compiler ABI info
[0.129s] -- Detecting C compiler ABI info - done
[0.140s] -- Check for working C compiler: /usr/bin/cc - skipped
[0.141s] -- Detecting C compile features
[0.141s] -- Detecting C compile features - done
[0.145s] -- Detecting CXX compiler ABI info
[0.198s] -- Detecting CXX compiler ABI info - done
[0.202s] -- Check for working CXX compiler: /usr/bin/c++ - skipped
[0.202s] -- Detecting CXX compile features
[0.202s] -- Detecting CXX compile features - done
[0.203s] -- Found ament_cmake: 1.3.8 (/opt/ros/humble/share/ament_cmake/cmake)
[0.311s] -- Found Python3: /usr/bin/python3 (found version "3.10.12") found components: Interpreter 
[0.399s] -- Configuring done
[0.400s] -- Generating done
[0.400s] -- Build files have been written to: /home/ahmo030/ros2-migration/arena/utils/3rd-party-robot-packages/tiago/tiago_robot/build/tiago_robot
[0.402s] Invoked command in '/home/ahmo030/ros2-migration/arena/utils/3rd-party-robot-packages/tiago/tiago_robot/build/tiago_robot' returned '0': CMAKE_PREFIX_PATH=/opt/ros/humble:${CMAKE_PREFIX_PATH} /usr/bin/cmake /home/ahmo030/ros2-migration/arena/utils/3rd-party-robot-packages/tiago/tiago_robot -DCMAKE_INSTALL_PREFIX=/home/ahmo030/ros2-migration/arena/utils/3rd-party-robot-packages/tiago/tiago_robot/install/tiago_robot
[0.403s] Invoking command in '/home/ahmo030/ros2-migration/arena/utils/3rd-party-robot-packages/tiago/tiago_robot/build/tiago_robot': CMAKE_PREFIX_PATH=/opt/ros/humble:${CMAKE_PREFIX_PATH} /usr/bin/cmake --build /home/ahmo030/ros2-migration/arena/utils/3rd-party-robot-packages/tiago/tiago_robot/build/tiago_robot -- -j16 -l16
[0.425s] Invoked command in '/home/ahmo030/ros2-migration/arena/utils/3rd-party-robot-packages/tiago/tiago_robot/build/tiago_robot' returned '0': CMAKE_PREFIX_PATH=/opt/ros/humble:${CMAKE_PREFIX_PATH} /usr/bin/cmake --build /home/ahmo030/ros2-migration/arena/utils/3rd-party-robot-packages/tiago/tiago_robot/build/tiago_robot -- -j16 -l16
[0.474s] Invoking command in '/home/ahmo030/ros2-migration/arena/utils/3rd-party-robot-packages/tiago/tiago_robot/build/tiago_robot': CMAKE_PREFIX_PATH=/opt/ros/humble:${CMAKE_PREFIX_PATH} /usr/bin/cmake --install /home/ahmo030/ros2-migration/arena/utils/3rd-party-robot-packages/tiago/tiago_robot/build/tiago_robot
[0.488s] -- Install configuration: ""
[0.489s] -- Installing: /home/ahmo030/ros2-migration/arena/utils/3rd-party-robot-packages/tiago/tiago_robot/install/tiago_robot/share/ament_index/resource_index/package_run_dependencies/tiago_robot
[0.489s] -- Installing: /home/ahmo030/ros2-migration/arena/utils/3rd-party-robot-packages/tiago/tiago_robot/install/tiago_robot/share/ament_index/resource_index/parent_prefix_path/tiago_robot
[0.489s] -- Installing: /home/ahmo030/ros2-migration/arena/utils/3rd-party-robot-packages/tiago/tiago_robot/install/tiago_robot/share/tiago_robot/environment/ament_prefix_path.sh
[0.489s] -- Installing: /home/ahmo030/ros2-migration/arena/utils/3rd-party-robot-packages/tiago/tiago_robot/install/tiago_robot/share/tiago_robot/environment/ament_prefix_path.dsv
[0.489s] -- Installing: /home/ahmo030/ros2-migration/arena/utils/3rd-party-robot-packages/tiago/tiago_robot/install/tiago_robot/share/tiago_robot/environment/path.sh
[0.490s] -- Installing: /home/ahmo030/ros2-migration/arena/utils/3rd-party-robot-packages/tiago/tiago_robot/install/tiago_robot/share/tiago_robot/environment/path.dsv
[0.490s] -- Installing: /home/ahmo030/ros2-migration/arena/utils/3rd-party-robot-packages/tiago/tiago_robot/install/tiago_robot/share/tiago_robot/local_setup.bash
[0.490s] -- Installing: /home/ahmo030/ros2-migration/arena/utils/3rd-party-robot-packages/tiago/tiago_robot/install/tiago_robot/share/tiago_robot/local_setup.sh
[0.490s] -- Installing: /home/ahmo030/ros2-migration/arena/utils/3rd-party-robot-packages/tiago/tiago_robot/install/tiago_robot/share/tiago_robot/local_setup.zsh
[0.490s] -- Installing: /home/ahmo030/ros2-migration/arena/utils/3rd-party-robot-packages/tiago/tiago_robot/install/tiago_robot/share/tiago_robot/local_setup.dsv
[0.490s] -- Installing: /home/ahmo030/ros2-migration/arena/utils/3rd-party-robot-packages/tiago/tiago_robot/install/tiago_robot/share/tiago_robot/package.dsv
[0.490s] -- Installing: /home/ahmo030/ros2-migration/arena/utils/3rd-party-robot-packages/tiago/tiago_robot/install/tiago_robot/share/ament_index/resource_index/packages/tiago_robot
[0.491s] -- Installing: /home/ahmo030/ros2-migration/arena/utils/3rd-party-robot-packages/tiago/tiago_robot/install/tiago_robot/share/tiago_robot/cmake/tiago_robotConfig.cmake
[0.491s] -- Installing: /home/ahmo030/ros2-migration/arena/utils/3rd-party-robot-packages/tiago/tiago_robot/install/tiago_robot/share/tiago_robot/cmake/tiago_robotConfig-version.cmake
[0.491s] -- Installing: /home/ahmo030/ros2-migration/arena/utils/3rd-party-robot-packages/tiago/tiago_robot/install/tiago_robot/share/tiago_robot/package.xml
[0.492s] Invoked command in '/home/ahmo030/ros2-migration/arena/utils/3rd-party-robot-packages/tiago/tiago_robot/build/tiago_robot' returned '0': CMAKE_PREFIX_PATH=/opt/ros/humble:${CMAKE_PREFIX_PATH} /usr/bin/cmake --install /home/ahmo030/ros2-migration/arena/utils/3rd-party-robot-packages/tiago/tiago_robot/build/tiago_robot
