[0.005s] Invoking command in '/home/ahmo030/ros2-migration/arena/utils/unitree_ros/unitree_ros/unitree_legged_control/build/unitree_legged_control': CMAKE_PREFIX_PATH=/opt/ros/humble:${CMAKE_PREFIX_PATH} /usr/bin/cmake /home/ahmo030/ros2-migration/arena/utils/unitree_ros/unitree_ros/unitree_legged_control -DCMAKE_INSTALL_PREFIX=/home/ahmo030/ros2-migration/arena/utils/unitree_ros/unitree_ros/unitree_legged_control/install/unitree_legged_control
[0.011s] -- Found ament_cmake: 1.3.8 (/opt/ros/humble/share/ament_cmake/cmake)
[0.080s] -- Found hardware_interface: 2.40.0 (/opt/ros/humble/share/hardware_interface/cmake)
[0.097s] -- Found rosidl_generator_c: 3.1.5 (/opt/ros/humble/share/rosidl_generator_c/cmake)
[0.098s] -- Found rosidl_adapter: 3.1.5 (/opt/ros/humble/share/rosidl_adapter/cmake)
[0.102s] -- Found rosidl_generator_cpp: 3.1.5 (/opt/ros/humble/share/rosidl_generator_cpp/cmake)
[0.107s] -- Using all available rosidl_typesupport_c: rosidl_typesupport_fastrtps_c;rosidl_typesupport_introspection_c
[0.115s] -- Using all available rosidl_typesupport_cpp: rosidl_typesupport_fastrtps_cpp;rosidl_typesupport_introspection_cpp
[0.457s] -- Found rmw_implementation_cmake: 6.1.1 (/opt/ros/humble/share/rmw_implementation_cmake/cmake)
[0.458s] -- Found rmw_fastrtps_cpp: 6.2.6 (/opt/ros/humble/share/rmw_fastrtps_cpp/cmake)
[0.474s] -- Found TinyXML2 via Config file: TinyXML2_DIR-NOTFOUND
[0.479s] -- Found TinyXML2 via Config file: TinyXML2_DIR-NOTFOUND
[0.492s] -- Found TinyXML2 via Config file: TinyXML2_DIR-NOTFOUND
[0.496s] -- Found TinyXML2 via Config file: TinyXML2_DIR-NOTFOUND
[0.502s] -- Using RMW implementation 'rmw_fastrtps_cpp' as default
[0.596s] CMake Error at CMakeLists.txt:13 (find_package):
[0.596s]   By not providing "Findunitree_legged_msgs.cmake" in CMAKE_MODULE_PATH this
[0.596s]   project has asked CMake to find a package configuration file provided by
[0.596s]   "unitree_legged_msgs", but CMake did not find one.
[0.596s] 
[0.596s]   Could not find a package configuration file provided by
[0.596s]   "unitree_legged_msgs" with any of the following names:
[0.596s] 
[0.596s]     unitree_legged_msgsConfig.cmake
[0.596s]     unitree_legged_msgs-config.cmake
[0.596s] 
[0.597s]   Add the installation prefix of "unitree_legged_msgs" to CMAKE_PREFIX_PATH
[0.597s]   or set "unitree_legged_msgs_DIR" to a directory containing one of the above
[0.597s]   files.  If "unitree_legged_msgs" provides a separate development package or
[0.597s]   SDK, be sure it has been installed.
[0.597s] 
[0.597s] 
[0.597s] -- Configuring incomplete, errors occurred!
[0.597s] See also "/home/ahmo030/ros2-migration/arena/utils/unitree_ros/unitree_ros/unitree_legged_control/build/unitree_legged_control/CMakeFiles/CMakeOutput.log".
[0.601s] Invoked command in '/home/ahmo030/ros2-migration/arena/utils/unitree_ros/unitree_ros/unitree_legged_control/build/unitree_legged_control' returned '1': CMAKE_PREFIX_PATH=/opt/ros/humble:${CMAKE_PREFIX_PATH} /usr/bin/cmake /home/ahmo030/ros2-migration/arena/utils/unitree_ros/unitree_ros/unitree_legged_control -DCMAKE_INSTALL_PREFIX=/home/ahmo030/ros2-migration/arena/utils/unitree_ros/unitree_ros/unitree_legged_control/install/unitree_legged_control
