[0.014s] Invoking command in '/ros2-migration/arena/build/plan_msgs': /usr/bin/cmake /ros2-migration/arena/arena-rosnav/utils/ros/msgs/plan_msgs -DCATKIN_INSTALL_INTO_PREFIX_ROOT=0 -DCMAKE_INSTALL_PREFIX=/ros2-migration/arena/install/plan_msgs
[0.080s] -- The C compiler identification is GNU 11.4.0
[0.148s] -- The CXX compiler identification is GNU 11.4.0
[0.183s] -- Detecting C compiler ABI info
[0.294s] -- Detecting C compiler ABI info - done
[0.298s] -- Check for working C compiler: /usr/bin/cc - skipped
[0.298s] -- Detecting C compile features
[0.298s] -- Detecting C compile features - done
[0.302s] -- Detecting CXX compiler ABI info
[0.401s] -- Detecting CXX compiler ABI info - done
[0.403s] -- Check for working CXX compiler: /usr/bin/c++ - skipped
[0.403s] -- Detecting CXX compile features
[0.403s] -- Detecting CXX compile features - done
[0.412s] [31mCMake Error at CMakeLists.txt:10 (find_package):
[0.412s]   By not providing "Findcatkin.cmake" in CMAKE_MODULE_PATH this project has
[0.412s]   asked CMake to find a package configuration file provided by "catkin", but
[0.412s]   CMake did not find one.
[0.413s] 
[0.413s]   Could not find a package configuration file provided by "catkin" with any
[0.413s]   of the following names:
[0.413s] 
[0.413s]     catkinConfig.cmake
[0.413s]     catkin-config.cmake
[0.413s] 
[0.413s]   Add the installation prefix of "catkin" to CMAKE_PREFIX_PATH or set
[0.413s]   "catkin_DIR" to a directory containing one of the above files.  If "catkin"
[0.413s]   provides a separate development package or SDK, be sure it has been
[0.413s]   installed.
[0.413s] 
[0.413s] [0m
[0.415s] -- Configuring incomplete, errors occurred!
[0.415s] See also "/ros2-migration/arena/build/plan_msgs/CMakeFiles/CMakeOutput.log".
