[0.006s] Invoking command in '/home/ahmo030/ros2-migration/arena/arena-rosnav/training/build/training': CMAKE_PREFIX_PATH=/opt/ros/humble:${CMAKE_PREFIX_PATH} /usr/bin/cmake /home/ahmo030/ros2-migration/arena/arena-rosnav/training -DCMAKE_INSTALL_PREFIX=/home/ahmo030/ros2-migration/arena/arena-rosnav/training/install/training
[0.035s] -- The C compiler identification is GNU 11.4.0
[0.076s] -- The CXX compiler identification is GNU 11.4.0
[0.080s] -- Detecting C compiler ABI info
[0.115s] -- Detecting C compiler ABI info - done
[0.120s] -- Check for working C compiler: /usr/bin/cc - skipped
[0.120s] -- Detecting C compile features
[0.120s] -- Detecting C compile features - done
[0.123s] -- Detecting CXX compiler ABI info
[0.176s] -- Detecting CXX compiler ABI info - done
[0.182s] -- Check for working CXX compiler: /usr/bin/c++ - skipped
[0.182s] -- Detecting CXX compile features
[0.182s] -- Detecting CXX compile features - done
[0.184s] -- Found rosidl_default_generators: 1.2.0 (/opt/ros/humble/share/rosidl_default_generators/cmake)
[0.185s] -- Found ament_cmake_core: 1.3.8 (/opt/ros/humble/share/ament_cmake_core/cmake)
[0.285s] -- Found Python3: /usr/bin/python3 (found version "3.10.12") found components: Interpreter 
[0.321s] -- Using all available rosidl_typesupport_c: rosidl_typesupport_fastrtps_c;rosidl_typesupport_introspection_c
[0.324s] -- Found rosidl_adapter: 3.1.5 (/opt/ros/humble/share/rosidl_adapter/cmake)
[0.360s] -- Using all available rosidl_typesupport_cpp: rosidl_typesupport_fastrtps_cpp;rosidl_typesupport_introspection_cpp
[0.379s] -- Found geometry_msgs: 4.2.3 (/opt/ros/humble/share/geometry_msgs/cmake)
[0.445s] -- Found nav_msgs: 4.2.3 (/opt/ros/humble/share/nav_msgs/cmake)
[0.491s] -- Found rclcpp: 16.0.8 (/opt/ros/humble/share/rclcpp/cmake)
[0.522s] -- Found rmw_implementation_cmake: 6.1.1 (/opt/ros/humble/share/rmw_implementation_cmake/cmake)
[0.523s] -- Found rmw_fastrtps_cpp: 6.2.6 (/opt/ros/humble/share/rmw_fastrtps_cpp/cmake)
[0.574s] -- Found OpenSSL: /usr/lib/x86_64-linux-gnu/libcrypto.so (found version "3.0.2")  
[0.594s] -- Found FastRTPS: /opt/ros/humble/include  
[0.627s] -- Using RMW implementation 'rmw_fastrtps_cpp' as default
[0.633s] -- Looking for pthread.h
[0.685s] -- Looking for pthread.h - found
[0.685s] -- Performing Test CMAKE_HAVE_LIBC_PTHREAD
[0.738s] -- Performing Test CMAKE_HAVE_LIBC_PTHREAD - Success
[0.738s] -- Found Threads: TRUE  
[0.815s] -- Found rclpy: 3.3.12 (/opt/ros/humble/share/rclpy/cmake)
[0.816s] -- Found sensor_msgs: 4.2.3 (/opt/ros/humble/share/sensor_msgs/cmake)
[0.862s] -- Found tf2: 0.25.6 (/opt/ros/humble/share/tf2/cmake)
[0.873s] -- Found tf2_geometry_msgs: 0.25.6 (/opt/ros/humble/share/tf2_geometry_msgs/cmake)
[0.885s] -- Found eigen3_cmake_module: 0.1.1 (/opt/ros/humble/share/eigen3_cmake_module/cmake)
[0.886s] -- Found Eigen3: TRUE (found version "3.4.0") 
[0.886s] -- Ensuring Eigen3 include directory is part of orocos-kdl CMake target
[1.080s] CMake Error at CMakeLists.txt:21 (find_package):
[1.080s]   By not providing "Findflatland_msgs.cmake" in CMAKE_MODULE_PATH this
[1.080s]   project has asked CMake to find a package configuration file provided by
[1.080s]   "flatland_msgs", but CMake did not find one.
[1.080s] 
[1.080s]   Could not find a package configuration file provided by "flatland_msgs"
[1.080s]   with any of the following names:
[1.080s] 
[1.080s]     flatland_msgsConfig.cmake
[1.080s]     flatland_msgs-config.cmake
[1.080s] 
[1.080s]   Add the installation prefix of "flatland_msgs" to CMAKE_PREFIX_PATH or set
[1.080s]   "flatland_msgs_DIR" to a directory containing one of the above files.  If
[1.080s]   "flatland_msgs" provides a separate development package or SDK, be sure it
[1.080s]   has been installed.
[1.080s] 
[1.080s] 
[1.080s] -- Configuring incomplete, errors occurred!
[1.080s] See also "/home/ahmo030/ros2-migration/arena/arena-rosnav/training/build/training/CMakeFiles/CMakeOutput.log".
[1.085s] Invoked command in '/home/ahmo030/ros2-migration/arena/arena-rosnav/training/build/training' returned '1': CMAKE_PREFIX_PATH=/opt/ros/humble:${CMAKE_PREFIX_PATH} /usr/bin/cmake /home/ahmo030/ros2-migration/arena/arena-rosnav/training -DCMAKE_INSTALL_PREFIX=/home/ahmo030/ros2-migration/arena/arena-rosnav/training/install/training
