[0.017s] Invoking command in '/ros2-migration/build/plan_visualization': /usr/bin/cmake /ros2-migration/arena/arena-rosnav/utils/misc/plan_visualization -DCMAKE_INSTALL_PREFIX=/ros2-migration/install/plan_visualization
[0.046s] [31mCMake Error at CMakeLists.txt:17 (find_package):
[0.046s]   By not providing "Findament_cmake.cmake" in CMAKE_MODULE_PATH this project
[0.046s]   has asked CMake to find a package configuration file provided by
[0.046s]   "ament_cmake", but CMake did not find one.
[0.046s] 
[0.047s]   Could not find a package configuration file provided by "ament_cmake" with
[0.047s]   any of the following names:
[0.047s] 
[0.047s]     ament_cmakeConfig.cmake
[0.047s]     ament_cmake-config.cmake
[0.047s] 
[0.047s]   Add the installation prefix of "ament_cmake" to CMAKE_PREFIX_PATH or set
[0.047s]   "ament_cmake_DIR" to a directory containing one of the above files.  If
[0.047s]   "ament_cmake" provides a separate development package or SDK, be sure it
[0.047s]   has been installed.
[0.047s] 
[0.047s] [0m
[0.048s] -- Configuring incomplete, errors occurred!
[0.048s] See also "/ros2-migration/build/plan_visualization/CMakeFiles/CMakeOutput.log".
