[0.006s] Invoking command in '/home/ahmo030/ros2-migration/arena/utils/3rd-party-robot-packages/tiago/tiago_gazebo/build/tiago_gazebo': CMAKE_PREFIX_PATH=/opt/ros/humble:${CMAKE_PREFIX_PATH} /usr/bin/cmake /home/ahmo030/ros2-migration/arena/utils/3rd-party-robot-packages/tiago/tiago_gazebo -DCMAKE_INSTALL_PREFIX=/home/ahmo030/ros2-migration/arena/utils/3rd-party-robot-packages/tiago/tiago_gazebo/install/tiago_gazebo
[0.011s] -- Found ament_cmake_auto: 1.3.8 (/opt/ros/humble/share/ament_cmake_auto/cmake)
[0.128s] -- Found ament_cmake_gtest: 1.3.8 (/opt/ros/humble/share/ament_cmake_gtest/cmake)
[0.128s] -- Found ament_lint_auto: 0.12.10 (/opt/ros/humble/share/ament_lint_auto/cmake)
[0.131s] -- Found python_cmake_module: 0.10.0 (/opt/ros/humble/share/python_cmake_module/cmake)
[0.147s] -- Using PYTHON_EXECUTABLE: /usr/bin/python3.6
[0.147s] -- Using PYTHON_INCLUDE_DIRS: /usr/include/python3.6m
[0.147s] -- Using PYTHON_LIBRARIES: /usr/lib/x86_64-linux-gnu/libpython3.6m.so
[0.179s] -- Found rosidl_generator_c: 3.1.5 (/opt/ros/humble/share/rosidl_generator_c/cmake)
[0.180s] -- Found rosidl_adapter: 3.1.5 (/opt/ros/humble/share/rosidl_adapter/cmake)
[0.183s] -- Found rosidl_generator_cpp: 3.1.5 (/opt/ros/humble/share/rosidl_generator_cpp/cmake)
[0.189s] -- Using all available rosidl_typesupport_c: rosidl_typesupport_fastrtps_c;rosidl_typesupport_introspection_c
[0.197s] -- Using all available rosidl_typesupport_cpp: rosidl_typesupport_fastrtps_cpp;rosidl_typesupport_introspection_cpp
[0.227s] -- Found rmw_implementation_cmake: 6.1.1 (/opt/ros/humble/share/rmw_implementation_cmake/cmake)
[0.228s] -- Found rmw_fastrtps_cpp: 6.2.6 (/opt/ros/humble/share/rmw_fastrtps_cpp/cmake)
[0.307s] -- Using RMW implementation 'rmw_fastrtps_cpp' as default
[0.470s] CMake Error at CMakeLists.txt:18 (find_package):
[0.470s]   By not providing "Findplay_motion2_msgs.cmake" in CMAKE_MODULE_PATH this
[0.470s]   project has asked CMake to find a package configuration file provided by
[0.470s]   "play_motion2_msgs", but CMake did not find one.
[0.470s] 
[0.470s]   Could not find a package configuration file provided by "play_motion2_msgs"
[0.470s]   with any of the following names:
[0.470s] 
[0.470s]     play_motion2_msgsConfig.cmake
[0.470s]     play_motion2_msgs-config.cmake
[0.470s] 
[0.470s]   Add the installation prefix of "play_motion2_msgs" to CMAKE_PREFIX_PATH or
[0.470s]   set "play_motion2_msgs_DIR" to a directory containing one of the above
[0.470s]   files.  If "play_motion2_msgs" provides a separate development package or
[0.470s]   SDK, be sure it has been installed.
[0.470s] 
[0.470s] 
[0.470s] -- Configuring incomplete, errors occurred!
[0.470s] See also "/home/ahmo030/ros2-migration/arena/utils/3rd-party-robot-packages/tiago/tiago_gazebo/build/tiago_gazebo/CMakeFiles/CMakeOutput.log".
[0.474s] Invoked command in '/home/ahmo030/ros2-migration/arena/utils/3rd-party-robot-packages/tiago/tiago_gazebo/build/tiago_gazebo' returned '1': CMAKE_PREFIX_PATH=/opt/ros/humble:${CMAKE_PREFIX_PATH} /usr/bin/cmake /home/ahmo030/ros2-migration/arena/utils/3rd-party-robot-packages/tiago/tiago_gazebo -DCMAKE_INSTALL_PREFIX=/home/ahmo030/ros2-migration/arena/utils/3rd-party-robot-packages/tiago/tiago_gazebo/install/tiago_gazebo
