[0.051s] Invoking command in '/ros2-migration/build/cob_base_controller_utils': /usr/bin/cmake /ros2-migration/arena/utils/3rd-party-robot-packages/cob4/cob_base_controller_utils -DCMAKE_INSTALL_PREFIX=/ros2-migration/install/cob_base_controller_utils
[0.209s] -- Found ament_cmake: 1.3.9 (/opt/ros/humble/share/ament_cmake/cmake)
[0.209s] -- Configuring incomplete, errors occurred!
[0.209s] See also "/ros2-migration/build/cob_base_controller_utils/CMakeFiles/CMakeOutput.log".
[0.209s] [31mCMake Error at CMakeLists.txt:17 (add_dependencies):
[0.209s]   add_dependencies called with incorrect number of arguments
[0.209s] 
[0.209s] [0m
[0.209s] Traceback (most recent call last):
[0.209s]   File "/opt/ros/humble/share/ament_cmake_core/cmake/package_templates/templates_2_cmake.py", line 21, in <module>
[0.209s]     from ament_package.templates import get_environment_hook_template_path
[0.210s] ModuleNotFoundError: No module named 'ament_package'
[0.210s] [31mCMake Error at /opt/ros/humble/share/ament_cmake_core/cmake/ament_cmake_package_templates-extras.cmake:41 (message):
[0.210s]   execute_process(/usr/bin/python3
[0.210s]   /opt/ros/humble/share/ament_cmake_core/cmake/package_templates/templates_2_cmake.py
[0.210s]   /ros2-migration/build/cob_base_controller_utils/ament_cmake_package_templates/templates.cmake)
[0.210s]   returned error code 1
[0.210s] Call Stack (most recent call first):
[0.210s]   /opt/ros/humble/share/ament_cmake_core/cmake/ament_cmake_coreConfig.cmake:41 (include)
[0.210s]   /opt/ros/humble/share/ament_cmake/cmake/ament_cmake_export_dependencies-extras.cmake:15 (find_package)
[0.210s]   /opt/ros/humble/share/ament_cmake/cmake/ament_cmakeConfig.cmake:41 (include)
[0.210s]   CMakeLists.txt:21 (find_package)
[0.210s] 
[0.210s] [0m
[0.213s] Invoked command in '/ros2-migration/build/cob_base_controller_utils' returned '1': /usr/bin/cmake /ros2-migration/arena/utils/3rd-party-robot-packages/cob4/cob_base_controller_utils -DCMAKE_INSTALL_PREFIX=/ros2-migration/install/cob_base_controller_utils
