[0.006s] Invoking command in '/home/ahmo030/ros2-migration/arena/arena-rosnav/utils/misc/path_search/build/path_search': CMAKE_PREFIX_PATH=/opt/ros/humble:${CMAKE_PREFIX_PATH} /usr/bin/cmake /home/ahmo030/ros2-migration/arena/arena-rosnav/utils/misc/path_search -DCMAKE_INSTALL_PREFIX=/home/ahmo030/ros2-migration/arena/arena-rosnav/utils/misc/path_search/install/path_search
[0.012s] -- Found ament_cmake: 1.3.8 (/opt/ros/humble/share/ament_cmake/cmake)
[0.086s] -- Found nav_msgs: 4.2.3 (/opt/ros/humble/share/nav_msgs/cmake)
[0.102s] -- Found rosidl_generator_c: 3.1.5 (/opt/ros/humble/share/rosidl_generator_c/cmake)
[0.104s] -- Found rosidl_adapter: 3.1.5 (/opt/ros/humble/share/rosidl_adapter/cmake)
[0.107s] -- Found rosidl_generator_cpp: 3.1.5 (/opt/ros/humble/share/rosidl_generator_cpp/cmake)
[0.113s] -- Using all available rosidl_typesupport_c: rosidl_typesupport_fastrtps_c;rosidl_typesupport_introspection_c
[0.121s] -- Using all available rosidl_typesupport_cpp: rosidl_typesupport_fastrtps_cpp;rosidl_typesupport_introspection_cpp
[0.236s] -- Eigen found (include: /usr/include/eigen3, version: 3.4.0)
[0.269s] -- The imported target "vtkParseOGLExt" references the file
[0.270s]    "/usr/bin/vtkParseOGLExt-7.1"
[0.270s] but this file does not exist.  Possible reasons include:
[0.270s] * The file was deleted, renamed, or moved to another location.
[0.270s] * An install or uninstall procedure did not complete successfully.
[0.270s] * The installation package was faulty and contained
[0.270s]    "/usr/lib/cmake/vtk-7.1/VTKTargets.cmake"
[0.270s] but not all the files it references.
[0.270s] 
[0.270s] -- The imported target "vtkRenderingPythonTkWidgets" references the file
[0.270s]    "/usr/lib/x86_64-linux-gnu/libvtkRenderingPythonTkWidgets.so"
[0.270s] but this file does not exist.  Possible reasons include:
[0.270s] * The file was deleted, renamed, or moved to another location.
[0.270s] * An install or uninstall procedure did not complete successfully.
[0.270s] * The installation package was faulty and contained
[0.270s]    "/usr/lib/cmake/vtk-7.1/VTKTargets.cmake"
[0.270s] but not all the files it references.
[0.270s] 
[0.271s] -- The imported target "vtk" references the file
[0.271s]    "/usr/bin/vtk"
[0.271s] but this file does not exist.  Possible reasons include:
[0.271s] * The file was deleted, renamed, or moved to another location.
[0.271s] * An install or uninstall procedure did not complete successfully.
[0.271s] * The installation package was faulty and contained
[0.271s]    "/usr/lib/cmake/vtk-7.1/VTKTargets.cmake"
[0.271s] but not all the files it references.
[0.271s] 
[0.271s] -- The imported target "pvtk" references the file
[0.271s]    "/usr/bin/pvtk"
[0.271s] but this file does not exist.  Possible reasons include:
[0.271s] * The file was deleted, renamed, or moved to another location.
[0.271s] * An install or uninstall procedure did not complete successfully.
[0.271s] * The installation package was faulty and contained
[0.271s]    "/usr/lib/cmake/vtk-7.1/VTKTargets.cmake"
[0.271s] but not all the files it references.
[0.271s] 
[0.278s] CMake Warning (dev) at /usr/share/cmake-3.22/Modules/FindPackageHandleStandardArgs.cmake:438 (message):
[0.278s]   The package name passed to `find_package_handle_standard_args` (USB_10)
[0.278s]   does not match the name of the calling package (OpenNI).  This can lead to
[0.278s]   problems in calling code that expects `find_package` result variables
[0.278s]   (e.g., `_FOUND`) to follow a certain pattern.
[0.278s] Call Stack (most recent call first):
[0.278s]   /usr/lib/x86_64-linux-gnu/cmake/pcl/Modules/FindOpenNI.cmake:28 (find_package_handle_standard_args)
[0.278s]   /usr/lib/x86_64-linux-gnu/cmake/pcl/PCLConfig.cmake:179 (find_package)
[0.278s]   /usr/lib/x86_64-linux-gnu/cmake/pcl/PCLConfig.cmake:322 (find_openni)
[0.278s]   /usr/lib/x86_64-linux-gnu/cmake/pcl/PCLConfig.cmake:548 (find_external_library)
[0.278s]   CMakeLists.txt:12 (find_package)
[0.278s] This warning is for project developers.  Use -Wno-dev to suppress it.
[0.278s] 
[0.278s] -- OpenNI found (include: /usr/include/ni, lib: /usr/lib/libOpenNI.so)
[0.281s] CMake Warning (dev) at /usr/share/cmake-3.22/Modules/FindPackageHandleStandardArgs.cmake:438 (message):
[0.281s]   The package name passed to `find_package_handle_standard_args` (USB_10)
[0.281s]   does not match the name of the calling package (OpenNI2).  This can lead to
[0.281s]   problems in calling code that expects `find_package` result variables
[0.281s]   (e.g., `_FOUND`) to follow a certain pattern.
[0.281s] Call Stack (most recent call first):
[0.281s]   /usr/lib/x86_64-linux-gnu/cmake/pcl/Modules/FindOpenNI2.cmake:28 (find_package_handle_standard_args)
[0.281s]   /usr/lib/x86_64-linux-gnu/cmake/pcl/PCLConfig.cmake:193 (find_package)
[0.281s]   /usr/lib/x86_64-linux-gnu/cmake/pcl/PCLConfig.cmake:324 (find_openni2)
[0.281s]   /usr/lib/x86_64-linux-gnu/cmake/pcl/PCLConfig.cmake:548 (find_external_library)
[0.281s]   CMakeLists.txt:12 (find_package)
[0.281s] This warning is for project developers.  Use -Wno-dev to suppress it.
[0.281s] 
[0.282s] -- OpenNI2 found (include: /usr/include/openni2, lib: /usr/lib/x86_64-linux-gnu/libOpenNI2.so)
[0.282s] ** WARNING ** io features related to pcap will be disabled
[0.282s] ** WARNING ** io features related to png will be disabled
[0.286s] CMake Warning (dev) at /usr/share/cmake-3.22/Modules/FindPackageHandleStandardArgs.cmake:438 (message):
[0.286s]   The package name passed to `find_package_handle_standard_args` (libusb-1.0)
[0.286s]   does not match the name of the calling package (PCL).  This can lead to
[0.286s]   problems in calling code that expects `find_package` result variables
[0.286s]   (e.g., `_FOUND`) to follow a certain pattern.
[0.286s] Call Stack (most recent call first):
[0.286s]   /usr/lib/x86_64-linux-gnu/cmake/pcl/PCLConfig.cmake:291 (find_package_handle_standard_args)
[0.286s]   /usr/lib/x86_64-linux-gnu/cmake/pcl/PCLConfig.cmake:338 (find_libusb)
[0.286s]   /usr/lib/x86_64-linux-gnu/cmake/pcl/PCLConfig.cmake:548 (find_external_library)
[0.286s]   CMakeLists.txt:12 (find_package)
[0.286s] This warning is for project developers.  Use -Wno-dev to suppress it.
[0.287s] 
[0.287s] ** WARNING ** io features related to libusb-1.0 will be disabled
[0.289s] CMake Warning (dev) at /usr/share/cmake-3.22/Modules/FindPackageHandleStandardArgs.cmake:438 (message):
[0.289s]   The package name passed to `find_package_handle_standard_args` (USB_10)
[0.289s]   does not match the name of the calling package (OpenNI).  This can lead to
[0.289s]   problems in calling code that expects `find_package` result variables
[0.289s]   (e.g., `_FOUND`) to follow a certain pattern.
[0.289s] Call Stack (most recent call first):
[0.289s]   /usr/lib/x86_64-linux-gnu/cmake/pcl/Modules/FindOpenNI.cmake:28 (find_package_handle_standard_args)
[0.289s]   /usr/lib/x86_64-linux-gnu/cmake/pcl/PCLConfig.cmake:179 (find_package)
[0.289s]   /usr/lib/x86_64-linux-gnu/cmake/pcl/PCLConfig.cmake:322 (find_openni)
[0.289s]   /usr/lib/x86_64-linux-gnu/cmake/pcl/PCLConfig.cmake:548 (find_external_library)
[0.289s]   CMakeLists.txt:12 (find_package)
[0.289s] This warning is for project developers.  Use -Wno-dev to suppress it.
[0.289s] 
[0.289s] -- OpenNI found (include: /usr/include/ni, lib: /usr/lib/libOpenNI.so)
[0.292s] CMake Warning (dev) at /usr/share/cmake-3.22/Modules/FindPackageHandleStandardArgs.cmake:438 (message):
[0.292s]   The package name passed to `find_package_handle_standard_args` (USB_10)
[0.292s]   does not match the name of the calling package (OpenNI2).  This can lead to
[0.292s]   problems in calling code that expects `find_package` result variables
[0.292s]   (e.g., `_FOUND`) to follow a certain pattern.
[0.292s] Call Stack (most recent call first):
[0.292s]   /usr/lib/x86_64-linux-gnu/cmake/pcl/Modules/FindOpenNI2.cmake:28 (find_package_handle_standard_args)
[0.292s]   /usr/lib/x86_64-linux-gnu/cmake/pcl/PCLConfig.cmake:193 (find_package)
[0.292s]   /usr/lib/x86_64-linux-gnu/cmake/pcl/PCLConfig.cmake:324 (find_openni2)
[0.292s]   /usr/lib/x86_64-linux-gnu/cmake/pcl/PCLConfig.cmake:548 (find_external_library)
[0.292s]   CMakeLists.txt:12 (find_package)
[0.292s] This warning is for project developers.  Use -Wno-dev to suppress it.
[0.292s] 
[0.292s] -- OpenNI2 found (include: /usr/include/openni2, lib: /usr/lib/x86_64-linux-gnu/libOpenNI2.so)
[0.298s] -- QHULL found (include: /usr/include, lib: optimized;/usr/lib/x86_64-linux-gnu/libqhull.so;debug;/usr/lib/x86_64-linux-gnu/libqhull.so)
[0.300s] CMake Warning (dev) at /usr/share/cmake-3.22/Modules/FindPackageHandleStandardArgs.cmake:438 (message):
[0.300s]   The package name passed to `find_package_handle_standard_args` (USB_10)
[0.300s]   does not match the name of the calling package (OpenNI).  This can lead to
[0.300s]   problems in calling code that expects `find_package` result variables
[0.301s]   (e.g., `_FOUND`) to follow a certain pattern.
[0.301s] Call Stack (most recent call first):
[0.301s]   /usr/lib/x86_64-linux-gnu/cmake/pcl/Modules/FindOpenNI.cmake:28 (find_package_handle_standard_args)
[0.301s]   /usr/lib/x86_64-linux-gnu/cmake/pcl/PCLConfig.cmake:179 (find_package)
[0.301s]   /usr/lib/x86_64-linux-gnu/cmake/pcl/PCLConfig.cmake:322 (find_openni)
[0.301s]   /usr/lib/x86_64-linux-gnu/cmake/pcl/PCLConfig.cmake:548 (find_external_library)
[0.301s]   CMakeLists.txt:12 (find_package)
[0.301s] This warning is for project developers.  Use -Wno-dev to suppress it.
[0.301s] 
[0.301s] -- OpenNI found (include: /usr/include/ni, lib: /usr/lib/libOpenNI.so)
[0.306s] -- looking for PCL_COMMON
[0.306s] CMake Warning (dev) at /usr/share/cmake-3.22/Modules/FindPackageHandleStandardArgs.cmake:438 (message):
[0.306s]   The package name passed to `find_package_handle_standard_args` (PCL_COMMON)
[0.306s]   does not match the name of the calling package (PCL).  This can lead to
[0.306s]   problems in calling code that expects `find_package` result variables
[0.306s]   (e.g., `_FOUND`) to follow a certain pattern.
[0.306s] Call Stack (most recent call first):
[0.306s]   /usr/lib/x86_64-linux-gnu/cmake/pcl/PCLConfig.cmake:616 (find_package_handle_standard_args)
[0.306s]   CMakeLists.txt:12 (find_package)
[0.306s] This warning is for project developers.  Use -Wno-dev to suppress it.
[0.306s] 
[0.306s] -- looking for PCL_KDTREE
[0.306s] CMake Warning (dev) at /usr/share/cmake-3.22/Modules/FindPackageHandleStandardArgs.cmake:438 (message):
[0.306s]   The package name passed to `find_package_handle_standard_args` (PCL_KDTREE)
[0.306s]   does not match the name of the calling package (PCL).  This can lead to
[0.306s]   problems in calling code that expects `find_package` result variables
[0.306s]   (e.g., `_FOUND`) to follow a certain pattern.
[0.306s] Call Stack (most recent call first):
[0.306s]   /usr/lib/x86_64-linux-gnu/cmake/pcl/PCLConfig.cmake:616 (find_package_handle_standard_args)
[0.306s]   CMakeLists.txt:12 (find_package)
[0.306s] This warning is for project developers.  Use -Wno-dev to suppress it.
[0.306s] 
[0.306s] -- looking for PCL_OCTREE
[0.306s] CMake Warning (dev) at /usr/share/cmake-3.22/Modules/FindPackageHandleStandardArgs.cmake:438 (message):
[0.306s]   The package name passed to `find_package_handle_standard_args` (PCL_OCTREE)
[0.306s]   does not match the name of the calling package (PCL).  This can lead to
[0.306s]   problems in calling code that expects `find_package` result variables
[0.307s]   (e.g., `_FOUND`) to follow a certain pattern.
[0.307s] Call Stack (most recent call first):
[0.307s]   /usr/lib/x86_64-linux-gnu/cmake/pcl/PCLConfig.cmake:616 (find_package_handle_standard_args)
[0.307s]   CMakeLists.txt:12 (find_package)
[0.307s] This warning is for project developers.  Use -Wno-dev to suppress it.
[0.307s] 
[0.307s] -- looking for PCL_SEARCH
[0.307s] -- looking for PCL_SAMPLE_CONSENSUS
[0.307s] -- looking for PCL_FILTERS
[0.307s] -- looking for PCL_2D
[0.307s] -- looking for PCL_GEOMETRY
[0.307s] CMake Warning (dev) at /usr/share/cmake-3.22/Modules/FindPackageHandleStandardArgs.cmake:438 (message):
[0.307s]   The package name passed to `find_package_handle_standard_args` (PCL_SEARCH)
[0.307s]   does not match the name of the calling package (PCL).  This can lead to
[0.307s]   problems in calling code that expects `find_package` result variables
[0.307s]   (e.g., `_FOUND`) to follow a certain pattern.
[0.307s] Call Stack (most recent call first):
[0.307s]   /usr/lib/x86_64-linux-gnu/cmake/pcl/PCLConfig.cmake:616 (find_package_handle_standard_args)
[0.307s]   CMakeLists.txt:12 (find_package)
[0.307s] This warning is for project developers.  Use -Wno-dev to suppress it.
[0.307s] 
[0.307s] CMake Warning (dev) at /usr/share/cmake-3.22/Modules/FindPackageHandleStandardArgs.cmake:438 (message):
[0.308s]   The package name passed to `find_package_handle_standard_args`
[0.308s]   (PCL_SAMPLE_CONSENSUS) does not match the name of the calling package
[0.308s]   (PCL).  This can lead to problems in calling code that expects
[0.308s]   `find_package` result variables (e.g., `_FOUND`) to follow a certain
[0.308s]   pattern.
[0.308s] Call Stack (most recent call first):
[0.308s]   /usr/lib/x86_64-linux-gnu/cmake/pcl/PCLConfig.cmake:616 (find_package_handle_standard_args)
[0.308s]   CMakeLists.txt:12 (find_package)
[0.308s] This warning is for project developers.  Use -Wno-dev to suppress it.
[0.308s] 
[0.308s] CMake Warning (dev) at /usr/share/cmake-3.22/Modules/FindPackageHandleStandardArgs.cmake:438 (message):
[0.308s]   The package name passed to `find_package_handle_standard_args`
[0.308s]   (PCL_FILTERS) does not match the name of the calling package (PCL).  This
[0.308s]   can lead to problems in calling code that expects `find_package` result
[0.308s]   variables (e.g., `_FOUND`) to follow a certain pattern.
[0.308s] Call Stack (most recent call first):
[0.308s]   /usr/lib/x86_64-linux-gnu/cmake/pcl/PCLConfig.cmake:616 (find_package_handle_standard_args)
[0.308s]   CMakeLists.txt:12 (find_package)
[0.308s] This warning is for project developers.  Use -Wno-dev to suppress it.
[0.308s] 
[0.308s] CMake Warning (dev) at /usr/share/cmake-3.22/Modules/FindPackageHandleStandardArgs.cmake:438 (message):
[0.308s]   The package name passed to `find_package_handle_standard_args` (PCL_2D)
[0.308s]   does not match the name of the calling package (PCL).  This can lead to
[0.308s]   problems in calling code that expects `find_package` result variables
[0.308s]   (e.g., `_FOUND`) to follow a certain pattern.
[0.308s] Call Stack (most recent call first):
[0.308s]   /usr/lib/x86_64-linux-gnu/cmake/pcl/PCLConfig.cmake:619 (find_package_handle_standard_args)
[0.309s]   CMakeLists.txt:12 (find_package)
[0.309s] This warning is for project developers.  Use -Wno-dev to suppress it.
[0.309s] 
[0.309s] CMake Warning (dev) at /usr/share/cmake-3.22/Modules/FindPackageHandleStandardArgs.cmake:438 (message):
[0.309s]   The package name passed to `find_package_handle_standard_args`
[0.309s]   (PCL_GEOMETRY) does not match the name of the calling package (PCL).  This
[0.309s]   can lead to problems in calling code that expects `find_package` result
[0.309s]   variables (e.g., `_FOUND`) to follow a certain pattern.
[0.309s] Call Stack (most recent call first):
[0.309s]   /usr/lib/x86_64-linux-gnu/cmake/pcl/PCLConfig.cmake:619 (find_package_handle_standard_args)
[0.309s]   CMakeLists.txt:12 (find_package)
[0.309s] This warning is for project developers.  Use -Wno-dev to suppress it.
[0.309s] 
[0.309s] -- looking for PCL_IO
[0.309s] CMake Warning (dev) at /usr/share/cmake-3.22/Modules/FindPackageHandleStandardArgs.cmake:438 (message):
[0.309s]   The package name passed to `find_package_handle_standard_args` (PCL_IO)
[0.309s]   does not match the name of the calling package (PCL).  This can lead to
[0.309s]   problems in calling code that expects `find_package` result variables
[0.309s]   (e.g., `_FOUND`) to follow a certain pattern.
[0.309s] Call Stack (most recent call first):
[0.309s]   /usr/lib/x86_64-linux-gnu/cmake/pcl/PCLConfig.cmake:616 (find_package_handle_standard_args)
[0.309s]   CMakeLists.txt:12 (find_package)
[0.309s] This warning is for project developers.  Use -Wno-dev to suppress it.
[0.309s] 
[0.309s] CMake Warning (dev) at /usr/share/cmake-3.22/Modules/FindPackageHandleStandardArgs.cmake:438 (message):
[0.309s]   The package name passed to `find_package_handle_standard_args`
[0.309s]   (PCL_FEATURES) does not match the name of the calling package (PCL).  This
[0.309s]   can lead to problems in calling code that expects `find_package` result
[0.310s]   variables (e.g., `_FOUND`) to follow a certain pattern.
[0.310s] Call Stack (most recent call first):
[0.310s]   /usr/lib/x86_64-linux-gnu/cmake/pcl/PCLConfig.cmake:616 (find_package_handle_standard_args)
[0.310s]   CMakeLists.txt:12 (find_package)
[0.310s] This warning is for project developers.  Use -Wno-dev to suppress it.
[0.310s] 
[0.310s] -- looking for PCL_FEATURES
[0.310s] -- looking for PCL_ML
[0.310s] CMake Warning (dev) at /usr/share/cmake-3.22/Modules/FindPackageHandleStandardArgs.cmake:438 (message):
[0.310s]   The package name passed to `find_package_handle_standard_args` (PCL_ML)
[0.310s]   does not match the name of the calling package (PCL).  This can lead to
[0.310s]   problems in calling code that expects `find_package` result variables
[0.310s]   (e.g., `_FOUND`) to follow a certain pattern.
[0.310s] Call Stack (most recent call first):
[0.310s]   /usr/lib/x86_64-linux-gnu/cmake/pcl/PCLConfig.cmake:616 (find_package_handle_standard_args)
[0.310s]   CMakeLists.txt:12 (find_package)
[0.310s] This warning is for project developers.  Use -Wno-dev to suppress it.
[0.310s] 
[0.310s] -- looking for PCL_SEGMENTATION
[0.310s] -- looking for PCL_VISUALIZATION
[0.310s] CMake Warning (dev) at /usr/share/cmake-3.22/Modules/FindPackageHandleStandardArgs.cmake:438 (message):
[0.310s]   The package name passed to `find_package_handle_standard_args`
[0.310s]   (PCL_SEGMENTATION) does not match the name of the calling package (PCL).
[0.310s]   This can lead to problems in calling code that expects `find_package`
[0.310s]   result variables (e.g., `_FOUND`) to follow a certain pattern.
[0.310s] Call Stack (most recent call first):
[0.310s]   /usr/lib/x86_64-linux-gnu/cmake/pcl/PCLConfig.cmake:616 (find_package_handle_standard_args)
[0.310s]   CMakeLists.txt:12 (find_package)
[0.311s] This warning is for project developers.  Use -Wno-dev to suppress it.
[0.311s] 
[0.311s] CMake Warning (dev) at /usr/share/cmake-3.22/Modules/FindPackageHandleStandardArgs.cmake:438 (message):
[0.311s]   The package name passed to `find_package_handle_standard_args`
[0.311s]   (PCL_VISUALIZATION) does not match the name of the calling package (PCL).
[0.311s]   This can lead to problems in calling code that expects `find_package`
[0.311s]   result variables (e.g., `_FOUND`) to follow a certain pattern.
[0.311s] Call Stack (most recent call first):
[0.311s]   /usr/lib/x86_64-linux-gnu/cmake/pcl/PCLConfig.cmake:616 (find_package_handle_standard_args)
[0.311s]   CMakeLists.txt:12 (find_package)
[0.311s] This warning is for project developers.  Use -Wno-dev to suppress it.
[0.311s] 
[0.311s] -- looking for PCL_SURFACE
[0.311s] -- looking for PCL_REGISTRATION
[0.311s] CMake Warning (dev) at /usr/share/cmake-3.22/Modules/FindPackageHandleStandardArgs.cmake:438 (message):
[0.311s]   The package name passed to `find_package_handle_standard_args`
[0.311s]   (PCL_SURFACE) does not match the name of the calling package (PCL).  This
[0.311s]   can lead to problems in calling code that expects `find_package` result
[0.311s]   variables (e.g., `_FOUND`) to follow a certain pattern.
[0.311s] Call Stack (most recent call first):
[0.311s]   /usr/lib/x86_64-linux-gnu/cmake/pcl/PCLConfig.cmake:616 (find_package_handle_standard_args)
[0.311s]   CMakeLists.txt:12 (find_package)
[0.311s] This warning is for project developers.  Use -Wno-dev to suppress it.
[0.311s] 
[0.311s] CMake Warning (dev) at /usr/share/cmake-3.22/Modules/FindPackageHandleStandardArgs.cmake:438 (message):
[0.311s]   The package name passed to `find_package_handle_standard_args`
[0.311s]   (PCL_REGISTRATION) does not match the name of the calling package (PCL).
[0.311s]   This can lead to problems in calling code that expects `find_package`
[0.311s]   result variables (e.g., `_FOUND`) to follow a certain pattern.
[0.311s] Call Stack (most recent call first):
[0.311s]   /usr/lib/x86_64-linux-gnu/cmake/pcl/PCLConfig.cmake:616 (find_package_handle_standard_args)
[0.311s]   CMakeLists.txt:12 (find_package)
[0.311s] This warning is for project developers.  Use -Wno-dev to suppress it.
[0.312s] 
[0.312s] -- looking for PCL_KEYPOINTS
[0.312s] CMake Warning (dev) at /usr/share/cmake-3.22/Modules/FindPackageHandleStandardArgs.cmake:438 (message):
[0.312s]   The package name passed to `find_package_handle_standard_args`
[0.312s]   (PCL_KEYPOINTS) does not match the name of the calling package (PCL).  This
[0.312s]   can lead to problems in calling code that expects `find_package` result
[0.312s]   variables (e.g., `_FOUND`) to follow a certain pattern.
[0.312s] Call Stack (most recent call first):
[0.312s]   /usr/lib/x86_64-linux-gnu/cmake/pcl/PCLConfig.cmake:616 (find_package_handle_standard_args)
[0.312s]   CMakeLists.txt:12 (find_package)
[0.312s] This warning is for project developers.  Use -Wno-dev to suppress it.
[0.312s] 
[0.312s] -- looking for PCL_TRACKING
[0.312s] CMake Warning (dev) at /usr/share/cmake-3.22/Modules/FindPackageHandleStandardArgs.cmake:438 (message):
[0.312s]   The package name passed to `find_package_handle_standard_args`
[0.312s]   (PCL_TRACKING) does not match the name of the calling package (PCL).  This
[0.312s]   can lead to problems in calling code that expects `find_package` result
[0.312s]   variables (e.g., `_FOUND`) to follow a certain pattern.
[0.312s] Call Stack (most recent call first):
[0.312s]   /usr/lib/x86_64-linux-gnu/cmake/pcl/PCLConfig.cmake:616 (find_package_handle_standard_args)
[0.312s]   CMakeLists.txt:12 (find_package)
[0.312s] This warning is for project developers.  Use -Wno-dev to suppress it.
[0.312s] 
[0.312s] -- looking for PCL_RECOGNITION
[0.312s] -- looking for PCL_STEREO
[0.312s] -- looking for PCL_APPS
[0.312s] CMake Warning (dev) at /usr/share/cmake-3.22/Modules/FindPackageHandleStandardArgs.cmake:438 (message):
[0.312s]   The package name passed to `find_package_handle_standard_args`
[0.312s]   (PCL_RECOGNITION) does not match the name of the calling package (PCL).
[0.312s]   This can lead to problems in calling code that expects `find_package`
[0.312s]   result variables (e.g., `_FOUND`) to follow a certain pattern.
[0.312s] Call Stack (most recent call first):
[0.312s]   /usr/lib/x86_64-linux-gnu/cmake/pcl/PCLConfig.cmake:616 (find_package_handle_standard_args)
[0.313s]   CMakeLists.txt:12 (find_package)
[0.313s] This warning is for project developers.  Use -Wno-dev to suppress it.
[0.313s] 
[0.313s] CMake Warning (dev) at /usr/share/cmake-3.22/Modules/FindPackageHandleStandardArgs.cmake:438 (message):
[0.313s]   The package name passed to `find_package_handle_standard_args` (PCL_STEREO)
[0.313s]   does not match the name of the calling package (PCL).  This can lead to
[0.313s]   problems in calling code that expects `find_package` result variables
[0.313s]   (e.g., `_FOUND`) to follow a certain pattern.
[0.313s] Call Stack (most recent call first):
[0.313s]   /usr/lib/x86_64-linux-gnu/cmake/pcl/PCLConfig.cmake:616 (find_package_handle_standard_args)
[0.313s]   CMakeLists.txt:12 (find_package)
[0.313s] This warning is for project developers.  Use -Wno-dev to suppress it.
[0.313s] 
[0.313s] CMake Warning (dev) at /usr/share/cmake-3.22/Modules/FindPackageHandleStandardArgs.cmake:438 (message):
[0.313s]   The package name passed to `find_package_handle_standard_args` (PCL_APPS)
[0.313s]   does not match the name of the calling package (PCL).  This can lead to
[0.313s]   problems in calling code that expects `find_package` result variables
[0.313s]   (e.g., `_FOUND`) to follow a certain pattern.
[0.313s] Call Stack (most recent call first):
[0.313s]   /usr/lib/x86_64-linux-gnu/cmake/pcl/PCLConfig.cmake:616 (find_package_handle_standard_args)
[0.313s]   CMakeLists.txt:12 (find_package)
[0.313s] This warning is for project developers.  Use -Wno-dev to suppress it.
[0.313s] 
[0.313s] -- looking for PCL_IN_HAND_SCANNER
[0.313s] -- looking for PCL_POINT_CLOUD_EDITOR
[0.313s] CMake Warning (dev) at /usr/share/cmake-3.22/Modules/FindPackageHandleStandardArgs.cmake:438 (message):
[0.313s]   The package name passed to `find_package_handle_standard_args`
[0.313s]   (PCL_IN_HAND_SCANNER) does not match the name of the calling package (PCL).
[0.313s]   This can lead to problems in calling code that expects `find_package`
[0.313s]   result variables (e.g., `_FOUND`) to follow a certain pattern.
[0.313s] Call Stack (most recent call first):
[0.313s]   /usr/lib/x86_64-linux-gnu/cmake/pcl/PCLConfig.cmake:619 (find_package_handle_standard_args)
[0.313s]   CMakeLists.txt:12 (find_package)
[0.313s] This warning is for project developers.  Use -Wno-dev to suppress it.
[0.313s] 
[0.313s] CMake Warning (dev) at /usr/share/cmake-3.22/Modules/FindPackageHandleStandardArgs.cmake:438 (message):
[0.314s]   The package name passed to `find_package_handle_standard_args`
[0.314s]   (PCL_POINT_CLOUD_EDITOR) does not match the name of the calling package
[0.314s]   (PCL).  This can lead to problems in calling code that expects
[0.314s]   `find_package` result variables (e.g., `_FOUND`) to follow a certain
[0.314s]   pattern.
[0.314s] Call Stack (most recent call first):
[0.314s]   /usr/lib/x86_64-linux-gnu/cmake/pcl/PCLConfig.cmake:619 (find_package_handle_standard_args)
[0.314s]   CMakeLists.txt:12 (find_package)
[0.314s] This warning is for project developers.  Use -Wno-dev to suppress it.
[0.314s] 
[0.314s] -- looking for PCL_OUTOFCORE
[0.314s] -- looking for PCL_PEOPLE
[0.314s] CMake Warning (dev) at /usr/share/cmake-3.22/Modules/FindPackageHandleStandardArgs.cmake:438 (message):
[0.314s]   The package name passed to `find_package_handle_standard_args`
[0.314s]   (PCL_OUTOFCORE) does not match the name of the calling package (PCL).  This
[0.314s]   can lead to problems in calling code that expects `find_package` result
[0.314s]   variables (e.g., `_FOUND`) to follow a certain pattern.
[0.314s] Call Stack (most recent call first):
[0.314s]   /usr/lib/x86_64-linux-gnu/cmake/pcl/PCLConfig.cmake:616 (find_package_handle_standard_args)
[0.314s]   CMakeLists.txt:12 (find_package)
[0.314s] This warning is for project developers.  Use -Wno-dev to suppress it.
[0.314s] 
[0.314s] CMake Warning (dev) at /usr/share/cmake-3.22/Modules/FindPackageHandleStandardArgs.cmake:438 (message):
[0.314s]   The package name passed to `find_package_handle_standard_args` (PCL_PEOPLE)
[0.314s]   does not match the name of the calling package (PCL).  This can lead to
[0.314s]   problems in calling code that expects `find_package` result variables
[0.314s]   (e.g., `_FOUND`) to follow a certain pattern.
[0.314s] Call Stack (most recent call first):
[0.314s]   /usr/lib/x86_64-linux-gnu/cmake/pcl/PCLConfig.cmake:616 (find_package_handle_standard_args)
[0.314s]   CMakeLists.txt:12 (find_package)
[0.314s] This warning is for project developers.  Use -Wno-dev to suppress it.
[0.314s] 
[0.314s] -- Found rclcpp: 16.0.8 (/opt/ros/humble/share/rclcpp/cmake)
[0.338s] -- Found rmw_implementation_cmake: 6.1.1 (/opt/ros/humble/share/rmw_implementation_cmake/cmake)
[0.338s] -- Found rmw_fastrtps_cpp: 6.2.6 (/opt/ros/humble/share/rmw_fastrtps_cpp/cmake)
[0.416s] -- Using RMW implementation 'rmw_fastrtps_cpp' as default
[0.484s] -- Found rclpy: 3.3.12 (/opt/ros/humble/share/rclpy/cmake)
[0.493s] CMake Error at CMakeLists.txt:18 (find_package):
[0.493s]   By not providing "Findmapping.cmake" in CMAKE_MODULE_PATH this project has
[0.493s]   asked CMake to find a package configuration file provided by "mapping", but
[0.493s]   CMake did not find one.
[0.493s] 
[0.493s]   Could not find a package configuration file provided by "mapping" with any
[0.493s]   of the following names:
[0.493s] 
[0.493s]     mappingConfig.cmake
[0.493s]     mapping-config.cmake
[0.493s] 
[0.493s]   Add the installation prefix of "mapping" to CMAKE_PREFIX_PATH or set
[0.493s]   "mapping_DIR" to a directory containing one of the above files.  If
[0.493s]   "mapping" provides a separate development package or SDK, be sure it has
[0.493s]   been installed.
[0.493s] 
[0.493s] 
[0.494s] -- Configuring incomplete, errors occurred!
[0.494s] See also "/home/ahmo030/ros2-migration/arena/arena-rosnav/utils/misc/path_search/build/path_search/CMakeFiles/CMakeOutput.log".
[0.498s] Invoked command in '/home/ahmo030/ros2-migration/arena/arena-rosnav/utils/misc/path_search/build/path_search' returned '1': CMAKE_PREFIX_PATH=/opt/ros/humble:${CMAKE_PREFIX_PATH} /usr/bin/cmake /home/ahmo030/ros2-migration/arena/arena-rosnav/utils/misc/path_search -DCMAKE_INSTALL_PREFIX=/home/ahmo030/ros2-migration/arena/arena-rosnav/utils/misc/path_search/install/path_search
