[0.006s] Invoking command in '/home/ahmo030/ros2-migration/arena/arena-rosnav/utils/plugins/gazebo_utils/build/gazebo_utils': CMAKE_PREFIX_PATH=/opt/ros/humble:${CMAKE_PREFIX_PATH} /usr/bin/cmake --build /home/ahmo030/ros2-migration/arena/arena-rosnav/utils/plugins/gazebo_utils/build/gazebo_utils -- -j16 -l16
[0.018s] -- Found ament_cmake: 1.3.8 (/opt/ros/humble/share/ament_cmake/cmake)
[0.087s] -- Found rviz_common: 11.2.12 (/opt/ros/humble/share/rviz_common/cmake)
[0.100s] -- Setting OGRE_DIR to: '/opt/ros/humble/share/rviz_ogre_vendor/cmake/../../../opt/rviz_ogre_vendor/lib/OGRE/cmake'
[0.101s] -- Found OGRE
[0.101s] --   static     : OFF
[0.101s] --   components : HLMS;MeshLodGenerator;Overlay;Paging;Property;RTShaderSystem;Terrain;Volume
[0.101s] --   plugins    : Plugin_BSPSceneManager;Plugin_OctreeSceneManager;Plugin_PCZSceneManager;Plugin_ParticleFX;RenderSystem_GL;RenderSystem_GL3Plus;Codec_STBI
[0.101s] --   media      : /opt/ros/humble/opt/rviz_ogre_vendor/share/OGRE/Media
[0.101s] -- OGRE_LIBRARIES: OgreHLMS;OgreMeshLodGenerator;OgreOverlay;OgrePaging;OgreProperty;OgreRTShaderSystem;OgreTerrain;OgreVolume;OgreMain
[0.101s] -- OGRE_LIBRARY_DIRS: /opt/ros/humble/opt/rviz_ogre_vendor/lib
[0.101s] -- OGRE_PLUGINS: Plugin_BSPSceneManager;Plugin_OctreeSceneManager;Plugin_PCZSceneManager;Plugin_ParticleFX;RenderSystem_GL;RenderSystem_GL3Plus;Codec_STBI
[0.101s] -- OGRE_PLUGIN_DIR: /opt/ros/humble/opt/rviz_ogre_vendor/lib/OGRE
[0.101s] -- rviz_ogre_vendor::OgreOverlay for IMPORTED_LOCATION_RELEASE: /opt/ros/humble/opt/rviz_ogre_vendor/lib/libOgreOverlay.so
[0.101s] -- rviz_ogre_vendor::OgreOverlay for IMPORTED_LOCATION_DEBUG: /opt/ros/humble/opt/rviz_ogre_vendor/lib/libOgreOverlay.so
[0.101s] -- rviz_ogre_vendor::OgreMain for IMPORTED_LOCATION_RELEASE: /opt/ros/humble/opt/rviz_ogre_vendor/lib/libOgreMain.so
[0.101s] -- rviz_ogre_vendor::OgreMain for IMPORTED_LOCATION_DEBUG: /opt/ros/humble/opt/rviz_ogre_vendor/lib/libOgreMain.so
[0.105s] -- Could not find freeimage library
[0.128s] -- rviz_ogre_vendor::RenderSystem_GL for IMPORTED_LOCATION_RELEASE: _render_system_gl_static_library_abs-NOTFOUND
[0.129s] -- rviz_ogre_vendor::RenderSystem_GL for IMPORTED_LOCATION_DEBUG: _render_system_gl_static_library_abs-NOTFOUND
[0.147s] -- library: /usr/lib/x86_64-linux-gnu/libcurl.so
[0.159s] -- Found rosidl_generator_c: 3.1.5 (/opt/ros/humble/share/rosidl_generator_c/cmake)
[0.161s] -- Found rosidl_adapter: 3.1.5 (/opt/ros/humble/share/rosidl_adapter/cmake)
[0.164s] -- Found rosidl_generator_cpp: 3.1.5 (/opt/ros/humble/share/rosidl_generator_cpp/cmake)
[0.170s] -- Using all available rosidl_typesupport_c: rosidl_typesupport_fastrtps_c;rosidl_typesupport_introspection_c
[0.178s] -- Using all available rosidl_typesupport_cpp: rosidl_typesupport_fastrtps_cpp;rosidl_typesupport_introspection_cpp
[0.281s] -- Found rmw_implementation_cmake: 6.1.1 (/opt/ros/humble/share/rmw_implementation_cmake/cmake)
[0.281s] -- Found rmw_fastrtps_cpp: 6.2.6 (/opt/ros/humble/share/rmw_fastrtps_cpp/cmake)
[0.298s] -- Found TinyXML2 via Config file: TinyXML2_DIR-NOTFOUND
[0.303s] -- Found TinyXML2 via Config file: TinyXML2_DIR-NOTFOUND
[0.314s] -- Found TinyXML2 via Config file: TinyXML2_DIR-NOTFOUND
[0.318s] -- Found TinyXML2 via Config file: TinyXML2_DIR-NOTFOUND
[0.324s] -- Using RMW implementation 'rmw_fastrtps_cpp' as default
[0.455s] -- Ensuring Eigen3 include directory is part of orocos-kdl CMake target
[0.650s] -- Found rviz_default_plugins: 11.2.12 (/opt/ros/humble/share/rviz_default_plugins/cmake)
[1.009s] -- Configuring done
[1.074s] -- Generating done
[1.078s] -- Build files have been written to: /home/ahmo030/ros2-migration/arena/arena-rosnav/utils/plugins/gazebo_utils/build/gazebo_utils
[1.095s] [ 25%] Generating __/rviz_plugins/src/moc_goal_tool.cpp
[1.095s] [ 25%] Generating __/rviz_plugins/src/moc_task_tool.cpp
[2.279s] /home/ahmo030/ros2-migration/arena/arena-rosnav/utils/plugins/rviz_plugins/src/task_tool.h:55: Note: No relevant classes found. No output generated.
[2.291s] [ 62%] Building CXX object CMakeFiles/gazebo_utils.dir/home/ahmo030/ros2-migration/arena/arena-rosnav/utils/plugins/rviz_plugins/src/pose_tool.cpp.o
[2.291s] [ 62%] Building CXX object CMakeFiles/gazebo_utils.dir/home/ahmo030/ros2-migration/arena/arena-rosnav/utils/plugins/rviz_plugins/src/goal_tool.cpp.o
[2.291s] [ 62%] Building CXX object CMakeFiles/gazebo_utils.dir/home/ahmo030/ros2-migration/arena/arena-rosnav/utils/plugins/rviz_plugins/src/task_tool.cpp.o
[2.291s] [ 87%] Building CXX object CMakeFiles/gazebo_utils.dir/__/rviz_plugins/src/moc_task_tool.cpp.o
[2.291s] [ 87%] Building CXX object CMakeFiles/gazebo_utils.dir/__/rviz_plugins/src/moc_goal_tool.cpp.o
[2.302s] In file included from /home/ahmo030/ros2-migration/arena/arena-rosnav/utils/plugins/rviz_plugins/src/task_tool.cpp:1:
[2.302s] /home/ahmo030/ros2-migration/arena/arena-rosnav/utils/plugins/rviz_plugins/src/task_tool.h:5:10: fatal error: ros/ros.h: No such file or directory
[2.302s]     5 | #include <ros/ros.h>
[2.302s]       |          ^~~~~~~~~~~
[2.302s] /home/ahmo030/ros2-migration/arena/arena-rosnav/utils/plugins/rviz_plugins/src/goal_tool.cpp:30:10: fatal error: tf/transform_listener.h: No such file or directory
[2.302s]    30 | #include <tf/transform_listener.h>
[2.302s]       |          ^~~~~~~~~~~~~~~~~~~~~~~~~
[2.302s] compilation terminated.
[2.302s] compilation terminated.
[2.303s] gmake[2]: *** [CMakeFiles/gazebo_utils.dir/build.make:112: CMakeFiles/gazebo_utils.dir/home/ahmo030/ros2-migration/arena/arena-rosnav/utils/plugins/rviz_plugins/src/task_tool.cpp.o] Error 1
[2.303s] gmake[2]: *** Waiting for unfinished jobs....
[2.303s] gmake[2]: *** [CMakeFiles/gazebo_utils.dir/build.make:98: CMakeFiles/gazebo_utils.dir/home/ahmo030/ros2-migration/arena/arena-rosnav/utils/plugins/rviz_plugins/src/goal_tool.cpp.o] Error 1
[2.606s] In file included from /home/ahmo030/ros2-migration/arena/arena-rosnav/utils/plugins/gazebo_utils/build/gazebo_utils/__/rviz_plugins/src/moc_goal_tool.cpp:10:
[2.606s] /home/ahmo030/ros2-migration/arena/arena-rosnav/utils/plugins/gazebo_utils/build/gazebo_utils/__/rviz_plugins/src/../../../../../../rviz_plugins/src/goal_tool.h:36:11: fatal error: ros/ros.h: No such file or directory
[2.606s]    36 | # include <ros/ros.h>
[2.606s]       |           ^~~~~~~~~~~
[2.606s] compilation terminated.
[2.607s] gmake[2]: *** [CMakeFiles/gazebo_utils.dir/build.make:126: CMakeFiles/gazebo_utils.dir/__/rviz_plugins/src/moc_goal_tool.cpp.o] Error 1
[2.736s] /home/ahmo030/ros2-migration/arena/arena-rosnav/utils/plugins/rviz_plugins/src/pose_tool.cpp:35:10: fatal error: rviz/geometry.h: No such file or directory
[2.736s]    35 | #include "rviz/geometry.h"
[2.736s]       |          ^~~~~~~~~~~~~~~~~
[2.736s] compilation terminated.
[2.740s] gmake[2]: *** [CMakeFiles/gazebo_utils.dir/build.make:84: CMakeFiles/gazebo_utils.dir/home/ahmo030/ros2-migration/arena/arena-rosnav/utils/plugins/rviz_plugins/src/pose_tool.cpp.o] Error 1
[2.740s] gmake[1]: *** [CMakeFiles/Makefile2:137: CMakeFiles/gazebo_utils.dir/all] Error 2
[2.740s] gmake: *** [Makefile:146: all] Error 2
[2.741s] Invoked command in '/home/ahmo030/ros2-migration/arena/arena-rosnav/utils/plugins/gazebo_utils/build/gazebo_utils' returned '2': CMAKE_PREFIX_PATH=/opt/ros/humble:${CMAKE_PREFIX_PATH} /usr/bin/cmake --build /home/ahmo030/ros2-migration/arena/arena-rosnav/utils/plugins/gazebo_utils/build/gazebo_utils -- -j16 -l16
