[0.032s] Invoking command in '/ros2-migration/build/tiago_description_calibration': /usr/bin/cmake /ros2-migration/arena/utils/3rd-party-robot-packages/tiago/tiago_description_calibration -DCMAKE_INSTALL_PREFIX=/ros2-migration/install/tiago_description_calibration
[0.135s] -- Found ament_cmake: 1.3.9 (/opt/ros/humble/share/ament_cmake/cmake)
[0.214s] -- Configuring incomplete, errors occurred!
[0.214s] See also "/ros2-migration/build/tiago_description_calibration/CMakeFiles/CMakeOutput.log".
[0.214s] [31mCMake Error at CMakeLists.txt:12 (find_package):
[0.214s]   By not providing "Findcatkin.cmake" in CMAKE_MODULE_PATH this project has
[0.214s]   asked CMake to find a package configuration file provided by "catkin", but
[0.214s]   CMake did not find one.
[0.214s] 
[0.214s]   Could not find a package configuration file provided by "catkin" with any
[0.215s]   of the following names:
[0.215s] 
[0.215s]     catkinConfig.cmake
[0.215s]     catkin-config.cmake
[0.215s] 
[0.215s]   Add the installation prefix of "catkin" to CMAKE_PREFIX_PATH or set
[0.215s]   "catkin_DIR" to a directory containing one of the above files.  If "catkin"
[0.216s]   provides a separate development package or SDK, be sure it has been
[0.216s]   installed.
[0.216s] 
[0.216s] [0m
