[0.020s] Invoking command in '/ros2-migration/build/tiago_controller_configuration': /usr/bin/cmake /ros2-migration/arena/utils/3rd-party-robot-packages/tiago/tiago_controller_configuration -DCMAKE_INSTALL_PREFIX=/ros2-migration/install/tiago_controller_configuration
[0.118s] -- Found ament_cmake: 1.3.9 (/opt/ros/humble/share/ament_cmake/cmake)
[0.131s] Traceback (most recent call last):
[0.131s]   File "/opt/ros/humble/share/ament_cmake_core/cmake/package_templates/templates_2_cmake.py", line 21, in <module>
[0.131s]     from ament_package.templates import get_environment_hook_template_path
[0.131s] ModuleNotFoundError: No module named 'ament_package'
[0.136s] [31mCMake Error at /opt/ros/humble/share/ament_cmake_core/cmake/ament_cmake_package_templates-extras.cmake:41 (message):
[0.137s]   execute_process(/usr/bin/python3
[0.137s]   /opt/ros/humble/share/ament_cmake_core/cmake/package_templates/templates_2_cmake.py
[0.137s]   /ros2-migration/build/tiago_controller_configuration/ament_cmake_package_templates/templates.cmake)
[0.137s]   returned error code 1
[0.146s] Call Stack (most recent call first):
[0.146s]   /opt/ros/humble/share/ament_cmake_core/cmake/ament_cmake_coreConfig.cmake:41 (include)
[0.146s]   /opt/ros/humble/share/ament_cmake/cmake/ament_cmake_export_dependencies-extras.cmake:15 (find_package)
[0.147s]   /opt/ros/humble/share/ament_cmake/cmake/ament_cmakeConfig.cmake:41 (include)
[0.147s] -- Configuring incomplete, errors occurred!
[0.147s] See also "/ros2-migration/build/tiago_controller_configuration/CMakeFiles/CMakeOutput.log".
[0.147s]   CMakeLists.txt:9 (find_package)
[0.147s] 
[0.147s] [0m
[0.164s] Invoked command in '/ros2-migration/build/tiago_controller_configuration' returned '1': /usr/bin/cmake /ros2-migration/arena/utils/3rd-party-robot-packages/tiago/tiago_controller_configuration -DCMAKE_INSTALL_PREFIX=/ros2-migration/install/tiago_controller_configuration
