[0.007s] Invoking command in '/home/ahmo030/ros2-migration/arena/utils/3rd-party-robot-packages/tiago/tiago_robot/build/tiago_robot': CMAKE_PREFIX_PATH=/opt/ros/humble:${CMAKE_PREFIX_PATH} /usr/bin/cmake --build /home/ahmo030/ros2-migration/arena/utils/3rd-party-robot-packages/tiago/tiago_robot/build/tiago_robot -- -j16 -l16
[0.026s] Invoked command in '/home/ahmo030/ros2-migration/arena/utils/3rd-party-robot-packages/tiago/tiago_robot/build/tiago_robot' returned '0': CMAKE_PREFIX_PATH=/opt/ros/humble:${CMAKE_PREFIX_PATH} /usr/bin/cmake --build /home/ahmo030/ros2-migration/arena/utils/3rd-party-robot-packages/tiago/tiago_robot/build/tiago_robot -- -j16 -l16
[0.041s] Invoking command in '/home/ahmo030/ros2-migration/arena/utils/3rd-party-robot-packages/tiago/tiago_robot/build/tiago_robot': CMAKE_PREFIX_PATH=/opt/ros/humble:${CMAKE_PREFIX_PATH} /usr/bin/cmake --install /home/ahmo030/ros2-migration/arena/utils/3rd-party-robot-packages/tiago/tiago_robot/build/tiago_robot
[0.045s] -- Install configuration: ""
[0.045s] -- Up-to-date: /home/ahmo030/ros2-migration/arena/utils/3rd-party-robot-packages/tiago/tiago_robot/install/tiago_robot/share/ament_index/resource_index/package_run_dependencies/tiago_robot
[0.045s] -- Up-to-date: /home/ahmo030/ros2-migration/arena/utils/3rd-party-robot-packages/tiago/tiago_robot/install/tiago_robot/share/ament_index/resource_index/parent_prefix_path/tiago_robot
[0.045s] -- Up-to-date: /home/ahmo030/ros2-migration/arena/utils/3rd-party-robot-packages/tiago/tiago_robot/install/tiago_robot/share/tiago_robot/environment/ament_prefix_path.sh
[0.045s] -- Up-to-date: /home/ahmo030/ros2-migration/arena/utils/3rd-party-robot-packages/tiago/tiago_robot/install/tiago_robot/share/tiago_robot/environment/ament_prefix_path.dsv
[0.045s] -- Up-to-date: /home/ahmo030/ros2-migration/arena/utils/3rd-party-robot-packages/tiago/tiago_robot/install/tiago_robot/share/tiago_robot/environment/path.sh
[0.045s] -- Up-to-date: /home/ahmo030/ros2-migration/arena/utils/3rd-party-robot-packages/tiago/tiago_robot/install/tiago_robot/share/tiago_robot/environment/path.dsv
[0.045s] -- Up-to-date: /home/ahmo030/ros2-migration/arena/utils/3rd-party-robot-packages/tiago/tiago_robot/install/tiago_robot/share/tiago_robot/local_setup.bash
[0.045s] -- Up-to-date: /home/ahmo030/ros2-migration/arena/utils/3rd-party-robot-packages/tiago/tiago_robot/install/tiago_robot/share/tiago_robot/local_setup.sh
[0.045s] -- Up-to-date: /home/ahmo030/ros2-migration/arena/utils/3rd-party-robot-packages/tiago/tiago_robot/install/tiago_robot/share/tiago_robot/local_setup.zsh
[0.045s] -- Up-to-date: /home/ahmo030/ros2-migration/arena/utils/3rd-party-robot-packages/tiago/tiago_robot/install/tiago_robot/share/tiago_robot/local_setup.dsv
[0.045s] -- Installing: /home/ahmo030/ros2-migration/arena/utils/3rd-party-robot-packages/tiago/tiago_robot/install/tiago_robot/share/tiago_robot/package.dsv
[0.045s] -- Up-to-date: /home/ahmo030/ros2-migration/arena/utils/3rd-party-robot-packages/tiago/tiago_robot/install/tiago_robot/share/ament_index/resource_index/packages/tiago_robot
[0.045s] -- Up-to-date: /home/ahmo030/ros2-migration/arena/utils/3rd-party-robot-packages/tiago/tiago_robot/install/tiago_robot/share/tiago_robot/cmake/tiago_robotConfig.cmake
[0.045s] -- Up-to-date: /home/ahmo030/ros2-migration/arena/utils/3rd-party-robot-packages/tiago/tiago_robot/install/tiago_robot/share/tiago_robot/cmake/tiago_robotConfig-version.cmake
[0.046s] -- Up-to-date: /home/ahmo030/ros2-migration/arena/utils/3rd-party-robot-packages/tiago/tiago_robot/install/tiago_robot/share/tiago_robot/package.xml
[0.046s] Invoked command in '/home/ahmo030/ros2-migration/arena/utils/3rd-party-robot-packages/tiago/tiago_robot/build/tiago_robot' returned '0': CMAKE_PREFIX_PATH=/opt/ros/humble:${CMAKE_PREFIX_PATH} /usr/bin/cmake --install /home/ahmo030/ros2-migration/arena/utils/3rd-party-robot-packages/tiago/tiago_robot/build/tiago_robot
