[0.006s] Invoking command in '/home/ahmo030/ros2-migration/arena/arena-rosnav/task_generator/build/task_generator': CMAKE_PREFIX_PATH=/opt/ros/humble:${CMAKE_PREFIX_PATH} /usr/bin/cmake /home/ahmo030/ros2-migration/arena/arena-rosnav/task_generator -DCMAKE_INSTALL_PREFIX=/home/ahmo030/ros2-migration/arena/arena-rosnav/task_generator/install/task_generator
[0.035s] -- The C compiler identification is GNU 11.4.0
[0.082s] -- The CXX compiler identification is GNU 11.4.0
[0.086s] -- Detecting C compiler ABI info
[0.145s] -- Detecting C compiler ABI info - done
[0.151s] -- Check for working C compiler: /usr/bin/cc - skipped
[0.151s] -- Detecting C compile features
[0.152s] -- Detecting C compile features - done
[0.154s] -- Detecting CXX compiler ABI info
[0.211s] -- Detecting CXX compiler ABI info - done
[0.216s] -- Check for working CXX compiler: /usr/bin/c++ - skipped
[0.216s] -- Detecting CXX compile features
[0.216s] -- Detecting CXX compile features - done
[0.218s] -- Found ament_cmake: 1.3.8 (/opt/ros/humble/share/ament_cmake/cmake)
[0.311s] -- Found Python3: /usr/bin/python3 (found version "3.10.12") found components: Interpreter 
[0.362s] -- Found rclpy: 3.3.12 (/opt/ros/humble/share/rclpy/cmake)
[0.403s] -- Configuring done
[0.404s] -- Generating done
[0.405s] -- Build files have been written to: /home/ahmo030/ros2-migration/arena/arena-rosnav/task_generator/build/task_generator
[0.407s] Invoked command in '/home/ahmo030/ros2-migration/arena/arena-rosnav/task_generator/build/task_generator' returned '0': CMAKE_PREFIX_PATH=/opt/ros/humble:${CMAKE_PREFIX_PATH} /usr/bin/cmake /home/ahmo030/ros2-migration/arena/arena-rosnav/task_generator -DCMAKE_INSTALL_PREFIX=/home/ahmo030/ros2-migration/arena/arena-rosnav/task_generator/install/task_generator
[0.408s] Invoking command in '/home/ahmo030/ros2-migration/arena/arena-rosnav/task_generator/build/task_generator': CMAKE_PREFIX_PATH=/opt/ros/humble:${CMAKE_PREFIX_PATH} /usr/bin/cmake --build /home/ahmo030/ros2-migration/arena/arena-rosnav/task_generator/build/task_generator -- -j16 -l16
[0.427s] Invoked command in '/home/ahmo030/ros2-migration/arena/arena-rosnav/task_generator/build/task_generator' returned '0': CMAKE_PREFIX_PATH=/opt/ros/humble:${CMAKE_PREFIX_PATH} /usr/bin/cmake --build /home/ahmo030/ros2-migration/arena/arena-rosnav/task_generator/build/task_generator -- -j16 -l16
[0.441s] Invoking command in '/home/ahmo030/ros2-migration/arena/arena-rosnav/task_generator/build/task_generator': CMAKE_PREFIX_PATH=/opt/ros/humble:${CMAKE_PREFIX_PATH} /usr/bin/cmake --install /home/ahmo030/ros2-migration/arena/arena-rosnav/task_generator/build/task_generator
[0.444s] -- Install configuration: ""
[0.444s] -- Installing: /home/ahmo030/ros2-migration/arena/arena-rosnav/task_generator/install/task_generator/bin/main.py
[0.445s] -- Installing: /home/ahmo030/ros2-migration/arena/arena-rosnav/task_generator/install/task_generator/bin/scenario_helper.py
[0.445s] -- Installing: /home/ahmo030/ros2-migration/arena/arena-rosnav/task_generator/install/task_generator/bin/server.py
[0.445s] -- Installing: /home/ahmo030/ros2-migration/arena/arena-rosnav/task_generator/install/task_generator/bin/filewatcher.py
[0.445s] -- Installing: /home/ahmo030/ros2-migration/arena/arena-rosnav/task_generator/install/task_generator/bin/delay_restart.py
[0.445s] -- Installing: /home/ahmo030/ros2-migration/arena/arena-rosnav/task_generator/install/task_generator/share/ament_index/resource_index/package_run_dependencies/task_generator
[0.445s] -- Installing: /home/ahmo030/ros2-migration/arena/arena-rosnav/task_generator/install/task_generator/share/ament_index/resource_index/parent_prefix_path/task_generator
[0.445s] -- Installing: /home/ahmo030/ros2-migration/arena/arena-rosnav/task_generator/install/task_generator/share/task_generator/environment/ament_prefix_path.sh
[0.445s] -- Installing: /home/ahmo030/ros2-migration/arena/arena-rosnav/task_generator/install/task_generator/share/task_generator/environment/ament_prefix_path.dsv
[0.445s] -- Installing: /home/ahmo030/ros2-migration/arena/arena-rosnav/task_generator/install/task_generator/share/task_generator/environment/path.sh
[0.445s] -- Installing: /home/ahmo030/ros2-migration/arena/arena-rosnav/task_generator/install/task_generator/share/task_generator/environment/path.dsv
[0.445s] -- Installing: /home/ahmo030/ros2-migration/arena/arena-rosnav/task_generator/install/task_generator/share/task_generator/local_setup.bash
[0.445s] -- Installing: /home/ahmo030/ros2-migration/arena/arena-rosnav/task_generator/install/task_generator/share/task_generator/local_setup.sh
[0.445s] -- Installing: /home/ahmo030/ros2-migration/arena/arena-rosnav/task_generator/install/task_generator/share/task_generator/local_setup.zsh
[0.445s] -- Installing: /home/ahmo030/ros2-migration/arena/arena-rosnav/task_generator/install/task_generator/share/task_generator/local_setup.dsv
[0.445s] -- Installing: /home/ahmo030/ros2-migration/arena/arena-rosnav/task_generator/install/task_generator/share/task_generator/package.dsv
[0.445s] -- Installing: /home/ahmo030/ros2-migration/arena/arena-rosnav/task_generator/install/task_generator/share/ament_index/resource_index/packages/task_generator
[0.445s] -- Installing: /home/ahmo030/ros2-migration/arena/arena-rosnav/task_generator/install/task_generator/share/task_generator/cmake/ament_cmake_export_dependencies-extras.cmake
[0.445s] -- Installing: /home/ahmo030/ros2-migration/arena/arena-rosnav/task_generator/install/task_generator/share/task_generator/cmake/task_generatorConfig.cmake
[0.445s] -- Installing: /home/ahmo030/ros2-migration/arena/arena-rosnav/task_generator/install/task_generator/share/task_generator/cmake/task_generatorConfig-version.cmake
[0.446s] -- Installing: /home/ahmo030/ros2-migration/arena/arena-rosnav/task_generator/install/task_generator/share/task_generator/package.xml
[0.446s] Invoked command in '/home/ahmo030/ros2-migration/arena/arena-rosnav/task_generator/build/task_generator' returned '0': CMAKE_PREFIX_PATH=/opt/ros/humble:${CMAKE_PREFIX_PATH} /usr/bin/cmake --install /home/ahmo030/ros2-migration/arena/arena-rosnav/task_generator/build/task_generator
