[0.007s] Invoking command in '/home/ahmo030/ros2-migration/arena/utils/unitree_ros/unitree_legged_msgs/build/unitree_legged_msgs': CMAKE_PREFIX_PATH=/opt/ros/humble:${CMAKE_PREFIX_PATH} /usr/bin/cmake --build /home/ahmo030/ros2-migration/arena/utils/unitree_ros/unitree_legged_msgs/build/unitree_legged_msgs -- -j16 -l16
[0.040s] [  0%] Built target unitree_legged_msgs__cpp
[0.041s] [ 12%] Built target unitree_legged_msgs__rosidl_generator_c
[0.047s] [ 12%] Built target ament_cmake_python_copy_unitree_legged_msgs
[0.058s] [ 24%] Built target unitree_legged_msgs__rosidl_typesupport_c
[0.059s] [ 36%] Built target unitree_legged_msgs__rosidl_typesupport_cpp
[0.059s] [ 58%] Built target unitree_legged_msgs__rosidl_typesupport_fastrtps_cpp
[0.059s] [ 59%] Built target unitree_legged_msgs__rosidl_typesupport_introspection_cpp
[0.060s] [ 71%] Built target unitree_legged_msgs__rosidl_typesupport_fastrtps_c
[0.060s] [ 83%] Built target unitree_legged_msgs__rosidl_typesupport_introspection_c
[0.075s] [ 83%] Built target unitree_legged_msgs
[0.089s] [ 84%] Built target unitree_legged_msgs__py
[0.106s] [ 95%] Built target unitree_legged_msgs__rosidl_generator_py
[0.121s] [ 97%] Built target unitree_legged_msgs__rosidl_typesupport_c__pyext
[0.121s] [ 98%] Built target unitree_legged_msgs__rosidl_typesupport_introspection_c__pyext
[0.121s] [100%] Built target unitree_legged_msgs__rosidl_typesupport_fastrtps_c__pyext
[0.562s] running egg_info
[0.583s] writing unitree_legged_msgs.egg-info/PKG-INFO
[0.584s] writing dependency_links to unitree_legged_msgs.egg-info/dependency_links.txt
[0.585s] writing top-level names to unitree_legged_msgs.egg-info/top_level.txt
[0.594s] reading manifest file 'unitree_legged_msgs.egg-info/SOURCES.txt'
[0.596s] writing manifest file 'unitree_legged_msgs.egg-info/SOURCES.txt'
[0.666s] [100%] Built target ament_cmake_python_build_unitree_legged_msgs_egg
[0.692s] Invoked command in '/home/ahmo030/ros2-migration/arena/utils/unitree_ros/unitree_legged_msgs/build/unitree_legged_msgs' returned '0': CMAKE_PREFIX_PATH=/opt/ros/humble:${CMAKE_PREFIX_PATH} /usr/bin/cmake --build /home/ahmo030/ros2-migration/arena/utils/unitree_ros/unitree_legged_msgs/build/unitree_legged_msgs -- -j16 -l16
[0.933s] Invoking command in '/home/ahmo030/ros2-migration/arena/utils/unitree_ros/unitree_legged_msgs/build/unitree_legged_msgs': CMAKE_PREFIX_PATH=/opt/ros/humble:${CMAKE_PREFIX_PATH} /usr/bin/cmake --install /home/ahmo030/ros2-migration/arena/utils/unitree_ros/unitree_legged_msgs/build/unitree_legged_msgs
[0.939s] -- Install configuration: ""
[0.939s] -- Up-to-date: /home/ahmo030/ros2-migration/arena/utils/unitree_ros/unitree_legged_msgs/install/unitree_legged_msgs/share/ament_index/resource_index/rosidl_interfaces/unitree_legged_msgs
[0.939s] -- Up-to-date: /home/ahmo030/ros2-migration/arena/utils/unitree_ros/unitree_legged_msgs/install/unitree_legged_msgs/include/unitree_legged_msgs/unitree_legged_msgs
[0.939s] -- Up-to-date: /home/ahmo030/ros2-migration/arena/utils/unitree_ros/unitree_legged_msgs/install/unitree_legged_msgs/include/unitree_legged_msgs/unitree_legged_msgs/msg
[0.939s] -- Up-to-date: /home/ahmo030/ros2-migration/arena/utils/unitree_ros/unitree_legged_msgs/install/unitree_legged_msgs/include/unitree_legged_msgs/unitree_legged_msgs/msg/high_state.h
[0.939s] -- Up-to-date: /home/ahmo030/ros2-migration/arena/utils/unitree_ros/unitree_legged_msgs/install/unitree_legged_msgs/include/unitree_legged_msgs/unitree_legged_msgs/msg/bms_cmd.h
[0.939s] -- Up-to-date: /home/ahmo030/ros2-migration/arena/utils/unitree_ros/unitree_legged_msgs/install/unitree_legged_msgs/include/unitree_legged_msgs/unitree_legged_msgs/msg/motor_cmd.h
[0.939s] -- Up-to-date: /home/ahmo030/ros2-migration/arena/utils/unitree_ros/unitree_legged_msgs/install/unitree_legged_msgs/include/unitree_legged_msgs/unitree_legged_msgs/msg/cartesian.h
[0.939s] -- Up-to-date: /home/ahmo030/ros2-migration/arena/utils/unitree_ros/unitree_legged_msgs/install/unitree_legged_msgs/include/unitree_legged_msgs/unitree_legged_msgs/msg/detail
[0.939s] -- Up-to-date: /home/ahmo030/ros2-migration/arena/utils/unitree_ros/unitree_legged_msgs/install/unitree_legged_msgs/include/unitree_legged_msgs/unitree_legged_msgs/msg/detail/low_cmd__functions.h
[0.939s] -- Up-to-date: /home/ahmo030/ros2-migration/arena/utils/unitree_ros/unitree_legged_msgs/install/unitree_legged_msgs/include/unitree_legged_msgs/unitree_legged_msgs/msg/detail/led__functions.c
[0.939s] -- Up-to-date: /home/ahmo030/ros2-migration/arena/utils/unitree_ros/unitree_legged_msgs/install/unitree_legged_msgs/include/unitree_legged_msgs/unitree_legged_msgs/msg/detail/led__type_support.h
[0.939s] -- Up-to-date: /home/ahmo030/ros2-migration/arena/utils/unitree_ros/unitree_legged_msgs/install/unitree_legged_msgs/include/unitree_legged_msgs/unitree_legged_msgs/msg/detail/motor_cmd__functions.c
[0.939s] -- Up-to-date: /home/ahmo030/ros2-migration/arena/utils/unitree_ros/unitree_legged_msgs/install/unitree_legged_msgs/include/unitree_legged_msgs/unitree_legged_msgs/msg/detail/imu__struct.h
[0.939s] -- Up-to-date: /home/ahmo030/ros2-migration/arena/utils/unitree_ros/unitree_legged_msgs/install/unitree_legged_msgs/include/unitree_legged_msgs/unitree_legged_msgs/msg/detail/bms_cmd__struct.h
[0.939s] -- Up-to-date: /home/ahmo030/ros2-migration/arena/utils/unitree_ros/unitree_legged_msgs/install/unitree_legged_msgs/include/unitree_legged_msgs/unitree_legged_msgs/msg/detail/high_cmd__struct.h
[0.939s] -- Up-to-date: /home/ahmo030/ros2-migration/arena/utils/unitree_ros/unitree_legged_msgs/install/unitree_legged_msgs/include/unitree_legged_msgs/unitree_legged_msgs/msg/detail/bms_cmd__functions.c
[0.939s] -- Up-to-date: /home/ahmo030/ros2-migration/arena/utils/unitree_ros/unitree_legged_msgs/install/unitree_legged_msgs/include/unitree_legged_msgs/unitree_legged_msgs/msg/detail/bms_cmd__functions.h
[0.940s] -- Up-to-date: /home/ahmo030/ros2-migration/arena/utils/unitree_ros/unitree_legged_msgs/install/unitree_legged_msgs/include/unitree_legged_msgs/unitree_legged_msgs/msg/detail/high_state__struct.h
[0.940s] -- Up-to-date: /home/ahmo030/ros2-migration/arena/utils/unitree_ros/unitree_legged_msgs/install/unitree_legged_msgs/include/unitree_legged_msgs/unitree_legged_msgs/msg/detail/high_cmd__functions.c
[0.941s] -- Up-to-date: /home/ahmo030/ros2-migration/arena/utils/unitree_ros/unitree_legged_msgs/install/unitree_legged_msgs/include/unitree_legged_msgs/unitree_legged_msgs/msg/detail/cartesian__functions.h
[0.941s] -- Up-to-date: /home/ahmo030/ros2-migration/arena/utils/unitree_ros/unitree_legged_msgs/install/unitree_legged_msgs/include/unitree_legged_msgs/unitree_legged_msgs/msg/detail/motor_cmd__functions.h
[0.941s] -- Up-to-date: /home/ahmo030/ros2-migration/arena/utils/unitree_ros/unitree_legged_msgs/install/unitree_legged_msgs/include/unitree_legged_msgs/unitree_legged_msgs/msg/detail/motor_state__struct.h
[0.941s] -- Up-to-date: /home/ahmo030/ros2-migration/arena/utils/unitree_ros/unitree_legged_msgs/install/unitree_legged_msgs/include/unitree_legged_msgs/unitree_legged_msgs/msg/detail/bms_state__type_support.h
[0.941s] -- Up-to-date: /home/ahmo030/ros2-migration/arena/utils/unitree_ros/unitree_legged_msgs/install/unitree_legged_msgs/include/unitree_legged_msgs/unitree_legged_msgs/msg/detail/low_state__type_support.h
[0.941s] -- Up-to-date: /home/ahmo030/ros2-migration/arena/utils/unitree_ros/unitree_legged_msgs/install/unitree_legged_msgs/include/unitree_legged_msgs/unitree_legged_msgs/msg/detail/motor_state__type_support.h
[0.941s] -- Up-to-date: /home/ahmo030/ros2-migration/arena/utils/unitree_ros/unitree_legged_msgs/install/unitree_legged_msgs/include/unitree_legged_msgs/unitree_legged_msgs/msg/detail/imu__type_support.h
[0.941s] -- Up-to-date: /home/ahmo030/ros2-migration/arena/utils/unitree_ros/unitree_legged_msgs/install/unitree_legged_msgs/include/unitree_legged_msgs/unitree_legged_msgs/msg/detail/high_state__functions.c
[0.941s] -- Up-to-date: /home/ahmo030/ros2-migration/arena/utils/unitree_ros/unitree_legged_msgs/install/unitree_legged_msgs/include/unitree_legged_msgs/unitree_legged_msgs/msg/detail/high_cmd__type_support.h
[0.941s] -- Up-to-date: /home/ahmo030/ros2-migration/arena/utils/unitree_ros/unitree_legged_msgs/install/unitree_legged_msgs/include/unitree_legged_msgs/unitree_legged_msgs/msg/detail/imu__functions.c
[0.941s] -- Up-to-date: /home/ahmo030/ros2-migration/arena/utils/unitree_ros/unitree_legged_msgs/install/unitree_legged_msgs/include/unitree_legged_msgs/unitree_legged_msgs/msg/detail/motor_cmd__type_support.h
[0.941s] -- Up-to-date: /home/ahmo030/ros2-migration/arena/utils/unitree_ros/unitree_legged_msgs/install/unitree_legged_msgs/include/unitree_legged_msgs/unitree_legged_msgs/msg/detail/bms_state__struct.h
[0.941s] -- Up-to-date: /home/ahmo030/ros2-migration/arena/utils/unitree_ros/unitree_legged_msgs/install/unitree_legged_msgs/include/unitree_legged_msgs/unitree_legged_msgs/msg/detail/high_cmd__functions.h
[0.941s] -- Up-to-date: /home/ahmo030/ros2-migration/arena/utils/unitree_ros/unitree_legged_msgs/install/unitree_legged_msgs/include/unitree_legged_msgs/unitree_legged_msgs/msg/detail/led__functions.h
[0.941s] -- Up-to-date: /home/ahmo030/ros2-migration/arena/utils/unitree_ros/unitree_legged_msgs/install/unitree_legged_msgs/include/unitree_legged_msgs/unitree_legged_msgs/msg/detail/low_state__struct.h
[0.941s] -- Up-to-date: /home/ahmo030/ros2-migration/arena/utils/unitree_ros/unitree_legged_msgs/install/unitree_legged_msgs/include/unitree_legged_msgs/unitree_legged_msgs/msg/detail/bms_state__functions.c
[0.942s] -- Up-to-date: /home/ahmo030/ros2-migration/arena/utils/unitree_ros/unitree_legged_msgs/install/unitree_legged_msgs/include/unitree_legged_msgs/unitree_legged_msgs/msg/detail/low_cmd__type_support.h
[0.942s] -- Up-to-date: /home/ahmo030/ros2-migration/arena/utils/unitree_ros/unitree_legged_msgs/install/unitree_legged_msgs/include/unitree_legged_msgs/unitree_legged_msgs/msg/detail/cartesian__functions.c
[0.942s] -- Up-to-date: /home/ahmo030/ros2-migration/arena/utils/unitree_ros/unitree_legged_msgs/install/unitree_legged_msgs/include/unitree_legged_msgs/unitree_legged_msgs/msg/detail/bms_state__functions.h
[0.942s] -- Up-to-date: /home/ahmo030/ros2-migration/arena/utils/unitree_ros/unitree_legged_msgs/install/unitree_legged_msgs/include/unitree_legged_msgs/unitree_legged_msgs/msg/detail/cartesian__type_support.h
[0.942s] -- Up-to-date: /home/ahmo030/ros2-migration/arena/utils/unitree_ros/unitree_legged_msgs/install/unitree_legged_msgs/include/unitree_legged_msgs/unitree_legged_msgs/msg/detail/led__struct.h
[0.942s] -- Up-to-date: /home/ahmo030/ros2-migration/arena/utils/unitree_ros/unitree_legged_msgs/install/unitree_legged_msgs/include/unitree_legged_msgs/unitree_legged_msgs/msg/detail/motor_state__functions.h
[0.942s] -- Up-to-date: /home/ahmo030/ros2-migration/arena/utils/unitree_ros/unitree_legged_msgs/install/unitree_legged_msgs/include/unitree_legged_msgs/unitree_legged_msgs/msg/detail/low_cmd__functions.c
[0.942s] -- Up-to-date: /home/ahmo030/ros2-migration/arena/utils/unitree_ros/unitree_legged_msgs/install/unitree_legged_msgs/include/unitree_legged_msgs/unitree_legged_msgs/msg/detail/high_state__functions.h
[0.942s] -- Up-to-date: /home/ahmo030/ros2-migration/arena/utils/unitree_ros/unitree_legged_msgs/install/unitree_legged_msgs/include/unitree_legged_msgs/unitree_legged_msgs/msg/detail/low_state__functions.h
[0.942s] -- Up-to-date: /home/ahmo030/ros2-migration/arena/utils/unitree_ros/unitree_legged_msgs/install/unitree_legged_msgs/include/unitree_legged_msgs/unitree_legged_msgs/msg/detail/high_state__type_support.h
[0.942s] -- Up-to-date: /home/ahmo030/ros2-migration/arena/utils/unitree_ros/unitree_legged_msgs/install/unitree_legged_msgs/include/unitree_legged_msgs/unitree_legged_msgs/msg/detail/cartesian__struct.h
[0.942s] -- Up-to-date: /home/ahmo030/ros2-migration/arena/utils/unitree_ros/unitree_legged_msgs/install/unitree_legged_msgs/include/unitree_legged_msgs/unitree_legged_msgs/msg/detail/low_cmd__struct.h
[0.942s] -- Up-to-date: /home/ahmo030/ros2-migration/arena/utils/unitree_ros/unitree_legged_msgs/install/unitree_legged_msgs/include/unitree_legged_msgs/unitree_legged_msgs/msg/detail/bms_cmd__type_support.h
[0.942s] -- Up-to-date: /home/ahmo030/ros2-migration/arena/utils/unitree_ros/unitree_legged_msgs/install/unitree_legged_msgs/include/unitree_legged_msgs/unitree_legged_msgs/msg/detail/motor_cmd__struct.h
[0.942s] -- Up-to-date: /home/ahmo030/ros2-migration/arena/utils/unitree_ros/unitree_legged_msgs/install/unitree_legged_msgs/include/unitree_legged_msgs/unitree_legged_msgs/msg/detail/motor_state__functions.c
[0.942s] -- Up-to-date: /home/ahmo030/ros2-migration/arena/utils/unitree_ros/unitree_legged_msgs/install/unitree_legged_msgs/include/unitree_legged_msgs/unitree_legged_msgs/msg/detail/imu__functions.h
[0.943s] -- Up-to-date: /home/ahmo030/ros2-migration/arena/utils/unitree_ros/unitree_legged_msgs/install/unitree_legged_msgs/include/unitree_legged_msgs/unitree_legged_msgs/msg/detail/low_state__functions.c
[0.943s] -- Up-to-date: /home/ahmo030/ros2-migration/arena/utils/unitree_ros/unitree_legged_msgs/install/unitree_legged_msgs/include/unitree_legged_msgs/unitree_legged_msgs/msg/imu.h
[0.943s] -- Up-to-date: /home/ahmo030/ros2-migration/arena/utils/unitree_ros/unitree_legged_msgs/install/unitree_legged_msgs/include/unitree_legged_msgs/unitree_legged_msgs/msg/low_cmd.h
[0.943s] -- Up-to-date: /home/ahmo030/ros2-migration/arena/utils/unitree_ros/unitree_legged_msgs/install/unitree_legged_msgs/include/unitree_legged_msgs/unitree_legged_msgs/msg/high_cmd.h
[0.943s] -- Up-to-date: /home/ahmo030/ros2-migration/arena/utils/unitree_ros/unitree_legged_msgs/install/unitree_legged_msgs/include/unitree_legged_msgs/unitree_legged_msgs/msg/motor_state.h
[0.943s] -- Up-to-date: /home/ahmo030/ros2-migration/arena/utils/unitree_ros/unitree_legged_msgs/install/unitree_legged_msgs/include/unitree_legged_msgs/unitree_legged_msgs/msg/bms_state.h
[0.943s] -- Up-to-date: /home/ahmo030/ros2-migration/arena/utils/unitree_ros/unitree_legged_msgs/install/unitree_legged_msgs/include/unitree_legged_msgs/unitree_legged_msgs/msg/rosidl_generator_c__visibility_control.h
[0.943s] -- Up-to-date: /home/ahmo030/ros2-migration/arena/utils/unitree_ros/unitree_legged_msgs/install/unitree_legged_msgs/include/unitree_legged_msgs/unitree_legged_msgs/msg/low_state.h
[0.943s] -- Up-to-date: /home/ahmo030/ros2-migration/arena/utils/unitree_ros/unitree_legged_msgs/install/unitree_legged_msgs/include/unitree_legged_msgs/unitree_legged_msgs/msg/led.h
[0.943s] -- Up-to-date: /home/ahmo030/ros2-migration/arena/utils/unitree_ros/unitree_legged_msgs/install/unitree_legged_msgs/share/unitree_legged_msgs/environment/library_path.sh
[0.943s] -- Up-to-date: /home/ahmo030/ros2-migration/arena/utils/unitree_ros/unitree_legged_msgs/install/unitree_legged_msgs/share/unitree_legged_msgs/environment/library_path.dsv
[0.943s] -- Up-to-date: /home/ahmo030/ros2-migration/arena/utils/unitree_ros/unitree_legged_msgs/install/unitree_legged_msgs/lib/libunitree_legged_msgs__rosidl_generator_c.so
[0.943s] -- Up-to-date: /home/ahmo030/ros2-migration/arena/utils/unitree_ros/unitree_legged_msgs/install/unitree_legged_msgs/include/unitree_legged_msgs/unitree_legged_msgs
[0.943s] -- Up-to-date: /home/ahmo030/ros2-migration/arena/utils/unitree_ros/unitree_legged_msgs/install/unitree_legged_msgs/include/unitree_legged_msgs/unitree_legged_msgs/msg
[0.943s] -- Up-to-date: /home/ahmo030/ros2-migration/arena/utils/unitree_ros/unitree_legged_msgs/install/unitree_legged_msgs/include/unitree_legged_msgs/unitree_legged_msgs/msg/rosidl_typesupport_fastrtps_c__visibility_control.h
[0.943s] -- Up-to-date: /home/ahmo030/ros2-migration/arena/utils/unitree_ros/unitree_legged_msgs/install/unitree_legged_msgs/include/unitree_legged_msgs/unitree_legged_msgs/msg/detail
[0.943s] -- Up-to-date: /home/ahmo030/ros2-migration/arena/utils/unitree_ros/unitree_legged_msgs/install/unitree_legged_msgs/include/unitree_legged_msgs/unitree_legged_msgs/msg/detail/motor_state__rosidl_typesupport_fastrtps_c.h
[0.943s] -- Up-to-date: /home/ahmo030/ros2-migration/arena/utils/unitree_ros/unitree_legged_msgs/install/unitree_legged_msgs/include/unitree_legged_msgs/unitree_legged_msgs/msg/detail/led__rosidl_typesupport_fastrtps_c.h
[0.943s] -- Up-to-date: /home/ahmo030/ros2-migration/arena/utils/unitree_ros/unitree_legged_msgs/install/unitree_legged_msgs/include/unitree_legged_msgs/unitree_legged_msgs/msg/detail/bms_cmd__rosidl_typesupport_fastrtps_c.h
[0.943s] -- Up-to-date: /home/ahmo030/ros2-migration/arena/utils/unitree_ros/unitree_legged_msgs/install/unitree_legged_msgs/include/unitree_legged_msgs/unitree_legged_msgs/msg/detail/imu__rosidl_typesupport_fastrtps_c.h
[0.943s] -- Up-to-date: /home/ahmo030/ros2-migration/arena/utils/unitree_ros/unitree_legged_msgs/install/unitree_legged_msgs/include/unitree_legged_msgs/unitree_legged_msgs/msg/detail/bms_state__rosidl_typesupport_fastrtps_c.h
[0.943s] -- Up-to-date: /home/ahmo030/ros2-migration/arena/utils/unitree_ros/unitree_legged_msgs/install/unitree_legged_msgs/include/unitree_legged_msgs/unitree_legged_msgs/msg/detail/low_cmd__rosidl_typesupport_fastrtps_c.h
[0.943s] -- Up-to-date: /home/ahmo030/ros2-migration/arena/utils/unitree_ros/unitree_legged_msgs/install/unitree_legged_msgs/include/unitree_legged_msgs/unitree_legged_msgs/msg/detail/high_state__rosidl_typesupport_fastrtps_c.h
[0.943s] -- Up-to-date: /home/ahmo030/ros2-migration/arena/utils/unitree_ros/unitree_legged_msgs/install/unitree_legged_msgs/include/unitree_legged_msgs/unitree_legged_msgs/msg/detail/high_cmd__rosidl_typesupport_fastrtps_c.h
[0.943s] -- Up-to-date: /home/ahmo030/ros2-migration/arena/utils/unitree_ros/unitree_legged_msgs/install/unitree_legged_msgs/include/unitree_legged_msgs/unitree_legged_msgs/msg/detail/motor_cmd__rosidl_typesupport_fastrtps_c.h
[0.943s] -- Up-to-date: /home/ahmo030/ros2-migration/arena/utils/unitree_ros/unitree_legged_msgs/install/unitree_legged_msgs/include/unitree_legged_msgs/unitree_legged_msgs/msg/detail/cartesian__rosidl_typesupport_fastrtps_c.h
[0.943s] -- Up-to-date: /home/ahmo030/ros2-migration/arena/utils/unitree_ros/unitree_legged_msgs/install/unitree_legged_msgs/include/unitree_legged_msgs/unitree_legged_msgs/msg/detail/low_state__rosidl_typesupport_fastrtps_c.h
[0.943s] -- Up-to-date: /home/ahmo030/ros2-migration/arena/utils/unitree_ros/unitree_legged_msgs/install/unitree_legged_msgs/lib/libunitree_legged_msgs__rosidl_typesupport_fastrtps_c.so
[0.944s] -- Up-to-date: /home/ahmo030/ros2-migration/arena/utils/unitree_ros/unitree_legged_msgs/install/unitree_legged_msgs/include/unitree_legged_msgs/unitree_legged_msgs
[0.944s] -- Up-to-date: /home/ahmo030/ros2-migration/arena/utils/unitree_ros/unitree_legged_msgs/install/unitree_legged_msgs/include/unitree_legged_msgs/unitree_legged_msgs/msg
[0.944s] -- Up-to-date: /home/ahmo030/ros2-migration/arena/utils/unitree_ros/unitree_legged_msgs/install/unitree_legged_msgs/include/unitree_legged_msgs/unitree_legged_msgs/msg/rosidl_typesupport_introspection_c__visibility_control.h
[0.944s] -- Up-to-date: /home/ahmo030/ros2-migration/arena/utils/unitree_ros/unitree_legged_msgs/install/unitree_legged_msgs/include/unitree_legged_msgs/unitree_legged_msgs/msg/detail
[0.944s] -- Up-to-date: /home/ahmo030/ros2-migration/arena/utils/unitree_ros/unitree_legged_msgs/install/unitree_legged_msgs/include/unitree_legged_msgs/unitree_legged_msgs/msg/detail/low_state__type_support.c
[0.944s] -- Up-to-date: /home/ahmo030/ros2-migration/arena/utils/unitree_ros/unitree_legged_msgs/install/unitree_legged_msgs/include/unitree_legged_msgs/unitree_legged_msgs/msg/detail/high_cmd__type_support.c
[0.944s] -- Up-to-date: /home/ahmo030/ros2-migration/arena/utils/unitree_ros/unitree_legged_msgs/install/unitree_legged_msgs/include/unitree_legged_msgs/unitree_legged_msgs/msg/detail/cartesian__rosidl_typesupport_introspection_c.h
[0.944s] -- Up-to-date: /home/ahmo030/ros2-migration/arena/utils/unitree_ros/unitree_legged_msgs/install/unitree_legged_msgs/include/unitree_legged_msgs/unitree_legged_msgs/msg/detail/high_cmd__rosidl_typesupport_introspection_c.h
[0.944s] -- Up-to-date: /home/ahmo030/ros2-migration/arena/utils/unitree_ros/unitree_legged_msgs/install/unitree_legged_msgs/include/unitree_legged_msgs/unitree_legged_msgs/msg/detail/motor_state__type_support.c
[0.944s] -- Up-to-date: /home/ahmo030/ros2-migration/arena/utils/unitree_ros/unitree_legged_msgs/install/unitree_legged_msgs/include/unitree_legged_msgs/unitree_legged_msgs/msg/detail/cartesian__type_support.c
[0.944s] -- Up-to-date: /home/ahmo030/ros2-migration/arena/utils/unitree_ros/unitree_legged_msgs/install/unitree_legged_msgs/include/unitree_legged_msgs/unitree_legged_msgs/msg/detail/bms_state__type_support.c
[0.944s] -- Up-to-date: /home/ahmo030/ros2-migration/arena/utils/unitree_ros/unitree_legged_msgs/install/unitree_legged_msgs/include/unitree_legged_msgs/unitree_legged_msgs/msg/detail/led__rosidl_typesupport_introspection_c.h
[0.944s] -- Up-to-date: /home/ahmo030/ros2-migration/arena/utils/unitree_ros/unitree_legged_msgs/install/unitree_legged_msgs/include/unitree_legged_msgs/unitree_legged_msgs/msg/detail/imu__type_support.c
[0.944s] -- Up-to-date: /home/ahmo030/ros2-migration/arena/utils/unitree_ros/unitree_legged_msgs/install/unitree_legged_msgs/include/unitree_legged_msgs/unitree_legged_msgs/msg/detail/motor_cmd__rosidl_typesupport_introspection_c.h
[0.944s] -- Up-to-date: /home/ahmo030/ros2-migration/arena/utils/unitree_ros/unitree_legged_msgs/install/unitree_legged_msgs/include/unitree_legged_msgs/unitree_legged_msgs/msg/detail/bms_cmd__rosidl_typesupport_introspection_c.h
[0.944s] -- Up-to-date: /home/ahmo030/ros2-migration/arena/utils/unitree_ros/unitree_legged_msgs/install/unitree_legged_msgs/include/unitree_legged_msgs/unitree_legged_msgs/msg/detail/motor_cmd__type_support.c
[0.944s] -- Up-to-date: /home/ahmo030/ros2-migration/arena/utils/unitree_ros/unitree_legged_msgs/install/unitree_legged_msgs/include/unitree_legged_msgs/unitree_legged_msgs/msg/detail/imu__rosidl_typesupport_introspection_c.h
[0.944s] -- Up-to-date: /home/ahmo030/ros2-migration/arena/utils/unitree_ros/unitree_legged_msgs/install/unitree_legged_msgs/include/unitree_legged_msgs/unitree_legged_msgs/msg/detail/low_cmd__rosidl_typesupport_introspection_c.h
[0.944s] -- Up-to-date: /home/ahmo030/ros2-migration/arena/utils/unitree_ros/unitree_legged_msgs/install/unitree_legged_msgs/include/unitree_legged_msgs/unitree_legged_msgs/msg/detail/motor_state__rosidl_typesupport_introspection_c.h
[0.944s] -- Up-to-date: /home/ahmo030/ros2-migration/arena/utils/unitree_ros/unitree_legged_msgs/install/unitree_legged_msgs/include/unitree_legged_msgs/unitree_legged_msgs/msg/detail/low_state__rosidl_typesupport_introspection_c.h
[0.944s] -- Up-to-date: /home/ahmo030/ros2-migration/arena/utils/unitree_ros/unitree_legged_msgs/install/unitree_legged_msgs/include/unitree_legged_msgs/unitree_legged_msgs/msg/detail/bms_state__rosidl_typesupport_introspection_c.h
[0.944s] -- Up-to-date: /home/ahmo030/ros2-migration/arena/utils/unitree_ros/unitree_legged_msgs/install/unitree_legged_msgs/include/unitree_legged_msgs/unitree_legged_msgs/msg/detail/led__type_support.c
[0.944s] -- Up-to-date: /home/ahmo030/ros2-migration/arena/utils/unitree_ros/unitree_legged_msgs/install/unitree_legged_msgs/include/unitree_legged_msgs/unitree_legged_msgs/msg/detail/bms_cmd__type_support.c
[0.944s] -- Up-to-date: /home/ahmo030/ros2-migration/arena/utils/unitree_ros/unitree_legged_msgs/install/unitree_legged_msgs/include/unitree_legged_msgs/unitree_legged_msgs/msg/detail/high_state__type_support.c
[0.944s] -- Up-to-date: /home/ahmo030/ros2-migration/arena/utils/unitree_ros/unitree_legged_msgs/install/unitree_legged_msgs/include/unitree_legged_msgs/unitree_legged_msgs/msg/detail/high_state__rosidl_typesupport_introspection_c.h
[0.944s] -- Up-to-date: /home/ahmo030/ros2-migration/arena/utils/unitree_ros/unitree_legged_msgs/install/unitree_legged_msgs/include/unitree_legged_msgs/unitree_legged_msgs/msg/detail/low_cmd__type_support.c
[0.944s] -- Up-to-date: /home/ahmo030/ros2-migration/arena/utils/unitree_ros/unitree_legged_msgs/install/unitree_legged_msgs/lib/libunitree_legged_msgs__rosidl_typesupport_introspection_c.so
[0.944s] -- Up-to-date: /home/ahmo030/ros2-migration/arena/utils/unitree_ros/unitree_legged_msgs/install/unitree_legged_msgs/lib/libunitree_legged_msgs__rosidl_typesupport_c.so
[0.945s] -- Up-to-date: /home/ahmo030/ros2-migration/arena/utils/unitree_ros/unitree_legged_msgs/install/unitree_legged_msgs/include/unitree_legged_msgs/unitree_legged_msgs
[0.945s] -- Up-to-date: /home/ahmo030/ros2-migration/arena/utils/unitree_ros/unitree_legged_msgs/install/unitree_legged_msgs/include/unitree_legged_msgs/unitree_legged_msgs/msg
[0.945s] -- Up-to-date: /home/ahmo030/ros2-migration/arena/utils/unitree_ros/unitree_legged_msgs/install/unitree_legged_msgs/include/unitree_legged_msgs/unitree_legged_msgs/msg/bms_state.hpp
[0.945s] -- Up-to-date: /home/ahmo030/ros2-migration/arena/utils/unitree_ros/unitree_legged_msgs/install/unitree_legged_msgs/include/unitree_legged_msgs/unitree_legged_msgs/msg/motor_cmd.hpp
[0.945s] -- Up-to-date: /home/ahmo030/ros2-migration/arena/utils/unitree_ros/unitree_legged_msgs/install/unitree_legged_msgs/include/unitree_legged_msgs/unitree_legged_msgs/msg/motor_state.hpp
[0.945s] -- Up-to-date: /home/ahmo030/ros2-migration/arena/utils/unitree_ros/unitree_legged_msgs/install/unitree_legged_msgs/include/unitree_legged_msgs/unitree_legged_msgs/msg/led.hpp
[0.945s] -- Up-to-date: /home/ahmo030/ros2-migration/arena/utils/unitree_ros/unitree_legged_msgs/install/unitree_legged_msgs/include/unitree_legged_msgs/unitree_legged_msgs/msg/high_state.hpp
[0.945s] -- Up-to-date: /home/ahmo030/ros2-migration/arena/utils/unitree_ros/unitree_legged_msgs/install/unitree_legged_msgs/include/unitree_legged_msgs/unitree_legged_msgs/msg/bms_cmd.hpp
[0.945s] -- Up-to-date: /home/ahmo030/ros2-migration/arena/utils/unitree_ros/unitree_legged_msgs/install/unitree_legged_msgs/include/unitree_legged_msgs/unitree_legged_msgs/msg/high_cmd.hpp
[0.945s] -- Up-to-date: /home/ahmo030/ros2-migration/arena/utils/unitree_ros/unitree_legged_msgs/install/unitree_legged_msgs/include/unitree_legged_msgs/unitree_legged_msgs/msg/detail
[0.945s] -- Up-to-date: /home/ahmo030/ros2-migration/arena/utils/unitree_ros/unitree_legged_msgs/install/unitree_legged_msgs/include/unitree_legged_msgs/unitree_legged_msgs/msg/detail/motor_state__traits.hpp
[0.945s] -- Up-to-date: /home/ahmo030/ros2-migration/arena/utils/unitree_ros/unitree_legged_msgs/install/unitree_legged_msgs/include/unitree_legged_msgs/unitree_legged_msgs/msg/detail/bms_state__struct.hpp
[0.945s] -- Up-to-date: /home/ahmo030/ros2-migration/arena/utils/unitree_ros/unitree_legged_msgs/install/unitree_legged_msgs/include/unitree_legged_msgs/unitree_legged_msgs/msg/detail/bms_cmd__traits.hpp
[0.945s] -- Up-to-date: /home/ahmo030/ros2-migration/arena/utils/unitree_ros/unitree_legged_msgs/install/unitree_legged_msgs/include/unitree_legged_msgs/unitree_legged_msgs/msg/detail/high_cmd__struct.hpp
[0.945s] -- Up-to-date: /home/ahmo030/ros2-migration/arena/utils/unitree_ros/unitree_legged_msgs/install/unitree_legged_msgs/include/unitree_legged_msgs/unitree_legged_msgs/msg/detail/high_state__builder.hpp
[0.945s] -- Up-to-date: /home/ahmo030/ros2-migration/arena/utils/unitree_ros/unitree_legged_msgs/install/unitree_legged_msgs/include/unitree_legged_msgs/unitree_legged_msgs/msg/detail/high_cmd__builder.hpp
[0.945s] -- Up-to-date: /home/ahmo030/ros2-migration/arena/utils/unitree_ros/unitree_legged_msgs/install/unitree_legged_msgs/include/unitree_legged_msgs/unitree_legged_msgs/msg/detail/motor_cmd__traits.hpp
[0.945s] -- Up-to-date: /home/ahmo030/ros2-migration/arena/utils/unitree_ros/unitree_legged_msgs/install/unitree_legged_msgs/include/unitree_legged_msgs/unitree_legged_msgs/msg/detail/high_state__struct.hpp
[0.945s] -- Up-to-date: /home/ahmo030/ros2-migration/arena/utils/unitree_ros/unitree_legged_msgs/install/unitree_legged_msgs/include/unitree_legged_msgs/unitree_legged_msgs/msg/detail/led__traits.hpp
[0.945s] -- Up-to-date: /home/ahmo030/ros2-migration/arena/utils/unitree_ros/unitree_legged_msgs/install/unitree_legged_msgs/include/unitree_legged_msgs/unitree_legged_msgs/msg/detail/low_state__struct.hpp
[0.945s] -- Up-to-date: /home/ahmo030/ros2-migration/arena/utils/unitree_ros/unitree_legged_msgs/install/unitree_legged_msgs/include/unitree_legged_msgs/unitree_legged_msgs/msg/detail/low_cmd__builder.hpp
[0.945s] -- Up-to-date: /home/ahmo030/ros2-migration/arena/utils/unitree_ros/unitree_legged_msgs/install/unitree_legged_msgs/include/unitree_legged_msgs/unitree_legged_msgs/msg/detail/motor_cmd__struct.hpp
[0.945s] -- Up-to-date: /home/ahmo030/ros2-migration/arena/utils/unitree_ros/unitree_legged_msgs/install/unitree_legged_msgs/include/unitree_legged_msgs/unitree_legged_msgs/msg/detail/low_cmd__traits.hpp
[0.945s] -- Up-to-date: /home/ahmo030/ros2-migration/arena/utils/unitree_ros/unitree_legged_msgs/install/unitree_legged_msgs/include/unitree_legged_msgs/unitree_legged_msgs/msg/detail/imu__traits.hpp
[0.945s] -- Up-to-date: /home/ahmo030/ros2-migration/arena/utils/unitree_ros/unitree_legged_msgs/install/unitree_legged_msgs/include/unitree_legged_msgs/unitree_legged_msgs/msg/detail/motor_cmd__builder.hpp
[0.945s] -- Up-to-date: /home/ahmo030/ros2-migration/arena/utils/unitree_ros/unitree_legged_msgs/install/unitree_legged_msgs/include/unitree_legged_msgs/unitree_legged_msgs/msg/detail/cartesian__struct.hpp
[0.945s] -- Up-to-date: /home/ahmo030/ros2-migration/arena/utils/unitree_ros/unitree_legged_msgs/install/unitree_legged_msgs/include/unitree_legged_msgs/unitree_legged_msgs/msg/detail/bms_cmd__builder.hpp
[0.945s] -- Up-to-date: /home/ahmo030/ros2-migration/arena/utils/unitree_ros/unitree_legged_msgs/install/unitree_legged_msgs/include/unitree_legged_msgs/unitree_legged_msgs/msg/detail/motor_state__builder.hpp
[0.945s] -- Up-to-date: /home/ahmo030/ros2-migration/arena/utils/unitree_ros/unitree_legged_msgs/install/unitree_legged_msgs/include/unitree_legged_msgs/unitree_legged_msgs/msg/detail/low_cmd__struct.hpp
[0.945s] -- Up-to-date: /home/ahmo030/ros2-migration/arena/utils/unitree_ros/unitree_legged_msgs/install/unitree_legged_msgs/include/unitree_legged_msgs/unitree_legged_msgs/msg/detail/bms_state__traits.hpp
[0.946s] -- Up-to-date: /home/ahmo030/ros2-migration/arena/utils/unitree_ros/unitree_legged_msgs/install/unitree_legged_msgs/include/unitree_legged_msgs/unitree_legged_msgs/msg/detail/led__builder.hpp
[0.946s] -- Up-to-date: /home/ahmo030/ros2-migration/arena/utils/unitree_ros/unitree_legged_msgs/install/unitree_legged_msgs/include/unitree_legged_msgs/unitree_legged_msgs/msg/detail/motor_state__struct.hpp
[0.946s] -- Up-to-date: /home/ahmo030/ros2-migration/arena/utils/unitree_ros/unitree_legged_msgs/install/unitree_legged_msgs/include/unitree_legged_msgs/unitree_legged_msgs/msg/detail/high_state__traits.hpp
[0.946s] -- Up-to-date: /home/ahmo030/ros2-migration/arena/utils/unitree_ros/unitree_legged_msgs/install/unitree_legged_msgs/include/unitree_legged_msgs/unitree_legged_msgs/msg/detail/cartesian__builder.hpp
[0.946s] -- Up-to-date: /home/ahmo030/ros2-migration/arena/utils/unitree_ros/unitree_legged_msgs/install/unitree_legged_msgs/include/unitree_legged_msgs/unitree_legged_msgs/msg/detail/low_state__builder.hpp
[0.946s] -- Up-to-date: /home/ahmo030/ros2-migration/arena/utils/unitree_ros/unitree_legged_msgs/install/unitree_legged_msgs/include/unitree_legged_msgs/unitree_legged_msgs/msg/detail/low_state__traits.hpp
[0.946s] -- Up-to-date: /home/ahmo030/ros2-migration/arena/utils/unitree_ros/unitree_legged_msgs/install/unitree_legged_msgs/include/unitree_legged_msgs/unitree_legged_msgs/msg/detail/bms_state__builder.hpp
[0.946s] -- Up-to-date: /home/ahmo030/ros2-migration/arena/utils/unitree_ros/unitree_legged_msgs/install/unitree_legged_msgs/include/unitree_legged_msgs/unitree_legged_msgs/msg/detail/imu__builder.hpp
[0.946s] -- Up-to-date: /home/ahmo030/ros2-migration/arena/utils/unitree_ros/unitree_legged_msgs/install/unitree_legged_msgs/include/unitree_legged_msgs/unitree_legged_msgs/msg/detail/imu__struct.hpp
[0.946s] -- Up-to-date: /home/ahmo030/ros2-migration/arena/utils/unitree_ros/unitree_legged_msgs/install/unitree_legged_msgs/include/unitree_legged_msgs/unitree_legged_msgs/msg/detail/cartesian__traits.hpp
[0.946s] -- Up-to-date: /home/ahmo030/ros2-migration/arena/utils/unitree_ros/unitree_legged_msgs/install/unitree_legged_msgs/include/unitree_legged_msgs/unitree_legged_msgs/msg/detail/led__struct.hpp
[0.946s] -- Up-to-date: /home/ahmo030/ros2-migration/arena/utils/unitree_ros/unitree_legged_msgs/install/unitree_legged_msgs/include/unitree_legged_msgs/unitree_legged_msgs/msg/detail/high_cmd__traits.hpp
[0.946s] -- Up-to-date: /home/ahmo030/ros2-migration/arena/utils/unitree_ros/unitree_legged_msgs/install/unitree_legged_msgs/include/unitree_legged_msgs/unitree_legged_msgs/msg/detail/bms_cmd__struct.hpp
[0.946s] -- Up-to-date: /home/ahmo030/ros2-migration/arena/utils/unitree_ros/unitree_legged_msgs/install/unitree_legged_msgs/include/unitree_legged_msgs/unitree_legged_msgs/msg/cartesian.hpp
[0.946s] -- Up-to-date: /home/ahmo030/ros2-migration/arena/utils/unitree_ros/unitree_legged_msgs/install/unitree_legged_msgs/include/unitree_legged_msgs/unitree_legged_msgs/msg/low_state.hpp
[0.946s] -- Up-to-date: /home/ahmo030/ros2-migration/arena/utils/unitree_ros/unitree_legged_msgs/install/unitree_legged_msgs/include/unitree_legged_msgs/unitree_legged_msgs/msg/imu.hpp
[0.946s] -- Up-to-date: /home/ahmo030/ros2-migration/arena/utils/unitree_ros/unitree_legged_msgs/install/unitree_legged_msgs/include/unitree_legged_msgs/unitree_legged_msgs/msg/low_cmd.hpp
[0.946s] -- Up-to-date: /home/ahmo030/ros2-migration/arena/utils/unitree_ros/unitree_legged_msgs/install/unitree_legged_msgs/include/unitree_legged_msgs/unitree_legged_msgs
[0.946s] -- Up-to-date: /home/ahmo030/ros2-migration/arena/utils/unitree_ros/unitree_legged_msgs/install/unitree_legged_msgs/include/unitree_legged_msgs/unitree_legged_msgs/msg
[0.946s] -- Up-to-date: /home/ahmo030/ros2-migration/arena/utils/unitree_ros/unitree_legged_msgs/install/unitree_legged_msgs/include/unitree_legged_msgs/unitree_legged_msgs/msg/detail
[0.946s] -- Up-to-date: /home/ahmo030/ros2-migration/arena/utils/unitree_ros/unitree_legged_msgs/install/unitree_legged_msgs/include/unitree_legged_msgs/unitree_legged_msgs/msg/detail/imu__rosidl_typesupport_fastrtps_cpp.hpp
[0.946s] -- Up-to-date: /home/ahmo030/ros2-migration/arena/utils/unitree_ros/unitree_legged_msgs/install/unitree_legged_msgs/include/unitree_legged_msgs/unitree_legged_msgs/msg/detail/led__rosidl_typesupport_fastrtps_cpp.hpp
[0.946s] -- Up-to-date: /home/ahmo030/ros2-migration/arena/utils/unitree_ros/unitree_legged_msgs/install/unitree_legged_msgs/include/unitree_legged_msgs/unitree_legged_msgs/msg/detail/high_cmd__rosidl_typesupport_fastrtps_cpp.hpp
[0.946s] -- Up-to-date: /home/ahmo030/ros2-migration/arena/utils/unitree_ros/unitree_legged_msgs/install/unitree_legged_msgs/include/unitree_legged_msgs/unitree_legged_msgs/msg/detail/low_state__rosidl_typesupport_fastrtps_cpp.hpp
[0.946s] -- Up-to-date: /home/ahmo030/ros2-migration/arena/utils/unitree_ros/unitree_legged_msgs/install/unitree_legged_msgs/include/unitree_legged_msgs/unitree_legged_msgs/msg/detail/cartesian__rosidl_typesupport_fastrtps_cpp.hpp
[0.946s] -- Up-to-date: /home/ahmo030/ros2-migration/arena/utils/unitree_ros/unitree_legged_msgs/install/unitree_legged_msgs/include/unitree_legged_msgs/unitree_legged_msgs/msg/detail/motor_state__rosidl_typesupport_fastrtps_cpp.hpp
[0.946s] -- Up-to-date: /home/ahmo030/ros2-migration/arena/utils/unitree_ros/unitree_legged_msgs/install/unitree_legged_msgs/include/unitree_legged_msgs/unitree_legged_msgs/msg/detail/dds_fastrtps
[0.946s] -- Up-to-date: /home/ahmo030/ros2-migration/arena/utils/unitree_ros/unitree_legged_msgs/install/unitree_legged_msgs/include/unitree_legged_msgs/unitree_legged_msgs/msg/detail/high_state__rosidl_typesupport_fastrtps_cpp.hpp
[0.946s] -- Up-to-date: /home/ahmo030/ros2-migration/arena/utils/unitree_ros/unitree_legged_msgs/install/unitree_legged_msgs/include/unitree_legged_msgs/unitree_legged_msgs/msg/detail/bms_cmd__rosidl_typesupport_fastrtps_cpp.hpp
[0.947s] -- Up-to-date: /home/ahmo030/ros2-migration/arena/utils/unitree_ros/unitree_legged_msgs/install/unitree_legged_msgs/include/unitree_legged_msgs/unitree_legged_msgs/msg/detail/low_cmd__rosidl_typesupport_fastrtps_cpp.hpp
[0.947s] -- Up-to-date: /home/ahmo030/ros2-migration/arena/utils/unitree_ros/unitree_legged_msgs/install/unitree_legged_msgs/include/unitree_legged_msgs/unitree_legged_msgs/msg/detail/bms_state__rosidl_typesupport_fastrtps_cpp.hpp
[0.947s] -- Up-to-date: /home/ahmo030/ros2-migration/arena/utils/unitree_ros/unitree_legged_msgs/install/unitree_legged_msgs/include/unitree_legged_msgs/unitree_legged_msgs/msg/detail/motor_cmd__rosidl_typesupport_fastrtps_cpp.hpp
[0.947s] -- Up-to-date: /home/ahmo030/ros2-migration/arena/utils/unitree_ros/unitree_legged_msgs/install/unitree_legged_msgs/include/unitree_legged_msgs/unitree_legged_msgs/msg/rosidl_typesupport_fastrtps_cpp__visibility_control.h
[0.947s] -- Up-to-date: /home/ahmo030/ros2-migration/arena/utils/unitree_ros/unitree_legged_msgs/install/unitree_legged_msgs/lib/libunitree_legged_msgs__rosidl_typesupport_fastrtps_cpp.so
[0.947s] -- Up-to-date: /home/ahmo030/ros2-migration/arena/utils/unitree_ros/unitree_legged_msgs/install/unitree_legged_msgs/include/unitree_legged_msgs/unitree_legged_msgs
[0.947s] -- Up-to-date: /home/ahmo030/ros2-migration/arena/utils/unitree_ros/unitree_legged_msgs/install/unitree_legged_msgs/include/unitree_legged_msgs/unitree_legged_msgs/msg
[0.947s] -- Up-to-date: /home/ahmo030/ros2-migration/arena/utils/unitree_ros/unitree_legged_msgs/install/unitree_legged_msgs/include/unitree_legged_msgs/unitree_legged_msgs/msg/detail
[0.947s] -- Up-to-date: /home/ahmo030/ros2-migration/arena/utils/unitree_ros/unitree_legged_msgs/install/unitree_legged_msgs/include/unitree_legged_msgs/unitree_legged_msgs/msg/detail/bms_cmd__type_support.cpp
[0.947s] -- Up-to-date: /home/ahmo030/ros2-migration/arena/utils/unitree_ros/unitree_legged_msgs/install/unitree_legged_msgs/include/unitree_legged_msgs/unitree_legged_msgs/msg/detail/high_cmd__rosidl_typesupport_introspection_cpp.hpp
[0.947s] -- Up-to-date: /home/ahmo030/ros2-migration/arena/utils/unitree_ros/unitree_legged_msgs/install/unitree_legged_msgs/include/unitree_legged_msgs/unitree_legged_msgs/msg/detail/motor_state__type_support.cpp
[0.947s] -- Up-to-date: /home/ahmo030/ros2-migration/arena/utils/unitree_ros/unitree_legged_msgs/install/unitree_legged_msgs/include/unitree_legged_msgs/unitree_legged_msgs/msg/detail/low_state__type_support.cpp
[0.947s] -- Up-to-date: /home/ahmo030/ros2-migration/arena/utils/unitree_ros/unitree_legged_msgs/install/unitree_legged_msgs/include/unitree_legged_msgs/unitree_legged_msgs/msg/detail/bms_state__rosidl_typesupport_introspection_cpp.hpp
[0.947s] -- Up-to-date: /home/ahmo030/ros2-migration/arena/utils/unitree_ros/unitree_legged_msgs/install/unitree_legged_msgs/include/unitree_legged_msgs/unitree_legged_msgs/msg/detail/motor_cmd__type_support.cpp
[0.947s] -- Up-to-date: /home/ahmo030/ros2-migration/arena/utils/unitree_ros/unitree_legged_msgs/install/unitree_legged_msgs/include/unitree_legged_msgs/unitree_legged_msgs/msg/detail/low_cmd__type_support.cpp
[0.947s] -- Up-to-date: /home/ahmo030/ros2-migration/arena/utils/unitree_ros/unitree_legged_msgs/install/unitree_legged_msgs/include/unitree_legged_msgs/unitree_legged_msgs/msg/detail/cartesian__rosidl_typesupport_introspection_cpp.hpp
[0.947s] -- Up-to-date: /home/ahmo030/ros2-migration/arena/utils/unitree_ros/unitree_legged_msgs/install/unitree_legged_msgs/include/unitree_legged_msgs/unitree_legged_msgs/msg/detail/low_state__rosidl_typesupport_introspection_cpp.hpp
[0.947s] -- Up-to-date: /home/ahmo030/ros2-migration/arena/utils/unitree_ros/unitree_legged_msgs/install/unitree_legged_msgs/include/unitree_legged_msgs/unitree_legged_msgs/msg/detail/motor_state__rosidl_typesupport_introspection_cpp.hpp
[0.947s] -- Up-to-date: /home/ahmo030/ros2-migration/arena/utils/unitree_ros/unitree_legged_msgs/install/unitree_legged_msgs/include/unitree_legged_msgs/unitree_legged_msgs/msg/detail/cartesian__type_support.cpp
[0.947s] -- Up-to-date: /home/ahmo030/ros2-migration/arena/utils/unitree_ros/unitree_legged_msgs/install/unitree_legged_msgs/include/unitree_legged_msgs/unitree_legged_msgs/msg/detail/high_state__rosidl_typesupport_introspection_cpp.hpp
[0.947s] -- Up-to-date: /home/ahmo030/ros2-migration/arena/utils/unitree_ros/unitree_legged_msgs/install/unitree_legged_msgs/include/unitree_legged_msgs/unitree_legged_msgs/msg/detail/high_state__type_support.cpp
[0.947s] -- Up-to-date: /home/ahmo030/ros2-migration/arena/utils/unitree_ros/unitree_legged_msgs/install/unitree_legged_msgs/include/unitree_legged_msgs/unitree_legged_msgs/msg/detail/motor_cmd__rosidl_typesupport_introspection_cpp.hpp
[0.947s] -- Up-to-date: /home/ahmo030/ros2-migration/arena/utils/unitree_ros/unitree_legged_msgs/install/unitree_legged_msgs/include/unitree_legged_msgs/unitree_legged_msgs/msg/detail/led__type_support.cpp
[0.947s] -- Up-to-date: /home/ahmo030/ros2-migration/arena/utils/unitree_ros/unitree_legged_msgs/install/unitree_legged_msgs/include/unitree_legged_msgs/unitree_legged_msgs/msg/detail/low_cmd__rosidl_typesupport_introspection_cpp.hpp
[0.947s] -- Up-to-date: /home/ahmo030/ros2-migration/arena/utils/unitree_ros/unitree_legged_msgs/install/unitree_legged_msgs/include/unitree_legged_msgs/unitree_legged_msgs/msg/detail/bms_cmd__rosidl_typesupport_introspection_cpp.hpp
[0.947s] -- Up-to-date: /home/ahmo030/ros2-migration/arena/utils/unitree_ros/unitree_legged_msgs/install/unitree_legged_msgs/include/unitree_legged_msgs/unitree_legged_msgs/msg/detail/led__rosidl_typesupport_introspection_cpp.hpp
[0.947s] -- Up-to-date: /home/ahmo030/ros2-migration/arena/utils/unitree_ros/unitree_legged_msgs/install/unitree_legged_msgs/include/unitree_legged_msgs/unitree_legged_msgs/msg/detail/bms_state__type_support.cpp
[0.947s] -- Up-to-date: /home/ahmo030/ros2-migration/arena/utils/unitree_ros/unitree_legged_msgs/install/unitree_legged_msgs/include/unitree_legged_msgs/unitree_legged_msgs/msg/detail/imu__rosidl_typesupport_introspection_cpp.hpp
[0.947s] -- Up-to-date: /home/ahmo030/ros2-migration/arena/utils/unitree_ros/unitree_legged_msgs/install/unitree_legged_msgs/include/unitree_legged_msgs/unitree_legged_msgs/msg/detail/imu__type_support.cpp
[0.947s] -- Up-to-date: /home/ahmo030/ros2-migration/arena/utils/unitree_ros/unitree_legged_msgs/install/unitree_legged_msgs/include/unitree_legged_msgs/unitree_legged_msgs/msg/detail/high_cmd__type_support.cpp
[0.948s] -- Up-to-date: /home/ahmo030/ros2-migration/arena/utils/unitree_ros/unitree_legged_msgs/install/unitree_legged_msgs/lib/libunitree_legged_msgs__rosidl_typesupport_introspection_cpp.so
[0.948s] -- Up-to-date: /home/ahmo030/ros2-migration/arena/utils/unitree_ros/unitree_legged_msgs/install/unitree_legged_msgs/lib/libunitree_legged_msgs__rosidl_typesupport_cpp.so
[0.948s] -- Up-to-date: /home/ahmo030/ros2-migration/arena/utils/unitree_ros/unitree_legged_msgs/install/unitree_legged_msgs/share/unitree_legged_msgs/environment/pythonpath.sh
[0.948s] -- Up-to-date: /home/ahmo030/ros2-migration/arena/utils/unitree_ros/unitree_legged_msgs/install/unitree_legged_msgs/share/unitree_legged_msgs/environment/pythonpath.dsv
[0.948s] -- Up-to-date: /home/ahmo030/ros2-migration/arena/utils/unitree_ros/unitree_legged_msgs/install/unitree_legged_msgs/local/lib/python3.10/dist-packages/unitree_legged_msgs-0.0.0-py3.10.egg-info
[0.948s] -- Installing: /home/ahmo030/ros2-migration/arena/utils/unitree_ros/unitree_legged_msgs/install/unitree_legged_msgs/local/lib/python3.10/dist-packages/unitree_legged_msgs-0.0.0-py3.10.egg-info/SOURCES.txt
[0.948s] -- Installing: /home/ahmo030/ros2-migration/arena/utils/unitree_ros/unitree_legged_msgs/install/unitree_legged_msgs/local/lib/python3.10/dist-packages/unitree_legged_msgs-0.0.0-py3.10.egg-info/top_level.txt
[0.948s] -- Installing: /home/ahmo030/ros2-migration/arena/utils/unitree_ros/unitree_legged_msgs/install/unitree_legged_msgs/local/lib/python3.10/dist-packages/unitree_legged_msgs-0.0.0-py3.10.egg-info/dependency_links.txt
[0.948s] -- Installing: /home/ahmo030/ros2-migration/arena/utils/unitree_ros/unitree_legged_msgs/install/unitree_legged_msgs/local/lib/python3.10/dist-packages/unitree_legged_msgs-0.0.0-py3.10.egg-info/PKG-INFO
[0.948s] -- Up-to-date: /home/ahmo030/ros2-migration/arena/utils/unitree_ros/unitree_legged_msgs/install/unitree_legged_msgs/local/lib/python3.10/dist-packages/unitree_legged_msgs
[0.948s] -- Up-to-date: /home/ahmo030/ros2-migration/arena/utils/unitree_ros/unitree_legged_msgs/install/unitree_legged_msgs/local/lib/python3.10/dist-packages/unitree_legged_msgs/unitree_legged_msgs_s__rosidl_typesupport_c.cpython-36m-x86_64-linux-gnu.so
[0.948s] -- Up-to-date: /home/ahmo030/ros2-migration/arena/utils/unitree_ros/unitree_legged_msgs/install/unitree_legged_msgs/local/lib/python3.10/dist-packages/unitree_legged_msgs/_unitree_legged_msgs_s.ep.rosidl_typesupport_fastrtps_c.c
[0.948s] -- Up-to-date: /home/ahmo030/ros2-migration/arena/utils/unitree_ros/unitree_legged_msgs/install/unitree_legged_msgs/local/lib/python3.10/dist-packages/unitree_legged_msgs/unitree_legged_msgs_s__rosidl_typesupport_fastrtps_c.cpython-36m-x86_64-linux-gnu.so
[0.948s] -- Up-to-date: /home/ahmo030/ros2-migration/arena/utils/unitree_ros/unitree_legged_msgs/install/unitree_legged_msgs/local/lib/python3.10/dist-packages/unitree_legged_msgs/libunitree_legged_msgs__rosidl_generator_py.so
[0.948s] -- Up-to-date: /home/ahmo030/ros2-migration/arena/utils/unitree_ros/unitree_legged_msgs/install/unitree_legged_msgs/local/lib/python3.10/dist-packages/unitree_legged_msgs/_unitree_legged_msgs_s.ep.rosidl_typesupport_c.c
[0.948s] -- Up-to-date: /home/ahmo030/ros2-migration/arena/utils/unitree_ros/unitree_legged_msgs/install/unitree_legged_msgs/local/lib/python3.10/dist-packages/unitree_legged_msgs/_unitree_legged_msgs_s.ep.rosidl_typesupport_introspection_c.c
[0.948s] -- Up-to-date: /home/ahmo030/ros2-migration/arena/utils/unitree_ros/unitree_legged_msgs/install/unitree_legged_msgs/local/lib/python3.10/dist-packages/unitree_legged_msgs/unitree_legged_msgs_s__rosidl_typesupport_introspection_c.cpython-36m-x86_64-linux-gnu.so
[0.948s] -- Up-to-date: /home/ahmo030/ros2-migration/arena/utils/unitree_ros/unitree_legged_msgs/install/unitree_legged_msgs/local/lib/python3.10/dist-packages/unitree_legged_msgs/__init__.py
[0.948s] -- Up-to-date: /home/ahmo030/ros2-migration/arena/utils/unitree_ros/unitree_legged_msgs/install/unitree_legged_msgs/local/lib/python3.10/dist-packages/unitree_legged_msgs/msg
[0.948s] -- Up-to-date: /home/ahmo030/ros2-migration/arena/utils/unitree_ros/unitree_legged_msgs/install/unitree_legged_msgs/local/lib/python3.10/dist-packages/unitree_legged_msgs/msg/_bms_state.py
[0.948s] -- Up-to-date: /home/ahmo030/ros2-migration/arena/utils/unitree_ros/unitree_legged_msgs/install/unitree_legged_msgs/local/lib/python3.10/dist-packages/unitree_legged_msgs/msg/_high_state.py
[0.948s] -- Up-to-date: /home/ahmo030/ros2-migration/arena/utils/unitree_ros/unitree_legged_msgs/install/unitree_legged_msgs/local/lib/python3.10/dist-packages/unitree_legged_msgs/msg/_imu.py
[0.948s] -- Up-to-date: /home/ahmo030/ros2-migration/arena/utils/unitree_ros/unitree_legged_msgs/install/unitree_legged_msgs/local/lib/python3.10/dist-packages/unitree_legged_msgs/msg/_bms_state_s.c
[0.948s] -- Up-to-date: /home/ahmo030/ros2-migration/arena/utils/unitree_ros/unitree_legged_msgs/install/unitree_legged_msgs/local/lib/python3.10/dist-packages/unitree_legged_msgs/msg/_motor_cmd.py
[0.948s] -- Up-to-date: /home/ahmo030/ros2-migration/arena/utils/unitree_ros/unitree_legged_msgs/install/unitree_legged_msgs/local/lib/python3.10/dist-packages/unitree_legged_msgs/msg/_cartesian_s.c
[0.948s] -- Up-to-date: /home/ahmo030/ros2-migration/arena/utils/unitree_ros/unitree_legged_msgs/install/unitree_legged_msgs/local/lib/python3.10/dist-packages/unitree_legged_msgs/msg/_low_cmd.py
[0.949s] -- Up-to-date: /home/ahmo030/ros2-migration/arena/utils/unitree_ros/unitree_legged_msgs/install/unitree_legged_msgs/local/lib/python3.10/dist-packages/unitree_legged_msgs/msg/_high_state_s.c
[0.949s] -- Up-to-date: /home/ahmo030/ros2-migration/arena/utils/unitree_ros/unitree_legged_msgs/install/unitree_legged_msgs/local/lib/python3.10/dist-packages/unitree_legged_msgs/msg/_motor_cmd_s.c
[0.949s] -- Up-to-date: /home/ahmo030/ros2-migration/arena/utils/unitree_ros/unitree_legged_msgs/install/unitree_legged_msgs/local/lib/python3.10/dist-packages/unitree_legged_msgs/msg/_bms_cmd.py
[0.949s] -- Up-to-date: /home/ahmo030/ros2-migration/arena/utils/unitree_ros/unitree_legged_msgs/install/unitree_legged_msgs/local/lib/python3.10/dist-packages/unitree_legged_msgs/msg/_high_cmd.py
[0.949s] -- Up-to-date: /home/ahmo030/ros2-migration/arena/utils/unitree_ros/unitree_legged_msgs/install/unitree_legged_msgs/local/lib/python3.10/dist-packages/unitree_legged_msgs/msg/_cartesian.py
[0.949s] -- Up-to-date: /home/ahmo030/ros2-migration/arena/utils/unitree_ros/unitree_legged_msgs/install/unitree_legged_msgs/local/lib/python3.10/dist-packages/unitree_legged_msgs/msg/_low_state_s.c
[0.949s] -- Up-to-date: /home/ahmo030/ros2-migration/arena/utils/unitree_ros/unitree_legged_msgs/install/unitree_legged_msgs/local/lib/python3.10/dist-packages/unitree_legged_msgs/msg/_led_s.c
[0.949s] -- Up-to-date: /home/ahmo030/ros2-migration/arena/utils/unitree_ros/unitree_legged_msgs/install/unitree_legged_msgs/local/lib/python3.10/dist-packages/unitree_legged_msgs/msg/_high_cmd_s.c
[0.949s] -- Up-to-date: /home/ahmo030/ros2-migration/arena/utils/unitree_ros/unitree_legged_msgs/install/unitree_legged_msgs/local/lib/python3.10/dist-packages/unitree_legged_msgs/msg/_low_state.py
[0.949s] -- Up-to-date: /home/ahmo030/ros2-migration/arena/utils/unitree_ros/unitree_legged_msgs/install/unitree_legged_msgs/local/lib/python3.10/dist-packages/unitree_legged_msgs/msg/__init__.py
[0.949s] -- Up-to-date: /home/ahmo030/ros2-migration/arena/utils/unitree_ros/unitree_legged_msgs/install/unitree_legged_msgs/local/lib/python3.10/dist-packages/unitree_legged_msgs/msg/_low_cmd_s.c
[0.949s] -- Up-to-date: /home/ahmo030/ros2-migration/arena/utils/unitree_ros/unitree_legged_msgs/install/unitree_legged_msgs/local/lib/python3.10/dist-packages/unitree_legged_msgs/msg/_motor_state_s.c
[0.949s] -- Up-to-date: /home/ahmo030/ros2-migration/arena/utils/unitree_ros/unitree_legged_msgs/install/unitree_legged_msgs/local/lib/python3.10/dist-packages/unitree_legged_msgs/msg/_led.py
[0.949s] -- Up-to-date: /home/ahmo030/ros2-migration/arena/utils/unitree_ros/unitree_legged_msgs/install/unitree_legged_msgs/local/lib/python3.10/dist-packages/unitree_legged_msgs/msg/_imu_s.c
[0.949s] -- Up-to-date: /home/ahmo030/ros2-migration/arena/utils/unitree_ros/unitree_legged_msgs/install/unitree_legged_msgs/local/lib/python3.10/dist-packages/unitree_legged_msgs/msg/_motor_state.py
[0.949s] -- Up-to-date: /home/ahmo030/ros2-migration/arena/utils/unitree_ros/unitree_legged_msgs/install/unitree_legged_msgs/local/lib/python3.10/dist-packages/unitree_legged_msgs/msg/_bms_cmd_s.c
[0.965s] Listing '/home/ahmo030/ros2-migration/arena/utils/unitree_ros/unitree_legged_msgs/install/unitree_legged_msgs/local/lib/python3.10/dist-packages/unitree_legged_msgs'...
[0.965s] Listing '/home/ahmo030/ros2-migration/arena/utils/unitree_ros/unitree_legged_msgs/install/unitree_legged_msgs/local/lib/python3.10/dist-packages/unitree_legged_msgs/msg'...
[0.968s] -- Up-to-date: /home/ahmo030/ros2-migration/arena/utils/unitree_ros/unitree_legged_msgs/install/unitree_legged_msgs/local/lib/python3.10/dist-packages/unitree_legged_msgs/unitree_legged_msgs_s__rosidl_typesupport_fastrtps_c.cpython-36m-x86_64-linux-gnu.so
[0.968s] -- Up-to-date: /home/ahmo030/ros2-migration/arena/utils/unitree_ros/unitree_legged_msgs/install/unitree_legged_msgs/local/lib/python3.10/dist-packages/unitree_legged_msgs/unitree_legged_msgs_s__rosidl_typesupport_introspection_c.cpython-36m-x86_64-linux-gnu.so
[0.968s] -- Up-to-date: /home/ahmo030/ros2-migration/arena/utils/unitree_ros/unitree_legged_msgs/install/unitree_legged_msgs/local/lib/python3.10/dist-packages/unitree_legged_msgs/unitree_legged_msgs_s__rosidl_typesupport_c.cpython-36m-x86_64-linux-gnu.so
[0.968s] -- Up-to-date: /home/ahmo030/ros2-migration/arena/utils/unitree_ros/unitree_legged_msgs/install/unitree_legged_msgs/lib/libunitree_legged_msgs__rosidl_generator_py.so
[0.969s] -- Up-to-date: /home/ahmo030/ros2-migration/arena/utils/unitree_ros/unitree_legged_msgs/install/unitree_legged_msgs/share/unitree_legged_msgs/msg/MotorCmd.idl
[0.969s] -- Up-to-date: /home/ahmo030/ros2-migration/arena/utils/unitree_ros/unitree_legged_msgs/install/unitree_legged_msgs/share/unitree_legged_msgs/msg/MotorState.idl
[0.969s] -- Up-to-date: /home/ahmo030/ros2-migration/arena/utils/unitree_ros/unitree_legged_msgs/install/unitree_legged_msgs/share/unitree_legged_msgs/msg/BmsCmd.idl
[0.969s] -- Up-to-date: /home/ahmo030/ros2-migration/arena/utils/unitree_ros/unitree_legged_msgs/install/unitree_legged_msgs/share/unitree_legged_msgs/msg/BmsState.idl
[0.969s] -- Up-to-date: /home/ahmo030/ros2-migration/arena/utils/unitree_ros/unitree_legged_msgs/install/unitree_legged_msgs/share/unitree_legged_msgs/msg/Cartesian.idl
[0.969s] -- Up-to-date: /home/ahmo030/ros2-migration/arena/utils/unitree_ros/unitree_legged_msgs/install/unitree_legged_msgs/share/unitree_legged_msgs/msg/IMU.idl
[0.969s] -- Up-to-date: /home/ahmo030/ros2-migration/arena/utils/unitree_ros/unitree_legged_msgs/install/unitree_legged_msgs/share/unitree_legged_msgs/msg/LED.idl
[0.969s] -- Up-to-date: /home/ahmo030/ros2-migration/arena/utils/unitree_ros/unitree_legged_msgs/install/unitree_legged_msgs/share/unitree_legged_msgs/msg/LowCmd.idl
[0.969s] -- Up-to-date: /home/ahmo030/ros2-migration/arena/utils/unitree_ros/unitree_legged_msgs/install/unitree_legged_msgs/share/unitree_legged_msgs/msg/LowState.idl
[0.969s] -- Up-to-date: /home/ahmo030/ros2-migration/arena/utils/unitree_ros/unitree_legged_msgs/install/unitree_legged_msgs/share/unitree_legged_msgs/msg/HighCmd.idl
[0.969s] -- Up-to-date: /home/ahmo030/ros2-migration/arena/utils/unitree_ros/unitree_legged_msgs/install/unitree_legged_msgs/share/unitree_legged_msgs/msg/HighState.idl
[0.969s] -- Up-to-date: /home/ahmo030/ros2-migration/arena/utils/unitree_ros/unitree_legged_msgs/install/unitree_legged_msgs/share/unitree_legged_msgs/msg/MotorCmd.msg
[0.970s] -- Up-to-date: /home/ahmo030/ros2-migration/arena/utils/unitree_ros/unitree_legged_msgs/install/unitree_legged_msgs/share/unitree_legged_msgs/msg/MotorState.msg
[0.970s] -- Up-to-date: /home/ahmo030/ros2-migration/arena/utils/unitree_ros/unitree_legged_msgs/install/unitree_legged_msgs/share/unitree_legged_msgs/msg/BmsCmd.msg
[0.970s] -- Up-to-date: /home/ahmo030/ros2-migration/arena/utils/unitree_ros/unitree_legged_msgs/install/unitree_legged_msgs/share/unitree_legged_msgs/msg/BmsState.msg
[0.970s] -- Up-to-date: /home/ahmo030/ros2-migration/arena/utils/unitree_ros/unitree_legged_msgs/install/unitree_legged_msgs/share/unitree_legged_msgs/msg/Cartesian.msg
[0.970s] -- Up-to-date: /home/ahmo030/ros2-migration/arena/utils/unitree_ros/unitree_legged_msgs/install/unitree_legged_msgs/share/unitree_legged_msgs/msg/IMU.msg
[0.970s] -- Up-to-date: /home/ahmo030/ros2-migration/arena/utils/unitree_ros/unitree_legged_msgs/install/unitree_legged_msgs/share/unitree_legged_msgs/msg/LED.msg
[0.970s] -- Up-to-date: /home/ahmo030/ros2-migration/arena/utils/unitree_ros/unitree_legged_msgs/install/unitree_legged_msgs/share/unitree_legged_msgs/msg/LowCmd.msg
[0.970s] -- Up-to-date: /home/ahmo030/ros2-migration/arena/utils/unitree_ros/unitree_legged_msgs/install/unitree_legged_msgs/share/unitree_legged_msgs/msg/LowState.msg
[0.970s] -- Up-to-date: /home/ahmo030/ros2-migration/arena/utils/unitree_ros/unitree_legged_msgs/install/unitree_legged_msgs/share/unitree_legged_msgs/msg/HighCmd.msg
[0.970s] -- Up-to-date: /home/ahmo030/ros2-migration/arena/utils/unitree_ros/unitree_legged_msgs/install/unitree_legged_msgs/share/unitree_legged_msgs/msg/HighState.msg
[0.970s] -- Up-to-date: /home/ahmo030/ros2-migration/arena/utils/unitree_ros/unitree_legged_msgs/install/unitree_legged_msgs/share/ament_index/resource_index/package_run_dependencies/unitree_legged_msgs
[0.970s] -- Up-to-date: /home/ahmo030/ros2-migration/arena/utils/unitree_ros/unitree_legged_msgs/install/unitree_legged_msgs/share/ament_index/resource_index/parent_prefix_path/unitree_legged_msgs
[0.970s] -- Up-to-date: /home/ahmo030/ros2-migration/arena/utils/unitree_ros/unitree_legged_msgs/install/unitree_legged_msgs/share/unitree_legged_msgs/environment/ament_prefix_path.sh
[0.970s] -- Up-to-date: /home/ahmo030/ros2-migration/arena/utils/unitree_ros/unitree_legged_msgs/install/unitree_legged_msgs/share/unitree_legged_msgs/environment/ament_prefix_path.dsv
[0.970s] -- Up-to-date: /home/ahmo030/ros2-migration/arena/utils/unitree_ros/unitree_legged_msgs/install/unitree_legged_msgs/share/unitree_legged_msgs/environment/path.sh
[0.970s] -- Up-to-date: /home/ahmo030/ros2-migration/arena/utils/unitree_ros/unitree_legged_msgs/install/unitree_legged_msgs/share/unitree_legged_msgs/environment/path.dsv
[0.970s] -- Up-to-date: /home/ahmo030/ros2-migration/arena/utils/unitree_ros/unitree_legged_msgs/install/unitree_legged_msgs/share/unitree_legged_msgs/local_setup.bash
[0.970s] -- Up-to-date: /home/ahmo030/ros2-migration/arena/utils/unitree_ros/unitree_legged_msgs/install/unitree_legged_msgs/share/unitree_legged_msgs/local_setup.sh
[0.971s] -- Up-to-date: /home/ahmo030/ros2-migration/arena/utils/unitree_ros/unitree_legged_msgs/install/unitree_legged_msgs/share/unitree_legged_msgs/local_setup.zsh
[0.971s] -- Up-to-date: /home/ahmo030/ros2-migration/arena/utils/unitree_ros/unitree_legged_msgs/install/unitree_legged_msgs/share/unitree_legged_msgs/local_setup.dsv
[0.971s] -- Installing: /home/ahmo030/ros2-migration/arena/utils/unitree_ros/unitree_legged_msgs/install/unitree_legged_msgs/share/unitree_legged_msgs/package.dsv
[0.971s] -- Up-to-date: /home/ahmo030/ros2-migration/arena/utils/unitree_ros/unitree_legged_msgs/install/unitree_legged_msgs/share/ament_index/resource_index/packages/unitree_legged_msgs
[0.971s] -- Up-to-date: /home/ahmo030/ros2-migration/arena/utils/unitree_ros/unitree_legged_msgs/install/unitree_legged_msgs/share/unitree_legged_msgs/cmake/export_unitree_legged_msgs__rosidl_generator_cExport.cmake
[0.971s] -- Up-to-date: /home/ahmo030/ros2-migration/arena/utils/unitree_ros/unitree_legged_msgs/install/unitree_legged_msgs/share/unitree_legged_msgs/cmake/export_unitree_legged_msgs__rosidl_generator_cExport-noconfig.cmake
[0.971s] -- Up-to-date: /home/ahmo030/ros2-migration/arena/utils/unitree_ros/unitree_legged_msgs/install/unitree_legged_msgs/share/unitree_legged_msgs/cmake/export_unitree_legged_msgs__rosidl_typesupport_fastrtps_cExport.cmake
[0.971s] -- Up-to-date: /home/ahmo030/ros2-migration/arena/utils/unitree_ros/unitree_legged_msgs/install/unitree_legged_msgs/share/unitree_legged_msgs/cmake/export_unitree_legged_msgs__rosidl_typesupport_fastrtps_cExport-noconfig.cmake
[0.971s] -- Up-to-date: /home/ahmo030/ros2-migration/arena/utils/unitree_ros/unitree_legged_msgs/install/unitree_legged_msgs/share/unitree_legged_msgs/cmake/unitree_legged_msgs__rosidl_typesupport_introspection_cExport.cmake
[0.971s] -- Up-to-date: /home/ahmo030/ros2-migration/arena/utils/unitree_ros/unitree_legged_msgs/install/unitree_legged_msgs/share/unitree_legged_msgs/cmake/unitree_legged_msgs__rosidl_typesupport_introspection_cExport-noconfig.cmake
[0.971s] -- Up-to-date: /home/ahmo030/ros2-migration/arena/utils/unitree_ros/unitree_legged_msgs/install/unitree_legged_msgs/share/unitree_legged_msgs/cmake/unitree_legged_msgs__rosidl_typesupport_cExport.cmake
[0.971s] -- Up-to-date: /home/ahmo030/ros2-migration/arena/utils/unitree_ros/unitree_legged_msgs/install/unitree_legged_msgs/share/unitree_legged_msgs/cmake/unitree_legged_msgs__rosidl_typesupport_cExport-noconfig.cmake
[0.971s] -- Up-to-date: /home/ahmo030/ros2-migration/arena/utils/unitree_ros/unitree_legged_msgs/install/unitree_legged_msgs/share/unitree_legged_msgs/cmake/export_unitree_legged_msgs__rosidl_generator_cppExport.cmake
[0.971s] -- Up-to-date: /home/ahmo030/ros2-migration/arena/utils/unitree_ros/unitree_legged_msgs/install/unitree_legged_msgs/share/unitree_legged_msgs/cmake/export_unitree_legged_msgs__rosidl_typesupport_fastrtps_cppExport.cmake
[0.971s] -- Up-to-date: /home/ahmo030/ros2-migration/arena/utils/unitree_ros/unitree_legged_msgs/install/unitree_legged_msgs/share/unitree_legged_msgs/cmake/export_unitree_legged_msgs__rosidl_typesupport_fastrtps_cppExport-noconfig.cmake
[0.971s] -- Up-to-date: /home/ahmo030/ros2-migration/arena/utils/unitree_ros/unitree_legged_msgs/install/unitree_legged_msgs/share/unitree_legged_msgs/cmake/unitree_legged_msgs__rosidl_typesupport_introspection_cppExport.cmake
[0.971s] -- Up-to-date: /home/ahmo030/ros2-migration/arena/utils/unitree_ros/unitree_legged_msgs/install/unitree_legged_msgs/share/unitree_legged_msgs/cmake/unitree_legged_msgs__rosidl_typesupport_introspection_cppExport-noconfig.cmake
[0.971s] -- Up-to-date: /home/ahmo030/ros2-migration/arena/utils/unitree_ros/unitree_legged_msgs/install/unitree_legged_msgs/share/unitree_legged_msgs/cmake/unitree_legged_msgs__rosidl_typesupport_cppExport.cmake
[0.971s] -- Up-to-date: /home/ahmo030/ros2-migration/arena/utils/unitree_ros/unitree_legged_msgs/install/unitree_legged_msgs/share/unitree_legged_msgs/cmake/unitree_legged_msgs__rosidl_typesupport_cppExport-noconfig.cmake
[0.971s] -- Up-to-date: /home/ahmo030/ros2-migration/arena/utils/unitree_ros/unitree_legged_msgs/install/unitree_legged_msgs/share/unitree_legged_msgs/cmake/export_unitree_legged_msgs__rosidl_generator_pyExport.cmake
[0.971s] -- Up-to-date: /home/ahmo030/ros2-migration/arena/utils/unitree_ros/unitree_legged_msgs/install/unitree_legged_msgs/share/unitree_legged_msgs/cmake/export_unitree_legged_msgs__rosidl_generator_pyExport-noconfig.cmake
[0.971s] -- Up-to-date: /home/ahmo030/ros2-migration/arena/utils/unitree_ros/unitree_legged_msgs/install/unitree_legged_msgs/share/unitree_legged_msgs/cmake/rosidl_cmake-extras.cmake
[0.971s] -- Up-to-date: /home/ahmo030/ros2-migration/arena/utils/unitree_ros/unitree_legged_msgs/install/unitree_legged_msgs/share/unitree_legged_msgs/cmake/ament_cmake_export_dependencies-extras.cmake
[0.971s] -- Up-to-date: /home/ahmo030/ros2-migration/arena/utils/unitree_ros/unitree_legged_msgs/install/unitree_legged_msgs/share/unitree_legged_msgs/cmake/ament_cmake_export_include_directories-extras.cmake
[0.971s] -- Up-to-date: /home/ahmo030/ros2-migration/arena/utils/unitree_ros/unitree_legged_msgs/install/unitree_legged_msgs/share/unitree_legged_msgs/cmake/ament_cmake_export_libraries-extras.cmake
[0.971s] -- Up-to-date: /home/ahmo030/ros2-migration/arena/utils/unitree_ros/unitree_legged_msgs/install/unitree_legged_msgs/share/unitree_legged_msgs/cmake/ament_cmake_export_targets-extras.cmake
[0.972s] -- Up-to-date: /home/ahmo030/ros2-migration/arena/utils/unitree_ros/unitree_legged_msgs/install/unitree_legged_msgs/share/unitree_legged_msgs/cmake/rosidl_cmake_export_typesupport_targets-extras.cmake
[0.972s] -- Up-to-date: /home/ahmo030/ros2-migration/arena/utils/unitree_ros/unitree_legged_msgs/install/unitree_legged_msgs/share/unitree_legged_msgs/cmake/rosidl_cmake_export_typesupport_libraries-extras.cmake
[0.972s] -- Up-to-date: /home/ahmo030/ros2-migration/arena/utils/unitree_ros/unitree_legged_msgs/install/unitree_legged_msgs/share/unitree_legged_msgs/cmake/unitree_legged_msgsConfig.cmake
[0.972s] -- Up-to-date: /home/ahmo030/ros2-migration/arena/utils/unitree_ros/unitree_legged_msgs/install/unitree_legged_msgs/share/unitree_legged_msgs/cmake/unitree_legged_msgsConfig-version.cmake
[0.972s] -- Up-to-date: /home/ahmo030/ros2-migration/arena/utils/unitree_ros/unitree_legged_msgs/install/unitree_legged_msgs/share/unitree_legged_msgs/package.xml
[0.972s] Invoked command in '/home/ahmo030/ros2-migration/arena/utils/unitree_ros/unitree_legged_msgs/build/unitree_legged_msgs' returned '0': CMAKE_PREFIX_PATH=/opt/ros/humble:${CMAKE_PREFIX_PATH} /usr/bin/cmake --install /home/ahmo030/ros2-migration/arena/utils/unitree_ros/unitree_legged_msgs/build/unitree_legged_msgs
