running build
running build_py
creating /home/ahmo030/ros2-migration/arena/arena-rosnav/utils/misc/rviz_utils/build/rviz_utils/build
creating /home/ahmo030/ros2-migration/arena/arena-rosnav/utils/misc/rviz_utils/build/rviz_utils/build/lib
creating /home/ahmo030/ros2-migration/arena/arena-rosnav/utils/misc/rviz_utils/build/rviz_utils/build/lib/rviz_utils
copying rviz_utils/config.py -> /home/ahmo030/ros2-migration/arena/arena-rosnav/utils/misc/rviz_utils/build/rviz_utils/build/lib/rviz_utils
copying rviz_utils/utils.py -> /home/ahmo030/ros2-migration/arena/arena-rosnav/utils/misc/rviz_utils/build/rviz_utils/build/lib/rviz_utils
copying rviz_utils/matchers.py -> /home/ahmo030/ros2-migration/arena/arena-rosnav/utils/misc/rviz_utils/build/rviz_utils/build/lib/rviz_utils
running install
running install_lib
creating /home/ahmo030/ros2-migration/arena/arena-rosnav/utils/misc/rviz_utils/install/rviz_utils/lib/python3.10/site-packages/rviz_utils
copying /home/ahmo030/ros2-migration/arena/arena-rosnav/utils/misc/rviz_utils/build/rviz_utils/build/lib/rviz_utils/config.py -> /home/ahmo030/ros2-migration/arena/arena-rosnav/utils/misc/rviz_utils/install/rviz_utils/lib/python3.10/site-packages/rviz_utils
copying /home/ahmo030/ros2-migration/arena/arena-rosnav/utils/misc/rviz_utils/build/rviz_utils/build/lib/rviz_utils/utils.py -> /home/ahmo030/ros2-migration/arena/arena-rosnav/utils/misc/rviz_utils/install/rviz_utils/lib/python3.10/site-packages/rviz_utils
copying /home/ahmo030/ros2-migration/arena/arena-rosnav/utils/misc/rviz_utils/build/rviz_utils/build/lib/rviz_utils/matchers.py -> /home/ahmo030/ros2-migration/arena/arena-rosnav/utils/misc/rviz_utils/install/rviz_utils/lib/python3.10/site-packages/rviz_utils
byte-compiling /home/ahmo030/ros2-migration/arena/arena-rosnav/utils/misc/rviz_utils/install/rviz_utils/lib/python3.10/site-packages/rviz_utils/config.py to config.cpython-310.pyc
byte-compiling /home/ahmo030/ros2-migration/arena/arena-rosnav/utils/misc/rviz_utils/install/rviz_utils/lib/python3.10/site-packages/rviz_utils/utils.py to utils.cpython-310.pyc
byte-compiling /home/ahmo030/ros2-migration/arena/arena-rosnav/utils/misc/rviz_utils/install/rviz_utils/lib/python3.10/site-packages/rviz_utils/matchers.py to matchers.cpython-310.pyc
running install_egg_info
Writing /home/ahmo030/ros2-migration/arena/arena-rosnav/utils/misc/rviz_utils/install/rviz_utils/lib/python3.10/site-packages/rviz_utils-0.0.0.egg-info
writing list of installed files to '/home/ahmo030/ros2-migration/arena/arena-rosnav/utils/misc/rviz_utils/build/rviz_utils/install.log'
