[0.289s] Invoking command in '/home/ahmo030/ros2-migration/arena/arena-rosnav/utils/misc/rviz_utils': PYTHONPATH=/home/ahmo030/ros2-migration/arena/arena-rosnav/utils/misc/rviz_utils/build/rviz_utils/prefix_override:/home/ahmo030/ros2-migration/arena/arena-rosnav/utils/misc/rviz_utils/install/rviz_utils/lib/python3.10/site-packages:${PYTHONPATH} /usr/bin/python3 -W ignore:setup.py install is deprecated setup.py build --build-base /home/ahmo030/ros2-migration/arena/arena-rosnav/utils/misc/rviz_utils/build/rviz_utils/build install --record /home/ahmo030/ros2-migration/arena/arena-rosnav/utils/misc/rviz_utils/build/rviz_utils/install.log
[0.300s] /home/ahmo030/ros2-migration/arena/arena-rosnav/utils/misc/rviz_utils/setup.py:3: DeprecationWarning: The distutils package is deprecated and slated for removal in Python 3.12. Use setuptools or check PEP 632 for potential alternatives
[0.300s]   from distutils.core import setup
[0.327s] running build
[0.327s] running build_py
[0.327s] package init file 'rviz_utils/__init__.py' not found (or not a regular file)
[0.328s] creating /home/ahmo030/ros2-migration/arena/arena-rosnav/utils/misc/rviz_utils/build/rviz_utils/build
[0.328s] creating /home/ahmo030/ros2-migration/arena/arena-rosnav/utils/misc/rviz_utils/build/rviz_utils/build/lib
[0.328s] creating /home/ahmo030/ros2-migration/arena/arena-rosnav/utils/misc/rviz_utils/build/rviz_utils/build/lib/rviz_utils
[0.328s] copying rviz_utils/config.py -> /home/ahmo030/ros2-migration/arena/arena-rosnav/utils/misc/rviz_utils/build/rviz_utils/build/lib/rviz_utils
[0.328s] copying rviz_utils/utils.py -> /home/ahmo030/ros2-migration/arena/arena-rosnav/utils/misc/rviz_utils/build/rviz_utils/build/lib/rviz_utils
[0.328s] copying rviz_utils/matchers.py -> /home/ahmo030/ros2-migration/arena/arena-rosnav/utils/misc/rviz_utils/build/rviz_utils/build/lib/rviz_utils
[0.328s] package init file 'rviz_utils/__init__.py' not found (or not a regular file)
[0.328s] running install
[0.328s] running install_lib
[0.328s] creating /home/ahmo030/ros2-migration/arena/arena-rosnav/utils/misc/rviz_utils/install/rviz_utils/lib/python3.10/site-packages/rviz_utils
[0.328s] copying /home/ahmo030/ros2-migration/arena/arena-rosnav/utils/misc/rviz_utils/build/rviz_utils/build/lib/rviz_utils/config.py -> /home/ahmo030/ros2-migration/arena/arena-rosnav/utils/misc/rviz_utils/install/rviz_utils/lib/python3.10/site-packages/rviz_utils
[0.328s] copying /home/ahmo030/ros2-migration/arena/arena-rosnav/utils/misc/rviz_utils/build/rviz_utils/build/lib/rviz_utils/utils.py -> /home/ahmo030/ros2-migration/arena/arena-rosnav/utils/misc/rviz_utils/install/rviz_utils/lib/python3.10/site-packages/rviz_utils
[0.328s] copying /home/ahmo030/ros2-migration/arena/arena-rosnav/utils/misc/rviz_utils/build/rviz_utils/build/lib/rviz_utils/matchers.py -> /home/ahmo030/ros2-migration/arena/arena-rosnav/utils/misc/rviz_utils/install/rviz_utils/lib/python3.10/site-packages/rviz_utils
[0.329s] byte-compiling /home/ahmo030/ros2-migration/arena/arena-rosnav/utils/misc/rviz_utils/install/rviz_utils/lib/python3.10/site-packages/rviz_utils/config.py to config.cpython-310.pyc
[0.329s] byte-compiling /home/ahmo030/ros2-migration/arena/arena-rosnav/utils/misc/rviz_utils/install/rviz_utils/lib/python3.10/site-packages/rviz_utils/utils.py to utils.cpython-310.pyc
[0.330s] byte-compiling /home/ahmo030/ros2-migration/arena/arena-rosnav/utils/misc/rviz_utils/install/rviz_utils/lib/python3.10/site-packages/rviz_utils/matchers.py to matchers.cpython-310.pyc
[0.330s] running install_egg_info
[0.330s] Writing /home/ahmo030/ros2-migration/arena/arena-rosnav/utils/misc/rviz_utils/install/rviz_utils/lib/python3.10/site-packages/rviz_utils-0.0.0.egg-info
[0.330s] package init file 'rviz_utils/__init__.py' not found (or not a regular file)
[0.330s] writing list of installed files to '/home/ahmo030/ros2-migration/arena/arena-rosnav/utils/misc/rviz_utils/build/rviz_utils/install.log'
[0.335s] Invoked command in '/home/ahmo030/ros2-migration/arena/arena-rosnav/utils/misc/rviz_utils' returned '0': PYTHONPATH=/home/ahmo030/ros2-migration/arena/arena-rosnav/utils/misc/rviz_utils/build/rviz_utils/prefix_override:/home/ahmo030/ros2-migration/arena/arena-rosnav/utils/misc/rviz_utils/install/rviz_utils/lib/python3.10/site-packages:${PYTHONPATH} /usr/bin/python3 -W ignore:setup.py install is deprecated setup.py build --build-base /home/ahmo030/ros2-migration/arena/arena-rosnav/utils/misc/rviz_utils/build/rviz_utils/build install --record /home/ahmo030/ros2-migration/arena/arena-rosnav/utils/misc/rviz_utils/build/rviz_utils/install.log
