[0.005s] Invoking command in '/home/ahmo030/ros2-migration/arena/arena-rosnav/utils/ros/rosnodes/intermediate_planner/build/intermediate_planner': CMAKE_PREFIX_PATH=/opt/ros/humble:${CMAKE_PREFIX_PATH} /usr/bin/cmake /home/ahmo030/ros2-migration/arena/arena-rosnav/utils/ros/rosnodes/intermediate_planner -DCMAKE_INSTALL_PREFIX=/home/ahmo030/ros2-migration/arena/arena-rosnav/utils/ros/rosnodes/intermediate_planner/install/intermediate_planner
[0.032s] -- The C compiler identification is GNU 11.4.0
[0.077s] -- The CXX compiler identification is GNU 11.4.0
[0.081s] -- Detecting C compiler ABI info
[0.118s] -- Detecting C compiler ABI info - done
[0.125s] -- Check for working C compiler: /usr/bin/cc - skipped
[0.125s] -- Detecting C compile features
[0.125s] -- Detecting C compile features - done
[0.127s] -- Detecting CXX compiler ABI info
[0.174s] -- Detecting CXX compiler ABI info - done
[0.178s] -- Check for working CXX compiler: /usr/bin/c++ - skipped
[0.178s] -- Detecting CXX compile features
[0.178s] -- Detecting CXX compile features - done
[0.180s] -- Found ament_cmake: 1.3.8 (/opt/ros/humble/share/ament_cmake/cmake)
[0.283s] -- Found Python3: /usr/bin/python3 (found version "3.10.12") found components: Interpreter 
[0.328s] -- Found laser_geometry: 2.4.0 (/opt/ros/humble/share/laser_geometry/cmake)
[0.361s] -- Found rosidl_generator_c: 3.1.5 (/opt/ros/humble/share/rosidl_generator_c/cmake)
[0.364s] -- Found rosidl_adapter: 3.1.5 (/opt/ros/humble/share/rosidl_adapter/cmake)
[0.368s] -- Found rosidl_generator_cpp: 3.1.5 (/opt/ros/humble/share/rosidl_generator_cpp/cmake)
[0.375s] -- Using all available rosidl_typesupport_c: rosidl_typesupport_fastrtps_c;rosidl_typesupport_introspection_c
[0.385s] -- Using all available rosidl_typesupport_cpp: rosidl_typesupport_fastrtps_cpp;rosidl_typesupport_introspection_cpp
[0.422s] -- Found rmw_implementation_cmake: 6.1.1 (/opt/ros/humble/share/rmw_implementation_cmake/cmake)
[0.423s] -- Found rmw_fastrtps_cpp: 6.2.6 (/opt/ros/humble/share/rmw_fastrtps_cpp/cmake)
[0.473s] -- Found OpenSSL: /usr/lib/x86_64-linux-gnu/libcrypto.so (found version "3.0.2")  
[0.493s] -- Found FastRTPS: /opt/ros/humble/include  
[0.526s] -- Using RMW implementation 'rmw_fastrtps_cpp' as default
[0.533s] -- Looking for pthread.h
[0.577s] -- Looking for pthread.h - found
[0.577s] -- Performing Test CMAKE_HAVE_LIBC_PTHREAD
[0.636s] -- Performing Test CMAKE_HAVE_LIBC_PTHREAD - Success
[0.636s] -- Found Threads: TRUE  
[0.826s] CMake Error at CMakeLists.txt:20 (find_package):
[0.826s]   By not providing "Findmapping.cmake" in CMAKE_MODULE_PATH this project has
[0.826s]   asked CMake to find a package configuration file provided by "mapping", but
[0.826s]   CMake did not find one.
[0.826s] 
[0.826s]   Could not find a package configuration file provided by "mapping" with any
[0.826s]   of the following names:
[0.826s] 
[0.826s]     mappingConfig.cmake
[0.826s]     mapping-config.cmake
[0.826s] 
[0.826s]   Add the installation prefix of "mapping" to CMAKE_PREFIX_PATH or set
[0.826s]   "mapping_DIR" to a directory containing one of the above files.  If
[0.826s]   "mapping" provides a separate development package or SDK, be sure it has
[0.827s]   been installed.
[0.827s] 
[0.827s] 
[0.827s] -- Configuring incomplete, errors occurred!
[0.827s] See also "/home/ahmo030/ros2-migration/arena/arena-rosnav/utils/ros/rosnodes/intermediate_planner/build/intermediate_planner/CMakeFiles/CMakeOutput.log".
[0.832s] Invoked command in '/home/ahmo030/ros2-migration/arena/arena-rosnav/utils/ros/rosnodes/intermediate_planner/build/intermediate_planner' returned '1': CMAKE_PREFIX_PATH=/opt/ros/humble:${CMAKE_PREFIX_PATH} /usr/bin/cmake /home/ahmo030/ros2-migration/arena/arena-rosnav/utils/ros/rosnodes/intermediate_planner -DCMAKE_INSTALL_PREFIX=/home/ahmo030/ros2-migration/arena/arena-rosnav/utils/ros/rosnodes/intermediate_planner/install/intermediate_planner
