[0.028s] Invoking command in '/ros2-migration/build/pmb2_description': CMAKE_PREFIX_PATH=/opt/ros/humble /usr/bin/cmake /ros2-migration/arena/utils/3rd-party-robot-packages/tiago/pmb2_description -DCMAKE_INSTALL_PREFIX=/ros2-migration/install/pmb2_description
[0.103s] -- Found ament_cmake: 1.3.9 (/opt/ros/humble/share/ament_cmake/cmake)
[0.624s] -- Found Python3: /usr/bin/python3 (found version "3.10.12") found components: Interpreter 
[0.857s] [31mCMake Error at CMakeLists.txt:12 (find_package):
[0.859s]   By not providing "Findcatkin.cmake" in CMAKE_MODULE_PATH this project has
[0.863s]   asked CMake to find a package configuration file provided by "catkin", but
[0.863s]   CMake did not find one.
[0.864s] 
[0.864s]   Could not find a package configuration file provided by "catkin" with any
[0.864s]   of the following names:
[0.865s] 
[0.865s]     catkinConfig.cmake
[0.865s]     catkin-config.cmake
[0.866s] 
[0.866s]   Add the installation prefix of "catkin" to CMAKE_PREFIX_PATH or set
[0.866s]   "catkin_DIR" to a directory containing one of the above files.  If "catkin"
[0.866s]   provides a separate development package or SDK, be sure it has been
[0.867s]   installed.
[0.867s] 
[0.867s] [0m
[0.868s] -- Configuring incomplete, errors occurred!
[0.868s] See also "/ros2-migration/build/pmb2_description/CMakeFiles/CMakeOutput.log".
