[0.005s] Invoking command in '/home/ahmo030/ros2-migration/arena/arena-rosnav/utils/ros/rosnodes/intermediate_planner/build/intermediate_planner': CMAKE_PREFIX_PATH=/opt/ros/humble:${CMAKE_PREFIX_PATH} /usr/bin/cmake /home/ahmo030/ros2-migration/arena/arena-rosnav/utils/ros/rosnodes/intermediate_planner -DCMAKE_INSTALL_PREFIX=/home/ahmo030/ros2-migration/arena/arena-rosnav/utils/ros/rosnodes/intermediate_planner/install/intermediate_planner
[0.011s] -- Found ament_cmake: 1.3.8 (/opt/ros/humble/share/ament_cmake/cmake)
[0.097s] -- Found laser_geometry: 2.4.0 (/opt/ros/humble/share/laser_geometry/cmake)
[0.123s] -- Found rosidl_generator_c: 3.1.5 (/opt/ros/humble/share/rosidl_generator_c/cmake)
[0.125s] -- Found rosidl_adapter: 3.1.5 (/opt/ros/humble/share/rosidl_adapter/cmake)
[0.128s] -- Found rosidl_generator_cpp: 3.1.5 (/opt/ros/humble/share/rosidl_generator_cpp/cmake)
[0.133s] -- Using all available rosidl_typesupport_c: rosidl_typesupport_fastrtps_c;rosidl_typesupport_introspection_c
[0.141s] -- Using all available rosidl_typesupport_cpp: rosidl_typesupport_fastrtps_cpp;rosidl_typesupport_introspection_cpp
[0.172s] -- Found rmw_implementation_cmake: 6.1.1 (/opt/ros/humble/share/rmw_implementation_cmake/cmake)
[0.173s] -- Found rmw_fastrtps_cpp: 6.2.6 (/opt/ros/humble/share/rmw_fastrtps_cpp/cmake)
[0.252s] -- Using RMW implementation 'rmw_fastrtps_cpp' as default
[0.423s] CMake Error at CMakeLists.txt:20 (find_package):
[0.423s]   By not providing "Findmapping.cmake" in CMAKE_MODULE_PATH this project has
[0.423s]   asked CMake to find a package configuration file provided by "mapping", but
[0.423s]   CMake did not find one.
[0.423s] 
[0.423s]   Could not find a package configuration file provided by "mapping" with any
[0.423s]   of the following names:
[0.423s] 
[0.423s]     mappingConfig.cmake
[0.423s]     mapping-config.cmake
[0.423s] 
[0.423s]   Add the installation prefix of "mapping" to CMAKE_PREFIX_PATH or set
[0.423s]   "mapping_DIR" to a directory containing one of the above files.  If
[0.423s]   "mapping" provides a separate development package or SDK, be sure it has
[0.423s]   been installed.
[0.424s] 
[0.424s] 
[0.424s] -- Configuring incomplete, errors occurred!
[0.424s] See also "/home/ahmo030/ros2-migration/arena/arena-rosnav/utils/ros/rosnodes/intermediate_planner/build/intermediate_planner/CMakeFiles/CMakeOutput.log".
[0.427s] Invoked command in '/home/ahmo030/ros2-migration/arena/arena-rosnav/utils/ros/rosnodes/intermediate_planner/build/intermediate_planner' returned '1': CMAKE_PREFIX_PATH=/opt/ros/humble:${CMAKE_PREFIX_PATH} /usr/bin/cmake /home/ahmo030/ros2-migration/arena/arena-rosnav/utils/ros/rosnodes/intermediate_planner -DCMAKE_INSTALL_PREFIX=/home/ahmo030/ros2-migration/arena/arena-rosnav/utils/ros/rosnodes/intermediate_planner/install/intermediate_planner
