[0.027s] Invoking command in '/ros2-migration/build/cob_srvs': /usr/bin/cmake --build /ros2-migration/build/cob_srvs -- -j8 -l8
[0.129s] [  0%] Built target ament_cmake_python_copy_cob_srvs
[0.131s] [ 10%] Built target cob_srvs__rosidl_generator_c
[0.137s] [ 12%] Built target cob_srvs__cpp
[0.172s] [ 23%] Built target cob_srvs__rosidl_typesupport_fastrtps_c
[0.190s] [ 34%] Built target cob_srvs__rosidl_typesupport_introspection_c
[0.225s] [ 45%] Built target cob_srvs__rosidl_typesupport_c
[0.243s] [ 56%] Built target cob_srvs__rosidl_typesupport_fastrtps_cpp
[0.248s] [ 67%] Built target cob_srvs__rosidl_typesupport_introspection_cpp
[0.269s] [ 78%] Built target cob_srvs__rosidl_typesupport_cpp
[0.285s] [ 78%] Built target cob_srvs
[0.301s] [ 80%] Built target cob_srvs__py
[0.318s] [ 89%] Built target cob_srvs__rosidl_generator_py
[0.334s] [ 98%] Built target cob_srvs__rosidl_typesupport_c__pyext
[0.334s] [ 98%] Built target cob_srvs__rosidl_typesupport_fastrtps_c__pyext
[0.335s] [100%] Built target cob_srvs__rosidl_typesupport_introspection_c__pyext
[0.344s] running egg_info
[0.353s] writing cob_srvs.egg-info/PKG-INFO
[0.354s] writing dependency_links to cob_srvs.egg-info/dependency_links.txt
[0.354s] writing top-level names to cob_srvs.egg-info/top_level.txt
[0.380s] reading manifest file 'cob_srvs.egg-info/SOURCES.txt'
[0.381s] writing manifest file 'cob_srvs.egg-info/SOURCES.txt'
[0.404s] [100%] Built target ament_cmake_python_build_cob_srvs_egg
