[0.006s] Invoking command in '/home/ahmo030/ros2-migration/arena/utils/unitree_ros/unitree_ros/unitree_legged_control/build/unitree_legged_control': CMAKE_PREFIX_PATH=/opt/ros/humble:${CMAKE_PREFIX_PATH} /usr/bin/cmake /home/ahmo030/ros2-migration/arena/utils/unitree_ros/unitree_ros/unitree_legged_control -DCMAKE_INSTALL_PREFIX=/home/ahmo030/ros2-migration/arena/utils/unitree_ros/unitree_ros/unitree_legged_control/install/unitree_legged_control
[0.011s] -- Found ament_cmake: 1.3.8 (/opt/ros/humble/share/ament_cmake/cmake)
[0.087s] -- Found hardware_interface: 2.40.0 (/opt/ros/humble/share/hardware_interface/cmake)
[0.105s] -- Found rosidl_generator_c: 3.1.5 (/opt/ros/humble/share/rosidl_generator_c/cmake)
[0.106s] -- Found rosidl_adapter: 3.1.5 (/opt/ros/humble/share/rosidl_adapter/cmake)
[0.109s] -- Found rosidl_generator_cpp: 3.1.5 (/opt/ros/humble/share/rosidl_generator_cpp/cmake)
[0.115s] -- Using all available rosidl_typesupport_c: rosidl_typesupport_fastrtps_c;rosidl_typesupport_introspection_c
[0.123s] -- Using all available rosidl_typesupport_cpp: rosidl_typesupport_fastrtps_cpp;rosidl_typesupport_introspection_cpp
[0.471s] -- Found rmw_implementation_cmake: 6.1.1 (/opt/ros/humble/share/rmw_implementation_cmake/cmake)
[0.472s] -- Found rmw_fastrtps_cpp: 6.2.6 (/opt/ros/humble/share/rmw_fastrtps_cpp/cmake)
[0.489s] -- Found TinyXML2 via Config file: TinyXML2_DIR-NOTFOUND
[0.493s] -- Found TinyXML2 via Config file: TinyXML2_DIR-NOTFOUND
[0.507s] -- Found TinyXML2 via Config file: TinyXML2_DIR-NOTFOUND
[0.511s] -- Found TinyXML2 via Config file: TinyXML2_DIR-NOTFOUND
[0.516s] -- Using RMW implementation 'rmw_fastrtps_cpp' as default
[0.611s] CMake Error at CMakeLists.txt:13 (find_package):
[0.611s]   By not providing "Findunitree_legged_msgs.cmake" in CMAKE_MODULE_PATH this
[0.611s]   project has asked CMake to find a package configuration file provided by
[0.611s]   "unitree_legged_msgs", but CMake did not find one.
[0.611s] 
[0.611s]   Could not find a package configuration file provided by
[0.611s]   "unitree_legged_msgs" with any of the following names:
[0.611s] 
[0.611s]     unitree_legged_msgsConfig.cmake
[0.611s]     unitree_legged_msgs-config.cmake
[0.612s] 
[0.612s]   Add the installation prefix of "unitree_legged_msgs" to CMAKE_PREFIX_PATH
[0.612s]   or set "unitree_legged_msgs_DIR" to a directory containing one of the above
[0.612s]   files.  If "unitree_legged_msgs" provides a separate development package or
[0.612s]   SDK, be sure it has been installed.
[0.612s] 
[0.612s] 
[0.612s] -- Configuring incomplete, errors occurred!
[0.612s] See also "/home/ahmo030/ros2-migration/arena/utils/unitree_ros/unitree_ros/unitree_legged_control/build/unitree_legged_control/CMakeFiles/CMakeOutput.log".
[0.616s] Invoked command in '/home/ahmo030/ros2-migration/arena/utils/unitree_ros/unitree_ros/unitree_legged_control/build/unitree_legged_control' returned '1': CMAKE_PREFIX_PATH=/opt/ros/humble:${CMAKE_PREFIX_PATH} /usr/bin/cmake /home/ahmo030/ros2-migration/arena/utils/unitree_ros/unitree_ros/unitree_legged_control -DCMAKE_INSTALL_PREFIX=/home/ahmo030/ros2-migration/arena/utils/unitree_ros/unitree_ros/unitree_legged_control/install/unitree_legged_control
