[0.015s] Invoking command in '/ros2-migration/arena/build/tiago_controller_configuration': /usr/bin/cmake /ros2-migration/arena/utils/3rd-party-robot-packages/tiago/tiago_controller_configuration -DCMAKE_INSTALL_PREFIX=/ros2-migration/arena/install/tiago_controller_configuration
[0.061s] -- The C compiler identification is GNU 11.4.0
[0.123s] -- The CXX compiler identification is GNU 11.4.0
[0.130s] -- Detecting C compiler ABI info
[0.266s] -- Detecting C compiler ABI info - done
[0.274s] -- Check for working C compiler: /usr/bin/cc - skipped
[0.275s] -- Detecting C compile features
[0.275s] -- Detecting C compile features - done
[0.278s] -- Detecting CXX compiler ABI info
[0.363s] -- Detecting CXX compiler ABI info - done
[0.375s] -- Check for working CXX compiler: /usr/bin/c++ - skipped
[0.376s] -- Detecting CXX compile features
[0.377s] -- Detecting CXX compile features - done
[0.407s] [31mCMake Error at CMakeLists.txt:9 (find_package):
[0.407s]   By not providing "Findament_cmake.cmake" in CMAKE_MODULE_PATH this project
[0.407s]   has asked CMake to find a package configuration file provided by
[0.407s]   "ament_cmake", but CMake did not find one.
[0.407s] 
[0.408s]   Could not find a package configuration file provided by "ament_cmake" with
[0.408s]   any of the following names:
[0.408s] 
[0.408s]     ament_cmakeConfig.cmake
[0.408s]     ament_cmake-config.cmake
[0.408s] 
[0.408s]   Add the installation prefix of "ament_cmake" to CMAKE_PREFIX_PATH or set
[0.408s]   "ament_cmake_DIR" to a directory containing one of the above files.  If
[0.408s]   "ament_cmake" provides a separate development package or SDK, be sure it
[0.408s]   has been installed.
[0.408s] 
[0.408s] [0m
[0.408s] -- Configuring incomplete, errors occurred!
[0.408s] See also "/ros2-migration/arena/build/tiago_controller_configuration/CMakeFiles/CMakeOutput.log".
