[0.042s] Invoking command in '/ros2-migration/build/cob_srvs': CMAKE_PREFIX_PATH=/opt/ros/humble /usr/bin/cmake --build /ros2-migration/build/cob_srvs -- -j8 -l8
[1.090s] [  1%] [34m[1mGenerating C code for ROS interfaces[0m
[1.090s] [  3%] [34m[1mGenerating C++ code for ROS interfaces[0m
[1.090s] [  3%] Built target ament_cmake_python_copy_cob_srvs
[1.090s] running egg_info
[1.090s] creating cob_srvs.egg-info
[1.090s] writing cob_srvs.egg-info/PKG-INFO
[1.090s] writing dependency_links to cob_srvs.egg-info/dependency_links.txt
[1.090s] writing top-level names to cob_srvs.egg-info/top_level.txt
[1.090s] writing manifest file 'cob_srvs.egg-info/SOURCES.txt'
[1.091s] reading manifest file 'cob_srvs.egg-info/SOURCES.txt'
[1.091s] writing manifest file 'cob_srvs.egg-info/SOURCES.txt'
[1.091s] [  3%] Built target ament_cmake_python_build_cob_srvs_egg
[1.180s] [  3%] Built target cob_srvs__cpp
[1.188s] [  5%] [34m[1mGenerating C++ type support dispatch for ROS interfaces[0m
[1.190s] [  7%] [34m[1mGenerating C++ type support for eProsima Fast-RTPS[0m
[1.191s] [  9%] [34m[1mGenerating C++ introspection for ROS interfaces[0m
[1.232s] [ 10%] [32mBuilding C object CMakeFiles/cob_srvs__rosidl_generator_c.dir/rosidl_generator_c/cob_srvs/srv/detail/set_float__functions.c.o[0m
[1.238s] [ 14%] [32mBuilding C object CMakeFiles/cob_srvs__rosidl_generator_c.dir/rosidl_generator_c/cob_srvs/srv/detail/set_string__functions.c.o[0m
[1.243s] [ 16%] [32mBuilding C object CMakeFiles/cob_srvs__rosidl_generator_c.dir/rosidl_generator_c/cob_srvs/srv/detail/set_int__functions.c.o[0m
[1.243s] [ 16%] [32mBuilding C object CMakeFiles/cob_srvs__rosidl_generator_c.dir/rosidl_generator_c/cob_srvs/srv/detail/dock__functions.c.o[0m
[1.395s] [ 18%] [32m[1mLinking C shared library libcob_srvs__rosidl_generator_c.so[0m
[1.436s] [ 18%] Built target cob_srvs__rosidl_generator_c
[1.445s] [ 20%] [34m[1mGenerating C type support for eProsima Fast-RTPS[0m
[1.466s] [ 21%] [34m[1mGenerating C type support dispatch for ROS interfaces[0m
[1.487s] [ 23%] [34m[1mGenerating C introspection for ROS interfaces[0m
[1.685s] [ 25%] [32mBuilding CXX object CMakeFiles/cob_srvs__rosidl_typesupport_cpp.dir/rosidl_typesupport_cpp/cob_srvs/srv/dock__type_support.cpp.o[0m
[1.723s] [ 27%] [32mBuilding CXX object CMakeFiles/cob_srvs__rosidl_typesupport_cpp.dir/rosidl_typesupport_cpp/cob_srvs/srv/set_float__type_support.cpp.o[0m
[1.760s] [ 29%] [32mBuilding CXX object CMakeFiles/cob_srvs__rosidl_typesupport_cpp.dir/rosidl_typesupport_cpp/cob_srvs/srv/set_int__type_support.cpp.o[0m
[1.801s] [ 30%] [32mBuilding CXX object CMakeFiles/cob_srvs__rosidl_typesupport_introspection_cpp.dir/rosidl_typesupport_introspection_cpp/cob_srvs/srv/detail/dock__type_support.cpp.o[0m
[2.045s] [ 32%] [32mBuilding CXX object CMakeFiles/cob_srvs__rosidl_typesupport_fastrtps_cpp.dir/rosidl_typesupport_fastrtps_cpp/cob_srvs/srv/detail/dds_fastrtps/dock__type_support.cpp.o[0m
[2.053s] [ 34%] [32mBuilding CXX object CMakeFiles/cob_srvs__rosidl_typesupport_cpp.dir/rosidl_typesupport_cpp/cob_srvs/srv/set_string__type_support.cpp.o[0m
[2.139s] [ 36%] [32mBuilding CXX object CMakeFiles/cob_srvs__rosidl_typesupport_fastrtps_cpp.dir/rosidl_typesupport_fastrtps_cpp/cob_srvs/srv/detail/dds_fastrtps/set_float__type_support.cpp.o[0m
[2.142s] [ 38%] [32mBuilding CXX object CMakeFiles/cob_srvs__rosidl_typesupport_c.dir/rosidl_typesupport_c/cob_srvs/srv/dock__type_support.cpp.o[0m
[2.173s] [ 40%] [32mBuilding CXX object CMakeFiles/cob_srvs__rosidl_typesupport_fastrtps_c.dir/rosidl_typesupport_fastrtps_c/cob_srvs/srv/detail/dock__type_support_c.cpp.o[0m
[2.200s] [ 41%] [32mBuilding CXX object CMakeFiles/cob_srvs__rosidl_typesupport_fastrtps_c.dir/rosidl_typesupport_fastrtps_c/cob_srvs/srv/detail/set_float__type_support_c.cpp.o[0m
[2.208s] [ 43%] [32mBuilding CXX object CMakeFiles/cob_srvs__rosidl_typesupport_c.dir/rosidl_typesupport_c/cob_srvs/srv/set_float__type_support.cpp.o[0m
[2.264s] [ 45%] [32mBuilding CXX object CMakeFiles/cob_srvs__rosidl_typesupport_c.dir/rosidl_typesupport_c/cob_srvs/srv/set_int__type_support.cpp.o[0m
[2.292s] [ 47%] [32mBuilding CXX object CMakeFiles/cob_srvs__rosidl_typesupport_c.dir/rosidl_typesupport_c/cob_srvs/srv/set_string__type_support.cpp.o[0m
[2.316s] [ 49%] [32mBuilding C object CMakeFiles/cob_srvs__rosidl_typesupport_introspection_c.dir/rosidl_typesupport_introspection_c/cob_srvs/srv/detail/dock__type_support.c.o[0m
[2.330s] [ 50%] [32m[1mLinking CXX shared library libcob_srvs__rosidl_typesupport_c.so[0m
[2.357s] [ 52%] [32mBuilding C object CMakeFiles/cob_srvs__rosidl_typesupport_introspection_c.dir/rosidl_typesupport_introspection_c/cob_srvs/srv/detail/set_float__type_support.c.o[0m
[2.379s] [ 54%] [32mBuilding CXX object CMakeFiles/cob_srvs__rosidl_typesupport_introspection_cpp.dir/rosidl_typesupport_introspection_cpp/cob_srvs/srv/detail/set_float__type_support.cpp.o[0m
[2.387s] [ 54%] Built target cob_srvs__rosidl_typesupport_c
[2.391s] [ 56%] [32mBuilding C object CMakeFiles/cob_srvs__rosidl_typesupport_introspection_c.dir/rosidl_typesupport_introspection_c/cob_srvs/srv/detail/set_int__type_support.c.o[0m
[2.397s] [ 58%] [32mBuilding C object CMakeFiles/cob_srvs__rosidl_typesupport_introspection_c.dir/rosidl_typesupport_introspection_c/cob_srvs/srv/detail/set_string__type_support.c.o[0m
[2.429s] [ 60%] [32m[1mLinking CXX shared library libcob_srvs__rosidl_typesupport_cpp.so[0m
[2.432s] [ 61%] [32mBuilding CXX object CMakeFiles/cob_srvs__rosidl_typesupport_introspection_cpp.dir/rosidl_typesupport_introspection_cpp/cob_srvs/srv/detail/set_int__type_support.cpp.o[0m
[2.437s] [ 63%] [32m[1mLinking C shared library libcob_srvs__rosidl_typesupport_introspection_c.so[0m
[2.468s] [ 63%] Built target cob_srvs__rosidl_typesupport_introspection_c
[2.475s] [ 65%] [32mBuilding CXX object CMakeFiles/cob_srvs__rosidl_typesupport_introspection_cpp.dir/rosidl_typesupport_introspection_cpp/cob_srvs/srv/detail/set_string__type_support.cpp.o[0m
[2.479s] [ 65%] Built target cob_srvs__rosidl_typesupport_cpp
[2.488s] [ 67%] [32mBuilding CXX object CMakeFiles/cob_srvs__rosidl_typesupport_fastrtps_c.dir/rosidl_typesupport_fastrtps_c/cob_srvs/srv/detail/set_int__type_support_c.cpp.o[0m
[2.538s] [ 69%] [32mBuilding CXX object CMakeFiles/cob_srvs__rosidl_typesupport_fastrtps_c.dir/rosidl_typesupport_fastrtps_c/cob_srvs/srv/detail/set_string__type_support_c.cpp.o[0m
[2.608s] [ 70%] [32mBuilding CXX object CMakeFiles/cob_srvs__rosidl_typesupport_fastrtps_cpp.dir/rosidl_typesupport_fastrtps_cpp/cob_srvs/srv/detail/dds_fastrtps/set_int__type_support.cpp.o[0m
[2.608s] [ 72%] [32mBuilding CXX object CMakeFiles/cob_srvs__rosidl_typesupport_fastrtps_cpp.dir/rosidl_typesupport_fastrtps_cpp/cob_srvs/srv/detail/dds_fastrtps/set_string__type_support.cpp.o[0m
[2.864s] [ 74%] [32m[1mLinking CXX shared library libcob_srvs__rosidl_typesupport_introspection_cpp.so[0m
[2.890s] [ 76%] [32m[1mLinking CXX shared library libcob_srvs__rosidl_typesupport_fastrtps_c.so[0m
[2.954s] [ 76%] Built target cob_srvs__rosidl_typesupport_introspection_cpp
[2.970s] [ 76%] Built target cob_srvs__rosidl_typesupport_fastrtps_c
[3.010s] [ 78%] [32m[1mLinking CXX shared library libcob_srvs__rosidl_typesupport_fastrtps_cpp.so[0m
[3.069s] [ 78%] Built target cob_srvs__rosidl_typesupport_fastrtps_cpp
[3.083s] [ 78%] Built target cob_srvs
[3.098s] [ 80%] [34m[1mGenerating Python code for ROS interfaces[0m
[4.022s] [ 80%] Built target cob_srvs__py
[4.036s] [ 85%] [32mBuilding C object CMakeFiles/cob_srvs__rosidl_generator_py.dir/rosidl_generator_py/cob_srvs/srv/_set_float_s.c.o[0m
[4.036s] [ 85%] [32mBuilding C object CMakeFiles/cob_srvs__rosidl_generator_py.dir/rosidl_generator_py/cob_srvs/srv/_dock_s.c.o[0m
[4.037s] [ 85%] [32mBuilding C object CMakeFiles/cob_srvs__rosidl_generator_py.dir/rosidl_generator_py/cob_srvs/srv/_set_string_s.c.o[0m
[4.037s] [ 87%] [32mBuilding C object CMakeFiles/cob_srvs__rosidl_generator_py.dir/rosidl_generator_py/cob_srvs/srv/_set_int_s.c.o[0m
[4.241s] [ 89%] [32m[1mLinking C shared library rosidl_generator_py/cob_srvs/libcob_srvs__rosidl_generator_py.so[0m
[4.332s] [ 89%] Built target cob_srvs__rosidl_generator_py
[4.347s] [ 94%] [32mBuilding C object CMakeFiles/cob_srvs__rosidl_typesupport_introspection_c__pyext.dir/rosidl_generator_py/cob_srvs/_cob_srvs_s.ep.rosidl_typesupport_introspection_c.c.o[0m
[4.347s] [ 94%] [32mBuilding C object CMakeFiles/cob_srvs__rosidl_typesupport_fastrtps_c__pyext.dir/rosidl_generator_py/cob_srvs/_cob_srvs_s.ep.rosidl_typesupport_fastrtps_c.c.o[0m
[4.347s] [ 94%] [32mBuilding C object CMakeFiles/cob_srvs__rosidl_typesupport_c__pyext.dir/rosidl_generator_py/cob_srvs/_cob_srvs_s.ep.rosidl_typesupport_c.c.o[0m
[4.461s] [ 96%] [32m[1mLinking C shared library rosidl_generator_py/cob_srvs/cob_srvs_s__rosidl_typesupport_c.cpython-310-x86_64-linux-gnu.so[0m
[4.461s] [ 98%] [32m[1mLinking C shared library rosidl_generator_py/cob_srvs/cob_srvs_s__rosidl_typesupport_introspection_c.cpython-310-x86_64-linux-gnu.so[0m
[4.464s] [100%] [32m[1mLinking C shared library rosidl_generator_py/cob_srvs/cob_srvs_s__rosidl_typesupport_fastrtps_c.cpython-310-x86_64-linux-gnu.so[0m
[4.495s] [100%] Built target cob_srvs__rosidl_typesupport_introspection_c__pyext
[4.495s] [100%] Built target cob_srvs__rosidl_typesupport_c__pyext
[4.495s] [100%] Built target cob_srvs__rosidl_typesupport_fastrtps_c__pyext
