[0.034s] Invoking command in '/ros2-migration/arena/build/unitree_legged_msgs': /usr/bin/cmake /ros2-migration/arena/utils/unitree_ros/unitree_legged_msgs -DCMAKE_INSTALL_PREFIX=/ros2-migration/arena/install/unitree_legged_msgs
[0.066s] [31mCMake Error at CMakeLists.txt:11 (find_package):
[0.066s]   By not providing "Findament_cmake.cmake" in CMAKE_MODULE_PATH this project
[0.066s]   has asked CMake to find a package configuration file provided by
[0.066s]   "ament_cmake", but CMake did not find one.
[0.066s] 
[0.067s]   Could not find a package configuration file provided by "ament_cmake" with
[0.067s]   any of the following names:
[0.067s] 
[0.067s]     ament_cmakeConfig.cmake
[0.067s]     ament_cmake-config.cmake
[0.067s] 
[0.067s]   Add the installation prefix of "ament_cmake" to CMAKE_PREFIX_PATH or set
[0.067s]   "ament_cmake_DIR" to a directory containing one of the above files.  If
[0.067s]   "ament_cmake" provides a separate development package or SDK, be sure it
[0.067s]   has been installed.
[0.067s] 
[0.067s] [0m
[0.067s] -- Configuring incomplete, errors occurred!
[0.067s] See also "/ros2-migration/arena/build/unitree_legged_msgs/CMakeFiles/CMakeOutput.log".
