[0.005s] Invoking command in '/home/ahmo030/ros2-migration/arena/arena-rosnav/utils/ros/rosnodes/map_clock_simulator/build/map_clock_simulator': /usr/bin/cmake /home/ahmo030/ros2-migration/arena/arena-rosnav/utils/ros/rosnodes/map_clock_simulator -DCATKIN_INSTALL_INTO_PREFIX_ROOT=0 -DCMAKE_INSTALL_PREFIX=/home/ahmo030/ros2-migration/arena/arena-rosnav/utils/ros/rosnodes/map_clock_simulator/install/map_clock_simulator
[0.032s] -- The C compiler identification is GNU 11.4.0
[0.069s] -- The CXX compiler identification is GNU 11.4.0
[0.072s] -- Detecting C compiler ABI info
[0.118s] -- Detecting C compiler ABI info - done
[0.124s] -- Check for working C compiler: /usr/bin/cc - skipped
[0.124s] -- Detecting C compile features
[0.125s] -- Detecting C compile features - done
[0.126s] -- Detecting CXX compiler ABI info
[0.193s] -- Detecting CXX compiler ABI info - done
[0.197s] -- Check for working CXX compiler: /usr/bin/c++ - skipped
[0.197s] -- Detecting CXX compile features
[0.197s] -- Detecting CXX compile features - done
[0.201s] -- Found ament_cmake: 1.3.8 (/opt/ros/humble/share/ament_cmake/cmake)
[0.298s] -- Found Python3: /usr/bin/python3 (found version "3.10.12") found components: Interpreter 
[0.404s] -- Configuring done
[0.405s] -- Generating done
[0.406s] CMake Warning:
[0.406s]   Manually-specified variables were not used by the project:
[0.406s] 
[0.406s]     CATKIN_INSTALL_INTO_PREFIX_ROOT
[0.406s] 
[0.406s] 
[0.406s] -- Build files have been written to: /home/ahmo030/ros2-migration/arena/arena-rosnav/utils/ros/rosnodes/map_clock_simulator/build/map_clock_simulator
[0.408s] Invoked command in '/home/ahmo030/ros2-migration/arena/arena-rosnav/utils/ros/rosnodes/map_clock_simulator/build/map_clock_simulator' returned '0': /usr/bin/cmake /home/ahmo030/ros2-migration/arena/arena-rosnav/utils/ros/rosnodes/map_clock_simulator -DCATKIN_INSTALL_INTO_PREFIX_ROOT=0 -DCMAKE_INSTALL_PREFIX=/home/ahmo030/ros2-migration/arena/arena-rosnav/utils/ros/rosnodes/map_clock_simulator/install/map_clock_simulator
[0.409s] Invoking command in '/home/ahmo030/ros2-migration/arena/arena-rosnav/utils/ros/rosnodes/map_clock_simulator/build/map_clock_simulator': /usr/bin/cmake --build /home/ahmo030/ros2-migration/arena/arena-rosnav/utils/ros/rosnodes/map_clock_simulator/build/map_clock_simulator -- -j16 -l16
[0.424s] Invoked command in '/home/ahmo030/ros2-migration/arena/arena-rosnav/utils/ros/rosnodes/map_clock_simulator/build/map_clock_simulator' returned '0': /usr/bin/cmake --build /home/ahmo030/ros2-migration/arena/arena-rosnav/utils/ros/rosnodes/map_clock_simulator/build/map_clock_simulator -- -j16 -l16
[0.447s] Invoking command in '/home/ahmo030/ros2-migration/arena/arena-rosnav/utils/ros/rosnodes/map_clock_simulator/build/map_clock_simulator': /usr/bin/cmake --install /home/ahmo030/ros2-migration/arena/arena-rosnav/utils/ros/rosnodes/map_clock_simulator/build/map_clock_simulator
[0.450s] -- Install configuration: ""
[0.450s] -- Installing: /home/ahmo030/ros2-migration/arena/arena-rosnav/utils/ros/rosnodes/map_clock_simulator/install/map_clock_simulator/share/ament_index/resource_index/package_run_dependencies/map_clock_simulator
[0.450s] -- Installing: /home/ahmo030/ros2-migration/arena/arena-rosnav/utils/ros/rosnodes/map_clock_simulator/install/map_clock_simulator/share/ament_index/resource_index/parent_prefix_path/map_clock_simulator
[0.450s] -- Installing: /home/ahmo030/ros2-migration/arena/arena-rosnav/utils/ros/rosnodes/map_clock_simulator/install/map_clock_simulator/share/map_clock_simulator/environment/ament_prefix_path.sh
[0.450s] -- Installing: /home/ahmo030/ros2-migration/arena/arena-rosnav/utils/ros/rosnodes/map_clock_simulator/install/map_clock_simulator/share/map_clock_simulator/environment/ament_prefix_path.dsv
[0.450s] -- Installing: /home/ahmo030/ros2-migration/arena/arena-rosnav/utils/ros/rosnodes/map_clock_simulator/install/map_clock_simulator/share/map_clock_simulator/environment/path.sh
[0.450s] -- Installing: /home/ahmo030/ros2-migration/arena/arena-rosnav/utils/ros/rosnodes/map_clock_simulator/install/map_clock_simulator/share/map_clock_simulator/environment/path.dsv
[0.450s] -- Installing: /home/ahmo030/ros2-migration/arena/arena-rosnav/utils/ros/rosnodes/map_clock_simulator/install/map_clock_simulator/share/map_clock_simulator/local_setup.bash
[0.450s] -- Installing: /home/ahmo030/ros2-migration/arena/arena-rosnav/utils/ros/rosnodes/map_clock_simulator/install/map_clock_simulator/share/map_clock_simulator/local_setup.sh
[0.450s] -- Installing: /home/ahmo030/ros2-migration/arena/arena-rosnav/utils/ros/rosnodes/map_clock_simulator/install/map_clock_simulator/share/map_clock_simulator/local_setup.zsh
[0.451s] -- Installing: /home/ahmo030/ros2-migration/arena/arena-rosnav/utils/ros/rosnodes/map_clock_simulator/install/map_clock_simulator/share/map_clock_simulator/local_setup.dsv
[0.451s] -- Installing: /home/ahmo030/ros2-migration/arena/arena-rosnav/utils/ros/rosnodes/map_clock_simulator/install/map_clock_simulator/share/map_clock_simulator/package.dsv
[0.451s] -- Installing: /home/ahmo030/ros2-migration/arena/arena-rosnav/utils/ros/rosnodes/map_clock_simulator/install/map_clock_simulator/share/ament_index/resource_index/packages/map_clock_simulator
[0.451s] -- Installing: /home/ahmo030/ros2-migration/arena/arena-rosnav/utils/ros/rosnodes/map_clock_simulator/install/map_clock_simulator/share/map_clock_simulator/cmake/map_clock_simulatorConfig.cmake
[0.451s] -- Installing: /home/ahmo030/ros2-migration/arena/arena-rosnav/utils/ros/rosnodes/map_clock_simulator/install/map_clock_simulator/share/map_clock_simulator/cmake/map_clock_simulatorConfig-version.cmake
[0.451s] -- Installing: /home/ahmo030/ros2-migration/arena/arena-rosnav/utils/ros/rosnodes/map_clock_simulator/install/map_clock_simulator/share/map_clock_simulator/package.xml
[0.451s] Invoked command in '/home/ahmo030/ros2-migration/arena/arena-rosnav/utils/ros/rosnodes/map_clock_simulator/build/map_clock_simulator' returned '0': /usr/bin/cmake --install /home/ahmo030/ros2-migration/arena/arena-rosnav/utils/ros/rosnodes/map_clock_simulator/build/map_clock_simulator
