[  3%] Built target map_distance_server__cpp
[ 12%] Built target map_distance_server__rosidl_generator_c
[ 12%] Built target ament_cmake_python_copy_map_distance_server
[ 22%] Built target map_distance_server__rosidl_typesupport_cpp
[ 32%] Built target map_distance_server__rosidl_typesupport_introspection_cpp
[ 41%] Built target map_distance_server__rosidl_typesupport_fastrtps_cpp
[ 70%] Built target map_distance_server__rosidl_typesupport_fastrtps_c
[ 70%] Built target map_distance_server__rosidl_typesupport_c
[ 70%] Built target map_distance_server__rosidl_typesupport_introspection_c
[ 70%] Built target map_distance_server
[ 74%] Built target map_distance_server__py
[ 80%] Built target map_distance_server__rosidl_generator_py
[100%] Built target map_distance_server__rosidl_typesupport_introspection_c__pyext
[100%] Built target map_distance_server__rosidl_typesupport_fastrtps_c__pyext
[100%] Built target map_distance_server__rosidl_typesupport_c__pyext
running egg_info
writing map_distance_server.egg-info/PKG-INFO
writing dependency_links to map_distance_server.egg-info/dependency_links.txt
writing top-level names to map_distance_server.egg-info/top_level.txt
reading manifest file 'map_distance_server.egg-info/SOURCES.txt'
writing manifest file 'map_distance_server.egg-info/SOURCES.txt'
[100%] Built target ament_cmake_python_build_map_distance_server_egg
-- Install configuration: ""
-- Up-to-date: /home/ahmo030/ros2-migration/arena/arena-rosnav/utils/ros/rosnodes/map_distance_server/install/map_distance_server/share/ament_index/resource_index/rosidl_interfaces/map_distance_server
-- Up-to-date: /home/ahmo030/ros2-migration/arena/arena-rosnav/utils/ros/rosnodes/map_distance_server/install/map_distance_server/include/map_distance_server/map_distance_server
-- Up-to-date: /home/ahmo030/ros2-migration/arena/arena-rosnav/utils/ros/rosnodes/map_distance_server/install/map_distance_server/include/map_distance_server/map_distance_server/srv
-- Up-to-date: /home/ahmo030/ros2-migration/arena/arena-rosnav/utils/ros/rosnodes/map_distance_server/install/map_distance_server/include/map_distance_server/map_distance_server/srv/detail
-- Up-to-date: /home/ahmo030/ros2-migration/arena/arena-rosnav/utils/ros/rosnodes/map_distance_server/install/map_distance_server/include/map_distance_server/map_distance_server/srv/detail/get_distance_map__functions.h
-- Up-to-date: /home/ahmo030/ros2-migration/arena/arena-rosnav/utils/ros/rosnodes/map_distance_server/install/map_distance_server/include/map_distance_server/map_distance_server/srv/detail/get_distance_map__functions.c
-- Up-to-date: /home/ahmo030/ros2-migration/arena/arena-rosnav/utils/ros/rosnodes/map_distance_server/install/map_distance_server/include/map_distance_server/map_distance_server/srv/detail/get_distance_map__struct.h
-- Up-to-date: /home/ahmo030/ros2-migration/arena/arena-rosnav/utils/ros/rosnodes/map_distance_server/install/map_distance_server/include/map_distance_server/map_distance_server/srv/detail/get_distance_map__type_support.h
-- Up-to-date: /home/ahmo030/ros2-migration/arena/arena-rosnav/utils/ros/rosnodes/map_distance_server/install/map_distance_server/include/map_distance_server/map_distance_server/srv/get_distance_map.h
-- Up-to-date: /home/ahmo030/ros2-migration/arena/arena-rosnav/utils/ros/rosnodes/map_distance_server/install/map_distance_server/include/map_distance_server/map_distance_server/msg
-- Up-to-date: /home/ahmo030/ros2-migration/arena/arena-rosnav/utils/ros/rosnodes/map_distance_server/install/map_distance_server/include/map_distance_server/map_distance_server/msg/rosidl_generator_c__visibility_control.h
-- Up-to-date: /home/ahmo030/ros2-migration/arena/arena-rosnav/utils/ros/rosnodes/map_distance_server/install/map_distance_server/share/map_distance_server/environment/library_path.sh
-- Up-to-date: /home/ahmo030/ros2-migration/arena/arena-rosnav/utils/ros/rosnodes/map_distance_server/install/map_distance_server/share/map_distance_server/environment/library_path.dsv
-- Up-to-date: /home/ahmo030/ros2-migration/arena/arena-rosnav/utils/ros/rosnodes/map_distance_server/install/map_distance_server/lib/libmap_distance_server__rosidl_generator_c.so
-- Up-to-date: /home/ahmo030/ros2-migration/arena/arena-rosnav/utils/ros/rosnodes/map_distance_server/install/map_distance_server/include/map_distance_server/map_distance_server
-- Up-to-date: /home/ahmo030/ros2-migration/arena/arena-rosnav/utils/ros/rosnodes/map_distance_server/install/map_distance_server/include/map_distance_server/map_distance_server/srv
-- Up-to-date: /home/ahmo030/ros2-migration/arena/arena-rosnav/utils/ros/rosnodes/map_distance_server/install/map_distance_server/include/map_distance_server/map_distance_server/srv/detail
-- Up-to-date: /home/ahmo030/ros2-migration/arena/arena-rosnav/utils/ros/rosnodes/map_distance_server/install/map_distance_server/include/map_distance_server/map_distance_server/srv/detail/get_distance_map__rosidl_typesupport_fastrtps_c.h
-- Up-to-date: /home/ahmo030/ros2-migration/arena/arena-rosnav/utils/ros/rosnodes/map_distance_server/install/map_distance_server/include/map_distance_server/map_distance_server/msg
-- Up-to-date: /home/ahmo030/ros2-migration/arena/arena-rosnav/utils/ros/rosnodes/map_distance_server/install/map_distance_server/include/map_distance_server/map_distance_server/msg/rosidl_typesupport_fastrtps_c__visibility_control.h
-- Up-to-date: /home/ahmo030/ros2-migration/arena/arena-rosnav/utils/ros/rosnodes/map_distance_server/install/map_distance_server/lib/libmap_distance_server__rosidl_typesupport_fastrtps_c.so
-- Up-to-date: /home/ahmo030/ros2-migration/arena/arena-rosnav/utils/ros/rosnodes/map_distance_server/install/map_distance_server/include/map_distance_server/map_distance_server
-- Up-to-date: /home/ahmo030/ros2-migration/arena/arena-rosnav/utils/ros/rosnodes/map_distance_server/install/map_distance_server/include/map_distance_server/map_distance_server/srv
-- Up-to-date: /home/ahmo030/ros2-migration/arena/arena-rosnav/utils/ros/rosnodes/map_distance_server/install/map_distance_server/include/map_distance_server/map_distance_server/srv/detail
-- Up-to-date: /home/ahmo030/ros2-migration/arena/arena-rosnav/utils/ros/rosnodes/map_distance_server/install/map_distance_server/include/map_distance_server/map_distance_server/srv/detail/get_distance_map__type_support.c
-- Up-to-date: /home/ahmo030/ros2-migration/arena/arena-rosnav/utils/ros/rosnodes/map_distance_server/install/map_distance_server/include/map_distance_server/map_distance_server/srv/detail/get_distance_map__rosidl_typesupport_introspection_c.h
-- Up-to-date: /home/ahmo030/ros2-migration/arena/arena-rosnav/utils/ros/rosnodes/map_distance_server/install/map_distance_server/include/map_distance_server/map_distance_server/msg
-- Up-to-date: /home/ahmo030/ros2-migration/arena/arena-rosnav/utils/ros/rosnodes/map_distance_server/install/map_distance_server/include/map_distance_server/map_distance_server/msg/rosidl_typesupport_introspection_c__visibility_control.h
-- Up-to-date: /home/ahmo030/ros2-migration/arena/arena-rosnav/utils/ros/rosnodes/map_distance_server/install/map_distance_server/lib/libmap_distance_server__rosidl_typesupport_introspection_c.so
-- Up-to-date: /home/ahmo030/ros2-migration/arena/arena-rosnav/utils/ros/rosnodes/map_distance_server/install/map_distance_server/lib/libmap_distance_server__rosidl_typesupport_c.so
-- Up-to-date: /home/ahmo030/ros2-migration/arena/arena-rosnav/utils/ros/rosnodes/map_distance_server/install/map_distance_server/include/map_distance_server/map_distance_server
-- Up-to-date: /home/ahmo030/ros2-migration/arena/arena-rosnav/utils/ros/rosnodes/map_distance_server/install/map_distance_server/include/map_distance_server/map_distance_server/srv
-- Up-to-date: /home/ahmo030/ros2-migration/arena/arena-rosnav/utils/ros/rosnodes/map_distance_server/install/map_distance_server/include/map_distance_server/map_distance_server/srv/detail
-- Up-to-date: /home/ahmo030/ros2-migration/arena/arena-rosnav/utils/ros/rosnodes/map_distance_server/install/map_distance_server/include/map_distance_server/map_distance_server/srv/detail/get_distance_map__builder.hpp
-- Up-to-date: /home/ahmo030/ros2-migration/arena/arena-rosnav/utils/ros/rosnodes/map_distance_server/install/map_distance_server/include/map_distance_server/map_distance_server/srv/detail/get_distance_map__traits.hpp
-- Up-to-date: /home/ahmo030/ros2-migration/arena/arena-rosnav/utils/ros/rosnodes/map_distance_server/install/map_distance_server/include/map_distance_server/map_distance_server/srv/detail/get_distance_map__struct.hpp
-- Up-to-date: /home/ahmo030/ros2-migration/arena/arena-rosnav/utils/ros/rosnodes/map_distance_server/install/map_distance_server/include/map_distance_server/map_distance_server/srv/get_distance_map.hpp
-- Up-to-date: /home/ahmo030/ros2-migration/arena/arena-rosnav/utils/ros/rosnodes/map_distance_server/install/map_distance_server/include/map_distance_server/map_distance_server
-- Up-to-date: /home/ahmo030/ros2-migration/arena/arena-rosnav/utils/ros/rosnodes/map_distance_server/install/map_distance_server/include/map_distance_server/map_distance_server/srv
-- Up-to-date: /home/ahmo030/ros2-migration/arena/arena-rosnav/utils/ros/rosnodes/map_distance_server/install/map_distance_server/include/map_distance_server/map_distance_server/srv/detail
-- Up-to-date: /home/ahmo030/ros2-migration/arena/arena-rosnav/utils/ros/rosnodes/map_distance_server/install/map_distance_server/include/map_distance_server/map_distance_server/srv/detail/get_distance_map__rosidl_typesupport_fastrtps_cpp.hpp
-- Up-to-date: /home/ahmo030/ros2-migration/arena/arena-rosnav/utils/ros/rosnodes/map_distance_server/install/map_distance_server/include/map_distance_server/map_distance_server/srv/detail/dds_fastrtps
-- Up-to-date: /home/ahmo030/ros2-migration/arena/arena-rosnav/utils/ros/rosnodes/map_distance_server/install/map_distance_server/include/map_distance_server/map_distance_server/msg
-- Up-to-date: /home/ahmo030/ros2-migration/arena/arena-rosnav/utils/ros/rosnodes/map_distance_server/install/map_distance_server/include/map_distance_server/map_distance_server/msg/rosidl_typesupport_fastrtps_cpp__visibility_control.h
-- Up-to-date: /home/ahmo030/ros2-migration/arena/arena-rosnav/utils/ros/rosnodes/map_distance_server/install/map_distance_server/lib/libmap_distance_server__rosidl_typesupport_fastrtps_cpp.so
-- Up-to-date: /home/ahmo030/ros2-migration/arena/arena-rosnav/utils/ros/rosnodes/map_distance_server/install/map_distance_server/include/map_distance_server/map_distance_server
-- Up-to-date: /home/ahmo030/ros2-migration/arena/arena-rosnav/utils/ros/rosnodes/map_distance_server/install/map_distance_server/include/map_distance_server/map_distance_server/srv
-- Up-to-date: /home/ahmo030/ros2-migration/arena/arena-rosnav/utils/ros/rosnodes/map_distance_server/install/map_distance_server/include/map_distance_server/map_distance_server/srv/detail
-- Up-to-date: /home/ahmo030/ros2-migration/arena/arena-rosnav/utils/ros/rosnodes/map_distance_server/install/map_distance_server/include/map_distance_server/map_distance_server/srv/detail/get_distance_map__rosidl_typesupport_introspection_cpp.hpp
-- Up-to-date: /home/ahmo030/ros2-migration/arena/arena-rosnav/utils/ros/rosnodes/map_distance_server/install/map_distance_server/include/map_distance_server/map_distance_server/srv/detail/get_distance_map__type_support.cpp
-- Up-to-date: /home/ahmo030/ros2-migration/arena/arena-rosnav/utils/ros/rosnodes/map_distance_server/install/map_distance_server/lib/libmap_distance_server__rosidl_typesupport_introspection_cpp.so
-- Up-to-date: /home/ahmo030/ros2-migration/arena/arena-rosnav/utils/ros/rosnodes/map_distance_server/install/map_distance_server/lib/libmap_distance_server__rosidl_typesupport_cpp.so
-- Up-to-date: /home/ahmo030/ros2-migration/arena/arena-rosnav/utils/ros/rosnodes/map_distance_server/install/map_distance_server/share/map_distance_server/environment/pythonpath.sh
-- Up-to-date: /home/ahmo030/ros2-migration/arena/arena-rosnav/utils/ros/rosnodes/map_distance_server/install/map_distance_server/share/map_distance_server/environment/pythonpath.dsv
-- Up-to-date: /home/ahmo030/ros2-migration/arena/arena-rosnav/utils/ros/rosnodes/map_distance_server/install/map_distance_server/local/lib/python3.10/dist-packages/map_distance_server-0.0.0-py3.10.egg-info
-- Installing: /home/ahmo030/ros2-migration/arena/arena-rosnav/utils/ros/rosnodes/map_distance_server/install/map_distance_server/local/lib/python3.10/dist-packages/map_distance_server-0.0.0-py3.10.egg-info/SOURCES.txt
-- Installing: /home/ahmo030/ros2-migration/arena/arena-rosnav/utils/ros/rosnodes/map_distance_server/install/map_distance_server/local/lib/python3.10/dist-packages/map_distance_server-0.0.0-py3.10.egg-info/top_level.txt
-- Installing: /home/ahmo030/ros2-migration/arena/arena-rosnav/utils/ros/rosnodes/map_distance_server/install/map_distance_server/local/lib/python3.10/dist-packages/map_distance_server-0.0.0-py3.10.egg-info/dependency_links.txt
-- Installing: /home/ahmo030/ros2-migration/arena/arena-rosnav/utils/ros/rosnodes/map_distance_server/install/map_distance_server/local/lib/python3.10/dist-packages/map_distance_server-0.0.0-py3.10.egg-info/PKG-INFO
-- Up-to-date: /home/ahmo030/ros2-migration/arena/arena-rosnav/utils/ros/rosnodes/map_distance_server/install/map_distance_server/local/lib/python3.10/dist-packages/map_distance_server
-- Up-to-date: /home/ahmo030/ros2-migration/arena/arena-rosnav/utils/ros/rosnodes/map_distance_server/install/map_distance_server/local/lib/python3.10/dist-packages/map_distance_server/_map_distance_server_s.ep.rosidl_typesupport_introspection_c.c
-- Up-to-date: /home/ahmo030/ros2-migration/arena/arena-rosnav/utils/ros/rosnodes/map_distance_server/install/map_distance_server/local/lib/python3.10/dist-packages/map_distance_server/srv
-- Up-to-date: /home/ahmo030/ros2-migration/arena/arena-rosnav/utils/ros/rosnodes/map_distance_server/install/map_distance_server/local/lib/python3.10/dist-packages/map_distance_server/srv/_get_distance_map_s.c
-- Up-to-date: /home/ahmo030/ros2-migration/arena/arena-rosnav/utils/ros/rosnodes/map_distance_server/install/map_distance_server/local/lib/python3.10/dist-packages/map_distance_server/srv/__init__.py
-- Up-to-date: /home/ahmo030/ros2-migration/arena/arena-rosnav/utils/ros/rosnodes/map_distance_server/install/map_distance_server/local/lib/python3.10/dist-packages/map_distance_server/srv/_get_distance_map.py
-- Up-to-date: /home/ahmo030/ros2-migration/arena/arena-rosnav/utils/ros/rosnodes/map_distance_server/install/map_distance_server/local/lib/python3.10/dist-packages/map_distance_server/_map_distance_server_s.ep.rosidl_typesupport_c.c
-- Up-to-date: /home/ahmo030/ros2-migration/arena/arena-rosnav/utils/ros/rosnodes/map_distance_server/install/map_distance_server/local/lib/python3.10/dist-packages/map_distance_server/map_distance_server_s__rosidl_typesupport_fastrtps_c.cpython-36m-x86_64-linux-gnu.so
-- Up-to-date: /home/ahmo030/ros2-migration/arena/arena-rosnav/utils/ros/rosnodes/map_distance_server/install/map_distance_server/local/lib/python3.10/dist-packages/map_distance_server/libmap_distance_server__rosidl_generator_py.so
-- Up-to-date: /home/ahmo030/ros2-migration/arena/arena-rosnav/utils/ros/rosnodes/map_distance_server/install/map_distance_server/local/lib/python3.10/dist-packages/map_distance_server/map_distance_server_s__rosidl_typesupport_introspection_c.cpython-36m-x86_64-linux-gnu.so
-- Up-to-date: /home/ahmo030/ros2-migration/arena/arena-rosnav/utils/ros/rosnodes/map_distance_server/install/map_distance_server/local/lib/python3.10/dist-packages/map_distance_server/__init__.py
-- Up-to-date: /home/ahmo030/ros2-migration/arena/arena-rosnav/utils/ros/rosnodes/map_distance_server/install/map_distance_server/local/lib/python3.10/dist-packages/map_distance_server/_map_distance_server_s.ep.rosidl_typesupport_fastrtps_c.c
-- Up-to-date: /home/ahmo030/ros2-migration/arena/arena-rosnav/utils/ros/rosnodes/map_distance_server/install/map_distance_server/local/lib/python3.10/dist-packages/map_distance_server/map_distance_server_s__rosidl_typesupport_c.cpython-36m-x86_64-linux-gnu.so
Listing '/home/ahmo030/ros2-migration/arena/arena-rosnav/utils/ros/rosnodes/map_distance_server/install/map_distance_server/local/lib/python3.10/dist-packages/map_distance_server'...
Listing '/home/ahmo030/ros2-migration/arena/arena-rosnav/utils/ros/rosnodes/map_distance_server/install/map_distance_server/local/lib/python3.10/dist-packages/map_distance_server/srv'...
-- Up-to-date: /home/ahmo030/ros2-migration/arena/arena-rosnav/utils/ros/rosnodes/map_distance_server/install/map_distance_server/local/lib/python3.10/dist-packages/map_distance_server/map_distance_server_s__rosidl_typesupport_fastrtps_c.cpython-36m-x86_64-linux-gnu.so
-- Up-to-date: /home/ahmo030/ros2-migration/arena/arena-rosnav/utils/ros/rosnodes/map_distance_server/install/map_distance_server/local/lib/python3.10/dist-packages/map_distance_server/map_distance_server_s__rosidl_typesupport_introspection_c.cpython-36m-x86_64-linux-gnu.so
-- Up-to-date: /home/ahmo030/ros2-migration/arena/arena-rosnav/utils/ros/rosnodes/map_distance_server/install/map_distance_server/local/lib/python3.10/dist-packages/map_distance_server/map_distance_server_s__rosidl_typesupport_c.cpython-36m-x86_64-linux-gnu.so
-- Up-to-date: /home/ahmo030/ros2-migration/arena/arena-rosnav/utils/ros/rosnodes/map_distance_server/install/map_distance_server/lib/libmap_distance_server__rosidl_generator_py.so
-- Up-to-date: /home/ahmo030/ros2-migration/arena/arena-rosnav/utils/ros/rosnodes/map_distance_server/install/map_distance_server/share/map_distance_server/srv/GetDistanceMap.idl
-- Up-to-date: /home/ahmo030/ros2-migration/arena/arena-rosnav/utils/ros/rosnodes/map_distance_server/install/map_distance_server/share/map_distance_server/srv/GetDistanceMap.srv
-- Up-to-date: /home/ahmo030/ros2-migration/arena/arena-rosnav/utils/ros/rosnodes/map_distance_server/install/map_distance_server/share/map_distance_server/srv/GetDistanceMap_Request.msg
-- Up-to-date: /home/ahmo030/ros2-migration/arena/arena-rosnav/utils/ros/rosnodes/map_distance_server/install/map_distance_server/share/map_distance_server/srv/GetDistanceMap_Response.msg
-- Up-to-date: /home/ahmo030/ros2-migration/arena/arena-rosnav/utils/ros/rosnodes/map_distance_server/install/map_distance_server/bin/map_distance_node.py
-- Up-to-date: /home/ahmo030/ros2-migration/arena/arena-rosnav/utils/ros/rosnodes/map_distance_server/install/map_distance_server/share/ament_index/resource_index/package_run_dependencies/map_distance_server
-- Up-to-date: /home/ahmo030/ros2-migration/arena/arena-rosnav/utils/ros/rosnodes/map_distance_server/install/map_distance_server/share/ament_index/resource_index/parent_prefix_path/map_distance_server
-- Up-to-date: /home/ahmo030/ros2-migration/arena/arena-rosnav/utils/ros/rosnodes/map_distance_server/install/map_distance_server/share/map_distance_server/environment/ament_prefix_path.sh
-- Up-to-date: /home/ahmo030/ros2-migration/arena/arena-rosnav/utils/ros/rosnodes/map_distance_server/install/map_distance_server/share/map_distance_server/environment/ament_prefix_path.dsv
-- Up-to-date: /home/ahmo030/ros2-migration/arena/arena-rosnav/utils/ros/rosnodes/map_distance_server/install/map_distance_server/share/map_distance_server/environment/path.sh
-- Up-to-date: /home/ahmo030/ros2-migration/arena/arena-rosnav/utils/ros/rosnodes/map_distance_server/install/map_distance_server/share/map_distance_server/environment/path.dsv
-- Up-to-date: /home/ahmo030/ros2-migration/arena/arena-rosnav/utils/ros/rosnodes/map_distance_server/install/map_distance_server/share/map_distance_server/local_setup.bash
-- Up-to-date: /home/ahmo030/ros2-migration/arena/arena-rosnav/utils/ros/rosnodes/map_distance_server/install/map_distance_server/share/map_distance_server/local_setup.sh
-- Up-to-date: /home/ahmo030/ros2-migration/arena/arena-rosnav/utils/ros/rosnodes/map_distance_server/install/map_distance_server/share/map_distance_server/local_setup.zsh
-- Up-to-date: /home/ahmo030/ros2-migration/arena/arena-rosnav/utils/ros/rosnodes/map_distance_server/install/map_distance_server/share/map_distance_server/local_setup.dsv
-- Installing: /home/ahmo030/ros2-migration/arena/arena-rosnav/utils/ros/rosnodes/map_distance_server/install/map_distance_server/share/map_distance_server/package.dsv
-- Up-to-date: /home/ahmo030/ros2-migration/arena/arena-rosnav/utils/ros/rosnodes/map_distance_server/install/map_distance_server/share/ament_index/resource_index/packages/map_distance_server
-- Up-to-date: /home/ahmo030/ros2-migration/arena/arena-rosnav/utils/ros/rosnodes/map_distance_server/install/map_distance_server/share/map_distance_server/cmake/export_map_distance_server__rosidl_generator_cExport.cmake
-- Up-to-date: /home/ahmo030/ros2-migration/arena/arena-rosnav/utils/ros/rosnodes/map_distance_server/install/map_distance_server/share/map_distance_server/cmake/export_map_distance_server__rosidl_generator_cExport-noconfig.cmake
-- Up-to-date: /home/ahmo030/ros2-migration/arena/arena-rosnav/utils/ros/rosnodes/map_distance_server/install/map_distance_server/share/map_distance_server/cmake/export_map_distance_server__rosidl_typesupport_fastrtps_cExport.cmake
-- Up-to-date: /home/ahmo030/ros2-migration/arena/arena-rosnav/utils/ros/rosnodes/map_distance_server/install/map_distance_server/share/map_distance_server/cmake/export_map_distance_server__rosidl_typesupport_fastrtps_cExport-noconfig.cmake
-- Up-to-date: /home/ahmo030/ros2-migration/arena/arena-rosnav/utils/ros/rosnodes/map_distance_server/install/map_distance_server/share/map_distance_server/cmake/map_distance_server__rosidl_typesupport_introspection_cExport.cmake
-- Up-to-date: /home/ahmo030/ros2-migration/arena/arena-rosnav/utils/ros/rosnodes/map_distance_server/install/map_distance_server/share/map_distance_server/cmake/map_distance_server__rosidl_typesupport_introspection_cExport-noconfig.cmake
-- Up-to-date: /home/ahmo030/ros2-migration/arena/arena-rosnav/utils/ros/rosnodes/map_distance_server/install/map_distance_server/share/map_distance_server/cmake/map_distance_server__rosidl_typesupport_cExport.cmake
-- Up-to-date: /home/ahmo030/ros2-migration/arena/arena-rosnav/utils/ros/rosnodes/map_distance_server/install/map_distance_server/share/map_distance_server/cmake/map_distance_server__rosidl_typesupport_cExport-noconfig.cmake
-- Up-to-date: /home/ahmo030/ros2-migration/arena/arena-rosnav/utils/ros/rosnodes/map_distance_server/install/map_distance_server/share/map_distance_server/cmake/export_map_distance_server__rosidl_generator_cppExport.cmake
-- Up-to-date: /home/ahmo030/ros2-migration/arena/arena-rosnav/utils/ros/rosnodes/map_distance_server/install/map_distance_server/share/map_distance_server/cmake/export_map_distance_server__rosidl_typesupport_fastrtps_cppExport.cmake
-- Up-to-date: /home/ahmo030/ros2-migration/arena/arena-rosnav/utils/ros/rosnodes/map_distance_server/install/map_distance_server/share/map_distance_server/cmake/export_map_distance_server__rosidl_typesupport_fastrtps_cppExport-noconfig.cmake
-- Up-to-date: /home/ahmo030/ros2-migration/arena/arena-rosnav/utils/ros/rosnodes/map_distance_server/install/map_distance_server/share/map_distance_server/cmake/map_distance_server__rosidl_typesupport_introspection_cppExport.cmake
-- Up-to-date: /home/ahmo030/ros2-migration/arena/arena-rosnav/utils/ros/rosnodes/map_distance_server/install/map_distance_server/share/map_distance_server/cmake/map_distance_server__rosidl_typesupport_introspection_cppExport-noconfig.cmake
-- Up-to-date: /home/ahmo030/ros2-migration/arena/arena-rosnav/utils/ros/rosnodes/map_distance_server/install/map_distance_server/share/map_distance_server/cmake/map_distance_server__rosidl_typesupport_cppExport.cmake
-- Up-to-date: /home/ahmo030/ros2-migration/arena/arena-rosnav/utils/ros/rosnodes/map_distance_server/install/map_distance_server/share/map_distance_server/cmake/map_distance_server__rosidl_typesupport_cppExport-noconfig.cmake
-- Up-to-date: /home/ahmo030/ros2-migration/arena/arena-rosnav/utils/ros/rosnodes/map_distance_server/install/map_distance_server/share/map_distance_server/cmake/export_map_distance_server__rosidl_generator_pyExport.cmake
-- Up-to-date: /home/ahmo030/ros2-migration/arena/arena-rosnav/utils/ros/rosnodes/map_distance_server/install/map_distance_server/share/map_distance_server/cmake/export_map_distance_server__rosidl_generator_pyExport-noconfig.cmake
-- Up-to-date: /home/ahmo030/ros2-migration/arena/arena-rosnav/utils/ros/rosnodes/map_distance_server/install/map_distance_server/share/map_distance_server/cmake/rosidl_cmake-extras.cmake
-- Up-to-date: /home/ahmo030/ros2-migration/arena/arena-rosnav/utils/ros/rosnodes/map_distance_server/install/map_distance_server/share/map_distance_server/cmake/ament_cmake_export_dependencies-extras.cmake
-- Up-to-date: /home/ahmo030/ros2-migration/arena/arena-rosnav/utils/ros/rosnodes/map_distance_server/install/map_distance_server/share/map_distance_server/cmake/ament_cmake_export_include_directories-extras.cmake
-- Up-to-date: /home/ahmo030/ros2-migration/arena/arena-rosnav/utils/ros/rosnodes/map_distance_server/install/map_distance_server/share/map_distance_server/cmake/ament_cmake_export_libraries-extras.cmake
-- Up-to-date: /home/ahmo030/ros2-migration/arena/arena-rosnav/utils/ros/rosnodes/map_distance_server/install/map_distance_server/share/map_distance_server/cmake/ament_cmake_export_targets-extras.cmake
-- Up-to-date: /home/ahmo030/ros2-migration/arena/arena-rosnav/utils/ros/rosnodes/map_distance_server/install/map_distance_server/share/map_distance_server/cmake/rosidl_cmake_export_typesupport_targets-extras.cmake
-- Up-to-date: /home/ahmo030/ros2-migration/arena/arena-rosnav/utils/ros/rosnodes/map_distance_server/install/map_distance_server/share/map_distance_server/cmake/rosidl_cmake_export_typesupport_libraries-extras.cmake
-- Up-to-date: /home/ahmo030/ros2-migration/arena/arena-rosnav/utils/ros/rosnodes/map_distance_server/install/map_distance_server/share/map_distance_server/cmake/map_distance_serverConfig.cmake
-- Up-to-date: /home/ahmo030/ros2-migration/arena/arena-rosnav/utils/ros/rosnodes/map_distance_server/install/map_distance_server/share/map_distance_server/cmake/map_distance_serverConfig-version.cmake
-- Up-to-date: /home/ahmo030/ros2-migration/arena/arena-rosnav/utils/ros/rosnodes/map_distance_server/install/map_distance_server/share/map_distance_server/package.xml
