/home/ahmo030/ros2-migration/arena/utils/stable-baselines3/install/stable_baselines3/lib/python3.10/site-packages/stable_baselines3/__init__.py
/home/ahmo030/ros2-migration/arena/utils/stable-baselines3/install/stable_baselines3/lib/python3.10/site-packages/stable_baselines3/a2c/__init__.py
/home/ahmo030/ros2-migration/arena/utils/stable-baselines3/install/stable_baselines3/lib/python3.10/site-packages/stable_baselines3/a2c/policies.py
/home/ahmo030/ros2-migration/arena/utils/stable-baselines3/install/stable_baselines3/lib/python3.10/site-packages/stable_baselines3/a2c/a2c.py
/home/ahmo030/ros2-migration/arena/utils/stable-baselines3/install/stable_baselines3/lib/python3.10/site-packages/stable_baselines3/dqn/dqn.py
/home/ahmo030/ros2-migration/arena/utils/stable-baselines3/install/stable_baselines3/lib/python3.10/site-packages/stable_baselines3/dqn/__init__.py
/home/ahmo030/ros2-migration/arena/utils/stable-baselines3/install/stable_baselines3/lib/python3.10/site-packages/stable_baselines3/dqn/policies.py
/home/ahmo030/ros2-migration/arena/utils/stable-baselines3/install/stable_baselines3/lib/python3.10/site-packages/stable_baselines3/ppo/ppo.py
/home/ahmo030/ros2-migration/arena/utils/stable-baselines3/install/stable_baselines3/lib/python3.10/site-packages/stable_baselines3/ppo/__init__.py
/home/ahmo030/ros2-migration/arena/utils/stable-baselines3/install/stable_baselines3/lib/python3.10/site-packages/stable_baselines3/ppo/policies.py
/home/ahmo030/ros2-migration/arena/utils/stable-baselines3/install/stable_baselines3/lib/python3.10/site-packages/stable_baselines3/ddpg/ddpg.py
/home/ahmo030/ros2-migration/arena/utils/stable-baselines3/install/stable_baselines3/lib/python3.10/site-packages/stable_baselines3/ddpg/__init__.py
/home/ahmo030/ros2-migration/arena/utils/stable-baselines3/install/stable_baselines3/lib/python3.10/site-packages/stable_baselines3/ddpg/policies.py
/home/ahmo030/ros2-migration/arena/utils/stable-baselines3/install/stable_baselines3/lib/python3.10/site-packages/stable_baselines3/her/her_replay_buffer.py
/home/ahmo030/ros2-migration/arena/utils/stable-baselines3/install/stable_baselines3/lib/python3.10/site-packages/stable_baselines3/her/__init__.py
/home/ahmo030/ros2-migration/arena/utils/stable-baselines3/install/stable_baselines3/lib/python3.10/site-packages/stable_baselines3/her/goal_selection_strategy.py
/home/ahmo030/ros2-migration/arena/utils/stable-baselines3/install/stable_baselines3/lib/python3.10/site-packages/stable_baselines3/td3/td3.py
/home/ahmo030/ros2-migration/arena/utils/stable-baselines3/install/stable_baselines3/lib/python3.10/site-packages/stable_baselines3/td3/__init__.py
/home/ahmo030/ros2-migration/arena/utils/stable-baselines3/install/stable_baselines3/lib/python3.10/site-packages/stable_baselines3/td3/policies.py
/home/ahmo030/ros2-migration/arena/utils/stable-baselines3/install/stable_baselines3/lib/python3.10/site-packages/stable_baselines3/common/atari_wrappers.py
/home/ahmo030/ros2-migration/arena/utils/stable-baselines3/install/stable_baselines3/lib/python3.10/site-packages/stable_baselines3/common/type_aliases.py
/home/ahmo030/ros2-migration/arena/utils/stable-baselines3/install/stable_baselines3/lib/python3.10/site-packages/stable_baselines3/common/preprocessing.py
/home/ahmo030/ros2-migration/arena/utils/stable-baselines3/install/stable_baselines3/lib/python3.10/site-packages/stable_baselines3/common/results_plotter.py
/home/ahmo030/ros2-migration/arena/utils/stable-baselines3/install/stable_baselines3/lib/python3.10/site-packages/stable_baselines3/common/buffers.py
/home/ahmo030/ros2-migration/arena/utils/stable-baselines3/install/stable_baselines3/lib/python3.10/site-packages/stable_baselines3/common/evaluation.py
/home/ahmo030/ros2-migration/arena/utils/stable-baselines3/install/stable_baselines3/lib/python3.10/site-packages/stable_baselines3/common/env_checker.py
/home/ahmo030/ros2-migration/arena/utils/stable-baselines3/install/stable_baselines3/lib/python3.10/site-packages/stable_baselines3/common/base_class.py
/home/ahmo030/ros2-migration/arena/utils/stable-baselines3/install/stable_baselines3/lib/python3.10/site-packages/stable_baselines3/common/env_util.py
/home/ahmo030/ros2-migration/arena/utils/stable-baselines3/install/stable_baselines3/lib/python3.10/site-packages/stable_baselines3/common/noise.py
/home/ahmo030/ros2-migration/arena/utils/stable-baselines3/install/stable_baselines3/lib/python3.10/site-packages/stable_baselines3/common/off_policy_algorithm.py
/home/ahmo030/ros2-migration/arena/utils/stable-baselines3/install/stable_baselines3/lib/python3.10/site-packages/stable_baselines3/common/running_mean_std.py
/home/ahmo030/ros2-migration/arena/utils/stable-baselines3/install/stable_baselines3/lib/python3.10/site-packages/stable_baselines3/common/distributions.py
/home/ahmo030/ros2-migration/arena/utils/stable-baselines3/install/stable_baselines3/lib/python3.10/site-packages/stable_baselines3/common/logger.py
/home/ahmo030/ros2-migration/arena/utils/stable-baselines3/install/stable_baselines3/lib/python3.10/site-packages/stable_baselines3/common/callbacks.py
/home/ahmo030/ros2-migration/arena/utils/stable-baselines3/install/stable_baselines3/lib/python3.10/site-packages/stable_baselines3/common/__init__.py
/home/ahmo030/ros2-migration/arena/utils/stable-baselines3/install/stable_baselines3/lib/python3.10/site-packages/stable_baselines3/common/torch_layers.py
/home/ahmo030/ros2-migration/arena/utils/stable-baselines3/install/stable_baselines3/lib/python3.10/site-packages/stable_baselines3/common/utils.py
/home/ahmo030/ros2-migration/arena/utils/stable-baselines3/install/stable_baselines3/lib/python3.10/site-packages/stable_baselines3/common/on_policy_algorithm.py
/home/ahmo030/ros2-migration/arena/utils/stable-baselines3/install/stable_baselines3/lib/python3.10/site-packages/stable_baselines3/common/monitor.py
/home/ahmo030/ros2-migration/arena/utils/stable-baselines3/install/stable_baselines3/lib/python3.10/site-packages/stable_baselines3/common/policies.py
/home/ahmo030/ros2-migration/arena/utils/stable-baselines3/install/stable_baselines3/lib/python3.10/site-packages/stable_baselines3/common/save_util.py
/home/ahmo030/ros2-migration/arena/utils/stable-baselines3/install/stable_baselines3/lib/python3.10/site-packages/stable_baselines3/sac/__init__.py
/home/ahmo030/ros2-migration/arena/utils/stable-baselines3/install/stable_baselines3/lib/python3.10/site-packages/stable_baselines3/sac/sac.py
/home/ahmo030/ros2-migration/arena/utils/stable-baselines3/install/stable_baselines3/lib/python3.10/site-packages/stable_baselines3/sac/policies.py
/home/ahmo030/ros2-migration/arena/utils/stable-baselines3/install/stable_baselines3/lib/python3.10/site-packages/stable_baselines3/common/envs/multi_input_envs.py
/home/ahmo030/ros2-migration/arena/utils/stable-baselines3/install/stable_baselines3/lib/python3.10/site-packages/stable_baselines3/common/envs/identity_env.py
/home/ahmo030/ros2-migration/arena/utils/stable-baselines3/install/stable_baselines3/lib/python3.10/site-packages/stable_baselines3/common/envs/__init__.py
/home/ahmo030/ros2-migration/arena/utils/stable-baselines3/install/stable_baselines3/lib/python3.10/site-packages/stable_baselines3/common/envs/bit_flipping_env.py
/home/ahmo030/ros2-migration/arena/utils/stable-baselines3/install/stable_baselines3/lib/python3.10/site-packages/stable_baselines3/common/vec_env/vec_normalize.py
/home/ahmo030/ros2-migration/arena/utils/stable-baselines3/install/stable_baselines3/lib/python3.10/site-packages/stable_baselines3/common/vec_env/patch_gym.py
/home/ahmo030/ros2-migration/arena/utils/stable-baselines3/install/stable_baselines3/lib/python3.10/site-packages/stable_baselines3/common/vec_env/subproc_vec_env.py
/home/ahmo030/ros2-migration/arena/utils/stable-baselines3/install/stable_baselines3/lib/python3.10/site-packages/stable_baselines3/common/vec_env/vec_monitor.py
/home/ahmo030/ros2-migration/arena/utils/stable-baselines3/install/stable_baselines3/lib/python3.10/site-packages/stable_baselines3/common/vec_env/vec_extract_dict_obs.py
/home/ahmo030/ros2-migration/arena/utils/stable-baselines3/install/stable_baselines3/lib/python3.10/site-packages/stable_baselines3/common/vec_env/stacked_observations.py
/home/ahmo030/ros2-migration/arena/utils/stable-baselines3/install/stable_baselines3/lib/python3.10/site-packages/stable_baselines3/common/vec_env/vec_transpose.py
/home/ahmo030/ros2-migration/arena/utils/stable-baselines3/install/stable_baselines3/lib/python3.10/site-packages/stable_baselines3/common/vec_env/vec_video_recorder.py
/home/ahmo030/ros2-migration/arena/utils/stable-baselines3/install/stable_baselines3/lib/python3.10/site-packages/stable_baselines3/common/vec_env/__init__.py
/home/ahmo030/ros2-migration/arena/utils/stable-baselines3/install/stable_baselines3/lib/python3.10/site-packages/stable_baselines3/common/vec_env/base_vec_env.py
/home/ahmo030/ros2-migration/arena/utils/stable-baselines3/install/stable_baselines3/lib/python3.10/site-packages/stable_baselines3/common/vec_env/dummy_vec_env.py
/home/ahmo030/ros2-migration/arena/utils/stable-baselines3/install/stable_baselines3/lib/python3.10/site-packages/stable_baselines3/common/vec_env/vec_check_nan.py
/home/ahmo030/ros2-migration/arena/utils/stable-baselines3/install/stable_baselines3/lib/python3.10/site-packages/stable_baselines3/common/vec_env/vec_frame_stack.py
/home/ahmo030/ros2-migration/arena/utils/stable-baselines3/install/stable_baselines3/lib/python3.10/site-packages/stable_baselines3/common/vec_env/util.py
/home/ahmo030/ros2-migration/arena/utils/stable-baselines3/install/stable_baselines3/lib/python3.10/site-packages/stable_baselines3/common/sb2_compat/rmsprop_tf_like.py
/home/ahmo030/ros2-migration/arena/utils/stable-baselines3/install/stable_baselines3/lib/python3.10/site-packages/stable_baselines3/common/sb2_compat/__init__.py
/home/ahmo030/ros2-migration/arena/utils/stable-baselines3/install/stable_baselines3/lib/python3.10/site-packages/stable_baselines3/py.typed
/home/ahmo030/ros2-migration/arena/utils/stable-baselines3/install/stable_baselines3/lib/python3.10/site-packages/stable_baselines3/version.txt
/home/ahmo030/ros2-migration/arena/utils/stable-baselines3/install/stable_baselines3/lib/python3.10/site-packages/stable_baselines3/__pycache__/__init__.cpython-310.pyc
/home/ahmo030/ros2-migration/arena/utils/stable-baselines3/install/stable_baselines3/lib/python3.10/site-packages/stable_baselines3/a2c/__pycache__/__init__.cpython-310.pyc
/home/ahmo030/ros2-migration/arena/utils/stable-baselines3/install/stable_baselines3/lib/python3.10/site-packages/stable_baselines3/a2c/__pycache__/policies.cpython-310.pyc
/home/ahmo030/ros2-migration/arena/utils/stable-baselines3/install/stable_baselines3/lib/python3.10/site-packages/stable_baselines3/a2c/__pycache__/a2c.cpython-310.pyc
/home/ahmo030/ros2-migration/arena/utils/stable-baselines3/install/stable_baselines3/lib/python3.10/site-packages/stable_baselines3/dqn/__pycache__/dqn.cpython-310.pyc
/home/ahmo030/ros2-migration/arena/utils/stable-baselines3/install/stable_baselines3/lib/python3.10/site-packages/stable_baselines3/dqn/__pycache__/__init__.cpython-310.pyc
/home/ahmo030/ros2-migration/arena/utils/stable-baselines3/install/stable_baselines3/lib/python3.10/site-packages/stable_baselines3/dqn/__pycache__/policies.cpython-310.pyc
/home/ahmo030/ros2-migration/arena/utils/stable-baselines3/install/stable_baselines3/lib/python3.10/site-packages/stable_baselines3/ppo/__pycache__/ppo.cpython-310.pyc
/home/ahmo030/ros2-migration/arena/utils/stable-baselines3/install/stable_baselines3/lib/python3.10/site-packages/stable_baselines3/ppo/__pycache__/__init__.cpython-310.pyc
/home/ahmo030/ros2-migration/arena/utils/stable-baselines3/install/stable_baselines3/lib/python3.10/site-packages/stable_baselines3/ppo/__pycache__/policies.cpython-310.pyc
/home/ahmo030/ros2-migration/arena/utils/stable-baselines3/install/stable_baselines3/lib/python3.10/site-packages/stable_baselines3/ddpg/__pycache__/ddpg.cpython-310.pyc
/home/ahmo030/ros2-migration/arena/utils/stable-baselines3/install/stable_baselines3/lib/python3.10/site-packages/stable_baselines3/ddpg/__pycache__/__init__.cpython-310.pyc
/home/ahmo030/ros2-migration/arena/utils/stable-baselines3/install/stable_baselines3/lib/python3.10/site-packages/stable_baselines3/ddpg/__pycache__/policies.cpython-310.pyc
/home/ahmo030/ros2-migration/arena/utils/stable-baselines3/install/stable_baselines3/lib/python3.10/site-packages/stable_baselines3/her/__pycache__/her_replay_buffer.cpython-310.pyc
/home/ahmo030/ros2-migration/arena/utils/stable-baselines3/install/stable_baselines3/lib/python3.10/site-packages/stable_baselines3/her/__pycache__/__init__.cpython-310.pyc
/home/ahmo030/ros2-migration/arena/utils/stable-baselines3/install/stable_baselines3/lib/python3.10/site-packages/stable_baselines3/her/__pycache__/goal_selection_strategy.cpython-310.pyc
/home/ahmo030/ros2-migration/arena/utils/stable-baselines3/install/stable_baselines3/lib/python3.10/site-packages/stable_baselines3/td3/__pycache__/td3.cpython-310.pyc
/home/ahmo030/ros2-migration/arena/utils/stable-baselines3/install/stable_baselines3/lib/python3.10/site-packages/stable_baselines3/td3/__pycache__/__init__.cpython-310.pyc
/home/ahmo030/ros2-migration/arena/utils/stable-baselines3/install/stable_baselines3/lib/python3.10/site-packages/stable_baselines3/td3/__pycache__/policies.cpython-310.pyc
/home/ahmo030/ros2-migration/arena/utils/stable-baselines3/install/stable_baselines3/lib/python3.10/site-packages/stable_baselines3/common/__pycache__/atari_wrappers.cpython-310.pyc
/home/ahmo030/ros2-migration/arena/utils/stable-baselines3/install/stable_baselines3/lib/python3.10/site-packages/stable_baselines3/common/__pycache__/type_aliases.cpython-310.pyc
/home/ahmo030/ros2-migration/arena/utils/stable-baselines3/install/stable_baselines3/lib/python3.10/site-packages/stable_baselines3/common/__pycache__/preprocessing.cpython-310.pyc
/home/ahmo030/ros2-migration/arena/utils/stable-baselines3/install/stable_baselines3/lib/python3.10/site-packages/stable_baselines3/common/__pycache__/results_plotter.cpython-310.pyc
/home/ahmo030/ros2-migration/arena/utils/stable-baselines3/install/stable_baselines3/lib/python3.10/site-packages/stable_baselines3/common/__pycache__/buffers.cpython-310.pyc
/home/ahmo030/ros2-migration/arena/utils/stable-baselines3/install/stable_baselines3/lib/python3.10/site-packages/stable_baselines3/common/__pycache__/evaluation.cpython-310.pyc
/home/ahmo030/ros2-migration/arena/utils/stable-baselines3/install/stable_baselines3/lib/python3.10/site-packages/stable_baselines3/common/__pycache__/env_checker.cpython-310.pyc
/home/ahmo030/ros2-migration/arena/utils/stable-baselines3/install/stable_baselines3/lib/python3.10/site-packages/stable_baselines3/common/__pycache__/base_class.cpython-310.pyc
/home/ahmo030/ros2-migration/arena/utils/stable-baselines3/install/stable_baselines3/lib/python3.10/site-packages/stable_baselines3/common/__pycache__/env_util.cpython-310.pyc
/home/ahmo030/ros2-migration/arena/utils/stable-baselines3/install/stable_baselines3/lib/python3.10/site-packages/stable_baselines3/common/__pycache__/noise.cpython-310.pyc
/home/ahmo030/ros2-migration/arena/utils/stable-baselines3/install/stable_baselines3/lib/python3.10/site-packages/stable_baselines3/common/__pycache__/off_policy_algorithm.cpython-310.pyc
/home/ahmo030/ros2-migration/arena/utils/stable-baselines3/install/stable_baselines3/lib/python3.10/site-packages/stable_baselines3/common/__pycache__/running_mean_std.cpython-310.pyc
/home/ahmo030/ros2-migration/arena/utils/stable-baselines3/install/stable_baselines3/lib/python3.10/site-packages/stable_baselines3/common/__pycache__/distributions.cpython-310.pyc
/home/ahmo030/ros2-migration/arena/utils/stable-baselines3/install/stable_baselines3/lib/python3.10/site-packages/stable_baselines3/common/__pycache__/logger.cpython-310.pyc
/home/ahmo030/ros2-migration/arena/utils/stable-baselines3/install/stable_baselines3/lib/python3.10/site-packages/stable_baselines3/common/__pycache__/callbacks.cpython-310.pyc
/home/ahmo030/ros2-migration/arena/utils/stable-baselines3/install/stable_baselines3/lib/python3.10/site-packages/stable_baselines3/common/__pycache__/__init__.cpython-310.pyc
/home/ahmo030/ros2-migration/arena/utils/stable-baselines3/install/stable_baselines3/lib/python3.10/site-packages/stable_baselines3/common/__pycache__/torch_layers.cpython-310.pyc
/home/ahmo030/ros2-migration/arena/utils/stable-baselines3/install/stable_baselines3/lib/python3.10/site-packages/stable_baselines3/common/__pycache__/utils.cpython-310.pyc
/home/ahmo030/ros2-migration/arena/utils/stable-baselines3/install/stable_baselines3/lib/python3.10/site-packages/stable_baselines3/common/__pycache__/on_policy_algorithm.cpython-310.pyc
/home/ahmo030/ros2-migration/arena/utils/stable-baselines3/install/stable_baselines3/lib/python3.10/site-packages/stable_baselines3/common/__pycache__/monitor.cpython-310.pyc
/home/ahmo030/ros2-migration/arena/utils/stable-baselines3/install/stable_baselines3/lib/python3.10/site-packages/stable_baselines3/common/__pycache__/policies.cpython-310.pyc
/home/ahmo030/ros2-migration/arena/utils/stable-baselines3/install/stable_baselines3/lib/python3.10/site-packages/stable_baselines3/common/__pycache__/save_util.cpython-310.pyc
/home/ahmo030/ros2-migration/arena/utils/stable-baselines3/install/stable_baselines3/lib/python3.10/site-packages/stable_baselines3/sac/__pycache__/__init__.cpython-310.pyc
/home/ahmo030/ros2-migration/arena/utils/stable-baselines3/install/stable_baselines3/lib/python3.10/site-packages/stable_baselines3/sac/__pycache__/sac.cpython-310.pyc
/home/ahmo030/ros2-migration/arena/utils/stable-baselines3/install/stable_baselines3/lib/python3.10/site-packages/stable_baselines3/sac/__pycache__/policies.cpython-310.pyc
/home/ahmo030/ros2-migration/arena/utils/stable-baselines3/install/stable_baselines3/lib/python3.10/site-packages/stable_baselines3/common/envs/__pycache__/multi_input_envs.cpython-310.pyc
/home/ahmo030/ros2-migration/arena/utils/stable-baselines3/install/stable_baselines3/lib/python3.10/site-packages/stable_baselines3/common/envs/__pycache__/identity_env.cpython-310.pyc
/home/ahmo030/ros2-migration/arena/utils/stable-baselines3/install/stable_baselines3/lib/python3.10/site-packages/stable_baselines3/common/envs/__pycache__/__init__.cpython-310.pyc
/home/ahmo030/ros2-migration/arena/utils/stable-baselines3/install/stable_baselines3/lib/python3.10/site-packages/stable_baselines3/common/envs/__pycache__/bit_flipping_env.cpython-310.pyc
/home/ahmo030/ros2-migration/arena/utils/stable-baselines3/install/stable_baselines3/lib/python3.10/site-packages/stable_baselines3/common/vec_env/__pycache__/vec_normalize.cpython-310.pyc
/home/ahmo030/ros2-migration/arena/utils/stable-baselines3/install/stable_baselines3/lib/python3.10/site-packages/stable_baselines3/common/vec_env/__pycache__/patch_gym.cpython-310.pyc
/home/ahmo030/ros2-migration/arena/utils/stable-baselines3/install/stable_baselines3/lib/python3.10/site-packages/stable_baselines3/common/vec_env/__pycache__/subproc_vec_env.cpython-310.pyc
/home/ahmo030/ros2-migration/arena/utils/stable-baselines3/install/stable_baselines3/lib/python3.10/site-packages/stable_baselines3/common/vec_env/__pycache__/vec_monitor.cpython-310.pyc
/home/ahmo030/ros2-migration/arena/utils/stable-baselines3/install/stable_baselines3/lib/python3.10/site-packages/stable_baselines3/common/vec_env/__pycache__/vec_extract_dict_obs.cpython-310.pyc
/home/ahmo030/ros2-migration/arena/utils/stable-baselines3/install/stable_baselines3/lib/python3.10/site-packages/stable_baselines3/common/vec_env/__pycache__/stacked_observations.cpython-310.pyc
/home/ahmo030/ros2-migration/arena/utils/stable-baselines3/install/stable_baselines3/lib/python3.10/site-packages/stable_baselines3/common/vec_env/__pycache__/vec_transpose.cpython-310.pyc
/home/ahmo030/ros2-migration/arena/utils/stable-baselines3/install/stable_baselines3/lib/python3.10/site-packages/stable_baselines3/common/vec_env/__pycache__/vec_video_recorder.cpython-310.pyc
/home/ahmo030/ros2-migration/arena/utils/stable-baselines3/install/stable_baselines3/lib/python3.10/site-packages/stable_baselines3/common/vec_env/__pycache__/__init__.cpython-310.pyc
/home/ahmo030/ros2-migration/arena/utils/stable-baselines3/install/stable_baselines3/lib/python3.10/site-packages/stable_baselines3/common/vec_env/__pycache__/base_vec_env.cpython-310.pyc
/home/ahmo030/ros2-migration/arena/utils/stable-baselines3/install/stable_baselines3/lib/python3.10/site-packages/stable_baselines3/common/vec_env/__pycache__/dummy_vec_env.cpython-310.pyc
/home/ahmo030/ros2-migration/arena/utils/stable-baselines3/install/stable_baselines3/lib/python3.10/site-packages/stable_baselines3/common/vec_env/__pycache__/vec_check_nan.cpython-310.pyc
/home/ahmo030/ros2-migration/arena/utils/stable-baselines3/install/stable_baselines3/lib/python3.10/site-packages/stable_baselines3/common/vec_env/__pycache__/vec_frame_stack.cpython-310.pyc
/home/ahmo030/ros2-migration/arena/utils/stable-baselines3/install/stable_baselines3/lib/python3.10/site-packages/stable_baselines3/common/vec_env/__pycache__/util.cpython-310.pyc
/home/ahmo030/ros2-migration/arena/utils/stable-baselines3/install/stable_baselines3/lib/python3.10/site-packages/stable_baselines3/common/sb2_compat/__pycache__/rmsprop_tf_like.cpython-310.pyc
/home/ahmo030/ros2-migration/arena/utils/stable-baselines3/install/stable_baselines3/lib/python3.10/site-packages/stable_baselines3/common/sb2_compat/__pycache__/__init__.cpython-310.pyc
/home/ahmo030/ros2-migration/arena/utils/stable-baselines3/install/stable_baselines3/lib/python3.10/site-packages/stable_baselines3-2.1.0-py3.10.egg-info/SOURCES.txt
/home/ahmo030/ros2-migration/arena/utils/stable-baselines3/install/stable_baselines3/lib/python3.10/site-packages/stable_baselines3-2.1.0-py3.10.egg-info/top_level.txt
/home/ahmo030/ros2-migration/arena/utils/stable-baselines3/install/stable_baselines3/lib/python3.10/site-packages/stable_baselines3-2.1.0-py3.10.egg-info/requires.txt
/home/ahmo030/ros2-migration/arena/utils/stable-baselines3/install/stable_baselines3/lib/python3.10/site-packages/stable_baselines3-2.1.0-py3.10.egg-info/dependency_links.txt
/home/ahmo030/ros2-migration/arena/utils/stable-baselines3/install/stable_baselines3/lib/python3.10/site-packages/stable_baselines3-2.1.0-py3.10.egg-info/PKG-INFO
