[0.008s] Invoking command in '/ros2-migration/arena/utils/crowdsim/build/crowdsim': CMAKE_PREFIX_PATH=/opt/ros/humble /usr/bin/cmake /ros2-migration/arena/utils/crowdsim -DCMAKE_INSTALL_PREFIX=/ros2-migration/arena/utils/crowdsim/install/crowdsim
[0.051s] -- The C compiler identification is GNU 11.4.0
[0.097s] -- The CXX compiler identification is GNU 11.4.0
[0.103s] -- Detecting C compiler ABI info
[0.157s] -- Detecting C compiler ABI info - done
[0.165s] -- Check for working C compiler: /usr/bin/cc - skipped
[0.165s] -- Detecting C compile features
[0.166s] -- Detecting C compile features - done
[0.168s] -- Detecting CXX compiler ABI info
[0.232s] -- Detecting CXX compiler ABI info - done
[0.239s] -- Check for working CXX compiler: /usr/bin/c++ - skipped
[0.239s] -- Detecting CXX compile features
[0.240s] -- Detecting CXX compile features - done
[0.242s] -- Found ament_cmake: 1.3.9 (/opt/ros/humble/share/ament_cmake/cmake)
[0.616s] -- Found Python3: /usr/bin/python3 (found version "3.10.12") found components: Interpreter 
[0.703s] -- Found rclcpp: 16.0.9 (/opt/ros/humble/share/rclcpp/cmake)
[0.741s] -- Found rosidl_generator_c: 3.1.5 (/opt/ros/humble/share/rosidl_generator_c/cmake)
[0.745s] -- Found rosidl_adapter: 3.1.5 (/opt/ros/humble/share/rosidl_adapter/cmake)
[0.753s] -- Found rosidl_generator_cpp: 3.1.5 (/opt/ros/humble/share/rosidl_generator_cpp/cmake)
[0.766s] -- Using all available rosidl_typesupport_c: rosidl_typesupport_fastrtps_c;rosidl_typesupport_introspection_c
[0.785s] -- Using all available rosidl_typesupport_cpp: rosidl_typesupport_fastrtps_cpp;rosidl_typesupport_introspection_cpp
[0.853s] -- Found rmw_implementation_cmake: 6.1.2 (/opt/ros/humble/share/rmw_implementation_cmake/cmake)
[0.855s] -- Found rmw_fastrtps_cpp: 6.2.6 (/opt/ros/humble/share/rmw_fastrtps_cpp/cmake)
[0.934s] -- Found OpenSSL: /usr/lib/x86_64-linux-gnu/libcrypto.so (found version "3.0.2")  
[0.957s] -- Found FastRTPS: /opt/ros/humble/include  
[1.001s] -- Using RMW implementation 'rmw_fastrtps_cpp' as default
[1.010s] -- Looking for pthread.h
[1.083s] -- Looking for pthread.h - found
[1.083s] -- Performing Test CMAKE_HAVE_LIBC_PTHREAD
[1.140s] -- Performing Test CMAKE_HAVE_LIBC_PTHREAD - Success
[1.141s] -- Found Threads: TRUE  
[1.369s] -- Configuring done
[1.373s] -- Generating done
[1.375s] -- Build files have been written to: /ros2-migration/arena/utils/crowdsim/build/crowdsim
[1.382s] Invoked command in '/ros2-migration/arena/utils/crowdsim/build/crowdsim' returned '0': CMAKE_PREFIX_PATH=/opt/ros/humble /usr/bin/cmake /ros2-migration/arena/utils/crowdsim -DCMAKE_INSTALL_PREFIX=/ros2-migration/arena/utils/crowdsim/install/crowdsim
[1.383s] Invoking command in '/ros2-migration/arena/utils/crowdsim/build/crowdsim': CMAKE_PREFIX_PATH=/opt/ros/humble /usr/bin/cmake --build /ros2-migration/arena/utils/crowdsim/build/crowdsim -- -j8 -l8
[1.412s] Invoked command in '/ros2-migration/arena/utils/crowdsim/build/crowdsim' returned '0': CMAKE_PREFIX_PATH=/opt/ros/humble /usr/bin/cmake --build /ros2-migration/arena/utils/crowdsim/build/crowdsim -- -j8 -l8
[1.435s] Invoking command in '/ros2-migration/arena/utils/crowdsim/build/crowdsim': CMAKE_PREFIX_PATH=/opt/ros/humble /usr/bin/cmake --install /ros2-migration/arena/utils/crowdsim/build/crowdsim
[1.441s] -- Install configuration: ""
[1.441s] -- Installing: /ros2-migration/arena/utils/crowdsim/install/crowdsim/share/ament_index/resource_index/package_run_dependencies/crowdsim
[1.441s] -- Installing: /ros2-migration/arena/utils/crowdsim/install/crowdsim/share/ament_index/resource_index/parent_prefix_path/crowdsim
[1.441s] -- Installing: /ros2-migration/arena/utils/crowdsim/install/crowdsim/share/crowdsim/environment/ament_prefix_path.sh
[1.442s] -- Installing: /ros2-migration/arena/utils/crowdsim/install/crowdsim/share/crowdsim/environment/ament_prefix_path.dsv
[1.442s] -- Installing: /ros2-migration/arena/utils/crowdsim/install/crowdsim/share/crowdsim/environment/path.sh
[1.442s] -- Installing: /ros2-migration/arena/utils/crowdsim/install/crowdsim/share/crowdsim/environment/path.dsv
[1.442s] -- Installing: /ros2-migration/arena/utils/crowdsim/install/crowdsim/share/crowdsim/local_setup.bash
[1.442s] -- Installing: /ros2-migration/arena/utils/crowdsim/install/crowdsim/share/crowdsim/local_setup.sh
[1.442s] -- Installing: /ros2-migration/arena/utils/crowdsim/install/crowdsim/share/crowdsim/local_setup.zsh
[1.443s] -- Installing: /ros2-migration/arena/utils/crowdsim/install/crowdsim/share/crowdsim/local_setup.dsv
[1.443s] -- Installing: /ros2-migration/arena/utils/crowdsim/install/crowdsim/share/crowdsim/package.dsv
[1.443s] -- Installing: /ros2-migration/arena/utils/crowdsim/install/crowdsim/share/ament_index/resource_index/packages/crowdsim
[1.443s] -- Installing: /ros2-migration/arena/utils/crowdsim/install/crowdsim/share/crowdsim/cmake/crowdsimConfig.cmake
[1.443s] -- Installing: /ros2-migration/arena/utils/crowdsim/install/crowdsim/share/crowdsim/cmake/crowdsimConfig-version.cmake
[1.443s] -- Installing: /ros2-migration/arena/utils/crowdsim/install/crowdsim/share/crowdsim/package.xml
[1.445s] Invoked command in '/ros2-migration/arena/utils/crowdsim/build/crowdsim' returned '0': CMAKE_PREFIX_PATH=/opt/ros/humble /usr/bin/cmake --install /ros2-migration/arena/utils/crowdsim/build/crowdsim
