-- The C compiler identification is GNU 11.4.0
-- The CXX compiler identification is GNU 11.4.0
-- Detecting C compiler ABI info
-- Detecting C compiler ABI info - done
-- Check for working C compiler: /usr/bin/cc - skipped
-- Detecting C compile features
-- Detecting C compile features - done
-- Detecting CXX compiler ABI info
-- Detecting CXX compiler ABI info - done
-- Check for working CXX compiler: /usr/bin/c++ - skipped
-- Detecting CXX compile features
-- Detecting CXX compile features - done
-- Found ament_cmake: 1.3.8 (/opt/ros/humble/share/ament_cmake/cmake)
-- Found Python3: /usr/bin/python3 (found version "3.10.12") found components: Interpreter 
-- Configuring done
-- Generating done
-- Build files have been written to: /home/ahmo030/ros2-migration/arena/utils/move_base_flex/build/move_base_flex
-- Install configuration: ""
-- Installing: /home/ahmo030/ros2-migration/arena/utils/move_base_flex/install/move_base_flex/share/ament_index/resource_index/package_run_dependencies/move_base_flex
-- Installing: /home/ahmo030/ros2-migration/arena/utils/move_base_flex/install/move_base_flex/share/ament_index/resource_index/parent_prefix_path/move_base_flex
-- Installing: /home/ahmo030/ros2-migration/arena/utils/move_base_flex/install/move_base_flex/share/move_base_flex/environment/ament_prefix_path.sh
-- Installing: /home/ahmo030/ros2-migration/arena/utils/move_base_flex/install/move_base_flex/share/move_base_flex/environment/ament_prefix_path.dsv
-- Installing: /home/ahmo030/ros2-migration/arena/utils/move_base_flex/install/move_base_flex/share/move_base_flex/environment/path.sh
-- Installing: /home/ahmo030/ros2-migration/arena/utils/move_base_flex/install/move_base_flex/share/move_base_flex/environment/path.dsv
-- Installing: /home/ahmo030/ros2-migration/arena/utils/move_base_flex/install/move_base_flex/share/move_base_flex/local_setup.bash
-- Installing: /home/ahmo030/ros2-migration/arena/utils/move_base_flex/install/move_base_flex/share/move_base_flex/local_setup.sh
-- Installing: /home/ahmo030/ros2-migration/arena/utils/move_base_flex/install/move_base_flex/share/move_base_flex/local_setup.zsh
-- Installing: /home/ahmo030/ros2-migration/arena/utils/move_base_flex/install/move_base_flex/share/move_base_flex/local_setup.dsv
-- Installing: /home/ahmo030/ros2-migration/arena/utils/move_base_flex/install/move_base_flex/share/move_base_flex/package.dsv
-- Installing: /home/ahmo030/ros2-migration/arena/utils/move_base_flex/install/move_base_flex/share/ament_index/resource_index/packages/move_base_flex
-- Installing: /home/ahmo030/ros2-migration/arena/utils/move_base_flex/install/move_base_flex/share/move_base_flex/cmake/ament_cmake_export_dependencies-extras.cmake
-- Installing: /home/ahmo030/ros2-migration/arena/utils/move_base_flex/install/move_base_flex/share/move_base_flex/cmake/move_base_flexConfig.cmake
-- Installing: /home/ahmo030/ros2-migration/arena/utils/move_base_flex/install/move_base_flex/share/move_base_flex/cmake/move_base_flexConfig-version.cmake
-- Installing: /home/ahmo030/ros2-migration/arena/utils/move_base_flex/install/move_base_flex/share/move_base_flex/package.xml
