[0.005s] Invoking command in '/home/ahmo030/ros2-migration/arena/utils/move_base_flex/build/move_base_flex': CMAKE_PREFIX_PATH=/opt/ros/humble:${CMAKE_PREFIX_PATH} /usr/bin/cmake /home/ahmo030/ros2-migration/arena/utils/move_base_flex -DCMAKE_INSTALL_PREFIX=/home/ahmo030/ros2-migration/arena/utils/move_base_flex/install/move_base_flex
[0.031s] -- The C compiler identification is GNU 11.4.0
[0.067s] -- The CXX compiler identification is GNU 11.4.0
[0.070s] -- Detecting C compiler ABI info
[0.129s] -- Detecting C compiler ABI info - done
[0.134s] -- Check for working C compiler: /usr/bin/cc - skipped
[0.134s] -- Detecting C compile features
[0.135s] -- Detecting C compile features - done
[0.138s] -- Detecting CXX compiler ABI info
[0.220s] -- Detecting CXX compiler ABI info - done
[0.224s] -- Check for working CXX compiler: /usr/bin/c++ - skipped
[0.224s] -- Detecting CXX compile features
[0.224s] -- Detecting CXX compile features - done
[0.225s] -- Found ament_cmake: 1.3.8 (/opt/ros/humble/share/ament_cmake/cmake)
[0.314s] -- Found Python3: /usr/bin/python3 (found version "3.10.12") found components: Interpreter 
[0.391s] WARNING: Metapackage "move_base_flex" must buildtool_depend on catkin.
[0.391s] WARNING: Metapackage "move_base_flex" should not have other dependencies besides a buildtool_depend on catkin and exec_depends.
[0.397s] -- Configuring done
[0.398s] -- Generating done
[0.398s] -- Build files have been written to: /home/ahmo030/ros2-migration/arena/utils/move_base_flex/build/move_base_flex
[0.400s] Invoked command in '/home/ahmo030/ros2-migration/arena/utils/move_base_flex/build/move_base_flex' returned '0': CMAKE_PREFIX_PATH=/opt/ros/humble:${CMAKE_PREFIX_PATH} /usr/bin/cmake /home/ahmo030/ros2-migration/arena/utils/move_base_flex -DCMAKE_INSTALL_PREFIX=/home/ahmo030/ros2-migration/arena/utils/move_base_flex/install/move_base_flex
[0.401s] Invoking command in '/home/ahmo030/ros2-migration/arena/utils/move_base_flex/build/move_base_flex': CMAKE_PREFIX_PATH=/opt/ros/humble:${CMAKE_PREFIX_PATH} /usr/bin/cmake --build /home/ahmo030/ros2-migration/arena/utils/move_base_flex/build/move_base_flex -- -j16 -l16
[0.419s] Invoked command in '/home/ahmo030/ros2-migration/arena/utils/move_base_flex/build/move_base_flex' returned '0': CMAKE_PREFIX_PATH=/opt/ros/humble:${CMAKE_PREFIX_PATH} /usr/bin/cmake --build /home/ahmo030/ros2-migration/arena/utils/move_base_flex/build/move_base_flex -- -j16 -l16
[0.434s] Invoking command in '/home/ahmo030/ros2-migration/arena/utils/move_base_flex/build/move_base_flex': CMAKE_PREFIX_PATH=/opt/ros/humble:${CMAKE_PREFIX_PATH} /usr/bin/cmake --install /home/ahmo030/ros2-migration/arena/utils/move_base_flex/build/move_base_flex
[0.437s] -- Install configuration: ""
[0.437s] -- Installing: /home/ahmo030/ros2-migration/arena/utils/move_base_flex/install/move_base_flex/share/ament_index/resource_index/package_run_dependencies/move_base_flex
[0.437s] -- Installing: /home/ahmo030/ros2-migration/arena/utils/move_base_flex/install/move_base_flex/share/ament_index/resource_index/parent_prefix_path/move_base_flex
[0.437s] -- Installing: /home/ahmo030/ros2-migration/arena/utils/move_base_flex/install/move_base_flex/share/move_base_flex/environment/ament_prefix_path.sh
[0.437s] -- Installing: /home/ahmo030/ros2-migration/arena/utils/move_base_flex/install/move_base_flex/share/move_base_flex/environment/ament_prefix_path.dsv
[0.437s] -- Installing: /home/ahmo030/ros2-migration/arena/utils/move_base_flex/install/move_base_flex/share/move_base_flex/environment/path.sh
[0.437s] -- Installing: /home/ahmo030/ros2-migration/arena/utils/move_base_flex/install/move_base_flex/share/move_base_flex/environment/path.dsv
[0.437s] -- Installing: /home/ahmo030/ros2-migration/arena/utils/move_base_flex/install/move_base_flex/share/move_base_flex/local_setup.bash
[0.437s] -- Installing: /home/ahmo030/ros2-migration/arena/utils/move_base_flex/install/move_base_flex/share/move_base_flex/local_setup.sh
[0.437s] -- Installing: /home/ahmo030/ros2-migration/arena/utils/move_base_flex/install/move_base_flex/share/move_base_flex/local_setup.zsh
[0.437s] -- Installing: /home/ahmo030/ros2-migration/arena/utils/move_base_flex/install/move_base_flex/share/move_base_flex/local_setup.dsv
[0.437s] -- Installing: /home/ahmo030/ros2-migration/arena/utils/move_base_flex/install/move_base_flex/share/move_base_flex/package.dsv
[0.437s] -- Installing: /home/ahmo030/ros2-migration/arena/utils/move_base_flex/install/move_base_flex/share/ament_index/resource_index/packages/move_base_flex
[0.438s] -- Installing: /home/ahmo030/ros2-migration/arena/utils/move_base_flex/install/move_base_flex/share/move_base_flex/cmake/ament_cmake_export_dependencies-extras.cmake
[0.438s] -- Installing: /home/ahmo030/ros2-migration/arena/utils/move_base_flex/install/move_base_flex/share/move_base_flex/cmake/move_base_flexConfig.cmake
[0.438s] -- Installing: /home/ahmo030/ros2-migration/arena/utils/move_base_flex/install/move_base_flex/share/move_base_flex/cmake/move_base_flexConfig-version.cmake
[0.438s] -- Installing: /home/ahmo030/ros2-migration/arena/utils/move_base_flex/install/move_base_flex/share/move_base_flex/package.xml
[0.438s] Invoked command in '/home/ahmo030/ros2-migration/arena/utils/move_base_flex/build/move_base_flex' returned '0': CMAKE_PREFIX_PATH=/opt/ros/humble:${CMAKE_PREFIX_PATH} /usr/bin/cmake --install /home/ahmo030/ros2-migration/arena/utils/move_base_flex/build/move_base_flex
