[0.044s] Invoking command in '/ros2-migration/build/plan_msgs': /usr/bin/cmake /ros2-migration/arena/arena-rosnav/utils/ros/msgs/plan_msgs -DCATKIN_INSTALL_INTO_PREFIX_ROOT=0 -DCMAKE_INSTALL_PREFIX=/ros2-migration/install/plan_msgs
[0.063s] -- Found ament_cmake: 1.3.9 (/opt/ros/humble/share/ament_cmake/cmake)
[0.251s] Traceback (most recent call last):
[0.252s]   File "/opt/ros/humble/share/ament_cmake_core/cmake/package_templates/templates_2_cmake.py", line 21, in <module>
[0.252s]     from ament_package.templates import get_environment_hook_template_path
[0.252s] ModuleNotFoundError: No module named 'ament_package'
[0.255s] [31mCMake Error at /opt/ros/humble/share/ament_cmake_core/cmake/ament_cmake_package_templates-extras.cmake:41 (message):
[0.255s]   execute_process(/usr/bin/python3
[0.255s]   /opt/ros/humble/share/ament_cmake_core/cmake/package_templates/templates_2_cmake.py
[0.255s]   /ros2-migration/build/plan_msgs/ament_cmake_package_templates/templates.cmake)
[0.255s]   returned error code 1
[0.255s] Call Stack (most recent call first):
[0.256s]   /opt/ros/humble/share/ament_cmake_core/cmake/ament_cmake_coreConfig.cmake:41 (include)
[0.256s]   /opt/ros/humble/share/ament_cmake/cmake/ament_cmake_export_dependencies-extras.cmake:15 (find_package)
[0.256s]   /opt/ros/humble/share/ament_cmake/cmake/ament_cmakeConfig.cmake:41 (include)
[0.256s]   CMakeLists.txt:8 (find_package)
[0.256s] 
[0.256s] [0m
[0.256s] -- Configuring incomplete, errors occurred!
[0.256s] See also "/ros2-migration/build/plan_msgs/CMakeFiles/CMakeOutput.log".
