[0.032s] Invoking command in '/ros2-migration/arena/build/pmb2_description': CMAKE_PREFIX_PATH=/opt/ros/humble /usr/bin/cmake /ros2-migration/arena/utils/3rd-party-robot-packages/tiago/pmb2_description -DCMAKE_INSTALL_PREFIX=/ros2-migration/arena/install/pmb2_description
[0.099s] -- Found ament_cmake: 1.3.9 (/opt/ros/humble/share/ament_cmake/cmake)
[0.580s] -- Found Python3: /usr/bin/python3 (found version "3.10.12") found components: Interpreter 
[0.692s] [31mCMake Error at CMakeLists.txt:12 (find_package):
[0.692s]   By not providing "Findcatkin.cmake" in CMAKE_MODULE_PATH this project has
[0.692s]   asked CMake to find a package configuration file provided by "catkin", but
[0.692s]   CMake did not find one.
[0.693s] 
[0.693s]   Could not find a package configuration file provided by "catkin" with any
[0.693s]   of the following names:
[0.693s] 
[0.693s]     catkinConfig.cmake
[0.693s]     catkin-config.cmake
[0.693s] 
[0.693s]   Add the installation prefix of "catkin" to CMAKE_PREFIX_PATH or set
[0.694s]   "catkin_DIR" to a directory containing one of the above files.  If "catkin"
[0.694s]   provides a separate development package or SDK, be sure it has been
[0.694s]   installed.
[0.694s] 
[0.694s] [0m
[0.694s] -- Configuring incomplete, errors occurred!
[0.695s] See also "/ros2-migration/arena/build/pmb2_description/CMakeFiles/CMakeOutput.log".
[0.698s] Invoked command in '/ros2-migration/arena/build/pmb2_description' returned '1': CMAKE_PREFIX_PATH=/opt/ros/humble /usr/bin/cmake /ros2-migration/arena/utils/3rd-party-robot-packages/tiago/pmb2_description -DCMAKE_INSTALL_PREFIX=/ros2-migration/arena/install/pmb2_description
