[0.062s] Invoking command in '/ros2-migration/build/unitree_legged_msgs': CMAKE_PREFIX_PATH=/opt/ros/humble /usr/bin/cmake /ros2-migration/arena/utils/unitree_ros/unitree_legged_msgs -DCMAKE_INSTALL_PREFIX=/ros2-migration/install/unitree_legged_msgs
[0.119s] -- Found ament_cmake: 1.3.9 (/opt/ros/humble/share/ament_cmake/cmake)
[0.325s] -- Found rosidl_default_generators: 1.2.0 (/opt/ros/humble/share/rosidl_default_generators/cmake)
[0.327s] -- Using all available rosidl_typesupport_c: rosidl_typesupport_fastrtps_c;rosidl_typesupport_introspection_c
[0.330s] -- Found rosidl_adapter: 3.1.5 (/opt/ros/humble/share/rosidl_adapter/cmake)
[0.361s] -- Using all available rosidl_typesupport_cpp: rosidl_typesupport_fastrtps_cpp;rosidl_typesupport_introspection_cpp
[0.391s] -- Found geometry_msgs: 4.2.3 (/opt/ros/humble/share/geometry_msgs/cmake)
[0.516s] -- Found sensor_msgs: 4.2.3 (/opt/ros/humble/share/sensor_msgs/cmake)
[0.705s] [31mCMake Error at /opt/ros/humble/share/rosidl_adapter/cmake/rosidl_adapt_interfaces.cmake:59 (message):
[0.705s]   execute_process(/usr/bin/python3 -m rosidl_adapter --package-name
[0.705s]   unitree_legged_msgs --arguments-file
[0.705s]   /ros2-migration/build/unitree_legged_msgs/rosidl_adapter__arguments__unitree_legged_msgs.json
[0.705s]   --output-dir
[0.706s]   /ros2-migration/build/unitree_legged_msgs/rosidl_adapter/unitree_legged_msgs
[0.706s]   --output-file
[0.706s]   /ros2-migration/build/unitree_legged_msgs/rosidl_adapter/unitree_legged_msgs.idls)
[0.706s]   returned error code 1:
[0.706s] 
[0.706s]   Error processing 'float32 Kp' of 'unitree_legged_msgs/MotorCmd': ''Kp' is
[0.706s]   an invalid field name.  It should have the pattern
[0.706s]   '^(?!.*__)(?!.*_$)[a-z][a-z0-9_]*$''
[0.706s] 
[0.706s]   Traceback (most recent call last):
[0.706s] 
[0.706s]     File "/usr/lib/python3.10/runpy.py", line 196, in _run_module_as_main
[0.706s]       return _run_code(code, main_globals, None,
[0.706s]     File "/usr/lib/python3.10/runpy.py", line 86, in _run_code
[0.706s]       exec(code, run_globals)
[0.706s]     File "/opt/ros/humble/local/lib/python3.10/dist-packages/rosidl_adapter/__main__.py", line 19, in <module>
[0.707s]       sys.exit(main())
[0.707s]     File "/opt/ros/humble/local/lib/python3.10/dist-packages/rosidl_adapter/main.py", line 53, in main
[0.707s]       abs_idl_file = convert_to_idl(
[0.707s]     File "/opt/ros/humble/local/lib/python3.10/dist-packages/rosidl_adapter/__init__.py", line 19, in convert_to_idl
[0.707s]       return convert_msg_to_idl(
[0.707s]     File "/opt/ros/humble/local/lib/python3.10/dist-packages/rosidl_adapter/msg/__init__.py", line 28, in convert_msg_to_idl
[0.707s]       msg = parse_message_string(package_name, input_file.stem, content)
[0.707s]     File "/opt/ros/humble/local/lib/python3.10/dist-packages/rosidl_adapter/parser.py", line 519, in parse_message_string
[0.707s]       fields.append(Field(
[0.707s]     File "/opt/ros/humble/local/lib/python3.10/dist-packages/rosidl_adapter/parser.py", line 354, in __init__
[0.707s]       raise NameError(
[0.707s] 
[0.707s]   NameError: 'Kp' is an invalid field name.  It should have the pattern
[0.707s]   '^(?!.*__)(?!.*_$)[a-z][a-z0-9_]*$'
[0.707s] 
[0.708s] Call Stack (most recent call first):
[0.708s]   /opt/ros/humble/share/rosidl_cmake/cmake/rosidl_generate_interfaces.cmake:130 (rosidl_adapt_interfaces)
[0.708s]   CMakeLists.txt:24 (rosidl_generate_interfaces)
[0.708s] 
[0.708s] [0m
[0.708s] -- Configuring incomplete, errors occurred!
[0.708s] See also "/ros2-migration/build/unitree_legged_msgs/CMakeFiles/CMakeOutput.log".
