[0.021s] Invoking command in '/ros2-migration/build/cob_srvs': CMAKE_PREFIX_PATH=/opt/ros/humble /usr/bin/cmake /ros2-migration/arena/utils/3rd-party-robot-packages/cob4/cob_srvs -DCMAKE_INSTALL_PREFIX=/ros2-migration/install/cob_srvs
[1.578s] -- The C compiler identification is GNU 11.4.0
[1.579s] -- The CXX compiler identification is GNU 11.4.0
[1.579s] -- Detecting C compiler ABI info
[1.579s] -- Detecting C compiler ABI info - done
[1.579s] -- Check for working C compiler: /usr/bin/cc - skipped
[1.579s] -- Detecting C compile features
[1.579s] -- Detecting C compile features - done
[1.579s] -- Detecting CXX compiler ABI info
[1.579s] -- Detecting CXX compiler ABI info - done
[1.579s] -- Check for working CXX compiler: /usr/bin/c++ - skipped
[1.579s] -- Detecting CXX compile features
[1.579s] -- Detecting CXX compile features - done
[1.579s] -- Found ament_cmake: 1.3.9 (/opt/ros/humble/share/ament_cmake/cmake)
[1.579s] -- Found Python3: /usr/bin/python3 (found version "3.10.12") found components: Interpreter 
[1.579s] -- Found rosidl_default_generators: 1.2.0 (/opt/ros/humble/share/rosidl_default_generators/cmake)
[1.579s] -- Using all available rosidl_typesupport_c: rosidl_typesupport_fastrtps_c;rosidl_typesupport_introspection_c
[1.580s] -- Found rosidl_adapter: 3.1.5 (/opt/ros/humble/share/rosidl_adapter/cmake)
[1.580s] -- Using all available rosidl_typesupport_cpp: rosidl_typesupport_fastrtps_cpp;rosidl_typesupport_introspection_cpp
[1.580s] -- Found geometry_msgs: 4.2.3 (/opt/ros/humble/share/geometry_msgs/cmake)
[1.691s] -- Found ament_cmake_ros: 0.10.0 (/opt/ros/humble/share/ament_cmake_ros/cmake)
[1.949s] -- Using all available rosidl_typesupport_c: rosidl_typesupport_fastrtps_c;rosidl_typesupport_introspection_c
[2.273s] -- Using all available rosidl_typesupport_cpp: rosidl_typesupport_fastrtps_cpp;rosidl_typesupport_introspection_cpp
[2.297s] -- Found PythonInterp: /usr/bin/python3 (found suitable version "3.10.12", minimum required is "3.6") 
[2.298s] -- Found python_cmake_module: 0.10.0 (/opt/ros/humble/share/python_cmake_module/cmake)
[2.323s] -- Found PythonLibs: /usr/lib/x86_64-linux-gnu/libpython3.10.so (found suitable version "3.10.12", minimum required is "3.5") 
[2.323s] -- Using PYTHON_EXECUTABLE: /usr/bin/python3
[2.323s] -- Using PYTHON_INCLUDE_DIRS: /usr/include/python3.10
[2.323s] -- Using PYTHON_LIBRARIES: /usr/lib/x86_64-linux-gnu/libpython3.10.so
[2.345s] -- Found PythonExtra: .so  
[2.413s] -- Configuring done
[2.453s] -- Generating done
[2.455s] -- Build files have been written to: /ros2-migration/build/cob_srvs
