[0.017s] Invoking command in '/ros2-migration/build/mapping': /usr/bin/cmake /ros2-migration/arena/arena-rosnav/utils/misc/mapping -DCMAKE_INSTALL_PREFIX=/ros2-migration/install/mapping
[0.058s] -- Found ament_cmake: 1.3.9 (/opt/ros/humble/share/ament_cmake/cmake)
[0.116s] Traceback (most recent call last):
[0.117s]   File "/opt/ros/humble/share/ament_cmake_core/cmake/package_templates/templates_2_cmake.py", line 21, in <module>
[0.117s]     from ament_package.templates import get_environment_hook_template_path
[0.118s] ModuleNotFoundError: No module named 'ament_package'
[0.123s] [31mCMake Error at /opt/ros/humble/share/ament_cmake_core/cmake/ament_cmake_package_templates-extras.cmake:41 (message):
[0.123s]   execute_process(/usr/bin/python3
[0.123s]   /opt/ros/humble/share/ament_cmake_core/cmake/package_templates/templates_2_cmake.py
[0.123s]   /ros2-migration/build/mapping/ament_cmake_package_templates/templates.cmake)
[0.123s]   returned error code 1
[0.123s] Call Stack (most recent call first):
[0.123s]   /opt/ros/humble/share/ament_cmake_core/cmake/ament_cmake_coreConfig.cmake:41 (include)
[0.123s]   /opt/ros/humble/share/ament_cmake/cmake/ament_cmake_export_dependencies-extras.cmake:15 (find_package)
[0.123s]   /opt/ros/humble/share/ament_cmake/cmake/ament_cmakeConfig.cmake:41 (include)
[0.123s]   CMakeLists.txt:9 (find_package)
[0.123s] 
[0.123s] [0m
[0.124s] -- Configuring incomplete, errors occurred!
[0.124s] See also "/ros2-migration/build/mapping/CMakeFiles/CMakeOutput.log".
[0.130s] Invoked command in '/ros2-migration/build/mapping' returned '1': /usr/bin/cmake /ros2-migration/arena/arena-rosnav/utils/misc/mapping -DCMAKE_INSTALL_PREFIX=/ros2-migration/install/mapping
