[0.034s] Invoking command in '/ros2-migration/arena/build/tiago_description_calibration': /usr/bin/cmake /ros2-migration/arena/utils/3rd-party-robot-packages/tiago/tiago_description_calibration -DCMAKE_INSTALL_PREFIX=/ros2-migration/arena/install/tiago_description_calibration
[0.112s] -- Found ament_cmake: 1.3.9 (/opt/ros/humble/share/ament_cmake/cmake)
[0.523s] -- Found Python3: /usr/bin/python3 (found version "3.10.12") found components: Interpreter 
[0.669s] Error parsing '/ros2-migration/arena/utils/3rd-party-robot-packages/tiago/tiago_description_calibration/package.xml':
[0.669s] Traceback (most recent call last):
[0.669s]   File "/opt/ros/humble/share/ament_cmake_core/cmake/core/package_xml_2_cmake.py", line 150, in <module>
[0.669s]     main()
[0.669s]   File "/opt/ros/humble/share/ament_cmake_core/cmake/core/package_xml_2_cmake.py", line 53, in main
[0.669s]     raise e
[0.669s]   File "/opt/ros/humble/share/ament_cmake_core/cmake/core/package_xml_2_cmake.py", line 49, in main
[0.669s]     package = parse_package_string(
[0.669s]   File "/usr/lib/python3/dist-packages/catkin_pkg/package.py", line 719, in parse_package_string
[0.684s]     export_node = _get_optional_node(root, 'export', filename)
[0.687s]   File "/usr/lib/python3/dist-packages/catkin_pkg/package.py", line 807, in _get_optional_node
[0.687s]     raise InvalidPackage('The manifest must not contain more than one "%s" tags' % tagname, filename)
[0.687s] catkin_pkg.package.InvalidPackage: Error(s) in package '/ros2-migration/arena/utils/3rd-party-robot-packages/tiago/tiago_description_calibration/package.xml':
[0.687s] The manifest must not contain more than one "export" tags
[0.702s] -- Configuring incomplete, errors occurred!
[0.702s] See also "/ros2-migration/arena/build/tiago_description_calibration/CMakeFiles/CMakeOutput.log".
[0.702s] [31mCMake Error at /opt/ros/humble/share/ament_cmake_core/cmake/core/ament_package_xml.cmake:95 (message):
[0.702s]   execute_process(/usr/bin/python3
[0.702s]   /opt/ros/humble/share/ament_cmake_core/cmake/core/package_xml_2_cmake.py
[0.702s]   /ros2-migration/arena/utils/3rd-party-robot-packages/tiago/tiago_description_calibration/package.xml
[0.702s]   /ros2-migration/arena/build/tiago_description_calibration/ament_cmake_core/package.cmake)
[0.702s]   returned error code 1
[0.702s] Call Stack (most recent call first):
[0.702s]   /opt/ros/humble/share/ament_cmake_core/cmake/core/ament_package_xml.cmake:49 (_ament_package_xml)
[0.703s]   /opt/ros/humble/share/ament_cmake_core/cmake/core/ament_package.cmake:63 (ament_package_xml)
[0.703s]   CMakeLists.txt:22 (ament_package)
[0.703s] 
[0.703s] [0m
