[0.048s] Invoking command in '/ros2-migration/arena/build/cob_base_controller_utils': /usr/bin/cmake /ros2-migration/arena/utils/3rd-party-robot-packages/cob4/cob_base_controller_utils -DCMAKE_INSTALL_PREFIX=/ros2-migration/arena/install/cob_base_controller_utils
[0.060s] [31mCMake Error at CMakeLists.txt:17 (add_dependencies):
[0.060s]   add_dependencies called with incorrect number of arguments
[0.060s] 
[0.060s] [0m
[0.062s] [31mCMake Error at CMakeLists.txt:21 (find_package):
[0.062s]   By not providing "Findament_cmake.cmake" in CMAKE_MODULE_PATH this project
[0.062s]   has asked CMake to find a package configuration file provided by
[0.062s]   "ament_cmake", but CMake did not find one.
[0.062s] 
[0.062s]   Could not find a package configuration file provided by "ament_cmake" with
[0.062s]   any of the following names:
[0.062s] 
[0.062s]     ament_cmakeConfig.cmake
[0.062s]     ament_cmake-config.cmake
[0.062s] 
[0.062s]   Add the installation prefix of "ament_cmake" to CMAKE_PREFIX_PATH or set
[0.062s]   "ament_cmake_DIR" to a directory containing one of the above files.  If
[0.063s]   "ament_cmake" provides a separate development package or SDK, be sure it
[0.063s]   has been installed.
[0.063s] 
[0.063s] [0m
[0.063s] -- Configuring incomplete, errors occurred!
[0.063s] See also "/ros2-migration/arena/build/cob_base_controller_utils/CMakeFiles/CMakeOutput.log".
