[0.031s] Invoking command in '/ros2-migration/build/cob_srvs': CMAKE_PREFIX_PATH=/opt/ros/humble /usr/bin/cmake --build /ros2-migration/build/cob_srvs -- -j8 -l8
[0.151s] [  1%] Built target cob_srvs__cpp
[0.151s] [ 12%] Built target cob_srvs__rosidl_generator_c
[0.151s] [ 23%] Built target cob_srvs__rosidl_typesupport_cpp
[0.151s] [ 34%] Built target cob_srvs__rosidl_typesupport_fastrtps_cpp
[0.168s] [ 45%] Built target cob_srvs__rosidl_typesupport_introspection_cpp
[0.170s] [ 45%] Built target ament_cmake_python_copy_cob_srvs
[0.203s] [ 58%] Built target cob_srvs__rosidl_typesupport_fastrtps_c
[0.209s] [ 67%] Built target cob_srvs__rosidl_typesupport_introspection_c
[0.211s] [ 78%] Built target cob_srvs__rosidl_typesupport_c
[0.239s] [ 78%] Built target cob_srvs
[0.285s] [ 80%] Built target cob_srvs__py
[0.306s] [ 89%] Built target cob_srvs__rosidl_generator_py
[0.326s] [ 92%] Built target cob_srvs__rosidl_typesupport_fastrtps_c__pyext
[0.329s] [ 96%] Built target cob_srvs__rosidl_typesupport_introspection_c__pyext
[0.346s] [100%] Built target cob_srvs__rosidl_typesupport_c__pyext
[0.441s] running egg_info
[0.457s] writing cob_srvs.egg-info/PKG-INFO
[0.458s] writing dependency_links to cob_srvs.egg-info/dependency_links.txt
[0.458s] writing top-level names to cob_srvs.egg-info/top_level.txt
[0.507s] reading manifest file 'cob_srvs.egg-info/SOURCES.txt'
[0.507s] writing manifest file 'cob_srvs.egg-info/SOURCES.txt'
[0.536s] [100%] Built target ament_cmake_python_build_cob_srvs_egg
