[0.027s] Invoking command in '/ros2-migration/build/plan_visualization': /usr/bin/cmake /ros2-migration/arena/arena-rosnav/utils/misc/plan_visualization -DCMAKE_INSTALL_PREFIX=/ros2-migration/install/plan_visualization
[0.064s] -- Found ament_cmake: 1.3.9 (/opt/ros/humble/share/ament_cmake/cmake)
[0.188s] -- Found std_msgs: 4.2.3 (/opt/ros/humble/share/std_msgs/cmake)
[0.221s] -- Found rosidl_generator_c: 3.1.5 (/opt/ros/humble/share/rosidl_generator_c/cmake)
[0.224s] -- Found rosidl_adapter: 3.1.5 (/opt/ros/humble/share/rosidl_adapter/cmake)
[0.238s] -- Found rosidl_generator_cpp: 3.1.5 (/opt/ros/humble/share/rosidl_generator_cpp/cmake)
[0.271s] -- Using all available rosidl_typesupport_c: rosidl_typesupport_fastrtps_c;rosidl_typesupport_introspection_c
[0.287s] -- Using all available rosidl_typesupport_cpp: rosidl_typesupport_fastrtps_cpp;rosidl_typesupport_introspection_cpp
[0.364s] -- Found geometry_msgs: 4.2.3 (/opt/ros/humble/share/geometry_msgs/cmake)
[0.409s] -- Found rclcpp: 16.0.9 (/opt/ros/humble/share/rclcpp/cmake)
[0.459s] -- Found rmw_implementation_cmake: 6.1.2 (/opt/ros/humble/share/rmw_implementation_cmake/cmake)
[0.460s] -- Found rmw_fastrtps_cpp: 6.2.6 (/opt/ros/humble/share/rmw_fastrtps_cpp/cmake)
[0.597s] -- Using RMW implementation 'rmw_fastrtps_cpp' as default
[0.723s] -- Found sensor_msgs: 4.2.3 (/opt/ros/humble/share/sensor_msgs/cmake)
[0.809s] -- Found nav_msgs: 4.2.3 (/opt/ros/humble/share/nav_msgs/cmake)
[8.266s] Error parsing '/ros2-migration/arena/arena-rosnav/utils/misc/plan_visualization/package.xml':
[8.266s] Traceback (most recent call last):
[8.266s]   File "/opt/ros/humble/share/ament_cmake_core/cmake/core/package_xml_2_cmake.py", line 150, in <module>
[8.266s]     main()
[8.266s]   File "/opt/ros/humble/share/ament_cmake_core/cmake/core/package_xml_2_cmake.py", line 53, in main
[8.266s]     raise e
[8.266s]   File "/opt/ros/humble/share/ament_cmake_core/cmake/core/package_xml_2_cmake.py", line 49, in main
[8.266s]     package = parse_package_string(
[8.266s]   File "/usr/lib/python3/dist-packages/catkin_pkg/package.py", line 719, in parse_package_string
[8.267s]     export_node = _get_optional_node(root, 'export', filename)
[8.267s]   File "/usr/lib/python3/dist-packages/catkin_pkg/package.py", line 807, in _get_optional_node
[8.267s]     raise InvalidPackage('The manifest must not contain more than one "%s" tags' % tagname, filename)
[8.267s] catkin_pkg.package.InvalidPackage: Error(s) in package '/ros2-migration/arena/arena-rosnav/utils/misc/plan_visualization/package.xml':
[8.267s] The manifest must not contain more than one "export" tags
[8.275s] [31mCMake Error at /opt/ros/humble/share/ament_cmake_core/cmake/core/ament_package_xml.cmake:95 (message):
[8.275s]   execute_process(/usr/bin/python3
[8.275s]   /opt/ros/humble/share/ament_cmake_core/cmake/core/package_xml_2_cmake.py
[8.275s]   /ros2-migration/arena/arena-rosnav/utils/misc/plan_visualization/package.xml
[8.275s]   /ros2-migration/build/plan_visualization/ament_cmake_core/package.cmake)
[8.275s]   returned error code 1
[8.275s] Call Stack (most recent call first):
[8.275s]   /opt/ros/humble/share/ament_cmake_core/cmake/core/ament_package_xml.cmake:49 (_ament_package_xml)
[8.275s]   /opt/ros/humble/share/ament_cmake_core/cmake/core/ament_package.cmake:63 (ament_package_xml)
[8.275s]   CMakeLists.txt:221 (ament_package)
[8.275s] 
[8.275s] [0m
[8.275s] -- Configuring incomplete, errors occurred!
[8.275s] See also "/ros2-migration/build/plan_visualization/CMakeFiles/CMakeOutput.log".
