-- Found ament_cmake: 1.3.9 (/opt/ros/humble/share/ament_cmake/cmake)
-- Found Python3: /usr/bin/python3 (found version "3.10.12") found components: Interpreter 
-- Found message_filters: 4.3.4 (/opt/ros/humble/share/message_filters/cmake)
-- Found rosidl_generator_c: 3.1.5 (/opt/ros/humble/share/rosidl_generator_c/cmake)
-- Found rosidl_adapter: 3.1.5 (/opt/ros/humble/share/rosidl_adapter/cmake)
-- Found rosidl_generator_cpp: 3.1.5 (/opt/ros/humble/share/rosidl_generator_cpp/cmake)
-- Using all available rosidl_typesupport_c: rosidl_typesupport_fastrtps_c;rosidl_typesupport_introspection_c
-- Using all available rosidl_typesupport_cpp: rosidl_typesupport_fastrtps_cpp;rosidl_typesupport_introspection_cpp
-- Found rmw_implementation_cmake: 6.1.2 (/opt/ros/humble/share/rmw_implementation_cmake/cmake)
-- Found rmw_fastrtps_cpp: 6.2.6 (/opt/ros/humble/share/rmw_fastrtps_cpp/cmake)
-- Found OpenSSL: /usr/lib/x86_64-linux-gnu/libcrypto.so (found version "3.0.2")  
-- Found FastRTPS: /opt/ros/humble/include  
-- Using RMW implementation 'rmw_fastrtps_cpp' as default
-- Looking for pthread.h
-- Looking for pthread.h - found
-- Performing Test CMAKE_HAVE_LIBC_PTHREAD
-- Performing Test CMAKE_HAVE_LIBC_PTHREAD - Success
-- Found Threads: TRUE  
-- Found rclpy: 3.3.13 (/opt/ros/humble/share/rclpy/cmake)
-- Found pcl_conversions: 2.4.0 (/opt/ros/humble/share/pcl_conversions/cmake)
-- Found visualization_msgs: 4.2.3 (/opt/ros/humble/share/visualization_msgs/cmake)
-- Found tf2: 0.25.6 (/opt/ros/humble/share/tf2/cmake)
[31mCMake Error at CMakeLists.txt:17 (find_package):
  By not providing "Findpcl_ros.cmake" in CMAKE_MODULE_PATH this project has
  asked CMake to find a package configuration file provided by "pcl_ros", but
  CMake did not find one.

  Could not find a package configuration file provided by "pcl_ros" with any
  of the following names:

    pcl_rosConfig.cmake
    pcl_ros-config.cmake

  Add the installation prefix of "pcl_ros" to CMAKE_PREFIX_PATH or set
  "pcl_ros_DIR" to a directory containing one of the above files.  If
  "pcl_ros" provides a separate development package or SDK, be sure it has
  been installed.

[0m
-- Configuring incomplete, errors occurred!
See also "/ros2-migration/arena/build/mapping/CMakeFiles/CMakeOutput.log".
