[0.033s] Invoking command in '/ros2-migration/arena/build/mapping': /usr/bin/cmake /ros2-migration/arena/arena-rosnav/utils/misc/mapping -DCMAKE_INSTALL_PREFIX=/ros2-migration/arena/install/mapping
[0.088s] -- Found ament_cmake: 1.3.9 (/opt/ros/humble/share/ament_cmake/cmake)
[0.462s] -- Found Python3: /usr/bin/python3 (found version "3.10.12") found components: Interpreter 
[0.560s] -- Found message_filters: 4.3.4 (/opt/ros/humble/share/message_filters/cmake)
[0.603s] -- Found rosidl_generator_c: 3.1.5 (/opt/ros/humble/share/rosidl_generator_c/cmake)
[0.608s] -- Found rosidl_adapter: 3.1.5 (/opt/ros/humble/share/rosidl_adapter/cmake)
[0.627s] -- Found rosidl_generator_cpp: 3.1.5 (/opt/ros/humble/share/rosidl_generator_cpp/cmake)
[0.642s] -- Using all available rosidl_typesupport_c: rosidl_typesupport_fastrtps_c;rosidl_typesupport_introspection_c
[0.663s] -- Using all available rosidl_typesupport_cpp: rosidl_typesupport_fastrtps_cpp;rosidl_typesupport_introspection_cpp
[0.738s] -- Found rmw_implementation_cmake: 6.1.2 (/opt/ros/humble/share/rmw_implementation_cmake/cmake)
[0.740s] -- Found rmw_fastrtps_cpp: 6.2.6 (/opt/ros/humble/share/rmw_fastrtps_cpp/cmake)
[0.848s] -- Found OpenSSL: /usr/lib/x86_64-linux-gnu/libcrypto.so (found version "3.0.2")  
[0.872s] -- Found FastRTPS: /opt/ros/humble/include  
[0.916s] -- Using RMW implementation 'rmw_fastrtps_cpp' as default
[0.952s] -- Looking for pthread.h
[1.105s] -- Looking for pthread.h - found
[1.105s] -- Performing Test CMAKE_HAVE_LIBC_PTHREAD
[1.163s] -- Performing Test CMAKE_HAVE_LIBC_PTHREAD - Success
[1.164s] -- Found Threads: TRUE  
[1.343s] -- Found rclpy: 3.3.13 (/opt/ros/humble/share/rclpy/cmake)
[1.345s] -- Found pcl_conversions: 2.4.0 (/opt/ros/humble/share/pcl_conversions/cmake)
[1.654s] -- Found visualization_msgs: 4.2.3 (/opt/ros/humble/share/visualization_msgs/cmake)
[1.791s] -- Found tf2: 0.25.6 (/opt/ros/humble/share/tf2/cmake)
[1.817s] [31mCMake Error at CMakeLists.txt:17 (find_package):
[1.817s]   By not providing "Findpcl_ros.cmake" in CMAKE_MODULE_PATH this project has
[1.817s]   asked CMake to find a package configuration file provided by "pcl_ros", but
[1.817s]   CMake did not find one.
[1.817s] 
[1.817s]   Could not find a package configuration file provided by "pcl_ros" with any
[1.817s]   of the following names:
[1.818s] 
[1.818s]     pcl_rosConfig.cmake
[1.818s]     pcl_ros-config.cmake
[1.818s] 
[1.818s]   Add the installation prefix of "pcl_ros" to CMAKE_PREFIX_PATH or set
[1.818s]   "pcl_ros_DIR" to a directory containing one of the above files.  If
[1.818s]   "pcl_ros" provides a separate development package or SDK, be sure it has
[1.818s]   been installed.
[1.818s] 
[1.818s] [0m
[1.818s] -- Configuring incomplete, errors occurred!
[1.818s] See also "/ros2-migration/arena/build/mapping/CMakeFiles/CMakeOutput.log".
