[0.005s] Invoking command in '/home/ahmo030/ros2-migration/arena/utils/unitree_ros/unitree_controllers/unitree_controller_go1/build/unitree_controller_go1': CMAKE_PREFIX_PATH=/opt/ros/humble:${CMAKE_PREFIX_PATH} /usr/bin/cmake /home/ahmo030/ros2-migration/arena/utils/unitree_ros/unitree_controllers/unitree_controller_go1 -DCMAKE_INSTALL_PREFIX=/home/ahmo030/ros2-migration/arena/utils/unitree_ros/unitree_controllers/unitree_controller_go1/install/unitree_controller_go1
[0.033s] -- The C compiler identification is GNU 11.4.0
[0.060s] -- The CXX compiler identification is GNU 11.4.0
[0.065s] -- Detecting C compiler ABI info
[0.121s] -- Detecting C compiler ABI info - done
[0.135s] -- Check for working C compiler: /usr/bin/cc - skipped
[0.136s] -- Detecting C compile features
[0.137s] -- Detecting C compile features - done
[0.143s] -- Detecting CXX compiler ABI info
[0.222s] -- Detecting CXX compiler ABI info - done
[0.227s] -- Check for working CXX compiler: /usr/bin/c++ - skipped
[0.227s] -- Detecting CXX compile features
[0.227s] -- Detecting CXX compile features - done
[0.227s] CMake Error at CMakeLists.txt:29 (and):
[0.227s]   Unknown CMake command "and".
[0.227s] 
[0.227s] 
[0.227s] -- Configuring incomplete, errors occurred!
[0.227s] See also "/home/ahmo030/ros2-migration/arena/utils/unitree_ros/unitree_controllers/unitree_controller_go1/build/unitree_controller_go1/CMakeFiles/CMakeOutput.log".
[0.229s] Invoked command in '/home/ahmo030/ros2-migration/arena/utils/unitree_ros/unitree_controllers/unitree_controller_go1/build/unitree_controller_go1' returned '1': CMAKE_PREFIX_PATH=/opt/ros/humble:${CMAKE_PREFIX_PATH} /usr/bin/cmake /home/ahmo030/ros2-migration/arena/utils/unitree_ros/unitree_controllers/unitree_controller_go1 -DCMAKE_INSTALL_PREFIX=/home/ahmo030/ros2-migration/arena/utils/unitree_ros/unitree_controllers/unitree_controller_go1/install/unitree_controller_go1
