[0.007s] Invoking command in '/home/ahmo030/ros2-migration/arena/utils/3rd-party-robot-packages/tiago/pmb2_robot/build/pmb2_robot': CMAKE_PREFIX_PATH=/opt/ros/humble:${CMAKE_PREFIX_PATH} /usr/bin/cmake --build /home/ahmo030/ros2-migration/arena/utils/3rd-party-robot-packages/tiago/pmb2_robot/build/pmb2_robot -- -j16 -l16
[0.025s] Invoked command in '/home/ahmo030/ros2-migration/arena/utils/3rd-party-robot-packages/tiago/pmb2_robot/build/pmb2_robot' returned '0': CMAKE_PREFIX_PATH=/opt/ros/humble:${CMAKE_PREFIX_PATH} /usr/bin/cmake --build /home/ahmo030/ros2-migration/arena/utils/3rd-party-robot-packages/tiago/pmb2_robot/build/pmb2_robot -- -j16 -l16
[0.042s] Invoking command in '/home/ahmo030/ros2-migration/arena/utils/3rd-party-robot-packages/tiago/pmb2_robot/build/pmb2_robot': CMAKE_PREFIX_PATH=/opt/ros/humble:${CMAKE_PREFIX_PATH} /usr/bin/cmake --install /home/ahmo030/ros2-migration/arena/utils/3rd-party-robot-packages/tiago/pmb2_robot/build/pmb2_robot
[0.046s] -- Install configuration: ""
[0.046s] -- Up-to-date: /home/ahmo030/ros2-migration/arena/utils/3rd-party-robot-packages/tiago/pmb2_robot/install/pmb2_robot/share/ament_index/resource_index/package_run_dependencies/pmb2_robot
[0.046s] -- Up-to-date: /home/ahmo030/ros2-migration/arena/utils/3rd-party-robot-packages/tiago/pmb2_robot/install/pmb2_robot/share/ament_index/resource_index/parent_prefix_path/pmb2_robot
[0.046s] -- Up-to-date: /home/ahmo030/ros2-migration/arena/utils/3rd-party-robot-packages/tiago/pmb2_robot/install/pmb2_robot/share/pmb2_robot/environment/ament_prefix_path.sh
[0.046s] -- Up-to-date: /home/ahmo030/ros2-migration/arena/utils/3rd-party-robot-packages/tiago/pmb2_robot/install/pmb2_robot/share/pmb2_robot/environment/ament_prefix_path.dsv
[0.046s] -- Up-to-date: /home/ahmo030/ros2-migration/arena/utils/3rd-party-robot-packages/tiago/pmb2_robot/install/pmb2_robot/share/pmb2_robot/environment/path.sh
[0.046s] -- Up-to-date: /home/ahmo030/ros2-migration/arena/utils/3rd-party-robot-packages/tiago/pmb2_robot/install/pmb2_robot/share/pmb2_robot/environment/path.dsv
[0.046s] -- Up-to-date: /home/ahmo030/ros2-migration/arena/utils/3rd-party-robot-packages/tiago/pmb2_robot/install/pmb2_robot/share/pmb2_robot/local_setup.bash
[0.046s] -- Up-to-date: /home/ahmo030/ros2-migration/arena/utils/3rd-party-robot-packages/tiago/pmb2_robot/install/pmb2_robot/share/pmb2_robot/local_setup.sh
[0.046s] -- Up-to-date: /home/ahmo030/ros2-migration/arena/utils/3rd-party-robot-packages/tiago/pmb2_robot/install/pmb2_robot/share/pmb2_robot/local_setup.zsh
[0.046s] -- Up-to-date: /home/ahmo030/ros2-migration/arena/utils/3rd-party-robot-packages/tiago/pmb2_robot/install/pmb2_robot/share/pmb2_robot/local_setup.dsv
[0.046s] -- Installing: /home/ahmo030/ros2-migration/arena/utils/3rd-party-robot-packages/tiago/pmb2_robot/install/pmb2_robot/share/pmb2_robot/package.dsv
[0.046s] -- Up-to-date: /home/ahmo030/ros2-migration/arena/utils/3rd-party-robot-packages/tiago/pmb2_robot/install/pmb2_robot/share/ament_index/resource_index/packages/pmb2_robot
[0.046s] -- Up-to-date: /home/ahmo030/ros2-migration/arena/utils/3rd-party-robot-packages/tiago/pmb2_robot/install/pmb2_robot/share/pmb2_robot/cmake/pmb2_robotConfig.cmake
[0.047s] -- Up-to-date: /home/ahmo030/ros2-migration/arena/utils/3rd-party-robot-packages/tiago/pmb2_robot/install/pmb2_robot/share/pmb2_robot/cmake/pmb2_robotConfig-version.cmake
[0.047s] -- Up-to-date: /home/ahmo030/ros2-migration/arena/utils/3rd-party-robot-packages/tiago/pmb2_robot/install/pmb2_robot/share/pmb2_robot/package.xml
[0.047s] Invoked command in '/home/ahmo030/ros2-migration/arena/utils/3rd-party-robot-packages/tiago/pmb2_robot/build/pmb2_robot' returned '0': CMAKE_PREFIX_PATH=/opt/ros/humble:${CMAKE_PREFIX_PATH} /usr/bin/cmake --install /home/ahmo030/ros2-migration/arena/utils/3rd-party-robot-packages/tiago/pmb2_robot/build/pmb2_robot
