[0.018s] Invoking command in '/ros2-migration/build/plan_msgs': /usr/bin/cmake /ros2-migration/arena/arena-rosnav/utils/ros/msgs/plan_msgs -DCATKIN_INSTALL_INTO_PREFIX_ROOT=0 -DCMAKE_INSTALL_PREFIX=/ros2-migration/install/plan_msgs
[0.080s] -- Found ament_cmake: 1.3.9 (/opt/ros/humble/share/ament_cmake/cmake)
[0.112s] Traceback (most recent call last):
[0.112s]   File "/opt/ros/humble/share/ament_cmake_core/cmake/package_templates/templates_2_cmake.py", line 21, in <module>
[0.113s]     from ament_package.templates import get_environment_hook_template_path
[0.113s] ModuleNotFoundError: No module named 'ament_package'
[0.117s] [31mCMake Error at /opt/ros/humble/share/ament_cmake_core/cmake/ament_cmake_package_templates-extras.cmake:41 (message):
[0.118s]   execute_process(/usr/bin/python3
[0.119s]   /opt/ros/humble/share/ament_cmake_core/cmake/package_templates/templates_2_cmake.py
[0.119s]   /ros2-migration/build/plan_msgs/ament_cmake_package_templates/templates.cmake)
[0.119s]   returned error code 1
[0.119s] Call Stack (most recent call first):
[0.121s]   /opt/ros/humble/share/ament_cmake_core/cmake/ament_cmake_coreConfig.cmake:41 (include)
[0.121s]   /opt/ros/humble/share/ament_cmake/cmake/ament_cmake_export_dependencies-extras.cmake:15 (find_package)
[0.121s]   /opt/ros/humble/share/ament_cmake/cmake/ament_cmakeConfig.cmake:41 (include)
[0.121s]   CMakeLists.txt:5 (find_package)
[0.121s] 
[0.121s] [0m
[0.121s] -- Configuring incomplete, errors occurred!
[0.121s] See also "/ros2-migration/build/plan_msgs/CMakeFiles/CMakeOutput.log".
[0.126s] Invoked command in '/ros2-migration/build/plan_msgs' returned '1': /usr/bin/cmake /ros2-migration/arena/arena-rosnav/utils/ros/msgs/plan_msgs -DCATKIN_INSTALL_INTO_PREFIX_ROOT=0 -DCMAKE_INSTALL_PREFIX=/ros2-migration/install/plan_msgs
