[0.027s] Invoking command in '/ros2-migration/build/plan_visualization': /usr/bin/cmake /ros2-migration/arena/arena-rosnav/utils/misc/plan_visualization -DCMAKE_INSTALL_PREFIX=/ros2-migration/install/plan_visualization
[0.064s] -- Found ament_cmake: 1.3.9 (/opt/ros/humble/share/ament_cmake/cmake)
[0.271s] -- Found std_msgs: 4.2.3 (/opt/ros/humble/share/std_msgs/cmake)
[0.338s] -- Found rosidl_generator_c: 3.1.5 (/opt/ros/humble/share/rosidl_generator_c/cmake)
[0.345s] -- Found rosidl_adapter: 3.1.5 (/opt/ros/humble/share/rosidl_adapter/cmake)
[0.365s] -- Found rosidl_generator_cpp: 3.1.5 (/opt/ros/humble/share/rosidl_generator_cpp/cmake)
[0.391s] -- Using all available rosidl_typesupport_c: rosidl_typesupport_fastrtps_c;rosidl_typesupport_introspection_c
[0.417s] -- Using all available rosidl_typesupport_cpp: rosidl_typesupport_fastrtps_cpp;rosidl_typesupport_introspection_cpp
[0.479s] -- Found geometry_msgs: 4.2.3 (/opt/ros/humble/share/geometry_msgs/cmake)
[0.551s] -- Found rclcpp: 16.0.9 (/opt/ros/humble/share/rclcpp/cmake)
[0.673s] -- Found rmw_implementation_cmake: 6.1.2 (/opt/ros/humble/share/rmw_implementation_cmake/cmake)
[0.676s] -- Found rmw_fastrtps_cpp: 6.2.6 (/opt/ros/humble/share/rmw_fastrtps_cpp/cmake)
[0.917s] -- Using RMW implementation 'rmw_fastrtps_cpp' as default
[1.081s] [31mCMake Error at CMakeLists.txt:21 (find_package):
[1.081s]   By not providing "FindREQUIRED.cmake" in CMAKE_MODULE_PATH this project has
[1.081s]   asked CMake to find a package configuration file provided by "REQUIRED",
[1.081s]   but CMake did not find one.
[1.081s] 
[1.081s]   Could not find a package configuration file provided by "REQUIRED" with any
[1.082s]   of the following names:
[1.082s] 
[1.082s]     REQUIREDConfig.cmake
[1.082s]     required-config.cmake
[1.082s] 
[1.082s]   Add the installation prefix of "REQUIRED" to CMAKE_PREFIX_PATH or set
[1.082s]   "REQUIRED_DIR" to a directory containing one of the above files.  If
[1.082s]   "REQUIRED" provides a separate development package or SDK, be sure it has
[1.082s]   been installed.
[1.082s] 
[1.082s] [0m
[1.082s] -- Configuring incomplete, errors occurred!
[1.082s] See also "/ros2-migration/build/plan_visualization/CMakeFiles/CMakeOutput.log".
[1.110s] Invoked command in '/ros2-migration/build/plan_visualization' returned '1': /usr/bin/cmake /ros2-migration/arena/arena-rosnav/utils/misc/plan_visualization -DCMAKE_INSTALL_PREFIX=/ros2-migration/install/plan_visualization
