[0.006s] Invoking command in '/home/ahmo030/ros2-migration/arena/arena-rosnav/utils/ros/rosnodes/spacial_horizon/build/spacial_horizon': CMAKE_PREFIX_PATH=/opt/ros/humble:${CMAKE_PREFIX_PATH} /usr/bin/cmake /home/ahmo030/ros2-migration/arena/arena-rosnav/utils/ros/rosnodes/spacial_horizon -DCMAKE_INSTALL_PREFIX=/home/ahmo030/ros2-migration/arena/arena-rosnav/utils/ros/rosnodes/spacial_horizon/install/spacial_horizon
[0.012s] -- Found ament_cmake: 1.3.8 (/opt/ros/humble/share/ament_cmake/cmake)
[0.082s] -- Found std_msgs: 4.2.3 (/opt/ros/humble/share/std_msgs/cmake)
[0.100s] -- Found rosidl_generator_c: 3.1.5 (/opt/ros/humble/share/rosidl_generator_c/cmake)
[0.101s] -- Found rosidl_adapter: 3.1.5 (/opt/ros/humble/share/rosidl_adapter/cmake)
[0.104s] -- Found rosidl_generator_cpp: 3.1.5 (/opt/ros/humble/share/rosidl_generator_cpp/cmake)
[0.110s] -- Using all available rosidl_typesupport_c: rosidl_typesupport_fastrtps_c;rosidl_typesupport_introspection_c
[0.118s] -- Using all available rosidl_typesupport_cpp: rosidl_typesupport_fastrtps_cpp;rosidl_typesupport_introspection_cpp
[0.147s] -- Found visualization_msgs: 4.2.3 (/opt/ros/humble/share/visualization_msgs/cmake)
[0.305s] -- Eigen found (include: /usr/include/eigen3, version: 3.4.0)
[0.344s] -- The imported target "vtkParseOGLExt" references the file
[0.344s]    "/usr/bin/vtkParseOGLExt-7.1"
[0.344s] but this file does not exist.  Possible reasons include:
[0.345s] * The file was deleted, renamed, or moved to another location.
[0.345s] * An install or uninstall procedure did not complete successfully.
[0.345s] * The installation package was faulty and contained
[0.345s]    "/usr/lib/cmake/vtk-7.1/VTKTargets.cmake"
[0.345s] but not all the files it references.
[0.345s] 
[0.345s] -- The imported target "vtkRenderingPythonTkWidgets" references the file
[0.345s]    "/usr/lib/x86_64-linux-gnu/libvtkRenderingPythonTkWidgets.so"
[0.345s] but this file does not exist.  Possible reasons include:
[0.345s] * The file was deleted, renamed, or moved to another location.
[0.345s] * An install or uninstall procedure did not complete successfully.
[0.345s] * The installation package was faulty and contained
[0.345s]    "/usr/lib/cmake/vtk-7.1/VTKTargets.cmake"
[0.345s] but not all the files it references.
[0.345s] 
[0.345s] -- The imported target "vtk" references the file
[0.345s]    "/usr/bin/vtk"
[0.345s] but this file does not exist.  Possible reasons include:
[0.345s] * The file was deleted, renamed, or moved to another location.
[0.345s] * An install or uninstall procedure did not complete successfully.
[0.345s] * The installation package was faulty and contained
[0.345s]    "/usr/lib/cmake/vtk-7.1/VTKTargets.cmake"
[0.345s] but not all the files it references.
[0.345s] 
[0.345s] -- The imported target "pvtk" references the file
[0.346s]    "/usr/bin/pvtk"
[0.346s] but this file does not exist.  Possible reasons include:
[0.346s] * The file was deleted, renamed, or moved to another location.
[0.346s] * An install or uninstall procedure did not complete successfully.
[0.346s] * The installation package was faulty and contained
[0.346s]    "/usr/lib/cmake/vtk-7.1/VTKTargets.cmake"
[0.346s] but not all the files it references.
[0.346s] 
[0.354s] CMake Warning (dev) at /usr/share/cmake-3.22/Modules/FindPackageHandleStandardArgs.cmake:438 (message):
[0.354s]   The package name passed to `find_package_handle_standard_args` (USB_10)
[0.354s]   does not match the name of the calling package (OpenNI).  This can lead to
[0.354s]   problems in calling code that expects `find_package` result variables
[0.354s]   (e.g., `_FOUND`) to follow a certain pattern.
[0.354s] Call Stack (most recent call first):
[0.354s]   /usr/lib/x86_64-linux-gnu/cmake/pcl/Modules/FindOpenNI.cmake:28 (find_package_handle_standard_args)
[0.354s]   /usr/lib/x86_64-linux-gnu/cmake/pcl/PCLConfig.cmake:179 (find_package)
[0.354s]   /usr/lib/x86_64-linux-gnu/cmake/pcl/PCLConfig.cmake:322 (find_openni)
[0.354s]   /usr/lib/x86_64-linux-gnu/cmake/pcl/PCLConfig.cmake:548 (find_external_library)
[0.354s]   CMakeLists.txt:119 (find_package)
[0.354s] This warning is for project developers.  Use -Wno-dev to suppress it.
[0.354s] 
[0.354s] -- OpenNI found (include: /usr/include/ni, lib: /usr/lib/libOpenNI.so)
[0.357s] CMake Warning (dev) at /usr/share/cmake-3.22/Modules/FindPackageHandleStandardArgs.cmake:438 (message):
[0.357s]   The package name passed to `find_package_handle_standard_args` (USB_10)
[0.357s]   does not match the name of the calling package (OpenNI2).  This can lead to
[0.357s]   problems in calling code that expects `find_package` result variables
[0.357s]   (e.g., `_FOUND`) to follow a certain pattern.
[0.357s] Call Stack (most recent call first):
[0.357s]   /usr/lib/x86_64-linux-gnu/cmake/pcl/Modules/FindOpenNI2.cmake:28 (find_package_handle_standard_args)
[0.357s]   /usr/lib/x86_64-linux-gnu/cmake/pcl/PCLConfig.cmake:193 (find_package)
[0.357s]   /usr/lib/x86_64-linux-gnu/cmake/pcl/PCLConfig.cmake:324 (find_openni2)
[0.357s]   /usr/lib/x86_64-linux-gnu/cmake/pcl/PCLConfig.cmake:548 (find_external_library)
[0.357s]   CMakeLists.txt:119 (find_package)
[0.357s] This warning is for project developers.  Use -Wno-dev to suppress it.
[0.358s] 
[0.358s] -- OpenNI2 found (include: /usr/include/openni2, lib: /usr/lib/x86_64-linux-gnu/libOpenNI2.so)
[0.358s] ** WARNING ** io features related to pcap will be disabled
[0.358s] ** WARNING ** io features related to png will be disabled
[0.364s] CMake Warning (dev) at /usr/share/cmake-3.22/Modules/FindPackageHandleStandardArgs.cmake:438 (message):
[0.364s]   The package name passed to `find_package_handle_standard_args` (libusb-1.0)
[0.364s]   does not match the name of the calling package (PCL).  This can lead to
[0.364s]   problems in calling code that expects `find_package` result variables
[0.364s]   (e.g., `_FOUND`) to follow a certain pattern.
[0.364s] Call Stack (most recent call first):
[0.364s]   /usr/lib/x86_64-linux-gnu/cmake/pcl/PCLConfig.cmake:291 (find_package_handle_standard_args)
[0.364s]   /usr/lib/x86_64-linux-gnu/cmake/pcl/PCLConfig.cmake:338 (find_libusb)
[0.364s]   /usr/lib/x86_64-linux-gnu/cmake/pcl/PCLConfig.cmake:548 (find_external_library)
[0.364s]   CMakeLists.txt:119 (find_package)
[0.364s] This warning is for project developers.  Use -Wno-dev to suppress it.
[0.364s] 
[0.364s] ** WARNING ** io features related to libusb-1.0 will be disabled
[0.367s] CMake Warning (dev) at /usr/share/cmake-3.22/Modules/FindPackageHandleStandardArgs.cmake:438 (message):
[0.367s]   The package name passed to `find_package_handle_standard_args` (USB_10)
[0.367s]   does not match the name of the calling package (OpenNI).  This can lead to
[0.367s]   problems in calling code that expects `find_package` result variables
[0.367s]   (e.g., `_FOUND`) to follow a certain pattern.
[0.367s] Call Stack (most recent call first):
[0.367s]   /usr/lib/x86_64-linux-gnu/cmake/pcl/Modules/FindOpenNI.cmake:28 (find_package_handle_standard_args)
[0.367s]   /usr/lib/x86_64-linux-gnu/cmake/pcl/PCLConfig.cmake:179 (find_package)
[0.367s]   /usr/lib/x86_64-linux-gnu/cmake/pcl/PCLConfig.cmake:322 (find_openni)
[0.367s]   /usr/lib/x86_64-linux-gnu/cmake/pcl/PCLConfig.cmake:548 (find_external_library)
[0.367s]   CMakeLists.txt:119 (find_package)
[0.367s] This warning is for project developers.  Use -Wno-dev to suppress it.
[0.367s] 
[0.367s] -- OpenNI found (include: /usr/include/ni, lib: /usr/lib/libOpenNI.so)
[0.373s] CMake Warning (dev) at /usr/share/cmake-3.22/Modules/FindPackageHandleStandardArgs.cmake:438 (message):
[0.373s]   The package name passed to `find_package_handle_standard_args` (USB_10)
[0.373s]   does not match the name of the calling package (OpenNI2).  This can lead to
[0.373s]   problems in calling code that expects `find_package` result variables
[0.373s]   (e.g., `_FOUND`) to follow a certain pattern.
[0.373s] Call Stack (most recent call first):
[0.373s]   /usr/lib/x86_64-linux-gnu/cmake/pcl/Modules/FindOpenNI2.cmake:28 (find_package_handle_standard_args)
[0.373s]   /usr/lib/x86_64-linux-gnu/cmake/pcl/PCLConfig.cmake:193 (find_package)
[0.373s]   /usr/lib/x86_64-linux-gnu/cmake/pcl/PCLConfig.cmake:324 (find_openni2)
[0.373s]   /usr/lib/x86_64-linux-gnu/cmake/pcl/PCLConfig.cmake:548 (find_external_library)
[0.373s]   CMakeLists.txt:119 (find_package)
[0.373s] This warning is for project developers.  Use -Wno-dev to suppress it.
[0.373s] 
[0.373s] -- OpenNI2 found (include: /usr/include/openni2, lib: /usr/lib/x86_64-linux-gnu/libOpenNI2.so)
[0.381s] -- QHULL found (include: /usr/include, lib: optimized;/usr/lib/x86_64-linux-gnu/libqhull.so;debug;/usr/lib/x86_64-linux-gnu/libqhull.so)
[0.387s] CMake Warning (dev) at /usr/share/cmake-3.22/Modules/FindPackageHandleStandardArgs.cmake:438 (message):
[0.387s]   The package name passed to `find_package_handle_standard_args` (USB_10)
[0.388s]   does not match the name of the calling package (OpenNI).  This can lead to
[0.388s]   problems in calling code that expects `find_package` result variables
[0.388s]   (e.g., `_FOUND`) to follow a certain pattern.
[0.388s] Call Stack (most recent call first):
[0.388s]   /usr/lib/x86_64-linux-gnu/cmake/pcl/Modules/FindOpenNI.cmake:28 (find_package_handle_standard_args)
[0.388s]   /usr/lib/x86_64-linux-gnu/cmake/pcl/PCLConfig.cmake:179 (find_package)
[0.388s]   /usr/lib/x86_64-linux-gnu/cmake/pcl/PCLConfig.cmake:322 (find_openni)
[0.388s]   /usr/lib/x86_64-linux-gnu/cmake/pcl/PCLConfig.cmake:548 (find_external_library)
[0.388s]   CMakeLists.txt:119 (find_package)
[0.388s] This warning is for project developers.  Use -Wno-dev to suppress it.
[0.388s] 
[0.388s] -- OpenNI found (include: /usr/include/ni, lib: /usr/lib/libOpenNI.so)
[0.397s] -- looking for PCL_COMMON
[0.398s] CMake Warning (dev) at /usr/share/cmake-3.22/Modules/FindPackageHandleStandardArgs.cmake:438 (message):
[0.398s]   The package name passed to `find_package_handle_standard_args` (PCL_COMMON)
[0.398s]   does not match the name of the calling package (PCL).  This can lead to
[0.398s]   problems in calling code that expects `find_package` result variables
[0.398s]   (e.g., `_FOUND`) to follow a certain pattern.
[0.398s] Call Stack (most recent call first):
[0.398s]   /usr/lib/x86_64-linux-gnu/cmake/pcl/PCLConfig.cmake:616 (find_package_handle_standard_args)
[0.398s]   CMakeLists.txt:119 (find_package)
[0.398s] This warning is for project developers.  Use -Wno-dev to suppress it.
[0.398s] 
[0.398s] -- looking for PCL_KDTREE
[0.398s] CMake Warning (dev) at /usr/share/cmake-3.22/Modules/FindPackageHandleStandardArgs.cmake:438 (message):
[0.398s]   The package name passed to `find_package_handle_standard_args` (PCL_KDTREE)
[0.398s]   does not match the name of the calling package (PCL).  This can lead to
[0.399s]   problems in calling code that expects `find_package` result variables
[0.399s]   (e.g., `_FOUND`) to follow a certain pattern.
[0.399s] Call Stack (most recent call first):
[0.399s]   /usr/lib/x86_64-linux-gnu/cmake/pcl/PCLConfig.cmake:616 (find_package_handle_standard_args)
[0.399s]   CMakeLists.txt:119 (find_package)
[0.399s] This warning is for project developers.  Use -Wno-dev to suppress it.
[0.399s] 
[0.399s] -- looking for PCL_OCTREE
[0.399s] CMake Warning (dev) at /usr/share/cmake-3.22/Modules/FindPackageHandleStandardArgs.cmake:438 (message):
[0.399s]   The package name passed to `find_package_handle_standard_args` (PCL_OCTREE)
[0.399s]   does not match the name of the calling package (PCL).  This can lead to
[0.399s]   problems in calling code that expects `find_package` result variables
[0.399s]   (e.g., `_FOUND`) to follow a certain pattern.
[0.399s] Call Stack (most recent call first):
[0.399s]   /usr/lib/x86_64-linux-gnu/cmake/pcl/PCLConfig.cmake:616 (find_package_handle_standard_args)
[0.399s]   CMakeLists.txt:119 (find_package)
[0.399s] This warning is for project developers.  Use -Wno-dev to suppress it.
[0.400s] 
[0.400s] -- looking for PCL_SEARCH
[0.400s] CMake Warning (dev) at /usr/share/cmake-3.22/Modules/FindPackageHandleStandardArgs.cmake:438 (message):
[0.400s]   The package name passed to `find_package_handle_standard_args` (PCL_SEARCH)
[0.400s]   does not match the name of the calling package (PCL).  This can lead to
[0.400s]   problems in calling code that expects `find_package` result variables
[0.401s]   (e.g., `_FOUND`) to follow a certain pattern.
[0.401s] Call Stack (most recent call first):
[0.401s]   /usr/lib/x86_64-linux-gnu/cmake/pcl/PCLConfig.cmake:616 (find_package_handle_standard_args)
[0.401s]   CMakeLists.txt:119 (find_package)
[0.401s] This warning is for project developers.  Use -Wno-dev to suppress it.
[0.401s] 
[0.401s] CMake Warning (dev) at /usr/share/cmake-3.22/Modules/FindPackageHandleStandardArgs.cmake:438 (message):
[0.401s]   The package name passed to `find_package_handle_standard_args`
[0.401s]   (PCL_SAMPLE_CONSENSUS) does not match the name of the calling package
[0.401s]   (PCL).  This can lead to problems in calling code that expects
[0.401s]   `find_package` result variables (e.g., `_FOUND`) to follow a certain
[0.401s]   pattern.
[0.401s] Call Stack (most recent call first):
[0.401s]   /usr/lib/x86_64-linux-gnu/cmake/pcl/PCLConfig.cmake:616 (find_package_handle_standard_args)
[0.402s]   CMakeLists.txt:119 (find_package)
[0.402s] This warning is for project developers.  Use -Wno-dev to suppress it.
[0.402s] 
[0.402s] CMake Warning (dev) at /usr/share/cmake-3.22/Modules/FindPackageHandleStandardArgs.cmake:438 (message):
[0.402s]   The package name passed to `find_package_handle_standard_args`
[0.402s]   (PCL_FILTERS) does not match the name of the calling package (PCL).  This
[0.402s]   can lead to problems in calling code that expects `find_package` result
[0.402s]   variables (e.g., `_FOUND`) to follow a certain pattern.
[0.402s] Call Stack (most recent call first):
[0.402s]   /usr/lib/x86_64-linux-gnu/cmake/pcl/PCLConfig.cmake:616 (find_package_handle_standard_args)
[0.402s]   CMakeLists.txt:119 (find_package)
[0.403s] This warning is for project developers.  Use -Wno-dev to suppress it.
[0.403s] 
[0.403s] CMake Warning (dev) at /usr/share/cmake-3.22/Modules/FindPackageHandleStandardArgs.cmake:438 (message):
[0.403s]   The package name passed to `find_package_handle_standard_args` (PCL_2D)
[0.403s]   does not match the name of the calling package (PCL).  This can lead to
[0.403s]   problems in calling code that expects `find_package` result variables
[0.403s]   (e.g., `_FOUND`) to follow a certain pattern.
[0.403s] Call Stack (most recent call first):
[0.403s]   /usr/lib/x86_64-linux-gnu/cmake/pcl/PCLConfig.cmake:619 (find_package_handle_standard_args)
[0.403s]   CMakeLists.txt:119 (find_package)
[0.403s] This warning is for project developers.  Use -Wno-dev to suppress it.
[0.403s] 
[0.403s] -- looking for PCL_SAMPLE_CONSENSUS
[0.403s] -- looking for PCL_FILTERS
[0.403s] -- looking for PCL_2D
[0.403s] -- looking for PCL_GEOMETRY
[0.403s] CMake Warning (dev) at /usr/share/cmake-3.22/Modules/FindPackageHandleStandardArgs.cmake:438 (message):
[0.403s]   The package name passed to `find_package_handle_standard_args`
[0.403s]   (PCL_GEOMETRY) does not match the name of the calling package (PCL).  This
[0.404s]   can lead to problems in calling code that expects `find_package` result
[0.404s]   variables (e.g., `_FOUND`) to follow a certain pattern.
[0.404s] Call Stack (most recent call first):
[0.404s]   /usr/lib/x86_64-linux-gnu/cmake/pcl/PCLConfig.cmake:619 (find_package_handle_standard_args)
[0.404s]   CMakeLists.txt:119 (find_package)
[0.404s] This warning is for project developers.  Use -Wno-dev to suppress it.
[0.404s] 
[0.404s] -- looking for PCL_IO
[0.404s] CMake Warning (dev) at /usr/share/cmake-3.22/Modules/FindPackageHandleStandardArgs.cmake:438 (message):
[0.404s]   The package name passed to `find_package_handle_standard_args` (PCL_IO)
[0.404s]   does not match the name of the calling package (PCL).  This can lead to
[0.404s]   problems in calling code that expects `find_package` result variables
[0.404s]   (e.g., `_FOUND`) to follow a certain pattern.
[0.404s] Call Stack (most recent call first):
[0.404s]   /usr/lib/x86_64-linux-gnu/cmake/pcl/PCLConfig.cmake:616 (find_package_handle_standard_args)
[0.404s]   CMakeLists.txt:119 (find_package)
[0.404s] This warning is for project developers.  Use -Wno-dev to suppress it.
[0.404s] 
[0.404s] -- looking for PCL_FEATURES
[0.404s] CMake Warning (dev) at /usr/share/cmake-3.22/Modules/FindPackageHandleStandardArgs.cmake:438 (message):
[0.404s]   The package name passed to `find_package_handle_standard_args`
[0.404s]   (PCL_FEATURES) does not match the name of the calling package (PCL).  This
[0.404s]   can lead to problems in calling code that expects `find_package` result
[0.404s]   variables (e.g., `_FOUND`) to follow a certain pattern.
[0.404s] Call Stack (most recent call first):
[0.405s]   /usr/lib/x86_64-linux-gnu/cmake/pcl/PCLConfig.cmake:616 (find_package_handle_standard_args)
[0.405s]   CMakeLists.txt:119 (find_package)
[0.405s] This warning is for project developers.  Use -Wno-dev to suppress it.
[0.405s] 
[0.405s] -- looking for PCL_ML
[0.405s] -- looking for PCL_SEGMENTATION
[0.405s] CMake Warning (dev) at /usr/share/cmake-3.22/Modules/FindPackageHandleStandardArgs.cmake:438 (message):
[0.405s]   The package name passed to `find_package_handle_standard_args` (PCL_ML)
[0.405s]   does not match the name of the calling package (PCL).  This can lead to
[0.405s]   problems in calling code that expects `find_package` result variables
[0.405s]   (e.g., `_FOUND`) to follow a certain pattern.
[0.405s] Call Stack (most recent call first):
[0.405s]   /usr/lib/x86_64-linux-gnu/cmake/pcl/PCLConfig.cmake:616 (find_package_handle_standard_args)
[0.405s]   CMakeLists.txt:119 (find_package)
[0.405s] This warning is for project developers.  Use -Wno-dev to suppress it.
[0.405s] 
[0.405s] CMake Warning (dev) at /usr/share/cmake-3.22/Modules/FindPackageHandleStandardArgs.cmake:438 (message):
[0.405s]   The package name passed to `find_package_handle_standard_args`
[0.405s]   (PCL_SEGMENTATION) does not match the name of the calling package (PCL).
[0.405s]   This can lead to problems in calling code that expects `find_package`
[0.405s]   result variables (e.g., `_FOUND`) to follow a certain pattern.
[0.405s] Call Stack (most recent call first):
[0.405s]   /usr/lib/x86_64-linux-gnu/cmake/pcl/PCLConfig.cmake:616 (find_package_handle_standard_args)
[0.405s]   CMakeLists.txt:119 (find_package)
[0.406s] This warning is for project developers.  Use -Wno-dev to suppress it.
[0.406s] 
[0.406s] -- looking for PCL_VISUALIZATION
[0.406s] CMake Warning (dev) at /usr/share/cmake-3.22/Modules/FindPackageHandleStandardArgs.cmake:438 (message):
[0.406s]   The package name passed to `find_package_handle_standard_args`
[0.406s]   (PCL_VISUALIZATION) does not match the name of the calling package (PCL).
[0.406s]   This can lead to problems in calling code that expects `find_package`
[0.406s]   result variables (e.g., `_FOUND`) to follow a certain pattern.
[0.406s] Call Stack (most recent call first):
[0.406s]   /usr/lib/x86_64-linux-gnu/cmake/pcl/PCLConfig.cmake:616 (find_package_handle_standard_args)
[0.406s]   CMakeLists.txt:119 (find_package)
[0.406s] This warning is for project developers.  Use -Wno-dev to suppress it.
[0.406s] 
[0.406s] -- looking for PCL_SURFACE
[0.406s] CMake Warning (dev) at /usr/share/cmake-3.22/Modules/FindPackageHandleStandardArgs.cmake:438 (message):
[0.406s]   The package name passed to `find_package_handle_standard_args`
[0.406s]   (PCL_SURFACE) does not match the name of the calling package (PCL).  This
[0.406s]   can lead to problems in calling code that expects `find_package` result
[0.406s]   variables (e.g., `_FOUND`) to follow a certain pattern.
[0.406s] Call Stack (most recent call first):
[0.406s]   /usr/lib/x86_64-linux-gnu/cmake/pcl/PCLConfig.cmake:616 (find_package_handle_standard_args)
[0.406s]   CMakeLists.txt:119 (find_package)
[0.406s] This warning is for project developers.  Use -Wno-dev to suppress it.
[0.406s] 
[0.406s] -- looking for PCL_REGISTRATION
[0.407s] CMake Warning (dev) at /usr/share/cmake-3.22/Modules/FindPackageHandleStandardArgs.cmake:438 (message):
[0.407s]   The package name passed to `find_package_handle_standard_args`
[0.407s]   (PCL_REGISTRATION) does not match the name of the calling package (PCL).
[0.407s]   This can lead to problems in calling code that expects `find_package`
[0.407s]   result variables (e.g., `_FOUND`) to follow a certain pattern.
[0.407s] Call Stack (most recent call first):
[0.407s]   /usr/lib/x86_64-linux-gnu/cmake/pcl/PCLConfig.cmake:616 (find_package_handle_standard_args)
[0.407s]   CMakeLists.txt:119 (find_package)
[0.407s] This warning is for project developers.  Use -Wno-dev to suppress it.
[0.407s] 
[0.407s] -- looking for PCL_KEYPOINTS
[0.407s] CMake Warning (dev) at /usr/share/cmake-3.22/Modules/FindPackageHandleStandardArgs.cmake:438 (message):
[0.407s]   The package name passed to `find_package_handle_standard_args`
[0.407s]   (PCL_KEYPOINTS) does not match the name of the calling package (PCL).  This
[0.407s]   can lead to problems in calling code that expects `find_package` result
[0.407s]   variables (e.g., `_FOUND`) to follow a certain pattern.
[0.407s] Call Stack (most recent call first):
[0.407s]   /usr/lib/x86_64-linux-gnu/cmake/pcl/PCLConfig.cmake:616 (find_package_handle_standard_args)
[0.407s]   CMakeLists.txt:119 (find_package)
[0.407s] This warning is for project developers.  Use -Wno-dev to suppress it.
[0.407s] 
[0.407s] -- looking for PCL_TRACKING
[0.408s] CMake Warning (dev) at /usr/share/cmake-3.22/Modules/FindPackageHandleStandardArgs.cmake:438 (message):
[0.408s]   The package name passed to `find_package_handle_standard_args`
[0.408s]   (PCL_TRACKING) does not match the name of the calling package (PCL).  This
[0.408s]   can lead to problems in calling code that expects `find_package` result
[0.408s]   variables (e.g., `_FOUND`) to follow a certain pattern.
[0.408s] Call Stack (most recent call first):
[0.408s]   /usr/lib/x86_64-linux-gnu/cmake/pcl/PCLConfig.cmake:616 (find_package_handle_standard_args)
[0.408s]   CMakeLists.txt:119 (find_package)
[0.408s] This warning is for project developers.  Use -Wno-dev to suppress it.
[0.408s] 
[0.408s] CMake Warning (dev) at /usr/share/cmake-3.22/Modules/FindPackageHandleStandardArgs.cmake:438 (message):
[0.408s]   The package name passed to `find_package_handle_standard_args`
[0.408s]   (PCL_RECOGNITION) does not match the name of the calling package (PCL).
[0.408s]   This can lead to problems in calling code that expects `find_package`
[0.408s]   result variables (e.g., `_FOUND`) to follow a certain pattern.
[0.408s] Call Stack (most recent call first):
[0.408s]   /usr/lib/x86_64-linux-gnu/cmake/pcl/PCLConfig.cmake:616 (find_package_handle_standard_args)
[0.408s]   CMakeLists.txt:119 (find_package)
[0.408s] This warning is for project developers.  Use -Wno-dev to suppress it.
[0.408s] 
[0.408s] -- looking for PCL_RECOGNITION
[0.408s] -- looking for PCL_STEREO
[0.408s] CMake Warning (dev) at /usr/share/cmake-3.22/Modules/FindPackageHandleStandardArgs.cmake:438 (message):
[0.408s]   The package name passed to `find_package_handle_standard_args` (PCL_STEREO)
[0.408s]   does not match the name of the calling package (PCL).  This can lead to
[0.408s]   problems in calling code that expects `find_package` result variables
[0.409s]   (e.g., `_FOUND`) to follow a certain pattern.
[0.409s] Call Stack (most recent call first):
[0.409s]   /usr/lib/x86_64-linux-gnu/cmake/pcl/PCLConfig.cmake:616 (find_package_handle_standard_args)
[0.409s]   CMakeLists.txt:119 (find_package)
[0.409s] This warning is for project developers.  Use -Wno-dev to suppress it.
[0.409s] 
[0.409s] CMake Warning (dev) at /usr/share/cmake-3.22/Modules/FindPackageHandleStandardArgs.cmake:438 (message):
[0.409s]   The package name passed to `find_package_handle_standard_args` (PCL_APPS)
[0.409s]   does not match the name of the calling package (PCL).  This can lead to
[0.409s]   problems in calling code that expects `find_package` result variables
[0.409s]   (e.g., `_FOUND`) to follow a certain pattern.
[0.409s] Call Stack (most recent call first):
[0.409s]   /usr/lib/x86_64-linux-gnu/cmake/pcl/PCLConfig.cmake:616 (find_package_handle_standard_args)
[0.409s]   CMakeLists.txt:119 (find_package)
[0.409s] This warning is for project developers.  Use -Wno-dev to suppress it.
[0.409s] 
[0.409s] -- looking for PCL_APPS
[0.409s] -- looking for PCL_IN_HAND_SCANNER
[0.409s] -- looking for PCL_POINT_CLOUD_EDITOR
[0.409s] -- looking for PCL_OUTOFCORE
[0.409s] -- looking for PCL_PEOPLE
[0.409s] CMake Warning (dev) at /usr/share/cmake-3.22/Modules/FindPackageHandleStandardArgs.cmake:438 (message):
[0.409s]   The package name passed to `find_package_handle_standard_args`
[0.409s]   (PCL_IN_HAND_SCANNER) does not match the name of the calling package (PCL).
[0.409s]   This can lead to problems in calling code that expects `find_package`
[0.409s]   result variables (e.g., `_FOUND`) to follow a certain pattern.
[0.409s] Call Stack (most recent call first):
[0.410s]   /usr/lib/x86_64-linux-gnu/cmake/pcl/PCLConfig.cmake:619 (find_package_handle_standard_args)
[0.410s]   CMakeLists.txt:119 (find_package)
[0.410s] This warning is for project developers.  Use -Wno-dev to suppress it.
[0.410s] 
[0.410s] CMake Warning (dev) at /usr/share/cmake-3.22/Modules/FindPackageHandleStandardArgs.cmake:438 (message):
[0.410s]   The package name passed to `find_package_handle_standard_args`
[0.410s]   (PCL_POINT_CLOUD_EDITOR) does not match the name of the calling package
[0.410s]   (PCL).  This can lead to problems in calling code that expects
[0.410s]   `find_package` result variables (e.g., `_FOUND`) to follow a certain
[0.410s]   pattern.
[0.410s] Call Stack (most recent call first):
[0.410s]   /usr/lib/x86_64-linux-gnu/cmake/pcl/PCLConfig.cmake:619 (find_package_handle_standard_args)
[0.410s]   CMakeLists.txt:119 (find_package)
[0.410s] This warning is for project developers.  Use -Wno-dev to suppress it.
[0.410s] 
[0.410s] CMake Warning (dev) at /usr/share/cmake-3.22/Modules/FindPackageHandleStandardArgs.cmake:438 (message):
[0.410s]   The package name passed to `find_package_handle_standard_args`
[0.410s]   (PCL_OUTOFCORE) does not match the name of the calling package (PCL).  This
[0.410s]   can lead to problems in calling code that expects `find_package` result
[0.410s]   variables (e.g., `_FOUND`) to follow a certain pattern.
[0.410s] Call Stack (most recent call first):
[0.410s]   /usr/lib/x86_64-linux-gnu/cmake/pcl/PCLConfig.cmake:616 (find_package_handle_standard_args)
[0.410s]   CMakeLists.txt:119 (find_package)
[0.411s] This warning is for project developers.  Use -Wno-dev to suppress it.
[0.411s] 
[0.411s] CMake Warning (dev) at /usr/share/cmake-3.22/Modules/FindPackageHandleStandardArgs.cmake:438 (message):
[0.411s]   The package name passed to `find_package_handle_standard_args` (PCL_PEOPLE)
[0.411s]   does not match the name of the calling package (PCL).  This can lead to
[0.411s]   problems in calling code that expects `find_package` result variables
[0.411s]   (e.g., `_FOUND`) to follow a certain pattern.
[0.411s] Call Stack (most recent call first):
[0.411s]   /usr/lib/x86_64-linux-gnu/cmake/pcl/PCLConfig.cmake:616 (find_package_handle_standard_args)
[0.411s]   CMakeLists.txt:119 (find_package)
[0.411s] This warning is for project developers.  Use -Wno-dev to suppress it.
[0.411s] 
[0.411s] -- Found actionlib_msgs: 4.2.3 (/opt/ros/humble/share/actionlib_msgs/cmake)
[0.776s] -- Found rosgraph_msgs: 1.2.1 (/opt/ros/humble/share/rosgraph_msgs/cmake)
[1.642s] -- Found nav_msgs: 4.2.3 (/opt/ros/humble/share/nav_msgs/cmake)
[1.694s] -- Found rclcpp: 16.0.8 (/opt/ros/humble/share/rclcpp/cmake)
[1.724s] -- Found rmw_implementation_cmake: 6.1.1 (/opt/ros/humble/share/rmw_implementation_cmake/cmake)
[1.725s] -- Found rmw_fastrtps_cpp: 6.2.6 (/opt/ros/humble/share/rmw_fastrtps_cpp/cmake)
[1.815s] -- Using RMW implementation 'rmw_fastrtps_cpp' as default
[1.884s] -- Found tf2: 0.25.6 (/opt/ros/humble/share/tf2/cmake)
[1.898s] CMake Error at CMakeLists.txt:125 (find_package):
[1.898s]   By not providing "Find1.7.cmake" in CMAKE_MODULE_PATH this project has
[1.898s]   asked CMake to find a package configuration file provided by "1.7", but
[1.898s]   CMake did not find one.
[1.898s] 
[1.898s]   Could not find a package configuration file provided by "1.7" with any of
[1.898s]   the following names:
[1.898s] 
[1.898s]     1.7Config.cmake
[1.898s]     1.7-config.cmake
[1.898s] 
[1.898s]   Add the installation prefix of "1.7" to CMAKE_PREFIX_PATH or set "1.7_DIR"
[1.898s]   to a directory containing one of the above files.  If "1.7" provides a
[1.898s]   separate development package or SDK, be sure it has been installed.
[1.899s] 
[1.899s] 
[1.899s] -- Configuring incomplete, errors occurred!
[1.899s] See also "/home/ahmo030/ros2-migration/arena/arena-rosnav/utils/ros/rosnodes/spacial_horizon/build/spacial_horizon/CMakeFiles/CMakeOutput.log".
[1.905s] Invoked command in '/home/ahmo030/ros2-migration/arena/arena-rosnav/utils/ros/rosnodes/spacial_horizon/build/spacial_horizon' returned '1': CMAKE_PREFIX_PATH=/opt/ros/humble:${CMAKE_PREFIX_PATH} /usr/bin/cmake /home/ahmo030/ros2-migration/arena/arena-rosnav/utils/ros/rosnodes/spacial_horizon -DCMAKE_INSTALL_PREFIX=/home/ahmo030/ros2-migration/arena/arena-rosnav/utils/ros/rosnodes/spacial_horizon/install/spacial_horizon
