[0.015s] Invoking command in '/ros2-migration/arena/build/tiago_description_calibration': /usr/bin/cmake /ros2-migration/arena/utils/3rd-party-robot-packages/tiago/tiago_description_calibration -DCMAKE_INSTALL_PREFIX=/ros2-migration/arena/install/tiago_description_calibration
[0.087s] -- The C compiler identification is GNU 11.4.0
[0.175s] -- The CXX compiler identification is GNU 11.4.0
[0.193s] -- Detecting C compiler ABI info
[0.315s] -- Detecting C compiler ABI info - done
[0.323s] -- Check for working C compiler: /usr/bin/cc - skipped
[0.323s] -- Detecting C compile features
[0.324s] -- Detecting C compile features - done
[0.327s] -- Detecting CXX compiler ABI info
[0.399s] -- Detecting CXX compiler ABI info - done
[0.406s] -- Check for working CXX compiler: /usr/bin/c++ - skipped
[0.407s] -- Detecting CXX compile features
[0.407s] -- Detecting CXX compile features - done
[0.416s] [31mCMake Error at CMakeLists.txt:11 (find_package):
[0.417s]   By not providing "Findament_cmake.cmake" in CMAKE_MODULE_PATH this project
[0.417s]   has asked CMake to find a package configuration file provided by
[0.417s]   "ament_cmake", but CMake did not find one.
[0.417s] 
[0.417s]   Could not find a package configuration file provided by "ament_cmake" with
[0.417s]   any of the following names:
[0.417s] 
[0.417s]     ament_cmakeConfig.cmake
[0.417s]     ament_cmake-config.cmake
[0.418s] 
[0.418s]   Add the installation prefix of "ament_cmake" to CMAKE_PREFIX_PATH or set
[0.418s]   "ament_cmake_DIR" to a directory containing one of the above files.  If
[0.418s]   "ament_cmake" provides a separate development package or SDK, be sure it
[0.418s]   has been installed.
[0.418s] 
[0.418s] [0m
[0.418s] -- Configuring incomplete, errors occurred!
[0.418s] See also "/ros2-migration/arena/build/tiago_description_calibration/CMakeFiles/CMakeOutput.log".
