[0.006s] Invoking command in '/home/ahmo030/ros2-migration/arena/arena-rosnav/utils/ros/rosnodes/map_distance_server/build/map_distance_server': CMAKE_PREFIX_PATH=/opt/ros/humble:${CMAKE_PREFIX_PATH} /usr/bin/cmake --build /home/ahmo030/ros2-migration/arena/arena-rosnav/utils/ros/rosnodes/map_distance_server/build/map_distance_server -- -j16 -l16
[0.029s] [  3%] Built target map_distance_server__cpp
[0.030s] [ 12%] Built target map_distance_server__rosidl_generator_c
[0.035s] [ 12%] Built target ament_cmake_python_copy_map_distance_server
[0.041s] [ 32%] Built target map_distance_server__rosidl_typesupport_cpp
[0.041s] [ 32%] Built target map_distance_server__rosidl_typesupport_fastrtps_cpp
[0.042s] [ 41%] Built target map_distance_server__rosidl_typesupport_introspection_cpp
[0.042s] [ 51%] Built target map_distance_server__rosidl_typesupport_c
[0.042s] [ 70%] Built target map_distance_server__rosidl_typesupport_introspection_c
[0.043s] [ 70%] Built target map_distance_server__rosidl_typesupport_fastrtps_c
[0.057s] [ 70%] Built target map_distance_server
[0.069s] [ 74%] Built target map_distance_server__py
[0.080s] [ 80%] Built target map_distance_server__rosidl_generator_py
[0.093s] [100%] Built target map_distance_server__rosidl_typesupport_fastrtps_c__pyext
[0.093s] [100%] Built target map_distance_server__rosidl_typesupport_introspection_c__pyext
[0.093s] [100%] Built target map_distance_server__rosidl_typesupport_c__pyext
[0.254s] running egg_info
[0.258s] writing map_distance_server.egg-info/PKG-INFO
[0.258s] writing dependency_links to map_distance_server.egg-info/dependency_links.txt
[0.258s] writing top-level names to map_distance_server.egg-info/top_level.txt
[0.259s] reading manifest file 'map_distance_server.egg-info/SOURCES.txt'
[0.260s] writing manifest file 'map_distance_server.egg-info/SOURCES.txt'
[0.276s] [100%] Built target ament_cmake_python_build_map_distance_server_egg
[0.281s] Invoked command in '/home/ahmo030/ros2-migration/arena/arena-rosnav/utils/ros/rosnodes/map_distance_server/build/map_distance_server' returned '0': CMAKE_PREFIX_PATH=/opt/ros/humble:${CMAKE_PREFIX_PATH} /usr/bin/cmake --build /home/ahmo030/ros2-migration/arena/arena-rosnav/utils/ros/rosnodes/map_distance_server/build/map_distance_server -- -j16 -l16
[0.313s] Invoking command in '/home/ahmo030/ros2-migration/arena/arena-rosnav/utils/ros/rosnodes/map_distance_server/build/map_distance_server': CMAKE_PREFIX_PATH=/opt/ros/humble:${CMAKE_PREFIX_PATH} /usr/bin/cmake --install /home/ahmo030/ros2-migration/arena/arena-rosnav/utils/ros/rosnodes/map_distance_server/build/map_distance_server
[0.316s] -- Install configuration: ""
[0.317s] -- Up-to-date: /home/ahmo030/ros2-migration/arena/arena-rosnav/utils/ros/rosnodes/map_distance_server/install/map_distance_server/share/ament_index/resource_index/rosidl_interfaces/map_distance_server
[0.317s] -- Up-to-date: /home/ahmo030/ros2-migration/arena/arena-rosnav/utils/ros/rosnodes/map_distance_server/install/map_distance_server/include/map_distance_server/map_distance_server
[0.317s] -- Up-to-date: /home/ahmo030/ros2-migration/arena/arena-rosnav/utils/ros/rosnodes/map_distance_server/install/map_distance_server/include/map_distance_server/map_distance_server/srv
[0.317s] -- Up-to-date: /home/ahmo030/ros2-migration/arena/arena-rosnav/utils/ros/rosnodes/map_distance_server/install/map_distance_server/include/map_distance_server/map_distance_server/srv/detail
[0.317s] -- Up-to-date: /home/ahmo030/ros2-migration/arena/arena-rosnav/utils/ros/rosnodes/map_distance_server/install/map_distance_server/include/map_distance_server/map_distance_server/srv/detail/get_distance_map__functions.h
[0.317s] -- Up-to-date: /home/ahmo030/ros2-migration/arena/arena-rosnav/utils/ros/rosnodes/map_distance_server/install/map_distance_server/include/map_distance_server/map_distance_server/srv/detail/get_distance_map__functions.c
[0.317s] -- Up-to-date: /home/ahmo030/ros2-migration/arena/arena-rosnav/utils/ros/rosnodes/map_distance_server/install/map_distance_server/include/map_distance_server/map_distance_server/srv/detail/get_distance_map__struct.h
[0.317s] -- Up-to-date: /home/ahmo030/ros2-migration/arena/arena-rosnav/utils/ros/rosnodes/map_distance_server/install/map_distance_server/include/map_distance_server/map_distance_server/srv/detail/get_distance_map__type_support.h
[0.317s] -- Up-to-date: /home/ahmo030/ros2-migration/arena/arena-rosnav/utils/ros/rosnodes/map_distance_server/install/map_distance_server/include/map_distance_server/map_distance_server/srv/get_distance_map.h
[0.317s] -- Up-to-date: /home/ahmo030/ros2-migration/arena/arena-rosnav/utils/ros/rosnodes/map_distance_server/install/map_distance_server/include/map_distance_server/map_distance_server/msg
[0.317s] -- Up-to-date: /home/ahmo030/ros2-migration/arena/arena-rosnav/utils/ros/rosnodes/map_distance_server/install/map_distance_server/include/map_distance_server/map_distance_server/msg/rosidl_generator_c__visibility_control.h
[0.317s] -- Up-to-date: /home/ahmo030/ros2-migration/arena/arena-rosnav/utils/ros/rosnodes/map_distance_server/install/map_distance_server/share/map_distance_server/environment/library_path.sh
[0.317s] -- Up-to-date: /home/ahmo030/ros2-migration/arena/arena-rosnav/utils/ros/rosnodes/map_distance_server/install/map_distance_server/share/map_distance_server/environment/library_path.dsv
[0.317s] -- Up-to-date: /home/ahmo030/ros2-migration/arena/arena-rosnav/utils/ros/rosnodes/map_distance_server/install/map_distance_server/lib/libmap_distance_server__rosidl_generator_c.so
[0.317s] -- Up-to-date: /home/ahmo030/ros2-migration/arena/arena-rosnav/utils/ros/rosnodes/map_distance_server/install/map_distance_server/include/map_distance_server/map_distance_server
[0.317s] -- Up-to-date: /home/ahmo030/ros2-migration/arena/arena-rosnav/utils/ros/rosnodes/map_distance_server/install/map_distance_server/include/map_distance_server/map_distance_server/srv
[0.317s] -- Up-to-date: /home/ahmo030/ros2-migration/arena/arena-rosnav/utils/ros/rosnodes/map_distance_server/install/map_distance_server/include/map_distance_server/map_distance_server/srv/detail
[0.317s] -- Up-to-date: /home/ahmo030/ros2-migration/arena/arena-rosnav/utils/ros/rosnodes/map_distance_server/install/map_distance_server/include/map_distance_server/map_distance_server/srv/detail/get_distance_map__rosidl_typesupport_fastrtps_c.h
[0.317s] -- Up-to-date: /home/ahmo030/ros2-migration/arena/arena-rosnav/utils/ros/rosnodes/map_distance_server/install/map_distance_server/include/map_distance_server/map_distance_server/msg
[0.317s] -- Up-to-date: /home/ahmo030/ros2-migration/arena/arena-rosnav/utils/ros/rosnodes/map_distance_server/install/map_distance_server/include/map_distance_server/map_distance_server/msg/rosidl_typesupport_fastrtps_c__visibility_control.h
[0.317s] -- Up-to-date: /home/ahmo030/ros2-migration/arena/arena-rosnav/utils/ros/rosnodes/map_distance_server/install/map_distance_server/lib/libmap_distance_server__rosidl_typesupport_fastrtps_c.so
[0.317s] -- Up-to-date: /home/ahmo030/ros2-migration/arena/arena-rosnav/utils/ros/rosnodes/map_distance_server/install/map_distance_server/include/map_distance_server/map_distance_server
[0.317s] -- Up-to-date: /home/ahmo030/ros2-migration/arena/arena-rosnav/utils/ros/rosnodes/map_distance_server/install/map_distance_server/include/map_distance_server/map_distance_server/srv
[0.317s] -- Up-to-date: /home/ahmo030/ros2-migration/arena/arena-rosnav/utils/ros/rosnodes/map_distance_server/install/map_distance_server/include/map_distance_server/map_distance_server/srv/detail
[0.317s] -- Up-to-date: /home/ahmo030/ros2-migration/arena/arena-rosnav/utils/ros/rosnodes/map_distance_server/install/map_distance_server/include/map_distance_server/map_distance_server/srv/detail/get_distance_map__type_support.c
[0.317s] -- Up-to-date: /home/ahmo030/ros2-migration/arena/arena-rosnav/utils/ros/rosnodes/map_distance_server/install/map_distance_server/include/map_distance_server/map_distance_server/srv/detail/get_distance_map__rosidl_typesupport_introspection_c.h
[0.318s] -- Up-to-date: /home/ahmo030/ros2-migration/arena/arena-rosnav/utils/ros/rosnodes/map_distance_server/install/map_distance_server/include/map_distance_server/map_distance_server/msg
[0.318s] -- Up-to-date: /home/ahmo030/ros2-migration/arena/arena-rosnav/utils/ros/rosnodes/map_distance_server/install/map_distance_server/include/map_distance_server/map_distance_server/msg/rosidl_typesupport_introspection_c__visibility_control.h
[0.318s] -- Up-to-date: /home/ahmo030/ros2-migration/arena/arena-rosnav/utils/ros/rosnodes/map_distance_server/install/map_distance_server/lib/libmap_distance_server__rosidl_typesupport_introspection_c.so
[0.318s] -- Up-to-date: /home/ahmo030/ros2-migration/arena/arena-rosnav/utils/ros/rosnodes/map_distance_server/install/map_distance_server/lib/libmap_distance_server__rosidl_typesupport_c.so
[0.318s] -- Up-to-date: /home/ahmo030/ros2-migration/arena/arena-rosnav/utils/ros/rosnodes/map_distance_server/install/map_distance_server/include/map_distance_server/map_distance_server
[0.318s] -- Up-to-date: /home/ahmo030/ros2-migration/arena/arena-rosnav/utils/ros/rosnodes/map_distance_server/install/map_distance_server/include/map_distance_server/map_distance_server/srv
[0.318s] -- Up-to-date: /home/ahmo030/ros2-migration/arena/arena-rosnav/utils/ros/rosnodes/map_distance_server/install/map_distance_server/include/map_distance_server/map_distance_server/srv/detail
[0.318s] -- Up-to-date: /home/ahmo030/ros2-migration/arena/arena-rosnav/utils/ros/rosnodes/map_distance_server/install/map_distance_server/include/map_distance_server/map_distance_server/srv/detail/get_distance_map__builder.hpp
[0.318s] -- Up-to-date: /home/ahmo030/ros2-migration/arena/arena-rosnav/utils/ros/rosnodes/map_distance_server/install/map_distance_server/include/map_distance_server/map_distance_server/srv/detail/get_distance_map__traits.hpp
[0.319s] -- Up-to-date: /home/ahmo030/ros2-migration/arena/arena-rosnav/utils/ros/rosnodes/map_distance_server/install/map_distance_server/include/map_distance_server/map_distance_server/srv/detail/get_distance_map__struct.hpp
[0.319s] -- Up-to-date: /home/ahmo030/ros2-migration/arena/arena-rosnav/utils/ros/rosnodes/map_distance_server/install/map_distance_server/include/map_distance_server/map_distance_server/srv/get_distance_map.hpp
[0.319s] -- Up-to-date: /home/ahmo030/ros2-migration/arena/arena-rosnav/utils/ros/rosnodes/map_distance_server/install/map_distance_server/include/map_distance_server/map_distance_server
[0.319s] -- Up-to-date: /home/ahmo030/ros2-migration/arena/arena-rosnav/utils/ros/rosnodes/map_distance_server/install/map_distance_server/include/map_distance_server/map_distance_server/srv
[0.319s] -- Up-to-date: /home/ahmo030/ros2-migration/arena/arena-rosnav/utils/ros/rosnodes/map_distance_server/install/map_distance_server/include/map_distance_server/map_distance_server/srv/detail
[0.319s] -- Up-to-date: /home/ahmo030/ros2-migration/arena/arena-rosnav/utils/ros/rosnodes/map_distance_server/install/map_distance_server/include/map_distance_server/map_distance_server/srv/detail/get_distance_map__rosidl_typesupport_fastrtps_cpp.hpp
[0.319s] -- Up-to-date: /home/ahmo030/ros2-migration/arena/arena-rosnav/utils/ros/rosnodes/map_distance_server/install/map_distance_server/include/map_distance_server/map_distance_server/srv/detail/dds_fastrtps
[0.319s] -- Up-to-date: /home/ahmo030/ros2-migration/arena/arena-rosnav/utils/ros/rosnodes/map_distance_server/install/map_distance_server/include/map_distance_server/map_distance_server/msg
[0.319s] -- Up-to-date: /home/ahmo030/ros2-migration/arena/arena-rosnav/utils/ros/rosnodes/map_distance_server/install/map_distance_server/include/map_distance_server/map_distance_server/msg/rosidl_typesupport_fastrtps_cpp__visibility_control.h
[0.319s] -- Up-to-date: /home/ahmo030/ros2-migration/arena/arena-rosnav/utils/ros/rosnodes/map_distance_server/install/map_distance_server/lib/libmap_distance_server__rosidl_typesupport_fastrtps_cpp.so
[0.319s] -- Up-to-date: /home/ahmo030/ros2-migration/arena/arena-rosnav/utils/ros/rosnodes/map_distance_server/install/map_distance_server/include/map_distance_server/map_distance_server
[0.319s] -- Up-to-date: /home/ahmo030/ros2-migration/arena/arena-rosnav/utils/ros/rosnodes/map_distance_server/install/map_distance_server/include/map_distance_server/map_distance_server/srv
[0.319s] -- Up-to-date: /home/ahmo030/ros2-migration/arena/arena-rosnav/utils/ros/rosnodes/map_distance_server/install/map_distance_server/include/map_distance_server/map_distance_server/srv/detail
[0.319s] -- Up-to-date: /home/ahmo030/ros2-migration/arena/arena-rosnav/utils/ros/rosnodes/map_distance_server/install/map_distance_server/include/map_distance_server/map_distance_server/srv/detail/get_distance_map__rosidl_typesupport_introspection_cpp.hpp
[0.319s] -- Up-to-date: /home/ahmo030/ros2-migration/arena/arena-rosnav/utils/ros/rosnodes/map_distance_server/install/map_distance_server/include/map_distance_server/map_distance_server/srv/detail/get_distance_map__type_support.cpp
[0.319s] -- Up-to-date: /home/ahmo030/ros2-migration/arena/arena-rosnav/utils/ros/rosnodes/map_distance_server/install/map_distance_server/lib/libmap_distance_server__rosidl_typesupport_introspection_cpp.so
[0.319s] -- Up-to-date: /home/ahmo030/ros2-migration/arena/arena-rosnav/utils/ros/rosnodes/map_distance_server/install/map_distance_server/lib/libmap_distance_server__rosidl_typesupport_cpp.so
[0.319s] -- Up-to-date: /home/ahmo030/ros2-migration/arena/arena-rosnav/utils/ros/rosnodes/map_distance_server/install/map_distance_server/share/map_distance_server/environment/pythonpath.sh
[0.319s] -- Up-to-date: /home/ahmo030/ros2-migration/arena/arena-rosnav/utils/ros/rosnodes/map_distance_server/install/map_distance_server/share/map_distance_server/environment/pythonpath.dsv
[0.319s] -- Up-to-date: /home/ahmo030/ros2-migration/arena/arena-rosnav/utils/ros/rosnodes/map_distance_server/install/map_distance_server/local/lib/python3.10/dist-packages/map_distance_server-0.0.0-py3.10.egg-info
[0.319s] -- Installing: /home/ahmo030/ros2-migration/arena/arena-rosnav/utils/ros/rosnodes/map_distance_server/install/map_distance_server/local/lib/python3.10/dist-packages/map_distance_server-0.0.0-py3.10.egg-info/SOURCES.txt
[0.319s] -- Installing: /home/ahmo030/ros2-migration/arena/arena-rosnav/utils/ros/rosnodes/map_distance_server/install/map_distance_server/local/lib/python3.10/dist-packages/map_distance_server-0.0.0-py3.10.egg-info/top_level.txt
[0.319s] -- Installing: /home/ahmo030/ros2-migration/arena/arena-rosnav/utils/ros/rosnodes/map_distance_server/install/map_distance_server/local/lib/python3.10/dist-packages/map_distance_server-0.0.0-py3.10.egg-info/dependency_links.txt
[0.319s] -- Installing: /home/ahmo030/ros2-migration/arena/arena-rosnav/utils/ros/rosnodes/map_distance_server/install/map_distance_server/local/lib/python3.10/dist-packages/map_distance_server-0.0.0-py3.10.egg-info/PKG-INFO
[0.319s] -- Up-to-date: /home/ahmo030/ros2-migration/arena/arena-rosnav/utils/ros/rosnodes/map_distance_server/install/map_distance_server/local/lib/python3.10/dist-packages/map_distance_server
[0.319s] -- Up-to-date: /home/ahmo030/ros2-migration/arena/arena-rosnav/utils/ros/rosnodes/map_distance_server/install/map_distance_server/local/lib/python3.10/dist-packages/map_distance_server/_map_distance_server_s.ep.rosidl_typesupport_introspection_c.c
[0.319s] -- Up-to-date: /home/ahmo030/ros2-migration/arena/arena-rosnav/utils/ros/rosnodes/map_distance_server/install/map_distance_server/local/lib/python3.10/dist-packages/map_distance_server/srv
[0.319s] -- Up-to-date: /home/ahmo030/ros2-migration/arena/arena-rosnav/utils/ros/rosnodes/map_distance_server/install/map_distance_server/local/lib/python3.10/dist-packages/map_distance_server/srv/_get_distance_map_s.c
[0.319s] -- Up-to-date: /home/ahmo030/ros2-migration/arena/arena-rosnav/utils/ros/rosnodes/map_distance_server/install/map_distance_server/local/lib/python3.10/dist-packages/map_distance_server/srv/__init__.py
[0.320s] -- Up-to-date: /home/ahmo030/ros2-migration/arena/arena-rosnav/utils/ros/rosnodes/map_distance_server/install/map_distance_server/local/lib/python3.10/dist-packages/map_distance_server/srv/_get_distance_map.py
[0.320s] -- Up-to-date: /home/ahmo030/ros2-migration/arena/arena-rosnav/utils/ros/rosnodes/map_distance_server/install/map_distance_server/local/lib/python3.10/dist-packages/map_distance_server/_map_distance_server_s.ep.rosidl_typesupport_c.c
[0.320s] -- Up-to-date: /home/ahmo030/ros2-migration/arena/arena-rosnav/utils/ros/rosnodes/map_distance_server/install/map_distance_server/local/lib/python3.10/dist-packages/map_distance_server/map_distance_server_s__rosidl_typesupport_fastrtps_c.cpython-36m-x86_64-linux-gnu.so
[0.320s] -- Up-to-date: /home/ahmo030/ros2-migration/arena/arena-rosnav/utils/ros/rosnodes/map_distance_server/install/map_distance_server/local/lib/python3.10/dist-packages/map_distance_server/libmap_distance_server__rosidl_generator_py.so
[0.320s] -- Up-to-date: /home/ahmo030/ros2-migration/arena/arena-rosnav/utils/ros/rosnodes/map_distance_server/install/map_distance_server/local/lib/python3.10/dist-packages/map_distance_server/map_distance_server_s__rosidl_typesupport_introspection_c.cpython-36m-x86_64-linux-gnu.so
[0.320s] -- Up-to-date: /home/ahmo030/ros2-migration/arena/arena-rosnav/utils/ros/rosnodes/map_distance_server/install/map_distance_server/local/lib/python3.10/dist-packages/map_distance_server/__init__.py
[0.320s] -- Up-to-date: /home/ahmo030/ros2-migration/arena/arena-rosnav/utils/ros/rosnodes/map_distance_server/install/map_distance_server/local/lib/python3.10/dist-packages/map_distance_server/_map_distance_server_s.ep.rosidl_typesupport_fastrtps_c.c
[0.320s] -- Up-to-date: /home/ahmo030/ros2-migration/arena/arena-rosnav/utils/ros/rosnodes/map_distance_server/install/map_distance_server/local/lib/python3.10/dist-packages/map_distance_server/map_distance_server_s__rosidl_typesupport_c.cpython-36m-x86_64-linux-gnu.so
[0.337s] Listing '/home/ahmo030/ros2-migration/arena/arena-rosnav/utils/ros/rosnodes/map_distance_server/install/map_distance_server/local/lib/python3.10/dist-packages/map_distance_server'...
[0.337s] Listing '/home/ahmo030/ros2-migration/arena/arena-rosnav/utils/ros/rosnodes/map_distance_server/install/map_distance_server/local/lib/python3.10/dist-packages/map_distance_server/srv'...
[0.340s] -- Up-to-date: /home/ahmo030/ros2-migration/arena/arena-rosnav/utils/ros/rosnodes/map_distance_server/install/map_distance_server/local/lib/python3.10/dist-packages/map_distance_server/map_distance_server_s__rosidl_typesupport_fastrtps_c.cpython-36m-x86_64-linux-gnu.so
[0.340s] -- Up-to-date: /home/ahmo030/ros2-migration/arena/arena-rosnav/utils/ros/rosnodes/map_distance_server/install/map_distance_server/local/lib/python3.10/dist-packages/map_distance_server/map_distance_server_s__rosidl_typesupport_introspection_c.cpython-36m-x86_64-linux-gnu.so
[0.340s] -- Up-to-date: /home/ahmo030/ros2-migration/arena/arena-rosnav/utils/ros/rosnodes/map_distance_server/install/map_distance_server/local/lib/python3.10/dist-packages/map_distance_server/map_distance_server_s__rosidl_typesupport_c.cpython-36m-x86_64-linux-gnu.so
[0.340s] -- Up-to-date: /home/ahmo030/ros2-migration/arena/arena-rosnav/utils/ros/rosnodes/map_distance_server/install/map_distance_server/lib/libmap_distance_server__rosidl_generator_py.so
[0.340s] -- Up-to-date: /home/ahmo030/ros2-migration/arena/arena-rosnav/utils/ros/rosnodes/map_distance_server/install/map_distance_server/share/map_distance_server/srv/GetDistanceMap.idl
[0.340s] -- Up-to-date: /home/ahmo030/ros2-migration/arena/arena-rosnav/utils/ros/rosnodes/map_distance_server/install/map_distance_server/share/map_distance_server/srv/GetDistanceMap.srv
[0.340s] -- Up-to-date: /home/ahmo030/ros2-migration/arena/arena-rosnav/utils/ros/rosnodes/map_distance_server/install/map_distance_server/share/map_distance_server/srv/GetDistanceMap_Request.msg
[0.340s] -- Up-to-date: /home/ahmo030/ros2-migration/arena/arena-rosnav/utils/ros/rosnodes/map_distance_server/install/map_distance_server/share/map_distance_server/srv/GetDistanceMap_Response.msg
[0.340s] -- Up-to-date: /home/ahmo030/ros2-migration/arena/arena-rosnav/utils/ros/rosnodes/map_distance_server/install/map_distance_server/bin/map_distance_node.py
[0.340s] -- Up-to-date: /home/ahmo030/ros2-migration/arena/arena-rosnav/utils/ros/rosnodes/map_distance_server/install/map_distance_server/share/ament_index/resource_index/package_run_dependencies/map_distance_server
[0.341s] -- Up-to-date: /home/ahmo030/ros2-migration/arena/arena-rosnav/utils/ros/rosnodes/map_distance_server/install/map_distance_server/share/ament_index/resource_index/parent_prefix_path/map_distance_server
[0.341s] -- Up-to-date: /home/ahmo030/ros2-migration/arena/arena-rosnav/utils/ros/rosnodes/map_distance_server/install/map_distance_server/share/map_distance_server/environment/ament_prefix_path.sh
[0.341s] -- Up-to-date: /home/ahmo030/ros2-migration/arena/arena-rosnav/utils/ros/rosnodes/map_distance_server/install/map_distance_server/share/map_distance_server/environment/ament_prefix_path.dsv
[0.341s] -- Up-to-date: /home/ahmo030/ros2-migration/arena/arena-rosnav/utils/ros/rosnodes/map_distance_server/install/map_distance_server/share/map_distance_server/environment/path.sh
[0.341s] -- Up-to-date: /home/ahmo030/ros2-migration/arena/arena-rosnav/utils/ros/rosnodes/map_distance_server/install/map_distance_server/share/map_distance_server/environment/path.dsv
[0.341s] -- Up-to-date: /home/ahmo030/ros2-migration/arena/arena-rosnav/utils/ros/rosnodes/map_distance_server/install/map_distance_server/share/map_distance_server/local_setup.bash
[0.341s] -- Up-to-date: /home/ahmo030/ros2-migration/arena/arena-rosnav/utils/ros/rosnodes/map_distance_server/install/map_distance_server/share/map_distance_server/local_setup.sh
[0.341s] -- Up-to-date: /home/ahmo030/ros2-migration/arena/arena-rosnav/utils/ros/rosnodes/map_distance_server/install/map_distance_server/share/map_distance_server/local_setup.zsh
[0.341s] -- Up-to-date: /home/ahmo030/ros2-migration/arena/arena-rosnav/utils/ros/rosnodes/map_distance_server/install/map_distance_server/share/map_distance_server/local_setup.dsv
[0.341s] -- Installing: /home/ahmo030/ros2-migration/arena/arena-rosnav/utils/ros/rosnodes/map_distance_server/install/map_distance_server/share/map_distance_server/package.dsv
[0.341s] -- Up-to-date: /home/ahmo030/ros2-migration/arena/arena-rosnav/utils/ros/rosnodes/map_distance_server/install/map_distance_server/share/ament_index/resource_index/packages/map_distance_server
[0.341s] -- Up-to-date: /home/ahmo030/ros2-migration/arena/arena-rosnav/utils/ros/rosnodes/map_distance_server/install/map_distance_server/share/map_distance_server/cmake/export_map_distance_server__rosidl_generator_cExport.cmake
[0.341s] -- Up-to-date: /home/ahmo030/ros2-migration/arena/arena-rosnav/utils/ros/rosnodes/map_distance_server/install/map_distance_server/share/map_distance_server/cmake/export_map_distance_server__rosidl_generator_cExport-noconfig.cmake
[0.341s] -- Up-to-date: /home/ahmo030/ros2-migration/arena/arena-rosnav/utils/ros/rosnodes/map_distance_server/install/map_distance_server/share/map_distance_server/cmake/export_map_distance_server__rosidl_typesupport_fastrtps_cExport.cmake
[0.341s] -- Up-to-date: /home/ahmo030/ros2-migration/arena/arena-rosnav/utils/ros/rosnodes/map_distance_server/install/map_distance_server/share/map_distance_server/cmake/export_map_distance_server__rosidl_typesupport_fastrtps_cExport-noconfig.cmake
[0.341s] -- Up-to-date: /home/ahmo030/ros2-migration/arena/arena-rosnav/utils/ros/rosnodes/map_distance_server/install/map_distance_server/share/map_distance_server/cmake/map_distance_server__rosidl_typesupport_introspection_cExport.cmake
[0.341s] -- Up-to-date: /home/ahmo030/ros2-migration/arena/arena-rosnav/utils/ros/rosnodes/map_distance_server/install/map_distance_server/share/map_distance_server/cmake/map_distance_server__rosidl_typesupport_introspection_cExport-noconfig.cmake
[0.341s] -- Up-to-date: /home/ahmo030/ros2-migration/arena/arena-rosnav/utils/ros/rosnodes/map_distance_server/install/map_distance_server/share/map_distance_server/cmake/map_distance_server__rosidl_typesupport_cExport.cmake
[0.341s] -- Up-to-date: /home/ahmo030/ros2-migration/arena/arena-rosnav/utils/ros/rosnodes/map_distance_server/install/map_distance_server/share/map_distance_server/cmake/map_distance_server__rosidl_typesupport_cExport-noconfig.cmake
[0.341s] -- Up-to-date: /home/ahmo030/ros2-migration/arena/arena-rosnav/utils/ros/rosnodes/map_distance_server/install/map_distance_server/share/map_distance_server/cmake/export_map_distance_server__rosidl_generator_cppExport.cmake
[0.342s] -- Up-to-date: /home/ahmo030/ros2-migration/arena/arena-rosnav/utils/ros/rosnodes/map_distance_server/install/map_distance_server/share/map_distance_server/cmake/export_map_distance_server__rosidl_typesupport_fastrtps_cppExport.cmake
[0.342s] -- Up-to-date: /home/ahmo030/ros2-migration/arena/arena-rosnav/utils/ros/rosnodes/map_distance_server/install/map_distance_server/share/map_distance_server/cmake/export_map_distance_server__rosidl_typesupport_fastrtps_cppExport-noconfig.cmake
[0.342s] -- Up-to-date: /home/ahmo030/ros2-migration/arena/arena-rosnav/utils/ros/rosnodes/map_distance_server/install/map_distance_server/share/map_distance_server/cmake/map_distance_server__rosidl_typesupport_introspection_cppExport.cmake
[0.342s] -- Up-to-date: /home/ahmo030/ros2-migration/arena/arena-rosnav/utils/ros/rosnodes/map_distance_server/install/map_distance_server/share/map_distance_server/cmake/map_distance_server__rosidl_typesupport_introspection_cppExport-noconfig.cmake
[0.342s] -- Up-to-date: /home/ahmo030/ros2-migration/arena/arena-rosnav/utils/ros/rosnodes/map_distance_server/install/map_distance_server/share/map_distance_server/cmake/map_distance_server__rosidl_typesupport_cppExport.cmake
[0.342s] -- Up-to-date: /home/ahmo030/ros2-migration/arena/arena-rosnav/utils/ros/rosnodes/map_distance_server/install/map_distance_server/share/map_distance_server/cmake/map_distance_server__rosidl_typesupport_cppExport-noconfig.cmake
[0.342s] -- Up-to-date: /home/ahmo030/ros2-migration/arena/arena-rosnav/utils/ros/rosnodes/map_distance_server/install/map_distance_server/share/map_distance_server/cmake/export_map_distance_server__rosidl_generator_pyExport.cmake
[0.342s] -- Up-to-date: /home/ahmo030/ros2-migration/arena/arena-rosnav/utils/ros/rosnodes/map_distance_server/install/map_distance_server/share/map_distance_server/cmake/export_map_distance_server__rosidl_generator_pyExport-noconfig.cmake
[0.342s] -- Up-to-date: /home/ahmo030/ros2-migration/arena/arena-rosnav/utils/ros/rosnodes/map_distance_server/install/map_distance_server/share/map_distance_server/cmake/rosidl_cmake-extras.cmake
[0.342s] -- Up-to-date: /home/ahmo030/ros2-migration/arena/arena-rosnav/utils/ros/rosnodes/map_distance_server/install/map_distance_server/share/map_distance_server/cmake/ament_cmake_export_dependencies-extras.cmake
[0.342s] -- Up-to-date: /home/ahmo030/ros2-migration/arena/arena-rosnav/utils/ros/rosnodes/map_distance_server/install/map_distance_server/share/map_distance_server/cmake/ament_cmake_export_include_directories-extras.cmake
[0.342s] -- Up-to-date: /home/ahmo030/ros2-migration/arena/arena-rosnav/utils/ros/rosnodes/map_distance_server/install/map_distance_server/share/map_distance_server/cmake/ament_cmake_export_libraries-extras.cmake
[0.342s] -- Up-to-date: /home/ahmo030/ros2-migration/arena/arena-rosnav/utils/ros/rosnodes/map_distance_server/install/map_distance_server/share/map_distance_server/cmake/ament_cmake_export_targets-extras.cmake
[0.342s] -- Up-to-date: /home/ahmo030/ros2-migration/arena/arena-rosnav/utils/ros/rosnodes/map_distance_server/install/map_distance_server/share/map_distance_server/cmake/rosidl_cmake_export_typesupport_targets-extras.cmake
[0.342s] -- Up-to-date: /home/ahmo030/ros2-migration/arena/arena-rosnav/utils/ros/rosnodes/map_distance_server/install/map_distance_server/share/map_distance_server/cmake/rosidl_cmake_export_typesupport_libraries-extras.cmake
[0.342s] -- Up-to-date: /home/ahmo030/ros2-migration/arena/arena-rosnav/utils/ros/rosnodes/map_distance_server/install/map_distance_server/share/map_distance_server/cmake/map_distance_serverConfig.cmake
[0.342s] -- Up-to-date: /home/ahmo030/ros2-migration/arena/arena-rosnav/utils/ros/rosnodes/map_distance_server/install/map_distance_server/share/map_distance_server/cmake/map_distance_serverConfig-version.cmake
[0.342s] -- Up-to-date: /home/ahmo030/ros2-migration/arena/arena-rosnav/utils/ros/rosnodes/map_distance_server/install/map_distance_server/share/map_distance_server/package.xml
[0.343s] Invoked command in '/home/ahmo030/ros2-migration/arena/arena-rosnav/utils/ros/rosnodes/map_distance_server/build/map_distance_server' returned '0': CMAKE_PREFIX_PATH=/opt/ros/humble:${CMAKE_PREFIX_PATH} /usr/bin/cmake --install /home/ahmo030/ros2-migration/arena/arena-rosnav/utils/ros/rosnodes/map_distance_server/build/map_distance_server
