[0.000000] (-) TimerEvent: {}
[0.000111] (-) JobUnselected: {'identifier': 'amcl_utils'}
[0.000143] (-) JobUnselected: {'identifier': 'arena_bringup'}
[0.000166] (-) JobUnselected: {'identifier': 'arena_evaluation'}
[0.000186] (-) JobUnselected: {'identifier': 'arena_evaluation_msgs'}
[0.000205] (-) JobUnselected: {'identifier': 'arena_simulation_setup'}
[0.000224] (-) JobUnselected: {'identifier': 'brics_actuator'}
[0.000242] (-) JobUnselected: {'identifier': 'cob_base_controller_utils'}
[0.000261] (-) JobUnselected: {'identifier': 'cob_control_msgs'}
[0.000279] (-) JobUnselected: {'identifier': 'cob_gazebo_ros_control'}
[0.000297] (-) JobUnselected: {'identifier': 'cob_helper_tools'}
[0.000315] (-) JobUnselected: {'identifier': 'cob_omni_drive_controller'}
[0.000333] (-) JobUnselected: {'identifier': 'cob_scan_unifier'}
[0.000350] (-) JobUnselected: {'identifier': 'cob_sick_s300'}
[0.000368] (-) JobUnselected: {'identifier': 'cob_srvs'}
[0.000386] (-) JobUnselected: {'identifier': 'cob_twist_controller'}
[0.000404] (-) JobUnselected: {'identifier': 'crowdsim'}
[0.000422] (-) JobUnselected: {'identifier': 'eval'}
[0.000440] (-) JobUnselected: {'identifier': 'flatland'}
[0.000458] (-) JobUnselected: {'identifier': 'gazebo_utils'}
[0.000476] (-) JobUnselected: {'identifier': 'generic_throttle'}
[0.000494] (-) JobUnselected: {'identifier': 'grid_map_generator'}
[0.000512] (-) JobUnselected: {'identifier': 'intermediate_planner'}
[0.000530] (-) JobUnselected: {'identifier': 'map_clock_simulator'}
[0.000549] (-) JobUnselected: {'identifier': 'map_distance_server'}
[0.000567] (-) JobUnselected: {'identifier': 'map_generator'}
[0.000584] (-) JobUnselected: {'identifier': 'mapping'}
[0.000602] (-) JobUnselected: {'identifier': 'mecanum_gazebo_plugin'}
[0.000620] (-) JobUnselected: {'identifier': 'move_base_flex'}
[0.000638] (-) JobUnselected: {'identifier': 'navigation'}
[0.000656] (-) JobUnselected: {'identifier': 'observations'}
[0.000674] (-) JobUnselected: {'identifier': 'path_search'}
[0.000692] (-) JobUnselected: {'identifier': 'pedsim_ros'}
[0.000710] (-) JobUnselected: {'identifier': 'plan_manager'}
[0.000728] (-) JobUnselected: {'identifier': 'plan_msgs'}
[0.000745] (-) JobUnselected: {'identifier': 'plan_visualization'}
[0.000763] (-) JobUnselected: {'identifier': 'pmb2_robot'}
[0.000781] (-) JobUnselected: {'identifier': 'ridgeback_control'}
[0.000799] (-) JobUnselected: {'identifier': 'ridgeback_gazebo_plugins'}
[0.000816] (-) JobUnselected: {'identifier': 'rl_utils'}
[0.000834] (-) JobUnselected: {'identifier': 'rviz_plugins'}
[0.000852] (-) JobUnselected: {'identifier': 'rviz_utils'}
[0.000869] (-) JobUnselected: {'identifier': 'sensor_simulator'}
[0.000887] (-) JobUnselected: {'identifier': 'spacial_horizon'}
[0.000905] (-) JobUnselected: {'identifier': 'stable_baselines3'}
[0.000923] (-) JobUnselected: {'identifier': 'task_generator'}
[0.000941] (-) JobUnselected: {'identifier': 'testing'}
[0.000958] (-) JobUnselected: {'identifier': 'tiago_bringup'}
[0.000976] (-) JobUnselected: {'identifier': 'tiago_controller_configuration'}
[0.000994] (-) JobUnselected: {'identifier': 'tiago_description'}
[0.001012] (-) JobUnselected: {'identifier': 'tiago_gazebo'}
[0.001029] (-) JobUnselected: {'identifier': 'tiago_robot'}
[0.001047] (-) JobUnselected: {'identifier': 'tiago_simulation'}
[0.001064] (-) JobUnselected: {'identifier': 'training'}
[0.001081] (-) JobUnselected: {'identifier': 'traj_planner'}
[0.001099] (-) JobUnselected: {'identifier': 'unitree_controller_go1'}
[0.001116] (-) JobUnselected: {'identifier': 'unitree_legged_control'}
[0.001134] (-) JobUnselected: {'identifier': 'unitree_legged_msgs'}
[0.001151] (-) JobUnselected: {'identifier': 'youbot_description'}
[0.001169] (-) JobUnselected: {'identifier': 'youbot_simulation'}
[0.001187] (-) EventReactorShutdown: {}
