[0.006s] Invoking command in '/home/ahmo030/ros2-migration/arena/arena-rosnav/utils/ros/rosnodes/spacial_horizon/build/spacial_horizon': CMAKE_PREFIX_PATH=/opt/ros/humble:${CMAKE_PREFIX_PATH} /usr/bin/cmake /home/ahmo030/ros2-migration/arena/arena-rosnav/utils/ros/rosnodes/spacial_horizon -DCMAKE_INSTALL_PREFIX=/home/ahmo030/ros2-migration/arena/arena-rosnav/utils/ros/rosnodes/spacial_horizon/install/spacial_horizon
[0.012s] -- Found ament_cmake: 1.3.8 (/opt/ros/humble/share/ament_cmake/cmake)
[0.081s] -- Found std_msgs: 4.2.3 (/opt/ros/humble/share/std_msgs/cmake)
[0.097s] -- Found rosidl_generator_c: 3.1.5 (/opt/ros/humble/share/rosidl_generator_c/cmake)
[0.098s] -- Found rosidl_adapter: 3.1.5 (/opt/ros/humble/share/rosidl_adapter/cmake)
[0.102s] -- Found rosidl_generator_cpp: 3.1.5 (/opt/ros/humble/share/rosidl_generator_cpp/cmake)
[0.108s] -- Using all available rosidl_typesupport_c: rosidl_typesupport_fastrtps_c;rosidl_typesupport_introspection_c
[0.116s] -- Using all available rosidl_typesupport_cpp: rosidl_typesupport_fastrtps_cpp;rosidl_typesupport_introspection_cpp
[0.145s] -- Found visualization_msgs: 4.2.3 (/opt/ros/humble/share/visualization_msgs/cmake)
[0.290s] -- Eigen found (include: /usr/include/eigen3, version: 3.4.0)
[0.323s] -- The imported target "vtkParseOGLExt" references the file
[0.324s]    "/usr/bin/vtkParseOGLExt-7.1"
[0.324s] but this file does not exist.  Possible reasons include:
[0.324s] * The file was deleted, renamed, or moved to another location.
[0.324s] * An install or uninstall procedure did not complete successfully.
[0.324s] * The installation package was faulty and contained
[0.324s]    "/usr/lib/cmake/vtk-7.1/VTKTargets.cmake"
[0.324s] but not all the files it references.
[0.324s] 
[0.324s] -- The imported target "vtkRenderingPythonTkWidgets" references the file
[0.324s]    "/usr/lib/x86_64-linux-gnu/libvtkRenderingPythonTkWidgets.so"
[0.324s] but this file does not exist.  Possible reasons include:
[0.324s] * The file was deleted, renamed, or moved to another location.
[0.324s] * An install or uninstall procedure did not complete successfully.
[0.324s] * The installation package was faulty and contained
[0.324s]    "/usr/lib/cmake/vtk-7.1/VTKTargets.cmake"
[0.324s] but not all the files it references.
[0.324s] 
[0.324s] -- The imported target "vtk" references the file
[0.324s]    "/usr/bin/vtk"
[0.324s] but this file does not exist.  Possible reasons include:
[0.324s] * The file was deleted, renamed, or moved to another location.
[0.324s] * An install or uninstall procedure did not complete successfully.
[0.324s] * The installation package was faulty and contained
[0.324s]    "/usr/lib/cmake/vtk-7.1/VTKTargets.cmake"
[0.324s] but not all the files it references.
[0.324s] 
[0.324s] -- The imported target "pvtk" references the file
[0.324s]    "/usr/bin/pvtk"
[0.324s] but this file does not exist.  Possible reasons include:
[0.325s] * The file was deleted, renamed, or moved to another location.
[0.325s] * An install or uninstall procedure did not complete successfully.
[0.325s] * The installation package was faulty and contained
[0.325s]    "/usr/lib/cmake/vtk-7.1/VTKTargets.cmake"
[0.325s] but not all the files it references.
[0.325s] 
[0.331s] CMake Warning (dev) at /usr/share/cmake-3.22/Modules/FindPackageHandleStandardArgs.cmake:438 (message):
[0.331s]   The package name passed to `find_package_handle_standard_args` (USB_10)
[0.331s]   does not match the name of the calling package (OpenNI).  This can lead to
[0.331s]   problems in calling code that expects `find_package` result variables
[0.331s]   (e.g., `_FOUND`) to follow a certain pattern.
[0.331s] Call Stack (most recent call first):
[0.331s]   /usr/lib/x86_64-linux-gnu/cmake/pcl/Modules/FindOpenNI.cmake:28 (find_package_handle_standard_args)
[0.331s]   /usr/lib/x86_64-linux-gnu/cmake/pcl/PCLConfig.cmake:179 (find_package)
[0.331s]   /usr/lib/x86_64-linux-gnu/cmake/pcl/PCLConfig.cmake:322 (find_openni)
[0.331s]   /usr/lib/x86_64-linux-gnu/cmake/pcl/PCLConfig.cmake:548 (find_external_library)
[0.331s]   CMakeLists.txt:119 (find_package)
[0.331s] This warning is for project developers.  Use -Wno-dev to suppress it.
[0.332s] 
[0.332s] -- OpenNI found (include: /usr/include/ni, lib: /usr/lib/libOpenNI.so)
[0.334s] CMake Warning (dev) at /usr/share/cmake-3.22/Modules/FindPackageHandleStandardArgs.cmake:438 (message):
[0.334s]   The package name passed to `find_package_handle_standard_args` (USB_10)
[0.335s]   does not match the name of the calling package (OpenNI2).  This can lead to
[0.335s]   problems in calling code that expects `find_package` result variables
[0.335s]   (e.g., `_FOUND`) to follow a certain pattern.
[0.335s] Call Stack (most recent call first):
[0.335s]   /usr/lib/x86_64-linux-gnu/cmake/pcl/Modules/FindOpenNI2.cmake:28 (find_package_handle_standard_args)
[0.335s]   /usr/lib/x86_64-linux-gnu/cmake/pcl/PCLConfig.cmake:193 (find_package)
[0.335s]   /usr/lib/x86_64-linux-gnu/cmake/pcl/PCLConfig.cmake:324 (find_openni2)
[0.335s]   /usr/lib/x86_64-linux-gnu/cmake/pcl/PCLConfig.cmake:548 (find_external_library)
[0.335s]   CMakeLists.txt:119 (find_package)
[0.335s] This warning is for project developers.  Use -Wno-dev to suppress it.
[0.335s] 
[0.335s] -- OpenNI2 found (include: /usr/include/openni2, lib: /usr/lib/x86_64-linux-gnu/libOpenNI2.so)
[0.335s] ** WARNING ** io features related to pcap will be disabled
[0.335s] ** WARNING ** io features related to png will be disabled
[0.340s] CMake Warning (dev) at /usr/share/cmake-3.22/Modules/FindPackageHandleStandardArgs.cmake:438 (message):
[0.340s]   The package name passed to `find_package_handle_standard_args` (libusb-1.0)
[0.340s]   does not match the name of the calling package (PCL).  This can lead to
[0.340s]   problems in calling code that expects `find_package` result variables
[0.340s]   (e.g., `_FOUND`) to follow a certain pattern.
[0.340s] Call Stack (most recent call first):
[0.340s]   /usr/lib/x86_64-linux-gnu/cmake/pcl/PCLConfig.cmake:291 (find_package_handle_standard_args)
[0.340s]   /usr/lib/x86_64-linux-gnu/cmake/pcl/PCLConfig.cmake:338 (find_libusb)
[0.340s]   /usr/lib/x86_64-linux-gnu/cmake/pcl/PCLConfig.cmake:548 (find_external_library)
[0.340s]   CMakeLists.txt:119 (find_package)
[0.340s] This warning is for project developers.  Use -Wno-dev to suppress it.
[0.340s] 
[0.340s] ** WARNING ** io features related to libusb-1.0 will be disabled
[0.342s] CMake Warning (dev) at /usr/share/cmake-3.22/Modules/FindPackageHandleStandardArgs.cmake:438 (message):
[0.342s]   The package name passed to `find_package_handle_standard_args` (USB_10)
[0.342s]   does not match the name of the calling package (OpenNI).  This can lead to
[0.342s]   problems in calling code that expects `find_package` result variables
[0.342s]   (e.g., `_FOUND`) to follow a certain pattern.
[0.343s] Call Stack (most recent call first):
[0.343s]   /usr/lib/x86_64-linux-gnu/cmake/pcl/Modules/FindOpenNI.cmake:28 (find_package_handle_standard_args)
[0.343s]   /usr/lib/x86_64-linux-gnu/cmake/pcl/PCLConfig.cmake:179 (find_package)
[0.343s]   /usr/lib/x86_64-linux-gnu/cmake/pcl/PCLConfig.cmake:322 (find_openni)
[0.343s]   /usr/lib/x86_64-linux-gnu/cmake/pcl/PCLConfig.cmake:548 (find_external_library)
[0.343s]   CMakeLists.txt:119 (find_package)
[0.343s] This warning is for project developers.  Use -Wno-dev to suppress it.
[0.343s] 
[0.343s] -- OpenNI found (include: /usr/include/ni, lib: /usr/lib/libOpenNI.so)
[0.345s] CMake Warning (dev) at /usr/share/cmake-3.22/Modules/FindPackageHandleStandardArgs.cmake:438 (message):
[0.345s]   The package name passed to `find_package_handle_standard_args` (USB_10)
[0.346s]   does not match the name of the calling package (OpenNI2).  This can lead to
[0.346s]   problems in calling code that expects `find_package` result variables
[0.346s]   (e.g., `_FOUND`) to follow a certain pattern.
[0.346s] Call Stack (most recent call first):
[0.346s]   /usr/lib/x86_64-linux-gnu/cmake/pcl/Modules/FindOpenNI2.cmake:28 (find_package_handle_standard_args)
[0.346s]   /usr/lib/x86_64-linux-gnu/cmake/pcl/PCLConfig.cmake:193 (find_package)
[0.346s]   /usr/lib/x86_64-linux-gnu/cmake/pcl/PCLConfig.cmake:324 (find_openni2)
[0.346s]   /usr/lib/x86_64-linux-gnu/cmake/pcl/PCLConfig.cmake:548 (find_external_library)
[0.346s]   CMakeLists.txt:119 (find_package)
[0.346s] This warning is for project developers.  Use -Wno-dev to suppress it.
[0.346s] 
[0.346s] -- OpenNI2 found (include: /usr/include/openni2, lib: /usr/lib/x86_64-linux-gnu/libOpenNI2.so)
[0.351s] -- QHULL found (include: /usr/include, lib: optimized;/usr/lib/x86_64-linux-gnu/libqhull.so;debug;/usr/lib/x86_64-linux-gnu/libqhull.so)
[0.354s] CMake Warning (dev) at /usr/share/cmake-3.22/Modules/FindPackageHandleStandardArgs.cmake:438 (message):
[0.354s]   The package name passed to `find_package_handle_standard_args` (USB_10)
[0.354s]   does not match the name of the calling package (OpenNI).  This can lead to
[0.354s]   problems in calling code that expects `find_package` result variables
[0.354s]   (e.g., `_FOUND`) to follow a certain pattern.
[0.354s] Call Stack (most recent call first):
[0.354s]   /usr/lib/x86_64-linux-gnu/cmake/pcl/Modules/FindOpenNI.cmake:28 (find_package_handle_standard_args)
[0.354s]   /usr/lib/x86_64-linux-gnu/cmake/pcl/PCLConfig.cmake:179 (find_package)
[0.354s]   /usr/lib/x86_64-linux-gnu/cmake/pcl/PCLConfig.cmake:322 (find_openni)
[0.354s]   /usr/lib/x86_64-linux-gnu/cmake/pcl/PCLConfig.cmake:548 (find_external_library)
[0.354s]   CMakeLists.txt:119 (find_package)
[0.354s] This warning is for project developers.  Use -Wno-dev to suppress it.
[0.354s] 
[0.354s] -- OpenNI found (include: /usr/include/ni, lib: /usr/lib/libOpenNI.so)
[0.359s] -- looking for PCL_COMMON
[0.359s] CMake Warning (dev) at /usr/share/cmake-3.22/Modules/FindPackageHandleStandardArgs.cmake:438 (message):
[0.359s]   The package name passed to `find_package_handle_standard_args` (PCL_COMMON)
[0.359s]   does not match the name of the calling package (PCL).  This can lead to
[0.359s]   problems in calling code that expects `find_package` result variables
[0.359s]   (e.g., `_FOUND`) to follow a certain pattern.
[0.359s] Call Stack (most recent call first):
[0.359s]   /usr/lib/x86_64-linux-gnu/cmake/pcl/PCLConfig.cmake:616 (find_package_handle_standard_args)
[0.359s]   CMakeLists.txt:119 (find_package)
[0.359s] This warning is for project developers.  Use -Wno-dev to suppress it.
[0.359s] 
[0.359s] -- looking for PCL_KDTREE
[0.359s] CMake Warning (dev) at /usr/share/cmake-3.22/Modules/FindPackageHandleStandardArgs.cmake:438 (message):
[0.359s]   The package name passed to `find_package_handle_standard_args` (PCL_KDTREE)
[0.359s]   does not match the name of the calling package (PCL).  This can lead to
[0.359s]   problems in calling code that expects `find_package` result variables
[0.359s]   (e.g., `_FOUND`) to follow a certain pattern.
[0.359s] Call Stack (most recent call first):
[0.359s]   /usr/lib/x86_64-linux-gnu/cmake/pcl/PCLConfig.cmake:616 (find_package_handle_standard_args)
[0.360s]   CMakeLists.txt:119 (find_package)
[0.360s] This warning is for project developers.  Use -Wno-dev to suppress it.
[0.360s] 
[0.360s] -- looking for PCL_OCTREE
[0.360s] -- looking for PCL_SEARCH
[0.360s] -- looking for PCL_SAMPLE_CONSENSUS
[0.360s] -- looking for PCL_FILTERS
[0.360s] CMake Warning (dev) at /usr/share/cmake-3.22/Modules/FindPackageHandleStandardArgs.cmake:438 (message):
[0.360s]   The package name passed to `find_package_handle_standard_args` (PCL_OCTREE)
[0.360s]   does not match the name of the calling package (PCL).  This can lead to
[0.360s]   problems in calling code that expects `find_package` result variables
[0.360s]   (e.g., `_FOUND`) to follow a certain pattern.
[0.360s] Call Stack (most recent call first):
[0.360s]   /usr/lib/x86_64-linux-gnu/cmake/pcl/PCLConfig.cmake:616 (find_package_handle_standard_args)
[0.360s]   CMakeLists.txt:119 (find_package)
[0.360s] This warning is for project developers.  Use -Wno-dev to suppress it.
[0.360s] 
[0.360s] CMake Warning (dev) at /usr/share/cmake-3.22/Modules/FindPackageHandleStandardArgs.cmake:438 (message):
[0.360s]   The package name passed to `find_package_handle_standard_args` (PCL_SEARCH)
[0.360s]   does not match the name of the calling package (PCL).  This can lead to
[0.360s]   problems in calling code that expects `find_package` result variables
[0.360s]   (e.g., `_FOUND`) to follow a certain pattern.
[0.360s] Call Stack (most recent call first):
[0.361s]   /usr/lib/x86_64-linux-gnu/cmake/pcl/PCLConfig.cmake:616 (find_package_handle_standard_args)
[0.361s]   CMakeLists.txt:119 (find_package)
[0.361s] This warning is for project developers.  Use -Wno-dev to suppress it.
[0.361s] 
[0.361s] CMake Warning (dev) at /usr/share/cmake-3.22/Modules/FindPackageHandleStandardArgs.cmake:438 (message):
[0.361s]   The package name passed to `find_package_handle_standard_args`
[0.361s]   (PCL_SAMPLE_CONSENSUS) does not match the name of the calling package
[0.361s]   (PCL).  This can lead to problems in calling code that expects
[0.361s]   `find_package` result variables (e.g., `_FOUND`) to follow a certain
[0.361s]   pattern.
[0.361s] Call Stack (most recent call first):
[0.361s]   /usr/lib/x86_64-linux-gnu/cmake/pcl/PCLConfig.cmake:616 (find_package_handle_standard_args)
[0.361s]   CMakeLists.txt:119 (find_package)
[0.361s] This warning is for project developers.  Use -Wno-dev to suppress it.
[0.361s] 
[0.361s] CMake Warning (dev) at /usr/share/cmake-3.22/Modules/FindPackageHandleStandardArgs.cmake:438 (message):
[0.361s]   The package name passed to `find_package_handle_standard_args`
[0.361s]   (PCL_FILTERS) does not match the name of the calling package (PCL).  This
[0.361s]   can lead to problems in calling code that expects `find_package` result
[0.361s]   variables (e.g., `_FOUND`) to follow a certain pattern.
[0.361s] Call Stack (most recent call first):
[0.361s]   /usr/lib/x86_64-linux-gnu/cmake/pcl/PCLConfig.cmake:616 (find_package_handle_standard_args)
[0.361s]   CMakeLists.txt:119 (find_package)
[0.361s] This warning is for project developers.  Use -Wno-dev to suppress it.
[0.361s] 
[0.361s] -- looking for PCL_2D
[0.361s] -- looking for PCL_GEOMETRY
[0.361s] -- looking for PCL_IO
[0.361s] CMake Warning (dev) at /usr/share/cmake-3.22/Modules/FindPackageHandleStandardArgs.cmake:438 (message):
[0.362s]   The package name passed to `find_package_handle_standard_args` (PCL_2D)
[0.362s]   does not match the name of the calling package (PCL).  This can lead to
[0.362s]   problems in calling code that expects `find_package` result variables
[0.362s]   (e.g., `_FOUND`) to follow a certain pattern.
[0.362s] Call Stack (most recent call first):
[0.362s]   /usr/lib/x86_64-linux-gnu/cmake/pcl/PCLConfig.cmake:619 (find_package_handle_standard_args)
[0.362s]   CMakeLists.txt:119 (find_package)
[0.362s] This warning is for project developers.  Use -Wno-dev to suppress it.
[0.362s] 
[0.362s] CMake Warning (dev) at /usr/share/cmake-3.22/Modules/FindPackageHandleStandardArgs.cmake:438 (message):
[0.362s]   The package name passed to `find_package_handle_standard_args`
[0.362s]   (PCL_GEOMETRY) does not match the name of the calling package (PCL).  This
[0.362s]   can lead to problems in calling code that expects `find_package` result
[0.362s]   variables (e.g., `_FOUND`) to follow a certain pattern.
[0.362s] Call Stack (most recent call first):
[0.362s]   /usr/lib/x86_64-linux-gnu/cmake/pcl/PCLConfig.cmake:619 (find_package_handle_standard_args)
[0.362s]   CMakeLists.txt:119 (find_package)
[0.362s] This warning is for project developers.  Use -Wno-dev to suppress it.
[0.362s] 
[0.362s] CMake Warning (dev) at /usr/share/cmake-3.22/Modules/FindPackageHandleStandardArgs.cmake:438 (message):
[0.362s]   The package name passed to `find_package_handle_standard_args` (PCL_IO)
[0.362s]   does not match the name of the calling package (PCL).  This can lead to
[0.362s]   problems in calling code that expects `find_package` result variables
[0.362s]   (e.g., `_FOUND`) to follow a certain pattern.
[0.362s] Call Stack (most recent call first):
[0.362s]   /usr/lib/x86_64-linux-gnu/cmake/pcl/PCLConfig.cmake:616 (find_package_handle_standard_args)
[0.362s]   CMakeLists.txt:119 (find_package)
[0.362s] This warning is for project developers.  Use -Wno-dev to suppress it.
[0.363s] 
[0.363s] -- looking for PCL_FEATURES
[0.363s] CMake Warning (dev) at /usr/share/cmake-3.22/Modules/FindPackageHandleStandardArgs.cmake:438 (message):
[0.363s]   The package name passed to `find_package_handle_standard_args`
[0.363s]   (PCL_FEATURES) does not match the name of the calling package (PCL).  This
[0.363s]   can lead to problems in calling code that expects `find_package` result
[0.363s]   variables (e.g., `_FOUND`) to follow a certain pattern.
[0.363s] Call Stack (most recent call first):
[0.363s]   /usr/lib/x86_64-linux-gnu/cmake/pcl/PCLConfig.cmake:616 (find_package_handle_standard_args)
[0.363s]   CMakeLists.txt:119 (find_package)
[0.363s] This warning is for project developers.  Use -Wno-dev to suppress it.
[0.363s] 
[0.363s] -- looking for PCL_ML
[0.363s] -- looking for PCL_SEGMENTATION
[0.363s] CMake Warning (dev) at /usr/share/cmake-3.22/Modules/FindPackageHandleStandardArgs.cmake:438 (message):
[0.363s]   The package name passed to `find_package_handle_standard_args` (PCL_ML)
[0.363s]   does not match the name of the calling package (PCL).  This can lead to
[0.363s]   problems in calling code that expects `find_package` result variables
[0.363s]   (e.g., `_FOUND`) to follow a certain pattern.
[0.363s] Call Stack (most recent call first):
[0.363s]   /usr/lib/x86_64-linux-gnu/cmake/pcl/PCLConfig.cmake:616 (find_package_handle_standard_args)
[0.363s]   CMakeLists.txt:119 (find_package)
[0.363s] This warning is for project developers.  Use -Wno-dev to suppress it.
[0.363s] 
[0.363s] CMake Warning (dev) at /usr/share/cmake-3.22/Modules/FindPackageHandleStandardArgs.cmake:438 (message):
[0.363s]   The package name passed to `find_package_handle_standard_args`
[0.363s]   (PCL_SEGMENTATION) does not match the name of the calling package (PCL).
[0.363s]   This can lead to problems in calling code that expects `find_package`
[0.364s]   result variables (e.g., `_FOUND`) to follow a certain pattern.
[0.364s] Call Stack (most recent call first):
[0.364s]   /usr/lib/x86_64-linux-gnu/cmake/pcl/PCLConfig.cmake:616 (find_package_handle_standard_args)
[0.364s]   CMakeLists.txt:119 (find_package)
[0.364s] This warning is for project developers.  Use -Wno-dev to suppress it.
[0.364s] 
[0.364s] -- looking for PCL_VISUALIZATION
[0.364s] CMake Warning (dev) at /usr/share/cmake-3.22/Modules/FindPackageHandleStandardArgs.cmake:438 (message):
[0.364s]   The package name passed to `find_package_handle_standard_args`
[0.364s]   (PCL_VISUALIZATION) does not match the name of the calling package (PCL).
[0.364s]   This can lead to problems in calling code that expects `find_package`
[0.364s]   result variables (e.g., `_FOUND`) to follow a certain pattern.
[0.364s] Call Stack (most recent call first):
[0.364s]   /usr/lib/x86_64-linux-gnu/cmake/pcl/PCLConfig.cmake:616 (find_package_handle_standard_args)
[0.364s]   CMakeLists.txt:119 (find_package)
[0.364s] This warning is for project developers.  Use -Wno-dev to suppress it.
[0.364s] 
[0.364s] CMake Warning (dev) at /usr/share/cmake-3.22/Modules/FindPackageHandleStandardArgs.cmake:438 (message):
[0.364s]   The package name passed to `find_package_handle_standard_args`
[0.364s]   (PCL_SURFACE) does not match the name of the calling package (PCL).  This
[0.364s]   can lead to problems in calling code that expects `find_package` result
[0.364s]   variables (e.g., `_FOUND`) to follow a certain pattern.
[0.364s] Call Stack (most recent call first):
[0.364s]   /usr/lib/x86_64-linux-gnu/cmake/pcl/PCLConfig.cmake:616 (find_package_handle_standard_args)
[0.364s]   CMakeLists.txt:119 (find_package)
[0.364s] This warning is for project developers.  Use -Wno-dev to suppress it.
[0.364s] 
[0.364s] CMake Warning (dev) at /usr/share/cmake-3.22/Modules/FindPackageHandleStandardArgs.cmake:438 (message):
[0.364s]   The package name passed to `find_package_handle_standard_args`
[0.364s]   (PCL_REGISTRATION) does not match the name of the calling package (PCL).
[0.364s]   This can lead to problems in calling code that expects `find_package`
[0.364s]   result variables (e.g., `_FOUND`) to follow a certain pattern.
[0.365s] Call Stack (most recent call first):
[0.365s]   /usr/lib/x86_64-linux-gnu/cmake/pcl/PCLConfig.cmake:616 (find_package_handle_standard_args)
[0.365s]   CMakeLists.txt:119 (find_package)
[0.365s] This warning is for project developers.  Use -Wno-dev to suppress it.
[0.365s] 
[0.365s] -- looking for PCL_SURFACE
[0.365s] -- looking for PCL_REGISTRATION
[0.365s] -- looking for PCL_KEYPOINTS
[0.365s] CMake Warning (dev) at /usr/share/cmake-3.22/Modules/FindPackageHandleStandardArgs.cmake:438 (message):
[0.365s]   The package name passed to `find_package_handle_standard_args`
[0.365s]   (PCL_KEYPOINTS) does not match the name of the calling package (PCL).  This
[0.365s]   can lead to problems in calling code that expects `find_package` result
[0.365s]   variables (e.g., `_FOUND`) to follow a certain pattern.
[0.365s] Call Stack (most recent call first):
[0.365s]   /usr/lib/x86_64-linux-gnu/cmake/pcl/PCLConfig.cmake:616 (find_package_handle_standard_args)
[0.365s]   CMakeLists.txt:119 (find_package)
[0.365s] This warning is for project developers.  Use -Wno-dev to suppress it.
[0.365s] 
[0.365s] CMake Warning (dev) at /usr/share/cmake-3.22/Modules/FindPackageHandleStandardArgs.cmake:438 (message):
[0.365s]   The package name passed to `find_package_handle_standard_args`
[0.365s]   (PCL_TRACKING) does not match the name of the calling package (PCL).  This
[0.365s]   can lead to problems in calling code that expects `find_package` result
[0.365s]   variables (e.g., `_FOUND`) to follow a certain pattern.
[0.365s] Call Stack (most recent call first):
[0.365s]   /usr/lib/x86_64-linux-gnu/cmake/pcl/PCLConfig.cmake:616 (find_package_handle_standard_args)
[0.365s]   CMakeLists.txt:119 (find_package)
[0.365s] This warning is for project developers.  Use -Wno-dev to suppress it.
[0.365s] 
[0.365s] CMake Warning (dev) at /usr/share/cmake-3.22/Modules/FindPackageHandleStandardArgs.cmake:438 (message):
[0.365s]   The package name passed to `find_package_handle_standard_args`
[0.365s]   (PCL_RECOGNITION) does not match the name of the calling package (PCL).
[0.365s]   This can lead to problems in calling code that expects `find_package`
[0.365s]   result variables (e.g., `_FOUND`) to follow a certain pattern.
[0.365s] Call Stack (most recent call first):
[0.366s]   /usr/lib/x86_64-linux-gnu/cmake/pcl/PCLConfig.cmake:616 (find_package_handle_standard_args)
[0.366s]   CMakeLists.txt:119 (find_package)
[0.366s] This warning is for project developers.  Use -Wno-dev to suppress it.
[0.366s] 
[0.366s] CMake Warning (dev) at /usr/share/cmake-3.22/Modules/FindPackageHandleStandardArgs.cmake:438 (message):
[0.366s]   The package name passed to `find_package_handle_standard_args` (PCL_STEREO)
[0.366s]   does not match the name of the calling package (PCL).  This can lead to
[0.366s]   problems in calling code that expects `find_package` result variables
[0.366s]   (e.g., `_FOUND`) to follow a certain pattern.
[0.366s] Call Stack (most recent call first):
[0.366s]   /usr/lib/x86_64-linux-gnu/cmake/pcl/PCLConfig.cmake:616 (find_package_handle_standard_args)
[0.366s]   CMakeLists.txt:119 (find_package)
[0.366s] This warning is for project developers.  Use -Wno-dev to suppress it.
[0.366s] 
[0.366s] -- looking for PCL_TRACKING
[0.366s] -- looking for PCL_RECOGNITION
[0.366s] -- looking for PCL_STEREO
[0.366s] -- looking for PCL_APPS
[0.366s] CMake Warning (dev) at /usr/share/cmake-3.22/Modules/FindPackageHandleStandardArgs.cmake:438 (message):
[0.366s]   The package name passed to `find_package_handle_standard_args` (PCL_APPS)
[0.366s]   does not match the name of the calling package (PCL).  This can lead to
[0.366s]   problems in calling code that expects `find_package` result variables
[0.366s]   (e.g., `_FOUND`) to follow a certain pattern.
[0.366s] Call Stack (most recent call first):
[0.366s]   /usr/lib/x86_64-linux-gnu/cmake/pcl/PCLConfig.cmake:616 (find_package_handle_standard_args)
[0.366s]   CMakeLists.txt:119 (find_package)
[0.366s] This warning is for project developers.  Use -Wno-dev to suppress it.
[0.366s] 
[0.366s] -- looking for PCL_IN_HAND_SCANNER
[0.366s] -- looking for PCL_POINT_CLOUD_EDITOR
[0.366s] -- looking for PCL_OUTOFCORE
[0.366s] -- looking for PCL_PEOPLE
[0.366s] CMake Warning (dev) at /usr/share/cmake-3.22/Modules/FindPackageHandleStandardArgs.cmake:438 (message):
[0.366s]   The package name passed to `find_package_handle_standard_args`
[0.367s]   (PCL_IN_HAND_SCANNER) does not match the name of the calling package (PCL).
[0.367s]   This can lead to problems in calling code that expects `find_package`
[0.367s]   result variables (e.g., `_FOUND`) to follow a certain pattern.
[0.367s] Call Stack (most recent call first):
[0.367s]   /usr/lib/x86_64-linux-gnu/cmake/pcl/PCLConfig.cmake:619 (find_package_handle_standard_args)
[0.367s]   CMakeLists.txt:119 (find_package)
[0.367s] This warning is for project developers.  Use -Wno-dev to suppress it.
[0.367s] 
[0.367s] CMake Warning (dev) at /usr/share/cmake-3.22/Modules/FindPackageHandleStandardArgs.cmake:438 (message):
[0.367s]   The package name passed to `find_package_handle_standard_args`
[0.367s]   (PCL_POINT_CLOUD_EDITOR) does not match the name of the calling package
[0.367s]   (PCL).  This can lead to problems in calling code that expects
[0.367s]   `find_package` result variables (e.g., `_FOUND`) to follow a certain
[0.367s]   pattern.
[0.367s] Call Stack (most recent call first):
[0.367s]   /usr/lib/x86_64-linux-gnu/cmake/pcl/PCLConfig.cmake:619 (find_package_handle_standard_args)
[0.367s]   CMakeLists.txt:119 (find_package)
[0.367s] This warning is for project developers.  Use -Wno-dev to suppress it.
[0.367s] 
[0.367s] CMake Warning (dev) at /usr/share/cmake-3.22/Modules/FindPackageHandleStandardArgs.cmake:438 (message):
[0.367s]   The package name passed to `find_package_handle_standard_args`
[0.367s]   (PCL_OUTOFCORE) does not match the name of the calling package (PCL).  This
[0.367s]   can lead to problems in calling code that expects `find_package` result
[0.367s]   variables (e.g., `_FOUND`) to follow a certain pattern.
[0.367s] Call Stack (most recent call first):
[0.367s]   /usr/lib/x86_64-linux-gnu/cmake/pcl/PCLConfig.cmake:616 (find_package_handle_standard_args)
[0.367s]   CMakeLists.txt:119 (find_package)
[0.367s] This warning is for project developers.  Use -Wno-dev to suppress it.
[0.367s] 
[0.367s] CMake Warning (dev) at /usr/share/cmake-3.22/Modules/FindPackageHandleStandardArgs.cmake:438 (message):
[0.367s]   The package name passed to `find_package_handle_standard_args` (PCL_PEOPLE)
[0.367s]   does not match the name of the calling package (PCL).  This can lead to
[0.367s]   problems in calling code that expects `find_package` result variables
[0.367s]   (e.g., `_FOUND`) to follow a certain pattern.
[0.367s] Call Stack (most recent call first):
[0.367s]   /usr/lib/x86_64-linux-gnu/cmake/pcl/PCLConfig.cmake:616 (find_package_handle_standard_args)
[0.368s]   CMakeLists.txt:119 (find_package)
[0.368s] This warning is for project developers.  Use -Wno-dev to suppress it.
[0.368s] 
[0.368s] -- Found actionlib_msgs: 4.2.3 (/opt/ros/humble/share/actionlib_msgs/cmake)
[0.700s] -- Found rosgraph_msgs: 1.2.1 (/opt/ros/humble/share/rosgraph_msgs/cmake)
[1.534s] -- Found nav_msgs: 4.2.3 (/opt/ros/humble/share/nav_msgs/cmake)
[1.578s] -- Found rclcpp: 16.0.8 (/opt/ros/humble/share/rclcpp/cmake)
[1.604s] -- Found rmw_implementation_cmake: 6.1.1 (/opt/ros/humble/share/rmw_implementation_cmake/cmake)
[1.605s] -- Found rmw_fastrtps_cpp: 6.2.6 (/opt/ros/humble/share/rmw_fastrtps_cpp/cmake)
[1.683s] -- Using RMW implementation 'rmw_fastrtps_cpp' as default
[1.745s] -- Found tf2: 0.25.6 (/opt/ros/humble/share/tf2/cmake)
[1.758s] CMake Error at CMakeLists.txt:125 (find_package):
[1.758s]   By not providing "Find1.7.cmake" in CMAKE_MODULE_PATH this project has
[1.758s]   asked CMake to find a package configuration file provided by "1.7", but
[1.758s]   CMake did not find one.
[1.758s] 
[1.758s]   Could not find a package configuration file provided by "1.7" with any of
[1.758s]   the following names:
[1.758s] 
[1.758s]     1.7Config.cmake
[1.758s]     1.7-config.cmake
[1.758s] 
[1.759s]   Add the installation prefix of "1.7" to CMAKE_PREFIX_PATH or set "1.7_DIR"
[1.759s]   to a directory containing one of the above files.  If "1.7" provides a
[1.759s]   separate development package or SDK, be sure it has been installed.
[1.759s] 
[1.759s] 
[1.759s] -- Configuring incomplete, errors occurred!
[1.759s] See also "/home/ahmo030/ros2-migration/arena/arena-rosnav/utils/ros/rosnodes/spacial_horizon/build/spacial_horizon/CMakeFiles/CMakeOutput.log".
[1.764s] Invoked command in '/home/ahmo030/ros2-migration/arena/arena-rosnav/utils/ros/rosnodes/spacial_horizon/build/spacial_horizon' returned '1': CMAKE_PREFIX_PATH=/opt/ros/humble:${CMAKE_PREFIX_PATH} /usr/bin/cmake /home/ahmo030/ros2-migration/arena/arena-rosnav/utils/ros/rosnodes/spacial_horizon -DCMAKE_INSTALL_PREFIX=/home/ahmo030/ros2-migration/arena/arena-rosnav/utils/ros/rosnodes/spacial_horizon/install/spacial_horizon
