[0.006s] Invoking command in '/home/ahmo030/ros2-migration/arena/arena-rosnav/utils/ros/rosnodes/map_clock_simulator/build/map_clock_simulator': /usr/bin/cmake --build /home/ahmo030/ros2-migration/arena/arena-rosnav/utils/ros/rosnodes/map_clock_simulator/build/map_clock_simulator -- -j16 -l16
[0.022s] Invoked command in '/home/ahmo030/ros2-migration/arena/arena-rosnav/utils/ros/rosnodes/map_clock_simulator/build/map_clock_simulator' returned '0': /usr/bin/cmake --build /home/ahmo030/ros2-migration/arena/arena-rosnav/utils/ros/rosnodes/map_clock_simulator/build/map_clock_simulator -- -j16 -l16
[0.065s] Invoking command in '/home/ahmo030/ros2-migration/arena/arena-rosnav/utils/ros/rosnodes/map_clock_simulator/build/map_clock_simulator': /usr/bin/cmake --install /home/ahmo030/ros2-migration/arena/arena-rosnav/utils/ros/rosnodes/map_clock_simulator/build/map_clock_simulator
[0.071s] -- Install configuration: ""
[0.071s] -- Up-to-date: /home/ahmo030/ros2-migration/arena/arena-rosnav/utils/ros/rosnodes/map_clock_simulator/install/map_clock_simulator/share/ament_index/resource_index/package_run_dependencies/map_clock_simulator
[0.071s] -- Up-to-date: /home/ahmo030/ros2-migration/arena/arena-rosnav/utils/ros/rosnodes/map_clock_simulator/install/map_clock_simulator/share/ament_index/resource_index/parent_prefix_path/map_clock_simulator
[0.071s] -- Up-to-date: /home/ahmo030/ros2-migration/arena/arena-rosnav/utils/ros/rosnodes/map_clock_simulator/install/map_clock_simulator/share/map_clock_simulator/environment/ament_prefix_path.sh
[0.071s] -- Up-to-date: /home/ahmo030/ros2-migration/arena/arena-rosnav/utils/ros/rosnodes/map_clock_simulator/install/map_clock_simulator/share/map_clock_simulator/environment/ament_prefix_path.dsv
[0.071s] -- Up-to-date: /home/ahmo030/ros2-migration/arena/arena-rosnav/utils/ros/rosnodes/map_clock_simulator/install/map_clock_simulator/share/map_clock_simulator/environment/path.sh
[0.071s] -- Up-to-date: /home/ahmo030/ros2-migration/arena/arena-rosnav/utils/ros/rosnodes/map_clock_simulator/install/map_clock_simulator/share/map_clock_simulator/environment/path.dsv
[0.071s] -- Up-to-date: /home/ahmo030/ros2-migration/arena/arena-rosnav/utils/ros/rosnodes/map_clock_simulator/install/map_clock_simulator/share/map_clock_simulator/local_setup.bash
[0.071s] -- Up-to-date: /home/ahmo030/ros2-migration/arena/arena-rosnav/utils/ros/rosnodes/map_clock_simulator/install/map_clock_simulator/share/map_clock_simulator/local_setup.sh
[0.071s] -- Up-to-date: /home/ahmo030/ros2-migration/arena/arena-rosnav/utils/ros/rosnodes/map_clock_simulator/install/map_clock_simulator/share/map_clock_simulator/local_setup.zsh
[0.071s] -- Up-to-date: /home/ahmo030/ros2-migration/arena/arena-rosnav/utils/ros/rosnodes/map_clock_simulator/install/map_clock_simulator/share/map_clock_simulator/local_setup.dsv
[0.071s] -- Installing: /home/ahmo030/ros2-migration/arena/arena-rosnav/utils/ros/rosnodes/map_clock_simulator/install/map_clock_simulator/share/map_clock_simulator/package.dsv
[0.071s] -- Up-to-date: /home/ahmo030/ros2-migration/arena/arena-rosnav/utils/ros/rosnodes/map_clock_simulator/install/map_clock_simulator/share/ament_index/resource_index/packages/map_clock_simulator
[0.071s] -- Up-to-date: /home/ahmo030/ros2-migration/arena/arena-rosnav/utils/ros/rosnodes/map_clock_simulator/install/map_clock_simulator/share/map_clock_simulator/cmake/map_clock_simulatorConfig.cmake
[0.071s] -- Up-to-date: /home/ahmo030/ros2-migration/arena/arena-rosnav/utils/ros/rosnodes/map_clock_simulator/install/map_clock_simulator/share/map_clock_simulator/cmake/map_clock_simulatorConfig-version.cmake
[0.071s] -- Up-to-date: /home/ahmo030/ros2-migration/arena/arena-rosnav/utils/ros/rosnodes/map_clock_simulator/install/map_clock_simulator/share/map_clock_simulator/package.xml
[0.071s] Invoked command in '/home/ahmo030/ros2-migration/arena/arena-rosnav/utils/ros/rosnodes/map_clock_simulator/build/map_clock_simulator' returned '0': /usr/bin/cmake --install /home/ahmo030/ros2-migration/arena/arena-rosnav/utils/ros/rosnodes/map_clock_simulator/build/map_clock_simulator
