[0.076s] DEBUG:colcon:Command line arguments: ['/home/ahmo030/.local/bin/colcon', 'build', '--packages-select', 'move_base_flex']
[0.076s] DEBUG:colcon:Parsed command line arguments: Namespace(log_base=None, log_level=None, verb_name='build', build_base='build', install_base='install', merge_install=False, symlink_install=False, test_result_base=None, continue_on_error=False, executor='parallel', parallel_workers=16, event_handlers=None, ignore_user_meta=False, metas=['./colcon.meta'], base_paths=['.'], packages_ignore=None, packages_ignore_regex=None, paths=None, packages_up_to=None, packages_up_to_regex=None, packages_above=None, packages_above_and_dependencies=None, packages_above_depth=None, packages_select_by_dep=None, packages_skip_by_dep=None, packages_skip_up_to=None, packages_select_build_failed=False, packages_skip_build_finished=False, packages_select_test_failures=False, packages_skip_test_passed=False, packages_select=['move_base_flex'], packages_skip=None, packages_select_regex=None, packages_skip_regex=None, packages_start=None, packages_end=None, cmake_args=None, cmake_target=None, cmake_target_skip_unavailable=False, cmake_clean_cache=False, cmake_clean_first=False, cmake_force_configure=False, ament_cmake_args=None, catkin_cmake_args=None, catkin_skip_building_tests=False, verb_parser=<colcon_defaults.argument_parser.defaults.DefaultArgumentsDecorator object at 0x7f5ee0b34ee0>, verb_extension=<colcon_core.verb.build.BuildVerb object at 0x7f5ee0c31a50>, main=<bound method BuildVerb.main of <colcon_core.verb.build.BuildVerb object at 0x7f5ee0c31a50>>)
[0.218s] Level 1:colcon.colcon_core.package_discovery:discover_packages(colcon_meta) check parameters
[0.218s] Level 1:colcon.colcon_core.package_discovery:discover_packages(recursive) check parameters
[0.218s] Level 1:colcon.colcon_core.package_discovery:discover_packages(ignore) check parameters
[0.218s] Level 1:colcon.colcon_core.package_discovery:discover_packages(path) check parameters
[0.218s] Level 1:colcon.colcon_core.package_discovery:discover_packages(colcon_meta) discover
[0.218s] Level 1:colcon.colcon_core.package_discovery:discover_packages(recursive) discover
[0.218s] INFO:colcon.colcon_core.package_discovery:Crawling recursively for packages in '/home/ahmo030/ros2-migration/arena/utils/move_base_flex'
[0.218s] Level 1:colcon.colcon_core.package_identification:_identify(.) by extensions ['ignore', 'ignore_ament_install']
[0.218s] Level 1:colcon.colcon_core.package_identification:_identify(.) by extension 'ignore'
[0.218s] Level 1:colcon.colcon_core.package_identification:_identify(.) by extension 'ignore_ament_install'
[0.218s] Level 1:colcon.colcon_core.package_identification:_identify(.) by extensions ['colcon_pkg']
[0.218s] Level 1:colcon.colcon_core.package_identification:_identify(.) by extension 'colcon_pkg'
[0.218s] Level 1:colcon.colcon_core.package_identification:_identify(.) by extensions ['colcon_meta']
[0.218s] Level 1:colcon.colcon_core.package_identification:_identify(.) by extension 'colcon_meta'
[0.218s] Level 1:colcon.colcon_core.package_identification:_identify(.) by extensions ['ros']
[0.218s] Level 1:colcon.colcon_core.package_identification:_identify(.) by extension 'ros'
[0.232s] DEBUG:colcon.colcon_core.package_identification:Package '.' with type 'ros.ament_cmake' and name 'move_base_flex'
[0.233s] Level 1:colcon.colcon_core.package_discovery:discover_packages(recursive) using defaults
[0.233s] Level 1:colcon.colcon_core.package_discovery:discover_packages(ignore) discover
[0.233s] Level 1:colcon.colcon_core.package_discovery:discover_packages(ignore) using defaults
[0.233s] Level 1:colcon.colcon_core.package_discovery:discover_packages(path) discover
[0.233s] Level 1:colcon.colcon_core.package_discovery:discover_packages(path) using defaults
[0.243s] Level 5:colcon.colcon_core.verb:set package 'move_base_flex' build argument 'cmake_args' from command line to 'None'
[0.243s] Level 5:colcon.colcon_core.verb:set package 'move_base_flex' build argument 'cmake_target' from command line to 'None'
[0.243s] Level 5:colcon.colcon_core.verb:set package 'move_base_flex' build argument 'cmake_target_skip_unavailable' from command line to 'False'
[0.243s] Level 5:colcon.colcon_core.verb:set package 'move_base_flex' build argument 'cmake_clean_cache' from command line to 'False'
[0.243s] Level 5:colcon.colcon_core.verb:set package 'move_base_flex' build argument 'cmake_clean_first' from command line to 'False'
[0.243s] Level 5:colcon.colcon_core.verb:set package 'move_base_flex' build argument 'cmake_force_configure' from command line to 'False'
[0.243s] Level 5:colcon.colcon_core.verb:set package 'move_base_flex' build argument 'ament_cmake_args' from command line to 'None'
[0.243s] Level 5:colcon.colcon_core.verb:set package 'move_base_flex' build argument 'catkin_cmake_args' from command line to 'None'
[0.243s] Level 5:colcon.colcon_core.verb:set package 'move_base_flex' build argument 'catkin_skip_building_tests' from command line to 'False'
[0.243s] DEBUG:colcon.colcon_core.verb:Building package 'move_base_flex' with the following arguments: {'ament_cmake_args': None, 'build_base': '/home/ahmo030/ros2-migration/arena/utils/move_base_flex/build/move_base_flex', 'catkin_cmake_args': None, 'catkin_skip_building_tests': False, 'cmake_args': None, 'cmake_clean_cache': False, 'cmake_clean_first': False, 'cmake_force_configure': False, 'cmake_target': None, 'cmake_target_skip_unavailable': False, 'install_base': '/home/ahmo030/ros2-migration/arena/utils/move_base_flex/install/move_base_flex', 'merge_install': False, 'path': '/home/ahmo030/ros2-migration/arena/utils/move_base_flex', 'symlink_install': False, 'test_result_base': None}
[0.243s] INFO:colcon.colcon_core.executor:Executing jobs using 'parallel' executor
[0.244s] DEBUG:colcon.colcon_parallel_executor.executor.parallel:run_until_complete
[0.244s] INFO:colcon.colcon_ros.task.ament_cmake.build:Building ROS package in '/home/ahmo030/ros2-migration/arena/utils/move_base_flex' with build type 'ament_cmake'
[0.244s] INFO:colcon.colcon_cmake.task.cmake.build:Building CMake package in '/home/ahmo030/ros2-migration/arena/utils/move_base_flex'
[0.245s] INFO:colcon.colcon_core.plugin_system:Skipping extension 'colcon_core.shell.bat': Not used on non-Windows systems
[0.245s] INFO:colcon.colcon_core.shell:Skip shell extension 'powershell' for command environment: Not usable outside of PowerShell
[0.245s] DEBUG:colcon.colcon_core.shell:Skip shell extension 'dsv' for command environment
[0.246s] WARNING:colcon.colcon_ros.prefix_path.catkin:The path '/home/ahmo030/arena_ws/devel' in the environment variable CMAKE_PREFIX_PATH seems to be a catkin workspace but it doesn't contain any 'local_setup.*' files. Maybe the catkin version is not up-to-date?
[0.247s] DEBUG:colcon.colcon_core.shell:Ignoring prefix path '/home/ahmo030/packages_ws/devel'
[0.250s] DEBUG:colcon.colcon_core.event_handler.log_command:Invoking command in '/home/ahmo030/ros2-migration/arena/utils/move_base_flex/build/move_base_flex': CMAKE_PREFIX_PATH=/opt/ros/humble:${CMAKE_PREFIX_PATH} /usr/bin/cmake --build /home/ahmo030/ros2-migration/arena/utils/move_base_flex/build/move_base_flex -- -j16 -l16
[0.266s] DEBUG:colcon.colcon_core.event_handler.log_command:Invoked command in '/home/ahmo030/ros2-migration/arena/utils/move_base_flex/build/move_base_flex' returned '0': CMAKE_PREFIX_PATH=/opt/ros/humble:${CMAKE_PREFIX_PATH} /usr/bin/cmake --build /home/ahmo030/ros2-migration/arena/utils/move_base_flex/build/move_base_flex -- -j16 -l16
[0.287s] DEBUG:colcon.colcon_core.event_handler.log_command:Invoking command in '/home/ahmo030/ros2-migration/arena/utils/move_base_flex/build/move_base_flex': CMAKE_PREFIX_PATH=/opt/ros/humble:${CMAKE_PREFIX_PATH} /usr/bin/cmake --install /home/ahmo030/ros2-migration/arena/utils/move_base_flex/build/move_base_flex
[0.294s] Level 1:colcon.colcon_core.environment:create_environment_scripts_only(move_base_flex)
[0.295s] DEBUG:colcon.colcon_core.event_handler.log_command:Invoked command in '/home/ahmo030/ros2-migration/arena/utils/move_base_flex/build/move_base_flex' returned '0': CMAKE_PREFIX_PATH=/opt/ros/humble:${CMAKE_PREFIX_PATH} /usr/bin/cmake --install /home/ahmo030/ros2-migration/arena/utils/move_base_flex/build/move_base_flex
[0.297s] Level 1:colcon.colcon_core.environment:checking '/home/ahmo030/ros2-migration/arena/utils/move_base_flex/install/move_base_flex' for CMake module files
[0.297s] Level 1:colcon.colcon_core.environment:checking '/home/ahmo030/ros2-migration/arena/utils/move_base_flex/install/move_base_flex' for CMake config files
[0.297s] Level 1:colcon.colcon_core.shell:create_environment_hook('move_base_flex', 'cmake_prefix_path')
[0.297s] INFO:colcon.colcon_core.shell:Creating environment hook '/home/ahmo030/ros2-migration/arena/utils/move_base_flex/install/move_base_flex/share/move_base_flex/hook/cmake_prefix_path.ps1'
[0.297s] INFO:colcon.colcon_core.shell:Creating environment descriptor '/home/ahmo030/ros2-migration/arena/utils/move_base_flex/install/move_base_flex/share/move_base_flex/hook/cmake_prefix_path.dsv'
[0.298s] INFO:colcon.colcon_core.shell:Creating environment hook '/home/ahmo030/ros2-migration/arena/utils/move_base_flex/install/move_base_flex/share/move_base_flex/hook/cmake_prefix_path.sh'
[0.298s] Level 1:colcon.colcon_core.environment:checking '/home/ahmo030/ros2-migration/arena/utils/move_base_flex/install/move_base_flex/bin'
[0.298s] Level 1:colcon.colcon_core.environment:checking '/home/ahmo030/ros2-migration/arena/utils/move_base_flex/install/move_base_flex/lib/pkgconfig/move_base_flex.pc'
[0.299s] Level 1:colcon.colcon_core.environment:checking '/home/ahmo030/ros2-migration/arena/utils/move_base_flex/install/move_base_flex/lib/python3.10/site-packages'
[0.299s] Level 1:colcon.colcon_core.environment:checking '/home/ahmo030/ros2-migration/arena/utils/move_base_flex/install/move_base_flex/bin'
[0.299s] INFO:colcon.colcon_core.shell:Creating package script '/home/ahmo030/ros2-migration/arena/utils/move_base_flex/install/move_base_flex/share/move_base_flex/package.ps1'
[0.300s] INFO:colcon.colcon_core.shell:Creating package descriptor '/home/ahmo030/ros2-migration/arena/utils/move_base_flex/install/move_base_flex/share/move_base_flex/package.dsv'
[0.300s] INFO:colcon.colcon_core.shell:Creating package script '/home/ahmo030/ros2-migration/arena/utils/move_base_flex/install/move_base_flex/share/move_base_flex/package.sh'
[0.300s] INFO:colcon.colcon_core.shell:Creating package script '/home/ahmo030/ros2-migration/arena/utils/move_base_flex/install/move_base_flex/share/move_base_flex/package.bash'
[0.301s] INFO:colcon.colcon_core.shell:Creating package script '/home/ahmo030/ros2-migration/arena/utils/move_base_flex/install/move_base_flex/share/move_base_flex/package.zsh'
[0.301s] Level 1:colcon.colcon_core.environment:create_file_with_runtime_dependencies(/home/ahmo030/ros2-migration/arena/utils/move_base_flex/install/move_base_flex/share/colcon-core/packages/move_base_flex)
[0.322s] Level 1:colcon.colcon_core.environment:create_environment_scripts_only(move_base_flex)
[0.322s] Level 1:colcon.colcon_core.environment:checking '/home/ahmo030/ros2-migration/arena/utils/move_base_flex/install/move_base_flex' for CMake module files
[0.323s] Level 1:colcon.colcon_core.environment:checking '/home/ahmo030/ros2-migration/arena/utils/move_base_flex/install/move_base_flex' for CMake config files
[0.323s] Level 1:colcon.colcon_core.shell:create_environment_hook('move_base_flex', 'cmake_prefix_path')
[0.324s] INFO:colcon.colcon_core.shell:Creating environment hook '/home/ahmo030/ros2-migration/arena/utils/move_base_flex/install/move_base_flex/share/move_base_flex/hook/cmake_prefix_path.ps1'
[0.324s] INFO:colcon.colcon_core.shell:Creating environment descriptor '/home/ahmo030/ros2-migration/arena/utils/move_base_flex/install/move_base_flex/share/move_base_flex/hook/cmake_prefix_path.dsv'
[0.325s] INFO:colcon.colcon_core.shell:Creating environment hook '/home/ahmo030/ros2-migration/arena/utils/move_base_flex/install/move_base_flex/share/move_base_flex/hook/cmake_prefix_path.sh'
[0.326s] Level 1:colcon.colcon_core.environment:checking '/home/ahmo030/ros2-migration/arena/utils/move_base_flex/install/move_base_flex/bin'
[0.326s] Level 1:colcon.colcon_core.environment:checking '/home/ahmo030/ros2-migration/arena/utils/move_base_flex/install/move_base_flex/lib/pkgconfig/move_base_flex.pc'
[0.326s] Level 1:colcon.colcon_core.environment:checking '/home/ahmo030/ros2-migration/arena/utils/move_base_flex/install/move_base_flex/lib/python3.10/site-packages'
[0.327s] Level 1:colcon.colcon_core.environment:checking '/home/ahmo030/ros2-migration/arena/utils/move_base_flex/install/move_base_flex/bin'
[0.327s] INFO:colcon.colcon_core.shell:Creating package script '/home/ahmo030/ros2-migration/arena/utils/move_base_flex/install/move_base_flex/share/move_base_flex/package.ps1'
[0.328s] INFO:colcon.colcon_core.shell:Creating package descriptor '/home/ahmo030/ros2-migration/arena/utils/move_base_flex/install/move_base_flex/share/move_base_flex/package.dsv'
[0.329s] INFO:colcon.colcon_core.shell:Creating package script '/home/ahmo030/ros2-migration/arena/utils/move_base_flex/install/move_base_flex/share/move_base_flex/package.sh'
[0.329s] INFO:colcon.colcon_core.shell:Creating package script '/home/ahmo030/ros2-migration/arena/utils/move_base_flex/install/move_base_flex/share/move_base_flex/package.bash'
[0.330s] INFO:colcon.colcon_core.shell:Creating package script '/home/ahmo030/ros2-migration/arena/utils/move_base_flex/install/move_base_flex/share/move_base_flex/package.zsh'
[0.330s] Level 1:colcon.colcon_core.environment:create_file_with_runtime_dependencies(/home/ahmo030/ros2-migration/arena/utils/move_base_flex/install/move_base_flex/share/colcon-core/packages/move_base_flex)
[0.330s] DEBUG:colcon.colcon_parallel_executor.executor.parallel:closing loop
[0.331s] DEBUG:colcon.colcon_parallel_executor.executor.parallel:loop closed
[0.331s] DEBUG:colcon.colcon_parallel_executor.executor.parallel:run_until_complete finished with '0'
[0.331s] DEBUG:colcon.colcon_core.event_reactor:joining thread
[0.336s] INFO:colcon.colcon_core.plugin_system:Skipping extension 'colcon_notification.desktop_notification.terminal_notifier': Not used on non-Darwin systems
[0.336s] INFO:colcon.colcon_core.plugin_system:Skipping extension 'colcon_notification.desktop_notification.win32': Not used on non-Windows systems
[0.336s] INFO:colcon.colcon_notification.desktop_notification:Sending desktop notification using 'notify2'
[0.341s] DEBUG:colcon.colcon_core.event_reactor:joined thread
[0.341s] INFO:colcon.colcon_core.shell:Creating prefix script '/home/ahmo030/ros2-migration/arena/utils/move_base_flex/install/local_setup.ps1'
[0.342s] INFO:colcon.colcon_core.shell:Creating prefix util module '/home/ahmo030/ros2-migration/arena/utils/move_base_flex/install/_local_setup_util_ps1.py'
[0.343s] INFO:colcon.colcon_core.shell:Creating prefix chain script '/home/ahmo030/ros2-migration/arena/utils/move_base_flex/install/setup.ps1'
[0.344s] INFO:colcon.colcon_core.shell:Creating prefix script '/home/ahmo030/ros2-migration/arena/utils/move_base_flex/install/local_setup.sh'
[0.344s] INFO:colcon.colcon_core.shell:Creating prefix util module '/home/ahmo030/ros2-migration/arena/utils/move_base_flex/install/_local_setup_util_sh.py'
[0.345s] INFO:colcon.colcon_core.shell:Creating prefix chain script '/home/ahmo030/ros2-migration/arena/utils/move_base_flex/install/setup.sh'
[0.345s] INFO:colcon.colcon_core.shell:Creating prefix script '/home/ahmo030/ros2-migration/arena/utils/move_base_flex/install/local_setup.bash'
[0.346s] INFO:colcon.colcon_core.shell:Creating prefix chain script '/home/ahmo030/ros2-migration/arena/utils/move_base_flex/install/setup.bash'
[0.346s] INFO:colcon.colcon_core.shell:Creating prefix script '/home/ahmo030/ros2-migration/arena/utils/move_base_flex/install/local_setup.zsh'
[0.347s] INFO:colcon.colcon_core.shell:Creating prefix chain script '/home/ahmo030/ros2-migration/arena/utils/move_base_flex/install/setup.zsh'
