[0.112s] DEBUG:colcon:Command line arguments: ['/usr/bin/colcon', 'build']
[0.112s] DEBUG:colcon:Parsed command line arguments: Namespace(log_base=None, log_level=None, verb_name='build', build_base='build', install_base='install', merge_install=False, symlink_install=False, test_result_base=None, continue_on_error=False, executor='parallel', parallel_workers=8, event_handlers=None, ignore_user_meta=False, metas=['./colcon.meta'], base_paths=['.'], packages_ignore=None, packages_ignore_regex=None, paths=None, packages_up_to=None, packages_up_to_regex=None, packages_above=None, packages_above_and_dependencies=None, packages_above_depth=None, packages_select_by_dep=None, packages_skip_by_dep=None, packages_skip_up_to=None, packages_select_build_failed=False, packages_skip_build_finished=False, packages_select_test_failures=False, packages_skip_test_passed=False, packages_select=None, packages_skip=None, packages_select_regex=None, packages_skip_regex=None, packages_start=None, packages_end=None, allow_overriding=[], cmake_args=None, cmake_target=None, cmake_target_skip_unavailable=False, cmake_clean_cache=False, cmake_clean_first=False, cmake_force_configure=False, ament_cmake_args=None, catkin_cmake_args=None, catkin_skip_building_tests=False, verb_parser=<colcon_defaults.argument_parser.defaults.DefaultArgumentsDecorator object at 0x7fd5b03f3940>, verb_extension=<colcon_core.verb.build.BuildVerb object at 0x7fd5b033c580>, main=<bound method BuildVerb.main of <colcon_core.verb.build.BuildVerb object at 0x7fd5b033c580>>)
[0.156s] Level 1:colcon.colcon_core.package_discovery:discover_packages(colcon_meta) check parameters
[0.156s] Level 1:colcon.colcon_core.package_discovery:discover_packages(recursive) check parameters
[0.156s] Level 1:colcon.colcon_core.package_discovery:discover_packages(ignore) check parameters
[0.156s] Level 1:colcon.colcon_core.package_discovery:discover_packages(path) check parameters
[0.156s] Level 1:colcon.colcon_core.package_discovery:discover_packages(colcon_meta) discover
[0.156s] Level 1:colcon.colcon_core.package_discovery:discover_packages(recursive) discover
[0.156s] INFO:colcon.colcon_core.package_discovery:Crawling recursively for packages in '/ros2-migration/arena/arena-rosnav/utils/misc/mapping'
[0.156s] Level 1:colcon.colcon_core.package_identification:_identify(.) by extensions ['ignore', 'ignore_ament_install']
[0.157s] Level 1:colcon.colcon_core.package_identification:_identify(.) by extension 'ignore'
[0.157s] Level 1:colcon.colcon_core.package_identification:_identify(.) by extension 'ignore_ament_install'
[0.157s] Level 1:colcon.colcon_core.package_identification:_identify(.) by extensions ['colcon_pkg']
[0.157s] Level 1:colcon.colcon_core.package_identification:_identify(.) by extension 'colcon_pkg'
[0.157s] Level 1:colcon.colcon_core.package_identification:_identify(.) by extensions ['colcon_meta']
[0.157s] Level 1:colcon.colcon_core.package_identification:_identify(.) by extension 'colcon_meta'
[0.157s] Level 1:colcon.colcon_core.package_identification:_identify(.) by extensions ['ros']
[0.157s] Level 1:colcon.colcon_core.package_identification:_identify(.) by extension 'ros'
[0.175s] DEBUG:colcon.colcon_core.package_identification:Package '.' with type 'ros.ament_cmake' and name 'mapping'
[0.175s] Level 1:colcon.colcon_core.package_discovery:discover_packages(recursive) using defaults
[0.175s] Level 1:colcon.colcon_core.package_discovery:discover_packages(ignore) discover
[0.176s] Level 1:colcon.colcon_core.package_discovery:discover_packages(ignore) using defaults
[0.176s] Level 1:colcon.colcon_core.package_discovery:discover_packages(path) discover
[0.176s] Level 1:colcon.colcon_core.package_discovery:discover_packages(path) using defaults
[0.196s] Level 1:colcon.colcon_core.package_discovery:discover_packages(prefix_path) check parameters
[0.196s] Level 1:colcon.colcon_core.package_discovery:discover_packages(prefix_path) discover
[0.199s] DEBUG:colcon.colcon_installed_package_information.package_discovery:Found 279 installed packages in /opt/ros/humble
[0.200s] Level 1:colcon.colcon_core.package_discovery:discover_packages(prefix_path) using defaults
[0.237s] Level 5:colcon.colcon_core.verb:set package 'mapping' build argument 'cmake_args' from command line to 'None'
[0.237s] Level 5:colcon.colcon_core.verb:set package 'mapping' build argument 'cmake_target' from command line to 'None'
[0.237s] Level 5:colcon.colcon_core.verb:set package 'mapping' build argument 'cmake_target_skip_unavailable' from command line to 'False'
[0.237s] Level 5:colcon.colcon_core.verb:set package 'mapping' build argument 'cmake_clean_cache' from command line to 'False'
[0.237s] Level 5:colcon.colcon_core.verb:set package 'mapping' build argument 'cmake_clean_first' from command line to 'False'
[0.237s] Level 5:colcon.colcon_core.verb:set package 'mapping' build argument 'cmake_force_configure' from command line to 'False'
[0.237s] Level 5:colcon.colcon_core.verb:set package 'mapping' build argument 'ament_cmake_args' from command line to 'None'
[0.237s] Level 5:colcon.colcon_core.verb:set package 'mapping' build argument 'catkin_cmake_args' from command line to 'None'
[0.237s] Level 5:colcon.colcon_core.verb:set package 'mapping' build argument 'catkin_skip_building_tests' from command line to 'False'
[0.237s] DEBUG:colcon.colcon_core.verb:Building package 'mapping' with the following arguments: {'ament_cmake_args': None, 'build_base': '/ros2-migration/arena/arena-rosnav/utils/misc/mapping/build/mapping', 'catkin_cmake_args': None, 'catkin_skip_building_tests': False, 'cmake_args': None, 'cmake_clean_cache': False, 'cmake_clean_first': False, 'cmake_force_configure': False, 'cmake_target': None, 'cmake_target_skip_unavailable': False, 'install_base': '/ros2-migration/arena/arena-rosnav/utils/misc/mapping/install/mapping', 'merge_install': False, 'path': '/ros2-migration/arena/arena-rosnav/utils/misc/mapping', 'symlink_install': False, 'test_result_base': None}
[0.238s] INFO:colcon.colcon_core.executor:Executing jobs using 'parallel' executor
[0.238s] DEBUG:colcon.colcon_parallel_executor.executor.parallel:run_until_complete
[0.238s] INFO:colcon.colcon_ros.task.ament_cmake.build:Building ROS package in '/ros2-migration/arena/arena-rosnav/utils/misc/mapping' with build type 'ament_cmake'
[0.238s] INFO:colcon.colcon_cmake.task.cmake.build:Building CMake package in '/ros2-migration/arena/arena-rosnav/utils/misc/mapping'
[0.240s] INFO:colcon.colcon_core.plugin_system:Skipping extension 'colcon_core.shell.bat': Not used on non-Windows systems
[0.240s] INFO:colcon.colcon_core.shell:Skip shell extension 'powershell' for command environment: Not usable outside of PowerShell
[0.240s] DEBUG:colcon.colcon_core.shell:Skip shell extension 'dsv' for command environment
[0.247s] DEBUG:colcon.colcon_core.event_handler.log_command:Invoking command in '/ros2-migration/arena/arena-rosnav/utils/misc/mapping/build/mapping': CMAKE_PREFIX_PATH=/opt/ros/humble /usr/bin/cmake --build /ros2-migration/arena/arena-rosnav/utils/misc/mapping/build/mapping -- -j8 -l8
[7.661s] DEBUG:colcon.colcon_core.event_handler.log_command:Invoked command in '/ros2-migration/arena/arena-rosnav/utils/misc/mapping/build/mapping' returned '2': CMAKE_PREFIX_PATH=/opt/ros/humble /usr/bin/cmake --build /ros2-migration/arena/arena-rosnav/utils/misc/mapping/build/mapping -- -j8 -l8
[7.680s] Level 1:colcon.colcon_core.environment:create_environment_scripts_only(mapping)
[7.683s] Level 1:colcon.colcon_core.environment:checking '/ros2-migration/arena/arena-rosnav/utils/misc/mapping/install/mapping' for CMake module files
[7.683s] Level 1:colcon.colcon_core.environment:checking '/ros2-migration/arena/arena-rosnav/utils/misc/mapping/install/mapping' for CMake config files
[7.683s] Level 1:colcon.colcon_core.environment:checking '/ros2-migration/arena/arena-rosnav/utils/misc/mapping/install/mapping/bin'
[7.684s] Level 1:colcon.colcon_core.environment:checking '/ros2-migration/arena/arena-rosnav/utils/misc/mapping/install/mapping/lib/pkgconfig/mapping.pc'
[7.684s] Level 1:colcon.colcon_core.environment:checking '/ros2-migration/arena/arena-rosnav/utils/misc/mapping/install/mapping/lib/python3.10/site-packages'
[7.684s] Level 1:colcon.colcon_core.environment:checking '/ros2-migration/arena/arena-rosnav/utils/misc/mapping/install/mapping/bin'
[7.684s] INFO:colcon.colcon_core.shell:Creating package script '/ros2-migration/arena/arena-rosnav/utils/misc/mapping/install/mapping/share/mapping/package.ps1'
[7.685s] INFO:colcon.colcon_core.shell:Creating package descriptor '/ros2-migration/arena/arena-rosnav/utils/misc/mapping/install/mapping/share/mapping/package.dsv'
[7.686s] INFO:colcon.colcon_core.shell:Creating package script '/ros2-migration/arena/arena-rosnav/utils/misc/mapping/install/mapping/share/mapping/package.sh'
[7.686s] INFO:colcon.colcon_core.shell:Creating package script '/ros2-migration/arena/arena-rosnav/utils/misc/mapping/install/mapping/share/mapping/package.bash'
[7.687s] INFO:colcon.colcon_core.shell:Creating package script '/ros2-migration/arena/arena-rosnav/utils/misc/mapping/install/mapping/share/mapping/package.zsh'
[7.688s] Level 1:colcon.colcon_core.environment:create_file_with_runtime_dependencies(/ros2-migration/arena/arena-rosnav/utils/misc/mapping/install/mapping/share/colcon-core/packages/mapping)
[7.698s] DEBUG:colcon.colcon_parallel_executor.executor.parallel:closing loop
[7.698s] DEBUG:colcon.colcon_parallel_executor.executor.parallel:loop closed
[7.698s] DEBUG:colcon.colcon_parallel_executor.executor.parallel:run_until_complete finished with '2'
[7.698s] DEBUG:colcon.colcon_core.event_reactor:joining thread
[7.703s] INFO:colcon.colcon_core.plugin_system:Skipping extension 'colcon_notification.desktop_notification.notify_send': Could not find 'notify-send'
[7.703s] INFO:colcon.colcon_core.plugin_system:Skipping extension 'colcon_notification.desktop_notification.terminal_notifier': Not used on non-Darwin systems
[7.703s] INFO:colcon.colcon_core.plugin_system:Skipping extension 'colcon_notification.desktop_notification.win32': Not used on non-Windows systems
[7.703s] INFO:colcon.colcon_notification.desktop_notification:Sending desktop notification using 'notify2'
[7.705s] DEBUG:colcon.colcon_notification.desktop_notification.notify2:Failed to initialize notify2: org.freedesktop.DBus.Error.Spawn.ExecFailed: /usr/bin/dbus-launch terminated abnormally without any error message
[7.706s] DEBUG:colcon.colcon_core.event_reactor:joined thread
[7.706s] INFO:colcon.colcon_core.shell:Creating prefix script '/ros2-migration/arena/arena-rosnav/utils/misc/mapping/install/local_setup.ps1'
[7.707s] INFO:colcon.colcon_core.shell:Creating prefix util module '/ros2-migration/arena/arena-rosnav/utils/misc/mapping/install/_local_setup_util_ps1.py'
[7.709s] INFO:colcon.colcon_core.shell:Creating prefix chain script '/ros2-migration/arena/arena-rosnav/utils/misc/mapping/install/setup.ps1'
[7.710s] INFO:colcon.colcon_core.shell:Creating prefix script '/ros2-migration/arena/arena-rosnav/utils/misc/mapping/install/local_setup.sh'
[7.710s] INFO:colcon.colcon_core.shell:Creating prefix util module '/ros2-migration/arena/arena-rosnav/utils/misc/mapping/install/_local_setup_util_sh.py'
[7.711s] INFO:colcon.colcon_core.shell:Creating prefix chain script '/ros2-migration/arena/arena-rosnav/utils/misc/mapping/install/setup.sh'
[7.711s] INFO:colcon.colcon_core.shell:Creating prefix script '/ros2-migration/arena/arena-rosnav/utils/misc/mapping/install/local_setup.bash'
[7.712s] INFO:colcon.colcon_core.shell:Creating prefix chain script '/ros2-migration/arena/arena-rosnav/utils/misc/mapping/install/setup.bash'
[7.713s] INFO:colcon.colcon_core.shell:Creating prefix script '/ros2-migration/arena/arena-rosnav/utils/misc/mapping/install/local_setup.zsh'
[7.713s] INFO:colcon.colcon_core.shell:Creating prefix chain script '/ros2-migration/arena/arena-rosnav/utils/misc/mapping/install/setup.zsh'
