root - WARNING - 'stddef.h' file not found
root - WARNING - plan_manager/plan_manager.h: declaration_file_name not present
root - WARNING - PLAN_MANAGER_H: declaration_file_name not present
root - WARNING - random: declaration_file_name not present
root - WARNING - Eigen/Eigen: declaration_file_name not present
root - WARNING - iostream: declaration_file_name not present
root - WARNING - vector: declaration_file_name not present
root - WARNING - ros/ros.h: declaration_file_name not present
root - WARNING - geometry_msgs/Pose.h: declaration_file_name not present
root - WARNING - geometry_msgs/PoseStamped.h: declaration_file_name not present
root - WARNING - nav_msgs/Path.h: declaration_file_name not present
root - WARNING - nav_msgs/Odometry.h: declaration_file_name not present
root - WARNING - nav_msgs/GetPlan.h: declaration_file_name not present
root - WARNING - plan_msgs/RobotStateStamped.h: declaration_file_name not present
root - WARNING - visualization_msgs/Marker.h: declaration_file_name not present
root - WARNING - plan_manager/robot_state.h: declaration_file_name not present
root - WARNING - _ROBOT_STATE_H_: declaration_file_name not present
root - WARNING - Eigen/Eigen: declaration_file_name not present
root - WARNING - geometry_msgs/Pose.h: declaration_file_name not present
root - WARNING - nav_msgs/Odometry.h: declaration_file_name not present
root - WARNING - tf2/LinearMath/Matrix3x3.h: declaration_file_name not present
root - WARNING - tf2/LinearMath/Quaternion.h: declaration_file_name not present
root - WARNING - geometry_msgs/Quaternion.h: declaration_file_name not present
root - WARNING - tf/transform_datatypes.h: declaration_file_name not present
root - WARNING - plan_msgs/RobotStateStamped.h: declaration_file_name not present
root - WARNING - plan_msgs/RobotState.h: declaration_file_name not present
root - WARNING - plan_manager/plan_collector.h: declaration_file_name not present
root - WARNING - PLAN_COLLECTOR_H: declaration_file_name not present
root - WARNING - Eigen/Eigen: declaration_file_name not present
root - WARNING - iostream: declaration_file_name not present
root - WARNING - memory: declaration_file_name not present
root - WARNING - ros/ros.h: declaration_file_name not present
root - WARNING - nav_msgs/GetPlan.h: declaration_file_name not present
root - WARNING - nav_msgs/Path.h: declaration_file_name not present
root - WARNING - geometry_msgs/PoseStamped.h: declaration_file_name not present
root - WARNING - plan_manager/robot_state.h: declaration_file_name not present
root - WARNING - plan_msgs/MakeGlobalPlan.h: declaration_file_name not present
root - WARNING - plan_visualization/planning_visualization.h: declaration_file_name not present
root - WARNING - thread: declaration_file_name not present
root - WARNING - 'stddef.h' file not found
root - WARNING - plan_manager/plan_manager.h: declaration_file_name not present
root - WARNING - PLAN_MANAGER_H: declaration_file_name not present
root - WARNING - random: declaration_file_name not present
root - WARNING - Eigen/Eigen: declaration_file_name not present
root - WARNING - iostream: declaration_file_name not present
root - WARNING - vector: declaration_file_name not present
root - WARNING - ros/ros.h: declaration_file_name not present
root - WARNING - geometry_msgs/Pose.h: declaration_file_name not present
root - WARNING - geometry_msgs/PoseStamped.h: declaration_file_name not present
root - WARNING - nav_msgs/Path.h: declaration_file_name not present
root - WARNING - nav_msgs/Odometry.h: declaration_file_name not present
root - WARNING - nav_msgs/GetPlan.h: declaration_file_name not present
root - WARNING - plan_msgs/RobotStateStamped.h: declaration_file_name not present
root - WARNING - visualization_msgs/Marker.h: declaration_file_name not present
root - WARNING - plan_manager/robot_state.h: declaration_file_name not present
root - WARNING - _ROBOT_STATE_H_: declaration_file_name not present
root - WARNING - Eigen/Eigen: declaration_file_name not present
root - WARNING - geometry_msgs/Pose.h: declaration_file_name not present
root - WARNING - nav_msgs/Odometry.h: declaration_file_name not present
root - WARNING - tf2/LinearMath/Matrix3x3.h: declaration_file_name not present
root - WARNING - tf2/LinearMath/Quaternion.h: declaration_file_name not present
root - WARNING - geometry_msgs/Quaternion.h: declaration_file_name not present
root - WARNING - tf/transform_datatypes.h: declaration_file_name not present
root - WARNING - plan_msgs/RobotStateStamped.h: declaration_file_name not present
root - WARNING - plan_msgs/RobotState.h: declaration_file_name not present
root - WARNING - plan_manager/plan_collector.h: declaration_file_name not present
root - WARNING - PLAN_COLLECTOR_H: declaration_file_name not present
root - WARNING - Eigen/Eigen: declaration_file_name not present
root - WARNING - iostream: declaration_file_name not present
root - WARNING - memory: declaration_file_name not present
root - WARNING - ros/ros.h: declaration_file_name not present
root - WARNING - nav_msgs/GetPlan.h: declaration_file_name not present
root - WARNING - nav_msgs/Path.h: declaration_file_name not present
root - WARNING - geometry_msgs/PoseStamped.h: declaration_file_name not present
root - WARNING - plan_manager/robot_state.h: declaration_file_name not present
root - WARNING - plan_msgs/MakeGlobalPlan.h: declaration_file_name not present
root - WARNING - plan_visualization/planning_visualization.h: declaration_file_name not present
root - WARNING - thread: declaration_file_name not present
root - WARNING - 'Eigen/Eigen' file not found
root - WARNING - plan_manager/plan_collector.h: declaration_file_name not present
root - WARNING - PLAN_COLLECTOR_H: declaration_file_name not present
root - WARNING - Eigen/Eigen: declaration_file_name not present
root - WARNING - iostream: declaration_file_name not present
root - WARNING - memory: declaration_file_name not present
root - WARNING - ros/ros.h: declaration_file_name not present
root - WARNING - nav_msgs/GetPlan.h: declaration_file_name not present
root - WARNING - nav_msgs/Path.h: declaration_file_name not present
root - WARNING - geometry_msgs/PoseStamped.h: declaration_file_name not present
root - WARNING - plan_manager/robot_state.h: declaration_file_name not present
root - WARNING - _ROBOT_STATE_H_: declaration_file_name not present
root - WARNING - Eigen/Eigen: declaration_file_name not present
root - WARNING - geometry_msgs/Pose.h: declaration_file_name not present
root - WARNING - nav_msgs/Odometry.h: declaration_file_name not present
root - WARNING - tf2/LinearMath/Matrix3x3.h: declaration_file_name not present
root - WARNING - tf2/LinearMath/Quaternion.h: declaration_file_name not present
root - WARNING - geometry_msgs/Quaternion.h: declaration_file_name not present
root - WARNING - tf/transform_datatypes.h: declaration_file_name not present
root - WARNING - plan_msgs/RobotStateStamped.h: declaration_file_name not present
root - WARNING - plan_msgs/RobotState.h: declaration_file_name not present
root - WARNING - plan_msgs/MakeGlobalPlan.h: declaration_file_name not present
root - WARNING - 'Eigen/Eigen' file not found
root - WARNING - plan_manager/robot_state.h: declaration_file_name not present
root - WARNING - _ROBOT_STATE_H_: declaration_file_name not present
root - WARNING - Eigen/Eigen: declaration_file_name not present
root - WARNING - geometry_msgs/Pose.h: declaration_file_name not present
root - WARNING - nav_msgs/Odometry.h: declaration_file_name not present
root - WARNING - tf2/LinearMath/Matrix3x3.h: declaration_file_name not present
root - WARNING - tf2/LinearMath/Quaternion.h: declaration_file_name not present
root - WARNING - geometry_msgs/Quaternion.h: declaration_file_name not present
root - WARNING - tf/transform_datatypes.h: declaration_file_name not present
root - WARNING - plan_msgs/RobotStateStamped.h: declaration_file_name not present
root - WARNING - plan_msgs/RobotState.h: declaration_file_name not present
root - WARNING - plan_manager/plan_collector.h: declaration_file_name not present
root - WARNING - PLAN_COLLECTOR_H: declaration_file_name not present
root - WARNING - Eigen/Eigen: declaration_file_name not present
root - WARNING - iostream: declaration_file_name not present
root - WARNING - memory: declaration_file_name not present
root - WARNING - ros/ros.h: declaration_file_name not present
root - WARNING - nav_msgs/GetPlan.h: declaration_file_name not present
root - WARNING - nav_msgs/Path.h: declaration_file_name not present
root - WARNING - geometry_msgs/PoseStamped.h: declaration_file_name not present
root - WARNING - plan_manager/robot_state.h: declaration_file_name not present
root - WARNING - plan_msgs/MakeGlobalPlan.h: declaration_file_name not present
root - WARNING - stdlib.h: declaration_file_name not present
root - WARNING - time.h: declaration_file_name not present
root - WARNING - ros/ros.h: declaration_file_name not present
