root - WARNING - 'stdarg.h' file not found
root - WARNING - mbf_costmap_nav/costmap_navigation_server.h: declaration_file_name not present
root - WARNING - MBF_COSTMAP_NAV__COSTMAP_NAVIGATION_SERVER_H_: declaration_file_name not present
root - WARNING - mbf_abstract_nav/abstract_navigation_server.h: declaration_file_name not present
root - WARNING - std_srvs/Empty.h: declaration_file_name not present
root - WARNING - mbf_msgs/CheckPath.h: declaration_file_name not present
root - WARNING - mbf_msgs/CheckPose.h: declaration_file_name not present
root - WARNING - mbf_msgs/CheckPoint.h: declaration_file_name not present
root - WARNING - mbf_msgs/FindValidPose.h: declaration_file_name not present
root - WARNING - nav_core/base_global_planner.h: declaration_file_name not present
root - WARNING - nav_core/base_local_planner.h: declaration_file_name not present
root - WARNING - nav_core/recovery_behavior.h: declaration_file_name not present
root - WARNING - mbf_costmap_nav/MoveBaseFlexConfig.h: declaration_file_name not present
root - WARNING - mbf_costmap_nav/costmap_planner_execution.h: declaration_file_name not present
root - WARNING - MBF_COSTMAP_NAV__COSTMAP_PLANNER_EXECUTION_H_: declaration_file_name not present
root - WARNING - mbf_abstract_nav/abstract_planner_execution.h: declaration_file_name not present
root - WARNING - mbf_costmap_core/costmap_planner.h: declaration_file_name not present
root - WARNING - mbf_costmap_nav/MoveBaseFlexConfig.h: declaration_file_name not present
root - WARNING - mbf_costmap_nav/costmap_wrapper.h: declaration_file_name not present
root - WARNING - MBF_COSTMAP_NAV__COSTMAP_WRAPPER_H_: declaration_file_name not present
root - WARNING - costmap_2d/costmap_2d_ros.h: declaration_file_name not present
root - WARNING - mbf_utility/types.h: declaration_file_name not present
root - WARNING - mbf_costmap_nav/costmap_inter_execution.h: declaration_file_name not present
root - WARNING - MBF_COSTMAP_NAV__COSTMAP_INTER_EXECUTION_H_: declaration_file_name not present
root - WARNING - mbf_abstract_nav/abstract_inter_execution.h: declaration_file_name not present
root - WARNING - mbf_costmap_core/costmap_inter.h: declaration_file_name not present
root - WARNING - mbf_costmap_nav/MoveBaseFlexConfig.h: declaration_file_name not present
root - WARNING - mbf_costmap_nav/costmap_wrapper.h: declaration_file_name not present
root - WARNING - mbf_costmap_nav/costmap_controller_execution.h: declaration_file_name not present
root - WARNING - MBF_COSTMAP_NAV__COSTMAP_CONTROLLER_EXECUTION_H_: declaration_file_name not present
root - WARNING - mbf_abstract_nav/abstract_controller_execution.h: declaration_file_name not present
root - WARNING - mbf_costmap_core/costmap_controller.h: declaration_file_name not present
root - WARNING - mbf_costmap_nav/MoveBaseFlexConfig.h: declaration_file_name not present
root - WARNING - mbf_costmap_nav/costmap_wrapper.h: declaration_file_name not present
root - WARNING - mbf_costmap_nav/costmap_recovery_execution.h: declaration_file_name not present
root - WARNING - MBF_COSTMAP_NAV__COSTMAP_RECOVERY_EXECUTION_H_: declaration_file_name not present
root - WARNING - mbf_abstract_nav/abstract_recovery_execution.h: declaration_file_name not present
root - WARNING - mbf_costmap_core/costmap_recovery.h: declaration_file_name not present
root - WARNING - mbf_costmap_nav/MoveBaseFlexConfig.h: declaration_file_name not present
root - WARNING - mbf_costmap_nav/costmap_wrapper.h: declaration_file_name not present
root - WARNING - mbf_costmap_nav/costmap_wrapper.h: declaration_file_name not present
root - WARNING - boost/unordered_map.hpp: declaration_file_name not present
root - WARNING - boost/shared_ptr.hpp: declaration_file_name not present
root - WARNING - string: declaration_file_name not present
root - WARNING - signal.h: declaration_file_name not present
root - WARNING - mbf_utility/types.h: declaration_file_name not present
root - WARNING - tf2_ros/transform_listener.h: declaration_file_name not present
root - WARNING - 'gtest/gtest.h' file not found
root - WARNING - gtest/gtest.h: declaration_file_name not present
root - WARNING - ros/ros.h: declaration_file_name not present
root - WARNING - costmap_2d/costmap_2d_ros.h: declaration_file_name not present
root - WARNING - tf2_geometry_msgs/tf2_geometry_msgs.h: declaration_file_name not present
root - WARNING - tf2_ros/transform_listener.h: declaration_file_name not present
root - WARNING - costmap_2d/testing_helper.h: declaration_file_name not present
root - WARNING - mbf_costmap_nav/free_pose_search.h: declaration_file_name not present
root - WARNING - SEARCH_HELPER_H_: declaration_file_name not present
root - WARNING - mbf_costmap_nav/footprint_helper.h: declaration_file_name not present
root - WARNING - FOOTPRINT_HELPER_H_: declaration_file_name not present
root - WARNING - vector: declaration_file_name not present
root - WARNING - costmap_2d/costmap_2d.h: declaration_file_name not present
root - WARNING - geometry_msgs/Point.h: declaration_file_name not present
root - WARNING - mbf_costmap_nav/free_pose_search_viz.h: declaration_file_name not present
root - WARNING - SEARCH_HELPER_VIZ_H_: declaration_file_name not present
root - WARNING - ros/ros.h: declaration_file_name not present
root - WARNING - geometry_msgs/Point.h: declaration_file_name not present
root - WARNING - geometry_msgs/Pose2D.h: declaration_file_name not present
root - WARNING - std_msgs/ColorRGBA.h: declaration_file_name not present
root - WARNING - visualization_msgs/MarkerArray.h: declaration_file_name not present
root - WARNING - optional: declaration_file_name not present
root - WARNING - cstdint: declaration_file_name not present
root - WARNING - string_view: declaration_file_name not present
root - WARNING - geometry_msgs/Point.h: declaration_file_name not present
root - WARNING - geometry_msgs/Pose2D.h: declaration_file_name not present
root - WARNING - costmap_2d/costmap_2d_ros.h: declaration_file_name not present
root - WARNING - std_msgs/ColorRGBA.h: declaration_file_name not present
root - WARNING - visualization_msgs/MarkerArray.h: declaration_file_name not present
root - WARNING - mbf_costmap_nav/costmap_navigation_server.h: declaration_file_name not present
root - WARNING - MBF_COSTMAP_NAV__COSTMAP_NAVIGATION_SERVER_H_: declaration_file_name not present
root - WARNING - mbf_abstract_nav/abstract_navigation_server.h: declaration_file_name not present
root - WARNING - std_srvs/Empty.h: declaration_file_name not present
root - WARNING - mbf_msgs/CheckPath.h: declaration_file_name not present
root - WARNING - mbf_msgs/CheckPose.h: declaration_file_name not present
root - WARNING - mbf_msgs/CheckPoint.h: declaration_file_name not present
root - WARNING - mbf_msgs/FindValidPose.h: declaration_file_name not present
root - WARNING - nav_core/base_global_planner.h: declaration_file_name not present
root - WARNING - nav_core/base_local_planner.h: declaration_file_name not present
root - WARNING - nav_core/recovery_behavior.h: declaration_file_name not present
root - WARNING - mbf_costmap_nav/MoveBaseFlexConfig.h: declaration_file_name not present
root - WARNING - mbf_costmap_nav/costmap_planner_execution.h: declaration_file_name not present
root - WARNING - MBF_COSTMAP_NAV__COSTMAP_PLANNER_EXECUTION_H_: declaration_file_name not present
root - WARNING - mbf_abstract_nav/abstract_planner_execution.h: declaration_file_name not present
root - WARNING - mbf_costmap_core/costmap_planner.h: declaration_file_name not present
root - WARNING - mbf_costmap_nav/MoveBaseFlexConfig.h: declaration_file_name not present
root - WARNING - mbf_costmap_nav/costmap_wrapper.h: declaration_file_name not present
root - WARNING - MBF_COSTMAP_NAV__COSTMAP_WRAPPER_H_: declaration_file_name not present
root - WARNING - costmap_2d/costmap_2d_ros.h: declaration_file_name not present
root - WARNING - mbf_utility/types.h: declaration_file_name not present
root - WARNING - mbf_costmap_nav/costmap_inter_execution.h: declaration_file_name not present
root - WARNING - MBF_COSTMAP_NAV__COSTMAP_INTER_EXECUTION_H_: declaration_file_name not present
root - WARNING - mbf_abstract_nav/abstract_inter_execution.h: declaration_file_name not present
root - WARNING - mbf_costmap_core/costmap_inter.h: declaration_file_name not present
root - WARNING - mbf_costmap_nav/MoveBaseFlexConfig.h: declaration_file_name not present
root - WARNING - mbf_costmap_nav/costmap_wrapper.h: declaration_file_name not present
root - WARNING - mbf_costmap_nav/costmap_controller_execution.h: declaration_file_name not present
root - WARNING - MBF_COSTMAP_NAV__COSTMAP_CONTROLLER_EXECUTION_H_: declaration_file_name not present
root - WARNING - mbf_abstract_nav/abstract_controller_execution.h: declaration_file_name not present
root - WARNING - mbf_costmap_core/costmap_controller.h: declaration_file_name not present
root - WARNING - mbf_costmap_nav/MoveBaseFlexConfig.h: declaration_file_name not present
root - WARNING - mbf_costmap_nav/costmap_wrapper.h: declaration_file_name not present
root - WARNING - mbf_costmap_nav/costmap_recovery_execution.h: declaration_file_name not present
root - WARNING - MBF_COSTMAP_NAV__COSTMAP_RECOVERY_EXECUTION_H_: declaration_file_name not present
root - WARNING - mbf_abstract_nav/abstract_recovery_execution.h: declaration_file_name not present
root - WARNING - mbf_costmap_core/costmap_recovery.h: declaration_file_name not present
root - WARNING - mbf_costmap_nav/MoveBaseFlexConfig.h: declaration_file_name not present
root - WARNING - mbf_costmap_nav/costmap_wrapper.h: declaration_file_name not present
root - WARNING - mbf_costmap_nav/costmap_wrapper.h: declaration_file_name not present
root - WARNING - boost/unordered_map.hpp: declaration_file_name not present
root - WARNING - boost/shared_ptr.hpp: declaration_file_name not present
root - WARNING - string: declaration_file_name not present
root - WARNING - tf2/utils.h: declaration_file_name not present
root - WARNING - "solution": declaration_file_name not present
root - WARNING - "blocked_footprints": declaration_file_name not present
root - WARNING - 'tf/tf.h' file not found
root - WARNING - tf/tf.h: declaration_file_name not present
root - WARNING - nav_msgs/Path.h: declaration_file_name not present
root - WARNING - geometry_msgs/PoseArray.h: declaration_file_name not present
root - WARNING - mbf_msgs/MoveBaseAction.h: declaration_file_name not present
root - WARNING - mbf_abstract_nav/MoveBaseFlexConfig.h: declaration_file_name not present
root - WARNING - actionlib/client/simple_action_client.h: declaration_file_name not present
root - WARNING - nav_core_wrapper/wrapper_global_planner.h: declaration_file_name not present
root - WARNING - MBF_COSTMAP_NAV__WRAPPER_GLOBAL_PLANNER_H_: declaration_file_name not present
root - WARNING - nav_core/base_global_planner.h: declaration_file_name not present
root - WARNING - mbf_costmap_core/costmap_planner.h: declaration_file_name not present
root - WARNING - nav_core_wrapper/wrapper_local_planner.h: declaration_file_name not present
root - WARNING - MBF_COSTMAP_NAV__WRAPPER_LOCAL_PLANNER_H_: declaration_file_name not present
root - WARNING - nav_core/base_local_planner.h: declaration_file_name not present
root - WARNING - mbf_costmap_core/costmap_controller.h: declaration_file_name not present
root - WARNING - mbf_utility/types.h: declaration_file_name not present
root - WARNING - nav_core_wrapper/wrapper_recovery_behavior.h: declaration_file_name not present
root - WARNING - MBF_COSTMAP_NAV__WRAPPER_RECOVERY_BEHAVIOR_H_: declaration_file_name not present
root - WARNING - nav_core/recovery_behavior.h: declaration_file_name not present
root - WARNING - mbf_costmap_core/costmap_recovery.h: declaration_file_name not present
root - WARNING - mbf_utility/types.h: declaration_file_name not present
root - WARNING - xmlrpcpp/XmlRpc.h: declaration_file_name not present
root - WARNING - angles/angles.h: declaration_file_name not present
root - WARNING - mbf_costmap_nav/footprint_helper.h: declaration_file_name not present
root - WARNING - FOOTPRINT_HELPER_H_: declaration_file_name not present
root - WARNING - vector: declaration_file_name not present
root - WARNING - costmap_2d/costmap_2d.h: declaration_file_name not present
root - WARNING - geometry_msgs/Point.h: declaration_file_name not present
root - WARNING - mbf_costmap_nav/costmap_navigation_server.h: declaration_file_name not present
root - WARNING - MBF_COSTMAP_NAV__COSTMAP_NAVIGATION_SERVER_H_: declaration_file_name not present
root - WARNING - mbf_abstract_nav/abstract_navigation_server.h: declaration_file_name not present
root - WARNING - std_srvs/Empty.h: declaration_file_name not present
root - WARNING - mbf_msgs/CheckPath.h: declaration_file_name not present
root - WARNING - mbf_msgs/CheckPose.h: declaration_file_name not present
root - WARNING - mbf_msgs/CheckPoint.h: declaration_file_name not present
root - WARNING - mbf_msgs/FindValidPose.h: declaration_file_name not present
root - WARNING - nav_core/base_global_planner.h: declaration_file_name not present
root - WARNING - nav_core/base_local_planner.h: declaration_file_name not present
root - WARNING - nav_core/recovery_behavior.h: declaration_file_name not present
root - WARNING - mbf_costmap_nav/MoveBaseFlexConfig.h: declaration_file_name not present
root - WARNING - mbf_costmap_nav/costmap_planner_execution.h: declaration_file_name not present
root - WARNING - MBF_COSTMAP_NAV__COSTMAP_PLANNER_EXECUTION_H_: declaration_file_name not present
root - WARNING - mbf_abstract_nav/abstract_planner_execution.h: declaration_file_name not present
root - WARNING - mbf_costmap_core/costmap_planner.h: declaration_file_name not present
root - WARNING - mbf_costmap_nav/MoveBaseFlexConfig.h: declaration_file_name not present
root - WARNING - mbf_costmap_nav/costmap_wrapper.h: declaration_file_name not present
root - WARNING - MBF_COSTMAP_NAV__COSTMAP_WRAPPER_H_: declaration_file_name not present
root - WARNING - costmap_2d/costmap_2d_ros.h: declaration_file_name not present
root - WARNING - mbf_utility/types.h: declaration_file_name not present
root - WARNING - mbf_costmap_nav/costmap_inter_execution.h: declaration_file_name not present
root - WARNING - MBF_COSTMAP_NAV__COSTMAP_INTER_EXECUTION_H_: declaration_file_name not present
root - WARNING - mbf_abstract_nav/abstract_inter_execution.h: declaration_file_name not present
root - WARNING - mbf_costmap_core/costmap_inter.h: declaration_file_name not present
root - WARNING - mbf_costmap_nav/MoveBaseFlexConfig.h: declaration_file_name not present
root - WARNING - mbf_costmap_nav/costmap_wrapper.h: declaration_file_name not present
root - WARNING - mbf_costmap_nav/costmap_controller_execution.h: declaration_file_name not present
root - WARNING - MBF_COSTMAP_NAV__COSTMAP_CONTROLLER_EXECUTION_H_: declaration_file_name not present
root - WARNING - mbf_abstract_nav/abstract_controller_execution.h: declaration_file_name not present
root - WARNING - mbf_costmap_core/costmap_controller.h: declaration_file_name not present
root - WARNING - mbf_costmap_nav/MoveBaseFlexConfig.h: declaration_file_name not present
root - WARNING - mbf_costmap_nav/costmap_wrapper.h: declaration_file_name not present
root - WARNING - mbf_costmap_nav/costmap_recovery_execution.h: declaration_file_name not present
root - WARNING - MBF_COSTMAP_NAV__COSTMAP_RECOVERY_EXECUTION_H_: declaration_file_name not present
root - WARNING - mbf_abstract_nav/abstract_recovery_execution.h: declaration_file_name not present
root - WARNING - mbf_costmap_core/costmap_recovery.h: declaration_file_name not present
root - WARNING - mbf_costmap_nav/MoveBaseFlexConfig.h: declaration_file_name not present
root - WARNING - mbf_costmap_nav/costmap_wrapper.h: declaration_file_name not present
root - WARNING - mbf_costmap_nav/costmap_wrapper.h: declaration_file_name not present
root - WARNING - boost/unordered_map.hpp: declaration_file_name not present
root - WARNING - boost/shared_ptr.hpp: declaration_file_name not present
root - WARNING - string: declaration_file_name not present
root - WARNING - mbf_costmap_nav/free_pose_search.h: declaration_file_name not present
root - WARNING - SEARCH_HELPER_H_: declaration_file_name not present
root - WARNING - mbf_costmap_nav/footprint_helper.h: declaration_file_name not present
root - WARNING - mbf_costmap_nav/free_pose_search_viz.h: declaration_file_name not present
root - WARNING - SEARCH_HELPER_VIZ_H_: declaration_file_name not present
root - WARNING - ros/ros.h: declaration_file_name not present
root - WARNING - geometry_msgs/Point.h: declaration_file_name not present
root - WARNING - geometry_msgs/Pose2D.h: declaration_file_name not present
root - WARNING - std_msgs/ColorRGBA.h: declaration_file_name not present
root - WARNING - visualization_msgs/MarkerArray.h: declaration_file_name not present
root - WARNING - optional: declaration_file_name not present
root - WARNING - cstdint: declaration_file_name not present
root - WARNING - string_view: declaration_file_name not present
root - WARNING - geometry_msgs/Point.h: declaration_file_name not present
root - WARNING - geometry_msgs/Pose2D.h: declaration_file_name not present
root - WARNING - costmap_2d/costmap_2d_ros.h: declaration_file_name not present
root - WARNING - std_msgs/ColorRGBA.h: declaration_file_name not present
root - WARNING - visualization_msgs/MarkerArray.h: declaration_file_name not present
root - WARNING - mbf_costmap_nav/free_pose_search_viz.h: declaration_file_name not present
root - WARNING - "solution": declaration_file_name not present
root - WARNING - "blocked_footprints": declaration_file_name not present
root - WARNING - " must be an XmlRpcValue::TypeArray": declaration_file_name not present
root - WARNING - "No parameter ": declaration_file_name not present
root - WARNING - 'geometry_msgs/PoseStamped.h' file not found
root - WARNING - nav_core_wrapper/wrapper_global_planner.h: declaration_file_name not present
root - WARNING - MBF_COSTMAP_NAV__WRAPPER_GLOBAL_PLANNER_H_: declaration_file_name not present
root - WARNING - nav_core/base_global_planner.h: declaration_file_name not present
root - WARNING - mbf_costmap_core/costmap_planner.h: declaration_file_name not present
root - WARNING - mbf_msgs/GetPathResult.h: declaration_file_name not present
root - WARNING - mbf_costmap_nav/costmap_planner_execution.h: declaration_file_name not present
root - WARNING - MBF_COSTMAP_NAV__COSTMAP_PLANNER_EXECUTION_H_: declaration_file_name not present
root - WARNING - mbf_abstract_nav/abstract_planner_execution.h: declaration_file_name not present
root - WARNING - mbf_costmap_core/costmap_planner.h: declaration_file_name not present
root - WARNING - mbf_costmap_nav/MoveBaseFlexConfig.h: declaration_file_name not present
root - WARNING - mbf_costmap_nav/costmap_wrapper.h: declaration_file_name not present
root - WARNING - MBF_COSTMAP_NAV__COSTMAP_WRAPPER_H_: declaration_file_name not present
root - WARNING - costmap_2d/costmap_2d_ros.h: declaration_file_name not present
root - WARNING - mbf_utility/types.h: declaration_file_name not present
root - WARNING - 'stdarg.h' file not found
root - WARNING - mbf_msgs/GetInterPathResult.h: declaration_file_name not present
root - WARNING - mbf_costmap_nav/costmap_inter_execution.h: declaration_file_name not present
root - WARNING - MBF_COSTMAP_NAV__COSTMAP_INTER_EXECUTION_H_: declaration_file_name not present
root - WARNING - mbf_abstract_nav/abstract_inter_execution.h: declaration_file_name not present
root - WARNING - mbf_costmap_core/costmap_inter.h: declaration_file_name not present
root - WARNING - mbf_costmap_nav/MoveBaseFlexConfig.h: declaration_file_name not present
root - WARNING - mbf_costmap_nav/costmap_wrapper.h: declaration_file_name not present
root - WARNING - MBF_COSTMAP_NAV__COSTMAP_WRAPPER_H_: declaration_file_name not present
root - WARNING - costmap_2d/costmap_2d_ros.h: declaration_file_name not present
root - WARNING - mbf_utility/types.h: declaration_file_name not present
root - WARNING - 'stdarg.h' file not found
root - WARNING - mbf_costmap_nav/costmap_controller_execution.h: declaration_file_name not present
root - WARNING - MBF_COSTMAP_NAV__COSTMAP_CONTROLLER_EXECUTION_H_: declaration_file_name not present
root - WARNING - mbf_abstract_nav/abstract_controller_execution.h: declaration_file_name not present
root - WARNING - mbf_costmap_core/costmap_controller.h: declaration_file_name not present
root - WARNING - mbf_costmap_nav/MoveBaseFlexConfig.h: declaration_file_name not present
root - WARNING - mbf_costmap_nav/costmap_wrapper.h: declaration_file_name not present
root - WARNING - MBF_COSTMAP_NAV__COSTMAP_WRAPPER_H_: declaration_file_name not present
root - WARNING - costmap_2d/costmap_2d_ros.h: declaration_file_name not present
root - WARNING - mbf_utility/types.h: declaration_file_name not present
root - WARNING - 'geometry_msgs/Point.h' file not found
root - WARNING - nav_core/recovery_behavior.h: declaration_file_name not present
root - WARNING - nav_core_wrapper/wrapper_recovery_behavior.h: declaration_file_name not present
root - WARNING - MBF_COSTMAP_NAV__WRAPPER_RECOVERY_BEHAVIOR_H_: declaration_file_name not present
root - WARNING - nav_core/recovery_behavior.h: declaration_file_name not present
root - WARNING - mbf_costmap_core/costmap_recovery.h: declaration_file_name not present
root - WARNING - mbf_utility/types.h: declaration_file_name not present
root - WARNING - mbf_costmap_nav/costmap_recovery_execution.h: declaration_file_name not present
root - WARNING - MBF_COSTMAP_NAV__COSTMAP_RECOVERY_EXECUTION_H_: declaration_file_name not present
root - WARNING - mbf_abstract_nav/abstract_recovery_execution.h: declaration_file_name not present
root - WARNING - mbf_costmap_core/costmap_recovery.h: declaration_file_name not present
root - WARNING - mbf_costmap_nav/MoveBaseFlexConfig.h: declaration_file_name not present
root - WARNING - mbf_costmap_nav/costmap_wrapper.h: declaration_file_name not present
root - WARNING - MBF_COSTMAP_NAV__COSTMAP_WRAPPER_H_: declaration_file_name not present
root - WARNING - costmap_2d/costmap_2d_ros.h: declaration_file_name not present
root - WARNING - mbf_utility/types.h: declaration_file_name not present
root - WARNING - 'geometry_msgs/Point.h' file not found
root - WARNING - mbf_costmap_nav/costmap_wrapper.h: declaration_file_name not present
root - WARNING - MBF_COSTMAP_NAV__COSTMAP_WRAPPER_H_: declaration_file_name not present
root - WARNING - costmap_2d/costmap_2d_ros.h: declaration_file_name not present
root - WARNING - mbf_utility/types.h: declaration_file_name not present
root - WARNING - 'geometry_msgs/Point.h' file not found
root - WARNING - mbf_costmap_nav/footprint_helper.h: declaration_file_name not present
root - WARNING - FOOTPRINT_HELPER_H_: declaration_file_name not present
root - WARNING - vector: declaration_file_name not present
root - WARNING - costmap_2d/costmap_2d.h: declaration_file_name not present
root - WARNING - geometry_msgs/Point.h: declaration_file_name not present
root - WARNING - 'geometry_msgs/Point.h' file not found
root - WARNING - mbf_costmap_nav/free_pose_search.h: declaration_file_name not present
root - WARNING - SEARCH_HELPER_H_: declaration_file_name not present
root - WARNING - mbf_costmap_nav/footprint_helper.h: declaration_file_name not present
root - WARNING - FOOTPRINT_HELPER_H_: declaration_file_name not present
root - WARNING - vector: declaration_file_name not present
root - WARNING - costmap_2d/costmap_2d.h: declaration_file_name not present
root - WARNING - geometry_msgs/Point.h: declaration_file_name not present
root - WARNING - mbf_costmap_nav/free_pose_search_viz.h: declaration_file_name not present
root - WARNING - SEARCH_HELPER_VIZ_H_: declaration_file_name not present
root - WARNING - ros/ros.h: declaration_file_name not present
root - WARNING - geometry_msgs/Point.h: declaration_file_name not present
root - WARNING - geometry_msgs/Pose2D.h: declaration_file_name not present
root - WARNING - std_msgs/ColorRGBA.h: declaration_file_name not present
root - WARNING - visualization_msgs/MarkerArray.h: declaration_file_name not present
root - WARNING - optional: declaration_file_name not present
root - WARNING - cstdint: declaration_file_name not present
root - WARNING - string_view: declaration_file_name not present
root - WARNING - geometry_msgs/Point.h: declaration_file_name not present
root - WARNING - geometry_msgs/Pose2D.h: declaration_file_name not present
root - WARNING - costmap_2d/costmap_2d_ros.h: declaration_file_name not present
root - WARNING - std_msgs/ColorRGBA.h: declaration_file_name not present
root - WARNING - visualization_msgs/MarkerArray.h: declaration_file_name not present
root - WARNING - queue: declaration_file_name not present
root - WARNING - unordered_set: declaration_file_name not present
root - WARNING - "solution": declaration_file_name not present
root - WARNING - "blocked_footprints": declaration_file_name not present
root - WARNING - 'ros/ros.h' file not found
root - WARNING - mbf_costmap_nav/free_pose_search_viz.h: declaration_file_name not present
root - WARNING - SEARCH_HELPER_VIZ_H_: declaration_file_name not present
root - WARNING - ros/ros.h: declaration_file_name not present
root - WARNING - geometry_msgs/Point.h: declaration_file_name not present
root - WARNING - geometry_msgs/Pose2D.h: declaration_file_name not present
root - WARNING - std_msgs/ColorRGBA.h: declaration_file_name not present
root - WARNING - visualization_msgs/MarkerArray.h: declaration_file_name not present
root - WARNING - tf2_geometry_msgs/tf2_geometry_msgs.h: declaration_file_name not present
root - WARNING - tf2/LinearMath/Quaternion.h: declaration_file_name not present
root - WARNING - "solution": declaration_file_name not present
root - WARNING - "blocked_footprints": declaration_file_name not present
root - WARNING - 'geometry_msgs/PoseStamped.h' file not found
root - WARNING - nav_core_wrapper/wrapper_global_planner.h: declaration_file_name not present
root - WARNING - MBF_COSTMAP_NAV__WRAPPER_GLOBAL_PLANNER_H_: declaration_file_name not present
root - WARNING - nav_core/base_global_planner.h: declaration_file_name not present
root - WARNING - mbf_costmap_core/costmap_planner.h: declaration_file_name not present
root - WARNING - 'geometry_msgs/PoseStamped.h' file not found
root - WARNING - nav_core_wrapper/wrapper_local_planner.h: declaration_file_name not present
root - WARNING - MBF_COSTMAP_NAV__WRAPPER_LOCAL_PLANNER_H_: declaration_file_name not present
root - WARNING - nav_core/base_local_planner.h: declaration_file_name not present
root - WARNING - mbf_costmap_core/costmap_controller.h: declaration_file_name not present
root - WARNING - mbf_utility/types.h: declaration_file_name not present
root - WARNING - 'stdarg.h' file not found
root - WARNING - mbf_msgs/RecoveryResult.h: declaration_file_name not present
root - WARNING - nav_core_wrapper/wrapper_recovery_behavior.h: declaration_file_name not present
root - WARNING - MBF_COSTMAP_NAV__WRAPPER_RECOVERY_BEHAVIOR_H_: declaration_file_name not present
root - WARNING - nav_core/recovery_behavior.h: declaration_file_name not present
root - WARNING - mbf_costmap_core/costmap_recovery.h: declaration_file_name not present
root - WARNING - mbf_utility/types.h: declaration_file_name not present
