root - WARNING - 'ros/console.h' file not found
root - WARNING - pedsim_visualizer/sim_visualizer.h: declaration_file_name not present
root - WARNING - SIM_VISUALIZER_H: declaration_file_name not present
root - WARNING - ros/console.h: declaration_file_name not present
root - WARNING - ros/ros.h: declaration_file_name not present
root - WARNING - tf/transform_listener.h: declaration_file_name not present
root - WARNING - functional: declaration_file_name not present
root - WARNING - memory: declaration_file_name not present
root - WARNING - queue: declaration_file_name not present
root - WARNING - map: declaration_file_name not present
root - WARNING - pedsim_msgs/AgentForce.h: declaration_file_name not present
root - WARNING - pedsim_msgs/AgentGroup.h: declaration_file_name not present
root - WARNING - pedsim_msgs/AgentGroups.h: declaration_file_name not present
root - WARNING - pedsim_msgs/AgentState.h: declaration_file_name not present
root - WARNING - pedsim_msgs/AgentStates.h: declaration_file_name not present
root - WARNING - pedsim_msgs/Wall.h: declaration_file_name not present
root - WARNING - pedsim_msgs/Walls.h: declaration_file_name not present
root - WARNING - pedsim_msgs/Waypoint.h: declaration_file_name not present
root - WARNING - pedsim_msgs/Waypoints.h: declaration_file_name not present
root - WARNING - pedsim_msgs/SocialActivities.h: declaration_file_name not present
root - WARNING - pedsim_msgs/SocialActivity.h: declaration_file_name not present
root - WARNING - pedsim_msgs/SocialRelation.h: declaration_file_name not present
root - WARNING - pedsim_msgs/SocialRelations.h: declaration_file_name not present
root - WARNING - pedsim_msgs/TrackedGroup.h: declaration_file_name not present
root - WARNING - pedsim_msgs/TrackedGroups.h: declaration_file_name not present
root - WARNING - pedsim_msgs/TrackedPerson.h: declaration_file_name not present
root - WARNING - pedsim_msgs/TrackedPersons.h: declaration_file_name not present
root - WARNING - geometry_msgs/Point.h: declaration_file_name not present
root - WARNING - geometry_msgs/PoseStamped.h: declaration_file_name not present
root - WARNING - geometry_msgs/PoseWithCovariance.h: declaration_file_name not present
root - WARNING - geometry_msgs/TwistWithCovariance.h: declaration_file_name not present
root - WARNING - nav_msgs/GridCells.h: declaration_file_name not present
root - WARNING - nav_msgs/Odometry.h: declaration_file_name not present
root - WARNING - std_msgs/ColorRGBA.h: declaration_file_name not present
root - WARNING - std_msgs/Header.h: declaration_file_name not present
root - WARNING - std_srvs/Empty.h: declaration_file_name not present
root - WARNING - visualization_msgs/Marker.h: declaration_file_name not present
root - WARNING - visualization_msgs/MarkerArray.h: declaration_file_name not present
root - WARNING - dynamic_reconfigure/server.h: declaration_file_name not present
root - WARNING - pedsim_visualizer/PedsimVisualizerConfig.h: declaration_file_name not present
root - WARNING - "???": declaration_file_name not present
root - WARNING - "world": declaration_file_name not present
root - WARNING - "obstacle": declaration_file_name not present
root - WARNING - 'ros/console.h' file not found
root - WARNING - pedsim_visualizer/sim_visualizer.h: declaration_file_name not present
root - WARNING - SIM_VISUALIZER_H: declaration_file_name not present
root - WARNING - ros/console.h: declaration_file_name not present
root - WARNING - ros/ros.h: declaration_file_name not present
root - WARNING - tf/transform_listener.h: declaration_file_name not present
root - WARNING - functional: declaration_file_name not present
root - WARNING - memory: declaration_file_name not present
root - WARNING - queue: declaration_file_name not present
root - WARNING - map: declaration_file_name not present
root - WARNING - pedsim_msgs/AgentForce.h: declaration_file_name not present
root - WARNING - pedsim_msgs/AgentGroup.h: declaration_file_name not present
root - WARNING - pedsim_msgs/AgentGroups.h: declaration_file_name not present
root - WARNING - pedsim_msgs/AgentState.h: declaration_file_name not present
root - WARNING - pedsim_msgs/AgentStates.h: declaration_file_name not present
root - WARNING - pedsim_msgs/Wall.h: declaration_file_name not present
root - WARNING - pedsim_msgs/Walls.h: declaration_file_name not present
root - WARNING - pedsim_msgs/Waypoint.h: declaration_file_name not present
root - WARNING - pedsim_msgs/Waypoints.h: declaration_file_name not present
root - WARNING - pedsim_msgs/SocialActivities.h: declaration_file_name not present
root - WARNING - pedsim_msgs/SocialActivity.h: declaration_file_name not present
root - WARNING - pedsim_msgs/SocialRelation.h: declaration_file_name not present
root - WARNING - pedsim_msgs/SocialRelations.h: declaration_file_name not present
root - WARNING - pedsim_msgs/TrackedGroup.h: declaration_file_name not present
root - WARNING - pedsim_msgs/TrackedGroups.h: declaration_file_name not present
root - WARNING - pedsim_msgs/TrackedPerson.h: declaration_file_name not present
root - WARNING - pedsim_msgs/TrackedPersons.h: declaration_file_name not present
root - WARNING - geometry_msgs/Point.h: declaration_file_name not present
root - WARNING - geometry_msgs/PoseStamped.h: declaration_file_name not present
root - WARNING - geometry_msgs/PoseWithCovariance.h: declaration_file_name not present
root - WARNING - geometry_msgs/TwistWithCovariance.h: declaration_file_name not present
root - WARNING - nav_msgs/GridCells.h: declaration_file_name not present
root - WARNING - nav_msgs/Odometry.h: declaration_file_name not present
root - WARNING - std_msgs/ColorRGBA.h: declaration_file_name not present
root - WARNING - std_msgs/Header.h: declaration_file_name not present
root - WARNING - std_srvs/Empty.h: declaration_file_name not present
root - WARNING - visualization_msgs/Marker.h: declaration_file_name not present
root - WARNING - visualization_msgs/MarkerArray.h: declaration_file_name not present
root - WARNING - dynamic_reconfigure/server.h: declaration_file_name not present
root - WARNING - pedsim_visualizer/PedsimVisualizerConfig.h: declaration_file_name not present
root - WARNING - pedsim_utils/geometry.h: declaration_file_name not present
root - WARNING - "???": declaration_file_name not present
root - WARNING - "world": declaration_file_name not present
root - WARNING - "obstacle": declaration_file_name not present
