root - WARNING - 'ros/ros.h' file not found
root - WARNING - global_planner/planner_core.h: declaration_file_name not present
root - WARNING - _PLANNERCORE_H: declaration_file_name not present
root - WARNING - POT_HIGH: declaration_file_name not present
root - WARNING - ros/ros.h: declaration_file_name not present
root - WARNING - costmap_2d/costmap_2d.h: declaration_file_name not present
root - WARNING - geometry_msgs/PoseStamped.h: declaration_file_name not present
root - WARNING - geometry_msgs/Point.h: declaration_file_name not present
root - WARNING - nav_msgs/Path.h: declaration_file_name not present
root - WARNING - vector: declaration_file_name not present
root - WARNING - nav_core/base_global_planner.h: declaration_file_name not present
root - WARNING - nav_msgs/GetPlan.h: declaration_file_name not present
root - WARNING - dynamic_reconfigure/server.h: declaration_file_name not present
root - WARNING - global_planner/potential_calculator.h: declaration_file_name not present
root - WARNING - _POTENTIAL_CALCULATOR_H: declaration_file_name not present
root - WARNING - algorithm: declaration_file_name not present
root - WARNING - global_planner/expander.h: declaration_file_name not present
root - WARNING - _EXPANDER_H: declaration_file_name not present
root - WARNING - global_planner/potential_calculator.h: declaration_file_name not present
root - WARNING - global_planner/planner_core.h: declaration_file_name not present
root - WARNING - global_planner/traceback.h: declaration_file_name not present
root - WARNING - _TRACEBACK_H: declaration_file_name not present
root - WARNING - vector: declaration_file_name not present
root - WARNING - global_planner/potential_calculator.h: declaration_file_name not present
root - WARNING - global_planner/orientation_filter.h: declaration_file_name not present
root - WARNING - GLOBAL_PLANNER_ORIENTATION_FILTER_H: declaration_file_name not present
root - WARNING - nav_msgs/Path.h: declaration_file_name not present
root - WARNING - global_planner/GlobalPlannerConfig.h: declaration_file_name not present
root - WARNING - navfn/MakeNavPlan.h: declaration_file_name not present
root - WARNING - boost/shared_ptr.hpp: declaration_file_name not present
root - WARNING - costmap_2d/costmap_2d_ros.h: declaration_file_name not present
root - WARNING - tf2_ros/transform_listener.h: declaration_file_name not present
root - WARNING - 'stddef.h' file not found
root - WARNING - global_planner/quadratic_calculator.h: declaration_file_name not present
root - WARNING - _QUADRATIC_CALCULATOR_H: declaration_file_name not present
root - WARNING - vector: declaration_file_name not present
root - WARNING - global_planner/potential_calculator.h: declaration_file_name not present
root - WARNING - _POTENTIAL_CALCULATOR_H: declaration_file_name not present
root - WARNING - algorithm: declaration_file_name not present
root - WARNING - 'stddef.h' file not found
root - WARNING - global_planner/dijkstra.h: declaration_file_name not present
root - WARNING - _DIJKSTRA_H: declaration_file_name not present
root - WARNING - PRIORITYBUFSIZE: declaration_file_name not present
root - WARNING - math.h: declaration_file_name not present
root - WARNING - stdint.h: declaration_file_name not present
root - WARNING - string.h: declaration_file_name not present
root - WARNING - stdio.h: declaration_file_name not present
root - WARNING - global_planner/planner_core.h: declaration_file_name not present
root - WARNING - _PLANNERCORE_H: declaration_file_name not present
root - WARNING - POT_HIGH: declaration_file_name not present
root - WARNING - ros/ros.h: declaration_file_name not present
root - WARNING - costmap_2d/costmap_2d.h: declaration_file_name not present
root - WARNING - geometry_msgs/PoseStamped.h: declaration_file_name not present
root - WARNING - geometry_msgs/Point.h: declaration_file_name not present
root - WARNING - nav_msgs/Path.h: declaration_file_name not present
root - WARNING - vector: declaration_file_name not present
root - WARNING - nav_core/base_global_planner.h: declaration_file_name not present
root - WARNING - nav_msgs/GetPlan.h: declaration_file_name not present
root - WARNING - dynamic_reconfigure/server.h: declaration_file_name not present
root - WARNING - global_planner/potential_calculator.h: declaration_file_name not present
root - WARNING - _POTENTIAL_CALCULATOR_H: declaration_file_name not present
root - WARNING - algorithm: declaration_file_name not present
root - WARNING - global_planner/expander.h: declaration_file_name not present
root - WARNING - _EXPANDER_H: declaration_file_name not present
root - WARNING - global_planner/potential_calculator.h: declaration_file_name not present
root - WARNING - global_planner/planner_core.h: declaration_file_name not present
root - WARNING - global_planner/traceback.h: declaration_file_name not present
root - WARNING - _TRACEBACK_H: declaration_file_name not present
root - WARNING - vector: declaration_file_name not present
root - WARNING - global_planner/potential_calculator.h: declaration_file_name not present
root - WARNING - global_planner/orientation_filter.h: declaration_file_name not present
root - WARNING - GLOBAL_PLANNER_ORIENTATION_FILTER_H: declaration_file_name not present
root - WARNING - nav_msgs/Path.h: declaration_file_name not present
root - WARNING - global_planner/GlobalPlannerConfig.h: declaration_file_name not present
root - WARNING - global_planner/expander.h: declaration_file_name not present
root - WARNING - push_cur: declaration_file_name not present
root - WARNING - push_next: declaration_file_name not present
root - WARNING - push_over: declaration_file_name not present
root - WARNING - algorithm: declaration_file_name not present
root - WARNING - INVSQRT2: declaration_file_name not present
root - WARNING - 'ros/ros.h' file not found
root - WARNING - global_planner/astar.h: declaration_file_name not present
root - WARNING - _ASTAR_H: declaration_file_name not present
root - WARNING - global_planner/planner_core.h: declaration_file_name not present
root - WARNING - _PLANNERCORE_H: declaration_file_name not present
root - WARNING - POT_HIGH: declaration_file_name not present
root - WARNING - ros/ros.h: declaration_file_name not present
root - WARNING - costmap_2d/costmap_2d.h: declaration_file_name not present
root - WARNING - geometry_msgs/PoseStamped.h: declaration_file_name not present
root - WARNING - geometry_msgs/Point.h: declaration_file_name not present
root - WARNING - nav_msgs/Path.h: declaration_file_name not present
root - WARNING - vector: declaration_file_name not present
root - WARNING - nav_core/base_global_planner.h: declaration_file_name not present
root - WARNING - nav_msgs/GetPlan.h: declaration_file_name not present
root - WARNING - dynamic_reconfigure/server.h: declaration_file_name not present
root - WARNING - global_planner/potential_calculator.h: declaration_file_name not present
root - WARNING - _POTENTIAL_CALCULATOR_H: declaration_file_name not present
root - WARNING - algorithm: declaration_file_name not present
root - WARNING - global_planner/expander.h: declaration_file_name not present
root - WARNING - _EXPANDER_H: declaration_file_name not present
root - WARNING - global_planner/potential_calculator.h: declaration_file_name not present
root - WARNING - global_planner/planner_core.h: declaration_file_name not present
root - WARNING - global_planner/traceback.h: declaration_file_name not present
root - WARNING - _TRACEBACK_H: declaration_file_name not present
root - WARNING - vector: declaration_file_name not present
root - WARNING - global_planner/potential_calculator.h: declaration_file_name not present
root - WARNING - global_planner/orientation_filter.h: declaration_file_name not present
root - WARNING - GLOBAL_PLANNER_ORIENTATION_FILTER_H: declaration_file_name not present
root - WARNING - nav_msgs/Path.h: declaration_file_name not present
root - WARNING - global_planner/GlobalPlannerConfig.h: declaration_file_name not present
root - WARNING - global_planner/expander.h: declaration_file_name not present
root - WARNING - vector: declaration_file_name not present
root - WARNING - algorithm: declaration_file_name not present
root - WARNING - costmap_2d/cost_values.h: declaration_file_name not present
root - WARNING - 'stddef.h' file not found
root - WARNING - global_planner/grid_path.h: declaration_file_name not present
root - WARNING - _GRID_PATH_H: declaration_file_name not present
root - WARNING - vector: declaration_file_name not present
root - WARNING - global_planner/traceback.h: declaration_file_name not present
root - WARNING - _TRACEBACK_H: declaration_file_name not present
root - WARNING - vector: declaration_file_name not present
root - WARNING - global_planner/potential_calculator.h: declaration_file_name not present
root - WARNING - _POTENTIAL_CALCULATOR_H: declaration_file_name not present
root - WARNING - algorithm: declaration_file_name not present
root - WARNING - algorithm: declaration_file_name not present
root - WARNING - stdio.h: declaration_file_name not present
root - WARNING - 'stddef.h' file not found
root - WARNING - global_planner/gradient_path.h: declaration_file_name not present
root - WARNING - _GRADIENT_PATH_H: declaration_file_name not present
root - WARNING - global_planner/traceback.h: declaration_file_name not present
root - WARNING - _TRACEBACK_H: declaration_file_name not present
root - WARNING - vector: declaration_file_name not present
root - WARNING - global_planner/potential_calculator.h: declaration_file_name not present
root - WARNING - _POTENTIAL_CALCULATOR_H: declaration_file_name not present
root - WARNING - algorithm: declaration_file_name not present
root - WARNING - math.h: declaration_file_name not present
root - WARNING - algorithm: declaration_file_name not present
root - WARNING - algorithm: declaration_file_name not present
root - WARNING - stdio.h: declaration_file_name not present
root - WARNING - global_planner/planner_core.h: declaration_file_name not present
root - WARNING - _PLANNERCORE_H: declaration_file_name not present
root - WARNING - POT_HIGH: declaration_file_name not present
root - WARNING - ros/ros.h: declaration_file_name not present
root - WARNING - costmap_2d/costmap_2d.h: declaration_file_name not present
root - WARNING - geometry_msgs/PoseStamped.h: declaration_file_name not present
root - WARNING - geometry_msgs/Point.h: declaration_file_name not present
root - WARNING - nav_msgs/Path.h: declaration_file_name not present
root - WARNING - vector: declaration_file_name not present
root - WARNING - nav_core/base_global_planner.h: declaration_file_name not present
root - WARNING - nav_msgs/GetPlan.h: declaration_file_name not present
root - WARNING - dynamic_reconfigure/server.h: declaration_file_name not present
root - WARNING - global_planner/potential_calculator.h: declaration_file_name not present
root - WARNING - global_planner/expander.h: declaration_file_name not present
root - WARNING - _EXPANDER_H: declaration_file_name not present
root - WARNING - global_planner/potential_calculator.h: declaration_file_name not present
root - WARNING - global_planner/planner_core.h: declaration_file_name not present
root - WARNING - global_planner/traceback.h: declaration_file_name not present
root - WARNING - global_planner/orientation_filter.h: declaration_file_name not present
root - WARNING - GLOBAL_PLANNER_ORIENTATION_FILTER_H: declaration_file_name not present
root - WARNING - nav_msgs/Path.h: declaration_file_name not present
root - WARNING - global_planner/GlobalPlannerConfig.h: declaration_file_name not present
root - WARNING - "[PathCalc] Out of bounds\n": declaration_file_name not present
root - WARNING - 'nav_msgs/Path.h' file not found
root - WARNING - global_planner/orientation_filter.h: declaration_file_name not present
root - WARNING - GLOBAL_PLANNER_ORIENTATION_FILTER_H: declaration_file_name not present
root - WARNING - nav_msgs/Path.h: declaration_file_name not present
root - WARNING - tf2/LinearMath/Matrix3x3.h: declaration_file_name not present
root - WARNING - tf2/utils.h: declaration_file_name not present
root - WARNING - tf2_geometry_msgs/tf2_geometry_msgs.h: declaration_file_name not present
root - WARNING - angles/angles.h: declaration_file_name not present
root - WARNING - 'ros/ros.h' file not found
root - WARNING - global_planner/planner_core.h: declaration_file_name not present
root - WARNING - _PLANNERCORE_H: declaration_file_name not present
root - WARNING - POT_HIGH: declaration_file_name not present
root - WARNING - ros/ros.h: declaration_file_name not present
root - WARNING - costmap_2d/costmap_2d.h: declaration_file_name not present
root - WARNING - geometry_msgs/PoseStamped.h: declaration_file_name not present
root - WARNING - geometry_msgs/Point.h: declaration_file_name not present
root - WARNING - nav_msgs/Path.h: declaration_file_name not present
root - WARNING - vector: declaration_file_name not present
root - WARNING - nav_core/base_global_planner.h: declaration_file_name not present
root - WARNING - nav_msgs/GetPlan.h: declaration_file_name not present
root - WARNING - dynamic_reconfigure/server.h: declaration_file_name not present
root - WARNING - global_planner/potential_calculator.h: declaration_file_name not present
root - WARNING - _POTENTIAL_CALCULATOR_H: declaration_file_name not present
root - WARNING - algorithm: declaration_file_name not present
root - WARNING - global_planner/expander.h: declaration_file_name not present
root - WARNING - _EXPANDER_H: declaration_file_name not present
root - WARNING - global_planner/potential_calculator.h: declaration_file_name not present
root - WARNING - global_planner/planner_core.h: declaration_file_name not present
root - WARNING - global_planner/traceback.h: declaration_file_name not present
root - WARNING - _TRACEBACK_H: declaration_file_name not present
root - WARNING - vector: declaration_file_name not present
root - WARNING - global_planner/potential_calculator.h: declaration_file_name not present
root - WARNING - global_planner/orientation_filter.h: declaration_file_name not present
root - WARNING - GLOBAL_PLANNER_ORIENTATION_FILTER_H: declaration_file_name not present
root - WARNING - nav_msgs/Path.h: declaration_file_name not present
root - WARNING - global_planner/GlobalPlannerConfig.h: declaration_file_name not present
root - WARNING - pluginlib/class_list_macros.hpp: declaration_file_name not present
root - WARNING - costmap_2d/cost_values.h: declaration_file_name not present
root - WARNING - costmap_2d/costmap_2d.h: declaration_file_name not present
root - WARNING - global_planner/dijkstra.h: declaration_file_name not present
root - WARNING - _DIJKSTRA_H: declaration_file_name not present
root - WARNING - PRIORITYBUFSIZE: declaration_file_name not present
root - WARNING - math.h: declaration_file_name not present
root - WARNING - stdint.h: declaration_file_name not present
root - WARNING - string.h: declaration_file_name not present
root - WARNING - stdio.h: declaration_file_name not present
root - WARNING - global_planner/planner_core.h: declaration_file_name not present
root - WARNING - global_planner/expander.h: declaration_file_name not present
root - WARNING - push_cur: declaration_file_name not present
root - WARNING - push_next: declaration_file_name not present
root - WARNING - push_over: declaration_file_name not present
root - WARNING - global_planner/astar.h: declaration_file_name not present
root - WARNING - _ASTAR_H: declaration_file_name not present
root - WARNING - global_planner/planner_core.h: declaration_file_name not present
root - WARNING - global_planner/expander.h: declaration_file_name not present
root - WARNING - vector: declaration_file_name not present
root - WARNING - algorithm: declaration_file_name not present
root - WARNING - global_planner/grid_path.h: declaration_file_name not present
root - WARNING - _GRID_PATH_H: declaration_file_name not present
root - WARNING - vector: declaration_file_name not present
root - WARNING - global_planner/traceback.h: declaration_file_name not present
root - WARNING - global_planner/gradient_path.h: declaration_file_name not present
root - WARNING - _GRADIENT_PATH_H: declaration_file_name not present
root - WARNING - global_planner/traceback.h: declaration_file_name not present
root - WARNING - math.h: declaration_file_name not present
root - WARNING - algorithm: declaration_file_name not present
root - WARNING - global_planner/quadratic_calculator.h: declaration_file_name not present
root - WARNING - _QUADRATIC_CALCULATOR_H: declaration_file_name not present
root - WARNING - vector: declaration_file_name not present
root - WARNING - global_planner/potential_calculator.h: declaration_file_name not present
