root - WARNING - 'ros/ros.h' file not found
root - WARNING - flatland_plugins/gps.h: declaration_file_name not present
root - WARNING - flatland_plugins/update_timer.h: declaration_file_name not present
root - WARNING - FLATLAND_PLUGINS_UPDATE_TIMER_H: declaration_file_name not present
root - WARNING - flatland_server/timekeeper.h: declaration_file_name not present
root - WARNING - ros/time.h: declaration_file_name not present
root - WARNING - flatland_server/model_plugin.h: declaration_file_name not present
root - WARNING - flatland_server/timekeeper.h: declaration_file_name not present
root - WARNING - flatland_server/types.h: declaration_file_name not present
root - WARNING - ros/ros.h: declaration_file_name not present
root - WARNING - sensor_msgs/NavSatFix.h: declaration_file_name not present
root - WARNING - tf/transform_broadcaster.h: declaration_file_name not present
root - WARNING - Eigen/Dense: declaration_file_name not present
root - WARNING - FLATLAND_PLUGINS_GPS_H: declaration_file_name not present
root - WARNING - flatland_server/model_plugin.h: declaration_file_name not present
root - WARNING - gtest/gtest.h: declaration_file_name not present
root - WARNING - pluginlib/class_loader.h: declaration_file_name not present
root - WARNING - ros/ros.h: declaration_file_name not present
root - WARNING - 'stdarg.h' file not found
root - WARNING - flatland_plugins/tween.h: declaration_file_name not present
root - WARNING - map: declaration_file_name not present
root - WARNING - Box2D/Box2D.h: declaration_file_name not present
root - WARNING - flatland_plugins/update_timer.h: declaration_file_name not present
root - WARNING - FLATLAND_PLUGINS_UPDATE_TIMER_H: declaration_file_name not present
root - WARNING - flatland_server/timekeeper.h: declaration_file_name not present
root - WARNING - ros/time.h: declaration_file_name not present
root - WARNING - flatland_server/model_plugin.h: declaration_file_name not present
root - WARNING - flatland_server/timekeeper.h: declaration_file_name not present
root - WARNING - flatland_server/types.h: declaration_file_name not present
root - WARNING - geometry_msgs/Twist.h: declaration_file_name not present
root - WARNING - nav_msgs/Odometry.h: declaration_file_name not present
root - WARNING - std_msgs/Bool.h: declaration_file_name not present
root - WARNING - tweeny.h: declaration_file_name not present
root - WARNING - TWEENY_H: declaration_file_name not present
root - WARNING - tween.h: declaration_file_name not present
root - WARNING - TWEENY_TWEEN_H: declaration_file_name not present
root - WARNING - tuple: declaration_file_name not present
root - WARNING - vector: declaration_file_name not present
root - WARNING - functional: declaration_file_name not present
root - WARNING - tweentraits.h: declaration_file_name not present
root - WARNING - TWEENY_TWEENTRAITS_H: declaration_file_name not present
root - WARNING - tuple: declaration_file_name not present
root - WARNING - functional: declaration_file_name not present
root - WARNING - type_traits: declaration_file_name not present
root - WARNING - tweenpoint.h: declaration_file_name not present
root - WARNING - TWEENY_TWEENPOINT_H: declaration_file_name not present
root - WARNING - tuple: declaration_file_name not present
root - WARNING - array: declaration_file_name not present
root - WARNING - tweentraits.h: declaration_file_name not present
root - WARNING - tweenpoint.tcc: declaration_file_name not present
root - WARNING - TWEENY_TWEENPOINT_TCC: declaration_file_name not present
root - WARNING - algorithm: declaration_file_name not present
root - WARNING - type_traits: declaration_file_name not present
root - WARNING - tweenpoint.h: declaration_file_name not present
root - WARNING - tweentraits.h: declaration_file_name not present
root - WARNING - easing.h: declaration_file_name not present
root - WARNING - TWEENY_EASING_H: declaration_file_name not present
root - WARNING - cmath: declaration_file_name not present
root - WARNING - type_traits: declaration_file_name not present
root - WARNING - easingresolve.h: declaration_file_name not present
root - WARNING - TWEENY_EASINGRESOLVE_H: declaration_file_name not present
root - WARNING - tuple: declaration_file_name not present
root - WARNING - easing.h: declaration_file_name not present
root - WARNING - DECLARE_EASING_RESOLVE: declaration_file_name not present
root - WARNING - int2type.h: declaration_file_name not present
root - WARNING - TWEENY_INT2TYPE_H: declaration_file_name not present
root - WARNING - tween.tcc: declaration_file_name not present
root - WARNING - TWEENY_TWEEN_TCC: declaration_file_name not present
root - WARNING - tween.h: declaration_file_name not present
root - WARNING - dispatcher.h: declaration_file_name not present
root - WARNING - TWEENY_DISPATCHER_H: declaration_file_name not present
root - WARNING - tuple: declaration_file_name not present
root - WARNING - tweenone.tcc: declaration_file_name not present
root - WARNING - TWEENY_TWEENONE_TCC: declaration_file_name not present
root - WARNING - tween.h: declaration_file_name not present
root - WARNING - dispatcher.h: declaration_file_name not present
root - WARNING - tween.h: declaration_file_name not present
root - WARNING - easing.h: declaration_file_name not present
root - WARNING - tweeny.tcc: declaration_file_name not present
root - WARNING - TWEENY_TWEENY_TCC: declaration_file_name not present
root - WARNING - tween.h: declaration_file_name not present
root - WARNING - FLATLAND_PLUGINS_TWEEN_H: declaration_file_name not present
root - WARNING - flatland_server/model_plugin.h: declaration_file_name not present
root - WARNING - flatland_server/timekeeper.h: declaration_file_name not present
root - WARNING - flatland_server/world.h: declaration_file_name not present
root - WARNING - gtest/gtest.h: declaration_file_name not present
root - WARNING - regex: declaration_file_name not present
root - WARNING - __FILE__: declaration_file_name not present
root - WARNING - "Number of functions passed to via() must be equal the number of values.": declaration_file_name not present
root - WARNING - "Amount of durations should be equal to the amount of values in a currentPoint": declaration_file_name not present
root - WARNING - 'ros/ros.h' file not found
root - WARNING - flatland_plugins/model_tf_publisher.h: declaration_file_name not present
root - WARNING - flatland_plugins/update_timer.h: declaration_file_name not present
root - WARNING - FLATLAND_PLUGINS_UPDATE_TIMER_H: declaration_file_name not present
root - WARNING - flatland_server/timekeeper.h: declaration_file_name not present
root - WARNING - ros/time.h: declaration_file_name not present
root - WARNING - flatland_server/model_plugin.h: declaration_file_name not present
root - WARNING - flatland_server/timekeeper.h: declaration_file_name not present
root - WARNING - ros/ros.h: declaration_file_name not present
root - WARNING - tf/transform_broadcaster.h: declaration_file_name not present
root - WARNING - FLATLAND_PLUGINS_MODEL_TF_PUBLISHER_H: declaration_file_name not present
root - WARNING - flatland_server/exceptions.h: declaration_file_name not present
root - WARNING - flatland_server/model_plugin.h: declaration_file_name not present
root - WARNING - flatland_server/timekeeper.h: declaration_file_name not present
root - WARNING - flatland_server/world.h: declaration_file_name not present
root - WARNING - geometry_msgs/TransformStamped.h: declaration_file_name not present
root - WARNING - gtest/gtest.h: declaration_file_name not present
root - WARNING - tf/transform_datatypes.h: declaration_file_name not present
root - WARNING - tf2_ros/transform_listener.h: declaration_file_name not present
root - WARNING - regex: declaration_file_name not present
root - WARNING - __FILE__: declaration_file_name not present
root - WARNING - "Expected: x=%f y=%f z=%f, roll=%f pitch=%f yaw=%f\n": declaration_file_name not present
root - WARNING - "Transformation\n": declaration_file_name not present
root - WARNING - 'ros/ros.h' file not found
root - WARNING - flatland_plugins/laser.h: declaration_file_name not present
root - WARNING - flatland_plugins/update_timer.h: declaration_file_name not present
root - WARNING - FLATLAND_PLUGINS_UPDATE_TIMER_H: declaration_file_name not present
root - WARNING - flatland_server/timekeeper.h: declaration_file_name not present
root - WARNING - ros/time.h: declaration_file_name not present
root - WARNING - flatland_server/model_plugin.h: declaration_file_name not present
root - WARNING - flatland_server/timekeeper.h: declaration_file_name not present
root - WARNING - flatland_server/types.h: declaration_file_name not present
root - WARNING - ros/ros.h: declaration_file_name not present
root - WARNING - sensor_msgs/LaserScan.h: declaration_file_name not present
root - WARNING - tf/transform_broadcaster.h: declaration_file_name not present
root - WARNING - thirdparty/ThreadPool.h: declaration_file_name not present
root - WARNING - THREAD_POOL_H: declaration_file_name not present
root - WARNING - vector: declaration_file_name not present
root - WARNING - queue: declaration_file_name not present
root - WARNING - memory: declaration_file_name not present
root - WARNING - thread: declaration_file_name not present
root - WARNING - mutex: declaration_file_name not present
root - WARNING - condition_variable: declaration_file_name not present
root - WARNING - future: declaration_file_name not present
root - WARNING - functional: declaration_file_name not present
root - WARNING - stdexcept: declaration_file_name not present
root - WARNING - visualization_msgs/Marker.h: declaration_file_name not present
root - WARNING - Eigen/Dense: declaration_file_name not present
root - WARNING - random: declaration_file_name not present
root - WARNING - thread: declaration_file_name not present
root - WARNING - FLATLAND_PLUGINS_LASER_H: declaration_file_name not present
root - WARNING - flatland_server/exceptions.h: declaration_file_name not present
root - WARNING - flatland_server/model_plugin.h: declaration_file_name not present
root - WARNING - flatland_server/timekeeper.h: declaration_file_name not present
root - WARNING - flatland_server/world.h: declaration_file_name not present
root - WARNING - gtest/gtest.h: declaration_file_name not present
root - WARNING - sensor_msgs/LaserScan.h: declaration_file_name not present
root - WARNING - regex: declaration_file_name not present
root - WARNING - __FILE__: declaration_file_name not present
root - WARNING - "enqueue on stopped ThreadPool": declaration_file_name not present
root - WARNING - "\n": declaration_file_name not present
root - WARNING - "Expected: ": declaration_file_name not present
root - WARNING - "\n": declaration_file_name not present
root - WARNING - "Actual: ": declaration_file_name not present
root - WARNING - "\"intensities\" does not math": declaration_file_name not present
root - WARNING - "\n": declaration_file_name not present
root - WARNING - "Expected: ": declaration_file_name not present
root - WARNING - "\n": declaration_file_name not present
root - WARNING - "Actual: ": declaration_file_name not present
root - WARNING - "\"ranges\" does not match\n": declaration_file_name not present
root - WARNING - "%s Actual:%f != Expected %f": declaration_file_name not present
root - WARNING - "}": declaration_file_name not present
root - WARNING - "{": declaration_file_name not present
root - WARNING - 'ros/ros.h' file not found
root - WARNING - flatland_plugins/update_timer.h: declaration_file_name not present
root - WARNING - FLATLAND_PLUGINS_UPDATE_TIMER_H: declaration_file_name not present
root - WARNING - flatland_server/timekeeper.h: declaration_file_name not present
root - WARNING - ros/time.h: declaration_file_name not present
root - WARNING - flatland_server/model_plugin.h: declaration_file_name not present
root - WARNING - flatland_server/timekeeper.h: declaration_file_name not present
root - WARNING - flatland_server/world.h: declaration_file_name not present
root - WARNING - gtest/gtest.h: declaration_file_name not present
root - WARNING - regex: declaration_file_name not present
root - WARNING - __FILE__: declaration_file_name not present
root - WARNING - "Actual Rate: %f, Expected Rate: %f\n": declaration_file_name not present
root - WARNING - 'stddef.h' file not found
root - WARNING - flatland_plugins/diff_drive.h: declaration_file_name not present
root - WARNING - Box2D/Box2D.h: declaration_file_name not present
root - WARNING - flatland_plugins/update_timer.h: declaration_file_name not present
root - WARNING - FLATLAND_PLUGINS_UPDATE_TIMER_H: declaration_file_name not present
root - WARNING - flatland_server/timekeeper.h: declaration_file_name not present
root - WARNING - ros/time.h: declaration_file_name not present
root - WARNING - flatland_server/model_plugin.h: declaration_file_name not present
root - WARNING - flatland_server/timekeeper.h: declaration_file_name not present
root - WARNING - geometry_msgs/Twist.h: declaration_file_name not present
root - WARNING - nav_msgs/Odometry.h: declaration_file_name not present
root - WARNING - tf/transform_broadcaster.h: declaration_file_name not present
root - WARNING - random: declaration_file_name not present
root - WARNING - FLATLAND_PLUGINS_DIFFDRIVE_H: declaration_file_name not present
root - WARNING - flatland_server/model_plugin.h: declaration_file_name not present
root - WARNING - gtest/gtest.h: declaration_file_name not present
root - WARNING - pluginlib/class_loader.h: declaration_file_name not present
root - WARNING - ros/ros.h: declaration_file_name not present
root - WARNING - 'stdarg.h' file not found
root - WARNING - flatland_msgs/Collisions.h: declaration_file_name not present
root - WARNING - flatland_plugins/bumper.h: declaration_file_name not present
root - WARNING - flatland_plugins/update_timer.h: declaration_file_name not present
root - WARNING - FLATLAND_PLUGINS_UPDATE_TIMER_H: declaration_file_name not present
root - WARNING - flatland_server/timekeeper.h: declaration_file_name not present
root - WARNING - ros/time.h: declaration_file_name not present
root - WARNING - flatland_server/model_plugin.h: declaration_file_name not present
root - WARNING - ros/ros.h: declaration_file_name not present
root - WARNING - FLATLAND_PLUGINS_BUMPER_H: declaration_file_name not present
root - WARNING - flatland_server/debug_visualization.h: declaration_file_name not present
root - WARNING - flatland_server/exceptions.h: declaration_file_name not present
root - WARNING - flatland_server/model_plugin.h: declaration_file_name not present
root - WARNING - flatland_server/timekeeper.h: declaration_file_name not present
root - WARNING - flatland_server/world.h: declaration_file_name not present
root - WARNING - gtest/gtest.h: declaration_file_name not present
root - WARNING - regex: declaration_file_name not present
root - WARNING - __FILE__: declaration_file_name not present
root - WARNING - 'stddef.h' file not found
root - WARNING - flatland_plugins/tricycle_drive.h: declaration_file_name not present
root - WARNING - Box2D/Box2D.h: declaration_file_name not present
root - WARNING - flatland_plugins/update_timer.h: declaration_file_name not present
root - WARNING - FLATLAND_PLUGINS_UPDATE_TIMER_H: declaration_file_name not present
root - WARNING - flatland_server/timekeeper.h: declaration_file_name not present
root - WARNING - ros/time.h: declaration_file_name not present
root - WARNING - flatland_server/model_plugin.h: declaration_file_name not present
root - WARNING - flatland_server/timekeeper.h: declaration_file_name not present
root - WARNING - geometry_msgs/Twist.h: declaration_file_name not present
root - WARNING - nav_msgs/Odometry.h: declaration_file_name not present
root - WARNING - random: declaration_file_name not present
root - WARNING - FLATLAND_PLUGINS_TRICYCLE_DRIVE_H: declaration_file_name not present
root - WARNING - flatland_server/model_plugin.h: declaration_file_name not present
root - WARNING - gtest/gtest.h: declaration_file_name not present
root - WARNING - pluginlib/class_loader.h: declaration_file_name not present
root - WARNING - ros/ros.h: declaration_file_name not present
root - WARNING - 'ros/ros.h' file not found
root - WARNING - flatland_plugins/laser.h: declaration_file_name not present
root - WARNING - flatland_plugins/update_timer.h: declaration_file_name not present
root - WARNING - FLATLAND_PLUGINS_UPDATE_TIMER_H: declaration_file_name not present
root - WARNING - flatland_server/timekeeper.h: declaration_file_name not present
root - WARNING - ros/time.h: declaration_file_name not present
root - WARNING - flatland_server/model_plugin.h: declaration_file_name not present
root - WARNING - flatland_server/timekeeper.h: declaration_file_name not present
root - WARNING - flatland_server/types.h: declaration_file_name not present
root - WARNING - ros/ros.h: declaration_file_name not present
root - WARNING - sensor_msgs/LaserScan.h: declaration_file_name not present
root - WARNING - tf/transform_broadcaster.h: declaration_file_name not present
root - WARNING - thirdparty/ThreadPool.h: declaration_file_name not present
root - WARNING - THREAD_POOL_H: declaration_file_name not present
root - WARNING - vector: declaration_file_name not present
root - WARNING - queue: declaration_file_name not present
root - WARNING - memory: declaration_file_name not present
root - WARNING - thread: declaration_file_name not present
root - WARNING - mutex: declaration_file_name not present
root - WARNING - condition_variable: declaration_file_name not present
root - WARNING - future: declaration_file_name not present
root - WARNING - functional: declaration_file_name not present
root - WARNING - stdexcept: declaration_file_name not present
root - WARNING - visualization_msgs/Marker.h: declaration_file_name not present
root - WARNING - Eigen/Dense: declaration_file_name not present
root - WARNING - random: declaration_file_name not present
root - WARNING - thread: declaration_file_name not present
root - WARNING - FLATLAND_PLUGINS_LASER_H: declaration_file_name not present
root - WARNING - flatland_server/collision_filter_registry.h: declaration_file_name not present
root - WARNING - flatland_server/exceptions.h: declaration_file_name not present
root - WARNING - flatland_server/model_plugin.h: declaration_file_name not present
root - WARNING - flatland_server/yaml_reader.h: declaration_file_name not present
root - WARNING - geometry_msgs/TransformStamped.h: declaration_file_name not present
root - WARNING - pluginlib/class_list_macros.h: declaration_file_name not present
root - WARNING - boost/algorithm/string/join.hpp: declaration_file_name not present
root - WARNING - cmath: declaration_file_name not present
root - WARNING - limits: declaration_file_name not present
root - WARNING - "enqueue on stopped ThreadPool": declaration_file_name not present
root - WARNING - 'stddef.h' file not found
root - WARNING - Box2D/Box2D.h: declaration_file_name not present
root - WARNING - flatland_plugins/tricycle_drive.h: declaration_file_name not present
root - WARNING - Box2D/Box2D.h: declaration_file_name not present
root - WARNING - flatland_plugins/update_timer.h: declaration_file_name not present
root - WARNING - FLATLAND_PLUGINS_UPDATE_TIMER_H: declaration_file_name not present
root - WARNING - flatland_server/timekeeper.h: declaration_file_name not present
root - WARNING - ros/time.h: declaration_file_name not present
root - WARNING - flatland_server/model_plugin.h: declaration_file_name not present
root - WARNING - flatland_server/timekeeper.h: declaration_file_name not present
root - WARNING - geometry_msgs/Twist.h: declaration_file_name not present
root - WARNING - nav_msgs/Odometry.h: declaration_file_name not present
root - WARNING - random: declaration_file_name not present
root - WARNING - FLATLAND_PLUGINS_TRICYCLE_DRIVE_H: declaration_file_name not present
root - WARNING - flatland_server/debug_visualization.h: declaration_file_name not present
root - WARNING - flatland_server/model_plugin.h: declaration_file_name not present
root - WARNING - flatland_server/yaml_reader.h: declaration_file_name not present
root - WARNING - pluginlib/class_list_macros.h: declaration_file_name not present
root - WARNING - ros/ros.h: declaration_file_name not present
root - WARNING - tf/tf.h: declaration_file_name not present
root - WARNING - 'stddef.h' file not found
root - WARNING - Box2D/Box2D.h: declaration_file_name not present
root - WARNING - flatland_plugins/diff_drive.h: declaration_file_name not present
root - WARNING - Box2D/Box2D.h: declaration_file_name not present
root - WARNING - flatland_plugins/update_timer.h: declaration_file_name not present
root - WARNING - FLATLAND_PLUGINS_UPDATE_TIMER_H: declaration_file_name not present
root - WARNING - flatland_server/timekeeper.h: declaration_file_name not present
root - WARNING - ros/time.h: declaration_file_name not present
root - WARNING - flatland_server/model_plugin.h: declaration_file_name not present
root - WARNING - flatland_server/timekeeper.h: declaration_file_name not present
root - WARNING - geometry_msgs/Twist.h: declaration_file_name not present
root - WARNING - nav_msgs/Odometry.h: declaration_file_name not present
root - WARNING - tf/transform_broadcaster.h: declaration_file_name not present
root - WARNING - random: declaration_file_name not present
root - WARNING - FLATLAND_PLUGINS_DIFFDRIVE_H: declaration_file_name not present
root - WARNING - flatland_server/debug_visualization.h: declaration_file_name not present
root - WARNING - flatland_server/model_plugin.h: declaration_file_name not present
root - WARNING - geometry_msgs/TransformStamped.h: declaration_file_name not present
root - WARNING - pluginlib/class_list_macros.h: declaration_file_name not present
root - WARNING - ros/ros.h: declaration_file_name not present
root - WARNING - tf/tf.h: declaration_file_name not present
root - WARNING - 'ros/ros.h' file not found
root - WARNING - flatland_plugins/model_tf_publisher.h: declaration_file_name not present
root - WARNING - flatland_plugins/update_timer.h: declaration_file_name not present
root - WARNING - FLATLAND_PLUGINS_UPDATE_TIMER_H: declaration_file_name not present
root - WARNING - flatland_server/timekeeper.h: declaration_file_name not present
root - WARNING - ros/time.h: declaration_file_name not present
root - WARNING - flatland_server/model_plugin.h: declaration_file_name not present
root - WARNING - flatland_server/timekeeper.h: declaration_file_name not present
root - WARNING - ros/ros.h: declaration_file_name not present
root - WARNING - tf/transform_broadcaster.h: declaration_file_name not present
root - WARNING - FLATLAND_PLUGINS_MODEL_TF_PUBLISHER_H: declaration_file_name not present
root - WARNING - flatland_server/exceptions.h: declaration_file_name not present
root - WARNING - flatland_server/model_plugin.h: declaration_file_name not present
root - WARNING - flatland_server/yaml_reader.h: declaration_file_name not present
root - WARNING - geometry_msgs/TransformStamped.h: declaration_file_name not present
root - WARNING - pluginlib/class_list_macros.h: declaration_file_name not present
root - WARNING - Eigen/Dense: declaration_file_name not present
root - WARNING - boost/algorithm/string/join.hpp: declaration_file_name not present
root - WARNING - 'ros/ros.h' file not found
root - WARNING - flatland_plugins/update_timer.h: declaration_file_name not present
root - WARNING - FLATLAND_PLUGINS_UPDATE_TIMER_H: declaration_file_name not present
root - WARNING - flatland_server/timekeeper.h: declaration_file_name not present
root - WARNING - ros/time.h: declaration_file_name not present
root - WARNING - cstdint: declaration_file_name not present
root - WARNING - 'stdarg.h' file not found
root - WARNING - flatland_msgs/Collision.h: declaration_file_name not present
root - WARNING - flatland_msgs/Collisions.h: declaration_file_name not present
root - WARNING - flatland_plugins/bumper.h: declaration_file_name not present
root - WARNING - flatland_plugins/update_timer.h: declaration_file_name not present
root - WARNING - FLATLAND_PLUGINS_UPDATE_TIMER_H: declaration_file_name not present
root - WARNING - flatland_server/timekeeper.h: declaration_file_name not present
root - WARNING - ros/time.h: declaration_file_name not present
root - WARNING - flatland_server/model_plugin.h: declaration_file_name not present
root - WARNING - ros/ros.h: declaration_file_name not present
root - WARNING - FLATLAND_PLUGINS_BUMPER_H: declaration_file_name not present
root - WARNING - flatland_server/exceptions.h: declaration_file_name not present
root - WARNING - flatland_server/timekeeper.h: declaration_file_name not present
root - WARNING - flatland_server/yaml_reader.h: declaration_file_name not present
root - WARNING - pluginlib/class_list_macros.h: declaration_file_name not present
root - WARNING - boost/algorithm/string/join.hpp: declaration_file_name not present
root - WARNING - 'stddef.h' file not found
root - WARNING - Box2D/Box2D.h: declaration_file_name not present
root - WARNING - flatland_plugins/tween.h: declaration_file_name not present
root - WARNING - map: declaration_file_name not present
root - WARNING - Box2D/Box2D.h: declaration_file_name not present
root - WARNING - flatland_plugins/update_timer.h: declaration_file_name not present
root - WARNING - FLATLAND_PLUGINS_UPDATE_TIMER_H: declaration_file_name not present
root - WARNING - flatland_server/timekeeper.h: declaration_file_name not present
root - WARNING - ros/time.h: declaration_file_name not present
root - WARNING - flatland_server/model_plugin.h: declaration_file_name not present
root - WARNING - flatland_server/timekeeper.h: declaration_file_name not present
root - WARNING - flatland_server/types.h: declaration_file_name not present
root - WARNING - geometry_msgs/Twist.h: declaration_file_name not present
root - WARNING - nav_msgs/Odometry.h: declaration_file_name not present
root - WARNING - std_msgs/Bool.h: declaration_file_name not present
root - WARNING - tweeny.h: declaration_file_name not present
root - WARNING - TWEENY_H: declaration_file_name not present
root - WARNING - tween.h: declaration_file_name not present
root - WARNING - TWEENY_TWEEN_H: declaration_file_name not present
root - WARNING - tuple: declaration_file_name not present
root - WARNING - vector: declaration_file_name not present
root - WARNING - functional: declaration_file_name not present
root - WARNING - tweentraits.h: declaration_file_name not present
root - WARNING - TWEENY_TWEENTRAITS_H: declaration_file_name not present
root - WARNING - tuple: declaration_file_name not present
root - WARNING - functional: declaration_file_name not present
root - WARNING - type_traits: declaration_file_name not present
root - WARNING - tweenpoint.h: declaration_file_name not present
root - WARNING - TWEENY_TWEENPOINT_H: declaration_file_name not present
root - WARNING - tuple: declaration_file_name not present
root - WARNING - array: declaration_file_name not present
root - WARNING - tweentraits.h: declaration_file_name not present
root - WARNING - tweenpoint.tcc: declaration_file_name not present
root - WARNING - TWEENY_TWEENPOINT_TCC: declaration_file_name not present
root - WARNING - algorithm: declaration_file_name not present
root - WARNING - type_traits: declaration_file_name not present
root - WARNING - tweenpoint.h: declaration_file_name not present
root - WARNING - tweentraits.h: declaration_file_name not present
root - WARNING - easing.h: declaration_file_name not present
root - WARNING - TWEENY_EASING_H: declaration_file_name not present
root - WARNING - cmath: declaration_file_name not present
root - WARNING - type_traits: declaration_file_name not present
root - WARNING - easingresolve.h: declaration_file_name not present
root - WARNING - TWEENY_EASINGRESOLVE_H: declaration_file_name not present
root - WARNING - tuple: declaration_file_name not present
root - WARNING - easing.h: declaration_file_name not present
root - WARNING - DECLARE_EASING_RESOLVE: declaration_file_name not present
root - WARNING - int2type.h: declaration_file_name not present
root - WARNING - TWEENY_INT2TYPE_H: declaration_file_name not present
root - WARNING - tween.tcc: declaration_file_name not present
root - WARNING - TWEENY_TWEEN_TCC: declaration_file_name not present
root - WARNING - tween.h: declaration_file_name not present
root - WARNING - dispatcher.h: declaration_file_name not present
root - WARNING - TWEENY_DISPATCHER_H: declaration_file_name not present
root - WARNING - tuple: declaration_file_name not present
root - WARNING - tweenone.tcc: declaration_file_name not present
root - WARNING - TWEENY_TWEENONE_TCC: declaration_file_name not present
root - WARNING - tween.h: declaration_file_name not present
root - WARNING - dispatcher.h: declaration_file_name not present
root - WARNING - tween.h: declaration_file_name not present
root - WARNING - easing.h: declaration_file_name not present
root - WARNING - tweeny.tcc: declaration_file_name not present
root - WARNING - TWEENY_TWEENY_TCC: declaration_file_name not present
root - WARNING - tween.h: declaration_file_name not present
root - WARNING - FLATLAND_PLUGINS_TWEEN_H: declaration_file_name not present
root - WARNING - flatland_server/debug_visualization.h: declaration_file_name not present
root - WARNING - flatland_server/model_plugin.h: declaration_file_name not present
root - WARNING - pluginlib/class_list_macros.h: declaration_file_name not present
root - WARNING - ros/ros.h: declaration_file_name not present
root - WARNING - tf/tf.h: declaration_file_name not present
root - WARNING - "Number of functions passed to via() must be equal the number of values.": declaration_file_name not present
root - WARNING - "Amount of durations should be equal to the amount of values in a currentPoint": declaration_file_name not present
root - WARNING - 'ros/ros.h' file not found
root - WARNING - flatland_plugins/bool_sensor.h: declaration_file_name not present
root - WARNING - flatland_plugins/update_timer.h: declaration_file_name not present
root - WARNING - FLATLAND_PLUGINS_UPDATE_TIMER_H: declaration_file_name not present
root - WARNING - flatland_server/timekeeper.h: declaration_file_name not present
root - WARNING - ros/time.h: declaration_file_name not present
root - WARNING - flatland_server/model_plugin.h: declaration_file_name not present
root - WARNING - ros/ros.h: declaration_file_name not present
root - WARNING - std_msgs/Bool.h: declaration_file_name not present
root - WARNING - FLATLAND_PLUGINS_BOOL_SENSOR_H: declaration_file_name not present
root - WARNING - flatland_server/timekeeper.h: declaration_file_name not present
root - WARNING - flatland_server/yaml_reader.h: declaration_file_name not present
root - WARNING - pluginlib/class_list_macros.h: declaration_file_name not present
root - WARNING - 'stddef.h' file not found
root - WARNING - Box2D/Box2D.h: declaration_file_name not present
root - WARNING - ros/ros.h: declaration_file_name not present
root - WARNING - flatland_plugins/world_modifier.h: declaration_file_name not present
root - WARNING - WORLD_MODIFIER_H: declaration_file_name not present
root - WARNING - Box2D/Box2D.h: declaration_file_name not present
root - WARNING - flatland_server/types.h: declaration_file_name not present
root - WARNING - flatland_server/world.h: declaration_file_name not present
root - WARNING - flatland_server/yaml_reader.h: declaration_file_name not present
root - WARNING - ros/ros.h: declaration_file_name not present
root - WARNING - yaml-cpp/yaml.h: declaration_file_name not present
root - WARNING - map: declaration_file_name not present
root - WARNING - string: declaration_file_name not present
root - WARNING - vector: declaration_file_name not present
root - WARNING - flatland_server/layer.h: declaration_file_name not present
root - WARNING - flatland_server/types.h: declaration_file_name not present
root - WARNING - flatland_server/world.h: declaration_file_name not present
root - WARNING - flatland_server/yaml_reader.h: declaration_file_name not present
root - WARNING - yaml-cpp/yaml.h: declaration_file_name not present
root - WARNING - boost/filesystem.hpp: declaration_file_name not present
root - WARNING - algorithm: declaration_file_name not present
root - WARNING - cmath: declaration_file_name not present
root - WARNING - iostream: declaration_file_name not present
root - WARNING - map: declaration_file_name not present
root - WARNING - string: declaration_file_name not present
root - WARNING - vector: declaration_file_name not present
root - WARNING - "no such layer name!": declaration_file_name not present
root - WARNING - 'stddef.h' file not found
root - WARNING - Box2D/Box2D.h: declaration_file_name not present
root - WARNING - flatland_plugins/world_modifier.h: declaration_file_name not present
root - WARNING - WORLD_MODIFIER_H: declaration_file_name not present
root - WARNING - Box2D/Box2D.h: declaration_file_name not present
root - WARNING - flatland_server/types.h: declaration_file_name not present
root - WARNING - flatland_server/world.h: declaration_file_name not present
root - WARNING - flatland_server/yaml_reader.h: declaration_file_name not present
root - WARNING - ros/ros.h: declaration_file_name not present
root - WARNING - yaml-cpp/yaml.h: declaration_file_name not present
root - WARNING - map: declaration_file_name not present
root - WARNING - string: declaration_file_name not present
root - WARNING - vector: declaration_file_name not present
root - WARNING - flatland_plugins/world_random_wall.h: declaration_file_name not present
root - WARNING - Box2D/Box2D.h: declaration_file_name not present
root - WARNING - flatland_server/types.h: declaration_file_name not present
root - WARNING - flatland_server/world_plugin.h: declaration_file_name not present
root - WARNING - ros/ros.h: declaration_file_name not present
root - WARNING - string: declaration_file_name not present
root - WARNING - FLATLAND_PLUGINS_WORLD_RANDOM_WALL_H: declaration_file_name not present
root - WARNING - flatland_server/types.h: declaration_file_name not present
root - WARNING - flatland_server/world_plugin.h: declaration_file_name not present
root - WARNING - pluginlib/class_list_macros.h: declaration_file_name not present
root - WARNING - ros/ros.h: declaration_file_name not present
root - WARNING - yaml-cpp/yaml.h: declaration_file_name not present
root - WARNING - algorithm: declaration_file_name not present
root - WARNING - iostream: declaration_file_name not present
root - WARNING - string: declaration_file_name not present
root - WARNING - "cannot find specified robot name of ": declaration_file_name not present
root - WARNING - "no robot specified!": declaration_file_name not present
root - WARNING - "no such layer name!": declaration_file_name not present
root - WARNING - 'ros/ros.h' file not found
root - WARNING - flatland_plugins/gps.h: declaration_file_name not present
root - WARNING - flatland_plugins/update_timer.h: declaration_file_name not present
root - WARNING - FLATLAND_PLUGINS_UPDATE_TIMER_H: declaration_file_name not present
root - WARNING - flatland_server/timekeeper.h: declaration_file_name not present
root - WARNING - ros/time.h: declaration_file_name not present
root - WARNING - flatland_server/model_plugin.h: declaration_file_name not present
root - WARNING - flatland_server/timekeeper.h: declaration_file_name not present
root - WARNING - flatland_server/types.h: declaration_file_name not present
root - WARNING - ros/ros.h: declaration_file_name not present
root - WARNING - sensor_msgs/NavSatFix.h: declaration_file_name not present
root - WARNING - tf/transform_broadcaster.h: declaration_file_name not present
root - WARNING - Eigen/Dense: declaration_file_name not present
root - WARNING - FLATLAND_PLUGINS_GPS_H: declaration_file_name not present
root - WARNING - pluginlib/class_list_macros.h: declaration_file_name not present
