root - WARNING - 'tf/transform_datatypes.h' file not found
root - WARNING - tf/transform_datatypes.h: declaration_file_name not present
root - WARNING - urdf_parser/urdf_parser.h: declaration_file_name not present
root - WARNING - boost/assign.hpp: declaration_file_name not present
root - WARNING - mecanum_drive_controller/mecanum_drive_controller.h: declaration_file_name not present
root - WARNING - controller_interface/controller.h: declaration_file_name not present
root - WARNING - hardware_interface/joint_command_interface.h: declaration_file_name not present
root - WARNING - pluginlib/class_list_macros.h: declaration_file_name not present
root - WARNING - nav_msgs/Odometry.h: declaration_file_name not present
root - WARNING - tf/tfMessage.h: declaration_file_name not present
root - WARNING - realtime_tools/realtime_buffer.h: declaration_file_name not present
root - WARNING - realtime_tools/realtime_publisher.h: declaration_file_name not present
root - WARNING - mecanum_drive_controller/odometry.h: declaration_file_name not present
root - WARNING - ODOMETRY_H_: declaration_file_name not present
root - WARNING - ros/time.h: declaration_file_name not present
root - WARNING - boost/accumulators/accumulators.hpp: declaration_file_name not present
root - WARNING - boost/accumulators/statistics/stats.hpp: declaration_file_name not present
root - WARNING - boost/accumulators/statistics/rolling_mean.hpp: declaration_file_name not present
root - WARNING - boost/function.hpp: declaration_file_name not present
root - WARNING - mecanum_drive_controller/speed_limiter.h: declaration_file_name not present
root - WARNING - SPEED_LIMITER_H: declaration_file_name not present
root - WARNING - 'ros/time.h' file not found
root - WARNING - mecanum_drive_controller/odometry.h: declaration_file_name not present
root - WARNING - ODOMETRY_H_: declaration_file_name not present
root - WARNING - ros/time.h: declaration_file_name not present
root - WARNING - boost/accumulators/accumulators.hpp: declaration_file_name not present
root - WARNING - boost/accumulators/statistics/stats.hpp: declaration_file_name not present
root - WARNING - boost/accumulators/statistics/rolling_mean.hpp: declaration_file_name not present
root - WARNING - boost/function.hpp: declaration_file_name not present
root - WARNING - tf/transform_datatypes.h: declaration_file_name not present
root - WARNING - boost/bind.hpp: declaration_file_name not present
root - WARNING - 'stddef.h' file not found
root - WARNING - algorithm: declaration_file_name not present
root - WARNING - mecanum_drive_controller/speed_limiter.h: declaration_file_name not present
root - WARNING - SPEED_LIMITER_H: declaration_file_name not present
