root - WARNING - 'ros/ros.h' file not found
root - WARNING - ../include/all_in_one_local_planner_interface/all_in_one_local_planner_node.h: declaration_file_name not present
root - WARNING - ALL_IN_ONE_LOCAL_PLANNER_INTERFACE_ALL_IN_ONE_LOCAL_PLANNER_NODE_H: declaration_file_name not present
root - WARNING - ros/ros.h: declaration_file_name not present
root - WARNING - tf2_ros/buffer.h: declaration_file_name not present
root - WARNING - nav_core/base_local_planner.h: declaration_file_name not present
root - WARNING - all_in_one_local_planner_interface/GetVelCmd.h: declaration_file_name not present
root - WARNING - all_in_one_local_planner_interface/GetVelCmdWithGlobalPlan.h: declaration_file_name not present
root - WARNING - all_in_one_local_planner_interface/SetGlobalPlan.h: declaration_file_name not present
root - WARNING - all_in_one_local_planner_interface/ResetCostmap.h: declaration_file_name not present
root - WARNING - tf2_ros/transform_listener.h: declaration_file_name not present
root - WARNING - 'ros/ros.h' file not found
root - WARNING - ../include/all_in_one_local_planner_interface/all_in_one_local_planner_node.h: declaration_file_name not present
root - WARNING - ALL_IN_ONE_LOCAL_PLANNER_INTERFACE_ALL_IN_ONE_LOCAL_PLANNER_NODE_H: declaration_file_name not present
root - WARNING - ros/ros.h: declaration_file_name not present
root - WARNING - tf2_ros/buffer.h: declaration_file_name not present
root - WARNING - nav_core/base_local_planner.h: declaration_file_name not present
root - WARNING - all_in_one_local_planner_interface/GetVelCmd.h: declaration_file_name not present
root - WARNING - all_in_one_local_planner_interface/GetVelCmdWithGlobalPlan.h: declaration_file_name not present
root - WARNING - all_in_one_local_planner_interface/SetGlobalPlan.h: declaration_file_name not present
root - WARNING - all_in_one_local_planner_interface/ResetCostmap.h: declaration_file_name not present
root - WARNING - tf2_ros/transform_listener.h: declaration_file_name not present
