root - WARNING - 'Eigen/Eigen' file not found
root - WARNING - path_search/astar.h: declaration_file_name not present
root - WARNING - _ASTAR_H: declaration_file_name not present
root - WARNING - Eigen/Eigen: declaration_file_name not present
root - WARNING - iostream: declaration_file_name not present
root - WARNING - string: declaration_file_name not present
root - WARNING - ros/console.h: declaration_file_name not present
root - WARNING - ros/ros.h: declaration_file_name not present
root - WARNING - map: declaration_file_name not present
root - WARNING - unordered_map: declaration_file_name not present
root - WARNING - boost/functional/hash.hpp: declaration_file_name not present
root - WARNING - queue: declaration_file_name not present
root - WARNING - memory: declaration_file_name not present
root - WARNING - mapping/mapping.h: declaration_file_name not present
root - WARNING - IN_CLOSE_SET: declaration_file_name not present
root - WARNING - IN_OPEN_SET: declaration_file_name not present
root - WARNING - NOT_EXPAND: declaration_file_name not present
root - WARNING - inf: declaration_file_name not present
root - WARNING - 'ros/console.h' file not found
root - WARNING - path_search/kinodynamic_astar.h: declaration_file_name not present
root - WARNING - _KINODYNAMIC_ASTAR_H: declaration_file_name not present
root - WARNING - ros/console.h: declaration_file_name not present
root - WARNING - ros/ros.h: declaration_file_name not present
root - WARNING - Eigen/Eigen: declaration_file_name not present
root - WARNING - iostream: declaration_file_name not present
root - WARNING - string: declaration_file_name not present
root - WARNING - boost/functional/hash.hpp: declaration_file_name not present
root - WARNING - map: declaration_file_name not present
root - WARNING - queue: declaration_file_name not present
root - WARNING - unordered_map: declaration_file_name not present
root - WARNING - utility: declaration_file_name not present
root - WARNING - mapping/mapping.h: declaration_file_name not present
root - WARNING - IN_CLOSE_SET: declaration_file_name not present
root - WARNING - IN_OPEN_SET: declaration_file_name not present
root - WARNING - NOT_EXPAND: declaration_file_name not present
root - WARNING - inf: declaration_file_name not present
root - WARNING - 'stdarg.h' file not found
root - WARNING - path_search/dyn_astar.h: declaration_file_name not present
root - WARNING - _DYN_A_STAR_H_: declaration_file_name not present
root - WARNING - iostream: declaration_file_name not present
root - WARNING - ros/ros.h: declaration_file_name not present
root - WARNING - ros/console.h: declaration_file_name not present
root - WARNING - Eigen/Eigen: declaration_file_name not present
root - WARNING - queue: declaration_file_name not present
root - WARNING - mapping/mapping.h: declaration_file_name not present
root - WARNING - inf: declaration_file_name not present
