root - WARNING - 'stdarg.h' file not found
root - WARNING - cob_omni_drive_controller/UndercarriageCtrlGeom.h: declaration_file_name not present
root - WARNING - UndercarriageCtrlGeom_INCLUDEDEF_H: declaration_file_name not present
root - WARNING - vector: declaration_file_name not present
root - WARNING - string: declaration_file_name not present
root - WARNING - stdexcept: declaration_file_name not present
root - WARNING - boost/make_shared.hpp: declaration_file_name not present
root - WARNING - math.h: declaration_file_name not present
root - WARNING - angles/angles.h: declaration_file_name not present
root - WARNING - stdexcept: declaration_file_name not present
root - WARNING - boost/shared_ptr.hpp: declaration_file_name not present
root - WARNING - "number of states does not match number of wheels": declaration_file_name not present
root - WARNING - 'urdf/model.h' file not found
root - WARNING - cob_omni_drive_controller/param_parser.h: declaration_file_name not present
root - WARNING - COB_OMNI_DRIVE_CONTROLLER_PARAM_PARSER_H: declaration_file_name not present
root - WARNING - urdf/model.h: declaration_file_name not present
root - WARNING - tf2/LinearMath/Quaternion.h: declaration_file_name not present
root - WARNING - tf2/LinearMath/Transform.h: declaration_file_name not present
root - WARNING - tf2/LinearMath/Vector3.h: declaration_file_name not present
root - WARNING - cob_omni_drive_controller/UndercarriageCtrlGeomROS.h: declaration_file_name not present
root - WARNING - COB_OMNI_DRIVE_CONTROLLER_ROS_H_: declaration_file_name not present
root - WARNING - ros/ros.h: declaration_file_name not present
root - WARNING - cob_omni_drive_controller/UndercarriageCtrlGeom.h: declaration_file_name not present
root - WARNING - UndercarriageCtrlGeom_INCLUDEDEF_H: declaration_file_name not present
root - WARNING - vector: declaration_file_name not present
root - WARNING - string: declaration_file_name not present
root - WARNING - stdexcept: declaration_file_name not present
root - WARNING - boost/make_shared.hpp: declaration_file_name not present
root - WARNING - urdf/model.h: declaration_file_name not present
root - WARNING - angles/angles.h: declaration_file_name not present
root - WARNING - XmlRpcException.h: declaration_file_name not present
root - WARNING - tf2/LinearMath/Quaternion.h: declaration_file_name not present
root - WARNING - tf2/LinearMath/Transform.h: declaration_file_name not present
root - WARNING - tf2/LinearMath/Vector3.h: declaration_file_name not present
root - WARNING - "number of states does not match number of wheels": declaration_file_name not present
root - WARNING - 'controller_interface/controller.h' file not found
root - WARNING - GeomController.h: declaration_file_name not present
root - WARNING - H_GEOM_CONTROLLER_IMPL: declaration_file_name not present
root - WARNING - controller_interface/controller.h: declaration_file_name not present
root - WARNING - cob_omni_drive_controller/UndercarriageCtrlGeomROS.h: declaration_file_name not present
root - WARNING - COB_OMNI_DRIVE_CONTROLLER_ROS_H_: declaration_file_name not present
root - WARNING - ros/ros.h: declaration_file_name not present
root - WARNING - cob_omni_drive_controller/UndercarriageCtrlGeom.h: declaration_file_name not present
root - WARNING - UndercarriageCtrlGeom_INCLUDEDEF_H: declaration_file_name not present
root - WARNING - vector: declaration_file_name not present
root - WARNING - string: declaration_file_name not present
root - WARNING - stdexcept: declaration_file_name not present
root - WARNING - boost/make_shared.hpp: declaration_file_name not present
root - WARNING - boost/scoped_ptr.hpp: declaration_file_name not present
root - WARNING - WheelControllerBase.h: declaration_file_name not present
root - WARNING - H_WHEEL_CONTROLLER_IMPL: declaration_file_name not present
root - WARNING - controller_interface/controller.h: declaration_file_name not present
root - WARNING - hardware_interface/joint_command_interface.h: declaration_file_name not present
root - WARNING - pluginlib/class_list_macros.h: declaration_file_name not present
root - WARNING - cob_omni_drive_controller/UndercarriageCtrlGeom.h: declaration_file_name not present
root - WARNING - geometry_msgs/Twist.h: declaration_file_name not present
root - WARNING - boost/scoped_ptr.hpp: declaration_file_name not present
root - WARNING - boost/weak_ptr.hpp: declaration_file_name not present
root - WARNING - boost/thread/mutex.hpp: declaration_file_name not present
root - WARNING - realtime_tools/realtime_publisher.h: declaration_file_name not present
root - WARNING - cob_base_controller_utils/WheelCommands.h: declaration_file_name not present
root - WARNING - controller_interface/multi_interface_controller.h: declaration_file_name not present
root - WARNING - hardware_interface/joint_command_interface.h: declaration_file_name not present
root - WARNING - "number of states does not match number of wheels": declaration_file_name not present
root - WARNING - T: declaration_file_name not present
root - WARNING - 'controller_interface/controller.h' file not found
root - WARNING - GeomController.h: declaration_file_name not present
root - WARNING - H_GEOM_CONTROLLER_IMPL: declaration_file_name not present
root - WARNING - controller_interface/controller.h: declaration_file_name not present
root - WARNING - cob_omni_drive_controller/UndercarriageCtrlGeomROS.h: declaration_file_name not present
root - WARNING - COB_OMNI_DRIVE_CONTROLLER_ROS_H_: declaration_file_name not present
root - WARNING - ros/ros.h: declaration_file_name not present
root - WARNING - cob_omni_drive_controller/UndercarriageCtrlGeom.h: declaration_file_name not present
root - WARNING - UndercarriageCtrlGeom_INCLUDEDEF_H: declaration_file_name not present
root - WARNING - vector: declaration_file_name not present
root - WARNING - string: declaration_file_name not present
root - WARNING - stdexcept: declaration_file_name not present
root - WARNING - boost/make_shared.hpp: declaration_file_name not present
root - WARNING - boost/scoped_ptr.hpp: declaration_file_name not present
root - WARNING - WheelControllerBase.h: declaration_file_name not present
root - WARNING - H_WHEEL_CONTROLLER_IMPL: declaration_file_name not present
root - WARNING - controller_interface/controller.h: declaration_file_name not present
root - WARNING - hardware_interface/joint_command_interface.h: declaration_file_name not present
root - WARNING - pluginlib/class_list_macros.h: declaration_file_name not present
root - WARNING - cob_omni_drive_controller/UndercarriageCtrlGeom.h: declaration_file_name not present
root - WARNING - geometry_msgs/Twist.h: declaration_file_name not present
root - WARNING - boost/scoped_ptr.hpp: declaration_file_name not present
root - WARNING - boost/weak_ptr.hpp: declaration_file_name not present
root - WARNING - boost/thread/mutex.hpp: declaration_file_name not present
root - WARNING - realtime_tools/realtime_publisher.h: declaration_file_name not present
root - WARNING - cob_base_controller_utils/WheelCommands.h: declaration_file_name not present
root - WARNING - dynamic_reconfigure/server.h: declaration_file_name not present
root - WARNING - cob_omni_drive_controller/SteerCtrlConfig.h: declaration_file_name not present
root - WARNING - "number of states does not match number of wheels": declaration_file_name not present
root - WARNING - T: declaration_file_name not present
root - WARNING - 'hardware_interface/joint_state_interface.h' file not found
root - WARNING - hardware_interface/joint_state_interface.h: declaration_file_name not present
root - WARNING - pluginlib/class_list_macros.h: declaration_file_name not present
root - WARNING - tf/transform_broadcaster.h: declaration_file_name not present
root - WARNING - cob_base_controller_utils/OdometryTracker.h: declaration_file_name not present
root - WARNING - cob_omni_drive_controller/UndercarriageCtrlGeom.h: declaration_file_name not present
root - WARNING - UndercarriageCtrlGeom_INCLUDEDEF_H: declaration_file_name not present
root - WARNING - vector: declaration_file_name not present
root - WARNING - string: declaration_file_name not present
root - WARNING - stdexcept: declaration_file_name not present
root - WARNING - boost/make_shared.hpp: declaration_file_name not present
root - WARNING - std_srvs/Trigger.h: declaration_file_name not present
root - WARNING - GeomController.h: declaration_file_name not present
root - WARNING - H_GEOM_CONTROLLER_IMPL: declaration_file_name not present
root - WARNING - controller_interface/controller.h: declaration_file_name not present
root - WARNING - cob_omni_drive_controller/UndercarriageCtrlGeomROS.h: declaration_file_name not present
root - WARNING - COB_OMNI_DRIVE_CONTROLLER_ROS_H_: declaration_file_name not present
root - WARNING - ros/ros.h: declaration_file_name not present
root - WARNING - cob_omni_drive_controller/UndercarriageCtrlGeom.h: declaration_file_name not present
root - WARNING - boost/scoped_ptr.hpp: declaration_file_name not present
root - WARNING - "number of states does not match number of wheels": declaration_file_name not present
