root - WARNING - 'stddef.h' file not found
root - WARNING - assert.h: declaration_file_name not present
root - WARNING - math.h: declaration_file_name not present
root - WARNING - stdlib.h: declaration_file_name not present
root - WARNING - string.h: declaration_file_name not present
root - WARNING - stdio.h: declaration_file_name not present
root - WARNING - amcl/map/map.h: declaration_file_name not present
root - WARNING - MAP_H: declaration_file_name not present
root - WARNING - stdint.h: declaration_file_name not present
root - WARNING - MAP_WIFI_MAX_LEVELS: declaration_file_name not present
root - WARNING - MAP_WXGX: declaration_file_name not present
root - WARNING - MAP_WYGY: declaration_file_name not present
root - WARNING - MAP_GXWX: declaration_file_name not present
root - WARNING - MAP_GYWY: declaration_file_name not present
root - WARNING - MAP_VALID: declaration_file_name not present
root - WARNING - MAP_INDEX: declaration_file_name not present
root - WARNING - 'stddef.h' file not found
root - WARNING - queue: declaration_file_name not present
root - WARNING - math.h: declaration_file_name not present
root - WARNING - stdlib.h: declaration_file_name not present
root - WARNING - string.h: declaration_file_name not present
root - WARNING - amcl/map/map.h: declaration_file_name not present
root - WARNING - MAP_H: declaration_file_name not present
root - WARNING - stdint.h: declaration_file_name not present
root - WARNING - __cplusplus: declaration_file_name not present
root - WARNING - MAP_WIFI_MAX_LEVELS: declaration_file_name not present
root - WARNING - MAP_WXGX: declaration_file_name not present
root - WARNING - MAP_WYGY: declaration_file_name not present
root - WARNING - MAP_GXWX: declaration_file_name not present
root - WARNING - MAP_GYWY: declaration_file_name not present
root - WARNING - MAP_VALID: declaration_file_name not present
root - WARNING - MAP_INDEX: declaration_file_name not present
root - WARNING - __cplusplus: declaration_file_name not present
root - WARNING - 'stddef.h' file not found
root - WARNING - assert.h: declaration_file_name not present
root - WARNING - math.h: declaration_file_name not present
root - WARNING - string.h: declaration_file_name not present
root - WARNING - stdlib.h: declaration_file_name not present
root - WARNING - amcl/map/map.h: declaration_file_name not present
root - WARNING - MAP_H: declaration_file_name not present
root - WARNING - stdint.h: declaration_file_name not present
root - WARNING - MAP_WIFI_MAX_LEVELS: declaration_file_name not present
root - WARNING - MAP_WXGX: declaration_file_name not present
root - WARNING - MAP_WYGY: declaration_file_name not present
root - WARNING - MAP_GXWX: declaration_file_name not present
root - WARNING - MAP_GYWY: declaration_file_name not present
root - WARNING - MAP_VALID: declaration_file_name not present
root - WARNING - MAP_INDEX: declaration_file_name not present
root - WARNING - 'stddef.h' file not found
root - WARNING - errno.h: declaration_file_name not present
root - WARNING - math.h: declaration_file_name not present
root - WARNING - stdio.h: declaration_file_name not present
root - WARNING - stdlib.h: declaration_file_name not present
root - WARNING - string.h: declaration_file_name not present
root - WARNING - amcl/map/map.h: declaration_file_name not present
root - WARNING - MAP_H: declaration_file_name not present
root - WARNING - stdint.h: declaration_file_name not present
root - WARNING - MAP_WIFI_MAX_LEVELS: declaration_file_name not present
root - WARNING - MAP_WXGX: declaration_file_name not present
root - WARNING - MAP_WYGY: declaration_file_name not present
root - WARNING - MAP_GXWX: declaration_file_name not present
root - WARNING - MAP_GYWY: declaration_file_name not present
root - WARNING - MAP_VALID: declaration_file_name not present
root - WARNING - MAP_INDEX: declaration_file_name not present
root - WARNING - "Failed ot read image dimensions": declaration_file_name not present
root - WARNING - " %d %d \n %d \n": declaration_file_name not present
root - WARNING - "incorrect image format; must be PGM/binary": declaration_file_name not present
root - WARNING - "P5": declaration_file_name not present
root - WARNING - "%2s \n": declaration_file_name not present
root - WARNING - "%s: %s\n": declaration_file_name not present
root - WARNING - "r": declaration_file_name not present
root - WARNING - 'stddef.h' file not found
root - WARNING - assert.h: declaration_file_name not present
root - WARNING - math.h: declaration_file_name not present
root - WARNING - stdlib.h: declaration_file_name not present
root - WARNING - time.h: declaration_file_name not present
root - WARNING - amcl/pf/pf.h: declaration_file_name not present
root - WARNING - PF_H: declaration_file_name not present
root - WARNING - pf_vector.h: declaration_file_name not present
root - WARNING - PF_VECTOR_H: declaration_file_name not present
root - WARNING - stdio.h: declaration_file_name not present
root - WARNING - pf_kdtree.h: declaration_file_name not present
root - WARNING - PF_KDTREE_H: declaration_file_name not present
root - WARNING - amcl/pf/pf_pdf.h: declaration_file_name not present
root - WARNING - PF_PDF_H: declaration_file_name not present
root - WARNING - pf_vector.h: declaration_file_name not present
root - WARNING - amcl/pf/pf_kdtree.h: declaration_file_name not present
root - WARNING - portable_utils.hpp: declaration_file_name not present
root - WARNING - PORTABLE_UTILS_H: declaration_file_name not present
root - WARNING - stdlib.h: declaration_file_name not present
root - WARNING - HAVE_DRAND48: declaration_file_name not present
root - WARNING - float.h: declaration_file_name not present
root - WARNING - "void copy_set(pf_sample_set_t *, pf_sample_set_t *)": declaration_file_name not present
root - WARNING - "/home/jonas/arena_ws/src/arena/utils/navigation/utils/amcl/src/amcl/pf/pf.c": declaration_file_name not present
root - WARNING - "sample_a->weight > 0": declaration_file_name not present
root - WARNING - "void pf_update_resample(pf_t *)": declaration_file_name not present
root - WARNING - "/home/jonas/arena_ws/src/arena/utils/navigation/utils/amcl/src/amcl/pf/pf.c": declaration_file_name not present
root - WARNING - "sample_a->weight > 0": declaration_file_name not present
root - WARNING - "void pf_update_resample(pf_t *)": declaration_file_name not present
root - WARNING - "/home/jonas/arena_ws/src/arena/utils/navigation/utils/amcl/src/amcl/pf/pf.c": declaration_file_name not present
root - WARNING - "i<set_a->sample_count": declaration_file_name not present
root - WARNING - "ERROR : divide-by-zero exception : weight is zero\n": declaration_file_name not present
root - WARNING - "void pf_cluster_stats(pf_t *, pf_sample_set_t *)": declaration_file_name not present
root - WARNING - "/home/jonas/arena_ws/src/arena/utils/navigation/utils/amcl/src/amcl/pf/pf.c": declaration_file_name not present
root - WARNING - "cidx >= 0": declaration_file_name not present
root - WARNING - "ERROR : divide-by-zero exception : mn is zero\n": declaration_file_name not present
root - WARNING - 'stddef.h' file not found
root - WARNING - assert.h: declaration_file_name not present
root - WARNING - math.h: declaration_file_name not present
root - WARNING - stdlib.h: declaration_file_name not present
root - WARNING - string.h: declaration_file_name not present
root - WARNING - amcl/pf/pf_vector.h: declaration_file_name not present
root - WARNING - PF_VECTOR_H: declaration_file_name not present
root - WARNING - stdio.h: declaration_file_name not present
root - WARNING - amcl/pf/pf_kdtree.h: declaration_file_name not present
root - WARNING - PF_KDTREE_H: declaration_file_name not present
root - WARNING - "pf_kdtree_node_t *pf_kdtree_insert_node(pf_kdtree_t *, pf_kdtree_node_t *, pf_kdtree_node_t *, int *, double)": declaration_file_name not present
root - WARNING - "/home/jonas/arena_ws/src/arena/utils/navigation/utils/amcl/src/amcl/pf/pf_kdtree.c": declaration_file_name not present
root - WARNING - "node->children[1] != NULL": declaration_file_name not present
root - WARNING - "pf_kdtree_node_t *pf_kdtree_insert_node(pf_kdtree_t *, pf_kdtree_node_t *, pf_kdtree_node_t *, int *, double)": declaration_file_name not present
root - WARNING - "/home/jonas/arena_ws/src/arena/utils/navigation/utils/amcl/src/amcl/pf/pf_kdtree.c": declaration_file_name not present
root - WARNING - "node->children[0] != NULL": declaration_file_name not present
root - WARNING - "pf_kdtree_node_t *pf_kdtree_insert_node(pf_kdtree_t *, pf_kdtree_node_t *, pf_kdtree_node_t *, int *, double)": declaration_file_name not present
root - WARNING - "/home/jonas/arena_ws/src/arena/utils/navigation/utils/amcl/src/amcl/pf/pf_kdtree.c": declaration_file_name not present
root - WARNING - "node->pivot_dim >= 0": declaration_file_name not present
root - WARNING - "pf_kdtree_node_t *pf_kdtree_insert_node(pf_kdtree_t *, pf_kdtree_node_t *, pf_kdtree_node_t *, int *, double)": declaration_file_name not present
root - WARNING - "/home/jonas/arena_ws/src/arena/utils/navigation/utils/amcl/src/amcl/pf/pf_kdtree.c": declaration_file_name not present
root - WARNING - "self->node_count < self->node_max_count": declaration_file_name not present
root - WARNING - "pf_kdtree_node_t *pf_kdtree_find_node(pf_kdtree_t *, pf_kdtree_node_t *, int *)": declaration_file_name not present
root - WARNING - "/home/jonas/arena_ws/src/arena/utils/navigation/utils/amcl/src/amcl/pf/pf_kdtree.c": declaration_file_name not present
root - WARNING - "node->children[1] != NULL": declaration_file_name not present
root - WARNING - "pf_kdtree_node_t *pf_kdtree_find_node(pf_kdtree_t *, pf_kdtree_node_t *, int *)": declaration_file_name not present
root - WARNING - "/home/jonas/arena_ws/src/arena/utils/navigation/utils/amcl/src/amcl/pf/pf_kdtree.c": declaration_file_name not present
root - WARNING - "node->children[0] != NULL": declaration_file_name not present
root - WARNING - "void pf_kdtree_cluster(pf_kdtree_t *)": declaration_file_name not present
root - WARNING - "/home/jonas/arena_ws/src/arena/utils/navigation/utils/amcl/src/amcl/pf/pf_kdtree.c": declaration_file_name not present
root - WARNING - "node == pf_kdtree_find_node(self, self->root, node->key)": declaration_file_name not present
root - WARNING - "void pf_kdtree_cluster(pf_kdtree_t *)": declaration_file_name not present
root - WARNING - "/home/jonas/arena_ws/src/arena/utils/navigation/utils/amcl/src/amcl/pf/pf_kdtree.c": declaration_file_name not present
root - WARNING - "queue_count < self->node_count": declaration_file_name not present
root - WARNING - "void pf_kdtree_cluster_node(pf_kdtree_t *, pf_kdtree_node_t *, int)": declaration_file_name not present
root - WARNING - "/home/jonas/arena_ws/src/arena/utils/navigation/utils/amcl/src/amcl/pf/pf_kdtree.c": declaration_file_name not present
root - WARNING - "nnode->cluster == node->cluster": declaration_file_name not present
root - WARNING - "void pf_kdtree_cluster_node(pf_kdtree_t *, pf_kdtree_node_t *, int)": declaration_file_name not present
root - WARNING - "/home/jonas/arena_ws/src/arena/utils/navigation/utils/amcl/src/amcl/pf/pf_kdtree.c": declaration_file_name not present
root - WARNING - "nnode->leaf": declaration_file_name not present
root - WARNING - 'stddef.h' file not found
root - WARNING - assert.h: declaration_file_name not present
root - WARNING - math.h: declaration_file_name not present
root - WARNING - stdlib.h: declaration_file_name not present
root - WARNING - string.h: declaration_file_name not present
root - WARNING - amcl/pf/pf_pdf.h: declaration_file_name not present
root - WARNING - PF_PDF_H: declaration_file_name not present
root - WARNING - pf_vector.h: declaration_file_name not present
root - WARNING - PF_VECTOR_H: declaration_file_name not present
root - WARNING - stdio.h: declaration_file_name not present
root - WARNING - portable_utils.hpp: declaration_file_name not present
root - WARNING - PORTABLE_UTILS_H: declaration_file_name not present
root - WARNING - stdlib.h: declaration_file_name not present
root - WARNING - HAVE_DRAND48: declaration_file_name not present
root - WARNING - 'stddef.h' file not found
root - WARNING - math.h: declaration_file_name not present
root - WARNING - amcl/pf/pf_vector.h: declaration_file_name not present
root - WARNING - PF_VECTOR_H: declaration_file_name not present
root - WARNING - stdio.h: declaration_file_name not present
root - WARNING - amcl/pf/eig3.h: declaration_file_name not present
root - WARNING - "\n": declaration_file_name not present
root - WARNING - " ": declaration_file_name not present
root - WARNING - "\n": declaration_file_name not present
root - WARNING - " ": declaration_file_name not present
root - WARNING - math.h: declaration_file_name not present
root - WARNING - MAX: declaration_file_name not present
root - WARNING - 'stddef.h' file not found
root - WARNING - amcl/sensors/amcl_sensor.h: declaration_file_name not present
root - WARNING - AMCL_SENSOR_H: declaration_file_name not present
root - WARNING - ../pf/pf.h: declaration_file_name not present
root - WARNING - PF_H: declaration_file_name not present
root - WARNING - pf_vector.h: declaration_file_name not present
root - WARNING - PF_VECTOR_H: declaration_file_name not present
root - WARNING - __cplusplus: declaration_file_name not present
root - WARNING - stdio.h: declaration_file_name not present
root - WARNING - __cplusplus: declaration_file_name not present
root - WARNING - pf_kdtree.h: declaration_file_name not present
root - WARNING - PF_KDTREE_H: declaration_file_name not present
root - WARNING - __cplusplus: declaration_file_name not present
root - WARNING - __cplusplus: declaration_file_name not present
root - WARNING - 'stddef.h' file not found
root - WARNING - algorithm: declaration_file_name not present
root - WARNING - sys/types.h: declaration_file_name not present
root - WARNING - math.h: declaration_file_name not present
root - WARNING - amcl/sensors/amcl_odom.h: declaration_file_name not present
root - WARNING - AMCL_ODOM_H: declaration_file_name not present
root - WARNING - amcl_sensor.h: declaration_file_name not present
root - WARNING - AMCL_SENSOR_H: declaration_file_name not present
root - WARNING - ../pf/pf.h: declaration_file_name not present
root - WARNING - PF_H: declaration_file_name not present
root - WARNING - pf_vector.h: declaration_file_name not present
root - WARNING - PF_VECTOR_H: declaration_file_name not present
root - WARNING - __cplusplus: declaration_file_name not present
root - WARNING - stdio.h: declaration_file_name not present
root - WARNING - __cplusplus: declaration_file_name not present
root - WARNING - pf_kdtree.h: declaration_file_name not present
root - WARNING - PF_KDTREE_H: declaration_file_name not present
root - WARNING - __cplusplus: declaration_file_name not present
root - WARNING - __cplusplus: declaration_file_name not present
root - WARNING - ../pf/pf_pdf.h: declaration_file_name not present
root - WARNING - PF_PDF_H: declaration_file_name not present
root - WARNING - pf_vector.h: declaration_file_name not present
root - WARNING - __cplusplus: declaration_file_name not present
root - WARNING - __cplusplus: declaration_file_name not present
root - WARNING - 'stddef.h' file not found
root - WARNING - sys/types.h: declaration_file_name not present
root - WARNING - math.h: declaration_file_name not present
root - WARNING - stdlib.h: declaration_file_name not present
root - WARNING - assert.h: declaration_file_name not present
root - WARNING - HAVE_UNISTD_H: declaration_file_name not present
root - WARNING - unistd.h: declaration_file_name not present
root - WARNING - amcl/sensors/amcl_laser.h: declaration_file_name not present
root - WARNING - AMCL_LASER_H: declaration_file_name not present
root - WARNING - amcl_sensor.h: declaration_file_name not present
root - WARNING - AMCL_SENSOR_H: declaration_file_name not present
root - WARNING - ../pf/pf.h: declaration_file_name not present
root - WARNING - PF_H: declaration_file_name not present
root - WARNING - pf_vector.h: declaration_file_name not present
root - WARNING - PF_VECTOR_H: declaration_file_name not present
root - WARNING - __cplusplus: declaration_file_name not present
root - WARNING - stdio.h: declaration_file_name not present
root - WARNING - __cplusplus: declaration_file_name not present
root - WARNING - pf_kdtree.h: declaration_file_name not present
root - WARNING - PF_KDTREE_H: declaration_file_name not present
root - WARNING - __cplusplus: declaration_file_name not present
root - WARNING - __cplusplus: declaration_file_name not present
root - WARNING - ../map/map.h: declaration_file_name not present
root - WARNING - MAP_H: declaration_file_name not present
root - WARNING - stdint.h: declaration_file_name not present
root - WARNING - __cplusplus: declaration_file_name not present
root - WARNING - MAP_WIFI_MAX_LEVELS: declaration_file_name not present
root - WARNING - MAP_WXGX: declaration_file_name not present
root - WARNING - MAP_WYGY: declaration_file_name not present
root - WARNING - MAP_GXWX: declaration_file_name not present
root - WARNING - MAP_GYWY: declaration_file_name not present
root - WARNING - MAP_VALID: declaration_file_name not present
root - WARNING - MAP_INDEX: declaration_file_name not present
root - WARNING - __cplusplus: declaration_file_name not present
root - WARNING - "static double amcl::AMCLLaser::BeamModel(amcl::AMCLLaserData *, pf_sample_set_t *)": declaration_file_name not present
root - WARNING - "/home/jonas/arena_ws/src/arena/utils/navigation/utils/amcl/src/amcl/sensors/amcl_laser.cpp": declaration_file_name not present
root - WARNING - "pz >= 0.0": declaration_file_name not present
root - WARNING - "static double amcl::AMCLLaser::BeamModel(amcl::AMCLLaserData *, pf_sample_set_t *)": declaration_file_name not present
root - WARNING - "/home/jonas/arena_ws/src/arena/utils/navigation/utils/amcl/src/amcl/sensors/amcl_laser.cpp": declaration_file_name not present
root - WARNING - "pz <= 1.0": declaration_file_name not present
root - WARNING - "static double amcl::AMCLLaser::LikelihoodFieldModel(amcl::AMCLLaserData *, pf_sample_set_t *)": declaration_file_name not present
root - WARNING - "/home/jonas/arena_ws/src/arena/utils/navigation/utils/amcl/src/amcl/sensors/amcl_laser.cpp": declaration_file_name not present
root - WARNING - "pz >= 0.0": declaration_file_name not present
root - WARNING - "static double amcl::AMCLLaser::LikelihoodFieldModel(amcl::AMCLLaserData *, pf_sample_set_t *)": declaration_file_name not present
root - WARNING - "/home/jonas/arena_ws/src/arena/utils/navigation/utils/amcl/src/amcl/sensors/amcl_laser.cpp": declaration_file_name not present
root - WARNING - "pz <= 1.0": declaration_file_name not present
root - WARNING - "Over %f%% of the observations were not in the map - pf may have converged to wrong pose - integrating all observations\n": declaration_file_name not present
root - WARNING - "static double amcl::AMCLLaser::LikelihoodFieldModelProb(amcl::AMCLLaserData *, pf_sample_set_t *)": declaration_file_name not present
root - WARNING - "/home/jonas/arena_ws/src/arena/utils/navigation/utils/amcl/src/amcl/sensors/amcl_laser.cpp": declaration_file_name not present
root - WARNING - "pz >= 0.0": declaration_file_name not present
root - WARNING - "static double amcl::AMCLLaser::LikelihoodFieldModelProb(amcl::AMCLLaserData *, pf_sample_set_t *)": declaration_file_name not present
root - WARNING - "/home/jonas/arena_ws/src/arena/utils/navigation/utils/amcl/src/amcl/sensors/amcl_laser.cpp": declaration_file_name not present
root - WARNING - "pz <= 1.0": declaration_file_name not present
root - WARNING - "Reallocing temp weights %d - %d\n": declaration_file_name not present
root - WARNING - 'stddef.h' file not found
root - WARNING - algorithm: declaration_file_name not present
root - WARNING - vector: declaration_file_name not present
root - WARNING - map: declaration_file_name not present
root - WARNING - cmath: declaration_file_name not present
root - WARNING - memory: declaration_file_name not present
root - WARNING - boost/bind.hpp: declaration_file_name not present
root - WARNING - boost/thread/mutex.hpp: declaration_file_name not present
root - WARNING - signal.h: declaration_file_name not present
root - WARNING - amcl/map/map.h: declaration_file_name not present
root - WARNING - MAP_H: declaration_file_name not present
root - WARNING - stdint.h: declaration_file_name not present
root - WARNING - __cplusplus: declaration_file_name not present
root - WARNING - MAP_WIFI_MAX_LEVELS: declaration_file_name not present
root - WARNING - MAP_WXGX: declaration_file_name not present
root - WARNING - MAP_WYGY: declaration_file_name not present
root - WARNING - MAP_GXWX: declaration_file_name not present
root - WARNING - MAP_GYWY: declaration_file_name not present
root - WARNING - MAP_VALID: declaration_file_name not present
root - WARNING - MAP_INDEX: declaration_file_name not present
root - WARNING - __cplusplus: declaration_file_name not present
root - WARNING - amcl/pf/pf.h: declaration_file_name not present
root - WARNING - PF_H: declaration_file_name not present
root - WARNING - pf_vector.h: declaration_file_name not present
root - WARNING - PF_VECTOR_H: declaration_file_name not present
root - WARNING - __cplusplus: declaration_file_name not present
root - WARNING - stdio.h: declaration_file_name not present
root - WARNING - __cplusplus: declaration_file_name not present
root - WARNING - pf_kdtree.h: declaration_file_name not present
root - WARNING - PF_KDTREE_H: declaration_file_name not present
root - WARNING - __cplusplus: declaration_file_name not present
root - WARNING - __cplusplus: declaration_file_name not present
root - WARNING - amcl/sensors/amcl_odom.h: declaration_file_name not present
root - WARNING - AMCL_ODOM_H: declaration_file_name not present
root - WARNING - amcl_sensor.h: declaration_file_name not present
root - WARNING - AMCL_SENSOR_H: declaration_file_name not present
root - WARNING - ../pf/pf.h: declaration_file_name not present
root - WARNING - ../pf/pf_pdf.h: declaration_file_name not present
root - WARNING - PF_PDF_H: declaration_file_name not present
root - WARNING - pf_vector.h: declaration_file_name not present
root - WARNING - __cplusplus: declaration_file_name not present
root - WARNING - __cplusplus: declaration_file_name not present
root - WARNING - amcl/sensors/amcl_laser.h: declaration_file_name not present
root - WARNING - AMCL_LASER_H: declaration_file_name not present
root - WARNING - amcl_sensor.h: declaration_file_name not present
root - WARNING - ../map/map.h: declaration_file_name not present
root - WARNING - portable_utils.hpp: declaration_file_name not present
root - WARNING - PORTABLE_UTILS_H: declaration_file_name not present
root - WARNING - stdlib.h: declaration_file_name not present
root - WARNING - __cplusplus: declaration_file_name not present
root - WARNING - HAVE_DRAND48: declaration_file_name not present
root - WARNING - __cplusplus: declaration_file_name not present
root - WARNING - ros/assert.h: declaration_file_name not present
root - WARNING - ros/ros.h: declaration_file_name not present
root - WARNING - sensor_msgs/LaserScan.h: declaration_file_name not present
root - WARNING - geometry_msgs/PoseWithCovarianceStamped.h: declaration_file_name not present
root - WARNING - geometry_msgs/PoseArray.h: declaration_file_name not present
root - WARNING - geometry_msgs/Pose.h: declaration_file_name not present
root - WARNING - geometry_msgs/PoseStamped.h: declaration_file_name not present
root - WARNING - nav_msgs/GetMap.h: declaration_file_name not present
root - WARNING - nav_msgs/SetMap.h: declaration_file_name not present
root - WARNING - std_srvs/Empty.h: declaration_file_name not present
root - WARNING - tf2/LinearMath/Transform.h: declaration_file_name not present
root - WARNING - tf2/convert.h: declaration_file_name not present
root - WARNING - tf2/utils.h: declaration_file_name not present
root - WARNING - tf2_geometry_msgs/tf2_geometry_msgs.h: declaration_file_name not present
root - WARNING - tf2_ros/buffer.h: declaration_file_name not present
root - WARNING - tf2_ros/message_filter.h: declaration_file_name not present
root - WARNING - tf2_ros/transform_broadcaster.h: declaration_file_name not present
root - WARNING - tf2_ros/transform_listener.h: declaration_file_name not present
root - WARNING - message_filters/subscriber.h: declaration_file_name not present
root - WARNING - dynamic_reconfigure/server.h: declaration_file_name not present
root - WARNING - amcl/AMCLConfig.h: declaration_file_name not present
root - WARNING - rosbag/bag.h: declaration_file_name not present
root - WARNING - rosbag/view.h: declaration_file_name not present
root - WARNING - boost/foreach.hpp: declaration_file_name not present
root - WARNING - diagnostic_updater/diagnostic_updater.h: declaration_file_name not present
root - WARNING - NEW_UNIFORM_SAMPLING: declaration_file_name not present
root - WARNING - USAGE: declaration_file_name not present
