root - WARNING - 'rviz/visualization_manager.h' file not found
root - WARNING - rviz/visualization_manager.h: declaration_file_name not present
root - WARNING - rviz/frame_manager.h: declaration_file_name not present
root - WARNING - rviz/selection/selection_manager.h: declaration_file_name not present
root - WARNING - detected_persons_display.h: declaration_file_name not present
root - WARNING - DETECTED_PERSONS_DISPLAY_H: declaration_file_name not present
root - WARNING - map: declaration_file_name not present
root - WARNING - boost/circular_buffer.hpp: declaration_file_name not present
root - WARNING - spencer_tracking_msgs/DetectedPersons.h: declaration_file_name not present
root - WARNING - person_display_common.h: declaration_file_name not present
root - WARNING - PERSON_DISPLAY_COMMON_H: declaration_file_name not present
root - WARNING - map: declaration_file_name not present
root - WARNING - set: declaration_file_name not present
root - WARNING - functional: declaration_file_name not present
root - WARNING - boost/circular_buffer.hpp: declaration_file_name not present
root - WARNING - spencer_tracking_msgs/TrackedPersons.h: declaration_file_name not present
root - WARNING - geometry_msgs/Twist.h: declaration_file_name not present
root - WARNING - rviz/message_filter_display.h: declaration_file_name not present
root - WARNING - OGRE/OgreSceneNode.h: declaration_file_name not present
root - WARNING - OGRE/OgreSceneManager.h: declaration_file_name not present
root - WARNING - visuals/person_visual.h: declaration_file_name not present
root - WARNING - PERSON_VISUAL_H: declaration_file_name not present
root - WARNING - pedsim/types.h: declaration_file_name not present
root - WARNING - rviz/ogre_helpers/shape.h: declaration_file_name not present
root - WARNING - rviz/ogre_helpers/billboard_line.h: declaration_file_name not present
root - WARNING - OgreSceneNode.h: declaration_file_name not present
root - WARNING - OgreAnimation.h: declaration_file_name not present
root - WARNING - OgreSharedPtr.h: declaration_file_name not present
root - WARNING - OgreEntity.h: declaration_file_name not present
root - WARNING - visuals/text_node.h: declaration_file_name not present
root - WARNING - TEXT_NODE_H: declaration_file_name not present
root - WARNING - rviz/ogre_helpers/shape.h: declaration_file_name not present
root - WARNING - rviz/ogre_helpers/movable_text.h: declaration_file_name not present
root - WARNING - visuals/covariance_visual.h: declaration_file_name not present
root - WARNING - COVARIANCE_VISUAL_H: declaration_file_name not present
root - WARNING - rviz/ogre_helpers/shape.h: declaration_file_name not present
root - WARNING - rviz/ogre_helpers/billboard_line.h: declaration_file_name not present
root - WARNING - cmath: declaration_file_name not present
root - WARNING - rviz/ogre_helpers/shape.h: declaration_file_name not present
root - WARNING - rviz/properties/bool_property.h: declaration_file_name not present
root - WARNING - rviz/properties/enum_property.h: declaration_file_name not present
root - WARNING - rviz/properties/color_property.h: declaration_file_name not present
root - WARNING - rviz/properties/float_property.h: declaration_file_name not present
root - WARNING - rviz/properties/int_property.h: declaration_file_name not present
root - WARNING - rviz/properties/string_property.h: declaration_file_name not present
root - WARNING - rviz/ogre_helpers/arrow.h: declaration_file_name not present
root - WARNING - rviz/ogre_helpers/movable_text.h: declaration_file_name not present
root - WARNING - pedsim/types.h: declaration_file_name not present
root - WARNING - boost/foreach.hpp: declaration_file_name not present
root - WARNING - foreach: declaration_file_name not present
root - WARNING - pluginlib/class_list_macros.h: declaration_file_name not present
root - WARNING - "Error transforming from frame '%s' into fixed frame!": declaration_file_name not present
root - WARNING - 'rviz/visualization_manager.h' file not found
root - WARNING - rviz/visualization_manager.h: declaration_file_name not present
root - WARNING - rviz/frame_manager.h: declaration_file_name not present
root - WARNING - rviz/selection/selection_manager.h: declaration_file_name not present
root - WARNING - tracked_persons_display.h: declaration_file_name not present
root - WARNING - TRACKED_PERSONS_DISPLAY_H: declaration_file_name not present
root - WARNING - map: declaration_file_name not present
root - WARNING - boost/circular_buffer.hpp: declaration_file_name not present
root - WARNING - spencer_tracking_msgs/TrackedPersons.h: declaration_file_name not present
root - WARNING - person_display_common.h: declaration_file_name not present
root - WARNING - PERSON_DISPLAY_COMMON_H: declaration_file_name not present
root - WARNING - map: declaration_file_name not present
root - WARNING - set: declaration_file_name not present
root - WARNING - functional: declaration_file_name not present
root - WARNING - boost/circular_buffer.hpp: declaration_file_name not present
root - WARNING - spencer_tracking_msgs/TrackedPersons.h: declaration_file_name not present
root - WARNING - geometry_msgs/Twist.h: declaration_file_name not present
root - WARNING - rviz/message_filter_display.h: declaration_file_name not present
root - WARNING - OGRE/OgreSceneNode.h: declaration_file_name not present
root - WARNING - OGRE/OgreSceneManager.h: declaration_file_name not present
root - WARNING - visuals/person_visual.h: declaration_file_name not present
root - WARNING - PERSON_VISUAL_H: declaration_file_name not present
root - WARNING - pedsim/types.h: declaration_file_name not present
root - WARNING - rviz/ogre_helpers/shape.h: declaration_file_name not present
root - WARNING - rviz/ogre_helpers/billboard_line.h: declaration_file_name not present
root - WARNING - OgreSceneNode.h: declaration_file_name not present
root - WARNING - OgreAnimation.h: declaration_file_name not present
root - WARNING - OgreSharedPtr.h: declaration_file_name not present
root - WARNING - OgreEntity.h: declaration_file_name not present
root - WARNING - visuals/text_node.h: declaration_file_name not present
root - WARNING - TEXT_NODE_H: declaration_file_name not present
root - WARNING - rviz/ogre_helpers/shape.h: declaration_file_name not present
root - WARNING - rviz/ogre_helpers/movable_text.h: declaration_file_name not present
root - WARNING - visuals/covariance_visual.h: declaration_file_name not present
root - WARNING - COVARIANCE_VISUAL_H: declaration_file_name not present
root - WARNING - rviz/ogre_helpers/shape.h: declaration_file_name not present
root - WARNING - rviz/ogre_helpers/billboard_line.h: declaration_file_name not present
root - WARNING - cmath: declaration_file_name not present
root - WARNING - rviz/ogre_helpers/shape.h: declaration_file_name not present
root - WARNING - rviz/properties/bool_property.h: declaration_file_name not present
root - WARNING - rviz/properties/enum_property.h: declaration_file_name not present
root - WARNING - rviz/properties/color_property.h: declaration_file_name not present
root - WARNING - rviz/properties/float_property.h: declaration_file_name not present
root - WARNING - rviz/properties/int_property.h: declaration_file_name not present
root - WARNING - rviz/properties/string_property.h: declaration_file_name not present
root - WARNING - rviz/ogre_helpers/arrow.h: declaration_file_name not present
root - WARNING - rviz/ogre_helpers/movable_text.h: declaration_file_name not present
root - WARNING - pedsim/types.h: declaration_file_name not present
root - WARNING - pedsim/types.h: declaration_file_name not present
root - WARNING - boost/lexical_cast.hpp: declaration_file_name not present
root - WARNING - boost/tokenizer.hpp: declaration_file_name not present
root - WARNING - boost/foreach.hpp: declaration_file_name not present
root - WARNING - foreach: declaration_file_name not present
root - WARNING - pluginlib/class_list_macros.h: declaration_file_name not present
root - WARNING - "Error transforming from frame '%s' into fixed frame!": declaration_file_name not present
root - WARNING - 'rviz/visualization_manager.h' file not found
root - WARNING - rviz/visualization_manager.h: declaration_file_name not present
root - WARNING - rviz/frame_manager.h: declaration_file_name not present
root - WARNING - rviz/selection/selection_manager.h: declaration_file_name not present
root - WARNING - tracked_groups_display.h: declaration_file_name not present
root - WARNING - TRACKED_GROUPS_DISPLAY_H: declaration_file_name not present
root - WARNING - map: declaration_file_name not present
root - WARNING - boost/circular_buffer.hpp: declaration_file_name not present
root - WARNING - spencer_tracking_msgs/TrackedGroups.h: declaration_file_name not present
root - WARNING - person_display_common.h: declaration_file_name not present
root - WARNING - PERSON_DISPLAY_COMMON_H: declaration_file_name not present
root - WARNING - map: declaration_file_name not present
root - WARNING - set: declaration_file_name not present
root - WARNING - functional: declaration_file_name not present
root - WARNING - boost/circular_buffer.hpp: declaration_file_name not present
root - WARNING - spencer_tracking_msgs/TrackedPersons.h: declaration_file_name not present
root - WARNING - geometry_msgs/Twist.h: declaration_file_name not present
root - WARNING - rviz/message_filter_display.h: declaration_file_name not present
root - WARNING - OGRE/OgreSceneNode.h: declaration_file_name not present
root - WARNING - OGRE/OgreSceneManager.h: declaration_file_name not present
root - WARNING - visuals/person_visual.h: declaration_file_name not present
root - WARNING - PERSON_VISUAL_H: declaration_file_name not present
root - WARNING - pedsim/types.h: declaration_file_name not present
root - WARNING - rviz/ogre_helpers/shape.h: declaration_file_name not present
root - WARNING - rviz/ogre_helpers/billboard_line.h: declaration_file_name not present
root - WARNING - OgreSceneNode.h: declaration_file_name not present
root - WARNING - OgreAnimation.h: declaration_file_name not present
root - WARNING - OgreSharedPtr.h: declaration_file_name not present
root - WARNING - OgreEntity.h: declaration_file_name not present
root - WARNING - visuals/text_node.h: declaration_file_name not present
root - WARNING - TEXT_NODE_H: declaration_file_name not present
root - WARNING - rviz/ogre_helpers/shape.h: declaration_file_name not present
root - WARNING - rviz/ogre_helpers/movable_text.h: declaration_file_name not present
root - WARNING - visuals/covariance_visual.h: declaration_file_name not present
root - WARNING - COVARIANCE_VISUAL_H: declaration_file_name not present
root - WARNING - rviz/ogre_helpers/shape.h: declaration_file_name not present
root - WARNING - rviz/ogre_helpers/billboard_line.h: declaration_file_name not present
root - WARNING - cmath: declaration_file_name not present
root - WARNING - rviz/ogre_helpers/shape.h: declaration_file_name not present
root - WARNING - rviz/properties/bool_property.h: declaration_file_name not present
root - WARNING - rviz/properties/enum_property.h: declaration_file_name not present
root - WARNING - rviz/properties/color_property.h: declaration_file_name not present
root - WARNING - rviz/properties/float_property.h: declaration_file_name not present
root - WARNING - rviz/properties/int_property.h: declaration_file_name not present
root - WARNING - rviz/properties/string_property.h: declaration_file_name not present
root - WARNING - rviz/ogre_helpers/arrow.h: declaration_file_name not present
root - WARNING - rviz/ogre_helpers/movable_text.h: declaration_file_name not present
root - WARNING - pedsim/types.h: declaration_file_name not present
root - WARNING - tracked_persons_cache.h: declaration_file_name not present
root - WARNING - TRACKED_PERSONS_CACHE_H: declaration_file_name not present
root - WARNING - map: declaration_file_name not present
root - WARNING - geometry_msgs/PoseWithCovariance.h: declaration_file_name not present
root - WARNING - geometry_msgs/TwistWithCovariance.h: declaration_file_name not present
root - WARNING - spencer_tracking_msgs/TrackedPersons.h: declaration_file_name not present
root - WARNING - additional_topic_subscriber.h: declaration_file_name not present
root - WARNING - ADDITIONAL_TOPIC_SUBSCRIBER_H: declaration_file_name not present
root - WARNING - message_filters/subscriber.h: declaration_file_name not present
root - WARNING - tf/message_filter.h: declaration_file_name not present
root - WARNING - boost/bind.hpp: declaration_file_name not present
root - WARNING - boost/function.hpp: declaration_file_name not present
root - WARNING - iostream: declaration_file_name not present
root - WARNING - OGRE/OgreSceneManager.h: declaration_file_name not present
root - WARNING - OGRE/OgreSceneNode.h: declaration_file_name not present
root - WARNING - rviz/display.h: declaration_file_name not present
root - WARNING - rviz/display_context.h: declaration_file_name not present
root - WARNING - rviz/frame_manager.h: declaration_file_name not present
root - WARNING - rviz/properties/ros_topic_property.h: declaration_file_name not present
root - WARNING - pedsim/types.h: declaration_file_name not present
root - WARNING - pedsim/types.h: declaration_file_name not present
root - WARNING - boost/lexical_cast.hpp: declaration_file_name not present
root - WARNING - boost/tokenizer.hpp: declaration_file_name not present
root - WARNING - boost/foreach.hpp: declaration_file_name not present
root - WARNING - foreach: declaration_file_name not present
root - WARNING - pluginlib/class_list_macros.h: declaration_file_name not present
root - WARNING - "Error transforming from frame '%s' into fixed frame!": declaration_file_name not present
root - WARNING - 'rviz/visualization_manager.h' file not found
root - WARNING - rviz/visualization_manager.h: declaration_file_name not present
root - WARNING - rviz/frame_manager.h: declaration_file_name not present
root - WARNING - rviz/selection/selection_manager.h: declaration_file_name not present
root - WARNING - social_relations_display.h: declaration_file_name not present
root - WARNING - SOCIAL_RELATIONS_DISPLAY_H: declaration_file_name not present
root - WARNING - spencer_social_relation_msgs/SocialRelations.h: declaration_file_name not present
root - WARNING - person_display_common.h: declaration_file_name not present
root - WARNING - PERSON_DISPLAY_COMMON_H: declaration_file_name not present
root - WARNING - map: declaration_file_name not present
root - WARNING - set: declaration_file_name not present
root - WARNING - functional: declaration_file_name not present
root - WARNING - boost/circular_buffer.hpp: declaration_file_name not present
root - WARNING - spencer_tracking_msgs/TrackedPersons.h: declaration_file_name not present
root - WARNING - geometry_msgs/Twist.h: declaration_file_name not present
root - WARNING - rviz/message_filter_display.h: declaration_file_name not present
root - WARNING - OGRE/OgreSceneNode.h: declaration_file_name not present
root - WARNING - OGRE/OgreSceneManager.h: declaration_file_name not present
root - WARNING - visuals/person_visual.h: declaration_file_name not present
root - WARNING - PERSON_VISUAL_H: declaration_file_name not present
root - WARNING - pedsim/types.h: declaration_file_name not present
root - WARNING - rviz/ogre_helpers/shape.h: declaration_file_name not present
root - WARNING - rviz/ogre_helpers/billboard_line.h: declaration_file_name not present
root - WARNING - OgreSceneNode.h: declaration_file_name not present
root - WARNING - OgreAnimation.h: declaration_file_name not present
root - WARNING - OgreSharedPtr.h: declaration_file_name not present
root - WARNING - OgreEntity.h: declaration_file_name not present
root - WARNING - visuals/text_node.h: declaration_file_name not present
root - WARNING - TEXT_NODE_H: declaration_file_name not present
root - WARNING - rviz/ogre_helpers/shape.h: declaration_file_name not present
root - WARNING - rviz/ogre_helpers/movable_text.h: declaration_file_name not present
root - WARNING - visuals/covariance_visual.h: declaration_file_name not present
root - WARNING - COVARIANCE_VISUAL_H: declaration_file_name not present
root - WARNING - rviz/ogre_helpers/shape.h: declaration_file_name not present
root - WARNING - rviz/ogre_helpers/billboard_line.h: declaration_file_name not present
root - WARNING - cmath: declaration_file_name not present
root - WARNING - rviz/ogre_helpers/shape.h: declaration_file_name not present
root - WARNING - rviz/properties/bool_property.h: declaration_file_name not present
root - WARNING - rviz/properties/enum_property.h: declaration_file_name not present
root - WARNING - rviz/properties/color_property.h: declaration_file_name not present
root - WARNING - rviz/properties/float_property.h: declaration_file_name not present
root - WARNING - rviz/properties/int_property.h: declaration_file_name not present
root - WARNING - rviz/properties/string_property.h: declaration_file_name not present
root - WARNING - rviz/ogre_helpers/arrow.h: declaration_file_name not present
root - WARNING - rviz/ogre_helpers/movable_text.h: declaration_file_name not present
root - WARNING - pedsim/types.h: declaration_file_name not present
root - WARNING - tracked_persons_cache.h: declaration_file_name not present
root - WARNING - TRACKED_PERSONS_CACHE_H: declaration_file_name not present
root - WARNING - map: declaration_file_name not present
root - WARNING - geometry_msgs/PoseWithCovariance.h: declaration_file_name not present
root - WARNING - geometry_msgs/TwistWithCovariance.h: declaration_file_name not present
root - WARNING - spencer_tracking_msgs/TrackedPersons.h: declaration_file_name not present
root - WARNING - additional_topic_subscriber.h: declaration_file_name not present
root - WARNING - ADDITIONAL_TOPIC_SUBSCRIBER_H: declaration_file_name not present
root - WARNING - message_filters/subscriber.h: declaration_file_name not present
root - WARNING - tf/message_filter.h: declaration_file_name not present
root - WARNING - boost/bind.hpp: declaration_file_name not present
root - WARNING - boost/function.hpp: declaration_file_name not present
root - WARNING - iostream: declaration_file_name not present
root - WARNING - OGRE/OgreSceneManager.h: declaration_file_name not present
root - WARNING - OGRE/OgreSceneNode.h: declaration_file_name not present
root - WARNING - rviz/display.h: declaration_file_name not present
root - WARNING - rviz/display_context.h: declaration_file_name not present
root - WARNING - rviz/frame_manager.h: declaration_file_name not present
root - WARNING - rviz/properties/ros_topic_property.h: declaration_file_name not present
root - WARNING - pedsim/types.h: declaration_file_name not present
root - WARNING - boost/foreach.hpp: declaration_file_name not present
root - WARNING - foreach: declaration_file_name not present
root - WARNING - pluginlib/class_list_macros.h: declaration_file_name not present
root - WARNING - "Error transforming from frame '%s' into fixed frame!": declaration_file_name not present
root - WARNING - 'rviz/visualization_manager.h' file not found
root - WARNING - rviz/visualization_manager.h: declaration_file_name not present
root - WARNING - rviz/frame_manager.h: declaration_file_name not present
root - WARNING - rviz/selection/selection_manager.h: declaration_file_name not present
root - WARNING - social_activities_display.h: declaration_file_name not present
root - WARNING - SOCIAL_ACTIVITIES_DISPLAY_H: declaration_file_name not present
root - WARNING - map: declaration_file_name not present
root - WARNING - vector: declaration_file_name not present
root - WARNING - boost/circular_buffer.hpp: declaration_file_name not present
root - WARNING - spencer_social_relation_msgs/SocialActivities.h: declaration_file_name not present
root - WARNING - person_display_common.h: declaration_file_name not present
root - WARNING - PERSON_DISPLAY_COMMON_H: declaration_file_name not present
root - WARNING - map: declaration_file_name not present
root - WARNING - set: declaration_file_name not present
root - WARNING - functional: declaration_file_name not present
root - WARNING - boost/circular_buffer.hpp: declaration_file_name not present
root - WARNING - spencer_tracking_msgs/TrackedPersons.h: declaration_file_name not present
root - WARNING - geometry_msgs/Twist.h: declaration_file_name not present
root - WARNING - rviz/message_filter_display.h: declaration_file_name not present
root - WARNING - OGRE/OgreSceneNode.h: declaration_file_name not present
root - WARNING - OGRE/OgreSceneManager.h: declaration_file_name not present
root - WARNING - visuals/person_visual.h: declaration_file_name not present
root - WARNING - PERSON_VISUAL_H: declaration_file_name not present
root - WARNING - pedsim/types.h: declaration_file_name not present
root - WARNING - rviz/ogre_helpers/shape.h: declaration_file_name not present
root - WARNING - rviz/ogre_helpers/billboard_line.h: declaration_file_name not present
root - WARNING - OgreSceneNode.h: declaration_file_name not present
root - WARNING - OgreAnimation.h: declaration_file_name not present
root - WARNING - OgreSharedPtr.h: declaration_file_name not present
root - WARNING - OgreEntity.h: declaration_file_name not present
root - WARNING - visuals/text_node.h: declaration_file_name not present
root - WARNING - TEXT_NODE_H: declaration_file_name not present
root - WARNING - rviz/ogre_helpers/shape.h: declaration_file_name not present
root - WARNING - rviz/ogre_helpers/movable_text.h: declaration_file_name not present
root - WARNING - visuals/covariance_visual.h: declaration_file_name not present
root - WARNING - COVARIANCE_VISUAL_H: declaration_file_name not present
root - WARNING - rviz/ogre_helpers/shape.h: declaration_file_name not present
root - WARNING - rviz/ogre_helpers/billboard_line.h: declaration_file_name not present
root - WARNING - cmath: declaration_file_name not present
root - WARNING - rviz/ogre_helpers/shape.h: declaration_file_name not present
root - WARNING - rviz/properties/bool_property.h: declaration_file_name not present
root - WARNING - rviz/properties/enum_property.h: declaration_file_name not present
root - WARNING - rviz/properties/color_property.h: declaration_file_name not present
root - WARNING - rviz/properties/float_property.h: declaration_file_name not present
root - WARNING - rviz/properties/int_property.h: declaration_file_name not present
root - WARNING - rviz/properties/string_property.h: declaration_file_name not present
root - WARNING - rviz/ogre_helpers/arrow.h: declaration_file_name not present
root - WARNING - rviz/ogre_helpers/movable_text.h: declaration_file_name not present
root - WARNING - pedsim/types.h: declaration_file_name not present
root - WARNING - tracked_persons_cache.h: declaration_file_name not present
root - WARNING - TRACKED_PERSONS_CACHE_H: declaration_file_name not present
root - WARNING - map: declaration_file_name not present
root - WARNING - geometry_msgs/PoseWithCovariance.h: declaration_file_name not present
root - WARNING - geometry_msgs/TwistWithCovariance.h: declaration_file_name not present
root - WARNING - spencer_tracking_msgs/TrackedPersons.h: declaration_file_name not present
root - WARNING - additional_topic_subscriber.h: declaration_file_name not present
root - WARNING - ADDITIONAL_TOPIC_SUBSCRIBER_H: declaration_file_name not present
root - WARNING - message_filters/subscriber.h: declaration_file_name not present
root - WARNING - tf/message_filter.h: declaration_file_name not present
root - WARNING - boost/bind.hpp: declaration_file_name not present
root - WARNING - boost/function.hpp: declaration_file_name not present
root - WARNING - iostream: declaration_file_name not present
root - WARNING - OGRE/OgreSceneManager.h: declaration_file_name not present
root - WARNING - OGRE/OgreSceneNode.h: declaration_file_name not present
root - WARNING - rviz/display.h: declaration_file_name not present
root - WARNING - rviz/display_context.h: declaration_file_name not present
root - WARNING - rviz/frame_manager.h: declaration_file_name not present
root - WARNING - rviz/properties/ros_topic_property.h: declaration_file_name not present
root - WARNING - pedsim/types.h: declaration_file_name not present
root - WARNING - pedsim/types.h: declaration_file_name not present
root - WARNING - boost/lexical_cast.hpp: declaration_file_name not present
root - WARNING - boost/tokenizer.hpp: declaration_file_name not present
root - WARNING - boost/algorithm/string.hpp: declaration_file_name not present
root - WARNING - boost/range/adaptor/map.hpp: declaration_file_name not present
root - WARNING - boost/foreach.hpp: declaration_file_name not present
root - WARNING - foreach: declaration_file_name not present
root - WARNING - pluginlib/class_list_macros.h: declaration_file_name not present
root - WARNING - "Error transforming from frame '%s' into fixed frame!": declaration_file_name not present
root - WARNING - 'rviz/frame_manager.h' file not found
root - WARNING - rviz/frame_manager.h: declaration_file_name not present
root - WARNING - rviz/selection/selection_manager.h: declaration_file_name not present
root - WARNING - human_attributes_display.h: declaration_file_name not present
root - WARNING - HUMAN_ATTRIBUTES_DISPLAY_H: declaration_file_name not present
root - WARNING - map: declaration_file_name not present
root - WARNING - boost/circular_buffer.hpp: declaration_file_name not present
root - WARNING - spencer_human_attribute_msgs/HumanAttributes.h: declaration_file_name not present
root - WARNING - person_display_common.h: declaration_file_name not present
root - WARNING - PERSON_DISPLAY_COMMON_H: declaration_file_name not present
root - WARNING - map: declaration_file_name not present
root - WARNING - set: declaration_file_name not present
root - WARNING - functional: declaration_file_name not present
root - WARNING - boost/circular_buffer.hpp: declaration_file_name not present
root - WARNING - spencer_tracking_msgs/TrackedPersons.h: declaration_file_name not present
root - WARNING - geometry_msgs/Twist.h: declaration_file_name not present
root - WARNING - rviz/message_filter_display.h: declaration_file_name not present
root - WARNING - OGRE/OgreSceneNode.h: declaration_file_name not present
root - WARNING - OGRE/OgreSceneManager.h: declaration_file_name not present
root - WARNING - visuals/person_visual.h: declaration_file_name not present
root - WARNING - PERSON_VISUAL_H: declaration_file_name not present
root - WARNING - pedsim/types.h: declaration_file_name not present
root - WARNING - rviz/ogre_helpers/shape.h: declaration_file_name not present
root - WARNING - rviz/ogre_helpers/billboard_line.h: declaration_file_name not present
root - WARNING - OgreSceneNode.h: declaration_file_name not present
root - WARNING - OgreAnimation.h: declaration_file_name not present
root - WARNING - OgreSharedPtr.h: declaration_file_name not present
root - WARNING - OgreEntity.h: declaration_file_name not present
root - WARNING - visuals/text_node.h: declaration_file_name not present
root - WARNING - TEXT_NODE_H: declaration_file_name not present
root - WARNING - rviz/ogre_helpers/shape.h: declaration_file_name not present
root - WARNING - rviz/ogre_helpers/movable_text.h: declaration_file_name not present
root - WARNING - visuals/covariance_visual.h: declaration_file_name not present
root - WARNING - COVARIANCE_VISUAL_H: declaration_file_name not present
root - WARNING - rviz/ogre_helpers/shape.h: declaration_file_name not present
root - WARNING - rviz/ogre_helpers/billboard_line.h: declaration_file_name not present
root - WARNING - cmath: declaration_file_name not present
root - WARNING - rviz/ogre_helpers/shape.h: declaration_file_name not present
root - WARNING - rviz/properties/bool_property.h: declaration_file_name not present
root - WARNING - rviz/properties/enum_property.h: declaration_file_name not present
root - WARNING - rviz/properties/color_property.h: declaration_file_name not present
root - WARNING - rviz/properties/float_property.h: declaration_file_name not present
root - WARNING - rviz/properties/int_property.h: declaration_file_name not present
root - WARNING - rviz/properties/string_property.h: declaration_file_name not present
root - WARNING - rviz/ogre_helpers/arrow.h: declaration_file_name not present
root - WARNING - rviz/ogre_helpers/movable_text.h: declaration_file_name not present
root - WARNING - pedsim/types.h: declaration_file_name not present
root - WARNING - tracked_persons_cache.h: declaration_file_name not present
root - WARNING - TRACKED_PERSONS_CACHE_H: declaration_file_name not present
root - WARNING - map: declaration_file_name not present
root - WARNING - geometry_msgs/PoseWithCovariance.h: declaration_file_name not present
root - WARNING - geometry_msgs/TwistWithCovariance.h: declaration_file_name not present
root - WARNING - spencer_tracking_msgs/TrackedPersons.h: declaration_file_name not present
root - WARNING - additional_topic_subscriber.h: declaration_file_name not present
root - WARNING - ADDITIONAL_TOPIC_SUBSCRIBER_H: declaration_file_name not present
root - WARNING - message_filters/subscriber.h: declaration_file_name not present
root - WARNING - tf/message_filter.h: declaration_file_name not present
root - WARNING - boost/bind.hpp: declaration_file_name not present
root - WARNING - boost/function.hpp: declaration_file_name not present
root - WARNING - iostream: declaration_file_name not present
root - WARNING - OGRE/OgreSceneManager.h: declaration_file_name not present
root - WARNING - OGRE/OgreSceneNode.h: declaration_file_name not present
root - WARNING - rviz/display.h: declaration_file_name not present
root - WARNING - rviz/display_context.h: declaration_file_name not present
root - WARNING - rviz/frame_manager.h: declaration_file_name not present
root - WARNING - rviz/properties/ros_topic_property.h: declaration_file_name not present
root - WARNING - pedsim/types.h: declaration_file_name not present
root - WARNING - visuals/mesh_node.h: declaration_file_name not present
root - WARNING - MESH_NODE_H: declaration_file_name not present
root - WARNING - rviz/mesh_loader.h: declaration_file_name not present
root - WARNING - resource_retriever/retriever.h: declaration_file_name not present
root - WARNING - rviz/visualization_manager.h: declaration_file_name not present
root - WARNING - rviz/render_panel.h: declaration_file_name not present
root - WARNING - OgreSceneManager.h: declaration_file_name not present
root - WARNING - OgreSubEntity.h: declaration_file_name not present
root - WARNING - OgreMaterialManager.h: declaration_file_name not present
root - WARNING - OgreTextureManager.h: declaration_file_name not present
root - WARNING - OgreTechnique.h: declaration_file_name not present
root - WARNING - OgreRoot.h: declaration_file_name not present
root - WARNING - OgreFrameListener.h: declaration_file_name not present
root - WARNING - boost/lexical_cast.hpp: declaration_file_name not present
root - WARNING - boost/tokenizer.hpp: declaration_file_name not present
root - WARNING - boost/foreach.hpp: declaration_file_name not present
root - WARNING - boost/range/adaptor/map.hpp: declaration_file_name not present
root - WARNING - foreach: declaration_file_name not present
root - WARNING - ROS_PACKAGE_NAME: declaration_file_name not present
root - WARNING - pluginlib/class_list_macros.h: declaration_file_name not present
root - WARNING - "Error transforming from frame '%s' into fixed frame!": declaration_file_name not present
root - WARNING - 'stdarg.h' file not found
root - WARNING - person_display_common.h: declaration_file_name not present
root - WARNING - PERSON_DISPLAY_COMMON_H: declaration_file_name not present
root - WARNING - map: declaration_file_name not present
root - WARNING - set: declaration_file_name not present
root - WARNING - functional: declaration_file_name not present
root - WARNING - boost/circular_buffer.hpp: declaration_file_name not present
root - WARNING - spencer_tracking_msgs/TrackedPersons.h: declaration_file_name not present
root - WARNING - geometry_msgs/Twist.h: declaration_file_name not present
root - WARNING - rviz/message_filter_display.h: declaration_file_name not present
root - WARNING - OGRE/OgreSceneNode.h: declaration_file_name not present
root - WARNING - OGRE/OgreSceneManager.h: declaration_file_name not present
root - WARNING - visuals/person_visual.h: declaration_file_name not present
root - WARNING - PERSON_VISUAL_H: declaration_file_name not present
root - WARNING - pedsim/types.h: declaration_file_name not present
root - WARNING - rviz/ogre_helpers/shape.h: declaration_file_name not present
root - WARNING - rviz/ogre_helpers/billboard_line.h: declaration_file_name not present
root - WARNING - OgreSceneNode.h: declaration_file_name not present
root - WARNING - OgreAnimation.h: declaration_file_name not present
root - WARNING - OgreSharedPtr.h: declaration_file_name not present
root - WARNING - OgreEntity.h: declaration_file_name not present
root - WARNING - visuals/text_node.h: declaration_file_name not present
root - WARNING - TEXT_NODE_H: declaration_file_name not present
root - WARNING - rviz/ogre_helpers/shape.h: declaration_file_name not present
root - WARNING - rviz/ogre_helpers/movable_text.h: declaration_file_name not present
root - WARNING - visuals/covariance_visual.h: declaration_file_name not present
root - WARNING - COVARIANCE_VISUAL_H: declaration_file_name not present
root - WARNING - rviz/ogre_helpers/shape.h: declaration_file_name not present
root - WARNING - rviz/ogre_helpers/billboard_line.h: declaration_file_name not present
root - WARNING - cmath: declaration_file_name not present
root - WARNING - rviz/ogre_helpers/shape.h: declaration_file_name not present
root - WARNING - rviz/properties/bool_property.h: declaration_file_name not present
root - WARNING - rviz/properties/enum_property.h: declaration_file_name not present
root - WARNING - rviz/properties/color_property.h: declaration_file_name not present
root - WARNING - rviz/properties/float_property.h: declaration_file_name not present
root - WARNING - rviz/properties/int_property.h: declaration_file_name not present
root - WARNING - rviz/properties/string_property.h: declaration_file_name not present
root - WARNING - rviz/ogre_helpers/arrow.h: declaration_file_name not present
root - WARNING - rviz/ogre_helpers/movable_text.h: declaration_file_name not present
root - WARNING - pedsim/types.h: declaration_file_name not present
root - WARNING - boost/lexical_cast.hpp: declaration_file_name not present
root - WARNING - boost/tokenizer.hpp: declaration_file_name not present
root - WARNING - boost/foreach.hpp: declaration_file_name not present
root - WARNING - foreach: declaration_file_name not present
root - WARNING - "Error transforming from frame '%s' into fixed frame!": declaration_file_name not present
root - WARNING - 'stdarg.h' file not found
root - WARNING - tracked_persons_cache.h: declaration_file_name not present
root - WARNING - TRACKED_PERSONS_CACHE_H: declaration_file_name not present
root - WARNING - map: declaration_file_name not present
root - WARNING - geometry_msgs/PoseWithCovariance.h: declaration_file_name not present
root - WARNING - geometry_msgs/TwistWithCovariance.h: declaration_file_name not present
root - WARNING - spencer_tracking_msgs/TrackedPersons.h: declaration_file_name not present
root - WARNING - additional_topic_subscriber.h: declaration_file_name not present
root - WARNING - ADDITIONAL_TOPIC_SUBSCRIBER_H: declaration_file_name not present
root - WARNING - message_filters/subscriber.h: declaration_file_name not present
root - WARNING - tf/message_filter.h: declaration_file_name not present
root - WARNING - boost/bind.hpp: declaration_file_name not present
root - WARNING - boost/function.hpp: declaration_file_name not present
root - WARNING - iostream: declaration_file_name not present
root - WARNING - OGRE/OgreSceneManager.h: declaration_file_name not present
root - WARNING - OGRE/OgreSceneNode.h: declaration_file_name not present
root - WARNING - rviz/display.h: declaration_file_name not present
root - WARNING - rviz/display_context.h: declaration_file_name not present
root - WARNING - rviz/frame_manager.h: declaration_file_name not present
root - WARNING - rviz/properties/ros_topic_property.h: declaration_file_name not present
root - WARNING - pedsim/types.h: declaration_file_name not present
root - WARNING - sstream: declaration_file_name not present
root - WARNING - boost/foreach.hpp: declaration_file_name not present
root - WARNING - foreach: declaration_file_name not present
root - WARNING - 'rviz/mesh_loader.h' file not found
root - WARNING - rviz/mesh_loader.h: declaration_file_name not present
root - WARNING - ros/console.h: declaration_file_name not present
root - WARNING - ros/package.h: declaration_file_name not present
root - WARNING - resource_retriever/retriever.h: declaration_file_name not present
root - WARNING - boost/algorithm/string/predicate.hpp: declaration_file_name not present
root - WARNING - boost/filesystem.hpp: declaration_file_name not present
root - WARNING - OgreSceneManager.h: declaration_file_name not present
root - WARNING - OgreSubEntity.h: declaration_file_name not present
root - WARNING - OgreMaterialManager.h: declaration_file_name not present
root - WARNING - OgreTextureManager.h: declaration_file_name not present
root - WARNING - OgreTechnique.h: declaration_file_name not present
root - WARNING - OgreAnimation.h: declaration_file_name not present
root - WARNING - person_visual.h: declaration_file_name not present
root - WARNING - PERSON_VISUAL_H: declaration_file_name not present
root - WARNING - pedsim/types.h: declaration_file_name not present
root - WARNING - rviz/ogre_helpers/shape.h: declaration_file_name not present
root - WARNING - rviz/ogre_helpers/billboard_line.h: declaration_file_name not present
root - WARNING - OgreSceneNode.h: declaration_file_name not present
root - WARNING - OgreAnimation.h: declaration_file_name not present
root - WARNING - OgreSharedPtr.h: declaration_file_name not present
root - WARNING - OgreEntity.h: declaration_file_name not present
root - WARNING - ROS_PACKAGE_NAME: declaration_file_name not present
root - WARNING - 'stdarg.h' file not found
root - WARNING - 'stdarg.h' file not found
root - WARNING - 'stdarg.h' file not found
root - WARNING - 'stdarg.h' file not found
root - WARNING - 'stdarg.h' file not found
root - WARNING - 'stdarg.h' file not found
root - WARNING - 'stdarg.h' file not found
root - WARNING - 'message_filters/subscriber.h' file not found
