root - WARNING - 'corbo-controllers/predictive_controller.h' file not found
root - WARNING - mpc_local_planner/controller.h: declaration_file_name not present
root - WARNING - CONTROLLER_H_: declaration_file_name not present
root - WARNING - corbo-controllers/predictive_controller.h: declaration_file_name not present
root - WARNING - corbo-optimal-control/structured_ocp/structured_optimal_control_problem.h: declaration_file_name not present
root - WARNING - mpc_local_planner/optimal_control/stage_inequality_se2.h: declaration_file_name not present
root - WARNING - STAGE_INEQUALITY_SE2_H_: declaration_file_name not present
root - WARNING - corbo-core/reference_trajectory.h: declaration_file_name not present
root - WARNING - corbo-optimal-control/functions/stage_functions.h: declaration_file_name not present
root - WARNING - teb_local_planner/robot_footprint_model.h: declaration_file_name not present
root - WARNING - teb_local_planner/obstacles.h: declaration_file_name not present
root - WARNING - cmath: declaration_file_name not present
root - WARNING - memory: declaration_file_name not present
root - WARNING - mpc_local_planner/systems/robot_dynamics_interface.h: declaration_file_name not present
root - WARNING - SYSTEMS_ROBOT_DYNAMICS_INTERFACE_H_: declaration_file_name not present
root - WARNING - corbo-core/types.h: declaration_file_name not present
root - WARNING - corbo-systems/system_dynamics_interface.h: declaration_file_name not present
root - WARNING - geometry_msgs/Twist.h: declaration_file_name not present
root - WARNING - teb_local_planner/pose_se2.h: declaration_file_name not present
root - WARNING - memory: declaration_file_name not present
root - WARNING - teb_local_planner/obstacles.h: declaration_file_name not present
root - WARNING - teb_local_planner/pose_se2.h: declaration_file_name not present
root - WARNING - mpc_local_planner_msgs/StateFeedback.h: declaration_file_name not present
root - WARNING - base_local_planner/costmap_model.h: declaration_file_name not present
root - WARNING - ros/subscriber.h: declaration_file_name not present
root - WARNING - ros/time.h: declaration_file_name not present
root - WARNING - memory: declaration_file_name not present
root - WARNING - mutex: declaration_file_name not present
root - WARNING - corbo-optimal-control/functions/hybrid_cost.h: declaration_file_name not present
root - WARNING - corbo-optimal-control/functions/minimum_time.h: declaration_file_name not present
root - WARNING - corbo-optimal-control/functions/quadratic_control_cost.h: declaration_file_name not present
root - WARNING - corbo-optimal-control/structured_ocp/discretization_grids/finite_differences_variable_grid.h: declaration_file_name not present
root - WARNING - corbo-optimal-control/structured_ocp/structured_optimal_control_problem.h: declaration_file_name not present
root - WARNING - corbo-optimization/hyper_graph/hyper_graph_optimization_problem_edge_based.h: declaration_file_name not present
root - WARNING - corbo-optimization/solver/levenberg_marquardt_sparse.h: declaration_file_name not present
root - WARNING - corbo-optimization/solver/nlp_solver_ipopt.h: declaration_file_name not present
root - WARNING - corbo-optimization/solver/qp_solver_osqp.h: declaration_file_name not present
root - WARNING - mpc_local_planner/optimal_control/fd_collocation_se2.h: declaration_file_name not present
root - WARNING - FINITE_DIFFERENCES_COLLOCATION_H_: declaration_file_name not present
root - WARNING - corbo-numerics/finite_differences_collocation.h: declaration_file_name not present
root - WARNING - mpc_local_planner/utils/math_utils.h: declaration_file_name not present
root - WARNING - UTILS_MATH_UTILS_H_: declaration_file_name not present
root - WARNING - cmath: declaration_file_name not present
root - WARNING - functional: declaration_file_name not present
root - WARNING - memory: declaration_file_name not present
root - WARNING - mpc_local_planner/optimal_control/final_state_conditions_se2.h: declaration_file_name not present
root - WARNING - FINAL_STATE_CONDITIONS_SE2_H_: declaration_file_name not present
root - WARNING - corbo-optimal-control/functions/final_state_constraints.h: declaration_file_name not present
root - WARNING - corbo-optimal-control/functions/final_state_cost.h: declaration_file_name not present
root - WARNING - cmath: declaration_file_name not present
root - WARNING - memory: declaration_file_name not present
root - WARNING - mpc_local_planner/optimal_control/finite_differences_variable_grid_se2.h: declaration_file_name not present
root - WARNING - FINITE_DIFFERENCES_VARIABLE_GRID_H_: declaration_file_name not present
root - WARNING - mpc_local_planner/optimal_control/finite_differences_grid_se2.h: declaration_file_name not present
root - WARNING - FINITE_DIFFERENCES_GRID_H_: declaration_file_name not present
root - WARNING - mpc_local_planner/optimal_control/full_discretization_grid_base_se2.h: declaration_file_name not present
root - WARNING - FULL_DISCRETIZATION_GRID_BASE_H_: declaration_file_name not present
root - WARNING - corbo-optimal-control/structured_ocp/discretization_grids/discretization_grid_interface.h: declaration_file_name not present
root - WARNING - corbo-optimization/hyper_graph/scalar_vertex.h: declaration_file_name not present
root - WARNING - corbo-optimization/hyper_graph/vector_vertex.h: declaration_file_name not present
root - WARNING - mpc_local_planner/optimal_control/vector_vertex_se2.h: declaration_file_name not present
root - WARNING - VECTOR_SE_VERTEX_H_: declaration_file_name not present
root - WARNING - corbo-optimization/hyper_graph/vector_vertex.h: declaration_file_name not present
root - WARNING - mpc_local_planner/utils/math_utils.h: declaration_file_name not present
root - WARNING - corbo-core/types.h: declaration_file_name not present
root - WARNING - memory: declaration_file_name not present
root - WARNING - vector: declaration_file_name not present
root - WARNING - teb_local_planner/pose_se2.h: declaration_file_name not present
root - WARNING - corbo-numerics/finite_differences_collocation.h: declaration_file_name not present
root - WARNING - memory: declaration_file_name not present
root - WARNING - memory: declaration_file_name not present
root - WARNING - memory: declaration_file_name not present
root - WARNING - mpc_local_planner/optimal_control/min_time_via_points_cost.h: declaration_file_name not present
root - WARNING - MIN_TIME_VIA_POINTS_COSTS_H_: declaration_file_name not present
root - WARNING - corbo-core/reference_trajectory.h: declaration_file_name not present
root - WARNING - corbo-optimal-control/functions/stage_functions.h: declaration_file_name not present
root - WARNING - teb_local_planner/pose_se2.h: declaration_file_name not present
root - WARNING - cmath: declaration_file_name not present
root - WARNING - memory: declaration_file_name not present
root - WARNING - utility: declaration_file_name not present
root - WARNING - vector: declaration_file_name not present
root - WARNING - mpc_local_planner/optimal_control/quadratic_cost_se2.h: declaration_file_name not present
root - WARNING - QUADRATIC_COST_SE2_H_: declaration_file_name not present
root - WARNING - corbo-optimal-control/functions/quadratic_cost.h: declaration_file_name not present
root - WARNING - corbo-optimal-control/functions/quadratic_state_cost.h: declaration_file_name not present
root - WARNING - cmath: declaration_file_name not present
root - WARNING - memory: declaration_file_name not present
root - WARNING - mpc_local_planner/optimal_control/stage_inequality_se2.h: declaration_file_name not present
root - WARNING - mpc_local_planner/systems/kinematic_bicycle_model.h: declaration_file_name not present
root - WARNING - SYSTEMS_KINEMATIC_BICYCLE_MODEL_H_: declaration_file_name not present
root - WARNING - mpc_local_planner/systems/base_robot_se2.h: declaration_file_name not present
root - WARNING - SYSTEMS_BASE_ROBOT_SE2_H_: declaration_file_name not present
root - WARNING - mpc_local_planner/systems/robot_dynamics_interface.h: declaration_file_name not present
root - WARNING - cmath: declaration_file_name not present
root - WARNING - mpc_local_planner/systems/simple_car.h: declaration_file_name not present
root - WARNING - SYSTEMS_SIMPLE_CAR_H_: declaration_file_name not present
root - WARNING - mpc_local_planner/systems/base_robot_se2.h: declaration_file_name not present
root - WARNING - cmath: declaration_file_name not present
root - WARNING - mpc_local_planner/systems/unicycle_robot.h: declaration_file_name not present
root - WARNING - SYSTEMS_UNICYCLE_ROBOT_H_: declaration_file_name not present
root - WARNING - mpc_local_planner/systems/base_robot_se2.h: declaration_file_name not present
root - WARNING - cmath: declaration_file_name not present
root - WARNING - mpc_local_planner/utils/time_series_se2.h: declaration_file_name not present
root - WARNING - UTILS_TIME_SERIES_SE2_H_: declaration_file_name not present
root - WARNING - corbo-core/time_series.h: declaration_file_name not present
root - WARNING - Eigen/Core: declaration_file_name not present
root - WARNING - mpc_local_planner_msgs/OptimalControlResult.h: declaration_file_name not present
root - WARNING - mpc_local_planner_msgs/StateFeedback.h: declaration_file_name not present
root - WARNING - corbo-communication/utilities.h: declaration_file_name not present
root - WARNING - corbo-core/console.h: declaration_file_name not present
root - WARNING - tf2/utils.h: declaration_file_name not present
root - WARNING - memory: declaration_file_name not present
root - WARNING - mutex: declaration_file_name not present
root - WARNING - 'ros/ros.h' file not found
root - WARNING - mpc_local_planner/mpc_local_planner_ros.h: declaration_file_name not present
root - WARNING - MPC_LOCAL_PLANNER_ROS_H_: declaration_file_name not present
root - WARNING - ros/ros.h: declaration_file_name not present
root - WARNING - base_local_planner/costmap_model.h: declaration_file_name not present
root - WARNING - base_local_planner/goal_functions.h: declaration_file_name not present
root - WARNING - base_local_planner/odometry_helper_ros.h: declaration_file_name not present
root - WARNING - mbf_costmap_core/costmap_controller.h: declaration_file_name not present
root - WARNING - nav_core/base_local_planner.h: declaration_file_name not present
root - WARNING - mpc_local_planner/controller.h: declaration_file_name not present
root - WARNING - CONTROLLER_H_: declaration_file_name not present
root - WARNING - corbo-controllers/predictive_controller.h: declaration_file_name not present
root - WARNING - corbo-optimal-control/structured_ocp/structured_optimal_control_problem.h: declaration_file_name not present
root - WARNING - mpc_local_planner/optimal_control/stage_inequality_se2.h: declaration_file_name not present
root - WARNING - STAGE_INEQUALITY_SE2_H_: declaration_file_name not present
root - WARNING - corbo-core/reference_trajectory.h: declaration_file_name not present
root - WARNING - corbo-optimal-control/functions/stage_functions.h: declaration_file_name not present
root - WARNING - teb_local_planner/robot_footprint_model.h: declaration_file_name not present
root - WARNING - teb_local_planner/obstacles.h: declaration_file_name not present
root - WARNING - cmath: declaration_file_name not present
root - WARNING - memory: declaration_file_name not present
root - WARNING - mpc_local_planner/systems/robot_dynamics_interface.h: declaration_file_name not present
root - WARNING - SYSTEMS_ROBOT_DYNAMICS_INTERFACE_H_: declaration_file_name not present
root - WARNING - corbo-core/types.h: declaration_file_name not present
root - WARNING - corbo-systems/system_dynamics_interface.h: declaration_file_name not present
root - WARNING - geometry_msgs/Twist.h: declaration_file_name not present
root - WARNING - teb_local_planner/pose_se2.h: declaration_file_name not present
root - WARNING - memory: declaration_file_name not present
root - WARNING - teb_local_planner/obstacles.h: declaration_file_name not present
root - WARNING - teb_local_planner/pose_se2.h: declaration_file_name not present
root - WARNING - mpc_local_planner_msgs/StateFeedback.h: declaration_file_name not present
root - WARNING - base_local_planner/costmap_model.h: declaration_file_name not present
root - WARNING - ros/subscriber.h: declaration_file_name not present
root - WARNING - ros/time.h: declaration_file_name not present
root - WARNING - memory: declaration_file_name not present
root - WARNING - mutex: declaration_file_name not present
root - WARNING - mpc_local_planner/utils/publisher.h: declaration_file_name not present
root - WARNING - UTILS_PUBLISHER_H_: declaration_file_name not present
root - WARNING - corbo-core/time_series.h: declaration_file_name not present
root - WARNING - corbo-core/types.h: declaration_file_name not present
root - WARNING - mpc_local_planner/systems/robot_dynamics_interface.h: declaration_file_name not present
root - WARNING - teb_local_planner/obstacles.h: declaration_file_name not present
root - WARNING - teb_local_planner/robot_footprint_model.h: declaration_file_name not present
root - WARNING - geometry_msgs/PoseStamped.h: declaration_file_name not present
root - WARNING - ros/publisher.h: declaration_file_name not present
root - WARNING - ros/ros.h: declaration_file_name not present
root - WARNING - std_msgs/ColorRGBA.h: declaration_file_name not present
root - WARNING - memory: declaration_file_name not present
root - WARNING - teb_local_planner/obstacles.h: declaration_file_name not present
root - WARNING - teb_local_planner/pose_se2.h: declaration_file_name not present
root - WARNING - teb_local_planner/robot_footprint_model.h: declaration_file_name not present
root - WARNING - costmap_converter/ObstacleMsg.h: declaration_file_name not present
root - WARNING - geometry_msgs/PoseStamped.h: declaration_file_name not present
root - WARNING - nav_msgs/Odometry.h: declaration_file_name not present
root - WARNING - nav_msgs/Path.h: declaration_file_name not present
root - WARNING - visualization_msgs/Marker.h: declaration_file_name not present
root - WARNING - visualization_msgs/MarkerArray.h: declaration_file_name not present
root - WARNING - tf2/utils.h: declaration_file_name not present
root - WARNING - tf2_ros/buffer.h: declaration_file_name not present
root - WARNING - costmap_2d/costmap_2d_ros.h: declaration_file_name not present
root - WARNING - costmap_converter/costmap_converter_interface.h: declaration_file_name not present
root - WARNING - dynamic_reconfigure/server.h: declaration_file_name not present
root - WARNING - mpc_local_planner/ControllerReconfigureConfig.h: declaration_file_name not present
root - WARNING - mpc_local_planner/CollisionReconfigureConfig.h: declaration_file_name not present
root - WARNING - mpc_local_planner/FootprintReconfigureConfig.h: declaration_file_name not present
root - WARNING - boost/shared_ptr.hpp: declaration_file_name not present
root - WARNING - memory: declaration_file_name not present
root - WARNING - mutex: declaration_file_name not present
root - WARNING - mpc_local_planner/utils/math_utils.h: declaration_file_name not present
root - WARNING - UTILS_MATH_UTILS_H_: declaration_file_name not present
root - WARNING - cmath: declaration_file_name not present
root - WARNING - tf2_eigen/tf2_eigen.h: declaration_file_name not present
root - WARNING - tf2_geometry_msgs/tf2_geometry_msgs.h: declaration_file_name not present
root - WARNING - boost/algorithm/string.hpp: declaration_file_name not present
root - WARNING - mbf_msgs/ExePathResult.h: declaration_file_name not present
root - WARNING - pluginlib/class_list_macros.h: declaration_file_name not present
root - WARNING - 'corbo-core/time_series.h' file not found
root - WARNING - mpc_local_planner/utils/publisher.h: declaration_file_name not present
root - WARNING - UTILS_PUBLISHER_H_: declaration_file_name not present
root - WARNING - corbo-core/time_series.h: declaration_file_name not present
root - WARNING - corbo-core/types.h: declaration_file_name not present
root - WARNING - mpc_local_planner/systems/robot_dynamics_interface.h: declaration_file_name not present
root - WARNING - SYSTEMS_ROBOT_DYNAMICS_INTERFACE_H_: declaration_file_name not present
root - WARNING - corbo-core/types.h: declaration_file_name not present
root - WARNING - corbo-systems/system_dynamics_interface.h: declaration_file_name not present
root - WARNING - geometry_msgs/Twist.h: declaration_file_name not present
root - WARNING - teb_local_planner/pose_se2.h: declaration_file_name not present
root - WARNING - memory: declaration_file_name not present
root - WARNING - teb_local_planner/obstacles.h: declaration_file_name not present
root - WARNING - teb_local_planner/robot_footprint_model.h: declaration_file_name not present
root - WARNING - geometry_msgs/PoseStamped.h: declaration_file_name not present
root - WARNING - ros/publisher.h: declaration_file_name not present
root - WARNING - ros/ros.h: declaration_file_name not present
root - WARNING - std_msgs/ColorRGBA.h: declaration_file_name not present
root - WARNING - memory: declaration_file_name not present
root - WARNING - mpc_local_planner/utils/conversion.h: declaration_file_name not present
root - WARNING - UTILS_CONVERSION_H_: declaration_file_name not present
root - WARNING - corbo-core/time_series.h: declaration_file_name not present
root - WARNING - corbo-core/types.h: declaration_file_name not present
root - WARNING - mpc_local_planner/systems/robot_dynamics_interface.h: declaration_file_name not present
root - WARNING - geometry_msgs/PoseStamped.h: declaration_file_name not present
root - WARNING - memory: declaration_file_name not present
root - WARNING - string: declaration_file_name not present
root - WARNING - base_local_planner/goal_functions.h: declaration_file_name not present
root - WARNING - nav_msgs/Path.h: declaration_file_name not present
root - WARNING - ros/console.h: declaration_file_name not present
root - WARNING - visualization_msgs/Marker.h: declaration_file_name not present
root - WARNING - boost/pointer_cast.hpp: declaration_file_name not present
root - WARNING - boost/shared_ptr.hpp: declaration_file_name not present
root - WARNING - cmath: declaration_file_name not present
root - WARNING - iomanip: declaration_file_name not present
root - WARNING - memory: declaration_file_name not present
root - WARNING - 'corbo-core/time_series.h' file not found
root - WARNING - mpc_local_planner/utils/conversion.h: declaration_file_name not present
root - WARNING - UTILS_CONVERSION_H_: declaration_file_name not present
root - WARNING - corbo-core/time_series.h: declaration_file_name not present
root - WARNING - corbo-core/types.h: declaration_file_name not present
root - WARNING - mpc_local_planner/systems/robot_dynamics_interface.h: declaration_file_name not present
root - WARNING - SYSTEMS_ROBOT_DYNAMICS_INTERFACE_H_: declaration_file_name not present
root - WARNING - corbo-core/types.h: declaration_file_name not present
root - WARNING - corbo-systems/system_dynamics_interface.h: declaration_file_name not present
root - WARNING - geometry_msgs/Twist.h: declaration_file_name not present
root - WARNING - teb_local_planner/pose_se2.h: declaration_file_name not present
root - WARNING - memory: declaration_file_name not present
root - WARNING - geometry_msgs/PoseStamped.h: declaration_file_name not present
root - WARNING - memory: declaration_file_name not present
root - WARNING - string: declaration_file_name not present
root - WARNING - tf/tf.h: declaration_file_name not present
root - WARNING - 'corbo-core/time_series.h' file not found
root - WARNING - mpc_local_planner/utils/time_series_se2.h: declaration_file_name not present
root - WARNING - UTILS_TIME_SERIES_SE2_H_: declaration_file_name not present
root - WARNING - corbo-core/time_series.h: declaration_file_name not present
root - WARNING - Eigen/Core: declaration_file_name not present
root - WARNING - mpc_local_planner/utils/math_utils.h: declaration_file_name not present
root - WARNING - UTILS_MATH_UTILS_H_: declaration_file_name not present
root - WARNING - cmath: declaration_file_name not present
root - WARNING - corbo-core/console.h: declaration_file_name not present
root - WARNING - cmath: declaration_file_name not present
root - WARNING - iomanip: declaration_file_name not present
root - WARNING - 'corbo-optimal-control/structured_ocp/discretization_grids/discretization_grid_interface.h' file not found
root - WARNING - mpc_local_planner/optimal_control/full_discretization_grid_base_se2.h: declaration_file_name not present
root - WARNING - FULL_DISCRETIZATION_GRID_BASE_H_: declaration_file_name not present
root - WARNING - corbo-optimal-control/structured_ocp/discretization_grids/discretization_grid_interface.h: declaration_file_name not present
root - WARNING - corbo-optimization/hyper_graph/scalar_vertex.h: declaration_file_name not present
root - WARNING - corbo-optimization/hyper_graph/vector_vertex.h: declaration_file_name not present
root - WARNING - mpc_local_planner/optimal_control/vector_vertex_se2.h: declaration_file_name not present
root - WARNING - VECTOR_SE_VERTEX_H_: declaration_file_name not present
root - WARNING - corbo-optimization/hyper_graph/vector_vertex.h: declaration_file_name not present
root - WARNING - mpc_local_planner/utils/math_utils.h: declaration_file_name not present
root - WARNING - UTILS_MATH_UTILS_H_: declaration_file_name not present
root - WARNING - cmath: declaration_file_name not present
root - WARNING - corbo-core/types.h: declaration_file_name not present
root - WARNING - memory: declaration_file_name not present
root - WARNING - vector: declaration_file_name not present
root - WARNING - teb_local_planner/pose_se2.h: declaration_file_name not present
root - WARNING - corbo-numerics/finite_differences_collocation.h: declaration_file_name not present
root - WARNING - memory: declaration_file_name not present
root - WARNING - mpc_local_planner/utils/math_utils.h: declaration_file_name not present
root - WARNING - corbo-optimal-control/structured_ocp/edges/finite_differences_collocation_edges.h: declaration_file_name not present
root - WARNING - corbo-communication/utilities.h: declaration_file_name not present
root - WARNING - corbo-core/console.h: declaration_file_name not present
root - WARNING - algorithm: declaration_file_name not present
root - WARNING - cmath: declaration_file_name not present
root - WARNING - memory: declaration_file_name not present
root - WARNING - 'corbo-optimal-control/structured_ocp/discretization_grids/discretization_grid_interface.h' file not found
root - WARNING - mpc_local_planner/optimal_control/finite_differences_grid_se2.h: declaration_file_name not present
root - WARNING - FINITE_DIFFERENCES_GRID_H_: declaration_file_name not present
root - WARNING - mpc_local_planner/optimal_control/full_discretization_grid_base_se2.h: declaration_file_name not present
root - WARNING - FULL_DISCRETIZATION_GRID_BASE_H_: declaration_file_name not present
root - WARNING - corbo-optimal-control/structured_ocp/discretization_grids/discretization_grid_interface.h: declaration_file_name not present
root - WARNING - corbo-optimization/hyper_graph/scalar_vertex.h: declaration_file_name not present
root - WARNING - corbo-optimization/hyper_graph/vector_vertex.h: declaration_file_name not present
root - WARNING - mpc_local_planner/optimal_control/vector_vertex_se2.h: declaration_file_name not present
root - WARNING - VECTOR_SE_VERTEX_H_: declaration_file_name not present
root - WARNING - corbo-optimization/hyper_graph/vector_vertex.h: declaration_file_name not present
root - WARNING - mpc_local_planner/utils/math_utils.h: declaration_file_name not present
root - WARNING - UTILS_MATH_UTILS_H_: declaration_file_name not present
root - WARNING - cmath: declaration_file_name not present
root - WARNING - corbo-core/types.h: declaration_file_name not present
root - WARNING - memory: declaration_file_name not present
root - WARNING - vector: declaration_file_name not present
root - WARNING - teb_local_planner/pose_se2.h: declaration_file_name not present
root - WARNING - corbo-numerics/finite_differences_collocation.h: declaration_file_name not present
root - WARNING - memory: declaration_file_name not present
root - WARNING - memory: declaration_file_name not present
root - WARNING - corbo-optimal-control/structured_ocp/edges/finite_differences_collocation_edges.h: declaration_file_name not present
root - WARNING - corbo-communication/utilities.h: declaration_file_name not present
root - WARNING - corbo-core/console.h: declaration_file_name not present
root - WARNING - algorithm: declaration_file_name not present
root - WARNING - cmath: declaration_file_name not present
root - WARNING - memory: declaration_file_name not present
root - WARNING - 'corbo-optimal-control/structured_ocp/discretization_grids/discretization_grid_interface.h' file not found
root - WARNING - mpc_local_planner/optimal_control/finite_differences_variable_grid_se2.h: declaration_file_name not present
root - WARNING - FINITE_DIFFERENCES_VARIABLE_GRID_H_: declaration_file_name not present
root - WARNING - mpc_local_planner/optimal_control/finite_differences_grid_se2.h: declaration_file_name not present
root - WARNING - FINITE_DIFFERENCES_GRID_H_: declaration_file_name not present
root - WARNING - mpc_local_planner/optimal_control/full_discretization_grid_base_se2.h: declaration_file_name not present
root - WARNING - FULL_DISCRETIZATION_GRID_BASE_H_: declaration_file_name not present
root - WARNING - corbo-optimal-control/structured_ocp/discretization_grids/discretization_grid_interface.h: declaration_file_name not present
root - WARNING - corbo-optimization/hyper_graph/scalar_vertex.h: declaration_file_name not present
root - WARNING - corbo-optimization/hyper_graph/vector_vertex.h: declaration_file_name not present
root - WARNING - mpc_local_planner/optimal_control/vector_vertex_se2.h: declaration_file_name not present
root - WARNING - VECTOR_SE_VERTEX_H_: declaration_file_name not present
root - WARNING - corbo-optimization/hyper_graph/vector_vertex.h: declaration_file_name not present
root - WARNING - mpc_local_planner/utils/math_utils.h: declaration_file_name not present
root - WARNING - UTILS_MATH_UTILS_H_: declaration_file_name not present
root - WARNING - cmath: declaration_file_name not present
root - WARNING - corbo-core/types.h: declaration_file_name not present
root - WARNING - memory: declaration_file_name not present
root - WARNING - vector: declaration_file_name not present
root - WARNING - teb_local_planner/pose_se2.h: declaration_file_name not present
root - WARNING - corbo-numerics/finite_differences_collocation.h: declaration_file_name not present
root - WARNING - memory: declaration_file_name not present
root - WARNING - memory: declaration_file_name not present
root - WARNING - memory: declaration_file_name not present
root - WARNING - corbo-optimal-control/structured_ocp/edges/finite_differences_collocation_edges.h: declaration_file_name not present
root - WARNING - corbo-communication/utilities.h: declaration_file_name not present
root - WARNING - corbo-core/console.h: declaration_file_name not present
root - WARNING - algorithm: declaration_file_name not present
root - WARNING - cmath: declaration_file_name not present
root - WARNING - memory: declaration_file_name not present
root - WARNING - 'corbo-optimal-control/structured_ocp/discretization_grids/discretization_grid_interface.h' file not found
root - WARNING - mpc_local_planner/optimal_control/full_discretization_grid_base_se2.h: declaration_file_name not present
root - WARNING - FULL_DISCRETIZATION_GRID_BASE_H_: declaration_file_name not present
root - WARNING - corbo-optimal-control/structured_ocp/discretization_grids/discretization_grid_interface.h: declaration_file_name not present
root - WARNING - corbo-optimization/hyper_graph/scalar_vertex.h: declaration_file_name not present
root - WARNING - corbo-optimization/hyper_graph/vector_vertex.h: declaration_file_name not present
root - WARNING - mpc_local_planner/optimal_control/vector_vertex_se2.h: declaration_file_name not present
root - WARNING - VECTOR_SE_VERTEX_H_: declaration_file_name not present
root - WARNING - corbo-optimization/hyper_graph/vector_vertex.h: declaration_file_name not present
root - WARNING - mpc_local_planner/utils/math_utils.h: declaration_file_name not present
root - WARNING - UTILS_MATH_UTILS_H_: declaration_file_name not present
root - WARNING - cmath: declaration_file_name not present
root - WARNING - corbo-core/types.h: declaration_file_name not present
root - WARNING - memory: declaration_file_name not present
root - WARNING - vector: declaration_file_name not present
root - WARNING - teb_local_planner/pose_se2.h: declaration_file_name not present
root - WARNING - corbo-numerics/finite_differences_collocation.h: declaration_file_name not present
root - WARNING - memory: declaration_file_name not present
root - WARNING - mpc_local_planner/optimal_control/stage_inequality_se2.h: declaration_file_name not present
root - WARNING - STAGE_INEQUALITY_SE2_H_: declaration_file_name not present
root - WARNING - corbo-core/reference_trajectory.h: declaration_file_name not present
root - WARNING - corbo-optimal-control/functions/stage_functions.h: declaration_file_name not present
root - WARNING - teb_local_planner/robot_footprint_model.h: declaration_file_name not present
root - WARNING - teb_local_planner/obstacles.h: declaration_file_name not present
root - WARNING - cmath: declaration_file_name not present
root - WARNING - memory: declaration_file_name not present
root - WARNING - teb_local_planner/obstacles.h: declaration_file_name not present
root - WARNING - teb_local_planner/pose_se2.h: declaration_file_name not present
root - WARNING - cmath: declaration_file_name not present
root - WARNING - memory: declaration_file_name not present
root - WARNING - 'corbo-optimal-control/functions/quadratic_cost.h' file not found
root - WARNING - mpc_local_planner/optimal_control/quadratic_cost_se2.h: declaration_file_name not present
root - WARNING - QUADRATIC_COST_SE2_H_: declaration_file_name not present
root - WARNING - corbo-optimal-control/functions/quadratic_cost.h: declaration_file_name not present
root - WARNING - corbo-optimal-control/functions/quadratic_state_cost.h: declaration_file_name not present
root - WARNING - cmath: declaration_file_name not present
root - WARNING - memory: declaration_file_name not present
root - WARNING - mpc_local_planner/utils/math_utils.h: declaration_file_name not present
root - WARNING - UTILS_MATH_UTILS_H_: declaration_file_name not present
root - WARNING - cmath: declaration_file_name not present
root - WARNING - cmath: declaration_file_name not present
root - WARNING - 'corbo-optimal-control/functions/final_state_constraints.h' file not found
root - WARNING - mpc_local_planner/optimal_control/final_state_conditions_se2.h: declaration_file_name not present
root - WARNING - FINAL_STATE_CONDITIONS_SE2_H_: declaration_file_name not present
root - WARNING - corbo-optimal-control/functions/final_state_constraints.h: declaration_file_name not present
root - WARNING - corbo-optimal-control/functions/final_state_cost.h: declaration_file_name not present
root - WARNING - cmath: declaration_file_name not present
root - WARNING - memory: declaration_file_name not present
root - WARNING - mpc_local_planner/utils/math_utils.h: declaration_file_name not present
root - WARNING - UTILS_MATH_UTILS_H_: declaration_file_name not present
root - WARNING - cmath: declaration_file_name not present
root - WARNING - cmath: declaration_file_name not present
root - WARNING - 'corbo-core/reference_trajectory.h' file not found
root - WARNING - mpc_local_planner/optimal_control/min_time_via_points_cost.h: declaration_file_name not present
root - WARNING - MIN_TIME_VIA_POINTS_COSTS_H_: declaration_file_name not present
root - WARNING - corbo-core/reference_trajectory.h: declaration_file_name not present
root - WARNING - corbo-optimal-control/functions/stage_functions.h: declaration_file_name not present
root - WARNING - teb_local_planner/pose_se2.h: declaration_file_name not present
root - WARNING - cmath: declaration_file_name not present
root - WARNING - memory: declaration_file_name not present
root - WARNING - utility: declaration_file_name not present
root - WARNING - vector: declaration_file_name not present
root - WARNING - mpc_local_planner/optimal_control/full_discretization_grid_base_se2.h: declaration_file_name not present
root - WARNING - FULL_DISCRETIZATION_GRID_BASE_H_: declaration_file_name not present
root - WARNING - corbo-optimal-control/structured_ocp/discretization_grids/discretization_grid_interface.h: declaration_file_name not present
root - WARNING - corbo-optimization/hyper_graph/scalar_vertex.h: declaration_file_name not present
root - WARNING - corbo-optimization/hyper_graph/vector_vertex.h: declaration_file_name not present
root - WARNING - mpc_local_planner/optimal_control/vector_vertex_se2.h: declaration_file_name not present
root - WARNING - VECTOR_SE_VERTEX_H_: declaration_file_name not present
root - WARNING - corbo-optimization/hyper_graph/vector_vertex.h: declaration_file_name not present
root - WARNING - mpc_local_planner/utils/math_utils.h: declaration_file_name not present
root - WARNING - UTILS_MATH_UTILS_H_: declaration_file_name not present
root - WARNING - cmath: declaration_file_name not present
root - WARNING - corbo-core/types.h: declaration_file_name not present
root - WARNING - memory: declaration_file_name not present
root - WARNING - vector: declaration_file_name not present
root - WARNING - teb_local_planner/pose_se2.h: declaration_file_name not present
root - WARNING - corbo-numerics/finite_differences_collocation.h: declaration_file_name not present
root - WARNING - memory: declaration_file_name not present
root - WARNING - mpc_local_planner/utils/math_utils.h: declaration_file_name not present
root - WARNING - cmath: declaration_file_name not present
root - WARNING - memory: declaration_file_name not present
root - WARNING - 'ros/ros.h' file not found
root - WARNING - ros/ros.h: declaration_file_name not present
root - WARNING - Eigen/Core: declaration_file_name not present
root - WARNING - mpc_local_planner/controller.h: declaration_file_name not present
root - WARNING - CONTROLLER_H_: declaration_file_name not present
root - WARNING - corbo-controllers/predictive_controller.h: declaration_file_name not present
root - WARNING - corbo-optimal-control/structured_ocp/structured_optimal_control_problem.h: declaration_file_name not present
root - WARNING - mpc_local_planner/optimal_control/stage_inequality_se2.h: declaration_file_name not present
root - WARNING - STAGE_INEQUALITY_SE2_H_: declaration_file_name not present
root - WARNING - corbo-core/reference_trajectory.h: declaration_file_name not present
root - WARNING - corbo-optimal-control/functions/stage_functions.h: declaration_file_name not present
root - WARNING - teb_local_planner/robot_footprint_model.h: declaration_file_name not present
root - WARNING - teb_local_planner/obstacles.h: declaration_file_name not present
root - WARNING - cmath: declaration_file_name not present
root - WARNING - memory: declaration_file_name not present
root - WARNING - mpc_local_planner/systems/robot_dynamics_interface.h: declaration_file_name not present
root - WARNING - SYSTEMS_ROBOT_DYNAMICS_INTERFACE_H_: declaration_file_name not present
root - WARNING - corbo-core/types.h: declaration_file_name not present
root - WARNING - corbo-systems/system_dynamics_interface.h: declaration_file_name not present
root - WARNING - geometry_msgs/Twist.h: declaration_file_name not present
root - WARNING - teb_local_planner/pose_se2.h: declaration_file_name not present
root - WARNING - memory: declaration_file_name not present
root - WARNING - teb_local_planner/obstacles.h: declaration_file_name not present
root - WARNING - teb_local_planner/pose_se2.h: declaration_file_name not present
root - WARNING - mpc_local_planner_msgs/StateFeedback.h: declaration_file_name not present
root - WARNING - base_local_planner/costmap_model.h: declaration_file_name not present
root - WARNING - ros/subscriber.h: declaration_file_name not present
root - WARNING - ros/time.h: declaration_file_name not present
root - WARNING - memory: declaration_file_name not present
root - WARNING - mutex: declaration_file_name not present
root - WARNING - mpc_local_planner/mpc_local_planner_ros.h: declaration_file_name not present
root - WARNING - MPC_LOCAL_PLANNER_ROS_H_: declaration_file_name not present
root - WARNING - ros/ros.h: declaration_file_name not present
root - WARNING - base_local_planner/costmap_model.h: declaration_file_name not present
root - WARNING - base_local_planner/goal_functions.h: declaration_file_name not present
root - WARNING - base_local_planner/odometry_helper_ros.h: declaration_file_name not present
root - WARNING - mbf_costmap_core/costmap_controller.h: declaration_file_name not present
root - WARNING - nav_core/base_local_planner.h: declaration_file_name not present
root - WARNING - mpc_local_planner/controller.h: declaration_file_name not present
root - WARNING - mpc_local_planner/utils/publisher.h: declaration_file_name not present
root - WARNING - UTILS_PUBLISHER_H_: declaration_file_name not present
root - WARNING - corbo-core/time_series.h: declaration_file_name not present
root - WARNING - corbo-core/types.h: declaration_file_name not present
root - WARNING - mpc_local_planner/systems/robot_dynamics_interface.h: declaration_file_name not present
root - WARNING - teb_local_planner/obstacles.h: declaration_file_name not present
root - WARNING - teb_local_planner/robot_footprint_model.h: declaration_file_name not present
root - WARNING - geometry_msgs/PoseStamped.h: declaration_file_name not present
root - WARNING - ros/publisher.h: declaration_file_name not present
root - WARNING - ros/ros.h: declaration_file_name not present
root - WARNING - std_msgs/ColorRGBA.h: declaration_file_name not present
root - WARNING - memory: declaration_file_name not present
root - WARNING - teb_local_planner/obstacles.h: declaration_file_name not present
root - WARNING - teb_local_planner/pose_se2.h: declaration_file_name not present
root - WARNING - teb_local_planner/robot_footprint_model.h: declaration_file_name not present
root - WARNING - costmap_converter/ObstacleMsg.h: declaration_file_name not present
root - WARNING - geometry_msgs/PoseStamped.h: declaration_file_name not present
root - WARNING - nav_msgs/Odometry.h: declaration_file_name not present
root - WARNING - nav_msgs/Path.h: declaration_file_name not present
root - WARNING - visualization_msgs/Marker.h: declaration_file_name not present
root - WARNING - visualization_msgs/MarkerArray.h: declaration_file_name not present
root - WARNING - tf2/utils.h: declaration_file_name not present
root - WARNING - tf2_ros/buffer.h: declaration_file_name not present
root - WARNING - costmap_2d/costmap_2d_ros.h: declaration_file_name not present
root - WARNING - costmap_converter/costmap_converter_interface.h: declaration_file_name not present
root - WARNING - dynamic_reconfigure/server.h: declaration_file_name not present
root - WARNING - mpc_local_planner/ControllerReconfigureConfig.h: declaration_file_name not present
root - WARNING - mpc_local_planner/CollisionReconfigureConfig.h: declaration_file_name not present
root - WARNING - mpc_local_planner/FootprintReconfigureConfig.h: declaration_file_name not present
root - WARNING - boost/shared_ptr.hpp: declaration_file_name not present
root - WARNING - memory: declaration_file_name not present
root - WARNING - mutex: declaration_file_name not present
root - WARNING - mpc_local_planner/utils/publisher.h: declaration_file_name not present
root - WARNING - teb_local_planner/obstacles.h: declaration_file_name not present
root - WARNING - interactive_markers/interactive_marker_server.h: declaration_file_name not present
root - WARNING - visualization_msgs/Marker.h: declaration_file_name not present
root - WARNING - memory: declaration_file_name not present
