root - WARNING - 'geometry_msgs/Point.h' file not found
root - WARNING - clear_costmap_recovery/clear_costmap_recovery.h: declaration_file_name not present
root - WARNING - CLEAR_COSTMAP_RECOVERY_H_: declaration_file_name not present
root - WARNING - nav_core/recovery_behavior.h: declaration_file_name not present
root - WARNING - costmap_2d/costmap_2d_ros.h: declaration_file_name not present
root - WARNING - ros/ros.h: declaration_file_name not present
root - WARNING - costmap_2d/costmap_layer.h: declaration_file_name not present
root - WARNING - pluginlib/class_list_macros.hpp: declaration_file_name not present
root - WARNING - boost/pointer_cast.hpp: declaration_file_name not present
root - WARNING - vector: declaration_file_name not present
root - WARNING - 'ros/ros.h' file not found
root - WARNING - ros/ros.h: declaration_file_name not present
root - WARNING - gtest/gtest.h: declaration_file_name not present
root - WARNING - clear_costmap_recovery/clear_costmap_recovery.h: declaration_file_name not present
root - WARNING - CLEAR_COSTMAP_RECOVERY_H_: declaration_file_name not present
root - WARNING - nav_core/recovery_behavior.h: declaration_file_name not present
root - WARNING - costmap_2d/costmap_2d_ros.h: declaration_file_name not present
root - WARNING - ros/ros.h: declaration_file_name not present
root - WARNING - costmap_2d/costmap_layer.h: declaration_file_name not present
root - WARNING - costmap_2d/testing_helper.h: declaration_file_name not present
root - WARNING - tf2_ros/transform_listener.h: declaration_file_name not present
