root - WARNING - 'stdarg.h' file not found
root - WARNING - move_base/move_base.h: declaration_file_name not present
root - WARNING - NAV_MOVE_BASE_ACTION_H_: declaration_file_name not present
root - WARNING - vector: declaration_file_name not present
root - WARNING - string: declaration_file_name not present
root - WARNING - ros/ros.h: declaration_file_name not present
root - WARNING - actionlib/server/simple_action_server.h: declaration_file_name not present
root - WARNING - move_base_msgs/MoveBaseAction.h: declaration_file_name not present
root - WARNING - nav_core/base_local_planner.h: declaration_file_name not present
root - WARNING - nav_core/base_global_planner.h: declaration_file_name not present
root - WARNING - nav_core/recovery_behavior.h: declaration_file_name not present
root - WARNING - geometry_msgs/PoseStamped.h: declaration_file_name not present
root - WARNING - costmap_2d/costmap_2d_ros.h: declaration_file_name not present
root - WARNING - costmap_2d/costmap_2d.h: declaration_file_name not present
root - WARNING - nav_msgs/GetPlan.h: declaration_file_name not present
root - WARNING - pluginlib/class_loader.hpp: declaration_file_name not present
root - WARNING - std_srvs/Empty.h: declaration_file_name not present
root - WARNING - dynamic_reconfigure/server.h: declaration_file_name not present
root - WARNING - move_base/MoveBaseConfig.h: declaration_file_name not present
root - WARNING - move_base_msgs/RecoveryStatus.h: declaration_file_name not present
root - WARNING - cmath: declaration_file_name not present
root - WARNING - boost/algorithm/string.hpp: declaration_file_name not present
root - WARNING - boost/thread.hpp: declaration_file_name not present
root - WARNING - geometry_msgs/Twist.h: declaration_file_name not present
root - WARNING - tf2_geometry_msgs/tf2_geometry_msgs.h: declaration_file_name not present
root - WARNING - 'stdarg.h' file not found
root - WARNING - move_base/move_base.h: declaration_file_name not present
root - WARNING - NAV_MOVE_BASE_ACTION_H_: declaration_file_name not present
root - WARNING - vector: declaration_file_name not present
root - WARNING - string: declaration_file_name not present
root - WARNING - ros/ros.h: declaration_file_name not present
root - WARNING - actionlib/server/simple_action_server.h: declaration_file_name not present
root - WARNING - move_base_msgs/MoveBaseAction.h: declaration_file_name not present
root - WARNING - nav_core/base_local_planner.h: declaration_file_name not present
root - WARNING - nav_core/base_global_planner.h: declaration_file_name not present
root - WARNING - nav_core/recovery_behavior.h: declaration_file_name not present
root - WARNING - geometry_msgs/PoseStamped.h: declaration_file_name not present
root - WARNING - costmap_2d/costmap_2d_ros.h: declaration_file_name not present
root - WARNING - costmap_2d/costmap_2d.h: declaration_file_name not present
root - WARNING - nav_msgs/GetPlan.h: declaration_file_name not present
root - WARNING - pluginlib/class_loader.hpp: declaration_file_name not present
root - WARNING - std_srvs/Empty.h: declaration_file_name not present
root - WARNING - dynamic_reconfigure/server.h: declaration_file_name not present
root - WARNING - move_base/MoveBaseConfig.h: declaration_file_name not present
root - WARNING - tf2_ros/transform_listener.h: declaration_file_name not present
