root - WARNING - 'Eigen/Core' file not found
root - WARNING - dwa_local_planner/dwa_planner.h: declaration_file_name not present
root - WARNING - DWA_LOCAL_PLANNER_DWA_PLANNER_H_: declaration_file_name not present
root - WARNING - vector: declaration_file_name not present
root - WARNING - Eigen/Core: declaration_file_name not present
root - WARNING - dwa_local_planner/DWAPlannerConfig.h: declaration_file_name not present
root - WARNING - base_local_planner/map_grid_visualizer.h: declaration_file_name not present
root - WARNING - costmap_2d/costmap_2d.h: declaration_file_name not present
root - WARNING - base_local_planner/trajectory.h: declaration_file_name not present
root - WARNING - base_local_planner/local_planner_limits.h: declaration_file_name not present
root - WARNING - base_local_planner/local_planner_util.h: declaration_file_name not present
root - WARNING - base_local_planner/simple_trajectory_generator.h: declaration_file_name not present
root - WARNING - base_local_planner/oscillation_cost_function.h: declaration_file_name not present
root - WARNING - base_local_planner/map_grid_cost_function.h: declaration_file_name not present
root - WARNING - base_local_planner/obstacle_cost_function.h: declaration_file_name not present
root - WARNING - base_local_planner/twirling_cost_function.h: declaration_file_name not present
root - WARNING - base_local_planner/simple_scored_sampling_planner.h: declaration_file_name not present
root - WARNING - nav_msgs/Path.h: declaration_file_name not present
root - WARNING - base_local_planner/goal_functions.h: declaration_file_name not present
root - WARNING - cmath: declaration_file_name not present
root - WARNING - queue: declaration_file_name not present
root - WARNING - angles/angles.h: declaration_file_name not present
root - WARNING - ros/ros.h: declaration_file_name not present
root - WARNING - tf2/utils.h: declaration_file_name not present
root - WARNING - sensor_msgs/PointCloud2.h: declaration_file_name not present
root - WARNING - sensor_msgs/point_cloud2_iterator.h: declaration_file_name not present
root - WARNING - 'boost/shared_ptr.hpp' file not found
root - WARNING - dwa_local_planner/dwa_planner_ros.h: declaration_file_name not present
root - WARNING - DWA_LOCAL_PLANNER_DWA_PLANNER_ROS_H_: declaration_file_name not present
root - WARNING - boost/shared_ptr.hpp: declaration_file_name not present
root - WARNING - boost/thread.hpp: declaration_file_name not present
root - WARNING - tf2_ros/buffer.h: declaration_file_name not present
root - WARNING - dynamic_reconfigure/server.h: declaration_file_name not present
root - WARNING - dwa_local_planner/DWAPlannerConfig.h: declaration_file_name not present
root - WARNING - angles/angles.h: declaration_file_name not present
root - WARNING - nav_msgs/Odometry.h: declaration_file_name not present
root - WARNING - costmap_2d/costmap_2d_ros.h: declaration_file_name not present
root - WARNING - nav_core/base_local_planner.h: declaration_file_name not present
root - WARNING - base_local_planner/latched_stop_rotate_controller.h: declaration_file_name not present
root - WARNING - base_local_planner/odometry_helper_ros.h: declaration_file_name not present
root - WARNING - dwa_local_planner/dwa_planner.h: declaration_file_name not present
root - WARNING - DWA_LOCAL_PLANNER_DWA_PLANNER_H_: declaration_file_name not present
root - WARNING - vector: declaration_file_name not present
root - WARNING - Eigen/Core: declaration_file_name not present
root - WARNING - dwa_local_planner/DWAPlannerConfig.h: declaration_file_name not present
root - WARNING - base_local_planner/map_grid_visualizer.h: declaration_file_name not present
root - WARNING - costmap_2d/costmap_2d.h: declaration_file_name not present
root - WARNING - base_local_planner/trajectory.h: declaration_file_name not present
root - WARNING - base_local_planner/local_planner_limits.h: declaration_file_name not present
root - WARNING - base_local_planner/local_planner_util.h: declaration_file_name not present
root - WARNING - base_local_planner/simple_trajectory_generator.h: declaration_file_name not present
root - WARNING - base_local_planner/oscillation_cost_function.h: declaration_file_name not present
root - WARNING - base_local_planner/map_grid_cost_function.h: declaration_file_name not present
root - WARNING - base_local_planner/obstacle_cost_function.h: declaration_file_name not present
root - WARNING - base_local_planner/twirling_cost_function.h: declaration_file_name not present
root - WARNING - base_local_planner/simple_scored_sampling_planner.h: declaration_file_name not present
root - WARNING - nav_msgs/Path.h: declaration_file_name not present
root - WARNING - Eigen/Core: declaration_file_name not present
root - WARNING - cmath: declaration_file_name not present
root - WARNING - ros/console.h: declaration_file_name not present
root - WARNING - pluginlib/class_list_macros.hpp: declaration_file_name not present
root - WARNING - base_local_planner/goal_functions.h: declaration_file_name not present
root - WARNING - nav_msgs/Path.h: declaration_file_name not present
root - WARNING - tf2/utils.h: declaration_file_name not present
root - WARNING - nav_core/parameter_magic.h: declaration_file_name not present
