root - WARNING - 'rviz/tool.h' file not found
root - WARNING - SPAWN_MODEL_TOOL_H: declaration_file_name not present
root - WARNING - rviz/tool.h: declaration_file_name not present
root - WARNING - memory: declaration_file_name not present
root - WARNING - vector: declaration_file_name not present
root - WARNING - OGRE/OgreEntity.h: declaration_file_name not present
root - WARNING - OGRE/OgreSceneManager.h: declaration_file_name not present
root - WARNING - OGRE/OgreSceneNode.h: declaration_file_name not present
root - WARNING - OgreVector3.h: declaration_file_name not present
root - WARNING - flatland_server/yaml_reader.h: declaration_file_name not present
root - WARNING - ros/ros.h: declaration_file_name not present
root - WARNING - rviz/ogre_helpers/billboard_line.h: declaration_file_name not present
root - WARNING - rviz/ogre_helpers/arrow.h: declaration_file_name not present
root - WARNING - 'OGRE/OgreEntity.h' file not found
root - WARNING - OGRE/OgreEntity.h: declaration_file_name not present
root - WARNING - OGRE/OgreSceneManager.h: declaration_file_name not present
root - WARNING - OGRE/OgreSceneNode.h: declaration_file_name not present
root - WARNING - OgreVector3.h: declaration_file_name not present
root - WARNING - ros/console.h: declaration_file_name not present
root - WARNING - rviz/geometry.h: declaration_file_name not present
root - WARNING - rviz/mesh_loader.h: declaration_file_name not present
root - WARNING - rviz/properties/float_property.h: declaration_file_name not present
root - WARNING - rviz/properties/vector_property.h: declaration_file_name not present
root - WARNING - rviz/viewport_mouse_event.h: declaration_file_name not present
root - WARNING - rviz/visualization_manager.h: declaration_file_name not present
root - WARNING - QCheckBox: declaration_file_name not present
root - WARNING - QCursor: declaration_file_name not present
root - WARNING - QFileDialog: declaration_file_name not present
root - WARNING - QHBoxLayout: declaration_file_name not present
root - WARNING - QLabel: declaration_file_name not present
root - WARNING - QLineEdit: declaration_file_name not present
root - WARNING - QMessageBox: declaration_file_name not present
root - WARNING - QPushButton: declaration_file_name not present
root - WARNING - QVBoxLayout: declaration_file_name not present
root - WARNING - QWidget: declaration_file_name not present
root - WARNING - boost/filesystem.hpp: declaration_file_name not present
root - WARNING - flatland_viz/load_model_dialog.h: declaration_file_name not present
root - WARNING - LOAD_MODEL_DIALOG_H: declaration_file_name not present
root - WARNING - OGRE/OgreEntity.h: declaration_file_name not present
root - WARNING - OGRE/OgreSceneManager.h: declaration_file_name not present
root - WARNING - OGRE/OgreSceneNode.h: declaration_file_name not present
root - WARNING - OgreVector3.h: declaration_file_name not present
root - WARNING - ros/console.h: declaration_file_name not present
root - WARNING - rviz/geometry.h: declaration_file_name not present
root - WARNING - rviz/mesh_loader.h: declaration_file_name not present
root - WARNING - rviz/properties/float_property.h: declaration_file_name not present
root - WARNING - rviz/properties/vector_property.h: declaration_file_name not present
root - WARNING - rviz/viewport_mouse_event.h: declaration_file_name not present
root - WARNING - rviz/visualization_manager.h: declaration_file_name not present
root - WARNING - QCursor: declaration_file_name not present
root - WARNING - QFileDialog: declaration_file_name not present
root - WARNING - QHBoxLayout: declaration_file_name not present
root - WARNING - QLabel: declaration_file_name not present
root - WARNING - QLineEdit: declaration_file_name not present
root - WARNING - QMessageBox: declaration_file_name not present
root - WARNING - QPushButton: declaration_file_name not present
root - WARNING - QVBoxLayout: declaration_file_name not present
root - WARNING - QWidget: declaration_file_name not present
root - WARNING - boost/filesystem.hpp: declaration_file_name not present
root - WARNING - flatland_viz/spawn_model_tool.h: declaration_file_name not present
root - WARNING - SPAWN_MODEL_TOOL_H: declaration_file_name not present
root - WARNING - rviz/tool.h: declaration_file_name not present
root - WARNING - memory: declaration_file_name not present
root - WARNING - vector: declaration_file_name not present
root - WARNING - OGRE/OgreEntity.h: declaration_file_name not present
root - WARNING - OGRE/OgreSceneManager.h: declaration_file_name not present
root - WARNING - OGRE/OgreSceneNode.h: declaration_file_name not present
root - WARNING - OgreVector3.h: declaration_file_name not present
root - WARNING - flatland_server/yaml_reader.h: declaration_file_name not present
root - WARNING - ros/ros.h: declaration_file_name not present
root - WARNING - rviz/ogre_helpers/billboard_line.h: declaration_file_name not present
root - WARNING - rviz/ogre_helpers/arrow.h: declaration_file_name not present
root - WARNING - 'OGRE/OgreEntity.h' file not found
root - WARNING - OGRE/OgreEntity.h: declaration_file_name not present
root - WARNING - OGRE/OgreException.h: declaration_file_name not present
root - WARNING - OGRE/OgreMaterial.h: declaration_file_name not present
root - WARNING - OGRE/OgreSubEntity.h: declaration_file_name not present
root - WARNING - QFileDialog: declaration_file_name not present
root - WARNING - QHBoxLayout: declaration_file_name not present
root - WARNING - QLabel: declaration_file_name not present
root - WARNING - QLineEdit: declaration_file_name not present
root - WARNING - QMessageBox: declaration_file_name not present
root - WARNING - QPushButton: declaration_file_name not present
root - WARNING - QString: declaration_file_name not present
root - WARNING - QVBoxLayout: declaration_file_name not present
root - WARNING - QWidget: declaration_file_name not present
root - WARNING - boost/filesystem.hpp: declaration_file_name not present
root - WARNING - flatland_msgs/SpawnModel.h: declaration_file_name not present
root - WARNING - flatland_server/types.h: declaration_file_name not present
root - WARNING - yaml-cpp/yaml.h: declaration_file_name not present
root - WARNING - flatland_viz/load_model_dialog.h: declaration_file_name not present
root - WARNING - LOAD_MODEL_DIALOG_H: declaration_file_name not present
root - WARNING - OGRE/OgreEntity.h: declaration_file_name not present
root - WARNING - OGRE/OgreSceneManager.h: declaration_file_name not present
root - WARNING - OGRE/OgreSceneNode.h: declaration_file_name not present
root - WARNING - OgreVector3.h: declaration_file_name not present
root - WARNING - ros/console.h: declaration_file_name not present
root - WARNING - rviz/geometry.h: declaration_file_name not present
root - WARNING - rviz/mesh_loader.h: declaration_file_name not present
root - WARNING - rviz/properties/float_property.h: declaration_file_name not present
root - WARNING - rviz/properties/vector_property.h: declaration_file_name not present
root - WARNING - rviz/viewport_mouse_event.h: declaration_file_name not present
root - WARNING - rviz/visualization_manager.h: declaration_file_name not present
root - WARNING - QCursor: declaration_file_name not present
root - WARNING - QFileDialog: declaration_file_name not present
root - WARNING - QHBoxLayout: declaration_file_name not present
root - WARNING - QLabel: declaration_file_name not present
root - WARNING - QLineEdit: declaration_file_name not present
root - WARNING - QMessageBox: declaration_file_name not present
root - WARNING - QPushButton: declaration_file_name not present
root - WARNING - QVBoxLayout: declaration_file_name not present
root - WARNING - QWidget: declaration_file_name not present
root - WARNING - boost/filesystem.hpp: declaration_file_name not present
root - WARNING - flatland_viz/spawn_model_tool.h: declaration_file_name not present
root - WARNING - SPAWN_MODEL_TOOL_H: declaration_file_name not present
root - WARNING - rviz/tool.h: declaration_file_name not present
root - WARNING - memory: declaration_file_name not present
root - WARNING - vector: declaration_file_name not present
root - WARNING - OGRE/OgreEntity.h: declaration_file_name not present
root - WARNING - OGRE/OgreSceneManager.h: declaration_file_name not present
root - WARNING - OGRE/OgreSceneNode.h: declaration_file_name not present
root - WARNING - OgreVector3.h: declaration_file_name not present
root - WARNING - flatland_server/yaml_reader.h: declaration_file_name not present
root - WARNING - ros/ros.h: declaration_file_name not present
root - WARNING - rviz/ogre_helpers/billboard_line.h: declaration_file_name not present
root - WARNING - rviz/ogre_helpers/arrow.h: declaration_file_name not present
root - WARNING - pluginlib/class_list_macros.h: declaration_file_name not present
root - WARNING - 'ros/ros.h' file not found
root - WARNING - flatland_viz/pause_sim_tool.h: declaration_file_name not present
root - WARNING - PAUSE_SIM_TOOL_H: declaration_file_name not present
root - WARNING - ros/ros.h: declaration_file_name not present
root - WARNING - rviz/tool.h: declaration_file_name not present
root - WARNING - std_srvs/Empty.h: declaration_file_name not present
root - WARNING - pluginlib/class_list_macros.h: declaration_file_name not present
root - WARNING - 'ros/ros.h' file not found
root - WARNING - FLATLAND_VIZ_FLATLAND_VIZ_H: declaration_file_name not present
root - WARNING - ros/ros.h: declaration_file_name not present
root - WARNING - QAction: declaration_file_name not present
root - WARNING - QActionGroup: declaration_file_name not present
root - WARNING - QList: declaration_file_name not present
root - WARNING - QMainWindow: declaration_file_name not present
root - WARNING - QMenu: declaration_file_name not present
root - WARNING - QMenuBar: declaration_file_name not present
root - WARNING - QToolBar: declaration_file_name not present
root - WARNING - QToolButton: declaration_file_name not present
root - WARNING - QWidget: declaration_file_name not present
root - WARNING - map: declaration_file_name not present
root - WARNING - set: declaration_file_name not present
root - WARNING - flatland_msgs/DebugTopicList.h: declaration_file_name not present
root - WARNING - rviz/config.h: declaration_file_name not present
root - WARNING - rviz/panel.h: declaration_file_name not present
root - WARNING - rviz/properties/property_tree_widget.h: declaration_file_name not present
root - WARNING - rviz/tool.h: declaration_file_name not present
root - WARNING - rviz/tool_manager.h: declaration_file_name not present
root - WARNING - rviz/window_manager_interface.h: declaration_file_name not present
root - WARNING - ros/ros.h: declaration_file_name not present
root - WARNING - QLabel: declaration_file_name not present
root - WARNING - QMainWindow: declaration_file_name not present
root - WARNING - QPushButton: declaration_file_name not present
root - WARNING - QWidget: declaration_file_name not present
root - WARNING - flatland_viz/flatland_viz.h: declaration_file_name not present
root - WARNING - rviz/display.h: declaration_file_name not present
root - WARNING - rviz/display_context.h: declaration_file_name not present
root - WARNING - rviz/displays_panel.h: declaration_file_name not present
root - WARNING - rviz/env_config.h: declaration_file_name not present
root - WARNING - rviz/failed_panel.h: declaration_file_name not present
root - WARNING - rviz/help_panel.h: declaration_file_name not present
root - WARNING - rviz/load_resource.h: declaration_file_name not present
root - WARNING - rviz/loading_dialog.h: declaration_file_name not present
root - WARNING - rviz/new_object_dialog.h: declaration_file_name not present
root - WARNING - rviz/panel_dock_widget.h: declaration_file_name not present
root - WARNING - rviz/panel_factory.h: declaration_file_name not present
root - WARNING - rviz/properties/status_property.h: declaration_file_name not present
root - WARNING - rviz/render_panel.h: declaration_file_name not present
root - WARNING - rviz/screenshot_dialog.h: declaration_file_name not present
root - WARNING - rviz/selection/selection_manager.h: declaration_file_name not present
root - WARNING - rviz/selection_panel.h: declaration_file_name not present
root - WARNING - rviz/splash_screen.h: declaration_file_name not present
root - WARNING - rviz/time_panel.h: declaration_file_name not present
root - WARNING - rviz/tool.h: declaration_file_name not present
root - WARNING - rviz/tool_manager.h: declaration_file_name not present
root - WARNING - rviz/tool_properties_panel.h: declaration_file_name not present
root - WARNING - rviz/view_manager.h: declaration_file_name not present
root - WARNING - rviz/views_panel.h: declaration_file_name not present
root - WARNING - rviz/visualization_frame.h: declaration_file_name not present
root - WARNING - rviz/visualization_manager.h: declaration_file_name not present
root - WARNING - rviz/widget_geometry_change_detector.h: declaration_file_name not present
root - WARNING - rviz/yaml_config_reader.h: declaration_file_name not present
root - WARNING - rviz/yaml_config_writer.h: declaration_file_name not present
root - WARNING - SPAWN_MODEL_TOOL_H: declaration_file_name not present
root - WARNING - rviz/tool.h: declaration_file_name not present
root - WARNING - memory: declaration_file_name not present
root - WARNING - vector: declaration_file_name not present
root - WARNING - OGRE/OgreEntity.h: declaration_file_name not present
root - WARNING - OGRE/OgreSceneManager.h: declaration_file_name not present
root - WARNING - OGRE/OgreSceneNode.h: declaration_file_name not present
root - WARNING - OgreVector3.h: declaration_file_name not present
root - WARNING - flatland_server/yaml_reader.h: declaration_file_name not present
root - WARNING - ros/ros.h: declaration_file_name not present
root - WARNING - rviz/ogre_helpers/billboard_line.h: declaration_file_name not present
root - WARNING - rviz/ogre_helpers/arrow.h: declaration_file_name not present
root - WARNING - 'ros/ros.h' file not found
root - WARNING - ros/ros.h: declaration_file_name not present
root - WARNING - signal.h: declaration_file_name not present
root - WARNING - QApplication: declaration_file_name not present
root - WARNING - flatland_viz/flatland_window.h: declaration_file_name not present
root - WARNING - ros/ros.h: declaration_file_name not present
root - WARNING - QLabel: declaration_file_name not present
root - WARNING - QMainWindow: declaration_file_name not present
root - WARNING - QPushButton: declaration_file_name not present
root - WARNING - QWidget: declaration_file_name not present
root - WARNING - flatland_viz/flatland_viz.h: declaration_file_name not present
root - WARNING - FLATLAND_VIZ_FLATLAND_VIZ_H: declaration_file_name not present
root - WARNING - ros/ros.h: declaration_file_name not present
root - WARNING - QAction: declaration_file_name not present
root - WARNING - QActionGroup: declaration_file_name not present
root - WARNING - QList: declaration_file_name not present
root - WARNING - QMainWindow: declaration_file_name not present
root - WARNING - QMenu: declaration_file_name not present
root - WARNING - QMenuBar: declaration_file_name not present
root - WARNING - QToolBar: declaration_file_name not present
root - WARNING - QToolButton: declaration_file_name not present
root - WARNING - QWidget: declaration_file_name not present
root - WARNING - map: declaration_file_name not present
root - WARNING - set: declaration_file_name not present
root - WARNING - flatland_msgs/DebugTopicList.h: declaration_file_name not present
root - WARNING - rviz/config.h: declaration_file_name not present
root - WARNING - rviz/panel.h: declaration_file_name not present
root - WARNING - rviz/properties/property_tree_widget.h: declaration_file_name not present
root - WARNING - rviz/tool.h: declaration_file_name not present
root - WARNING - rviz/tool_manager.h: declaration_file_name not present
root - WARNING - rviz/window_manager_interface.h: declaration_file_name not present
root - WARNING - rviz/display.h: declaration_file_name not present
root - WARNING - rviz/display_context.h: declaration_file_name not present
root - WARNING - rviz/displays_panel.h: declaration_file_name not present
root - WARNING - rviz/env_config.h: declaration_file_name not present
root - WARNING - rviz/failed_panel.h: declaration_file_name not present
root - WARNING - rviz/help_panel.h: declaration_file_name not present
root - WARNING - rviz/load_resource.h: declaration_file_name not present
root - WARNING - rviz/loading_dialog.h: declaration_file_name not present
root - WARNING - rviz/new_object_dialog.h: declaration_file_name not present
root - WARNING - rviz/panel_dock_widget.h: declaration_file_name not present
root - WARNING - rviz/panel_factory.h: declaration_file_name not present
root - WARNING - rviz/properties/status_property.h: declaration_file_name not present
root - WARNING - rviz/render_panel.h: declaration_file_name not present
root - WARNING - rviz/screenshot_dialog.h: declaration_file_name not present
root - WARNING - rviz/selection/selection_manager.h: declaration_file_name not present
root - WARNING - rviz/selection_panel.h: declaration_file_name not present
root - WARNING - rviz/splash_screen.h: declaration_file_name not present
root - WARNING - rviz/time_panel.h: declaration_file_name not present
root - WARNING - rviz/tool.h: declaration_file_name not present
root - WARNING - rviz/tool_manager.h: declaration_file_name not present
root - WARNING - rviz/tool_properties_panel.h: declaration_file_name not present
root - WARNING - rviz/view_manager.h: declaration_file_name not present
root - WARNING - rviz/views_panel.h: declaration_file_name not present
root - WARNING - rviz/visualization_frame.h: declaration_file_name not present
root - WARNING - rviz/visualization_manager.h: declaration_file_name not present
root - WARNING - rviz/widget_geometry_change_detector.h: declaration_file_name not present
root - WARNING - rviz/yaml_config_reader.h: declaration_file_name not present
root - WARNING - rviz/yaml_config_writer.h: declaration_file_name not present
root - WARNING - 'OgreColourValue.h' file not found
root - WARNING - OgreColourValue.h: declaration_file_name not present
root - WARNING - QAction: declaration_file_name not present
root - WARNING - QApplication: declaration_file_name not present
root - WARNING - QCloseEvent: declaration_file_name not present
root - WARNING - QDesktopServices: declaration_file_name not present
root - WARNING - QDir: declaration_file_name not present
root - WARNING - QDockWidget: declaration_file_name not present
root - WARNING - QFileDialog: declaration_file_name not present
root - WARNING - QHBoxLayout: declaration_file_name not present
root - WARNING - QLabel: declaration_file_name not present
root - WARNING - QMainWindow: declaration_file_name not present
root - WARNING - QMenu: declaration_file_name not present
root - WARNING - QMenuBar: declaration_file_name not present
root - WARNING - QMessageBox: declaration_file_name not present
root - WARNING - QShortcut: declaration_file_name not present
root - WARNING - QStatusBar: declaration_file_name not present
root - WARNING - QTimer: declaration_file_name not present
root - WARNING - QToolBar: declaration_file_name not present
root - WARNING - QToolButton: declaration_file_name not present
root - WARNING - QToolButton: declaration_file_name not present
root - WARNING - QUrl: declaration_file_name not present
root - WARNING - ros/ros.h: declaration_file_name not present
root - WARNING - stdlib.h: declaration_file_name not present
root - WARNING - rviz/display.h: declaration_file_name not present
root - WARNING - rviz/render_panel.h: declaration_file_name not present
root - WARNING - rviz/view_manager.h: declaration_file_name not present
root - WARNING - rviz/visualization_manager.h: declaration_file_name not present
root - WARNING - flatland_viz/flatland_window.h: declaration_file_name not present
root - WARNING - ros/ros.h: declaration_file_name not present
root - WARNING - QLabel: declaration_file_name not present
root - WARNING - QMainWindow: declaration_file_name not present
root - WARNING - QPushButton: declaration_file_name not present
root - WARNING - QWidget: declaration_file_name not present
root - WARNING - flatland_viz/flatland_viz.h: declaration_file_name not present
root - WARNING - FLATLAND_VIZ_FLATLAND_VIZ_H: declaration_file_name not present
root - WARNING - ros/ros.h: declaration_file_name not present
root - WARNING - QAction: declaration_file_name not present
root - WARNING - QActionGroup: declaration_file_name not present
root - WARNING - QList: declaration_file_name not present
root - WARNING - QMainWindow: declaration_file_name not present
root - WARNING - QMenu: declaration_file_name not present
root - WARNING - QMenuBar: declaration_file_name not present
root - WARNING - QToolBar: declaration_file_name not present
root - WARNING - QToolButton: declaration_file_name not present
root - WARNING - QWidget: declaration_file_name not present
root - WARNING - map: declaration_file_name not present
root - WARNING - set: declaration_file_name not present
root - WARNING - flatland_msgs/DebugTopicList.h: declaration_file_name not present
root - WARNING - rviz/config.h: declaration_file_name not present
root - WARNING - rviz/panel.h: declaration_file_name not present
root - WARNING - rviz/properties/property_tree_widget.h: declaration_file_name not present
root - WARNING - rviz/tool.h: declaration_file_name not present
root - WARNING - rviz/tool_manager.h: declaration_file_name not present
root - WARNING - rviz/window_manager_interface.h: declaration_file_name not present
root - WARNING - rviz/display.h: declaration_file_name not present
root - WARNING - rviz/display_context.h: declaration_file_name not present
root - WARNING - rviz/displays_panel.h: declaration_file_name not present
root - WARNING - rviz/env_config.h: declaration_file_name not present
root - WARNING - rviz/failed_panel.h: declaration_file_name not present
root - WARNING - rviz/help_panel.h: declaration_file_name not present
root - WARNING - rviz/load_resource.h: declaration_file_name not present
root - WARNING - rviz/loading_dialog.h: declaration_file_name not present
root - WARNING - rviz/new_object_dialog.h: declaration_file_name not present
root - WARNING - rviz/panel_dock_widget.h: declaration_file_name not present
root - WARNING - rviz/panel_factory.h: declaration_file_name not present
root - WARNING - rviz/properties/status_property.h: declaration_file_name not present
root - WARNING - rviz/render_panel.h: declaration_file_name not present
root - WARNING - rviz/screenshot_dialog.h: declaration_file_name not present
root - WARNING - rviz/selection/selection_manager.h: declaration_file_name not present
root - WARNING - rviz/selection_panel.h: declaration_file_name not present
root - WARNING - rviz/splash_screen.h: declaration_file_name not present
root - WARNING - rviz/time_panel.h: declaration_file_name not present
root - WARNING - rviz/tool.h: declaration_file_name not present
root - WARNING - rviz/tool_manager.h: declaration_file_name not present
root - WARNING - rviz/tool_properties_panel.h: declaration_file_name not present
root - WARNING - rviz/view_manager.h: declaration_file_name not present
root - WARNING - rviz/views_panel.h: declaration_file_name not present
root - WARNING - rviz/visualization_frame.h: declaration_file_name not present
root - WARNING - rviz/visualization_manager.h: declaration_file_name not present
root - WARNING - rviz/widget_geometry_change_detector.h: declaration_file_name not present
root - WARNING - rviz/yaml_config_reader.h: declaration_file_name not present
root - WARNING - rviz/yaml_config_writer.h: declaration_file_name not present
root - WARNING - flatland_viz/flatland_viz.h: declaration_file_name not present
root - WARNING - 'ros/ros.h' file not found
root - WARNING - flatland_viz/flatland_window.h: declaration_file_name not present
root - WARNING - ros/ros.h: declaration_file_name not present
root - WARNING - QLabel: declaration_file_name not present
root - WARNING - QMainWindow: declaration_file_name not present
root - WARNING - QPushButton: declaration_file_name not present
root - WARNING - QWidget: declaration_file_name not present
root - WARNING - flatland_viz/flatland_viz.h: declaration_file_name not present
root - WARNING - FLATLAND_VIZ_FLATLAND_VIZ_H: declaration_file_name not present
root - WARNING - ros/ros.h: declaration_file_name not present
root - WARNING - QAction: declaration_file_name not present
root - WARNING - QActionGroup: declaration_file_name not present
root - WARNING - QList: declaration_file_name not present
root - WARNING - QMainWindow: declaration_file_name not present
root - WARNING - QMenu: declaration_file_name not present
root - WARNING - QMenuBar: declaration_file_name not present
root - WARNING - QToolBar: declaration_file_name not present
root - WARNING - QToolButton: declaration_file_name not present
root - WARNING - QWidget: declaration_file_name not present
root - WARNING - map: declaration_file_name not present
root - WARNING - set: declaration_file_name not present
root - WARNING - flatland_msgs/DebugTopicList.h: declaration_file_name not present
root - WARNING - rviz/config.h: declaration_file_name not present
root - WARNING - rviz/panel.h: declaration_file_name not present
root - WARNING - rviz/properties/property_tree_widget.h: declaration_file_name not present
root - WARNING - rviz/tool.h: declaration_file_name not present
root - WARNING - rviz/tool_manager.h: declaration_file_name not present
root - WARNING - rviz/window_manager_interface.h: declaration_file_name not present
root - WARNING - rviz/display.h: declaration_file_name not present
root - WARNING - rviz/display_context.h: declaration_file_name not present
root - WARNING - rviz/displays_panel.h: declaration_file_name not present
root - WARNING - rviz/env_config.h: declaration_file_name not present
root - WARNING - rviz/failed_panel.h: declaration_file_name not present
root - WARNING - rviz/help_panel.h: declaration_file_name not present
root - WARNING - rviz/load_resource.h: declaration_file_name not present
root - WARNING - rviz/loading_dialog.h: declaration_file_name not present
root - WARNING - rviz/new_object_dialog.h: declaration_file_name not present
root - WARNING - rviz/panel_dock_widget.h: declaration_file_name not present
root - WARNING - rviz/panel_factory.h: declaration_file_name not present
root - WARNING - rviz/properties/status_property.h: declaration_file_name not present
root - WARNING - rviz/render_panel.h: declaration_file_name not present
root - WARNING - rviz/screenshot_dialog.h: declaration_file_name not present
root - WARNING - rviz/selection/selection_manager.h: declaration_file_name not present
root - WARNING - rviz/selection_panel.h: declaration_file_name not present
root - WARNING - rviz/splash_screen.h: declaration_file_name not present
root - WARNING - rviz/time_panel.h: declaration_file_name not present
root - WARNING - rviz/tool.h: declaration_file_name not present
root - WARNING - rviz/tool_manager.h: declaration_file_name not present
root - WARNING - rviz/tool_properties_panel.h: declaration_file_name not present
root - WARNING - rviz/view_manager.h: declaration_file_name not present
root - WARNING - rviz/views_panel.h: declaration_file_name not present
root - WARNING - rviz/visualization_frame.h: declaration_file_name not present
root - WARNING - rviz/visualization_manager.h: declaration_file_name not present
root - WARNING - rviz/widget_geometry_change_detector.h: declaration_file_name not present
root - WARNING - rviz/yaml_config_reader.h: declaration_file_name not present
root - WARNING - rviz/yaml_config_writer.h: declaration_file_name not present
root - WARNING - QAction: declaration_file_name not present
root - WARNING - QActionGroup: declaration_file_name not present
root - WARNING - QDesktopWidget: declaration_file_name not present
root - WARNING - QFileDialog: declaration_file_name not present
root - WARNING - QHBoxLayout: declaration_file_name not present
root - WARNING - QLabel: declaration_file_name not present
root - WARNING - QMessageBox: declaration_file_name not present
root - WARNING - QStatusBar: declaration_file_name not present
root - WARNING - QToolBar: declaration_file_name not present
root - WARNING - QToolButton: declaration_file_name not present
root - WARNING - QVBoxLayout: declaration_file_name not present
root - WARNING - QWidget: declaration_file_name not present
root - WARNING - rviz/display.h: declaration_file_name not present
root - WARNING - rviz/display_context.h: declaration_file_name not present
root - WARNING - rviz/displays_panel.h: declaration_file_name not present
root - WARNING - rviz/env_config.h: declaration_file_name not present
root - WARNING - rviz/failed_panel.h: declaration_file_name not present
root - WARNING - rviz/help_panel.h: declaration_file_name not present
root - WARNING - rviz/load_resource.h: declaration_file_name not present
root - WARNING - rviz/loading_dialog.h: declaration_file_name not present
root - WARNING - rviz/new_object_dialog.h: declaration_file_name not present
root - WARNING - rviz/panel_dock_widget.h: declaration_file_name not present
root - WARNING - rviz/panel_factory.h: declaration_file_name not present
root - WARNING - rviz/properties/status_property.h: declaration_file_name not present
root - WARNING - rviz/render_panel.h: declaration_file_name not present
root - WARNING - rviz/screenshot_dialog.h: declaration_file_name not present
root - WARNING - rviz/selection/selection_manager.h: declaration_file_name not present
root - WARNING - rviz/selection_panel.h: declaration_file_name not present
root - WARNING - rviz/splash_screen.h: declaration_file_name not present
root - WARNING - rviz/time_panel.h: declaration_file_name not present
root - WARNING - rviz/tool.h: declaration_file_name not present
root - WARNING - rviz/tool_manager.h: declaration_file_name not present
root - WARNING - rviz/tool_properties_panel.h: declaration_file_name not present
root - WARNING - rviz/view_manager.h: declaration_file_name not present
root - WARNING - rviz/views_panel.h: declaration_file_name not present
root - WARNING - rviz/visualization_frame.h: declaration_file_name not present
root - WARNING - rviz/visualization_manager.h: declaration_file_name not present
root - WARNING - rviz/widget_geometry_change_detector.h: declaration_file_name not present
root - WARNING - rviz/yaml_config_reader.h: declaration_file_name not present
root - WARNING - rviz/yaml_config_writer.h: declaration_file_name not present
root - WARNING - OgreMeshManager.h: declaration_file_name not present
root - WARNING - OgreRenderWindow.h: declaration_file_name not present
root - WARNING - 'OGRE/OgreEntity.h' file not found
root - WARNING - OGRE/OgreEntity.h: declaration_file_name not present
root - WARNING - OGRE/OgreSceneManager.h: declaration_file_name not present
root - WARNING - OGRE/OgreSceneNode.h: declaration_file_name not present
root - WARNING - OgreVector3.h: declaration_file_name not present
root - WARNING - ros/console.h: declaration_file_name not present
root - WARNING - rviz/geometry.h: declaration_file_name not present
root - WARNING - rviz/mesh_loader.h: declaration_file_name not present
root - WARNING - rviz/properties/float_property.h: declaration_file_name not present
root - WARNING - rviz/properties/vector_property.h: declaration_file_name not present
root - WARNING - rviz/viewport_mouse_event.h: declaration_file_name not present
root - WARNING - rviz/visualization_manager.h: declaration_file_name not present
root - WARNING - QCheckBox: declaration_file_name not present
root - WARNING - QCursor: declaration_file_name not present
root - WARNING - QFileDialog: declaration_file_name not present
root - WARNING - QHBoxLayout: declaration_file_name not present
root - WARNING - QLabel: declaration_file_name not present
root - WARNING - QLineEdit: declaration_file_name not present
root - WARNING - QMessageBox: declaration_file_name not present
root - WARNING - QPushButton: declaration_file_name not present
root - WARNING - QVBoxLayout: declaration_file_name not present
root - WARNING - QWidget: declaration_file_name not present
root - WARNING - boost/filesystem.hpp: declaration_file_name not present
root - WARNING - flatland_viz/load_model_dialog.h: declaration_file_name not present
root - WARNING - LOAD_MODEL_DIALOG_H: declaration_file_name not present
root - WARNING - OGRE/OgreEntity.h: declaration_file_name not present
root - WARNING - OGRE/OgreSceneManager.h: declaration_file_name not present
root - WARNING - OGRE/OgreSceneNode.h: declaration_file_name not present
root - WARNING - OgreVector3.h: declaration_file_name not present
root - WARNING - ros/console.h: declaration_file_name not present
root - WARNING - rviz/geometry.h: declaration_file_name not present
root - WARNING - rviz/mesh_loader.h: declaration_file_name not present
root - WARNING - rviz/properties/float_property.h: declaration_file_name not present
root - WARNING - rviz/properties/vector_property.h: declaration_file_name not present
root - WARNING - rviz/viewport_mouse_event.h: declaration_file_name not present
root - WARNING - rviz/visualization_manager.h: declaration_file_name not present
root - WARNING - QCursor: declaration_file_name not present
root - WARNING - QFileDialog: declaration_file_name not present
root - WARNING - QHBoxLayout: declaration_file_name not present
root - WARNING - QLabel: declaration_file_name not present
root - WARNING - QLineEdit: declaration_file_name not present
root - WARNING - QMessageBox: declaration_file_name not present
root - WARNING - QPushButton: declaration_file_name not present
root - WARNING - QVBoxLayout: declaration_file_name not present
root - WARNING - QWidget: declaration_file_name not present
root - WARNING - boost/filesystem.hpp: declaration_file_name not present
root - WARNING - flatland_viz/spawn_model_tool.h: declaration_file_name not present
root - WARNING - SPAWN_MODEL_TOOL_H: declaration_file_name not present
root - WARNING - rviz/tool.h: declaration_file_name not present
root - WARNING - memory: declaration_file_name not present
root - WARNING - vector: declaration_file_name not present
root - WARNING - OGRE/OgreEntity.h: declaration_file_name not present
root - WARNING - OGRE/OgreSceneManager.h: declaration_file_name not present
root - WARNING - OGRE/OgreSceneNode.h: declaration_file_name not present
root - WARNING - OgreVector3.h: declaration_file_name not present
root - WARNING - flatland_server/yaml_reader.h: declaration_file_name not present
root - WARNING - ros/ros.h: declaration_file_name not present
root - WARNING - rviz/ogre_helpers/billboard_line.h: declaration_file_name not present
root - WARNING - rviz/ogre_helpers/arrow.h: declaration_file_name not present
root - WARNING - 'OGRE/OgreEntity.h' file not found
root - WARNING - OGRE/OgreEntity.h: declaration_file_name not present
root - WARNING - OGRE/OgreException.h: declaration_file_name not present
root - WARNING - OGRE/OgreMaterial.h: declaration_file_name not present
root - WARNING - OGRE/OgreSubEntity.h: declaration_file_name not present
root - WARNING - QFileDialog: declaration_file_name not present
root - WARNING - QHBoxLayout: declaration_file_name not present
root - WARNING - QLabel: declaration_file_name not present
root - WARNING - QLineEdit: declaration_file_name not present
root - WARNING - QMessageBox: declaration_file_name not present
root - WARNING - QPushButton: declaration_file_name not present
root - WARNING - QString: declaration_file_name not present
root - WARNING - QVBoxLayout: declaration_file_name not present
root - WARNING - QWidget: declaration_file_name not present
root - WARNING - boost/filesystem.hpp: declaration_file_name not present
root - WARNING - flatland_msgs/SpawnModel.h: declaration_file_name not present
root - WARNING - flatland_server/types.h: declaration_file_name not present
root - WARNING - yaml-cpp/yaml.h: declaration_file_name not present
root - WARNING - flatland_viz/load_model_dialog.h: declaration_file_name not present
root - WARNING - LOAD_MODEL_DIALOG_H: declaration_file_name not present
root - WARNING - OGRE/OgreEntity.h: declaration_file_name not present
root - WARNING - OGRE/OgreSceneManager.h: declaration_file_name not present
root - WARNING - OGRE/OgreSceneNode.h: declaration_file_name not present
root - WARNING - OgreVector3.h: declaration_file_name not present
root - WARNING - ros/console.h: declaration_file_name not present
root - WARNING - rviz/geometry.h: declaration_file_name not present
root - WARNING - rviz/mesh_loader.h: declaration_file_name not present
root - WARNING - rviz/properties/float_property.h: declaration_file_name not present
root - WARNING - rviz/properties/vector_property.h: declaration_file_name not present
root - WARNING - rviz/viewport_mouse_event.h: declaration_file_name not present
root - WARNING - rviz/visualization_manager.h: declaration_file_name not present
root - WARNING - QCursor: declaration_file_name not present
root - WARNING - QFileDialog: declaration_file_name not present
root - WARNING - QHBoxLayout: declaration_file_name not present
root - WARNING - QLabel: declaration_file_name not present
root - WARNING - QLineEdit: declaration_file_name not present
root - WARNING - QMessageBox: declaration_file_name not present
root - WARNING - QPushButton: declaration_file_name not present
root - WARNING - QVBoxLayout: declaration_file_name not present
root - WARNING - QWidget: declaration_file_name not present
root - WARNING - boost/filesystem.hpp: declaration_file_name not present
root - WARNING - flatland_viz/spawn_model_tool.h: declaration_file_name not present
root - WARNING - SPAWN_MODEL_TOOL_H: declaration_file_name not present
root - WARNING - rviz/tool.h: declaration_file_name not present
root - WARNING - memory: declaration_file_name not present
root - WARNING - vector: declaration_file_name not present
root - WARNING - OGRE/OgreEntity.h: declaration_file_name not present
root - WARNING - OGRE/OgreSceneManager.h: declaration_file_name not present
root - WARNING - OGRE/OgreSceneNode.h: declaration_file_name not present
root - WARNING - OgreVector3.h: declaration_file_name not present
root - WARNING - flatland_server/yaml_reader.h: declaration_file_name not present
root - WARNING - ros/ros.h: declaration_file_name not present
root - WARNING - rviz/ogre_helpers/billboard_line.h: declaration_file_name not present
root - WARNING - rviz/ogre_helpers/arrow.h: declaration_file_name not present
root - WARNING - pluginlib/class_list_macros.h: declaration_file_name not present
root - WARNING - 'ros/ros.h' file not found
root - WARNING - flatland_viz/pause_sim_tool.h: declaration_file_name not present
root - WARNING - PAUSE_SIM_TOOL_H: declaration_file_name not present
root - WARNING - ros/ros.h: declaration_file_name not present
root - WARNING - rviz/tool.h: declaration_file_name not present
root - WARNING - std_srvs/Empty.h: declaration_file_name not present
root - WARNING - pluginlib/class_list_macros.h: declaration_file_name not present
