root - WARNING - 'ros/ros.h' file not found
root - WARNING - cohan_layers/agent_layer.h: declaration_file_name not present
root - WARNING - AGENT_LAYER_H: declaration_file_name not present
root - WARNING - ros/ros.h: declaration_file_name not present
root - WARNING - tf2/utils.h: declaration_file_name not present
root - WARNING - tf2_geometry_msgs/tf2_geometry_msgs.h: declaration_file_name not present
root - WARNING - costmap_2d/layer.h: declaration_file_name not present
root - WARNING - costmap_2d/layered_costmap.h: declaration_file_name not present
root - WARNING - cohan_msgs/TrackedAgents.h: declaration_file_name not present
root - WARNING - cohan_msgs/StateArray.h: declaration_file_name not present
root - WARNING - cohan_msgs/TrackedSegmentType.h: declaration_file_name not present
root - WARNING - dynamic_reconfigure/server.h: declaration_file_name not present
root - WARNING - boost/thread.hpp: declaration_file_name not present
root - WARNING - std_srvs/SetBool.h: declaration_file_name not present
root - WARNING - angles/angles.h: declaration_file_name not present
root - WARNING - pluginlib/class_list_macros.h: declaration_file_name not present
root - WARNING - DEFAULT_AGENT_PART: declaration_file_name not present
root - WARNING - TRACKED_AGENT_SUB: declaration_file_name not present
root - WARNING - AGENTS_STATES_SUB: declaration_file_name not present
root - WARNING - 'ros/ros.h' file not found
root - WARNING - cohan_layers/static_agent_layer.h: declaration_file_name not present
root - WARNING - STATIC_AGENT_LAYER_H: declaration_file_name not present
root - WARNING - ros/ros.h: declaration_file_name not present
root - WARNING - cohan_layers/agent_layer.h: declaration_file_name not present
root - WARNING - AGENT_LAYER_H: declaration_file_name not present
root - WARNING - ros/ros.h: declaration_file_name not present
root - WARNING - tf2/utils.h: declaration_file_name not present
root - WARNING - tf2_geometry_msgs/tf2_geometry_msgs.h: declaration_file_name not present
root - WARNING - costmap_2d/layer.h: declaration_file_name not present
root - WARNING - costmap_2d/layered_costmap.h: declaration_file_name not present
root - WARNING - cohan_msgs/TrackedAgents.h: declaration_file_name not present
root - WARNING - cohan_msgs/StateArray.h: declaration_file_name not present
root - WARNING - cohan_msgs/TrackedSegmentType.h: declaration_file_name not present
root - WARNING - dynamic_reconfigure/server.h: declaration_file_name not present
root - WARNING - boost/thread.hpp: declaration_file_name not present
root - WARNING - std_srvs/SetBool.h: declaration_file_name not present
root - WARNING - dynamic_reconfigure/server.h: declaration_file_name not present
root - WARNING - cohan_layers/AgentLayerConfig.h: declaration_file_name not present
root - WARNING - pluginlib/class_list_macros.h: declaration_file_name not present
root - WARNING - angles/angles.h: declaration_file_name not present
root - WARNING - tf2_eigen/tf2_eigen.h: declaration_file_name not present
root - WARNING - 'ros/ros.h' file not found
root - WARNING - cohan_layers/agent_visibility_layer.h: declaration_file_name not present
root - WARNING - AGENT_VISIBILITY_LAYER_H: declaration_file_name not present
root - WARNING - ros/ros.h: declaration_file_name not present
root - WARNING - cohan_layers/agent_layer.h: declaration_file_name not present
root - WARNING - AGENT_LAYER_H: declaration_file_name not present
root - WARNING - ros/ros.h: declaration_file_name not present
root - WARNING - tf2/utils.h: declaration_file_name not present
root - WARNING - tf2_geometry_msgs/tf2_geometry_msgs.h: declaration_file_name not present
root - WARNING - costmap_2d/layer.h: declaration_file_name not present
root - WARNING - costmap_2d/layered_costmap.h: declaration_file_name not present
root - WARNING - cohan_msgs/TrackedAgents.h: declaration_file_name not present
root - WARNING - cohan_msgs/StateArray.h: declaration_file_name not present
root - WARNING - cohan_msgs/TrackedSegmentType.h: declaration_file_name not present
root - WARNING - dynamic_reconfigure/server.h: declaration_file_name not present
root - WARNING - boost/thread.hpp: declaration_file_name not present
root - WARNING - std_srvs/SetBool.h: declaration_file_name not present
root - WARNING - dynamic_reconfigure/server.h: declaration_file_name not present
root - WARNING - cohan_layers/AgentVLayerConfig.h: declaration_file_name not present
root - WARNING - angles/angles.h: declaration_file_name not present
root - WARNING - pluginlib/class_list_macros.h: declaration_file_name not present
root - WARNING - tf2_eigen/tf2_eigen.h: declaration_file_name not present
root - WARNING - DEFAULT_AGENT_PART: declaration_file_name not present
