root - WARNING - 'stdarg.h' file not found
root - WARNING - 'boost/bind.hpp' file not found
root - WARNING - boost/bind.hpp: declaration_file_name not present
root - WARNING - OgreSceneNode.h: declaration_file_name not present
root - WARNING - OgreSceneManager.h: declaration_file_name not present
root - WARNING - OgreManualObject.h: declaration_file_name not present
root - WARNING - OgreBillboardSet.h: declaration_file_name not present
root - WARNING - OgreMatrix4.h: declaration_file_name not present
root - WARNING - rviz/display_context.h: declaration_file_name not present
root - WARNING - rviz/frame_manager.h: declaration_file_name not present
root - WARNING - rviz/properties/enum_property.h: declaration_file_name not present
root - WARNING - rviz/properties/color_property.h: declaration_file_name not present
root - WARNING - rviz/properties/float_property.h: declaration_file_name not present
root - WARNING - rviz/properties/int_property.h: declaration_file_name not present
root - WARNING - rviz/properties/vector_property.h: declaration_file_name not present
root - WARNING - rviz/validate_floats.h: declaration_file_name not present
root - WARNING - rviz/validate_quaternions.h: declaration_file_name not present
root - WARNING - rviz/ogre_helpers/billboard_line.h: declaration_file_name not present
root - WARNING - patharray_display.h: declaration_file_name not present
root - WARNING - AGENT_PATHARRAY_DISPLAY_H: declaration_file_name not present
root - WARNING - cohan_msgs/AgentPathArray.h: declaration_file_name not present
root - WARNING - cohan_msgs/AgentPath.h: declaration_file_name not present
root - WARNING - rviz/message_filter_display.h: declaration_file_name not present
root - WARNING - rviz/ogre_helpers/arrow.h: declaration_file_name not present
root - WARNING - rviz/ogre_helpers/axes.h: declaration_file_name not present
root - WARNING - pluginlib/class_list_macros.hpp: declaration_file_name not present
