root - WARNING - 'tf/transform_listener.h' file not found
root - WARNING - pedsim_sensors/occlusion_point_cloud.h: declaration_file_name not present
root - WARNING - POINT_CLOUD_H: declaration_file_name not present
root - WARNING - pedsim_sensors/pedsim_sensor.h: declaration_file_name not present
root - WARNING - PEDSIM_SENSOR_H: declaration_file_name not present
root - WARNING - tf/transform_listener.h: declaration_file_name not present
root - WARNING - ros/ros.h: declaration_file_name not present
root - WARNING - nav_msgs/Odometry.h: declaration_file_name not present
root - WARNING - queue: declaration_file_name not present
root - WARNING - pedsim_msgs/Walls.h: declaration_file_name not present
root - WARNING - pedsim_msgs/AgentStates.h: declaration_file_name not present
root - WARNING - ros/ros.h: declaration_file_name not present
root - WARNING - sensor_msgs/PointCloud.h: declaration_file_name not present
root - WARNING - sensor_msgs/PointCloud2.h: declaration_file_name not present
root - WARNING - sensor_msgs/point_cloud_conversion.h: declaration_file_name not present
root - WARNING - pedsim_utils/geometry.h: declaration_file_name not present
root - WARNING - math.h: declaration_file_name not present
root - WARNING - random: declaration_file_name not present
root - WARNING - INF: declaration_file_name not present
root - WARNING - 'tf/transform_listener.h' file not found
root - WARNING - pedsim_sensors/people_point_cloud.h: declaration_file_name not present
root - WARNING - PEOPLE_POINT_CLOUD_H: declaration_file_name not present
root - WARNING - pedsim_sensors/pedsim_sensor.h: declaration_file_name not present
root - WARNING - PEDSIM_SENSOR_H: declaration_file_name not present
root - WARNING - tf/transform_listener.h: declaration_file_name not present
root - WARNING - ros/ros.h: declaration_file_name not present
root - WARNING - nav_msgs/Odometry.h: declaration_file_name not present
root - WARNING - queue: declaration_file_name not present
root - WARNING - pedsim_msgs/AgentStates.h: declaration_file_name not present
root - WARNING - ros/ros.h: declaration_file_name not present
root - WARNING - sensor_msgs/PointCloud.h: declaration_file_name not present
root - WARNING - random: declaration_file_name not present
root - WARNING - 'tf/transform_listener.h' file not found
root - WARNING - pedsim_sensors/obstacle_point_cloud.h: declaration_file_name not present
root - WARNING - OBSTACLE_POINT_CLOUD_H: declaration_file_name not present
root - WARNING - pedsim_sensors/pedsim_sensor.h: declaration_file_name not present
root - WARNING - PEDSIM_SENSOR_H: declaration_file_name not present
root - WARNING - tf/transform_listener.h: declaration_file_name not present
root - WARNING - ros/ros.h: declaration_file_name not present
root - WARNING - nav_msgs/Odometry.h: declaration_file_name not present
root - WARNING - queue: declaration_file_name not present
root - WARNING - pedsim_msgs/Walls.h: declaration_file_name not present
root - WARNING - ros/ros.h: declaration_file_name not present
root - WARNING - sensor_msgs/PointCloud.h: declaration_file_name not present
root - WARNING - pedsim_utils/geometry.h: declaration_file_name not present
root - WARNING - random: declaration_file_name not present
