root - WARNING - 'ros/ros.h' file not found
root - WARNING - ros/ros.h: declaration_file_name not present
root - WARNING - sensor_msgs/LaserScan.h: declaration_file_name not present
root - WARNING - 'stdarg.h' file not found
root - WARNING - queue: declaration_file_name not present
root - WARNING - math.h: declaration_file_name not present
root - WARNING - string: declaration_file_name not present
root - WARNING - vector: declaration_file_name not present
root - WARNING - utils.h: declaration_file_name not present
root - WARNING - UTILS_H: declaration_file_name not present
root - WARNING - math.h: declaration_file_name not present
root - WARNING - algorithm: declaration_file_name not present
root - WARNING - ros/ros.h: declaration_file_name not present
root - WARNING - Eigen/Core: declaration_file_name not present
root - WARNING - Quadtree.h: declaration_file_name not present
root - WARNING - cassert: declaration_file_name not present
root - WARNING - algorithm: declaration_file_name not present
root - WARNING - array: declaration_file_name not present
root - WARNING - memory: declaration_file_name not present
root - WARNING - type_traits: declaration_file_name not present
root - WARNING - vector: declaration_file_name not present
root - WARNING - Box.h: declaration_file_name not present
root - WARNING - Vector2.h: declaration_file_name not present
root - WARNING - Eigen/Core: declaration_file_name not present
root - WARNING - sensor_msgs/LaserScan.h: declaration_file_name not present
root - WARNING - tf/tf.h: declaration_file_name not present
root - WARNING - iostream: declaration_file_name not present
root - WARNING - Quadtree.h: declaration_file_name not present
root - WARNING - ros/ros.h: declaration_file_name not present
root - WARNING - Eigen/Core: declaration_file_name not present
root - WARNING - nav_msgs/Odometry.h: declaration_file_name not present
root - WARNING - geometry_msgs/Point.h: declaration_file_name not present
root - WARNING - geometry_msgs/PoseStamped.h: declaration_file_name not present
root - WARNING - sensor_msgs/LaserScan.h: declaration_file_name not present
root - WARNING - actionlib_msgs/GoalStatus.h: declaration_file_name not present
root - WARNING - visualization_msgs/Marker.h: declaration_file_name not present
root - WARNING - std_msgs/Float32MultiArray.h: declaration_file_name not present
root - WARNING - move_base_msgs/MoveBaseGoal.h: declaration_file_name not present
root - WARNING - std_msgs/MultiArrayDimension.h: declaration_file_name not present
root - WARNING - move_base_msgs/MoveBaseAction.h: declaration_file_name not present
root - WARNING - visualization_msgs/MarkerArray.h: declaration_file_name not present
root - WARNING - actionlib/client/simple_action_client.h: declaration_file_name not present
root - WARNING - "/home/jonas/arena_ws/src/planners/dragon/include/Quadtree.h": declaration_file_name not present
root - WARNING - "queryBox.intersects(box)": declaration_file_name not present
root - WARNING - "(%.2f,%.2f)\t(%.2f,%.2f)": declaration_file_name not present
root - WARNING - "/home/jonas/arena_ws/src/planners/dragon/include/Quadtree.h": declaration_file_name not present
root - WARNING - "node != nullptr": declaration_file_name not present
root - WARNING - "/home/jonas/arena_ws/src/planners/dragon/include/Quadtree.h": declaration_file_name not present
root - WARNING - "!isLeaf(node) && \"Only interior nodes can be merged\"": declaration_file_name not present
root - WARNING - "Only interior nodes can be merged": declaration_file_name not present
root - WARNING - "/home/jonas/arena_ws/src/planners/dragon/include/Quadtree.h": declaration_file_name not present
root - WARNING - "node != nullptr": declaration_file_name not present
root - WARNING - "/home/jonas/arena_ws/src/planners/dragon/include/Quadtree.h": declaration_file_name not present
root - WARNING - "it != std::end(node->values) && \"Trying to remove a value that is not present in the node\"": declaration_file_name not present
root - WARNING - "Trying to remove a value that is not present in the node": declaration_file_name not present
root - WARNING - "/home/jonas/arena_ws/src/planners/dragon/include/Quadtree.h": declaration_file_name not present
root - WARNING - "box.contains(mGetBox(value))": declaration_file_name not present
root - WARNING - "/home/jonas/arena_ws/src/planners/dragon/include/Quadtree.h": declaration_file_name not present
root - WARNING - "node != nullptr": declaration_file_name not present
root - WARNING - "/home/jonas/arena_ws/src/planners/dragon/include/Quadtree.h": declaration_file_name not present
root - WARNING - "isLeaf(node) && \"Only leaves can be split\"": declaration_file_name not present
root - WARNING - "Only leaves can be split": declaration_file_name not present
root - WARNING - "/home/jonas/arena_ws/src/planners/dragon/include/Quadtree.h": declaration_file_name not present
root - WARNING - "node != nullptr": declaration_file_name not present
root - WARNING - "/home/jonas/arena_ws/src/planners/dragon/include/Quadtree.h": declaration_file_name not present
root - WARNING - "box.contains(mGetBox(value))": declaration_file_name not present
root - WARNING - "/home/jonas/arena_ws/src/planners/dragon/include/Quadtree.h": declaration_file_name not present
root - WARNING - "node != nullptr": declaration_file_name not present
root - WARNING - "/home/jonas/arena_ws/src/planners/dragon/include/Quadtree.h": declaration_file_name not present
root - WARNING - "false && \"Invalid child index\"": declaration_file_name not present
root - WARNING - "Invalid child index": declaration_file_name not present
