root - WARNING - 'stddef.h' file not found
root - WARNING - arena_plugins/random_move.h: declaration_file_name not present
root - WARNING - Box2D/Box2D.h: declaration_file_name not present
root - WARNING - flatland_plugins/update_timer.h: declaration_file_name not present
root - WARNING - flatland_server/model_plugin.h: declaration_file_name not present
root - WARNING - flatland_server/timekeeper.h: declaration_file_name not present
root - WARNING - flatland_server/types.h: declaration_file_name not present
root - WARNING - geometry_msgs/Twist.h: declaration_file_name not present
root - WARNING - nav_msgs/Odometry.h: declaration_file_name not present
root - WARNING - std_msgs/Bool.h: declaration_file_name not present
root - WARNING - ARENA_PLUGINS_RANDOM_MOVE_H: declaration_file_name not present
root - WARNING - math.h: declaration_file_name not present
root - WARNING - pluginlib/class_list_macros.h: declaration_file_name not present
root - WARNING - ros/console.h: declaration_file_name not present
root - WARNING - random: declaration_file_name not present
root - WARNING - 'stdarg.h' file not found
root - WARNING - arena_plugins/tween2.h: declaration_file_name not present
root - WARNING - ARENA_PLUGINS_TWEEN2: declaration_file_name not present
root - WARNING - flatland_plugins/tween.h: declaration_file_name not present
root - WARNING - TWEENY_H: declaration_file_name not present
root - WARNING - tween.h: declaration_file_name not present
root - WARNING - TWEENY_TWEEN_H: declaration_file_name not present
root - WARNING - tuple: declaration_file_name not present
root - WARNING - vector: declaration_file_name not present
root - WARNING - functional: declaration_file_name not present
root - WARNING - tweentraits.h: declaration_file_name not present
root - WARNING - TWEENY_TWEENTRAITS_H: declaration_file_name not present
root - WARNING - tuple: declaration_file_name not present
root - WARNING - functional: declaration_file_name not present
root - WARNING - type_traits: declaration_file_name not present
root - WARNING - tweenpoint.h: declaration_file_name not present
root - WARNING - TWEENY_TWEENPOINT_H: declaration_file_name not present
root - WARNING - tuple: declaration_file_name not present
root - WARNING - array: declaration_file_name not present
root - WARNING - tweentraits.h: declaration_file_name not present
root - WARNING - tweenpoint.tcc: declaration_file_name not present
root - WARNING - TWEENY_TWEENPOINT_TCC: declaration_file_name not present
root - WARNING - algorithm: declaration_file_name not present
root - WARNING - type_traits: declaration_file_name not present
root - WARNING - tweenpoint.h: declaration_file_name not present
root - WARNING - tweentraits.h: declaration_file_name not present
root - WARNING - easing.h: declaration_file_name not present
root - WARNING - TWEENY_EASING_H: declaration_file_name not present
root - WARNING - cmath: declaration_file_name not present
root - WARNING - type_traits: declaration_file_name not present
root - WARNING - easingresolve.h: declaration_file_name not present
root - WARNING - TWEENY_EASINGRESOLVE_H: declaration_file_name not present
root - WARNING - tuple: declaration_file_name not present
root - WARNING - easing.h: declaration_file_name not present
root - WARNING - DECLARE_EASING_RESOLVE: declaration_file_name not present
root - WARNING - int2type.h: declaration_file_name not present
root - WARNING - TWEENY_INT2TYPE_H: declaration_file_name not present
root - WARNING - tween.tcc: declaration_file_name not present
root - WARNING - TWEENY_TWEEN_TCC: declaration_file_name not present
root - WARNING - tween.h: declaration_file_name not present
root - WARNING - dispatcher.h: declaration_file_name not present
root - WARNING - TWEENY_DISPATCHER_H: declaration_file_name not present
root - WARNING - tuple: declaration_file_name not present
root - WARNING - tweenone.tcc: declaration_file_name not present
root - WARNING - TWEENY_TWEENONE_TCC: declaration_file_name not present
root - WARNING - tween.h: declaration_file_name not present
root - WARNING - dispatcher.h: declaration_file_name not present
root - WARNING - tween.h: declaration_file_name not present
root - WARNING - easing.h: declaration_file_name not present
root - WARNING - tweeny.tcc: declaration_file_name not present
root - WARNING - TWEENY_TWEENY_TCC: declaration_file_name not present
root - WARNING - tween.h: declaration_file_name not present
root - WARNING - nav_msgs/Odometry.h: declaration_file_name not present
root - WARNING - ros/ros.h: declaration_file_name not present
root - WARNING - std_msgs/Empty.h: declaration_file_name not present
root - WARNING - pluginlib/class_list_macros.h: declaration_file_name not present
root - WARNING - cmath: declaration_file_name not present
root - WARNING - "Number of functions passed to via() must be equal the number of values.": declaration_file_name not present
root - WARNING - "Amount of durations should be equal to the amount of values in a currentPoint": declaration_file_name not present
root - WARNING - 'ros/ros.h' file not found
root - WARNING - arena_plugins/pedsim_movement.h: declaration_file_name not present
root - WARNING - flatland_plugins/update_timer.h: declaration_file_name not present
root - WARNING - flatland_server/model_plugin.h: declaration_file_name not present
root - WARNING - flatland_server/body.h: declaration_file_name not present
root - WARNING - flatland_server/timekeeper.h: declaration_file_name not present
root - WARNING - flatland_server/types.h: declaration_file_name not present
root - WARNING - pedsim_msgs/AgentStates.h: declaration_file_name not present
root - WARNING - pedsim_msgs/AgentState.h: declaration_file_name not present
root - WARNING - ros/ros.h: declaration_file_name not present
root - WARNING - flatland_msgs/DangerZone.h: declaration_file_name not present
root - WARNING - tf/transform_listener.h: declaration_file_name not present
root - WARNING - arena_plugins/triangle_profile.h: declaration_file_name not present
root - WARNING - ros/ros.h: declaration_file_name not present
root - WARNING - arena_plugins/walking_profile.h: declaration_file_name not present
root - WARNING - WALKING_PROFILE_H: declaration_file_name not present
root - WARNING - TRIANGLE_PROFILE_H: declaration_file_name not present
root - WARNING - cmath: declaration_file_name not present
root - WARNING - ros/package.h: declaration_file_name not present
root - WARNING - FLATLAND_PLUGINS_PEDSIM_MOVEMENT_H: declaration_file_name not present
root - WARNING - arena_plugins/triangle_profile.h: declaration_file_name not present
root - WARNING - ros/ros.h: declaration_file_name not present
root - WARNING - arena_plugins/walking_profile.h: declaration_file_name not present
root - WARNING - flatland_server/exceptions.h: declaration_file_name not present
root - WARNING - flatland_server/yaml_reader.h: declaration_file_name not present
root - WARNING - pluginlib/class_list_macros.h: declaration_file_name not present
root - WARNING - bits/stdc++.h: declaration_file_name not present
root - WARNING - iostream: declaration_file_name not present
root - WARNING - pwd.h: declaration_file_name not present
root - WARNING - string: declaration_file_name not present
root - WARNING - 'ros/ros.h' file not found
root - WARNING - arena_plugins/vehicle_movement.h: declaration_file_name not present
root - WARNING - flatland_plugins/update_timer.h: declaration_file_name not present
root - WARNING - flatland_server/model_plugin.h: declaration_file_name not present
root - WARNING - flatland_server/timekeeper.h: declaration_file_name not present
root - WARNING - flatland_server/body.h: declaration_file_name not present
root - WARNING - flatland_server/types.h: declaration_file_name not present
root - WARNING - pedsim_msgs/AgentStates.h: declaration_file_name not present
root - WARNING - pedsim_msgs/AgentState.h: declaration_file_name not present
root - WARNING - ros/ros.h: declaration_file_name not present
root - WARNING - flatland_msgs/DangerZone.h: declaration_file_name not present
root - WARNING - tf/transform_listener.h: declaration_file_name not present
root - WARNING - arena_plugins/triangle_profile.h: declaration_file_name not present
root - WARNING - ros/ros.h: declaration_file_name not present
root - WARNING - arena_plugins/walking_profile.h: declaration_file_name not present
root - WARNING - WALKING_PROFILE_H: declaration_file_name not present
root - WARNING - TRIANGLE_PROFILE_H: declaration_file_name not present
root - WARNING - cmath: declaration_file_name not present
root - WARNING - ros/package.h: declaration_file_name not present
root - WARNING - FLATLAND_PLUGINS_VEHICLE_MOVEMENT_H: declaration_file_name not present
root - WARNING - arena_plugins/triangle_profile.h: declaration_file_name not present
root - WARNING - ros/ros.h: declaration_file_name not present
root - WARNING - arena_plugins/walking_profile.h: declaration_file_name not present
root - WARNING - flatland_server/exceptions.h: declaration_file_name not present
root - WARNING - flatland_server/yaml_reader.h: declaration_file_name not present
root - WARNING - pluginlib/class_list_macros.h: declaration_file_name not present
root - WARNING - bits/stdc++.h: declaration_file_name not present
root - WARNING - iostream: declaration_file_name not present
root - WARNING - pwd.h: declaration_file_name not present
root - WARNING - string: declaration_file_name not present
root - WARNING - 'ros/ros.h' file not found
root - WARNING - arena_plugins/triangle_profile.h: declaration_file_name not present
root - WARNING - ros/ros.h: declaration_file_name not present
root - WARNING - arena_plugins/walking_profile.h: declaration_file_name not present
root - WARNING - WALKING_PROFILE_H: declaration_file_name not present
root - WARNING - TRIANGLE_PROFILE_H: declaration_file_name not present
root - WARNING - 'stddef.h' file not found
root - WARNING - Box2D/Box2D.h: declaration_file_name not present
root - WARNING - arena_plugins/pose_pub.h: declaration_file_name not present
root - WARNING - Box2D/Box2D.h: declaration_file_name not present
root - WARNING - flatland_plugins/update_timer.h: declaration_file_name not present
root - WARNING - flatland_server/model_plugin.h: declaration_file_name not present
root - WARNING - flatland_server/timekeeper.h: declaration_file_name not present
root - WARNING - geometry_msgs/Twist.h: declaration_file_name not present
root - WARNING - nav_msgs/Odometry.h: declaration_file_name not present
root - WARNING - tf/transform_broadcaster.h: declaration_file_name not present
root - WARNING - random: declaration_file_name not present
root - WARNING - FLATLAND_PLUGINS_POSEPUB_H: declaration_file_name not present
root - WARNING - flatland_server/debug_visualization.h: declaration_file_name not present
root - WARNING - flatland_server/model_plugin.h: declaration_file_name not present
root - WARNING - geometry_msgs/TransformStamped.h: declaration_file_name not present
root - WARNING - pluginlib/class_list_macros.h: declaration_file_name not present
root - WARNING - ros/ros.h: declaration_file_name not present
root - WARNING - tf/tf.h: declaration_file_name not present
