root - WARNING - 'tf/tf.h' file not found
root - WARNING - cmath: declaration_file_name not present
root - WARNING - tf/tf.h: declaration_file_name not present
root - WARNING - mbf_msgs/MoveBaseResult.h: declaration_file_name not present
root - WARNING - mbf_msgs/GetPathResult.h: declaration_file_name not present
root - WARNING - mbf_msgs/ExePathResult.h: declaration_file_name not present
root - WARNING - mbf_msgs/RecoveryResult.h: declaration_file_name not present
root - WARNING - mbf_utility/navigation_utility.h: declaration_file_name not present
root - WARNING - MBF_UTILITY__NAVIGATION_UTILITY_H_: declaration_file_name not present
root - WARNING - geometry_msgs/PoseStamped.h: declaration_file_name not present
root - WARNING - ros/duration.h: declaration_file_name not present
root - WARNING - ros/time.h: declaration_file_name not present
root - WARNING - string: declaration_file_name not present
root - WARNING - tf2/convert.h: declaration_file_name not present
root - WARNING - tf2_ros/buffer.h: declaration_file_name not present
root - WARNING - tf2_geometry_msgs/tf2_geometry_msgs.h: declaration_file_name not present
root - WARNING - mbf_utility/types.h: declaration_file_name not present
root - WARNING - MBF_UTILITY__TYPES_H_: declaration_file_name not present
root - WARNING - boost/shared_ptr.hpp: declaration_file_name not present
root - WARNING - ros/common.h: declaration_file_name not present
root - WARNING - USE_OLD_TF: declaration_file_name not present
root - WARNING - tf/transform_listener.h: declaration_file_name not present
root - WARNING - 'boost/shared_ptr.hpp' file not found
root - WARNING - mbf_utility/robot_information.h: declaration_file_name not present
root - WARNING - MBF_UTILITY__ROBOT_INFORMATION_H_: declaration_file_name not present
root - WARNING - boost/shared_ptr.hpp: declaration_file_name not present
root - WARNING - geometry_msgs/PoseStamped.h: declaration_file_name not present
root - WARNING - geometry_msgs/TwistStamped.h: declaration_file_name not present
root - WARNING - ros/duration.h: declaration_file_name not present
root - WARNING - string: declaration_file_name not present
root - WARNING - mbf_utility/odometry_helper.h: declaration_file_name not present
root - WARNING - ODOMETRY_HELPER_H_: declaration_file_name not present
root - WARNING - nav_msgs/Odometry.h: declaration_file_name not present
root - WARNING - ros/ros.h: declaration_file_name not present
root - WARNING - boost/thread.hpp: declaration_file_name not present
root - WARNING - geometry_msgs/PoseStamped.h: declaration_file_name not present
root - WARNING - mbf_utility/types.h: declaration_file_name not present
root - WARNING - MBF_UTILITY__TYPES_H_: declaration_file_name not present
root - WARNING - boost/shared_ptr.hpp: declaration_file_name not present
root - WARNING - ros/common.h: declaration_file_name not present
root - WARNING - USE_OLD_TF: declaration_file_name not present
root - WARNING - tf/transform_listener.h: declaration_file_name not present
root - WARNING - mbf_utility/navigation_utility.h: declaration_file_name not present
root - WARNING - MBF_UTILITY__NAVIGATION_UTILITY_H_: declaration_file_name not present
root - WARNING - geometry_msgs/PoseStamped.h: declaration_file_name not present
root - WARNING - ros/duration.h: declaration_file_name not present
root - WARNING - ros/time.h: declaration_file_name not present
root - WARNING - string: declaration_file_name not present
root - WARNING - tf2/convert.h: declaration_file_name not present
root - WARNING - tf2_ros/buffer.h: declaration_file_name not present
root - WARNING - tf2_geometry_msgs/tf2_geometry_msgs.h: declaration_file_name not present
root - WARNING - mbf_utility/types.h: declaration_file_name not present
root - WARNING - 'nav_msgs/Odometry.h' file not found
root - WARNING - mbf_utility/odometry_helper.h: declaration_file_name not present
root - WARNING - ODOMETRY_HELPER_H_: declaration_file_name not present
root - WARNING - nav_msgs/Odometry.h: declaration_file_name not present
root - WARNING - ros/ros.h: declaration_file_name not present
root - WARNING - boost/thread.hpp: declaration_file_name not present
root - WARNING - geometry_msgs/PoseStamped.h: declaration_file_name not present
