root - WARNING - 'Eigen/Eigen' file not found
root - WARNING - traj_planner/bspline_optimizer_esdf.h: declaration_file_name not present
root - WARNING - _BSPLINE_OPTIMIZER_ESDF_H_: declaration_file_name not present
root - WARNING - Eigen/Eigen: declaration_file_name not present
root - WARNING - mapping/mapping.h: declaration_file_name not present
root - WARNING - ros/ros.h: declaration_file_name not present
root - WARNING - nlopt.hpp: declaration_file_name not present
root - WARNING - " waypt |": declaration_file_name not present
root - WARNING - " guide |": declaration_file_name not present
root - WARNING - " endpt |": declaration_file_name not present
root - WARNING - " feasi |": declaration_file_name not present
root - WARNING - " dist  |": declaration_file_name not present
root - WARNING - "smooth |": declaration_file_name not present
root - WARNING - 'ros/ros.h' file not found
root - WARNING - traj_planner/bspline_optimizer_astar.h: declaration_file_name not present
root - WARNING - _BSPLINE_OPTIMIZER_ASTAR_H_: declaration_file_name not present
root - WARNING - ros/ros.h: declaration_file_name not present
root - WARNING - Eigen/Eigen: declaration_file_name not present
root - WARNING - path_search/dyn_astar.h: declaration_file_name not present
root - WARNING - traj_planner/uniform_bspline.h: declaration_file_name not present
root - WARNING - _UNIFORM_BSPLINE_H_: declaration_file_name not present
root - WARNING - Eigen/Eigen: declaration_file_name not present
root - WARNING - algorithm: declaration_file_name not present
root - WARNING - iostream: declaration_file_name not present
root - WARNING - mapping/mapping.h: declaration_file_name not present
root - WARNING - traj_planner/lbfgs.hpp: declaration_file_name not present
root - WARNING - LBFGS_HPP: declaration_file_name not present
root - WARNING - cstdint: declaration_file_name not present
root - WARNING - cstdio: declaration_file_name not present
root - WARNING - cstdlib: declaration_file_name not present
root - WARNING - cstring: declaration_file_name not present
root - WARNING - cmath: declaration_file_name not present
root - WARNING - USES_MINIMIZER_LBFGS: declaration_file_name not present
root - WARNING - CUBIC_MINIMIZER_LBFGS: declaration_file_name not present
root - WARNING - CUBIC_MINIMIZER2_LBFGS: declaration_file_name not present
root - WARNING - QUARD_MINIMIZER_LBFGS: declaration_file_name not present
root - WARNING - QUARD_MINIMIZER2_LBFGS: declaration_file_name not present
root - WARNING - "(unknown)": declaration_file_name not present
root - WARNING - "The current search direction increases the objective function value.": declaration_file_name not present
root - WARNING - "A logic error (negative line-search step) occurred.": declaration_file_name not present
root - WARNING - "Relative width of the interval of uncertainty is at most lbfgs_parameter_t::xtol.": declaration_file_name not present
root - WARNING - "The algorithm routine reaches the maximum number of iterations.": declaration_file_name not present
root - WARNING - "The line-search routine reaches the maximum number of evaluations.": declaration_file_name not present
root - WARNING - "The line-search step became larger than lbfgs_parameter_t::max_step.": declaration_file_name not present
root - WARNING - "The line-search step became smaller than lbfgs_parameter_t::min_step.": declaration_file_name not present
root - WARNING - "A rounding error occurred; alternatively, no line-search step satisfies the sufficient decrease and curvature conditions.": declaration_file_name not present
root - WARNING - "A logic error occurred; alternatively, the interval of uncertainty became too small.": declaration_file_name not present
root - WARNING - "The line-search step went out of the interval of uncertainty.": declaration_file_name not present
root - WARNING - "Invalid parameter lbfgs_parameter_t::max_linesearch specified.": declaration_file_name not present
root - WARNING - "Invalid parameter lbfgs_parameter_t::xtol specified.": declaration_file_name not present
root - WARNING - "Invalid parameter lbfgs_parameter_t::s_curv_coeff specified.": declaration_file_name not present
root - WARNING - "Invalid parameter lbfgs_parameter_t::f_dec_coeff specified.": declaration_file_name not present
root - WARNING - "Invalid parameter lbfgs_parameter_t::max_step specified.": declaration_file_name not present
root - WARNING - "Invalid parameter lbfgs_parameter_t::min_step specified.": declaration_file_name not present
root - WARNING - "Invalid parameter lbfgs_parameter_t::delta specified.": declaration_file_name not present
root - WARNING - "Invalid parameter lbfgs_parameter_t::past specified.": declaration_file_name not present
root - WARNING - "Invalid parameter lbfgs_parameter_t::g_epsilon specified.": declaration_file_name not present
root - WARNING - "Invalid parameter lbfgs_parameter_t::mem_size specified.": declaration_file_name not present
root - WARNING - "Invalid number of variables specified.": declaration_file_name not present
root - WARNING - "The minimization process has been canceled.": declaration_file_name not present
root - WARNING - "Logic error.": declaration_file_name not present
root - WARNING - "Unknown error.": declaration_file_name not present
root - WARNING - "The initial variables already minimize the objective function.": declaration_file_name not present
root - WARNING - "Success: met stopping criteria (past f decrease less than delta).": declaration_file_name not present
root - WARNING - "Success: reached convergence (g_epsilon).": declaration_file_name not present
root - WARNING - 'Eigen/Eigen' file not found
root - WARNING - traj_planner/uniform_bspline.h: declaration_file_name not present
root - WARNING - _UNIFORM_BSPLINE_H_: declaration_file_name not present
root - WARNING - Eigen/Eigen: declaration_file_name not present
root - WARNING - algorithm: declaration_file_name not present
root - WARNING - iostream: declaration_file_name not present
root - WARNING - ros/ros.h: declaration_file_name not present
root - WARNING - 'Eigen/Eigen' file not found
root - WARNING - traj_planner/polynomial_traj.h: declaration_file_name not present
root - WARNING - _POLYNOMIAL_TRAJ_H: declaration_file_name not present
root - WARNING - Eigen/Eigen: declaration_file_name not present
root - WARNING - vector: declaration_file_name not present
root - WARNING - iostream: declaration_file_name not present
root - WARNING - memory: declaration_file_name not present
