[0.006s] Invoking command in '/home/ahmo030/ros2-migration/arena/utils/move_base_flex/build/move_base_flex': CMAKE_PREFIX_PATH=/opt/ros/humble:${CMAKE_PREFIX_PATH} /usr/bin/cmake --build /home/ahmo030/ros2-migration/arena/utils/move_base_flex/build/move_base_flex -- -j16 -l16
[0.022s] Invoked command in '/home/ahmo030/ros2-migration/arena/utils/move_base_flex/build/move_base_flex' returned '0': CMAKE_PREFIX_PATH=/opt/ros/humble:${CMAKE_PREFIX_PATH} /usr/bin/cmake --build /home/ahmo030/ros2-migration/arena/utils/move_base_flex/build/move_base_flex -- -j16 -l16
[0.040s] Invoking command in '/home/ahmo030/ros2-migration/arena/utils/move_base_flex/build/move_base_flex': CMAKE_PREFIX_PATH=/opt/ros/humble:${CMAKE_PREFIX_PATH} /usr/bin/cmake --install /home/ahmo030/ros2-migration/arena/utils/move_base_flex/build/move_base_flex
[0.045s] -- Install configuration: ""
[0.045s] -- Up-to-date: /home/ahmo030/ros2-migration/arena/utils/move_base_flex/install/move_base_flex/share/ament_index/resource_index/package_run_dependencies/move_base_flex
[0.045s] -- Up-to-date: /home/ahmo030/ros2-migration/arena/utils/move_base_flex/install/move_base_flex/share/ament_index/resource_index/parent_prefix_path/move_base_flex
[0.046s] -- Up-to-date: /home/ahmo030/ros2-migration/arena/utils/move_base_flex/install/move_base_flex/share/move_base_flex/environment/ament_prefix_path.sh
[0.046s] -- Up-to-date: /home/ahmo030/ros2-migration/arena/utils/move_base_flex/install/move_base_flex/share/move_base_flex/environment/ament_prefix_path.dsv
[0.046s] -- Up-to-date: /home/ahmo030/ros2-migration/arena/utils/move_base_flex/install/move_base_flex/share/move_base_flex/environment/path.sh
[0.046s] -- Up-to-date: /home/ahmo030/ros2-migration/arena/utils/move_base_flex/install/move_base_flex/share/move_base_flex/environment/path.dsv
[0.046s] -- Up-to-date: /home/ahmo030/ros2-migration/arena/utils/move_base_flex/install/move_base_flex/share/move_base_flex/local_setup.bash
[0.046s] -- Up-to-date: /home/ahmo030/ros2-migration/arena/utils/move_base_flex/install/move_base_flex/share/move_base_flex/local_setup.sh
[0.046s] -- Up-to-date: /home/ahmo030/ros2-migration/arena/utils/move_base_flex/install/move_base_flex/share/move_base_flex/local_setup.zsh
[0.046s] -- Up-to-date: /home/ahmo030/ros2-migration/arena/utils/move_base_flex/install/move_base_flex/share/move_base_flex/local_setup.dsv
[0.046s] -- Installing: /home/ahmo030/ros2-migration/arena/utils/move_base_flex/install/move_base_flex/share/move_base_flex/package.dsv
[0.046s] -- Up-to-date: /home/ahmo030/ros2-migration/arena/utils/move_base_flex/install/move_base_flex/share/ament_index/resource_index/packages/move_base_flex
[0.046s] -- Up-to-date: /home/ahmo030/ros2-migration/arena/utils/move_base_flex/install/move_base_flex/share/move_base_flex/cmake/ament_cmake_export_dependencies-extras.cmake
[0.046s] -- Up-to-date: /home/ahmo030/ros2-migration/arena/utils/move_base_flex/install/move_base_flex/share/move_base_flex/cmake/move_base_flexConfig.cmake
[0.047s] -- Up-to-date: /home/ahmo030/ros2-migration/arena/utils/move_base_flex/install/move_base_flex/share/move_base_flex/cmake/move_base_flexConfig-version.cmake
[0.047s] -- Up-to-date: /home/ahmo030/ros2-migration/arena/utils/move_base_flex/install/move_base_flex/share/move_base_flex/package.xml
[0.047s] Invoked command in '/home/ahmo030/ros2-migration/arena/utils/move_base_flex/build/move_base_flex' returned '0': CMAKE_PREFIX_PATH=/opt/ros/humble:${CMAKE_PREFIX_PATH} /usr/bin/cmake --install /home/ahmo030/ros2-migration/arena/utils/move_base_flex/build/move_base_flex
