[0.014s] Invoking command in '/ros2-migration/arena/build/plan_visualization': /usr/bin/cmake /ros2-migration/arena/arena-rosnav/utils/misc/plan_visualization -DCMAKE_INSTALL_PREFIX=/ros2-migration/arena/install/plan_visualization
[0.079s] -- The C compiler identification is GNU 11.4.0
[0.130s] -- The CXX compiler identification is GNU 11.4.0
[0.136s] -- Detecting C compiler ABI info
[0.268s] -- Detecting C compiler ABI info - done
[0.273s] -- Check for working C compiler: /usr/bin/cc - skipped
[0.273s] -- Detecting C compile features
[0.274s] -- Detecting C compile features - done
[0.277s] -- Detecting CXX compiler ABI info
[0.367s] -- Detecting CXX compiler ABI info - done
[0.374s] -- Check for working CXX compiler: /usr/bin/c++ - skipped
[0.374s] -- Detecting CXX compile features
[0.375s] -- Detecting CXX compile features - done
[0.382s] [31mCMake Error at CMakeLists.txt:17 (find_package):
[0.383s]   By not providing "Findament_cmake.cmake" in CMAKE_MODULE_PATH this project
[0.383s]   has asked CMake to find a package configuration file provided by
[0.383s]   "ament_cmake", but CMake did not find one.
[0.383s] 
[0.383s]   Could not find a package configuration file provided by "ament_cmake" with
[0.383s]   any of the following names:
[0.383s] 
[0.383s]     ament_cmakeConfig.cmake
[0.383s]     ament_cmake-config.cmake
[0.383s] 
[0.383s]   Add the installation prefix of "ament_cmake" to CMAKE_PREFIX_PATH or set
[0.383s]   "ament_cmake_DIR" to a directory containing one of the above files.  If
[0.383s]   "ament_cmake" provides a separate development package or SDK, be sure it
[0.383s]   has been installed.
[0.384s] 
[0.384s] [0m
[0.384s] -- Configuring incomplete, errors occurred!
[0.384s] See also "/ros2-migration/arena/build/plan_visualization/CMakeFiles/CMakeOutput.log".
