[0.016s] Invoking command in '/ros2-migration/build/plan_msgs': /usr/bin/cmake /ros2-migration/arena/arena-rosnav/utils/ros/msgs/plan_msgs -DCATKIN_INSTALL_INTO_PREFIX_ROOT=0 -DCMAKE_INSTALL_PREFIX=/ros2-migration/install/plan_msgs
[0.045s] -- Configuring incomplete, errors occurred!
[0.045s] See also "/ros2-migration/build/plan_msgs/CMakeFiles/CMakeOutput.log".
[0.045s] [31mCMake Error at CMakeLists.txt:10 (find_package):
[0.045s]   By not providing "Findcatkin.cmake" in CMAKE_MODULE_PATH this project has
[0.045s]   asked CMake to find a package configuration file provided by "catkin", but
[0.046s]   CMake did not find one.
[0.046s] 
[0.046s]   Could not find a package configuration file provided by "catkin" with any
[0.046s]   of the following names:
[0.046s] 
[0.046s]     catkinConfig.cmake
[0.046s]     catkin-config.cmake
[0.046s] 
[0.046s]   Add the installation prefix of "catkin" to CMAKE_PREFIX_PATH or set
[0.046s]   "catkin_DIR" to a directory containing one of the above files.  If "catkin"
[0.046s]   provides a separate development package or SDK, be sure it has been
[0.046s]   installed.
[0.047s] 
[0.047s] [0m
[0.052s] Invoked command in '/ros2-migration/build/plan_msgs' returned '1': /usr/bin/cmake /ros2-migration/arena/arena-rosnav/utils/ros/msgs/plan_msgs -DCATKIN_INSTALL_INTO_PREFIX_ROOT=0 -DCMAKE_INSTALL_PREFIX=/ros2-migration/install/plan_msgs
