running egg_info
creating build/stable_baselines3/stable_baselines3.egg-info
writing build/stable_baselines3/stable_baselines3.egg-info/PKG-INFO
writing dependency_links to build/stable_baselines3/stable_baselines3.egg-info/dependency_links.txt
writing requirements to build/stable_baselines3/stable_baselines3.egg-info/requires.txt
writing top-level names to build/stable_baselines3/stable_baselines3.egg-info/top_level.txt
writing manifest file 'build/stable_baselines3/stable_baselines3.egg-info/SOURCES.txt'
reading manifest file 'build/stable_baselines3/stable_baselines3.egg-info/SOURCES.txt'
adding license file 'LICENSE'
adding license file 'NOTICE'
writing manifest file 'build/stable_baselines3/stable_baselines3.egg-info/SOURCES.txt'
running build
running build_py
creating /home/ahmo030/ros2-migration/arena/utils/stable-baselines3/build/stable_baselines3/build
creating /home/ahmo030/ros2-migration/arena/utils/stable-baselines3/build/stable_baselines3/build/lib
creating /home/ahmo030/ros2-migration/arena/utils/stable-baselines3/build/stable_baselines3/build/lib/stable_baselines3
copying stable_baselines3/__init__.py -> /home/ahmo030/ros2-migration/arena/utils/stable-baselines3/build/stable_baselines3/build/lib/stable_baselines3
creating /home/ahmo030/ros2-migration/arena/utils/stable-baselines3/build/stable_baselines3/build/lib/stable_baselines3/a2c
copying stable_baselines3/a2c/__init__.py -> /home/ahmo030/ros2-migration/arena/utils/stable-baselines3/build/stable_baselines3/build/lib/stable_baselines3/a2c
copying stable_baselines3/a2c/policies.py -> /home/ahmo030/ros2-migration/arena/utils/stable-baselines3/build/stable_baselines3/build/lib/stable_baselines3/a2c
copying stable_baselines3/a2c/a2c.py -> /home/ahmo030/ros2-migration/arena/utils/stable-baselines3/build/stable_baselines3/build/lib/stable_baselines3/a2c
creating /home/ahmo030/ros2-migration/arena/utils/stable-baselines3/build/stable_baselines3/build/lib/stable_baselines3/dqn
copying stable_baselines3/dqn/dqn.py -> /home/ahmo030/ros2-migration/arena/utils/stable-baselines3/build/stable_baselines3/build/lib/stable_baselines3/dqn
copying stable_baselines3/dqn/__init__.py -> /home/ahmo030/ros2-migration/arena/utils/stable-baselines3/build/stable_baselines3/build/lib/stable_baselines3/dqn
copying stable_baselines3/dqn/policies.py -> /home/ahmo030/ros2-migration/arena/utils/stable-baselines3/build/stable_baselines3/build/lib/stable_baselines3/dqn
creating /home/ahmo030/ros2-migration/arena/utils/stable-baselines3/build/stable_baselines3/build/lib/stable_baselines3/ppo
copying stable_baselines3/ppo/ppo.py -> /home/ahmo030/ros2-migration/arena/utils/stable-baselines3/build/stable_baselines3/build/lib/stable_baselines3/ppo
copying stable_baselines3/ppo/__init__.py -> /home/ahmo030/ros2-migration/arena/utils/stable-baselines3/build/stable_baselines3/build/lib/stable_baselines3/ppo
copying stable_baselines3/ppo/policies.py -> /home/ahmo030/ros2-migration/arena/utils/stable-baselines3/build/stable_baselines3/build/lib/stable_baselines3/ppo
creating /home/ahmo030/ros2-migration/arena/utils/stable-baselines3/build/stable_baselines3/build/lib/stable_baselines3/ddpg
copying stable_baselines3/ddpg/ddpg.py -> /home/ahmo030/ros2-migration/arena/utils/stable-baselines3/build/stable_baselines3/build/lib/stable_baselines3/ddpg
copying stable_baselines3/ddpg/__init__.py -> /home/ahmo030/ros2-migration/arena/utils/stable-baselines3/build/stable_baselines3/build/lib/stable_baselines3/ddpg
copying stable_baselines3/ddpg/policies.py -> /home/ahmo030/ros2-migration/arena/utils/stable-baselines3/build/stable_baselines3/build/lib/stable_baselines3/ddpg
creating /home/ahmo030/ros2-migration/arena/utils/stable-baselines3/build/stable_baselines3/build/lib/stable_baselines3/her
copying stable_baselines3/her/her_replay_buffer.py -> /home/ahmo030/ros2-migration/arena/utils/stable-baselines3/build/stable_baselines3/build/lib/stable_baselines3/her
copying stable_baselines3/her/__init__.py -> /home/ahmo030/ros2-migration/arena/utils/stable-baselines3/build/stable_baselines3/build/lib/stable_baselines3/her
copying stable_baselines3/her/goal_selection_strategy.py -> /home/ahmo030/ros2-migration/arena/utils/stable-baselines3/build/stable_baselines3/build/lib/stable_baselines3/her
creating /home/ahmo030/ros2-migration/arena/utils/stable-baselines3/build/stable_baselines3/build/lib/stable_baselines3/td3
copying stable_baselines3/td3/td3.py -> /home/ahmo030/ros2-migration/arena/utils/stable-baselines3/build/stable_baselines3/build/lib/stable_baselines3/td3
copying stable_baselines3/td3/__init__.py -> /home/ahmo030/ros2-migration/arena/utils/stable-baselines3/build/stable_baselines3/build/lib/stable_baselines3/td3
copying stable_baselines3/td3/policies.py -> /home/ahmo030/ros2-migration/arena/utils/stable-baselines3/build/stable_baselines3/build/lib/stable_baselines3/td3
creating /home/ahmo030/ros2-migration/arena/utils/stable-baselines3/build/stable_baselines3/build/lib/stable_baselines3/common
copying stable_baselines3/common/atari_wrappers.py -> /home/ahmo030/ros2-migration/arena/utils/stable-baselines3/build/stable_baselines3/build/lib/stable_baselines3/common
copying stable_baselines3/common/type_aliases.py -> /home/ahmo030/ros2-migration/arena/utils/stable-baselines3/build/stable_baselines3/build/lib/stable_baselines3/common
copying stable_baselines3/common/preprocessing.py -> /home/ahmo030/ros2-migration/arena/utils/stable-baselines3/build/stable_baselines3/build/lib/stable_baselines3/common
copying stable_baselines3/common/results_plotter.py -> /home/ahmo030/ros2-migration/arena/utils/stable-baselines3/build/stable_baselines3/build/lib/stable_baselines3/common
copying stable_baselines3/common/buffers.py -> /home/ahmo030/ros2-migration/arena/utils/stable-baselines3/build/stable_baselines3/build/lib/stable_baselines3/common
copying stable_baselines3/common/evaluation.py -> /home/ahmo030/ros2-migration/arena/utils/stable-baselines3/build/stable_baselines3/build/lib/stable_baselines3/common
copying stable_baselines3/common/env_checker.py -> /home/ahmo030/ros2-migration/arena/utils/stable-baselines3/build/stable_baselines3/build/lib/stable_baselines3/common
copying stable_baselines3/common/base_class.py -> /home/ahmo030/ros2-migration/arena/utils/stable-baselines3/build/stable_baselines3/build/lib/stable_baselines3/common
copying stable_baselines3/common/env_util.py -> /home/ahmo030/ros2-migration/arena/utils/stable-baselines3/build/stable_baselines3/build/lib/stable_baselines3/common
copying stable_baselines3/common/noise.py -> /home/ahmo030/ros2-migration/arena/utils/stable-baselines3/build/stable_baselines3/build/lib/stable_baselines3/common
copying stable_baselines3/common/off_policy_algorithm.py -> /home/ahmo030/ros2-migration/arena/utils/stable-baselines3/build/stable_baselines3/build/lib/stable_baselines3/common
copying stable_baselines3/common/running_mean_std.py -> /home/ahmo030/ros2-migration/arena/utils/stable-baselines3/build/stable_baselines3/build/lib/stable_baselines3/common
copying stable_baselines3/common/distributions.py -> /home/ahmo030/ros2-migration/arena/utils/stable-baselines3/build/stable_baselines3/build/lib/stable_baselines3/common
copying stable_baselines3/common/logger.py -> /home/ahmo030/ros2-migration/arena/utils/stable-baselines3/build/stable_baselines3/build/lib/stable_baselines3/common
copying stable_baselines3/common/callbacks.py -> /home/ahmo030/ros2-migration/arena/utils/stable-baselines3/build/stable_baselines3/build/lib/stable_baselines3/common
copying stable_baselines3/common/__init__.py -> /home/ahmo030/ros2-migration/arena/utils/stable-baselines3/build/stable_baselines3/build/lib/stable_baselines3/common
copying stable_baselines3/common/torch_layers.py -> /home/ahmo030/ros2-migration/arena/utils/stable-baselines3/build/stable_baselines3/build/lib/stable_baselines3/common
copying stable_baselines3/common/utils.py -> /home/ahmo030/ros2-migration/arena/utils/stable-baselines3/build/stable_baselines3/build/lib/stable_baselines3/common
copying stable_baselines3/common/on_policy_algorithm.py -> /home/ahmo030/ros2-migration/arena/utils/stable-baselines3/build/stable_baselines3/build/lib/stable_baselines3/common
copying stable_baselines3/common/monitor.py -> /home/ahmo030/ros2-migration/arena/utils/stable-baselines3/build/stable_baselines3/build/lib/stable_baselines3/common
copying stable_baselines3/common/policies.py -> /home/ahmo030/ros2-migration/arena/utils/stable-baselines3/build/stable_baselines3/build/lib/stable_baselines3/common
copying stable_baselines3/common/save_util.py -> /home/ahmo030/ros2-migration/arena/utils/stable-baselines3/build/stable_baselines3/build/lib/stable_baselines3/common
creating /home/ahmo030/ros2-migration/arena/utils/stable-baselines3/build/stable_baselines3/build/lib/stable_baselines3/sac
copying stable_baselines3/sac/__init__.py -> /home/ahmo030/ros2-migration/arena/utils/stable-baselines3/build/stable_baselines3/build/lib/stable_baselines3/sac
copying stable_baselines3/sac/sac.py -> /home/ahmo030/ros2-migration/arena/utils/stable-baselines3/build/stable_baselines3/build/lib/stable_baselines3/sac
copying stable_baselines3/sac/policies.py -> /home/ahmo030/ros2-migration/arena/utils/stable-baselines3/build/stable_baselines3/build/lib/stable_baselines3/sac
creating /home/ahmo030/ros2-migration/arena/utils/stable-baselines3/build/stable_baselines3/build/lib/stable_baselines3/common/envs
copying stable_baselines3/common/envs/multi_input_envs.py -> /home/ahmo030/ros2-migration/arena/utils/stable-baselines3/build/stable_baselines3/build/lib/stable_baselines3/common/envs
copying stable_baselines3/common/envs/identity_env.py -> /home/ahmo030/ros2-migration/arena/utils/stable-baselines3/build/stable_baselines3/build/lib/stable_baselines3/common/envs
copying stable_baselines3/common/envs/__init__.py -> /home/ahmo030/ros2-migration/arena/utils/stable-baselines3/build/stable_baselines3/build/lib/stable_baselines3/common/envs
copying stable_baselines3/common/envs/bit_flipping_env.py -> /home/ahmo030/ros2-migration/arena/utils/stable-baselines3/build/stable_baselines3/build/lib/stable_baselines3/common/envs
creating /home/ahmo030/ros2-migration/arena/utils/stable-baselines3/build/stable_baselines3/build/lib/stable_baselines3/common/vec_env
copying stable_baselines3/common/vec_env/vec_normalize.py -> /home/ahmo030/ros2-migration/arena/utils/stable-baselines3/build/stable_baselines3/build/lib/stable_baselines3/common/vec_env
copying stable_baselines3/common/vec_env/patch_gym.py -> /home/ahmo030/ros2-migration/arena/utils/stable-baselines3/build/stable_baselines3/build/lib/stable_baselines3/common/vec_env
copying stable_baselines3/common/vec_env/subproc_vec_env.py -> /home/ahmo030/ros2-migration/arena/utils/stable-baselines3/build/stable_baselines3/build/lib/stable_baselines3/common/vec_env
copying stable_baselines3/common/vec_env/vec_monitor.py -> /home/ahmo030/ros2-migration/arena/utils/stable-baselines3/build/stable_baselines3/build/lib/stable_baselines3/common/vec_env
copying stable_baselines3/common/vec_env/vec_extract_dict_obs.py -> /home/ahmo030/ros2-migration/arena/utils/stable-baselines3/build/stable_baselines3/build/lib/stable_baselines3/common/vec_env
copying stable_baselines3/common/vec_env/stacked_observations.py -> /home/ahmo030/ros2-migration/arena/utils/stable-baselines3/build/stable_baselines3/build/lib/stable_baselines3/common/vec_env
copying stable_baselines3/common/vec_env/vec_transpose.py -> /home/ahmo030/ros2-migration/arena/utils/stable-baselines3/build/stable_baselines3/build/lib/stable_baselines3/common/vec_env
copying stable_baselines3/common/vec_env/vec_video_recorder.py -> /home/ahmo030/ros2-migration/arena/utils/stable-baselines3/build/stable_baselines3/build/lib/stable_baselines3/common/vec_env
copying stable_baselines3/common/vec_env/__init__.py -> /home/ahmo030/ros2-migration/arena/utils/stable-baselines3/build/stable_baselines3/build/lib/stable_baselines3/common/vec_env
copying stable_baselines3/common/vec_env/base_vec_env.py -> /home/ahmo030/ros2-migration/arena/utils/stable-baselines3/build/stable_baselines3/build/lib/stable_baselines3/common/vec_env
copying stable_baselines3/common/vec_env/dummy_vec_env.py -> /home/ahmo030/ros2-migration/arena/utils/stable-baselines3/build/stable_baselines3/build/lib/stable_baselines3/common/vec_env
copying stable_baselines3/common/vec_env/vec_check_nan.py -> /home/ahmo030/ros2-migration/arena/utils/stable-baselines3/build/stable_baselines3/build/lib/stable_baselines3/common/vec_env
copying stable_baselines3/common/vec_env/vec_frame_stack.py -> /home/ahmo030/ros2-migration/arena/utils/stable-baselines3/build/stable_baselines3/build/lib/stable_baselines3/common/vec_env
copying stable_baselines3/common/vec_env/util.py -> /home/ahmo030/ros2-migration/arena/utils/stable-baselines3/build/stable_baselines3/build/lib/stable_baselines3/common/vec_env
creating /home/ahmo030/ros2-migration/arena/utils/stable-baselines3/build/stable_baselines3/build/lib/stable_baselines3/common/sb2_compat
copying stable_baselines3/common/sb2_compat/rmsprop_tf_like.py -> /home/ahmo030/ros2-migration/arena/utils/stable-baselines3/build/stable_baselines3/build/lib/stable_baselines3/common/sb2_compat
copying stable_baselines3/common/sb2_compat/__init__.py -> /home/ahmo030/ros2-migration/arena/utils/stable-baselines3/build/stable_baselines3/build/lib/stable_baselines3/common/sb2_compat
copying stable_baselines3/py.typed -> /home/ahmo030/ros2-migration/arena/utils/stable-baselines3/build/stable_baselines3/build/lib/stable_baselines3
copying stable_baselines3/version.txt -> /home/ahmo030/ros2-migration/arena/utils/stable-baselines3/build/stable_baselines3/build/lib/stable_baselines3
running install
running install_lib
creating /home/ahmo030/ros2-migration/arena/utils/stable-baselines3/install/stable_baselines3/lib/python3.10/site-packages/stable_baselines3
copying /home/ahmo030/ros2-migration/arena/utils/stable-baselines3/build/stable_baselines3/build/lib/stable_baselines3/py.typed -> /home/ahmo030/ros2-migration/arena/utils/stable-baselines3/install/stable_baselines3/lib/python3.10/site-packages/stable_baselines3
creating /home/ahmo030/ros2-migration/arena/utils/stable-baselines3/install/stable_baselines3/lib/python3.10/site-packages/stable_baselines3/a2c
copying /home/ahmo030/ros2-migration/arena/utils/stable-baselines3/build/stable_baselines3/build/lib/stable_baselines3/a2c/__init__.py -> /home/ahmo030/ros2-migration/arena/utils/stable-baselines3/install/stable_baselines3/lib/python3.10/site-packages/stable_baselines3/a2c
copying /home/ahmo030/ros2-migration/arena/utils/stable-baselines3/build/stable_baselines3/build/lib/stable_baselines3/a2c/policies.py -> /home/ahmo030/ros2-migration/arena/utils/stable-baselines3/install/stable_baselines3/lib/python3.10/site-packages/stable_baselines3/a2c
copying /home/ahmo030/ros2-migration/arena/utils/stable-baselines3/build/stable_baselines3/build/lib/stable_baselines3/a2c/a2c.py -> /home/ahmo030/ros2-migration/arena/utils/stable-baselines3/install/stable_baselines3/lib/python3.10/site-packages/stable_baselines3/a2c
creating /home/ahmo030/ros2-migration/arena/utils/stable-baselines3/install/stable_baselines3/lib/python3.10/site-packages/stable_baselines3/dqn
copying /home/ahmo030/ros2-migration/arena/utils/stable-baselines3/build/stable_baselines3/build/lib/stable_baselines3/dqn/dqn.py -> /home/ahmo030/ros2-migration/arena/utils/stable-baselines3/install/stable_baselines3/lib/python3.10/site-packages/stable_baselines3/dqn
copying /home/ahmo030/ros2-migration/arena/utils/stable-baselines3/build/stable_baselines3/build/lib/stable_baselines3/dqn/__init__.py -> /home/ahmo030/ros2-migration/arena/utils/stable-baselines3/install/stable_baselines3/lib/python3.10/site-packages/stable_baselines3/dqn
copying /home/ahmo030/ros2-migration/arena/utils/stable-baselines3/build/stable_baselines3/build/lib/stable_baselines3/dqn/policies.py -> /home/ahmo030/ros2-migration/arena/utils/stable-baselines3/install/stable_baselines3/lib/python3.10/site-packages/stable_baselines3/dqn
creating /home/ahmo030/ros2-migration/arena/utils/stable-baselines3/install/stable_baselines3/lib/python3.10/site-packages/stable_baselines3/ppo
copying /home/ahmo030/ros2-migration/arena/utils/stable-baselines3/build/stable_baselines3/build/lib/stable_baselines3/ppo/ppo.py -> /home/ahmo030/ros2-migration/arena/utils/stable-baselines3/install/stable_baselines3/lib/python3.10/site-packages/stable_baselines3/ppo
copying /home/ahmo030/ros2-migration/arena/utils/stable-baselines3/build/stable_baselines3/build/lib/stable_baselines3/ppo/__init__.py -> /home/ahmo030/ros2-migration/arena/utils/stable-baselines3/install/stable_baselines3/lib/python3.10/site-packages/stable_baselines3/ppo
copying /home/ahmo030/ros2-migration/arena/utils/stable-baselines3/build/stable_baselines3/build/lib/stable_baselines3/ppo/policies.py -> /home/ahmo030/ros2-migration/arena/utils/stable-baselines3/install/stable_baselines3/lib/python3.10/site-packages/stable_baselines3/ppo
creating /home/ahmo030/ros2-migration/arena/utils/stable-baselines3/install/stable_baselines3/lib/python3.10/site-packages/stable_baselines3/ddpg
copying /home/ahmo030/ros2-migration/arena/utils/stable-baselines3/build/stable_baselines3/build/lib/stable_baselines3/ddpg/ddpg.py -> /home/ahmo030/ros2-migration/arena/utils/stable-baselines3/install/stable_baselines3/lib/python3.10/site-packages/stable_baselines3/ddpg
copying /home/ahmo030/ros2-migration/arena/utils/stable-baselines3/build/stable_baselines3/build/lib/stable_baselines3/ddpg/__init__.py -> /home/ahmo030/ros2-migration/arena/utils/stable-baselines3/install/stable_baselines3/lib/python3.10/site-packages/stable_baselines3/ddpg
copying /home/ahmo030/ros2-migration/arena/utils/stable-baselines3/build/stable_baselines3/build/lib/stable_baselines3/ddpg/policies.py -> /home/ahmo030/ros2-migration/arena/utils/stable-baselines3/install/stable_baselines3/lib/python3.10/site-packages/stable_baselines3/ddpg
copying /home/ahmo030/ros2-migration/arena/utils/stable-baselines3/build/stable_baselines3/build/lib/stable_baselines3/__init__.py -> /home/ahmo030/ros2-migration/arena/utils/stable-baselines3/install/stable_baselines3/lib/python3.10/site-packages/stable_baselines3
creating /home/ahmo030/ros2-migration/arena/utils/stable-baselines3/install/stable_baselines3/lib/python3.10/site-packages/stable_baselines3/her
copying /home/ahmo030/ros2-migration/arena/utils/stable-baselines3/build/stable_baselines3/build/lib/stable_baselines3/her/her_replay_buffer.py -> /home/ahmo030/ros2-migration/arena/utils/stable-baselines3/install/stable_baselines3/lib/python3.10/site-packages/stable_baselines3/her
copying /home/ahmo030/ros2-migration/arena/utils/stable-baselines3/build/stable_baselines3/build/lib/stable_baselines3/her/__init__.py -> /home/ahmo030/ros2-migration/arena/utils/stable-baselines3/install/stable_baselines3/lib/python3.10/site-packages/stable_baselines3/her
copying /home/ahmo030/ros2-migration/arena/utils/stable-baselines3/build/stable_baselines3/build/lib/stable_baselines3/her/goal_selection_strategy.py -> /home/ahmo030/ros2-migration/arena/utils/stable-baselines3/install/stable_baselines3/lib/python3.10/site-packages/stable_baselines3/her
creating /home/ahmo030/ros2-migration/arena/utils/stable-baselines3/install/stable_baselines3/lib/python3.10/site-packages/stable_baselines3/td3
copying /home/ahmo030/ros2-migration/arena/utils/stable-baselines3/build/stable_baselines3/build/lib/stable_baselines3/td3/td3.py -> /home/ahmo030/ros2-migration/arena/utils/stable-baselines3/install/stable_baselines3/lib/python3.10/site-packages/stable_baselines3/td3
copying /home/ahmo030/ros2-migration/arena/utils/stable-baselines3/build/stable_baselines3/build/lib/stable_baselines3/td3/__init__.py -> /home/ahmo030/ros2-migration/arena/utils/stable-baselines3/install/stable_baselines3/lib/python3.10/site-packages/stable_baselines3/td3
copying /home/ahmo030/ros2-migration/arena/utils/stable-baselines3/build/stable_baselines3/build/lib/stable_baselines3/td3/policies.py -> /home/ahmo030/ros2-migration/arena/utils/stable-baselines3/install/stable_baselines3/lib/python3.10/site-packages/stable_baselines3/td3
copying /home/ahmo030/ros2-migration/arena/utils/stable-baselines3/build/stable_baselines3/build/lib/stable_baselines3/version.txt -> /home/ahmo030/ros2-migration/arena/utils/stable-baselines3/install/stable_baselines3/lib/python3.10/site-packages/stable_baselines3
creating /home/ahmo030/ros2-migration/arena/utils/stable-baselines3/install/stable_baselines3/lib/python3.10/site-packages/stable_baselines3/common
copying /home/ahmo030/ros2-migration/arena/utils/stable-baselines3/build/stable_baselines3/build/lib/stable_baselines3/common/atari_wrappers.py -> /home/ahmo030/ros2-migration/arena/utils/stable-baselines3/install/stable_baselines3/lib/python3.10/site-packages/stable_baselines3/common
copying /home/ahmo030/ros2-migration/arena/utils/stable-baselines3/build/stable_baselines3/build/lib/stable_baselines3/common/type_aliases.py -> /home/ahmo030/ros2-migration/arena/utils/stable-baselines3/install/stable_baselines3/lib/python3.10/site-packages/stable_baselines3/common
copying /home/ahmo030/ros2-migration/arena/utils/stable-baselines3/build/stable_baselines3/build/lib/stable_baselines3/common/preprocessing.py -> /home/ahmo030/ros2-migration/arena/utils/stable-baselines3/install/stable_baselines3/lib/python3.10/site-packages/stable_baselines3/common
creating /home/ahmo030/ros2-migration/arena/utils/stable-baselines3/install/stable_baselines3/lib/python3.10/site-packages/stable_baselines3/common/envs
copying /home/ahmo030/ros2-migration/arena/utils/stable-baselines3/build/stable_baselines3/build/lib/stable_baselines3/common/envs/multi_input_envs.py -> /home/ahmo030/ros2-migration/arena/utils/stable-baselines3/install/stable_baselines3/lib/python3.10/site-packages/stable_baselines3/common/envs
copying /home/ahmo030/ros2-migration/arena/utils/stable-baselines3/build/stable_baselines3/build/lib/stable_baselines3/common/envs/identity_env.py -> /home/ahmo030/ros2-migration/arena/utils/stable-baselines3/install/stable_baselines3/lib/python3.10/site-packages/stable_baselines3/common/envs
copying /home/ahmo030/ros2-migration/arena/utils/stable-baselines3/build/stable_baselines3/build/lib/stable_baselines3/common/envs/__init__.py -> /home/ahmo030/ros2-migration/arena/utils/stable-baselines3/install/stable_baselines3/lib/python3.10/site-packages/stable_baselines3/common/envs
copying /home/ahmo030/ros2-migration/arena/utils/stable-baselines3/build/stable_baselines3/build/lib/stable_baselines3/common/envs/bit_flipping_env.py -> /home/ahmo030/ros2-migration/arena/utils/stable-baselines3/install/stable_baselines3/lib/python3.10/site-packages/stable_baselines3/common/envs
copying /home/ahmo030/ros2-migration/arena/utils/stable-baselines3/build/stable_baselines3/build/lib/stable_baselines3/common/results_plotter.py -> /home/ahmo030/ros2-migration/arena/utils/stable-baselines3/install/stable_baselines3/lib/python3.10/site-packages/stable_baselines3/common
copying /home/ahmo030/ros2-migration/arena/utils/stable-baselines3/build/stable_baselines3/build/lib/stable_baselines3/common/buffers.py -> /home/ahmo030/ros2-migration/arena/utils/stable-baselines3/install/stable_baselines3/lib/python3.10/site-packages/stable_baselines3/common
copying /home/ahmo030/ros2-migration/arena/utils/stable-baselines3/build/stable_baselines3/build/lib/stable_baselines3/common/evaluation.py -> /home/ahmo030/ros2-migration/arena/utils/stable-baselines3/install/stable_baselines3/lib/python3.10/site-packages/stable_baselines3/common
copying /home/ahmo030/ros2-migration/arena/utils/stable-baselines3/build/stable_baselines3/build/lib/stable_baselines3/common/env_checker.py -> /home/ahmo030/ros2-migration/arena/utils/stable-baselines3/install/stable_baselines3/lib/python3.10/site-packages/stable_baselines3/common
copying /home/ahmo030/ros2-migration/arena/utils/stable-baselines3/build/stable_baselines3/build/lib/stable_baselines3/common/base_class.py -> /home/ahmo030/ros2-migration/arena/utils/stable-baselines3/install/stable_baselines3/lib/python3.10/site-packages/stable_baselines3/common
copying /home/ahmo030/ros2-migration/arena/utils/stable-baselines3/build/stable_baselines3/build/lib/stable_baselines3/common/env_util.py -> /home/ahmo030/ros2-migration/arena/utils/stable-baselines3/install/stable_baselines3/lib/python3.10/site-packages/stable_baselines3/common
copying /home/ahmo030/ros2-migration/arena/utils/stable-baselines3/build/stable_baselines3/build/lib/stable_baselines3/common/noise.py -> /home/ahmo030/ros2-migration/arena/utils/stable-baselines3/install/stable_baselines3/lib/python3.10/site-packages/stable_baselines3/common
copying /home/ahmo030/ros2-migration/arena/utils/stable-baselines3/build/stable_baselines3/build/lib/stable_baselines3/common/off_policy_algorithm.py -> /home/ahmo030/ros2-migration/arena/utils/stable-baselines3/install/stable_baselines3/lib/python3.10/site-packages/stable_baselines3/common
copying /home/ahmo030/ros2-migration/arena/utils/stable-baselines3/build/stable_baselines3/build/lib/stable_baselines3/common/running_mean_std.py -> /home/ahmo030/ros2-migration/arena/utils/stable-baselines3/install/stable_baselines3/lib/python3.10/site-packages/stable_baselines3/common
creating /home/ahmo030/ros2-migration/arena/utils/stable-baselines3/install/stable_baselines3/lib/python3.10/site-packages/stable_baselines3/common/vec_env
copying /home/ahmo030/ros2-migration/arena/utils/stable-baselines3/build/stable_baselines3/build/lib/stable_baselines3/common/vec_env/vec_normalize.py -> /home/ahmo030/ros2-migration/arena/utils/stable-baselines3/install/stable_baselines3/lib/python3.10/site-packages/stable_baselines3/common/vec_env
copying /home/ahmo030/ros2-migration/arena/utils/stable-baselines3/build/stable_baselines3/build/lib/stable_baselines3/common/vec_env/patch_gym.py -> /home/ahmo030/ros2-migration/arena/utils/stable-baselines3/install/stable_baselines3/lib/python3.10/site-packages/stable_baselines3/common/vec_env
copying /home/ahmo030/ros2-migration/arena/utils/stable-baselines3/build/stable_baselines3/build/lib/stable_baselines3/common/vec_env/subproc_vec_env.py -> /home/ahmo030/ros2-migration/arena/utils/stable-baselines3/install/stable_baselines3/lib/python3.10/site-packages/stable_baselines3/common/vec_env
copying /home/ahmo030/ros2-migration/arena/utils/stable-baselines3/build/stable_baselines3/build/lib/stable_baselines3/common/vec_env/vec_monitor.py -> /home/ahmo030/ros2-migration/arena/utils/stable-baselines3/install/stable_baselines3/lib/python3.10/site-packages/stable_baselines3/common/vec_env
copying /home/ahmo030/ros2-migration/arena/utils/stable-baselines3/build/stable_baselines3/build/lib/stable_baselines3/common/vec_env/vec_extract_dict_obs.py -> /home/ahmo030/ros2-migration/arena/utils/stable-baselines3/install/stable_baselines3/lib/python3.10/site-packages/stable_baselines3/common/vec_env
copying /home/ahmo030/ros2-migration/arena/utils/stable-baselines3/build/stable_baselines3/build/lib/stable_baselines3/common/vec_env/stacked_observations.py -> /home/ahmo030/ros2-migration/arena/utils/stable-baselines3/install/stable_baselines3/lib/python3.10/site-packages/stable_baselines3/common/vec_env
copying /home/ahmo030/ros2-migration/arena/utils/stable-baselines3/build/stable_baselines3/build/lib/stable_baselines3/common/vec_env/vec_transpose.py -> /home/ahmo030/ros2-migration/arena/utils/stable-baselines3/install/stable_baselines3/lib/python3.10/site-packages/stable_baselines3/common/vec_env
copying /home/ahmo030/ros2-migration/arena/utils/stable-baselines3/build/stable_baselines3/build/lib/stable_baselines3/common/vec_env/vec_video_recorder.py -> /home/ahmo030/ros2-migration/arena/utils/stable-baselines3/install/stable_baselines3/lib/python3.10/site-packages/stable_baselines3/common/vec_env
copying /home/ahmo030/ros2-migration/arena/utils/stable-baselines3/build/stable_baselines3/build/lib/stable_baselines3/common/vec_env/__init__.py -> /home/ahmo030/ros2-migration/arena/utils/stable-baselines3/install/stable_baselines3/lib/python3.10/site-packages/stable_baselines3/common/vec_env
copying /home/ahmo030/ros2-migration/arena/utils/stable-baselines3/build/stable_baselines3/build/lib/stable_baselines3/common/vec_env/base_vec_env.py -> /home/ahmo030/ros2-migration/arena/utils/stable-baselines3/install/stable_baselines3/lib/python3.10/site-packages/stable_baselines3/common/vec_env
copying /home/ahmo030/ros2-migration/arena/utils/stable-baselines3/build/stable_baselines3/build/lib/stable_baselines3/common/vec_env/dummy_vec_env.py -> /home/ahmo030/ros2-migration/arena/utils/stable-baselines3/install/stable_baselines3/lib/python3.10/site-packages/stable_baselines3/common/vec_env
copying /home/ahmo030/ros2-migration/arena/utils/stable-baselines3/build/stable_baselines3/build/lib/stable_baselines3/common/vec_env/vec_check_nan.py -> /home/ahmo030/ros2-migration/arena/utils/stable-baselines3/install/stable_baselines3/lib/python3.10/site-packages/stable_baselines3/common/vec_env
copying /home/ahmo030/ros2-migration/arena/utils/stable-baselines3/build/stable_baselines3/build/lib/stable_baselines3/common/vec_env/vec_frame_stack.py -> /home/ahmo030/ros2-migration/arena/utils/stable-baselines3/install/stable_baselines3/lib/python3.10/site-packages/stable_baselines3/common/vec_env
copying /home/ahmo030/ros2-migration/arena/utils/stable-baselines3/build/stable_baselines3/build/lib/stable_baselines3/common/vec_env/util.py -> /home/ahmo030/ros2-migration/arena/utils/stable-baselines3/install/stable_baselines3/lib/python3.10/site-packages/stable_baselines3/common/vec_env
creating /home/ahmo030/ros2-migration/arena/utils/stable-baselines3/install/stable_baselines3/lib/python3.10/site-packages/stable_baselines3/common/sb2_compat
copying /home/ahmo030/ros2-migration/arena/utils/stable-baselines3/build/stable_baselines3/build/lib/stable_baselines3/common/sb2_compat/rmsprop_tf_like.py -> /home/ahmo030/ros2-migration/arena/utils/stable-baselines3/install/stable_baselines3/lib/python3.10/site-packages/stable_baselines3/common/sb2_compat
copying /home/ahmo030/ros2-migration/arena/utils/stable-baselines3/build/stable_baselines3/build/lib/stable_baselines3/common/sb2_compat/__init__.py -> /home/ahmo030/ros2-migration/arena/utils/stable-baselines3/install/stable_baselines3/lib/python3.10/site-packages/stable_baselines3/common/sb2_compat
copying /home/ahmo030/ros2-migration/arena/utils/stable-baselines3/build/stable_baselines3/build/lib/stable_baselines3/common/distributions.py -> /home/ahmo030/ros2-migration/arena/utils/stable-baselines3/install/stable_baselines3/lib/python3.10/site-packages/stable_baselines3/common
copying /home/ahmo030/ros2-migration/arena/utils/stable-baselines3/build/stable_baselines3/build/lib/stable_baselines3/common/logger.py -> /home/ahmo030/ros2-migration/arena/utils/stable-baselines3/install/stable_baselines3/lib/python3.10/site-packages/stable_baselines3/common
copying /home/ahmo030/ros2-migration/arena/utils/stable-baselines3/build/stable_baselines3/build/lib/stable_baselines3/common/callbacks.py -> /home/ahmo030/ros2-migration/arena/utils/stable-baselines3/install/stable_baselines3/lib/python3.10/site-packages/stable_baselines3/common
copying /home/ahmo030/ros2-migration/arena/utils/stable-baselines3/build/stable_baselines3/build/lib/stable_baselines3/common/__init__.py -> /home/ahmo030/ros2-migration/arena/utils/stable-baselines3/install/stable_baselines3/lib/python3.10/site-packages/stable_baselines3/common
copying /home/ahmo030/ros2-migration/arena/utils/stable-baselines3/build/stable_baselines3/build/lib/stable_baselines3/common/torch_layers.py -> /home/ahmo030/ros2-migration/arena/utils/stable-baselines3/install/stable_baselines3/lib/python3.10/site-packages/stable_baselines3/common
copying /home/ahmo030/ros2-migration/arena/utils/stable-baselines3/build/stable_baselines3/build/lib/stable_baselines3/common/utils.py -> /home/ahmo030/ros2-migration/arena/utils/stable-baselines3/install/stable_baselines3/lib/python3.10/site-packages/stable_baselines3/common
copying /home/ahmo030/ros2-migration/arena/utils/stable-baselines3/build/stable_baselines3/build/lib/stable_baselines3/common/on_policy_algorithm.py -> /home/ahmo030/ros2-migration/arena/utils/stable-baselines3/install/stable_baselines3/lib/python3.10/site-packages/stable_baselines3/common
copying /home/ahmo030/ros2-migration/arena/utils/stable-baselines3/build/stable_baselines3/build/lib/stable_baselines3/common/monitor.py -> /home/ahmo030/ros2-migration/arena/utils/stable-baselines3/install/stable_baselines3/lib/python3.10/site-packages/stable_baselines3/common
copying /home/ahmo030/ros2-migration/arena/utils/stable-baselines3/build/stable_baselines3/build/lib/stable_baselines3/common/policies.py -> /home/ahmo030/ros2-migration/arena/utils/stable-baselines3/install/stable_baselines3/lib/python3.10/site-packages/stable_baselines3/common
copying /home/ahmo030/ros2-migration/arena/utils/stable-baselines3/build/stable_baselines3/build/lib/stable_baselines3/common/save_util.py -> /home/ahmo030/ros2-migration/arena/utils/stable-baselines3/install/stable_baselines3/lib/python3.10/site-packages/stable_baselines3/common
creating /home/ahmo030/ros2-migration/arena/utils/stable-baselines3/install/stable_baselines3/lib/python3.10/site-packages/stable_baselines3/sac
copying /home/ahmo030/ros2-migration/arena/utils/stable-baselines3/build/stable_baselines3/build/lib/stable_baselines3/sac/__init__.py -> /home/ahmo030/ros2-migration/arena/utils/stable-baselines3/install/stable_baselines3/lib/python3.10/site-packages/stable_baselines3/sac
copying /home/ahmo030/ros2-migration/arena/utils/stable-baselines3/build/stable_baselines3/build/lib/stable_baselines3/sac/sac.py -> /home/ahmo030/ros2-migration/arena/utils/stable-baselines3/install/stable_baselines3/lib/python3.10/site-packages/stable_baselines3/sac
copying /home/ahmo030/ros2-migration/arena/utils/stable-baselines3/build/stable_baselines3/build/lib/stable_baselines3/sac/policies.py -> /home/ahmo030/ros2-migration/arena/utils/stable-baselines3/install/stable_baselines3/lib/python3.10/site-packages/stable_baselines3/sac
byte-compiling /home/ahmo030/ros2-migration/arena/utils/stable-baselines3/install/stable_baselines3/lib/python3.10/site-packages/stable_baselines3/a2c/__init__.py to __init__.cpython-310.pyc
byte-compiling /home/ahmo030/ros2-migration/arena/utils/stable-baselines3/install/stable_baselines3/lib/python3.10/site-packages/stable_baselines3/a2c/policies.py to policies.cpython-310.pyc
byte-compiling /home/ahmo030/ros2-migration/arena/utils/stable-baselines3/install/stable_baselines3/lib/python3.10/site-packages/stable_baselines3/a2c/a2c.py to a2c.cpython-310.pyc
byte-compiling /home/ahmo030/ros2-migration/arena/utils/stable-baselines3/install/stable_baselines3/lib/python3.10/site-packages/stable_baselines3/dqn/dqn.py to dqn.cpython-310.pyc
byte-compiling /home/ahmo030/ros2-migration/arena/utils/stable-baselines3/install/stable_baselines3/lib/python3.10/site-packages/stable_baselines3/dqn/__init__.py to __init__.cpython-310.pyc
byte-compiling /home/ahmo030/ros2-migration/arena/utils/stable-baselines3/install/stable_baselines3/lib/python3.10/site-packages/stable_baselines3/dqn/policies.py to policies.cpython-310.pyc
byte-compiling /home/ahmo030/ros2-migration/arena/utils/stable-baselines3/install/stable_baselines3/lib/python3.10/site-packages/stable_baselines3/ppo/ppo.py to ppo.cpython-310.pyc
byte-compiling /home/ahmo030/ros2-migration/arena/utils/stable-baselines3/install/stable_baselines3/lib/python3.10/site-packages/stable_baselines3/ppo/__init__.py to __init__.cpython-310.pyc
byte-compiling /home/ahmo030/ros2-migration/arena/utils/stable-baselines3/install/stable_baselines3/lib/python3.10/site-packages/stable_baselines3/ppo/policies.py to policies.cpython-310.pyc
byte-compiling /home/ahmo030/ros2-migration/arena/utils/stable-baselines3/install/stable_baselines3/lib/python3.10/site-packages/stable_baselines3/ddpg/ddpg.py to ddpg.cpython-310.pyc
byte-compiling /home/ahmo030/ros2-migration/arena/utils/stable-baselines3/install/stable_baselines3/lib/python3.10/site-packages/stable_baselines3/ddpg/__init__.py to __init__.cpython-310.pyc
byte-compiling /home/ahmo030/ros2-migration/arena/utils/stable-baselines3/install/stable_baselines3/lib/python3.10/site-packages/stable_baselines3/ddpg/policies.py to policies.cpython-310.pyc
byte-compiling /home/ahmo030/ros2-migration/arena/utils/stable-baselines3/install/stable_baselines3/lib/python3.10/site-packages/stable_baselines3/__init__.py to __init__.cpython-310.pyc
byte-compiling /home/ahmo030/ros2-migration/arena/utils/stable-baselines3/install/stable_baselines3/lib/python3.10/site-packages/stable_baselines3/her/her_replay_buffer.py to her_replay_buffer.cpython-310.pyc
byte-compiling /home/ahmo030/ros2-migration/arena/utils/stable-baselines3/install/stable_baselines3/lib/python3.10/site-packages/stable_baselines3/her/__init__.py to __init__.cpython-310.pyc
byte-compiling /home/ahmo030/ros2-migration/arena/utils/stable-baselines3/install/stable_baselines3/lib/python3.10/site-packages/stable_baselines3/her/goal_selection_strategy.py to goal_selection_strategy.cpython-310.pyc
byte-compiling /home/ahmo030/ros2-migration/arena/utils/stable-baselines3/install/stable_baselines3/lib/python3.10/site-packages/stable_baselines3/td3/td3.py to td3.cpython-310.pyc
byte-compiling /home/ahmo030/ros2-migration/arena/utils/stable-baselines3/install/stable_baselines3/lib/python3.10/site-packages/stable_baselines3/td3/__init__.py to __init__.cpython-310.pyc
byte-compiling /home/ahmo030/ros2-migration/arena/utils/stable-baselines3/install/stable_baselines3/lib/python3.10/site-packages/stable_baselines3/td3/policies.py to policies.cpython-310.pyc
byte-compiling /home/ahmo030/ros2-migration/arena/utils/stable-baselines3/install/stable_baselines3/lib/python3.10/site-packages/stable_baselines3/common/atari_wrappers.py to atari_wrappers.cpython-310.pyc
byte-compiling /home/ahmo030/ros2-migration/arena/utils/stable-baselines3/install/stable_baselines3/lib/python3.10/site-packages/stable_baselines3/common/type_aliases.py to type_aliases.cpython-310.pyc
byte-compiling /home/ahmo030/ros2-migration/arena/utils/stable-baselines3/install/stable_baselines3/lib/python3.10/site-packages/stable_baselines3/common/preprocessing.py to preprocessing.cpython-310.pyc
byte-compiling /home/ahmo030/ros2-migration/arena/utils/stable-baselines3/install/stable_baselines3/lib/python3.10/site-packages/stable_baselines3/common/envs/multi_input_envs.py to multi_input_envs.cpython-310.pyc
byte-compiling /home/ahmo030/ros2-migration/arena/utils/stable-baselines3/install/stable_baselines3/lib/python3.10/site-packages/stable_baselines3/common/envs/identity_env.py to identity_env.cpython-310.pyc
byte-compiling /home/ahmo030/ros2-migration/arena/utils/stable-baselines3/install/stable_baselines3/lib/python3.10/site-packages/stable_baselines3/common/envs/__init__.py to __init__.cpython-310.pyc
byte-compiling /home/ahmo030/ros2-migration/arena/utils/stable-baselines3/install/stable_baselines3/lib/python3.10/site-packages/stable_baselines3/common/envs/bit_flipping_env.py to bit_flipping_env.cpython-310.pyc
byte-compiling /home/ahmo030/ros2-migration/arena/utils/stable-baselines3/install/stable_baselines3/lib/python3.10/site-packages/stable_baselines3/common/results_plotter.py to results_plotter.cpython-310.pyc
byte-compiling /home/ahmo030/ros2-migration/arena/utils/stable-baselines3/install/stable_baselines3/lib/python3.10/site-packages/stable_baselines3/common/buffers.py to buffers.cpython-310.pyc
byte-compiling /home/ahmo030/ros2-migration/arena/utils/stable-baselines3/install/stable_baselines3/lib/python3.10/site-packages/stable_baselines3/common/evaluation.py to evaluation.cpython-310.pyc
byte-compiling /home/ahmo030/ros2-migration/arena/utils/stable-baselines3/install/stable_baselines3/lib/python3.10/site-packages/stable_baselines3/common/env_checker.py to env_checker.cpython-310.pyc
byte-compiling /home/ahmo030/ros2-migration/arena/utils/stable-baselines3/install/stable_baselines3/lib/python3.10/site-packages/stable_baselines3/common/base_class.py to base_class.cpython-310.pyc
byte-compiling /home/ahmo030/ros2-migration/arena/utils/stable-baselines3/install/stable_baselines3/lib/python3.10/site-packages/stable_baselines3/common/env_util.py to env_util.cpython-310.pyc
byte-compiling /home/ahmo030/ros2-migration/arena/utils/stable-baselines3/install/stable_baselines3/lib/python3.10/site-packages/stable_baselines3/common/noise.py to noise.cpython-310.pyc
byte-compiling /home/ahmo030/ros2-migration/arena/utils/stable-baselines3/install/stable_baselines3/lib/python3.10/site-packages/stable_baselines3/common/off_policy_algorithm.py to off_policy_algorithm.cpython-310.pyc
byte-compiling /home/ahmo030/ros2-migration/arena/utils/stable-baselines3/install/stable_baselines3/lib/python3.10/site-packages/stable_baselines3/common/running_mean_std.py to running_mean_std.cpython-310.pyc
byte-compiling /home/ahmo030/ros2-migration/arena/utils/stable-baselines3/install/stable_baselines3/lib/python3.10/site-packages/stable_baselines3/common/vec_env/vec_normalize.py to vec_normalize.cpython-310.pyc
byte-compiling /home/ahmo030/ros2-migration/arena/utils/stable-baselines3/install/stable_baselines3/lib/python3.10/site-packages/stable_baselines3/common/vec_env/patch_gym.py to patch_gym.cpython-310.pyc
byte-compiling /home/ahmo030/ros2-migration/arena/utils/stable-baselines3/install/stable_baselines3/lib/python3.10/site-packages/stable_baselines3/common/vec_env/subproc_vec_env.py to subproc_vec_env.cpython-310.pyc
byte-compiling /home/ahmo030/ros2-migration/arena/utils/stable-baselines3/install/stable_baselines3/lib/python3.10/site-packages/stable_baselines3/common/vec_env/vec_monitor.py to vec_monitor.cpython-310.pyc
byte-compiling /home/ahmo030/ros2-migration/arena/utils/stable-baselines3/install/stable_baselines3/lib/python3.10/site-packages/stable_baselines3/common/vec_env/vec_extract_dict_obs.py to vec_extract_dict_obs.cpython-310.pyc
byte-compiling /home/ahmo030/ros2-migration/arena/utils/stable-baselines3/install/stable_baselines3/lib/python3.10/site-packages/stable_baselines3/common/vec_env/stacked_observations.py to stacked_observations.cpython-310.pyc
byte-compiling /home/ahmo030/ros2-migration/arena/utils/stable-baselines3/install/stable_baselines3/lib/python3.10/site-packages/stable_baselines3/common/vec_env/vec_transpose.py to vec_transpose.cpython-310.pyc
byte-compiling /home/ahmo030/ros2-migration/arena/utils/stable-baselines3/install/stable_baselines3/lib/python3.10/site-packages/stable_baselines3/common/vec_env/vec_video_recorder.py to vec_video_recorder.cpython-310.pyc
byte-compiling /home/ahmo030/ros2-migration/arena/utils/stable-baselines3/install/stable_baselines3/lib/python3.10/site-packages/stable_baselines3/common/vec_env/__init__.py to __init__.cpython-310.pyc
byte-compiling /home/ahmo030/ros2-migration/arena/utils/stable-baselines3/install/stable_baselines3/lib/python3.10/site-packages/stable_baselines3/common/vec_env/base_vec_env.py to base_vec_env.cpython-310.pyc
byte-compiling /home/ahmo030/ros2-migration/arena/utils/stable-baselines3/install/stable_baselines3/lib/python3.10/site-packages/stable_baselines3/common/vec_env/dummy_vec_env.py to dummy_vec_env.cpython-310.pyc
byte-compiling /home/ahmo030/ros2-migration/arena/utils/stable-baselines3/install/stable_baselines3/lib/python3.10/site-packages/stable_baselines3/common/vec_env/vec_check_nan.py to vec_check_nan.cpython-310.pyc
byte-compiling /home/ahmo030/ros2-migration/arena/utils/stable-baselines3/install/stable_baselines3/lib/python3.10/site-packages/stable_baselines3/common/vec_env/vec_frame_stack.py to vec_frame_stack.cpython-310.pyc
byte-compiling /home/ahmo030/ros2-migration/arena/utils/stable-baselines3/install/stable_baselines3/lib/python3.10/site-packages/stable_baselines3/common/vec_env/util.py to util.cpython-310.pyc
byte-compiling /home/ahmo030/ros2-migration/arena/utils/stable-baselines3/install/stable_baselines3/lib/python3.10/site-packages/stable_baselines3/common/sb2_compat/rmsprop_tf_like.py to rmsprop_tf_like.cpython-310.pyc
byte-compiling /home/ahmo030/ros2-migration/arena/utils/stable-baselines3/install/stable_baselines3/lib/python3.10/site-packages/stable_baselines3/common/sb2_compat/__init__.py to __init__.cpython-310.pyc
byte-compiling /home/ahmo030/ros2-migration/arena/utils/stable-baselines3/install/stable_baselines3/lib/python3.10/site-packages/stable_baselines3/common/distributions.py to distributions.cpython-310.pyc
byte-compiling /home/ahmo030/ros2-migration/arena/utils/stable-baselines3/install/stable_baselines3/lib/python3.10/site-packages/stable_baselines3/common/logger.py to logger.cpython-310.pyc
byte-compiling /home/ahmo030/ros2-migration/arena/utils/stable-baselines3/install/stable_baselines3/lib/python3.10/site-packages/stable_baselines3/common/callbacks.py to callbacks.cpython-310.pyc
byte-compiling /home/ahmo030/ros2-migration/arena/utils/stable-baselines3/install/stable_baselines3/lib/python3.10/site-packages/stable_baselines3/common/__init__.py to __init__.cpython-310.pyc
byte-compiling /home/ahmo030/ros2-migration/arena/utils/stable-baselines3/install/stable_baselines3/lib/python3.10/site-packages/stable_baselines3/common/torch_layers.py to torch_layers.cpython-310.pyc
byte-compiling /home/ahmo030/ros2-migration/arena/utils/stable-baselines3/install/stable_baselines3/lib/python3.10/site-packages/stable_baselines3/common/utils.py to utils.cpython-310.pyc
byte-compiling /home/ahmo030/ros2-migration/arena/utils/stable-baselines3/install/stable_baselines3/lib/python3.10/site-packages/stable_baselines3/common/on_policy_algorithm.py to on_policy_algorithm.cpython-310.pyc
byte-compiling /home/ahmo030/ros2-migration/arena/utils/stable-baselines3/install/stable_baselines3/lib/python3.10/site-packages/stable_baselines3/common/monitor.py to monitor.cpython-310.pyc
byte-compiling /home/ahmo030/ros2-migration/arena/utils/stable-baselines3/install/stable_baselines3/lib/python3.10/site-packages/stable_baselines3/common/policies.py to policies.cpython-310.pyc
byte-compiling /home/ahmo030/ros2-migration/arena/utils/stable-baselines3/install/stable_baselines3/lib/python3.10/site-packages/stable_baselines3/common/save_util.py to save_util.cpython-310.pyc
byte-compiling /home/ahmo030/ros2-migration/arena/utils/stable-baselines3/install/stable_baselines3/lib/python3.10/site-packages/stable_baselines3/sac/__init__.py to __init__.cpython-310.pyc
byte-compiling /home/ahmo030/ros2-migration/arena/utils/stable-baselines3/install/stable_baselines3/lib/python3.10/site-packages/stable_baselines3/sac/sac.py to sac.cpython-310.pyc
byte-compiling /home/ahmo030/ros2-migration/arena/utils/stable-baselines3/install/stable_baselines3/lib/python3.10/site-packages/stable_baselines3/sac/policies.py to policies.cpython-310.pyc
running install_egg_info
Copying build/stable_baselines3/stable_baselines3.egg-info to /home/ahmo030/ros2-migration/arena/utils/stable-baselines3/install/stable_baselines3/lib/python3.10/site-packages/stable_baselines3-2.1.0-py3.10.egg-info
running install_scripts
writing list of installed files to '/home/ahmo030/ros2-migration/arena/utils/stable-baselines3/build/stable_baselines3/install.log'
