[0.009s] Invoking command in '/ros2-migration/arena/arena-rosnav/utils/misc/mapping/build/mapping': CMAKE_PREFIX_PATH=/opt/ros/humble /usr/bin/cmake --build /ros2-migration/arena/arena-rosnav/utils/misc/mapping/build/mapping -- -j8 -l8
[0.033s] -- Found ament_cmake: 1.3.9 (/opt/ros/humble/share/ament_cmake/cmake)
[0.154s] -- Found message_filters: 4.3.4 (/opt/ros/humble/share/message_filters/cmake)
[0.184s] -- Found rosidl_generator_c: 3.1.5 (/opt/ros/humble/share/rosidl_generator_c/cmake)
[0.186s] -- Found rosidl_adapter: 3.1.5 (/opt/ros/humble/share/rosidl_adapter/cmake)
[0.192s] -- Found rosidl_generator_cpp: 3.1.5 (/opt/ros/humble/share/rosidl_generator_cpp/cmake)
[0.204s] -- Using all available rosidl_typesupport_c: rosidl_typesupport_fastrtps_c;rosidl_typesupport_introspection_c
[0.220s] -- Using all available rosidl_typesupport_cpp: rosidl_typesupport_fastrtps_cpp;rosidl_typesupport_introspection_cpp
[0.280s] -- Found rmw_implementation_cmake: 6.1.2 (/opt/ros/humble/share/rmw_implementation_cmake/cmake)
[0.281s] -- Found rmw_fastrtps_cpp: 6.2.6 (/opt/ros/humble/share/rmw_fastrtps_cpp/cmake)
[0.395s] -- Using RMW implementation 'rmw_fastrtps_cpp' as default
[0.569s] -- Found rclpy: 3.3.13 (/opt/ros/humble/share/rclpy/cmake)
[0.569s] -- Found pcl_conversions: 2.4.0 (/opt/ros/humble/share/pcl_conversions/cmake)
[0.863s] -- Found visualization_msgs: 4.2.3 (/opt/ros/humble/share/visualization_msgs/cmake)
[0.988s] -- Found tf2: 0.25.6 (/opt/ros/humble/share/tf2/cmake)
[0.996s] -- Found pcl_ros: 2.4.0 (/opt/ros/humble/share/pcl_ros/cmake)
[1.111s] -- Found eigen3_cmake_module: 0.1.1 (/opt/ros/humble/share/eigen3_cmake_module/cmake)
[1.113s] -- Ensuring Eigen3 include directory is part of orocos-kdl CMake target
[1.507s] -- Eigen found (include: /usr/include/eigen3, version: 3.4.0)
[1.534s] -- FLANN found (include: /usr/include, lib: /usr/lib/x86_64-linux-gnu/libflann_cpp.so)
[1.804s] -- OpenNI found (version: 1.5.4.0, include: /usr/include/ni, lib: /usr/lib/libOpenNI.so;libusb::libusb)
[1.809s] -- OpenNI2 found (version: 2.2.0.33, include: /usr/include/openni2, lib: /usr/lib/x86_64-linux-gnu/libOpenNI2.so;libusb::libusb)
[1.945s] -- Eigen found (include: /usr/include/eigen3, version: 3.4.0)
[1.950s] -- OpenNI found (version: 1.5.4.0, include: /usr/include/ni, lib: /usr/lib/libOpenNI.so;libusb::libusb)
[1.955s] -- OpenNI2 found (version: 2.2.0.33, include: /usr/include/openni2, lib: /usr/lib/x86_64-linux-gnu/libOpenNI2.so;libusb::libusb)
[2.083s] -- Found Qhull version 8.0.2
[2.215s] -- OpenNI found (version: 1.5.4.0, include: /usr/include/ni, lib: /usr/lib/libOpenNI.so;libusb::libusb)
[2.369s] [33mCMake Warning (dev) at CMakeLists.txt:18 (find_package):
[2.369s]   Policy CMP0074 is not set: find_package uses <PackageName>_ROOT variables.
[2.369s]   Run "cmake --help-policy CMP0074" for policy details.  Use the cmake_policy
[2.369s]   command to set the policy and suppress this warning.
[2.369s] 
[2.370s]   CMake variable PCL_ROOT is set to:
[2.370s] 
[2.370s]     /usr
[2.370s] 
[2.370s]   For compatibility, CMake is ignoring the variable.
[2.370s] This warning is for project developers.  Use -Wno-dev to suppress it.
[2.370s] [0m
[2.375s] -- Found laser_geometry: 2.4.0 (/opt/ros/humble/share/laser_geometry/cmake)
[2.389s] -- Found nav_msgs: 4.2.3 (/opt/ros/humble/share/nav_msgs/cmake)
[2.555s] -- Configuring done
[2.630s] -- Generating done
[2.633s] -- Build files have been written to: /ros2-migration/arena/arena-rosnav/utils/misc/mapping/build/mapping
[2.660s] [35m[1mConsolidate compiler generated dependencies of target mapping[0m
[2.670s] [ 33%] [32mBuilding CXX object CMakeFiles/mapping.dir/src/mapping.cpp.o[0m
[2.672s] [ 66%] [32mBuilding CXX object CMakeFiles/mapping.dir/src/raycast.cpp.o[0m
[3.850s] In file included from [01m[K/ros2-migration/arena/arena-rosnav/utils/misc/mapping/src/mapping.cpp:1[m[K:
[3.850s] [01m[K/ros2-migration/arena/arena-rosnav/utils/misc/mapping/include/mapping/mapping.h:28:10:[m[K [01;31m[Kfatal error: [m[Kpcl_conversions/pcl_conversions.h: No such file or directory
[3.850s]    28 | #include [01;31m[K<pcl_conversions/pcl_conversions.h>[m[K
[3.850s]       |          [01;31m[K^~~~~~~~~~~~~~~~~~~~~~~~~~~~~~~~~~~[m[K
[3.850s] compilation terminated.
[3.862s] gmake[2]: *** [CMakeFiles/mapping.dir/build.make:76: CMakeFiles/mapping.dir/src/mapping.cpp.o] Error 1
[3.862s] gmake[2]: *** Waiting for unfinished jobs....
[4.001s] gmake[1]: *** [CMakeFiles/Makefile2:137: CMakeFiles/mapping.dir/all] Error 2
[4.001s] gmake: *** [Makefile:146: all] Error 2
[4.003s] Invoked command in '/ros2-migration/arena/arena-rosnav/utils/misc/mapping/build/mapping' returned '2': CMAKE_PREFIX_PATH=/opt/ros/humble /usr/bin/cmake --build /ros2-migration/arena/arena-rosnav/utils/misc/mapping/build/mapping -- -j8 -l8
