[0.006s] Invoking command in '/home/ahmo030/ros2-migration/arena/utils/3rd-party-robot-packages/tiago/tiago_gazebo/build/tiago_gazebo': CMAKE_PREFIX_PATH=/opt/ros/humble:${CMAKE_PREFIX_PATH} /usr/bin/cmake /home/ahmo030/ros2-migration/arena/utils/3rd-party-robot-packages/tiago/tiago_gazebo -DCMAKE_INSTALL_PREFIX=/home/ahmo030/ros2-migration/arena/utils/3rd-party-robot-packages/tiago/tiago_gazebo/install/tiago_gazebo
[0.033s] -- The C compiler identification is GNU 11.4.0
[0.068s] -- The CXX compiler identification is GNU 11.4.0
[0.072s] -- Detecting C compiler ABI info
[0.222s] -- Detecting C compiler ABI info - done
[0.230s] -- Check for working C compiler: /usr/bin/cc - skipped
[0.231s] -- Detecting C compile features
[0.232s] -- Detecting C compile features - done
[0.236s] -- Detecting CXX compiler ABI info
[0.340s] -- Detecting CXX compiler ABI info - done
[0.343s] -- Check for working CXX compiler: /usr/bin/c++ - skipped
[0.344s] -- Detecting CXX compile features
[0.344s] -- Detecting CXX compile features - done
[0.345s] -- Found ament_cmake_auto: 1.3.8 (/opt/ros/humble/share/ament_cmake_auto/cmake)
[0.440s] -- Found Python3: /usr/bin/python3 (found version "3.10.12") found components: Interpreter 
[0.528s] -- Found ament_cmake_gtest: 1.3.8 (/opt/ros/humble/share/ament_cmake_gtest/cmake)
[0.529s] -- Found ament_lint_auto: 0.12.10 (/opt/ros/humble/share/ament_lint_auto/cmake)
[0.538s] -- Found python_cmake_module: 0.10.0 (/opt/ros/humble/share/python_cmake_module/cmake)
[0.554s] -- Found PythonInterp: /usr/bin/python3.6 (found suitable version "3.6.15", minimum required is "3.6") 
[0.564s] -- Found PythonLibs: /usr/lib/x86_64-linux-gnu/libpython3.6m.so (found suitable version "3.6.15", minimum required is "3.5") 
[0.564s] -- Using PYTHON_EXECUTABLE: /usr/bin/python3.6
[0.564s] -- Using PYTHON_INCLUDE_DIRS: /usr/include/python3.6m
[0.564s] -- Using PYTHON_LIBRARIES: /usr/lib/x86_64-linux-gnu/libpython3.6m.so
[0.577s] -- Found PythonExtra: .so  
[0.606s] -- Found rosidl_generator_c: 3.1.5 (/opt/ros/humble/share/rosidl_generator_c/cmake)
[0.608s] -- Found rosidl_adapter: 3.1.5 (/opt/ros/humble/share/rosidl_adapter/cmake)
[0.613s] -- Found rosidl_generator_cpp: 3.1.5 (/opt/ros/humble/share/rosidl_generator_cpp/cmake)
[0.620s] -- Using all available rosidl_typesupport_c: rosidl_typesupport_fastrtps_c;rosidl_typesupport_introspection_c
[0.630s] -- Using all available rosidl_typesupport_cpp: rosidl_typesupport_fastrtps_cpp;rosidl_typesupport_introspection_cpp
[0.667s] -- Found rmw_implementation_cmake: 6.1.1 (/opt/ros/humble/share/rmw_implementation_cmake/cmake)
[0.669s] -- Found rmw_fastrtps_cpp: 6.2.6 (/opt/ros/humble/share/rmw_fastrtps_cpp/cmake)
[0.719s] -- Found OpenSSL: /usr/lib/x86_64-linux-gnu/libcrypto.so (found version "3.0.2")  
[0.740s] -- Found FastRTPS: /opt/ros/humble/include  
[0.773s] -- Using RMW implementation 'rmw_fastrtps_cpp' as default
[0.780s] -- Looking for pthread.h
[0.823s] -- Looking for pthread.h - found
[0.823s] -- Performing Test CMAKE_HAVE_LIBC_PTHREAD
[0.891s] -- Performing Test CMAKE_HAVE_LIBC_PTHREAD - Success
[0.891s] -- Found Threads: TRUE  
[1.059s] CMake Error at CMakeLists.txt:18 (find_package):
[1.059s]   By not providing "Findplay_motion2_msgs.cmake" in CMAKE_MODULE_PATH this
[1.059s]   project has asked CMake to find a package configuration file provided by
[1.059s]   "play_motion2_msgs", but CMake did not find one.
[1.059s] 
[1.059s]   Could not find a package configuration file provided by "play_motion2_msgs"
[1.059s]   with any of the following names:
[1.059s] 
[1.059s]     play_motion2_msgsConfig.cmake
[1.059s]     play_motion2_msgs-config.cmake
[1.059s] 
[1.059s]   Add the installation prefix of "play_motion2_msgs" to CMAKE_PREFIX_PATH or
[1.059s]   set "play_motion2_msgs_DIR" to a directory containing one of the above
[1.059s]   files.  If "play_motion2_msgs" provides a separate development package or
[1.059s]   SDK, be sure it has been installed.
[1.059s] 
[1.059s] 
[1.059s] -- Configuring incomplete, errors occurred!
[1.060s] See also "/home/ahmo030/ros2-migration/arena/utils/3rd-party-robot-packages/tiago/tiago_gazebo/build/tiago_gazebo/CMakeFiles/CMakeOutput.log".
[1.064s] Invoked command in '/home/ahmo030/ros2-migration/arena/utils/3rd-party-robot-packages/tiago/tiago_gazebo/build/tiago_gazebo' returned '1': CMAKE_PREFIX_PATH=/opt/ros/humble:${CMAKE_PREFIX_PATH} /usr/bin/cmake /home/ahmo030/ros2-migration/arena/utils/3rd-party-robot-packages/tiago/tiago_gazebo -DCMAKE_INSTALL_PREFIX=/home/ahmo030/ros2-migration/arena/utils/3rd-party-robot-packages/tiago/tiago_gazebo/install/tiago_gazebo
