[0.029s] Invoking command in '/ros2-migration/build/mapping': /usr/bin/cmake /ros2-migration/arena/arena-rosnav/utils/misc/mapping -DCMAKE_INSTALL_PREFIX=/ros2-migration/install/mapping
[0.107s] -- Found ament_cmake: 1.3.9 (/opt/ros/humble/share/ament_cmake/cmake)
[0.640s] -- Found Python3: /usr/bin/python3 (found version "3.10.12") found components: Interpreter 
[0.885s] -- Found message_filters: 4.3.4 (/opt/ros/humble/share/message_filters/cmake)
[1.055s] -- Found rosidl_generator_c: 3.1.5 (/opt/ros/humble/share/rosidl_generator_c/cmake)
[1.062s] -- Found rosidl_adapter: 3.1.5 (/opt/ros/humble/share/rosidl_adapter/cmake)
[1.077s] -- Found rosidl_generator_cpp: 3.1.5 (/opt/ros/humble/share/rosidl_generator_cpp/cmake)
[1.139s] -- Using all available rosidl_typesupport_c: rosidl_typesupport_fastrtps_c;rosidl_typesupport_introspection_c
[1.174s] -- Using all available rosidl_typesupport_cpp: rosidl_typesupport_fastrtps_cpp;rosidl_typesupport_introspection_cpp
[1.402s] -- Found rmw_implementation_cmake: 6.1.2 (/opt/ros/humble/share/rmw_implementation_cmake/cmake)
[1.414s] -- Found rmw_fastrtps_cpp: 6.2.6 (/opt/ros/humble/share/rmw_fastrtps_cpp/cmake)
[1.636s] -- Found OpenSSL: /usr/lib/x86_64-linux-gnu/libcrypto.so (found version "3.0.2")  
[1.674s] -- Found FastRTPS: /opt/ros/humble/include  
[1.720s] -- Using RMW implementation 'rmw_fastrtps_cpp' as default
[1.783s] -- Looking for pthread.h
[1.994s] -- Looking for pthread.h - found
[1.994s] -- Performing Test CMAKE_HAVE_LIBC_PTHREAD
[2.170s] -- Performing Test CMAKE_HAVE_LIBC_PTHREAD - Success
[2.171s] -- Found Threads: TRUE  
[2.442s] -- Found rclpy: 3.3.13 (/opt/ros/humble/share/rclpy/cmake)
[2.462s] -- Found pcl_conversions: 2.4.0 (/opt/ros/humble/share/pcl_conversions/cmake)
[2.806s] -- Found visualization_msgs: 4.2.3 (/opt/ros/humble/share/visualization_msgs/cmake)
[2.992s] -- Found tf2: 0.25.6 (/opt/ros/humble/share/tf2/cmake)
[3.060s] [31mCMake Error at CMakeLists.txt:17 (find_package):
[3.061s]   By not providing "Findpcl_ros.cmake" in CMAKE_MODULE_PATH this project has
[3.061s]   asked CMake to find a package configuration file provided by "pcl_ros", but
[3.061s]   CMake did not find one.
[3.061s] 
[3.061s]   Could not find a package configuration file provided by "pcl_ros" with any
[3.061s]   of the following names:
[3.061s] 
[3.061s]     pcl_rosConfig.cmake
[3.061s]     pcl_ros-config.cmake
[3.061s] 
[3.061s]   Add the installation prefix of "pcl_ros" to CMAKE_PREFIX_PATH or set
[3.061s]   "pcl_ros_DIR" to a directory containing one of the above files.  If
[3.062s]   "pcl_ros" provides a separate development package or SDK, be sure it has
[3.062s]   been installed.
[3.062s] 
[3.062s] [0m
[3.062s] -- Configuring incomplete, errors occurred!
[3.062s] See also "/ros2-migration/build/mapping/CMakeFiles/CMakeOutput.log".
