[0.005s] Invoking command in '/home/ahmo030/ros2-migration/arena/utils/pedsim_ros/build/pedsim_ros': CMAKE_PREFIX_PATH=/opt/ros/humble:${CMAKE_PREFIX_PATH} /usr/bin/cmake /home/ahmo030/ros2-migration/arena/utils/pedsim_ros -DCMAKE_INSTALL_PREFIX=/home/ahmo030/ros2-migration/arena/utils/pedsim_ros/install/pedsim_ros
[0.033s] -- The C compiler identification is GNU 11.4.0
[0.064s] -- The CXX compiler identification is GNU 11.4.0
[0.069s] -- Detecting C compiler ABI info
[0.114s] -- Detecting C compiler ABI info - done
[0.120s] -- Check for working C compiler: /usr/bin/cc - skipped
[0.120s] -- Detecting C compile features
[0.121s] -- Detecting C compile features - done
[0.125s] -- Detecting CXX compiler ABI info
[0.203s] -- Detecting CXX compiler ABI info - done
[0.207s] -- Check for working CXX compiler: /usr/bin/c++ - skipped
[0.207s] -- Detecting CXX compile features
[0.207s] -- Detecting CXX compile features - done
[0.208s] -- Found ament_cmake: 1.3.8 (/opt/ros/humble/share/ament_cmake/cmake)
[0.318s] -- Found Python3: /usr/bin/python3 (found version "3.10.12") found components: Interpreter 
[0.411s] -- Configuring done
[0.412s] -- Generating done
[0.412s] -- Build files have been written to: /home/ahmo030/ros2-migration/arena/utils/pedsim_ros/build/pedsim_ros
[0.414s] Invoked command in '/home/ahmo030/ros2-migration/arena/utils/pedsim_ros/build/pedsim_ros' returned '0': CMAKE_PREFIX_PATH=/opt/ros/humble:${CMAKE_PREFIX_PATH} /usr/bin/cmake /home/ahmo030/ros2-migration/arena/utils/pedsim_ros -DCMAKE_INSTALL_PREFIX=/home/ahmo030/ros2-migration/arena/utils/pedsim_ros/install/pedsim_ros
[0.415s] Invoking command in '/home/ahmo030/ros2-migration/arena/utils/pedsim_ros/build/pedsim_ros': CMAKE_PREFIX_PATH=/opt/ros/humble:${CMAKE_PREFIX_PATH} /usr/bin/cmake --build /home/ahmo030/ros2-migration/arena/utils/pedsim_ros/build/pedsim_ros -- -j16 -l16
[0.432s] Invoked command in '/home/ahmo030/ros2-migration/arena/utils/pedsim_ros/build/pedsim_ros' returned '0': CMAKE_PREFIX_PATH=/opt/ros/humble:${CMAKE_PREFIX_PATH} /usr/bin/cmake --build /home/ahmo030/ros2-migration/arena/utils/pedsim_ros/build/pedsim_ros -- -j16 -l16
[0.459s] Invoking command in '/home/ahmo030/ros2-migration/arena/utils/pedsim_ros/build/pedsim_ros': CMAKE_PREFIX_PATH=/opt/ros/humble:${CMAKE_PREFIX_PATH} /usr/bin/cmake --install /home/ahmo030/ros2-migration/arena/utils/pedsim_ros/build/pedsim_ros
[0.465s] -- Install configuration: ""
[0.465s] -- Installing: /home/ahmo030/ros2-migration/arena/utils/pedsim_ros/install/pedsim_ros/share/ament_index/resource_index/package_run_dependencies/pedsim_ros
[0.465s] -- Installing: /home/ahmo030/ros2-migration/arena/utils/pedsim_ros/install/pedsim_ros/share/ament_index/resource_index/parent_prefix_path/pedsim_ros
[0.466s] -- Installing: /home/ahmo030/ros2-migration/arena/utils/pedsim_ros/install/pedsim_ros/share/pedsim_ros/environment/ament_prefix_path.sh
[0.466s] -- Installing: /home/ahmo030/ros2-migration/arena/utils/pedsim_ros/install/pedsim_ros/share/pedsim_ros/environment/ament_prefix_path.dsv
[0.466s] -- Installing: /home/ahmo030/ros2-migration/arena/utils/pedsim_ros/install/pedsim_ros/share/pedsim_ros/environment/path.sh
[0.466s] -- Installing: /home/ahmo030/ros2-migration/arena/utils/pedsim_ros/install/pedsim_ros/share/pedsim_ros/environment/path.dsv
[0.466s] -- Installing: /home/ahmo030/ros2-migration/arena/utils/pedsim_ros/install/pedsim_ros/share/pedsim_ros/local_setup.bash
[0.466s] -- Installing: /home/ahmo030/ros2-migration/arena/utils/pedsim_ros/install/pedsim_ros/share/pedsim_ros/local_setup.sh
[0.466s] -- Installing: /home/ahmo030/ros2-migration/arena/utils/pedsim_ros/install/pedsim_ros/share/pedsim_ros/local_setup.zsh
[0.467s] -- Installing: /home/ahmo030/ros2-migration/arena/utils/pedsim_ros/install/pedsim_ros/share/pedsim_ros/local_setup.dsv
[0.467s] -- Installing: /home/ahmo030/ros2-migration/arena/utils/pedsim_ros/install/pedsim_ros/share/pedsim_ros/package.dsv
[0.467s] -- Installing: /home/ahmo030/ros2-migration/arena/utils/pedsim_ros/install/pedsim_ros/share/ament_index/resource_index/packages/pedsim_ros
[0.467s] -- Installing: /home/ahmo030/ros2-migration/arena/utils/pedsim_ros/install/pedsim_ros/share/pedsim_ros/cmake/ament_cmake_export_dependencies-extras.cmake
[0.467s] -- Installing: /home/ahmo030/ros2-migration/arena/utils/pedsim_ros/install/pedsim_ros/share/pedsim_ros/cmake/pedsim_rosConfig.cmake
[0.467s] -- Installing: /home/ahmo030/ros2-migration/arena/utils/pedsim_ros/install/pedsim_ros/share/pedsim_ros/cmake/pedsim_rosConfig-version.cmake
[0.467s] -- Installing: /home/ahmo030/ros2-migration/arena/utils/pedsim_ros/install/pedsim_ros/share/pedsim_ros/package.xml
[0.469s] Invoked command in '/home/ahmo030/ros2-migration/arena/utils/pedsim_ros/build/pedsim_ros' returned '0': CMAKE_PREFIX_PATH=/opt/ros/humble:${CMAKE_PREFIX_PATH} /usr/bin/cmake --install /home/ahmo030/ros2-migration/arena/utils/pedsim_ros/build/pedsim_ros
