[0.032s] Invoking command in '/ros2-migration/build/pmb2_description': CMAKE_PREFIX_PATH=/opt/ros/humble /usr/bin/cmake /ros2-migration/arena/utils/3rd-party-robot-packages/tiago/pmb2_description -DCMAKE_INSTALL_PREFIX=/ros2-migration/install/pmb2_description
[0.103s] -- Found ament_cmake: 1.3.9 (/opt/ros/humble/share/ament_cmake/cmake)
[0.243s] [31mCMake Error at CMakeLists.txt:12 (find_package):
[0.243s]   By not providing "Findrostest.cmake" in CMAKE_MODULE_PATH this project has
[0.243s]   asked CMake to find a package configuration file provided by "rostest", but
[0.243s]   CMake did not find one.
[0.243s] 
[0.243s]   Could not find a package configuration file provided by "rostest" with any
[0.243s]   of the following names:
[0.243s] 
[0.244s]     rostestConfig.cmake
[0.244s]     rostest-config.cmake
[0.244s] 
[0.244s]   Add the installation prefix of "rostest" to CMAKE_PREFIX_PATH or set
[0.244s]   "rostest_DIR" to a directory containing one of the above files.  If
[0.244s]   "rostest" provides a separate development package or SDK, be sure it has
[0.244s]   been installed.
[0.244s] 
[0.244s] [0m
[0.248s] -- Configuring incomplete, errors occurred!
[0.248s] See also "/ros2-migration/build/pmb2_description/CMakeFiles/CMakeOutput.log".
[0.268s] Invoked command in '/ros2-migration/build/pmb2_description' returned '1': CMAKE_PREFIX_PATH=/opt/ros/humble /usr/bin/cmake /ros2-migration/arena/utils/3rd-party-robot-packages/tiago/pmb2_description -DCMAKE_INSTALL_PREFIX=/ros2-migration/install/pmb2_description
