[0.034s] Invoking command in '/ros2-migration/build/mapping': /usr/bin/cmake /ros2-migration/arena/arena-rosnav/utils/misc/mapping -DCMAKE_INSTALL_PREFIX=/ros2-migration/install/mapping
[0.091s] -- Found ament_cmake: 1.3.9 (/opt/ros/humble/share/ament_cmake/cmake)
[0.231s] -- Found message_filters: 4.3.4 (/opt/ros/humble/share/message_filters/cmake)
[0.276s] -- Found rosidl_generator_c: 3.1.5 (/opt/ros/humble/share/rosidl_generator_c/cmake)
[0.279s] -- Found rosidl_adapter: 3.1.5 (/opt/ros/humble/share/rosidl_adapter/cmake)
[0.285s] -- Found rosidl_generator_cpp: 3.1.5 (/opt/ros/humble/share/rosidl_generator_cpp/cmake)
[0.297s] -- Using all available rosidl_typesupport_c: rosidl_typesupport_fastrtps_c;rosidl_typesupport_introspection_c
[0.313s] -- Using all available rosidl_typesupport_cpp: rosidl_typesupport_fastrtps_cpp;rosidl_typesupport_introspection_cpp
[0.374s] -- Found rmw_implementation_cmake: 6.1.2 (/opt/ros/humble/share/rmw_implementation_cmake/cmake)
[0.376s] -- Found rmw_fastrtps_cpp: 6.2.6 (/opt/ros/humble/share/rmw_fastrtps_cpp/cmake)
[0.489s] -- Using RMW implementation 'rmw_fastrtps_cpp' as default
[0.664s] -- Found rclpy: 3.3.13 (/opt/ros/humble/share/rclpy/cmake)
[0.664s] -- Found pcl_conversions: 2.4.0 (/opt/ros/humble/share/pcl_conversions/cmake)
[0.958s] -- Found visualization_msgs: 4.2.3 (/opt/ros/humble/share/visualization_msgs/cmake)
[1.083s] -- Found tf2: 0.25.6 (/opt/ros/humble/share/tf2/cmake)
[1.101s] [31mCMake Error at CMakeLists.txt:17 (find_package):
[1.101s]   By not providing "Findpcl_ros.cmake" in CMAKE_MODULE_PATH this project has
[1.101s]   asked CMake to find a package configuration file provided by "pcl_ros", but
[1.101s]   CMake did not find one.
[1.101s] 
[1.101s]   Could not find a package configuration file provided by "pcl_ros" with any
[1.101s]   of the following names:
[1.101s] 
[1.101s]     pcl_rosConfig.cmake
[1.102s]     pcl_ros-config.cmake
[1.102s] 
[1.102s]   Add the installation prefix of "pcl_ros" to CMAKE_PREFIX_PATH or set
[1.102s]   "pcl_ros_DIR" to a directory containing one of the above files.  If
[1.102s]   "pcl_ros" provides a separate development package or SDK, be sure it has
[1.102s]   been installed.
[1.102s] 
[1.102s] [0m
[1.102s] -- Configuring incomplete, errors occurred!
[1.102s] See also "/ros2-migration/build/mapping/CMakeFiles/CMakeOutput.log".
