[0.077s] DEBUG:colcon:Command line arguments: ['/home/ahmo030/.local/bin/colcon', 'build', '--packages-select', 'task_generator']
[0.077s] DEBUG:colcon:Parsed command line arguments: Namespace(log_base=None, log_level=None, verb_name='build', build_base='build', install_base='install', merge_install=False, symlink_install=False, test_result_base=None, continue_on_error=False, executor='parallel', parallel_workers=16, event_handlers=None, ignore_user_meta=False, metas=['./colcon.meta'], base_paths=['.'], packages_ignore=None, packages_ignore_regex=None, paths=None, packages_up_to=None, packages_up_to_regex=None, packages_above=None, packages_above_and_dependencies=None, packages_above_depth=None, packages_select_by_dep=None, packages_skip_by_dep=None, packages_skip_up_to=None, packages_select_build_failed=False, packages_skip_build_finished=False, packages_select_test_failures=False, packages_skip_test_passed=False, packages_select=['task_generator'], packages_skip=None, packages_select_regex=None, packages_skip_regex=None, packages_start=None, packages_end=None, cmake_args=None, cmake_target=None, cmake_target_skip_unavailable=False, cmake_clean_cache=False, cmake_clean_first=False, cmake_force_configure=False, ament_cmake_args=None, catkin_cmake_args=None, catkin_skip_building_tests=False, verb_parser=<colcon_defaults.argument_parser.defaults.DefaultArgumentsDecorator object at 0x7f0bfacb0ee0>, verb_extension=<colcon_core.verb.build.BuildVerb object at 0x7f0bfadada50>, main=<bound method BuildVerb.main of <colcon_core.verb.build.BuildVerb object at 0x7f0bfadada50>>)
[0.219s] Level 1:colcon.colcon_core.package_discovery:discover_packages(colcon_meta) check parameters
[0.219s] Level 1:colcon.colcon_core.package_discovery:discover_packages(recursive) check parameters
[0.219s] Level 1:colcon.colcon_core.package_discovery:discover_packages(ignore) check parameters
[0.219s] Level 1:colcon.colcon_core.package_discovery:discover_packages(path) check parameters
[0.219s] Level 1:colcon.colcon_core.package_discovery:discover_packages(colcon_meta) discover
[0.219s] Level 1:colcon.colcon_core.package_discovery:discover_packages(recursive) discover
[0.219s] INFO:colcon.colcon_core.package_discovery:Crawling recursively for packages in '/home/ahmo030/ros2-migration/arena/arena-rosnav/task_generator'
[0.219s] Level 1:colcon.colcon_core.package_identification:_identify(.) by extensions ['ignore', 'ignore_ament_install']
[0.219s] Level 1:colcon.colcon_core.package_identification:_identify(.) by extension 'ignore'
[0.219s] Level 1:colcon.colcon_core.package_identification:_identify(.) by extension 'ignore_ament_install'
[0.219s] Level 1:colcon.colcon_core.package_identification:_identify(.) by extensions ['colcon_pkg']
[0.219s] Level 1:colcon.colcon_core.package_identification:_identify(.) by extension 'colcon_pkg'
[0.219s] Level 1:colcon.colcon_core.package_identification:_identify(.) by extensions ['colcon_meta']
[0.219s] Level 1:colcon.colcon_core.package_identification:_identify(.) by extension 'colcon_meta'
[0.219s] Level 1:colcon.colcon_core.package_identification:_identify(.) by extensions ['ros']
[0.219s] Level 1:colcon.colcon_core.package_identification:_identify(.) by extension 'ros'
[0.233s] DEBUG:colcon.colcon_core.package_identification:Package '.' with type 'ros.ament_cmake' and name 'task_generator'
[0.233s] Level 1:colcon.colcon_core.package_discovery:discover_packages(recursive) using defaults
[0.233s] Level 1:colcon.colcon_core.package_discovery:discover_packages(ignore) discover
[0.233s] Level 1:colcon.colcon_core.package_discovery:discover_packages(ignore) using defaults
[0.233s] Level 1:colcon.colcon_core.package_discovery:discover_packages(path) discover
[0.233s] Level 1:colcon.colcon_core.package_discovery:discover_packages(path) using defaults
[0.244s] Level 5:colcon.colcon_core.verb:set package 'task_generator' build argument 'cmake_args' from command line to 'None'
[0.244s] Level 5:colcon.colcon_core.verb:set package 'task_generator' build argument 'cmake_target' from command line to 'None'
[0.244s] Level 5:colcon.colcon_core.verb:set package 'task_generator' build argument 'cmake_target_skip_unavailable' from command line to 'False'
[0.244s] Level 5:colcon.colcon_core.verb:set package 'task_generator' build argument 'cmake_clean_cache' from command line to 'False'
[0.244s] Level 5:colcon.colcon_core.verb:set package 'task_generator' build argument 'cmake_clean_first' from command line to 'False'
[0.244s] Level 5:colcon.colcon_core.verb:set package 'task_generator' build argument 'cmake_force_configure' from command line to 'False'
[0.244s] Level 5:colcon.colcon_core.verb:set package 'task_generator' build argument 'ament_cmake_args' from command line to 'None'
[0.244s] Level 5:colcon.colcon_core.verb:set package 'task_generator' build argument 'catkin_cmake_args' from command line to 'None'
[0.244s] Level 5:colcon.colcon_core.verb:set package 'task_generator' build argument 'catkin_skip_building_tests' from command line to 'False'
[0.244s] DEBUG:colcon.colcon_core.verb:Building package 'task_generator' with the following arguments: {'ament_cmake_args': None, 'build_base': '/home/ahmo030/ros2-migration/arena/arena-rosnav/task_generator/build/task_generator', 'catkin_cmake_args': None, 'catkin_skip_building_tests': False, 'cmake_args': None, 'cmake_clean_cache': False, 'cmake_clean_first': False, 'cmake_force_configure': False, 'cmake_target': None, 'cmake_target_skip_unavailable': False, 'install_base': '/home/ahmo030/ros2-migration/arena/arena-rosnav/task_generator/install/task_generator', 'merge_install': False, 'path': '/home/ahmo030/ros2-migration/arena/arena-rosnav/task_generator', 'symlink_install': False, 'test_result_base': None}
[0.244s] INFO:colcon.colcon_core.executor:Executing jobs using 'parallel' executor
[0.245s] DEBUG:colcon.colcon_parallel_executor.executor.parallel:run_until_complete
[0.245s] INFO:colcon.colcon_ros.task.ament_cmake.build:Building ROS package in '/home/ahmo030/ros2-migration/arena/arena-rosnav/task_generator' with build type 'ament_cmake'
[0.245s] INFO:colcon.colcon_cmake.task.cmake.build:Building CMake package in '/home/ahmo030/ros2-migration/arena/arena-rosnav/task_generator'
[0.246s] INFO:colcon.colcon_core.plugin_system:Skipping extension 'colcon_core.shell.bat': Not used on non-Windows systems
[0.246s] INFO:colcon.colcon_core.shell:Skip shell extension 'powershell' for command environment: Not usable outside of PowerShell
[0.246s] DEBUG:colcon.colcon_core.shell:Skip shell extension 'dsv' for command environment
[0.247s] WARNING:colcon.colcon_ros.prefix_path.catkin:The path '/home/ahmo030/arena_ws/devel' in the environment variable CMAKE_PREFIX_PATH seems to be a catkin workspace but it doesn't contain any 'local_setup.*' files. Maybe the catkin version is not up-to-date?
[0.248s] DEBUG:colcon.colcon_core.shell:Ignoring prefix path '/home/ahmo030/packages_ws/devel'
[0.251s] DEBUG:colcon.colcon_core.event_handler.log_command:Invoking command in '/home/ahmo030/ros2-migration/arena/arena-rosnav/task_generator/build/task_generator': CMAKE_PREFIX_PATH=/opt/ros/humble:${CMAKE_PREFIX_PATH} /usr/bin/cmake --build /home/ahmo030/ros2-migration/arena/arena-rosnav/task_generator/build/task_generator -- -j16 -l16
[0.269s] DEBUG:colcon.colcon_core.event_handler.log_command:Invoked command in '/home/ahmo030/ros2-migration/arena/arena-rosnav/task_generator/build/task_generator' returned '0': CMAKE_PREFIX_PATH=/opt/ros/humble:${CMAKE_PREFIX_PATH} /usr/bin/cmake --build /home/ahmo030/ros2-migration/arena/arena-rosnav/task_generator/build/task_generator -- -j16 -l16
[0.287s] DEBUG:colcon.colcon_core.event_handler.log_command:Invoking command in '/home/ahmo030/ros2-migration/arena/arena-rosnav/task_generator/build/task_generator': CMAKE_PREFIX_PATH=/opt/ros/humble:${CMAKE_PREFIX_PATH} /usr/bin/cmake --install /home/ahmo030/ros2-migration/arena/arena-rosnav/task_generator/build/task_generator
[0.294s] Level 1:colcon.colcon_core.environment:create_environment_scripts_only(task_generator)
[0.294s] DEBUG:colcon.colcon_core.event_handler.log_command:Invoked command in '/home/ahmo030/ros2-migration/arena/arena-rosnav/task_generator/build/task_generator' returned '0': CMAKE_PREFIX_PATH=/opt/ros/humble:${CMAKE_PREFIX_PATH} /usr/bin/cmake --install /home/ahmo030/ros2-migration/arena/arena-rosnav/task_generator/build/task_generator
[0.296s] Level 1:colcon.colcon_core.environment:checking '/home/ahmo030/ros2-migration/arena/arena-rosnav/task_generator/install/task_generator' for CMake module files
[0.296s] Level 1:colcon.colcon_core.environment:checking '/home/ahmo030/ros2-migration/arena/arena-rosnav/task_generator/install/task_generator' for CMake config files
[0.296s] Level 1:colcon.colcon_core.shell:create_environment_hook('task_generator', 'cmake_prefix_path')
[0.297s] INFO:colcon.colcon_core.shell:Creating environment hook '/home/ahmo030/ros2-migration/arena/arena-rosnav/task_generator/install/task_generator/share/task_generator/hook/cmake_prefix_path.ps1'
[0.297s] INFO:colcon.colcon_core.shell:Creating environment descriptor '/home/ahmo030/ros2-migration/arena/arena-rosnav/task_generator/install/task_generator/share/task_generator/hook/cmake_prefix_path.dsv'
[0.297s] INFO:colcon.colcon_core.shell:Creating environment hook '/home/ahmo030/ros2-migration/arena/arena-rosnav/task_generator/install/task_generator/share/task_generator/hook/cmake_prefix_path.sh'
[0.298s] Level 1:colcon.colcon_core.environment:checking '/home/ahmo030/ros2-migration/arena/arena-rosnav/task_generator/install/task_generator/bin'
[0.298s] Level 1:colcon.colcon_core.shell:create_environment_hook('task_generator', 'path')
[0.298s] INFO:colcon.colcon_core.shell:Creating environment hook '/home/ahmo030/ros2-migration/arena/arena-rosnav/task_generator/install/task_generator/share/task_generator/hook/path.ps1'
[0.298s] INFO:colcon.colcon_core.shell:Creating environment descriptor '/home/ahmo030/ros2-migration/arena/arena-rosnav/task_generator/install/task_generator/share/task_generator/hook/path.dsv'
[0.298s] INFO:colcon.colcon_core.shell:Creating environment hook '/home/ahmo030/ros2-migration/arena/arena-rosnav/task_generator/install/task_generator/share/task_generator/hook/path.sh'
[0.298s] Level 1:colcon.colcon_core.environment:checking '/home/ahmo030/ros2-migration/arena/arena-rosnav/task_generator/install/task_generator/lib/pkgconfig/task_generator.pc'
[0.299s] Level 1:colcon.colcon_core.environment:checking '/home/ahmo030/ros2-migration/arena/arena-rosnav/task_generator/install/task_generator/lib/python3.10/site-packages'
[0.299s] Level 1:colcon.colcon_core.environment:checking '/home/ahmo030/ros2-migration/arena/arena-rosnav/task_generator/install/task_generator/bin'
[0.299s] Level 1:colcon.colcon_core.shell:create_environment_hook('task_generator', 'pythonscriptspath')
[0.299s] INFO:colcon.colcon_core.shell:Creating environment hook '/home/ahmo030/ros2-migration/arena/arena-rosnav/task_generator/install/task_generator/share/task_generator/hook/pythonscriptspath.ps1'
[0.300s] INFO:colcon.colcon_core.shell:Creating environment descriptor '/home/ahmo030/ros2-migration/arena/arena-rosnav/task_generator/install/task_generator/share/task_generator/hook/pythonscriptspath.dsv'
[0.300s] INFO:colcon.colcon_core.shell:Creating environment hook '/home/ahmo030/ros2-migration/arena/arena-rosnav/task_generator/install/task_generator/share/task_generator/hook/pythonscriptspath.sh'
[0.300s] INFO:colcon.colcon_core.shell:Creating package script '/home/ahmo030/ros2-migration/arena/arena-rosnav/task_generator/install/task_generator/share/task_generator/package.ps1'
[0.301s] INFO:colcon.colcon_core.shell:Creating package descriptor '/home/ahmo030/ros2-migration/arena/arena-rosnav/task_generator/install/task_generator/share/task_generator/package.dsv'
[0.301s] INFO:colcon.colcon_core.shell:Creating package script '/home/ahmo030/ros2-migration/arena/arena-rosnav/task_generator/install/task_generator/share/task_generator/package.sh'
[0.301s] INFO:colcon.colcon_core.shell:Creating package script '/home/ahmo030/ros2-migration/arena/arena-rosnav/task_generator/install/task_generator/share/task_generator/package.bash'
[0.302s] INFO:colcon.colcon_core.shell:Creating package script '/home/ahmo030/ros2-migration/arena/arena-rosnav/task_generator/install/task_generator/share/task_generator/package.zsh'
[0.302s] Level 1:colcon.colcon_core.environment:create_file_with_runtime_dependencies(/home/ahmo030/ros2-migration/arena/arena-rosnav/task_generator/install/task_generator/share/colcon-core/packages/task_generator)
[0.318s] Level 1:colcon.colcon_core.environment:create_environment_scripts_only(task_generator)
[0.319s] Level 1:colcon.colcon_core.environment:checking '/home/ahmo030/ros2-migration/arena/arena-rosnav/task_generator/install/task_generator' for CMake module files
[0.319s] Level 1:colcon.colcon_core.environment:checking '/home/ahmo030/ros2-migration/arena/arena-rosnav/task_generator/install/task_generator' for CMake config files
[0.319s] Level 1:colcon.colcon_core.shell:create_environment_hook('task_generator', 'cmake_prefix_path')
[0.320s] INFO:colcon.colcon_core.shell:Creating environment hook '/home/ahmo030/ros2-migration/arena/arena-rosnav/task_generator/install/task_generator/share/task_generator/hook/cmake_prefix_path.ps1'
[0.320s] INFO:colcon.colcon_core.shell:Creating environment descriptor '/home/ahmo030/ros2-migration/arena/arena-rosnav/task_generator/install/task_generator/share/task_generator/hook/cmake_prefix_path.dsv'
[0.321s] INFO:colcon.colcon_core.shell:Creating environment hook '/home/ahmo030/ros2-migration/arena/arena-rosnav/task_generator/install/task_generator/share/task_generator/hook/cmake_prefix_path.sh'
[0.321s] Level 1:colcon.colcon_core.environment:checking '/home/ahmo030/ros2-migration/arena/arena-rosnav/task_generator/install/task_generator/bin'
[0.321s] Level 1:colcon.colcon_core.shell:create_environment_hook('task_generator', 'path')
[0.322s] INFO:colcon.colcon_core.shell:Creating environment hook '/home/ahmo030/ros2-migration/arena/arena-rosnav/task_generator/install/task_generator/share/task_generator/hook/path.ps1'
[0.322s] INFO:colcon.colcon_core.shell:Creating environment descriptor '/home/ahmo030/ros2-migration/arena/arena-rosnav/task_generator/install/task_generator/share/task_generator/hook/path.dsv'
[0.323s] INFO:colcon.colcon_core.shell:Creating environment hook '/home/ahmo030/ros2-migration/arena/arena-rosnav/task_generator/install/task_generator/share/task_generator/hook/path.sh'
[0.323s] Level 1:colcon.colcon_core.environment:checking '/home/ahmo030/ros2-migration/arena/arena-rosnav/task_generator/install/task_generator/lib/pkgconfig/task_generator.pc'
[0.324s] Level 1:colcon.colcon_core.environment:checking '/home/ahmo030/ros2-migration/arena/arena-rosnav/task_generator/install/task_generator/lib/python3.10/site-packages'
[0.324s] Level 1:colcon.colcon_core.environment:checking '/home/ahmo030/ros2-migration/arena/arena-rosnav/task_generator/install/task_generator/bin'
[0.324s] Level 1:colcon.colcon_core.shell:create_environment_hook('task_generator', 'pythonscriptspath')
[0.324s] INFO:colcon.colcon_core.shell:Creating environment hook '/home/ahmo030/ros2-migration/arena/arena-rosnav/task_generator/install/task_generator/share/task_generator/hook/pythonscriptspath.ps1'
[0.325s] INFO:colcon.colcon_core.shell:Creating environment descriptor '/home/ahmo030/ros2-migration/arena/arena-rosnav/task_generator/install/task_generator/share/task_generator/hook/pythonscriptspath.dsv'
[0.325s] INFO:colcon.colcon_core.shell:Creating environment hook '/home/ahmo030/ros2-migration/arena/arena-rosnav/task_generator/install/task_generator/share/task_generator/hook/pythonscriptspath.sh'
[0.327s] INFO:colcon.colcon_core.shell:Creating package script '/home/ahmo030/ros2-migration/arena/arena-rosnav/task_generator/install/task_generator/share/task_generator/package.ps1'
[0.328s] INFO:colcon.colcon_core.shell:Creating package descriptor '/home/ahmo030/ros2-migration/arena/arena-rosnav/task_generator/install/task_generator/share/task_generator/package.dsv'
[0.329s] INFO:colcon.colcon_core.shell:Creating package script '/home/ahmo030/ros2-migration/arena/arena-rosnav/task_generator/install/task_generator/share/task_generator/package.sh'
[0.329s] INFO:colcon.colcon_core.shell:Creating package script '/home/ahmo030/ros2-migration/arena/arena-rosnav/task_generator/install/task_generator/share/task_generator/package.bash'
[0.330s] INFO:colcon.colcon_core.shell:Creating package script '/home/ahmo030/ros2-migration/arena/arena-rosnav/task_generator/install/task_generator/share/task_generator/package.zsh'
[0.330s] Level 1:colcon.colcon_core.environment:create_file_with_runtime_dependencies(/home/ahmo030/ros2-migration/arena/arena-rosnav/task_generator/install/task_generator/share/colcon-core/packages/task_generator)
[0.330s] DEBUG:colcon.colcon_parallel_executor.executor.parallel:closing loop
[0.331s] DEBUG:colcon.colcon_parallel_executor.executor.parallel:loop closed
[0.331s] DEBUG:colcon.colcon_parallel_executor.executor.parallel:run_until_complete finished with '0'
[0.331s] DEBUG:colcon.colcon_core.event_reactor:joining thread
[0.336s] INFO:colcon.colcon_core.plugin_system:Skipping extension 'colcon_notification.desktop_notification.terminal_notifier': Not used on non-Darwin systems
[0.336s] INFO:colcon.colcon_core.plugin_system:Skipping extension 'colcon_notification.desktop_notification.win32': Not used on non-Windows systems
[0.336s] INFO:colcon.colcon_notification.desktop_notification:Sending desktop notification using 'notify2'
[0.349s] DEBUG:colcon.colcon_core.event_reactor:joined thread
[0.349s] INFO:colcon.colcon_core.shell:Creating prefix script '/home/ahmo030/ros2-migration/arena/arena-rosnav/task_generator/install/local_setup.ps1'
[0.350s] INFO:colcon.colcon_core.shell:Creating prefix util module '/home/ahmo030/ros2-migration/arena/arena-rosnav/task_generator/install/_local_setup_util_ps1.py'
[0.351s] INFO:colcon.colcon_core.shell:Creating prefix chain script '/home/ahmo030/ros2-migration/arena/arena-rosnav/task_generator/install/setup.ps1'
[0.352s] INFO:colcon.colcon_core.shell:Creating prefix script '/home/ahmo030/ros2-migration/arena/arena-rosnav/task_generator/install/local_setup.sh'
[0.352s] INFO:colcon.colcon_core.shell:Creating prefix util module '/home/ahmo030/ros2-migration/arena/arena-rosnav/task_generator/install/_local_setup_util_sh.py'
[0.352s] INFO:colcon.colcon_core.shell:Creating prefix chain script '/home/ahmo030/ros2-migration/arena/arena-rosnav/task_generator/install/setup.sh'
[0.353s] INFO:colcon.colcon_core.shell:Creating prefix script '/home/ahmo030/ros2-migration/arena/arena-rosnav/task_generator/install/local_setup.bash'
[0.353s] INFO:colcon.colcon_core.shell:Creating prefix chain script '/home/ahmo030/ros2-migration/arena/arena-rosnav/task_generator/install/setup.bash'
[0.354s] INFO:colcon.colcon_core.shell:Creating prefix script '/home/ahmo030/ros2-migration/arena/arena-rosnav/task_generator/install/local_setup.zsh'
[0.354s] INFO:colcon.colcon_core.shell:Creating prefix chain script '/home/ahmo030/ros2-migration/arena/arena-rosnav/task_generator/install/setup.zsh'
