-- Install configuration: ""
-- Installing: /ros2-migration/install/tiago_controller_configuration/share/tiago_controller_configuration/config
-- Installing: /ros2-migration/install/tiago_controller_configuration/share/tiago_controller_configuration/config/ft_sensor_controller.yaml
-- Installing: /ros2-migration/install/tiago_controller_configuration/share/tiago_controller_configuration/config/pmb2_controller.yaml
-- Installing: /ros2-migration/install/tiago_controller_configuration/share/tiago_controller_configuration/config/arm_controller.yaml
-- Installing: /ros2-migration/install/tiago_controller_configuration/share/tiago_controller_configuration/config/omni_base_controller.yaml
-- Installing: /ros2-migration/install/tiago_controller_configuration/share/tiago_controller_configuration/config/torso_controller.yaml
-- Installing: /ros2-migration/install/tiago_controller_configuration/share/tiago_controller_configuration/config/pmb2_joint_state_broadcaster.yaml
-- Installing: /ros2-migration/install/tiago_controller_configuration/share/tiago_controller_configuration/config/gazebo_controller_manager_cfg.yaml
-- Installing: /ros2-migration/install/tiago_controller_configuration/share/tiago_controller_configuration/config/head_controller.yaml
-- Installing: /ros2-migration/install/tiago_controller_configuration/share/tiago_controller_configuration/config/gravity_compensation_controller.yaml
-- Installing: /ros2-migration/install/tiago_controller_configuration/share/tiago_controller_configuration/config/omni_base_joint_state_broadcaster.yaml
-- Installing: /ros2-migration/install/tiago_controller_configuration/share/tiago_controller_configuration/launch
-- Installing: /ros2-migration/install/tiago_controller_configuration/share/tiago_controller_configuration/launch/gravity_compensation_controller.launch.py
-- Installing: /ros2-migration/install/tiago_controller_configuration/share/tiago_controller_configuration/launch/default_controllers.launch.py
-- Installing: /ros2-migration/install/tiago_controller_configuration/share/ament_index/resource_index/package_run_dependencies/tiago_controller_configuration
-- Installing: /ros2-migration/install/tiago_controller_configuration/share/ament_index/resource_index/parent_prefix_path/tiago_controller_configuration
-- Installing: /ros2-migration/install/tiago_controller_configuration/share/tiago_controller_configuration/environment/ament_prefix_path.sh
-- Installing: /ros2-migration/install/tiago_controller_configuration/share/tiago_controller_configuration/environment/ament_prefix_path.dsv
-- Installing: /ros2-migration/install/tiago_controller_configuration/share/tiago_controller_configuration/environment/path.sh
-- Installing: /ros2-migration/install/tiago_controller_configuration/share/tiago_controller_configuration/environment/path.dsv
-- Installing: /ros2-migration/install/tiago_controller_configuration/share/tiago_controller_configuration/local_setup.bash
-- Installing: /ros2-migration/install/tiago_controller_configuration/share/tiago_controller_configuration/local_setup.sh
-- Installing: /ros2-migration/install/tiago_controller_configuration/share/tiago_controller_configuration/local_setup.zsh
-- Installing: /ros2-migration/install/tiago_controller_configuration/share/tiago_controller_configuration/local_setup.dsv
-- Installing: /ros2-migration/install/tiago_controller_configuration/share/tiago_controller_configuration/package.dsv
-- Installing: /ros2-migration/install/tiago_controller_configuration/share/ament_index/resource_index/packages/tiago_controller_configuration
-- Installing: /ros2-migration/install/tiago_controller_configuration/share/tiago_controller_configuration/cmake/tiago_controller_configurationConfig.cmake
-- Installing: /ros2-migration/install/tiago_controller_configuration/share/tiago_controller_configuration/cmake/tiago_controller_configurationConfig-version.cmake
-- Installing: /ros2-migration/install/tiago_controller_configuration/share/tiago_controller_configuration/package.xml
