[0.029s] Invoking command in '/ros2-migration/build/tiago_controller_configuration': CMAKE_PREFIX_PATH=/opt/ros/humble /usr/bin/cmake --build /ros2-migration/build/tiago_controller_configuration -- -j8 -l8
[0.086s] Invoked command in '/ros2-migration/build/tiago_controller_configuration' returned '0': CMAKE_PREFIX_PATH=/opt/ros/humble /usr/bin/cmake --build /ros2-migration/build/tiago_controller_configuration -- -j8 -l8
[0.154s] Invoking command in '/ros2-migration/build/tiago_controller_configuration': CMAKE_PREFIX_PATH=/opt/ros/humble /usr/bin/cmake --install /ros2-migration/build/tiago_controller_configuration
[1.112s] -- Install configuration: ""
[1.112s] -- Installing: /ros2-migration/install/tiago_controller_configuration/share/tiago_controller_configuration/config
[1.112s] -- Installing: /ros2-migration/install/tiago_controller_configuration/share/tiago_controller_configuration/config/ft_sensor_controller.yaml
[1.112s] -- Installing: /ros2-migration/install/tiago_controller_configuration/share/tiago_controller_configuration/config/pmb2_controller.yaml
[1.112s] -- Installing: /ros2-migration/install/tiago_controller_configuration/share/tiago_controller_configuration/config/arm_controller.yaml
[1.112s] -- Installing: /ros2-migration/install/tiago_controller_configuration/share/tiago_controller_configuration/config/omni_base_controller.yaml
[1.112s] -- Installing: /ros2-migration/install/tiago_controller_configuration/share/tiago_controller_configuration/config/torso_controller.yaml
[1.112s] -- Installing: /ros2-migration/install/tiago_controller_configuration/share/tiago_controller_configuration/config/pmb2_joint_state_broadcaster.yaml
[1.113s] -- Installing: /ros2-migration/install/tiago_controller_configuration/share/tiago_controller_configuration/config/gazebo_controller_manager_cfg.yaml
[1.113s] -- Installing: /ros2-migration/install/tiago_controller_configuration/share/tiago_controller_configuration/config/head_controller.yaml
[1.113s] -- Installing: /ros2-migration/install/tiago_controller_configuration/share/tiago_controller_configuration/config/gravity_compensation_controller.yaml
[1.113s] -- Installing: /ros2-migration/install/tiago_controller_configuration/share/tiago_controller_configuration/config/omni_base_joint_state_broadcaster.yaml
[1.113s] -- Installing: /ros2-migration/install/tiago_controller_configuration/share/tiago_controller_configuration/launch
[1.113s] -- Installing: /ros2-migration/install/tiago_controller_configuration/share/tiago_controller_configuration/launch/gravity_compensation_controller.launch.py
[1.113s] -- Installing: /ros2-migration/install/tiago_controller_configuration/share/tiago_controller_configuration/launch/default_controllers.launch.py
[1.113s] -- Installing: /ros2-migration/install/tiago_controller_configuration/share/ament_index/resource_index/package_run_dependencies/tiago_controller_configuration
[1.113s] -- Installing: /ros2-migration/install/tiago_controller_configuration/share/ament_index/resource_index/parent_prefix_path/tiago_controller_configuration
[1.113s] -- Installing: /ros2-migration/install/tiago_controller_configuration/share/tiago_controller_configuration/environment/ament_prefix_path.sh
[1.113s] -- Installing: /ros2-migration/install/tiago_controller_configuration/share/tiago_controller_configuration/environment/ament_prefix_path.dsv
[1.113s] -- Installing: /ros2-migration/install/tiago_controller_configuration/share/tiago_controller_configuration/environment/path.sh
[1.113s] -- Installing: /ros2-migration/install/tiago_controller_configuration/share/tiago_controller_configuration/environment/path.dsv
[1.113s] -- Installing: /ros2-migration/install/tiago_controller_configuration/share/tiago_controller_configuration/local_setup.bash
[1.114s] -- Installing: /ros2-migration/install/tiago_controller_configuration/share/tiago_controller_configuration/local_setup.sh
[1.114s] -- Installing: /ros2-migration/install/tiago_controller_configuration/share/tiago_controller_configuration/local_setup.zsh
[1.114s] -- Installing: /ros2-migration/install/tiago_controller_configuration/share/tiago_controller_configuration/local_setup.dsv
[1.114s] -- Installing: /ros2-migration/install/tiago_controller_configuration/share/tiago_controller_configuration/package.dsv
[1.114s] -- Installing: /ros2-migration/install/tiago_controller_configuration/share/ament_index/resource_index/packages/tiago_controller_configuration
[1.114s] -- Installing: /ros2-migration/install/tiago_controller_configuration/share/tiago_controller_configuration/cmake/tiago_controller_configurationConfig.cmake
[1.114s] -- Installing: /ros2-migration/install/tiago_controller_configuration/share/tiago_controller_configuration/cmake/tiago_controller_configurationConfig-version.cmake
[1.114s] -- Installing: /ros2-migration/install/tiago_controller_configuration/share/tiago_controller_configuration/package.xml
