[0.005s] Invoking command in '/home/ahmo030/ros2-migration/arena/arena-rosnav/utils/ros/rosnodes/spacial_horizon/build/spacial_horizon': CMAKE_PREFIX_PATH=/opt/ros/humble:${CMAKE_PREFIX_PATH} /usr/bin/cmake /home/ahmo030/ros2-migration/arena/arena-rosnav/utils/ros/rosnodes/spacial_horizon -DCMAKE_INSTALL_PREFIX=/home/ahmo030/ros2-migration/arena/arena-rosnav/utils/ros/rosnodes/spacial_horizon/install/spacial_horizon
[0.012s] -- Found ament_cmake: 1.3.8 (/opt/ros/humble/share/ament_cmake/cmake)
[0.084s] -- Found std_msgs: 4.2.3 (/opt/ros/humble/share/std_msgs/cmake)
[0.100s] -- Found rosidl_generator_c: 3.1.5 (/opt/ros/humble/share/rosidl_generator_c/cmake)
[0.101s] -- Found rosidl_adapter: 3.1.5 (/opt/ros/humble/share/rosidl_adapter/cmake)
[0.104s] -- Found rosidl_generator_cpp: 3.1.5 (/opt/ros/humble/share/rosidl_generator_cpp/cmake)
[0.110s] -- Using all available rosidl_typesupport_c: rosidl_typesupport_fastrtps_c;rosidl_typesupport_introspection_c
[0.118s] -- Using all available rosidl_typesupport_cpp: rosidl_typesupport_fastrtps_cpp;rosidl_typesupport_introspection_cpp
[0.147s] -- Found visualization_msgs: 4.2.3 (/opt/ros/humble/share/visualization_msgs/cmake)
[0.293s] -- Eigen found (include: /usr/include/eigen3, version: 3.4.0)
[0.327s] -- The imported target "vtkParseOGLExt" references the file
[0.327s]    "/usr/bin/vtkParseOGLExt-7.1"
[0.327s] but this file does not exist.  Possible reasons include:
[0.327s] * The file was deleted, renamed, or moved to another location.
[0.328s] * An install or uninstall procedure did not complete successfully.
[0.328s] * The installation package was faulty and contained
[0.328s]    "/usr/lib/cmake/vtk-7.1/VTKTargets.cmake"
[0.328s] but not all the files it references.
[0.328s] 
[0.328s] -- The imported target "vtkRenderingPythonTkWidgets" references the file
[0.328s]    "/usr/lib/x86_64-linux-gnu/libvtkRenderingPythonTkWidgets.so"
[0.328s] but this file does not exist.  Possible reasons include:
[0.328s] * The file was deleted, renamed, or moved to another location.
[0.328s] * An install or uninstall procedure did not complete successfully.
[0.328s] * The installation package was faulty and contained
[0.328s]    "/usr/lib/cmake/vtk-7.1/VTKTargets.cmake"
[0.328s] but not all the files it references.
[0.328s] 
[0.328s] -- The imported target "vtk" references the file
[0.328s]    "/usr/bin/vtk"
[0.328s] but this file does not exist.  Possible reasons include:
[0.328s] * The file was deleted, renamed, or moved to another location.
[0.328s] * An install or uninstall procedure did not complete successfully.
[0.328s] * The installation package was faulty and contained
[0.328s]    "/usr/lib/cmake/vtk-7.1/VTKTargets.cmake"
[0.328s] but not all the files it references.
[0.328s] 
[0.328s] -- The imported target "pvtk" references the file
[0.328s]    "/usr/bin/pvtk"
[0.328s] but this file does not exist.  Possible reasons include:
[0.328s] * The file was deleted, renamed, or moved to another location.
[0.328s] * An install or uninstall procedure did not complete successfully.
[0.328s] * The installation package was faulty and contained
[0.328s]    "/usr/lib/cmake/vtk-7.1/VTKTargets.cmake"
[0.328s] but not all the files it references.
[0.328s] 
[0.335s] CMake Warning (dev) at /usr/share/cmake-3.22/Modules/FindPackageHandleStandardArgs.cmake:438 (message):
[0.335s]   The package name passed to `find_package_handle_standard_args` (USB_10)
[0.335s]   does not match the name of the calling package (OpenNI).  This can lead to
[0.335s]   problems in calling code that expects `find_package` result variables
[0.335s]   (e.g., `_FOUND`) to follow a certain pattern.
[0.335s] Call Stack (most recent call first):
[0.335s]   /usr/lib/x86_64-linux-gnu/cmake/pcl/Modules/FindOpenNI.cmake:28 (find_package_handle_standard_args)
[0.335s]   /usr/lib/x86_64-linux-gnu/cmake/pcl/PCLConfig.cmake:179 (find_package)
[0.335s]   /usr/lib/x86_64-linux-gnu/cmake/pcl/PCLConfig.cmake:322 (find_openni)
[0.335s]   /usr/lib/x86_64-linux-gnu/cmake/pcl/PCLConfig.cmake:548 (find_external_library)
[0.335s]   CMakeLists.txt:119 (find_package)
[0.335s] This warning is for project developers.  Use -Wno-dev to suppress it.
[0.335s] 
[0.336s] -- OpenNI found (include: /usr/include/ni, lib: /usr/lib/libOpenNI.so)
[0.338s] CMake Warning (dev) at /usr/share/cmake-3.22/Modules/FindPackageHandleStandardArgs.cmake:438 (message):
[0.338s]   The package name passed to `find_package_handle_standard_args` (USB_10)
[0.338s]   does not match the name of the calling package (OpenNI2).  This can lead to
[0.338s]   problems in calling code that expects `find_package` result variables
[0.338s]   (e.g., `_FOUND`) to follow a certain pattern.
[0.338s] Call Stack (most recent call first):
[0.338s]   /usr/lib/x86_64-linux-gnu/cmake/pcl/Modules/FindOpenNI2.cmake:28 (find_package_handle_standard_args)
[0.338s]   /usr/lib/x86_64-linux-gnu/cmake/pcl/PCLConfig.cmake:193 (find_package)
[0.338s]   /usr/lib/x86_64-linux-gnu/cmake/pcl/PCLConfig.cmake:324 (find_openni2)
[0.338s]   /usr/lib/x86_64-linux-gnu/cmake/pcl/PCLConfig.cmake:548 (find_external_library)
[0.338s]   CMakeLists.txt:119 (find_package)
[0.338s] This warning is for project developers.  Use -Wno-dev to suppress it.
[0.338s] 
[0.339s] -- OpenNI2 found (include: /usr/include/openni2, lib: /usr/lib/x86_64-linux-gnu/libOpenNI2.so)
[0.339s] ** WARNING ** io features related to pcap will be disabled
[0.339s] ** WARNING ** io features related to png will be disabled
[0.343s] CMake Warning (dev) at /usr/share/cmake-3.22/Modules/FindPackageHandleStandardArgs.cmake:438 (message):
[0.343s]   The package name passed to `find_package_handle_standard_args` (libusb-1.0)
[0.344s]   does not match the name of the calling package (PCL).  This can lead to
[0.344s]   problems in calling code that expects `find_package` result variables
[0.344s]   (e.g., `_FOUND`) to follow a certain pattern.
[0.344s] Call Stack (most recent call first):
[0.344s]   /usr/lib/x86_64-linux-gnu/cmake/pcl/PCLConfig.cmake:291 (find_package_handle_standard_args)
[0.344s]   /usr/lib/x86_64-linux-gnu/cmake/pcl/PCLConfig.cmake:338 (find_libusb)
[0.344s]   /usr/lib/x86_64-linux-gnu/cmake/pcl/PCLConfig.cmake:548 (find_external_library)
[0.344s]   CMakeLists.txt:119 (find_package)
[0.344s] This warning is for project developers.  Use -Wno-dev to suppress it.
[0.344s] 
[0.344s] ** WARNING ** io features related to libusb-1.0 will be disabled
[0.346s] CMake Warning (dev) at /usr/share/cmake-3.22/Modules/FindPackageHandleStandardArgs.cmake:438 (message):
[0.346s]   The package name passed to `find_package_handle_standard_args` (USB_10)
[0.346s]   does not match the name of the calling package (OpenNI).  This can lead to
[0.346s]   problems in calling code that expects `find_package` result variables
[0.346s]   (e.g., `_FOUND`) to follow a certain pattern.
[0.346s] Call Stack (most recent call first):
[0.346s]   /usr/lib/x86_64-linux-gnu/cmake/pcl/Modules/FindOpenNI.cmake:28 (find_package_handle_standard_args)
[0.346s]   /usr/lib/x86_64-linux-gnu/cmake/pcl/PCLConfig.cmake:179 (find_package)
[0.346s]   /usr/lib/x86_64-linux-gnu/cmake/pcl/PCLConfig.cmake:322 (find_openni)
[0.346s]   /usr/lib/x86_64-linux-gnu/cmake/pcl/PCLConfig.cmake:548 (find_external_library)
[0.346s]   CMakeLists.txt:119 (find_package)
[0.346s] This warning is for project developers.  Use -Wno-dev to suppress it.
[0.346s] 
[0.347s] -- OpenNI found (include: /usr/include/ni, lib: /usr/lib/libOpenNI.so)
[0.349s] CMake Warning (dev) at /usr/share/cmake-3.22/Modules/FindPackageHandleStandardArgs.cmake:438 (message):
[0.349s]   The package name passed to `find_package_handle_standard_args` (USB_10)
[0.349s]   does not match the name of the calling package (OpenNI2).  This can lead to
[0.349s]   problems in calling code that expects `find_package` result variables
[0.349s]   (e.g., `_FOUND`) to follow a certain pattern.
[0.349s] Call Stack (most recent call first):
[0.349s]   /usr/lib/x86_64-linux-gnu/cmake/pcl/Modules/FindOpenNI2.cmake:28 (find_package_handle_standard_args)
[0.349s]   /usr/lib/x86_64-linux-gnu/cmake/pcl/PCLConfig.cmake:193 (find_package)
[0.349s]   /usr/lib/x86_64-linux-gnu/cmake/pcl/PCLConfig.cmake:324 (find_openni2)
[0.349s]   /usr/lib/x86_64-linux-gnu/cmake/pcl/PCLConfig.cmake:548 (find_external_library)
[0.349s]   CMakeLists.txt:119 (find_package)
[0.349s] This warning is for project developers.  Use -Wno-dev to suppress it.
[0.349s] 
[0.350s] -- OpenNI2 found (include: /usr/include/openni2, lib: /usr/lib/x86_64-linux-gnu/libOpenNI2.so)
[0.355s] -- QHULL found (include: /usr/include, lib: optimized;/usr/lib/x86_64-linux-gnu/libqhull.so;debug;/usr/lib/x86_64-linux-gnu/libqhull.so)
[0.357s] CMake Warning (dev) at /usr/share/cmake-3.22/Modules/FindPackageHandleStandardArgs.cmake:438 (message):
[0.357s]   The package name passed to `find_package_handle_standard_args` (USB_10)
[0.357s]   does not match the name of the calling package (OpenNI).  This can lead to
[0.357s]   problems in calling code that expects `find_package` result variables
[0.357s]   (e.g., `_FOUND`) to follow a certain pattern.
[0.357s] Call Stack (most recent call first):
[0.357s]   /usr/lib/x86_64-linux-gnu/cmake/pcl/Modules/FindOpenNI.cmake:28 (find_package_handle_standard_args)
[0.357s]   /usr/lib/x86_64-linux-gnu/cmake/pcl/PCLConfig.cmake:179 (find_package)
[0.357s]   /usr/lib/x86_64-linux-gnu/cmake/pcl/PCLConfig.cmake:322 (find_openni)
[0.357s]   /usr/lib/x86_64-linux-gnu/cmake/pcl/PCLConfig.cmake:548 (find_external_library)
[0.358s]   CMakeLists.txt:119 (find_package)
[0.358s] This warning is for project developers.  Use -Wno-dev to suppress it.
[0.358s] 
[0.358s] -- OpenNI found (include: /usr/include/ni, lib: /usr/lib/libOpenNI.so)
[0.362s] -- looking for PCL_COMMON
[0.362s] CMake Warning (dev) at /usr/share/cmake-3.22/Modules/FindPackageHandleStandardArgs.cmake:438 (message):
[0.362s]   The package name passed to `find_package_handle_standard_args` (PCL_COMMON)
[0.362s]   does not match the name of the calling package (PCL).  This can lead to
[0.363s]   problems in calling code that expects `find_package` result variables
[0.363s]   (e.g., `_FOUND`) to follow a certain pattern.
[0.363s] Call Stack (most recent call first):
[0.363s]   /usr/lib/x86_64-linux-gnu/cmake/pcl/PCLConfig.cmake:616 (find_package_handle_standard_args)
[0.363s]   CMakeLists.txt:119 (find_package)
[0.363s] This warning is for project developers.  Use -Wno-dev to suppress it.
[0.363s] 
[0.363s] -- looking for PCL_KDTREE
[0.363s] -- looking for PCL_OCTREE
[0.363s] CMake Warning (dev) at /usr/share/cmake-3.22/Modules/FindPackageHandleStandardArgs.cmake:438 (message):
[0.363s]   The package name passed to `find_package_handle_standard_args` (PCL_KDTREE)
[0.363s]   does not match the name of the calling package (PCL).  This can lead to
[0.363s]   problems in calling code that expects `find_package` result variables
[0.363s]   (e.g., `_FOUND`) to follow a certain pattern.
[0.363s] Call Stack (most recent call first):
[0.363s]   /usr/lib/x86_64-linux-gnu/cmake/pcl/PCLConfig.cmake:616 (find_package_handle_standard_args)
[0.363s]   CMakeLists.txt:119 (find_package)
[0.363s] This warning is for project developers.  Use -Wno-dev to suppress it.
[0.363s] 
[0.363s] CMake Warning (dev) at /usr/share/cmake-3.22/Modules/FindPackageHandleStandardArgs.cmake:438 (message):
[0.363s]   The package name passed to `find_package_handle_standard_args` (PCL_OCTREE)
[0.363s]   does not match the name of the calling package (PCL).  This can lead to
[0.363s]   problems in calling code that expects `find_package` result variables
[0.363s]   (e.g., `_FOUND`) to follow a certain pattern.
[0.363s] Call Stack (most recent call first):
[0.363s]   /usr/lib/x86_64-linux-gnu/cmake/pcl/PCLConfig.cmake:616 (find_package_handle_standard_args)
[0.363s]   CMakeLists.txt:119 (find_package)
[0.363s] This warning is for project developers.  Use -Wno-dev to suppress it.
[0.363s] 
[0.364s] -- looking for PCL_SEARCH
[0.364s] -- looking for PCL_SAMPLE_CONSENSUS
[0.364s] -- looking for PCL_FILTERS
[0.364s] -- looking for PCL_2D
[0.364s] CMake Warning (dev) at /usr/share/cmake-3.22/Modules/FindPackageHandleStandardArgs.cmake:438 (message):
[0.364s]   The package name passed to `find_package_handle_standard_args` (PCL_SEARCH)
[0.364s]   does not match the name of the calling package (PCL).  This can lead to
[0.364s]   problems in calling code that expects `find_package` result variables
[0.364s]   (e.g., `_FOUND`) to follow a certain pattern.
[0.364s] Call Stack (most recent call first):
[0.364s]   /usr/lib/x86_64-linux-gnu/cmake/pcl/PCLConfig.cmake:616 (find_package_handle_standard_args)
[0.364s]   CMakeLists.txt:119 (find_package)
[0.364s] This warning is for project developers.  Use -Wno-dev to suppress it.
[0.364s] 
[0.364s] CMake Warning (dev) at /usr/share/cmake-3.22/Modules/FindPackageHandleStandardArgs.cmake:438 (message):
[0.364s]   The package name passed to `find_package_handle_standard_args`
[0.364s]   (PCL_SAMPLE_CONSENSUS) does not match the name of the calling package
[0.364s]   (PCL).  This can lead to problems in calling code that expects
[0.364s]   `find_package` result variables (e.g., `_FOUND`) to follow a certain
[0.364s]   pattern.
[0.364s] Call Stack (most recent call first):
[0.364s]   /usr/lib/x86_64-linux-gnu/cmake/pcl/PCLConfig.cmake:616 (find_package_handle_standard_args)
[0.365s]   CMakeLists.txt:119 (find_package)
[0.365s] This warning is for project developers.  Use -Wno-dev to suppress it.
[0.365s] 
[0.365s] CMake Warning (dev) at /usr/share/cmake-3.22/Modules/FindPackageHandleStandardArgs.cmake:438 (message):
[0.365s]   The package name passed to `find_package_handle_standard_args`
[0.365s]   (PCL_FILTERS) does not match the name of the calling package (PCL).  This
[0.365s]   can lead to problems in calling code that expects `find_package` result
[0.365s]   variables (e.g., `_FOUND`) to follow a certain pattern.
[0.365s] Call Stack (most recent call first):
[0.365s]   /usr/lib/x86_64-linux-gnu/cmake/pcl/PCLConfig.cmake:616 (find_package_handle_standard_args)
[0.365s]   CMakeLists.txt:119 (find_package)
[0.365s] This warning is for project developers.  Use -Wno-dev to suppress it.
[0.365s] 
[0.365s] CMake Warning (dev) at /usr/share/cmake-3.22/Modules/FindPackageHandleStandardArgs.cmake:438 (message):
[0.365s]   The package name passed to `find_package_handle_standard_args` (PCL_2D)
[0.365s]   does not match the name of the calling package (PCL).  This can lead to
[0.365s]   problems in calling code that expects `find_package` result variables
[0.365s]   (e.g., `_FOUND`) to follow a certain pattern.
[0.365s] Call Stack (most recent call first):
[0.365s]   /usr/lib/x86_64-linux-gnu/cmake/pcl/PCLConfig.cmake:619 (find_package_handle_standard_args)
[0.365s]   CMakeLists.txt:119 (find_package)
[0.365s] This warning is for project developers.  Use -Wno-dev to suppress it.
[0.365s] 
[0.365s] -- looking for PCL_GEOMETRY
[0.365s] CMake Warning (dev) at /usr/share/cmake-3.22/Modules/FindPackageHandleStandardArgs.cmake:438 (message):
[0.365s]   The package name passed to `find_package_handle_standard_args`
[0.365s]   (PCL_GEOMETRY) does not match the name of the calling package (PCL).  This
[0.365s]   can lead to problems in calling code that expects `find_package` result
[0.365s]   variables (e.g., `_FOUND`) to follow a certain pattern.
[0.365s] Call Stack (most recent call first):
[0.366s]   /usr/lib/x86_64-linux-gnu/cmake/pcl/PCLConfig.cmake:619 (find_package_handle_standard_args)
[0.366s]   CMakeLists.txt:119 (find_package)
[0.366s] This warning is for project developers.  Use -Wno-dev to suppress it.
[0.366s] 
[0.366s] -- looking for PCL_IO
[0.366s] CMake Warning (dev) at /usr/share/cmake-3.22/Modules/FindPackageHandleStandardArgs.cmake:438 (message):
[0.366s]   The package name passed to `find_package_handle_standard_args` (PCL_IO)
[0.366s]   does not match the name of the calling package (PCL).  This can lead to
[0.366s]   problems in calling code that expects `find_package` result variables
[0.366s]   (e.g., `_FOUND`) to follow a certain pattern.
[0.366s] Call Stack (most recent call first):
[0.366s]   /usr/lib/x86_64-linux-gnu/cmake/pcl/PCLConfig.cmake:616 (find_package_handle_standard_args)
[0.366s]   CMakeLists.txt:119 (find_package)
[0.366s] This warning is for project developers.  Use -Wno-dev to suppress it.
[0.366s] 
[0.366s] -- looking for PCL_FEATURES
[0.366s] CMake Warning (dev) at /usr/share/cmake-3.22/Modules/FindPackageHandleStandardArgs.cmake:438 (message):
[0.366s]   The package name passed to `find_package_handle_standard_args`
[0.366s]   (PCL_FEATURES) does not match the name of the calling package (PCL).  This
[0.366s]   can lead to problems in calling code that expects `find_package` result
[0.366s]   variables (e.g., `_FOUND`) to follow a certain pattern.
[0.366s] Call Stack (most recent call first):
[0.366s]   /usr/lib/x86_64-linux-gnu/cmake/pcl/PCLConfig.cmake:616 (find_package_handle_standard_args)
[0.366s]   CMakeLists.txt:119 (find_package)
[0.366s] This warning is for project developers.  Use -Wno-dev to suppress it.
[0.366s] 
[0.366s] CMake Warning (dev) at /usr/share/cmake-3.22/Modules/FindPackageHandleStandardArgs.cmake:438 (message):
[0.367s]   The package name passed to `find_package_handle_standard_args` (PCL_ML)
[0.367s]   does not match the name of the calling package (PCL).  This can lead to
[0.367s]   problems in calling code that expects `find_package` result variables
[0.367s]   (e.g., `_FOUND`) to follow a certain pattern.
[0.367s] Call Stack (most recent call first):
[0.367s]   /usr/lib/x86_64-linux-gnu/cmake/pcl/PCLConfig.cmake:616 (find_package_handle_standard_args)
[0.367s]   CMakeLists.txt:119 (find_package)
[0.367s] This warning is for project developers.  Use -Wno-dev to suppress it.
[0.367s] 
[0.367s] CMake Warning (dev) at /usr/share/cmake-3.22/Modules/FindPackageHandleStandardArgs.cmake:438 (message):
[0.367s]   The package name passed to `find_package_handle_standard_args`
[0.367s]   (PCL_SEGMENTATION) does not match the name of the calling package (PCL).
[0.367s]   This can lead to problems in calling code that expects `find_package`
[0.367s]   result variables (e.g., `_FOUND`) to follow a certain pattern.
[0.367s] Call Stack (most recent call first):
[0.367s]   /usr/lib/x86_64-linux-gnu/cmake/pcl/PCLConfig.cmake:616 (find_package_handle_standard_args)
[0.367s]   CMakeLists.txt:119 (find_package)
[0.367s] This warning is for project developers.  Use -Wno-dev to suppress it.
[0.367s] 
[0.367s] -- looking for PCL_ML
[0.367s] -- looking for PCL_SEGMENTATION
[0.367s] -- looking for PCL_VISUALIZATION
[0.367s] -- looking for PCL_SURFACE
[0.367s] -- looking for PCL_REGISTRATION
[0.367s] CMake Warning (dev) at /usr/share/cmake-3.22/Modules/FindPackageHandleStandardArgs.cmake:438 (message):
[0.367s]   The package name passed to `find_package_handle_standard_args`
[0.367s]   (PCL_VISUALIZATION) does not match the name of the calling package (PCL).
[0.367s]   This can lead to problems in calling code that expects `find_package`
[0.367s]   result variables (e.g., `_FOUND`) to follow a certain pattern.
[0.367s] Call Stack (most recent call first):
[0.368s]   /usr/lib/x86_64-linux-gnu/cmake/pcl/PCLConfig.cmake:616 (find_package_handle_standard_args)
[0.368s]   CMakeLists.txt:119 (find_package)
[0.368s] This warning is for project developers.  Use -Wno-dev to suppress it.
[0.368s] 
[0.368s] CMake Warning (dev) at /usr/share/cmake-3.22/Modules/FindPackageHandleStandardArgs.cmake:438 (message):
[0.368s]   The package name passed to `find_package_handle_standard_args`
[0.368s]   (PCL_SURFACE) does not match the name of the calling package (PCL).  This
[0.368s]   can lead to problems in calling code that expects `find_package` result
[0.368s]   variables (e.g., `_FOUND`) to follow a certain pattern.
[0.368s] Call Stack (most recent call first):
[0.368s]   /usr/lib/x86_64-linux-gnu/cmake/pcl/PCLConfig.cmake:616 (find_package_handle_standard_args)
[0.368s]   CMakeLists.txt:119 (find_package)
[0.368s] This warning is for project developers.  Use -Wno-dev to suppress it.
[0.368s] 
[0.368s] CMake Warning (dev) at /usr/share/cmake-3.22/Modules/FindPackageHandleStandardArgs.cmake:438 (message):
[0.368s]   The package name passed to `find_package_handle_standard_args`
[0.368s]   (PCL_REGISTRATION) does not match the name of the calling package (PCL).
[0.368s]   This can lead to problems in calling code that expects `find_package`
[0.368s]   result variables (e.g., `_FOUND`) to follow a certain pattern.
[0.368s] Call Stack (most recent call first):
[0.368s]   /usr/lib/x86_64-linux-gnu/cmake/pcl/PCLConfig.cmake:616 (find_package_handle_standard_args)
[0.368s]   CMakeLists.txt:119 (find_package)
[0.368s] This warning is for project developers.  Use -Wno-dev to suppress it.
[0.368s] 
[0.368s] -- looking for PCL_KEYPOINTS
[0.368s] -- looking for PCL_TRACKING
[0.368s] -- looking for PCL_RECOGNITION
[0.368s] CMake Warning (dev) at /usr/share/cmake-3.22/Modules/FindPackageHandleStandardArgs.cmake:438 (message):
[0.368s]   The package name passed to `find_package_handle_standard_args`
[0.368s]   (PCL_KEYPOINTS) does not match the name of the calling package (PCL).  This
[0.368s]   can lead to problems in calling code that expects `find_package` result
[0.368s]   variables (e.g., `_FOUND`) to follow a certain pattern.
[0.368s] Call Stack (most recent call first):
[0.369s]   /usr/lib/x86_64-linux-gnu/cmake/pcl/PCLConfig.cmake:616 (find_package_handle_standard_args)
[0.369s]   CMakeLists.txt:119 (find_package)
[0.369s] This warning is for project developers.  Use -Wno-dev to suppress it.
[0.369s] 
[0.369s] CMake Warning (dev) at /usr/share/cmake-3.22/Modules/FindPackageHandleStandardArgs.cmake:438 (message):
[0.369s]   The package name passed to `find_package_handle_standard_args`
[0.369s]   (PCL_TRACKING) does not match the name of the calling package (PCL).  This
[0.369s]   can lead to problems in calling code that expects `find_package` result
[0.369s]   variables (e.g., `_FOUND`) to follow a certain pattern.
[0.369s] Call Stack (most recent call first):
[0.369s]   /usr/lib/x86_64-linux-gnu/cmake/pcl/PCLConfig.cmake:616 (find_package_handle_standard_args)
[0.369s]   CMakeLists.txt:119 (find_package)
[0.369s] This warning is for project developers.  Use -Wno-dev to suppress it.
[0.369s] 
[0.369s] CMake Warning (dev) at /usr/share/cmake-3.22/Modules/FindPackageHandleStandardArgs.cmake:438 (message):
[0.369s]   The package name passed to `find_package_handle_standard_args`
[0.369s]   (PCL_RECOGNITION) does not match the name of the calling package (PCL).
[0.369s]   This can lead to problems in calling code that expects `find_package`
[0.369s]   result variables (e.g., `_FOUND`) to follow a certain pattern.
[0.369s] Call Stack (most recent call first):
[0.369s]   /usr/lib/x86_64-linux-gnu/cmake/pcl/PCLConfig.cmake:616 (find_package_handle_standard_args)
[0.369s]   CMakeLists.txt:119 (find_package)
[0.369s] This warning is for project developers.  Use -Wno-dev to suppress it.
[0.369s] 
[0.369s] -- looking for PCL_STEREO
[0.369s] CMake Warning (dev) at /usr/share/cmake-3.22/Modules/FindPackageHandleStandardArgs.cmake:438 (message):
[0.369s]   The package name passed to `find_package_handle_standard_args` (PCL_STEREO)
[0.369s]   does not match the name of the calling package (PCL).  This can lead to
[0.369s]   problems in calling code that expects `find_package` result variables
[0.369s]   (e.g., `_FOUND`) to follow a certain pattern.
[0.369s] Call Stack (most recent call first):
[0.369s]   /usr/lib/x86_64-linux-gnu/cmake/pcl/PCLConfig.cmake:616 (find_package_handle_standard_args)
[0.369s]   CMakeLists.txt:119 (find_package)
[0.369s] This warning is for project developers.  Use -Wno-dev to suppress it.
[0.370s] 
[0.370s] CMake Warning (dev) at /usr/share/cmake-3.22/Modules/FindPackageHandleStandardArgs.cmake:438 (message):
[0.370s]   The package name passed to `find_package_handle_standard_args` (PCL_APPS)
[0.370s]   does not match the name of the calling package (PCL).  This can lead to
[0.370s]   problems in calling code that expects `find_package` result variables
[0.370s]   (e.g., `_FOUND`) to follow a certain pattern.
[0.370s] Call Stack (most recent call first):
[0.370s]   /usr/lib/x86_64-linux-gnu/cmake/pcl/PCLConfig.cmake:616 (find_package_handle_standard_args)
[0.370s]   CMakeLists.txt:119 (find_package)
[0.370s] This warning is for project developers.  Use -Wno-dev to suppress it.
[0.370s] 
[0.370s] -- looking for PCL_APPS
[0.370s] -- looking for PCL_IN_HAND_SCANNER
[0.370s] -- looking for PCL_POINT_CLOUD_EDITOR
[0.370s] CMake Warning (dev) at /usr/share/cmake-3.22/Modules/FindPackageHandleStandardArgs.cmake:438 (message):
[0.370s]   The package name passed to `find_package_handle_standard_args`
[0.370s]   (PCL_IN_HAND_SCANNER) does not match the name of the calling package (PCL).
[0.370s]   This can lead to problems in calling code that expects `find_package`
[0.370s]   result variables (e.g., `_FOUND`) to follow a certain pattern.
[0.370s] Call Stack (most recent call first):
[0.370s]   /usr/lib/x86_64-linux-gnu/cmake/pcl/PCLConfig.cmake:619 (find_package_handle_standard_args)
[0.370s]   CMakeLists.txt:119 (find_package)
[0.370s] This warning is for project developers.  Use -Wno-dev to suppress it.
[0.370s] 
[0.370s] CMake Warning (dev) at /usr/share/cmake-3.22/Modules/FindPackageHandleStandardArgs.cmake:438 (message):
[0.370s]   The package name passed to `find_package_handle_standard_args`
[0.370s]   (PCL_POINT_CLOUD_EDITOR) does not match the name of the calling package
[0.370s]   (PCL).  This can lead to problems in calling code that expects
[0.370s]   `find_package` result variables (e.g., `_FOUND`) to follow a certain
[0.370s]   pattern.
[0.370s] Call Stack (most recent call first):
[0.370s]   /usr/lib/x86_64-linux-gnu/cmake/pcl/PCLConfig.cmake:619 (find_package_handle_standard_args)
[0.370s]   CMakeLists.txt:119 (find_package)
[0.370s] This warning is for project developers.  Use -Wno-dev to suppress it.
[0.370s] 
[0.370s] -- looking for PCL_OUTOFCORE
[0.371s] CMake Warning (dev) at /usr/share/cmake-3.22/Modules/FindPackageHandleStandardArgs.cmake:438 (message):
[0.371s]   The package name passed to `find_package_handle_standard_args`
[0.371s]   (PCL_OUTOFCORE) does not match the name of the calling package (PCL).  This
[0.371s]   can lead to problems in calling code that expects `find_package` result
[0.371s]   variables (e.g., `_FOUND`) to follow a certain pattern.
[0.371s] Call Stack (most recent call first):
[0.371s]   /usr/lib/x86_64-linux-gnu/cmake/pcl/PCLConfig.cmake:616 (find_package_handle_standard_args)
[0.371s]   CMakeLists.txt:119 (find_package)
[0.371s] This warning is for project developers.  Use -Wno-dev to suppress it.
[0.371s] 
[0.371s] -- looking for PCL_PEOPLE
[0.371s] CMake Warning (dev) at /usr/share/cmake-3.22/Modules/FindPackageHandleStandardArgs.cmake:438 (message):
[0.371s]   The package name passed to `find_package_handle_standard_args` (PCL_PEOPLE)
[0.371s]   does not match the name of the calling package (PCL).  This can lead to
[0.371s]   problems in calling code that expects `find_package` result variables
[0.371s]   (e.g., `_FOUND`) to follow a certain pattern.
[0.371s] Call Stack (most recent call first):
[0.371s]   /usr/lib/x86_64-linux-gnu/cmake/pcl/PCLConfig.cmake:616 (find_package_handle_standard_args)
[0.371s]   CMakeLists.txt:119 (find_package)
[0.371s] This warning is for project developers.  Use -Wno-dev to suppress it.
[0.371s] 
[0.371s] -- Found actionlib_msgs: 4.2.3 (/opt/ros/humble/share/actionlib_msgs/cmake)
[0.715s] -- Found rosgraph_msgs: 1.2.1 (/opt/ros/humble/share/rosgraph_msgs/cmake)
[1.579s] -- Found nav_msgs: 4.2.3 (/opt/ros/humble/share/nav_msgs/cmake)
[1.634s] -- Found rclcpp: 16.0.8 (/opt/ros/humble/share/rclcpp/cmake)
[1.670s] -- Found rmw_implementation_cmake: 6.1.1 (/opt/ros/humble/share/rmw_implementation_cmake/cmake)
[1.671s] -- Found rmw_fastrtps_cpp: 6.2.6 (/opt/ros/humble/share/rmw_fastrtps_cpp/cmake)
[1.785s] -- Using RMW implementation 'rmw_fastrtps_cpp' as default
[1.862s] -- Found tf2: 0.25.6 (/opt/ros/humble/share/tf2/cmake)
[1.878s] CMake Error at CMakeLists.txt:125 (find_package):
[1.878s]   By not providing "Find1.7.cmake" in CMAKE_MODULE_PATH this project has
[1.878s]   asked CMake to find a package configuration file provided by "1.7", but
[1.878s]   CMake did not find one.
[1.878s] 
[1.878s]   Could not find a package configuration file provided by "1.7" with any of
[1.878s]   the following names:
[1.878s] 
[1.878s]     1.7Config.cmake
[1.878s]     1.7-config.cmake
[1.878s] 
[1.879s]   Add the installation prefix of "1.7" to CMAKE_PREFIX_PATH or set "1.7_DIR"
[1.879s]   to a directory containing one of the above files.  If "1.7" provides a
[1.879s]   separate development package or SDK, be sure it has been installed.
[1.879s] 
[1.879s] 
[1.879s] -- Configuring incomplete, errors occurred!
[1.879s] See also "/home/ahmo030/ros2-migration/arena/arena-rosnav/utils/ros/rosnodes/spacial_horizon/build/spacial_horizon/CMakeFiles/CMakeOutput.log".
[1.885s] Invoked command in '/home/ahmo030/ros2-migration/arena/arena-rosnav/utils/ros/rosnodes/spacial_horizon/build/spacial_horizon' returned '1': CMAKE_PREFIX_PATH=/opt/ros/humble:${CMAKE_PREFIX_PATH} /usr/bin/cmake /home/ahmo030/ros2-migration/arena/arena-rosnav/utils/ros/rosnodes/spacial_horizon -DCMAKE_INSTALL_PREFIX=/home/ahmo030/ros2-migration/arena/arena-rosnav/utils/ros/rosnodes/spacial_horizon/install/spacial_horizon
