[0.035s] Invoking command in '/ros2-migration/build/tiago_controller_configuration': CMAKE_PREFIX_PATH=/ros2-migration/install/tiago_controller_configuration:/opt/ros/humble /usr/bin/cmake --build /ros2-migration/build/tiago_controller_configuration -- -j8 -l8
[0.074s] -- Found ament_cmake_auto: 1.3.9 (/opt/ros/humble/share/ament_cmake_auto/cmake)
[0.281s] -- Found ament_lint_auto: 0.12.11 (/opt/ros/humble/share/ament_lint_auto/cmake)
[0.293s] -- Added test 'copyright' to check source files copyright and LICENSE
[0.297s] -- Added test 'flake8' to check Python code syntax and style conventions
[0.298s] -- Added test 'lint_cmake' to check CMake code style
[0.299s] -- Added test 'pep257' to check Python code against some of the docstring style conventions in PEP 257
[0.302s] -- Added test 'xmllint' to check XML markup files
[0.305s] -- Configuring done
[0.314s] -- Generating done
[0.318s] -- Build files have been written to: /ros2-migration/build/tiago_controller_configuration
[0.352s] Invoked command in '/ros2-migration/build/tiago_controller_configuration' returned '0': CMAKE_PREFIX_PATH=/ros2-migration/install/tiago_controller_configuration:/opt/ros/humble /usr/bin/cmake --build /ros2-migration/build/tiago_controller_configuration -- -j8 -l8
[0.391s] Invoking command in '/ros2-migration/build/tiago_controller_configuration': CMAKE_PREFIX_PATH=/ros2-migration/install/tiago_controller_configuration:/opt/ros/humble /usr/bin/cmake --install /ros2-migration/build/tiago_controller_configuration
[0.856s] -- Install configuration: ""
[0.856s] -- Up-to-date: /ros2-migration/install/tiago_controller_configuration/share/tiago_controller_configuration/config
[0.856s] -- Up-to-date: /ros2-migration/install/tiago_controller_configuration/share/tiago_controller_configuration/config/ft_sensor_controller.yaml
[0.856s] -- Up-to-date: /ros2-migration/install/tiago_controller_configuration/share/tiago_controller_configuration/config/pmb2_controller.yaml
[0.856s] -- Up-to-date: /ros2-migration/install/tiago_controller_configuration/share/tiago_controller_configuration/config/arm_controller.yaml
[0.856s] -- Up-to-date: /ros2-migration/install/tiago_controller_configuration/share/tiago_controller_configuration/config/omni_base_controller.yaml
[0.856s] -- Up-to-date: /ros2-migration/install/tiago_controller_configuration/share/tiago_controller_configuration/config/torso_controller.yaml
[0.857s] -- Up-to-date: /ros2-migration/install/tiago_controller_configuration/share/tiago_controller_configuration/config/pmb2_joint_state_broadcaster.yaml
[0.858s] -- Up-to-date: /ros2-migration/install/tiago_controller_configuration/share/tiago_controller_configuration/config/gazebo_controller_manager_cfg.yaml
[0.858s] -- Up-to-date: /ros2-migration/install/tiago_controller_configuration/share/tiago_controller_configuration/config/head_controller.yaml
[0.858s] -- Up-to-date: /ros2-migration/install/tiago_controller_configuration/share/tiago_controller_configuration/config/gravity_compensation_controller.yaml
[0.858s] -- Up-to-date: /ros2-migration/install/tiago_controller_configuration/share/tiago_controller_configuration/config/omni_base_joint_state_broadcaster.yaml
[0.859s] -- Up-to-date: /ros2-migration/install/tiago_controller_configuration/share/tiago_controller_configuration/launch
[0.859s] -- Up-to-date: /ros2-migration/install/tiago_controller_configuration/share/tiago_controller_configuration/launch/gravity_compensation_controller.launch.py
[0.859s] -- Up-to-date: /ros2-migration/install/tiago_controller_configuration/share/tiago_controller_configuration/launch/default_controllers.launch.py
[0.859s] -- Up-to-date: /ros2-migration/install/tiago_controller_configuration/share/ament_index/resource_index/package_run_dependencies/tiago_controller_configuration
[0.859s] -- Installing: /ros2-migration/install/tiago_controller_configuration/share/ament_index/resource_index/parent_prefix_path/tiago_controller_configuration
[0.860s] -- Up-to-date: /ros2-migration/install/tiago_controller_configuration/share/tiago_controller_configuration/environment/ament_prefix_path.sh
[0.860s] -- Installing: /ros2-migration/install/tiago_controller_configuration/share/tiago_controller_configuration/environment/ament_prefix_path.dsv
[0.860s] -- Up-to-date: /ros2-migration/install/tiago_controller_configuration/share/tiago_controller_configuration/environment/path.sh
[0.860s] -- Installing: /ros2-migration/install/tiago_controller_configuration/share/tiago_controller_configuration/environment/path.dsv
[0.861s] -- Up-to-date: /ros2-migration/install/tiago_controller_configuration/share/tiago_controller_configuration/local_setup.bash
[0.861s] -- Up-to-date: /ros2-migration/install/tiago_controller_configuration/share/tiago_controller_configuration/local_setup.sh
[0.861s] -- Up-to-date: /ros2-migration/install/tiago_controller_configuration/share/tiago_controller_configuration/local_setup.zsh
[0.861s] -- Installing: /ros2-migration/install/tiago_controller_configuration/share/tiago_controller_configuration/local_setup.dsv
[0.861s] -- Installing: /ros2-migration/install/tiago_controller_configuration/share/tiago_controller_configuration/package.dsv
[0.861s] -- Up-to-date: /ros2-migration/install/tiago_controller_configuration/share/ament_index/resource_index/packages/tiago_controller_configuration
[0.861s] -- Up-to-date: /ros2-migration/install/tiago_controller_configuration/share/tiago_controller_configuration/cmake/tiago_controller_configurationConfig.cmake
[0.862s] -- Up-to-date: /ros2-migration/install/tiago_controller_configuration/share/tiago_controller_configuration/cmake/tiago_controller_configurationConfig-version.cmake
[0.862s] -- Up-to-date: /ros2-migration/install/tiago_controller_configuration/share/tiago_controller_configuration/package.xml
