[0.007s] Invoking command in '/home/ahmo030/ros2-migration/arena/utils/3rd-party-robot-packages/tiago/tiago_simulation/build/tiago_simulation': CMAKE_PREFIX_PATH=/opt/ros/humble:${CMAKE_PREFIX_PATH} /usr/bin/cmake --build /home/ahmo030/ros2-migration/arena/utils/3rd-party-robot-packages/tiago/tiago_simulation/build/tiago_simulation -- -j16 -l16
[0.029s] Invoked command in '/home/ahmo030/ros2-migration/arena/utils/3rd-party-robot-packages/tiago/tiago_simulation/build/tiago_simulation' returned '0': CMAKE_PREFIX_PATH=/opt/ros/humble:${CMAKE_PREFIX_PATH} /usr/bin/cmake --build /home/ahmo030/ros2-migration/arena/utils/3rd-party-robot-packages/tiago/tiago_simulation/build/tiago_simulation -- -j16 -l16
[0.047s] Invoking command in '/home/ahmo030/ros2-migration/arena/utils/3rd-party-robot-packages/tiago/tiago_simulation/build/tiago_simulation': CMAKE_PREFIX_PATH=/opt/ros/humble:${CMAKE_PREFIX_PATH} /usr/bin/cmake --install /home/ahmo030/ros2-migration/arena/utils/3rd-party-robot-packages/tiago/tiago_simulation/build/tiago_simulation
[0.051s] -- Install configuration: ""
[0.051s] -- Up-to-date: /home/ahmo030/ros2-migration/arena/utils/3rd-party-robot-packages/tiago/tiago_simulation/install/tiago_simulation/share/ament_index/resource_index/package_run_dependencies/tiago_simulation
[0.051s] -- Up-to-date: /home/ahmo030/ros2-migration/arena/utils/3rd-party-robot-packages/tiago/tiago_simulation/install/tiago_simulation/share/ament_index/resource_index/parent_prefix_path/tiago_simulation
[0.051s] -- Up-to-date: /home/ahmo030/ros2-migration/arena/utils/3rd-party-robot-packages/tiago/tiago_simulation/install/tiago_simulation/share/tiago_simulation/environment/ament_prefix_path.sh
[0.051s] -- Up-to-date: /home/ahmo030/ros2-migration/arena/utils/3rd-party-robot-packages/tiago/tiago_simulation/install/tiago_simulation/share/tiago_simulation/environment/ament_prefix_path.dsv
[0.052s] -- Up-to-date: /home/ahmo030/ros2-migration/arena/utils/3rd-party-robot-packages/tiago/tiago_simulation/install/tiago_simulation/share/tiago_simulation/environment/path.sh
[0.052s] -- Up-to-date: /home/ahmo030/ros2-migration/arena/utils/3rd-party-robot-packages/tiago/tiago_simulation/install/tiago_simulation/share/tiago_simulation/environment/path.dsv
[0.052s] -- Up-to-date: /home/ahmo030/ros2-migration/arena/utils/3rd-party-robot-packages/tiago/tiago_simulation/install/tiago_simulation/share/tiago_simulation/local_setup.bash
[0.052s] -- Up-to-date: /home/ahmo030/ros2-migration/arena/utils/3rd-party-robot-packages/tiago/tiago_simulation/install/tiago_simulation/share/tiago_simulation/local_setup.sh
[0.052s] -- Up-to-date: /home/ahmo030/ros2-migration/arena/utils/3rd-party-robot-packages/tiago/tiago_simulation/install/tiago_simulation/share/tiago_simulation/local_setup.zsh
[0.052s] -- Up-to-date: /home/ahmo030/ros2-migration/arena/utils/3rd-party-robot-packages/tiago/tiago_simulation/install/tiago_simulation/share/tiago_simulation/local_setup.dsv
[0.052s] -- Installing: /home/ahmo030/ros2-migration/arena/utils/3rd-party-robot-packages/tiago/tiago_simulation/install/tiago_simulation/share/tiago_simulation/package.dsv
[0.052s] -- Up-to-date: /home/ahmo030/ros2-migration/arena/utils/3rd-party-robot-packages/tiago/tiago_simulation/install/tiago_simulation/share/ament_index/resource_index/packages/tiago_simulation
[0.052s] -- Up-to-date: /home/ahmo030/ros2-migration/arena/utils/3rd-party-robot-packages/tiago/tiago_simulation/install/tiago_simulation/share/tiago_simulation/cmake/tiago_simulationConfig.cmake
[0.052s] -- Up-to-date: /home/ahmo030/ros2-migration/arena/utils/3rd-party-robot-packages/tiago/tiago_simulation/install/tiago_simulation/share/tiago_simulation/cmake/tiago_simulationConfig-version.cmake
[0.052s] -- Up-to-date: /home/ahmo030/ros2-migration/arena/utils/3rd-party-robot-packages/tiago/tiago_simulation/install/tiago_simulation/share/tiago_simulation/package.xml
[0.052s] Invoked command in '/home/ahmo030/ros2-migration/arena/utils/3rd-party-robot-packages/tiago/tiago_simulation/build/tiago_simulation' returned '0': CMAKE_PREFIX_PATH=/opt/ros/humble:${CMAKE_PREFIX_PATH} /usr/bin/cmake --install /home/ahmo030/ros2-migration/arena/utils/3rd-party-robot-packages/tiago/tiago_simulation/build/tiago_simulation
