-- The C compiler identification is GNU 11.4.0
-- The CXX compiler identification is GNU 11.4.0
-- Detecting C compiler ABI info
-- Detecting C compiler ABI info - done
-- Check for working C compiler: /usr/bin/cc - skipped
-- Detecting C compile features
-- Detecting C compile features - done
-- Detecting CXX compiler ABI info
-- Detecting CXX compiler ABI info - done
-- Check for working CXX compiler: /usr/bin/c++ - skipped
-- Detecting CXX compile features
-- Detecting CXX compile features - done
-- Found ament_cmake: 1.3.9 (/opt/ros/humble/share/ament_cmake/cmake)
-- Found Python3: /usr/bin/python3 (found version "3.10.12") found components: Interpreter 
-- Found rosidl_default_generators: 1.2.0 (/opt/ros/humble/share/rosidl_default_generators/cmake)
-- Using all available rosidl_typesupport_c: rosidl_typesupport_fastrtps_c;rosidl_typesupport_introspection_c
-- Found rosidl_adapter: 3.1.5 (/opt/ros/humble/share/rosidl_adapter/cmake)
-- Using all available rosidl_typesupport_cpp: rosidl_typesupport_fastrtps_cpp;rosidl_typesupport_introspection_cpp
-- Found geometry_msgs: 4.2.3 (/opt/ros/humble/share/geometry_msgs/cmake)
-- Found nav_msgs: 4.2.3 (/opt/ros/humble/share/nav_msgs/cmake)
-- Found sensor_msgs: 4.2.3 (/opt/ros/humble/share/sensor_msgs/cmake)
-- Found ament_cmake_ros: 0.10.0 (/opt/ros/humble/share/ament_cmake_ros/cmake)
-- Using all available rosidl_typesupport_c: rosidl_typesupport_fastrtps_c;rosidl_typesupport_introspection_c
-- Using all available rosidl_typesupport_cpp: rosidl_typesupport_fastrtps_cpp;rosidl_typesupport_introspection_cpp
-- Found PythonInterp: /usr/bin/python3 (found suitable version "3.10.12", minimum required is "3.6") 
-- Found python_cmake_module: 0.10.0 (/opt/ros/humble/share/python_cmake_module/cmake)
-- Found PythonLibs: /usr/lib/x86_64-linux-gnu/libpython3.10.so (found suitable version "3.10.12", minimum required is "3.5") 
-- Using PYTHON_EXECUTABLE: /usr/bin/python3
-- Using PYTHON_INCLUDE_DIRS: /usr/include/python3.10
-- Using PYTHON_LIBRARIES: /usr/lib/x86_64-linux-gnu/libpython3.10.so
-- Found PythonExtra: .so  
-- Configuring done
-- Generating done
[33mCMake Warning:
  Manually-specified variables were not used by the project:

    CATKIN_INSTALL_INTO_PREFIX_ROOT

[0m
-- Build files have been written to: /ros2-migration/arena/arena-rosnav/utils/ros/msgs/plan_msgs/build/plan_msgs
[  1%] [34m[1mGenerating C code for ROS interfaces[0m
[  3%] [34m[1mGenerating C++ code for ROS interfaces[0m
[  3%] Built target ament_cmake_python_copy_plan_msgs
running egg_info
creating plan_msgs.egg-info
writing plan_msgs.egg-info/PKG-INFO
writing dependency_links to plan_msgs.egg-info/dependency_links.txt
writing top-level names to plan_msgs.egg-info/top_level.txt
writing manifest file 'plan_msgs.egg-info/SOURCES.txt'
reading manifest file 'plan_msgs.egg-info/SOURCES.txt'
writing manifest file 'plan_msgs.egg-info/SOURCES.txt'
[  3%] Built target ament_cmake_python_build_plan_msgs_egg
[  3%] Built target plan_msgs__cpp
[  5%] [34m[1mGenerating C++ type support dispatch for ROS interfaces[0m
[  7%] [34m[1mGenerating C++ type support for eProsima Fast-RTPS[0m
[  9%] [34m[1mGenerating C++ introspection for ROS interfaces[0m
[ 14%] [32mBuilding C object CMakeFiles/plan_msgs__rosidl_generator_c.dir/rosidl_generator_c/plan_msgs/msg/detail/robot_state_stamped__functions.c.o[0m
[ 14%] [32mBuilding C object CMakeFiles/plan_msgs__rosidl_generator_c.dir/rosidl_generator_c/plan_msgs/srv/detail/subgoal__functions.c.o[0m
[ 16%] [32mBuilding C object CMakeFiles/plan_msgs__rosidl_generator_c.dir/rosidl_generator_c/plan_msgs/srv/detail/make_global_plan__functions.c.o[0m
[ 16%] [32mBuilding C object CMakeFiles/plan_msgs__rosidl_generator_c.dir/rosidl_generator_c/plan_msgs/msg/detail/robot_state__functions.c.o[0m
[ 18%] [32m[1mLinking C shared library libplan_msgs__rosidl_generator_c.so[0m
[ 18%] Built target plan_msgs__rosidl_generator_c
[ 23%] [34m[1mGenerating C type support for eProsima Fast-RTPS[0m
[ 23%] [34m[1mGenerating C type support dispatch for ROS interfaces[0m
[ 23%] [34m[1mGenerating C introspection for ROS interfaces[0m
[ 25%] [32mBuilding CXX object CMakeFiles/plan_msgs__rosidl_typesupport_cpp.dir/rosidl_typesupport_cpp/plan_msgs/msg/robot_state__type_support.cpp.o[0m
[ 27%] [32mBuilding CXX object CMakeFiles/plan_msgs__rosidl_typesupport_cpp.dir/rosidl_typesupport_cpp/plan_msgs/msg/robot_state_stamped__type_support.cpp.o[0m
[ 29%] [32mBuilding CXX object CMakeFiles/plan_msgs__rosidl_typesupport_cpp.dir/rosidl_typesupport_cpp/plan_msgs/srv/subgoal__type_support.cpp.o[0m
[ 30%] [32mBuilding CXX object CMakeFiles/plan_msgs__rosidl_typesupport_introspection_cpp.dir/rosidl_typesupport_introspection_cpp/plan_msgs/msg/detail/robot_state__type_support.cpp.o[0m
[ 32%] [32mBuilding CXX object CMakeFiles/plan_msgs__rosidl_typesupport_c.dir/rosidl_typesupport_c/plan_msgs/msg/robot_state__type_support.cpp.o[0m
[ 34%] [32mBuilding CXX object CMakeFiles/plan_msgs__rosidl_typesupport_fastrtps_cpp.dir/rosidl_typesupport_fastrtps_cpp/plan_msgs/msg/detail/dds_fastrtps/robot_state__type_support.cpp.o[0m
[ 36%] [32mBuilding CXX object CMakeFiles/plan_msgs__rosidl_typesupport_c.dir/rosidl_typesupport_c/plan_msgs/msg/robot_state_stamped__type_support.cpp.o[0m
[ 38%] [32mBuilding CXX object CMakeFiles/plan_msgs__rosidl_typesupport_c.dir/rosidl_typesupport_c/plan_msgs/srv/subgoal__type_support.cpp.o[0m
[ 40%] [32mBuilding CXX object CMakeFiles/plan_msgs__rosidl_typesupport_c.dir/rosidl_typesupport_c/plan_msgs/srv/make_global_plan__type_support.cpp.o[0m
[ 41%] [32m[1mLinking CXX shared library libplan_msgs__rosidl_typesupport_c.so[0m
[ 43%] [32mBuilding C object CMakeFiles/plan_msgs__rosidl_typesupport_introspection_c.dir/rosidl_typesupport_introspection_c/plan_msgs/msg/detail/robot_state__type_support.c.o[0m
[ 45%] [32mBuilding CXX object CMakeFiles/plan_msgs__rosidl_typesupport_cpp.dir/rosidl_typesupport_cpp/plan_msgs/srv/make_global_plan__type_support.cpp.o[0m
[ 45%] Built target plan_msgs__rosidl_typesupport_c
[ 47%] [32mBuilding C object CMakeFiles/plan_msgs__rosidl_typesupport_introspection_c.dir/rosidl_typesupport_introspection_c/plan_msgs/msg/detail/robot_state_stamped__type_support.c.o[0m
[ 49%] [32mBuilding C object CMakeFiles/plan_msgs__rosidl_typesupport_introspection_c.dir/rosidl_typesupport_introspection_c/plan_msgs/srv/detail/subgoal__type_support.c.o[0m
[ 50%] [32mBuilding CXX object CMakeFiles/plan_msgs__rosidl_typesupport_fastrtps_c.dir/rosidl_typesupport_fastrtps_c/plan_msgs/msg/detail/robot_state__type_support_c.cpp.o[0m
[ 52%] [32mBuilding CXX object CMakeFiles/plan_msgs__rosidl_typesupport_fastrtps_c.dir/rosidl_typesupport_fastrtps_c/plan_msgs/msg/detail/robot_state_stamped__type_support_c.cpp.o[0m
[ 54%] [32mBuilding C object CMakeFiles/plan_msgs__rosidl_typesupport_introspection_c.dir/rosidl_typesupport_introspection_c/plan_msgs/srv/detail/make_global_plan__type_support.c.o[0m
[ 56%] [32mBuilding CXX object CMakeFiles/plan_msgs__rosidl_typesupport_fastrtps_c.dir/rosidl_typesupport_fastrtps_c/plan_msgs/srv/detail/subgoal__type_support_c.cpp.o[0m
[ 58%] [32mBuilding CXX object CMakeFiles/plan_msgs__rosidl_typesupport_fastrtps_c.dir/rosidl_typesupport_fastrtps_c/plan_msgs/srv/detail/make_global_plan__type_support_c.cpp.o[0m
[ 60%] [32m[1mLinking C shared library libplan_msgs__rosidl_typesupport_introspection_c.so[0m
[ 61%] [32mBuilding CXX object CMakeFiles/plan_msgs__rosidl_typesupport_introspection_cpp.dir/rosidl_typesupport_introspection_cpp/plan_msgs/msg/detail/robot_state_stamped__type_support.cpp.o[0m
[ 61%] Built target plan_msgs__rosidl_typesupport_introspection_c
[ 63%] [32mBuilding CXX object CMakeFiles/plan_msgs__rosidl_typesupport_introspection_cpp.dir/rosidl_typesupport_introspection_cpp/plan_msgs/srv/detail/subgoal__type_support.cpp.o[0m
[ 65%] [32m[1mLinking CXX shared library libplan_msgs__rosidl_typesupport_cpp.so[0m
[ 67%] [32mBuilding CXX object CMakeFiles/plan_msgs__rosidl_typesupport_fastrtps_cpp.dir/rosidl_typesupport_fastrtps_cpp/plan_msgs/msg/detail/dds_fastrtps/robot_state_stamped__type_support.cpp.o[0m
[ 67%] Built target plan_msgs__rosidl_typesupport_cpp
[ 69%] [32mBuilding CXX object CMakeFiles/plan_msgs__rosidl_typesupport_fastrtps_cpp.dir/rosidl_typesupport_fastrtps_cpp/plan_msgs/srv/detail/dds_fastrtps/subgoal__type_support.cpp.o[0m
[ 70%] [32mBuilding CXX object CMakeFiles/plan_msgs__rosidl_typesupport_fastrtps_cpp.dir/rosidl_typesupport_fastrtps_cpp/plan_msgs/srv/detail/dds_fastrtps/make_global_plan__type_support.cpp.o[0m
[ 72%] [32mBuilding CXX object CMakeFiles/plan_msgs__rosidl_typesupport_introspection_cpp.dir/rosidl_typesupport_introspection_cpp/plan_msgs/srv/detail/make_global_plan__type_support.cpp.o[0m
[ 74%] [32m[1mLinking CXX shared library libplan_msgs__rosidl_typesupport_fastrtps_c.so[0m
[ 74%] Built target plan_msgs__rosidl_typesupport_fastrtps_c
[ 76%] [32m[1mLinking CXX shared library libplan_msgs__rosidl_typesupport_introspection_cpp.so[0m
[ 78%] [32m[1mLinking CXX shared library libplan_msgs__rosidl_typesupport_fastrtps_cpp.so[0m
[ 78%] Built target plan_msgs__rosidl_typesupport_introspection_cpp
[ 78%] Built target plan_msgs__rosidl_typesupport_fastrtps_cpp
[ 78%] Built target plan_msgs
[ 80%] [34m[1mGenerating Python code for ROS interfaces[0m
[ 80%] Built target plan_msgs__py
[ 85%] [32mBuilding C object CMakeFiles/plan_msgs__rosidl_generator_py.dir/rosidl_generator_py/plan_msgs/msg/_robot_state_stamped_s.c.o[0m
[ 85%] [32mBuilding C object CMakeFiles/plan_msgs__rosidl_generator_py.dir/rosidl_generator_py/plan_msgs/msg/_robot_state_s.c.o[0m
[ 85%] [32mBuilding C object CMakeFiles/plan_msgs__rosidl_generator_py.dir/rosidl_generator_py/plan_msgs/srv/_subgoal_s.c.o[0m
[ 87%] [32mBuilding C object CMakeFiles/plan_msgs__rosidl_generator_py.dir/rosidl_generator_py/plan_msgs/srv/_make_global_plan_s.c.o[0m
[ 89%] [32m[1mLinking C shared library rosidl_generator_py/plan_msgs/libplan_msgs__rosidl_generator_py.so[0m
[ 89%] Built target plan_msgs__rosidl_generator_py
[ 94%] [32mBuilding C object CMakeFiles/plan_msgs__rosidl_typesupport_fastrtps_c__pyext.dir/rosidl_generator_py/plan_msgs/_plan_msgs_s.ep.rosidl_typesupport_fastrtps_c.c.o[0m
[ 94%] [32mBuilding C object CMakeFiles/plan_msgs__rosidl_typesupport_introspection_c__pyext.dir/rosidl_generator_py/plan_msgs/_plan_msgs_s.ep.rosidl_typesupport_introspection_c.c.o[0m
[ 94%] [32mBuilding C object CMakeFiles/plan_msgs__rosidl_typesupport_c__pyext.dir/rosidl_generator_py/plan_msgs/_plan_msgs_s.ep.rosidl_typesupport_c.c.o[0m
[ 98%] [32m[1mLinking C shared library rosidl_generator_py/plan_msgs/plan_msgs_s__rosidl_typesupport_fastrtps_c.cpython-310-x86_64-linux-gnu.so[0m
[ 98%] [32m[1mLinking C shared library rosidl_generator_py/plan_msgs/plan_msgs_s__rosidl_typesupport_introspection_c.cpython-310-x86_64-linux-gnu.so[0m
[100%] [32m[1mLinking C shared library rosidl_generator_py/plan_msgs/plan_msgs_s__rosidl_typesupport_c.cpython-310-x86_64-linux-gnu.so[0m
[100%] Built target plan_msgs__rosidl_typesupport_introspection_c__pyext
[100%] Built target plan_msgs__rosidl_typesupport_c__pyext
[100%] Built target plan_msgs__rosidl_typesupport_fastrtps_c__pyext
-- Install configuration: ""
-- Installing: /ros2-migration/arena/arena-rosnav/utils/ros/msgs/plan_msgs/install/plan_msgs/share/ament_index/resource_index/rosidl_interfaces/plan_msgs
-- Installing: /ros2-migration/arena/arena-rosnav/utils/ros/msgs/plan_msgs/install/plan_msgs/include/plan_msgs/plan_msgs
-- Installing: /ros2-migration/arena/arena-rosnav/utils/ros/msgs/plan_msgs/install/plan_msgs/include/plan_msgs/plan_msgs/msg
-- Installing: /ros2-migration/arena/arena-rosnav/utils/ros/msgs/plan_msgs/install/plan_msgs/include/plan_msgs/plan_msgs/msg/detail
-- Installing: /ros2-migration/arena/arena-rosnav/utils/ros/msgs/plan_msgs/install/plan_msgs/include/plan_msgs/plan_msgs/msg/detail/robot_state__functions.c
-- Installing: /ros2-migration/arena/arena-rosnav/utils/ros/msgs/plan_msgs/install/plan_msgs/include/plan_msgs/plan_msgs/msg/detail/robot_state__struct.h
-- Installing: /ros2-migration/arena/arena-rosnav/utils/ros/msgs/plan_msgs/install/plan_msgs/include/plan_msgs/plan_msgs/msg/detail/robot_state_stamped__type_support.h
-- Installing: /ros2-migration/arena/arena-rosnav/utils/ros/msgs/plan_msgs/install/plan_msgs/include/plan_msgs/plan_msgs/msg/detail/robot_state_stamped__functions.c
-- Installing: /ros2-migration/arena/arena-rosnav/utils/ros/msgs/plan_msgs/install/plan_msgs/include/plan_msgs/plan_msgs/msg/detail/robot_state__type_support.h
-- Installing: /ros2-migration/arena/arena-rosnav/utils/ros/msgs/plan_msgs/install/plan_msgs/include/plan_msgs/plan_msgs/msg/detail/robot_state_stamped__functions.h
-- Installing: /ros2-migration/arena/arena-rosnav/utils/ros/msgs/plan_msgs/install/plan_msgs/include/plan_msgs/plan_msgs/msg/detail/robot_state__functions.h
-- Installing: /ros2-migration/arena/arena-rosnav/utils/ros/msgs/plan_msgs/install/plan_msgs/include/plan_msgs/plan_msgs/msg/detail/robot_state_stamped__struct.h
-- Installing: /ros2-migration/arena/arena-rosnav/utils/ros/msgs/plan_msgs/install/plan_msgs/include/plan_msgs/plan_msgs/msg/robot_state_stamped.h
-- Installing: /ros2-migration/arena/arena-rosnav/utils/ros/msgs/plan_msgs/install/plan_msgs/include/plan_msgs/plan_msgs/msg/rosidl_generator_c__visibility_control.h
-- Installing: /ros2-migration/arena/arena-rosnav/utils/ros/msgs/plan_msgs/install/plan_msgs/include/plan_msgs/plan_msgs/msg/robot_state.h
-- Installing: /ros2-migration/arena/arena-rosnav/utils/ros/msgs/plan_msgs/install/plan_msgs/include/plan_msgs/plan_msgs/srv
-- Installing: /ros2-migration/arena/arena-rosnav/utils/ros/msgs/plan_msgs/install/plan_msgs/include/plan_msgs/plan_msgs/srv/make_global_plan.h
-- Installing: /ros2-migration/arena/arena-rosnav/utils/ros/msgs/plan_msgs/install/plan_msgs/include/plan_msgs/plan_msgs/srv/detail
-- Installing: /ros2-migration/arena/arena-rosnav/utils/ros/msgs/plan_msgs/install/plan_msgs/include/plan_msgs/plan_msgs/srv/detail/subgoal__type_support.h
-- Installing: /ros2-migration/arena/arena-rosnav/utils/ros/msgs/plan_msgs/install/plan_msgs/include/plan_msgs/plan_msgs/srv/detail/make_global_plan__type_support.h
-- Installing: /ros2-migration/arena/arena-rosnav/utils/ros/msgs/plan_msgs/install/plan_msgs/include/plan_msgs/plan_msgs/srv/detail/subgoal__functions.c
-- Installing: /ros2-migration/arena/arena-rosnav/utils/ros/msgs/plan_msgs/install/plan_msgs/include/plan_msgs/plan_msgs/srv/detail/make_global_plan__functions.h
-- Installing: /ros2-migration/arena/arena-rosnav/utils/ros/msgs/plan_msgs/install/plan_msgs/include/plan_msgs/plan_msgs/srv/detail/subgoal__struct.h
-- Installing: /ros2-migration/arena/arena-rosnav/utils/ros/msgs/plan_msgs/install/plan_msgs/include/plan_msgs/plan_msgs/srv/detail/make_global_plan__struct.h
-- Installing: /ros2-migration/arena/arena-rosnav/utils/ros/msgs/plan_msgs/install/plan_msgs/include/plan_msgs/plan_msgs/srv/detail/make_global_plan__functions.c
-- Installing: /ros2-migration/arena/arena-rosnav/utils/ros/msgs/plan_msgs/install/plan_msgs/include/plan_msgs/plan_msgs/srv/detail/subgoal__functions.h
-- Installing: /ros2-migration/arena/arena-rosnav/utils/ros/msgs/plan_msgs/install/plan_msgs/include/plan_msgs/plan_msgs/srv/subgoal.h
-- Installing: /ros2-migration/arena/arena-rosnav/utils/ros/msgs/plan_msgs/install/plan_msgs/share/plan_msgs/environment/library_path.sh
-- Installing: /ros2-migration/arena/arena-rosnav/utils/ros/msgs/plan_msgs/install/plan_msgs/share/plan_msgs/environment/library_path.dsv
-- Installing: /ros2-migration/arena/arena-rosnav/utils/ros/msgs/plan_msgs/install/plan_msgs/lib/libplan_msgs__rosidl_generator_c.so
-- Set runtime path of "/ros2-migration/arena/arena-rosnav/utils/ros/msgs/plan_msgs/install/plan_msgs/lib/libplan_msgs__rosidl_generator_c.so" to ""
-- Up-to-date: /ros2-migration/arena/arena-rosnav/utils/ros/msgs/plan_msgs/install/plan_msgs/include/plan_msgs/plan_msgs
-- Up-to-date: /ros2-migration/arena/arena-rosnav/utils/ros/msgs/plan_msgs/install/plan_msgs/include/plan_msgs/plan_msgs/msg
-- Up-to-date: /ros2-migration/arena/arena-rosnav/utils/ros/msgs/plan_msgs/install/plan_msgs/include/plan_msgs/plan_msgs/msg/detail
-- Installing: /ros2-migration/arena/arena-rosnav/utils/ros/msgs/plan_msgs/install/plan_msgs/include/plan_msgs/plan_msgs/msg/detail/robot_state__rosidl_typesupport_fastrtps_c.h
-- Installing: /ros2-migration/arena/arena-rosnav/utils/ros/msgs/plan_msgs/install/plan_msgs/include/plan_msgs/plan_msgs/msg/detail/robot_state_stamped__rosidl_typesupport_fastrtps_c.h
-- Installing: /ros2-migration/arena/arena-rosnav/utils/ros/msgs/plan_msgs/install/plan_msgs/include/plan_msgs/plan_msgs/msg/rosidl_typesupport_fastrtps_c__visibility_control.h
-- Up-to-date: /ros2-migration/arena/arena-rosnav/utils/ros/msgs/plan_msgs/install/plan_msgs/include/plan_msgs/plan_msgs/srv
-- Up-to-date: /ros2-migration/arena/arena-rosnav/utils/ros/msgs/plan_msgs/install/plan_msgs/include/plan_msgs/plan_msgs/srv/detail
-- Installing: /ros2-migration/arena/arena-rosnav/utils/ros/msgs/plan_msgs/install/plan_msgs/include/plan_msgs/plan_msgs/srv/detail/subgoal__rosidl_typesupport_fastrtps_c.h
-- Installing: /ros2-migration/arena/arena-rosnav/utils/ros/msgs/plan_msgs/install/plan_msgs/include/plan_msgs/plan_msgs/srv/detail/make_global_plan__rosidl_typesupport_fastrtps_c.h
-- Installing: /ros2-migration/arena/arena-rosnav/utils/ros/msgs/plan_msgs/install/plan_msgs/lib/libplan_msgs__rosidl_typesupport_fastrtps_c.so
-- Set runtime path of "/ros2-migration/arena/arena-rosnav/utils/ros/msgs/plan_msgs/install/plan_msgs/lib/libplan_msgs__rosidl_typesupport_fastrtps_c.so" to ""
-- Up-to-date: /ros2-migration/arena/arena-rosnav/utils/ros/msgs/plan_msgs/install/plan_msgs/include/plan_msgs/plan_msgs
-- Up-to-date: /ros2-migration/arena/arena-rosnav/utils/ros/msgs/plan_msgs/install/plan_msgs/include/plan_msgs/plan_msgs/msg
-- Up-to-date: /ros2-migration/arena/arena-rosnav/utils/ros/msgs/plan_msgs/install/plan_msgs/include/plan_msgs/plan_msgs/msg/detail
-- Installing: /ros2-migration/arena/arena-rosnav/utils/ros/msgs/plan_msgs/install/plan_msgs/include/plan_msgs/plan_msgs/msg/detail/robot_state__type_support.c
-- Installing: /ros2-migration/arena/arena-rosnav/utils/ros/msgs/plan_msgs/install/plan_msgs/include/plan_msgs/plan_msgs/msg/detail/robot_state_stamped__rosidl_typesupport_introspection_c.h
-- Installing: /ros2-migration/arena/arena-rosnav/utils/ros/msgs/plan_msgs/install/plan_msgs/include/plan_msgs/plan_msgs/msg/detail/robot_state__rosidl_typesupport_introspection_c.h
-- Installing: /ros2-migration/arena/arena-rosnav/utils/ros/msgs/plan_msgs/install/plan_msgs/include/plan_msgs/plan_msgs/msg/detail/robot_state_stamped__type_support.c
-- Installing: /ros2-migration/arena/arena-rosnav/utils/ros/msgs/plan_msgs/install/plan_msgs/include/plan_msgs/plan_msgs/msg/rosidl_typesupport_introspection_c__visibility_control.h
-- Up-to-date: /ros2-migration/arena/arena-rosnav/utils/ros/msgs/plan_msgs/install/plan_msgs/include/plan_msgs/plan_msgs/srv
-- Up-to-date: /ros2-migration/arena/arena-rosnav/utils/ros/msgs/plan_msgs/install/plan_msgs/include/plan_msgs/plan_msgs/srv/detail
-- Installing: /ros2-migration/arena/arena-rosnav/utils/ros/msgs/plan_msgs/install/plan_msgs/include/plan_msgs/plan_msgs/srv/detail/make_global_plan__rosidl_typesupport_introspection_c.h
-- Installing: /ros2-migration/arena/arena-rosnav/utils/ros/msgs/plan_msgs/install/plan_msgs/include/plan_msgs/plan_msgs/srv/detail/make_global_plan__type_support.c
-- Installing: /ros2-migration/arena/arena-rosnav/utils/ros/msgs/plan_msgs/install/plan_msgs/include/plan_msgs/plan_msgs/srv/detail/subgoal__type_support.c
-- Installing: /ros2-migration/arena/arena-rosnav/utils/ros/msgs/plan_msgs/install/plan_msgs/include/plan_msgs/plan_msgs/srv/detail/subgoal__rosidl_typesupport_introspection_c.h
-- Installing: /ros2-migration/arena/arena-rosnav/utils/ros/msgs/plan_msgs/install/plan_msgs/lib/libplan_msgs__rosidl_typesupport_introspection_c.so
-- Set runtime path of "/ros2-migration/arena/arena-rosnav/utils/ros/msgs/plan_msgs/install/plan_msgs/lib/libplan_msgs__rosidl_typesupport_introspection_c.so" to ""
-- Installing: /ros2-migration/arena/arena-rosnav/utils/ros/msgs/plan_msgs/install/plan_msgs/lib/libplan_msgs__rosidl_typesupport_c.so
-- Set runtime path of "/ros2-migration/arena/arena-rosnav/utils/ros/msgs/plan_msgs/install/plan_msgs/lib/libplan_msgs__rosidl_typesupport_c.so" to ""
-- Up-to-date: /ros2-migration/arena/arena-rosnav/utils/ros/msgs/plan_msgs/install/plan_msgs/include/plan_msgs/plan_msgs
-- Up-to-date: /ros2-migration/arena/arena-rosnav/utils/ros/msgs/plan_msgs/install/plan_msgs/include/plan_msgs/plan_msgs/msg
-- Up-to-date: /ros2-migration/arena/arena-rosnav/utils/ros/msgs/plan_msgs/install/plan_msgs/include/plan_msgs/plan_msgs/msg/detail
-- Installing: /ros2-migration/arena/arena-rosnav/utils/ros/msgs/plan_msgs/install/plan_msgs/include/plan_msgs/plan_msgs/msg/detail/robot_state__builder.hpp
-- Installing: /ros2-migration/arena/arena-rosnav/utils/ros/msgs/plan_msgs/install/plan_msgs/include/plan_msgs/plan_msgs/msg/detail/robot_state_stamped__struct.hpp
-- Installing: /ros2-migration/arena/arena-rosnav/utils/ros/msgs/plan_msgs/install/plan_msgs/include/plan_msgs/plan_msgs/msg/detail/robot_state_stamped__traits.hpp
-- Installing: /ros2-migration/arena/arena-rosnav/utils/ros/msgs/plan_msgs/install/plan_msgs/include/plan_msgs/plan_msgs/msg/detail/robot_state__traits.hpp
-- Installing: /ros2-migration/arena/arena-rosnav/utils/ros/msgs/plan_msgs/install/plan_msgs/include/plan_msgs/plan_msgs/msg/detail/robot_state_stamped__builder.hpp
-- Installing: /ros2-migration/arena/arena-rosnav/utils/ros/msgs/plan_msgs/install/plan_msgs/include/plan_msgs/plan_msgs/msg/detail/robot_state__struct.hpp
-- Installing: /ros2-migration/arena/arena-rosnav/utils/ros/msgs/plan_msgs/install/plan_msgs/include/plan_msgs/plan_msgs/msg/robot_state_stamped.hpp
-- Installing: /ros2-migration/arena/arena-rosnav/utils/ros/msgs/plan_msgs/install/plan_msgs/include/plan_msgs/plan_msgs/msg/robot_state.hpp
-- Up-to-date: /ros2-migration/arena/arena-rosnav/utils/ros/msgs/plan_msgs/install/plan_msgs/include/plan_msgs/plan_msgs/srv
-- Installing: /ros2-migration/arena/arena-rosnav/utils/ros/msgs/plan_msgs/install/plan_msgs/include/plan_msgs/plan_msgs/srv/subgoal.hpp
-- Up-to-date: /ros2-migration/arena/arena-rosnav/utils/ros/msgs/plan_msgs/install/plan_msgs/include/plan_msgs/plan_msgs/srv/detail
-- Installing: /ros2-migration/arena/arena-rosnav/utils/ros/msgs/plan_msgs/install/plan_msgs/include/plan_msgs/plan_msgs/srv/detail/make_global_plan__builder.hpp
-- Installing: /ros2-migration/arena/arena-rosnav/utils/ros/msgs/plan_msgs/install/plan_msgs/include/plan_msgs/plan_msgs/srv/detail/subgoal__traits.hpp
-- Installing: /ros2-migration/arena/arena-rosnav/utils/ros/msgs/plan_msgs/install/plan_msgs/include/plan_msgs/plan_msgs/srv/detail/subgoal__struct.hpp
-- Installing: /ros2-migration/arena/arena-rosnav/utils/ros/msgs/plan_msgs/install/plan_msgs/include/plan_msgs/plan_msgs/srv/detail/subgoal__builder.hpp
-- Installing: /ros2-migration/arena/arena-rosnav/utils/ros/msgs/plan_msgs/install/plan_msgs/include/plan_msgs/plan_msgs/srv/detail/make_global_plan__traits.hpp
-- Installing: /ros2-migration/arena/arena-rosnav/utils/ros/msgs/plan_msgs/install/plan_msgs/include/plan_msgs/plan_msgs/srv/detail/make_global_plan__struct.hpp
-- Installing: /ros2-migration/arena/arena-rosnav/utils/ros/msgs/plan_msgs/install/plan_msgs/include/plan_msgs/plan_msgs/srv/make_global_plan.hpp
-- Up-to-date: /ros2-migration/arena/arena-rosnav/utils/ros/msgs/plan_msgs/install/plan_msgs/include/plan_msgs/plan_msgs
-- Up-to-date: /ros2-migration/arena/arena-rosnav/utils/ros/msgs/plan_msgs/install/plan_msgs/include/plan_msgs/plan_msgs/msg
-- Up-to-date: /ros2-migration/arena/arena-rosnav/utils/ros/msgs/plan_msgs/install/plan_msgs/include/plan_msgs/plan_msgs/msg/detail
-- Installing: /ros2-migration/arena/arena-rosnav/utils/ros/msgs/plan_msgs/install/plan_msgs/include/plan_msgs/plan_msgs/msg/detail/robot_state__rosidl_typesupport_fastrtps_cpp.hpp
-- Installing: /ros2-migration/arena/arena-rosnav/utils/ros/msgs/plan_msgs/install/plan_msgs/include/plan_msgs/plan_msgs/msg/detail/robot_state_stamped__rosidl_typesupport_fastrtps_cpp.hpp
-- Installing: /ros2-migration/arena/arena-rosnav/utils/ros/msgs/plan_msgs/install/plan_msgs/include/plan_msgs/plan_msgs/msg/detail/dds_fastrtps
-- Installing: /ros2-migration/arena/arena-rosnav/utils/ros/msgs/plan_msgs/install/plan_msgs/include/plan_msgs/plan_msgs/msg/rosidl_typesupport_fastrtps_cpp__visibility_control.h
-- Up-to-date: /ros2-migration/arena/arena-rosnav/utils/ros/msgs/plan_msgs/install/plan_msgs/include/plan_msgs/plan_msgs/srv
-- Up-to-date: /ros2-migration/arena/arena-rosnav/utils/ros/msgs/plan_msgs/install/plan_msgs/include/plan_msgs/plan_msgs/srv/detail
-- Installing: /ros2-migration/arena/arena-rosnav/utils/ros/msgs/plan_msgs/install/plan_msgs/include/plan_msgs/plan_msgs/srv/detail/subgoal__rosidl_typesupport_fastrtps_cpp.hpp
-- Installing: /ros2-migration/arena/arena-rosnav/utils/ros/msgs/plan_msgs/install/plan_msgs/include/plan_msgs/plan_msgs/srv/detail/dds_fastrtps
-- Installing: /ros2-migration/arena/arena-rosnav/utils/ros/msgs/plan_msgs/install/plan_msgs/include/plan_msgs/plan_msgs/srv/detail/make_global_plan__rosidl_typesupport_fastrtps_cpp.hpp
-- Installing: /ros2-migration/arena/arena-rosnav/utils/ros/msgs/plan_msgs/install/plan_msgs/lib/libplan_msgs__rosidl_typesupport_fastrtps_cpp.so
-- Set runtime path of "/ros2-migration/arena/arena-rosnav/utils/ros/msgs/plan_msgs/install/plan_msgs/lib/libplan_msgs__rosidl_typesupport_fastrtps_cpp.so" to ""
-- Up-to-date: /ros2-migration/arena/arena-rosnav/utils/ros/msgs/plan_msgs/install/plan_msgs/include/plan_msgs/plan_msgs
-- Up-to-date: /ros2-migration/arena/arena-rosnav/utils/ros/msgs/plan_msgs/install/plan_msgs/include/plan_msgs/plan_msgs/msg
-- Up-to-date: /ros2-migration/arena/arena-rosnav/utils/ros/msgs/plan_msgs/install/plan_msgs/include/plan_msgs/plan_msgs/msg/detail
-- Installing: /ros2-migration/arena/arena-rosnav/utils/ros/msgs/plan_msgs/install/plan_msgs/include/plan_msgs/plan_msgs/msg/detail/robot_state__type_support.cpp
-- Installing: /ros2-migration/arena/arena-rosnav/utils/ros/msgs/plan_msgs/install/plan_msgs/include/plan_msgs/plan_msgs/msg/detail/robot_state_stamped__type_support.cpp
-- Installing: /ros2-migration/arena/arena-rosnav/utils/ros/msgs/plan_msgs/install/plan_msgs/include/plan_msgs/plan_msgs/msg/detail/robot_state__rosidl_typesupport_introspection_cpp.hpp
-- Installing: /ros2-migration/arena/arena-rosnav/utils/ros/msgs/plan_msgs/install/plan_msgs/include/plan_msgs/plan_msgs/msg/detail/robot_state_stamped__rosidl_typesupport_introspection_cpp.hpp
-- Up-to-date: /ros2-migration/arena/arena-rosnav/utils/ros/msgs/plan_msgs/install/plan_msgs/include/plan_msgs/plan_msgs/srv
-- Up-to-date: /ros2-migration/arena/arena-rosnav/utils/ros/msgs/plan_msgs/install/plan_msgs/include/plan_msgs/plan_msgs/srv/detail
-- Installing: /ros2-migration/arena/arena-rosnav/utils/ros/msgs/plan_msgs/install/plan_msgs/include/plan_msgs/plan_msgs/srv/detail/subgoal__rosidl_typesupport_introspection_cpp.hpp
-- Installing: /ros2-migration/arena/arena-rosnav/utils/ros/msgs/plan_msgs/install/plan_msgs/include/plan_msgs/plan_msgs/srv/detail/make_global_plan__type_support.cpp
-- Installing: /ros2-migration/arena/arena-rosnav/utils/ros/msgs/plan_msgs/install/plan_msgs/include/plan_msgs/plan_msgs/srv/detail/subgoal__type_support.cpp
-- Installing: /ros2-migration/arena/arena-rosnav/utils/ros/msgs/plan_msgs/install/plan_msgs/include/plan_msgs/plan_msgs/srv/detail/make_global_plan__rosidl_typesupport_introspection_cpp.hpp
-- Installing: /ros2-migration/arena/arena-rosnav/utils/ros/msgs/plan_msgs/install/plan_msgs/lib/libplan_msgs__rosidl_typesupport_introspection_cpp.so
-- Set runtime path of "/ros2-migration/arena/arena-rosnav/utils/ros/msgs/plan_msgs/install/plan_msgs/lib/libplan_msgs__rosidl_typesupport_introspection_cpp.so" to ""
-- Installing: /ros2-migration/arena/arena-rosnav/utils/ros/msgs/plan_msgs/install/plan_msgs/lib/libplan_msgs__rosidl_typesupport_cpp.so
-- Set runtime path of "/ros2-migration/arena/arena-rosnav/utils/ros/msgs/plan_msgs/install/plan_msgs/lib/libplan_msgs__rosidl_typesupport_cpp.so" to ""
-- Installing: /ros2-migration/arena/arena-rosnav/utils/ros/msgs/plan_msgs/install/plan_msgs/share/plan_msgs/environment/pythonpath.sh
-- Installing: /ros2-migration/arena/arena-rosnav/utils/ros/msgs/plan_msgs/install/plan_msgs/share/plan_msgs/environment/pythonpath.dsv
-- Installing: /ros2-migration/arena/arena-rosnav/utils/ros/msgs/plan_msgs/install/plan_msgs/local/lib/python3.10/dist-packages/plan_msgs-0.0.0-py3.10.egg-info
-- Installing: /ros2-migration/arena/arena-rosnav/utils/ros/msgs/plan_msgs/install/plan_msgs/local/lib/python3.10/dist-packages/plan_msgs-0.0.0-py3.10.egg-info/SOURCES.txt
-- Installing: /ros2-migration/arena/arena-rosnav/utils/ros/msgs/plan_msgs/install/plan_msgs/local/lib/python3.10/dist-packages/plan_msgs-0.0.0-py3.10.egg-info/dependency_links.txt
-- Installing: /ros2-migration/arena/arena-rosnav/utils/ros/msgs/plan_msgs/install/plan_msgs/local/lib/python3.10/dist-packages/plan_msgs-0.0.0-py3.10.egg-info/top_level.txt
-- Installing: /ros2-migration/arena/arena-rosnav/utils/ros/msgs/plan_msgs/install/plan_msgs/local/lib/python3.10/dist-packages/plan_msgs-0.0.0-py3.10.egg-info/PKG-INFO
-- Installing: /ros2-migration/arena/arena-rosnav/utils/ros/msgs/plan_msgs/install/plan_msgs/local/lib/python3.10/dist-packages/plan_msgs
-- Installing: /ros2-migration/arena/arena-rosnav/utils/ros/msgs/plan_msgs/install/plan_msgs/local/lib/python3.10/dist-packages/plan_msgs/libplan_msgs__rosidl_generator_py.so
-- Installing: /ros2-migration/arena/arena-rosnav/utils/ros/msgs/plan_msgs/install/plan_msgs/local/lib/python3.10/dist-packages/plan_msgs/plan_msgs_s__rosidl_typesupport_fastrtps_c.cpython-310-x86_64-linux-gnu.so
-- Installing: /ros2-migration/arena/arena-rosnav/utils/ros/msgs/plan_msgs/install/plan_msgs/local/lib/python3.10/dist-packages/plan_msgs/_plan_msgs_s.ep.rosidl_typesupport_fastrtps_c.c
-- Installing: /ros2-migration/arena/arena-rosnav/utils/ros/msgs/plan_msgs/install/plan_msgs/local/lib/python3.10/dist-packages/plan_msgs/msg
-- Installing: /ros2-migration/arena/arena-rosnav/utils/ros/msgs/plan_msgs/install/plan_msgs/local/lib/python3.10/dist-packages/plan_msgs/msg/__init__.py
-- Installing: /ros2-migration/arena/arena-rosnav/utils/ros/msgs/plan_msgs/install/plan_msgs/local/lib/python3.10/dist-packages/plan_msgs/msg/_robot_state_stamped_s.c
-- Installing: /ros2-migration/arena/arena-rosnav/utils/ros/msgs/plan_msgs/install/plan_msgs/local/lib/python3.10/dist-packages/plan_msgs/msg/_robot_state_s.c
-- Installing: /ros2-migration/arena/arena-rosnav/utils/ros/msgs/plan_msgs/install/plan_msgs/local/lib/python3.10/dist-packages/plan_msgs/msg/_robot_state_stamped.py
-- Installing: /ros2-migration/arena/arena-rosnav/utils/ros/msgs/plan_msgs/install/plan_msgs/local/lib/python3.10/dist-packages/plan_msgs/msg/_robot_state.py
-- Installing: /ros2-migration/arena/arena-rosnav/utils/ros/msgs/plan_msgs/install/plan_msgs/local/lib/python3.10/dist-packages/plan_msgs/_plan_msgs_s.ep.rosidl_typesupport_introspection_c.c
-- Installing: /ros2-migration/arena/arena-rosnav/utils/ros/msgs/plan_msgs/install/plan_msgs/local/lib/python3.10/dist-packages/plan_msgs/srv
-- Installing: /ros2-migration/arena/arena-rosnav/utils/ros/msgs/plan_msgs/install/plan_msgs/local/lib/python3.10/dist-packages/plan_msgs/srv/__init__.py
-- Installing: /ros2-migration/arena/arena-rosnav/utils/ros/msgs/plan_msgs/install/plan_msgs/local/lib/python3.10/dist-packages/plan_msgs/srv/_make_global_plan.py
-- Installing: /ros2-migration/arena/arena-rosnav/utils/ros/msgs/plan_msgs/install/plan_msgs/local/lib/python3.10/dist-packages/plan_msgs/srv/_subgoal_s.c
-- Installing: /ros2-migration/arena/arena-rosnav/utils/ros/msgs/plan_msgs/install/plan_msgs/local/lib/python3.10/dist-packages/plan_msgs/srv/_subgoal.py
-- Installing: /ros2-migration/arena/arena-rosnav/utils/ros/msgs/plan_msgs/install/plan_msgs/local/lib/python3.10/dist-packages/plan_msgs/srv/_make_global_plan_s.c
-- Installing: /ros2-migration/arena/arena-rosnav/utils/ros/msgs/plan_msgs/install/plan_msgs/local/lib/python3.10/dist-packages/plan_msgs/__init__.py
-- Installing: /ros2-migration/arena/arena-rosnav/utils/ros/msgs/plan_msgs/install/plan_msgs/local/lib/python3.10/dist-packages/plan_msgs/plan_msgs_s__rosidl_typesupport_c.cpython-310-x86_64-linux-gnu.so
-- Installing: /ros2-migration/arena/arena-rosnav/utils/ros/msgs/plan_msgs/install/plan_msgs/local/lib/python3.10/dist-packages/plan_msgs/_plan_msgs_s.ep.rosidl_typesupport_c.c
-- Installing: /ros2-migration/arena/arena-rosnav/utils/ros/msgs/plan_msgs/install/plan_msgs/local/lib/python3.10/dist-packages/plan_msgs/plan_msgs_s__rosidl_typesupport_introspection_c.cpython-310-x86_64-linux-gnu.so
Listing '/ros2-migration/arena/arena-rosnav/utils/ros/msgs/plan_msgs/install/plan_msgs/local/lib/python3.10/dist-packages/plan_msgs'...
Compiling '/ros2-migration/arena/arena-rosnav/utils/ros/msgs/plan_msgs/install/plan_msgs/local/lib/python3.10/dist-packages/plan_msgs/__init__.py'...
Listing '/ros2-migration/arena/arena-rosnav/utils/ros/msgs/plan_msgs/install/plan_msgs/local/lib/python3.10/dist-packages/plan_msgs/msg'...
Compiling '/ros2-migration/arena/arena-rosnav/utils/ros/msgs/plan_msgs/install/plan_msgs/local/lib/python3.10/dist-packages/plan_msgs/msg/__init__.py'...
Compiling '/ros2-migration/arena/arena-rosnav/utils/ros/msgs/plan_msgs/install/plan_msgs/local/lib/python3.10/dist-packages/plan_msgs/msg/_robot_state.py'...
Compiling '/ros2-migration/arena/arena-rosnav/utils/ros/msgs/plan_msgs/install/plan_msgs/local/lib/python3.10/dist-packages/plan_msgs/msg/_robot_state_stamped.py'...
Listing '/ros2-migration/arena/arena-rosnav/utils/ros/msgs/plan_msgs/install/plan_msgs/local/lib/python3.10/dist-packages/plan_msgs/srv'...
Compiling '/ros2-migration/arena/arena-rosnav/utils/ros/msgs/plan_msgs/install/plan_msgs/local/lib/python3.10/dist-packages/plan_msgs/srv/__init__.py'...
Compiling '/ros2-migration/arena/arena-rosnav/utils/ros/msgs/plan_msgs/install/plan_msgs/local/lib/python3.10/dist-packages/plan_msgs/srv/_make_global_plan.py'...
Compiling '/ros2-migration/arena/arena-rosnav/utils/ros/msgs/plan_msgs/install/plan_msgs/local/lib/python3.10/dist-packages/plan_msgs/srv/_subgoal.py'...
-- Installing: /ros2-migration/arena/arena-rosnav/utils/ros/msgs/plan_msgs/install/plan_msgs/local/lib/python3.10/dist-packages/plan_msgs/plan_msgs_s__rosidl_typesupport_fastrtps_c.cpython-310-x86_64-linux-gnu.so
-- Set runtime path of "/ros2-migration/arena/arena-rosnav/utils/ros/msgs/plan_msgs/install/plan_msgs/local/lib/python3.10/dist-packages/plan_msgs/plan_msgs_s__rosidl_typesupport_fastrtps_c.cpython-310-x86_64-linux-gnu.so" to ""
-- Installing: /ros2-migration/arena/arena-rosnav/utils/ros/msgs/plan_msgs/install/plan_msgs/local/lib/python3.10/dist-packages/plan_msgs/plan_msgs_s__rosidl_typesupport_introspection_c.cpython-310-x86_64-linux-gnu.so
-- Set runtime path of "/ros2-migration/arena/arena-rosnav/utils/ros/msgs/plan_msgs/install/plan_msgs/local/lib/python3.10/dist-packages/plan_msgs/plan_msgs_s__rosidl_typesupport_introspection_c.cpython-310-x86_64-linux-gnu.so" to ""
-- Installing: /ros2-migration/arena/arena-rosnav/utils/ros/msgs/plan_msgs/install/plan_msgs/local/lib/python3.10/dist-packages/plan_msgs/plan_msgs_s__rosidl_typesupport_c.cpython-310-x86_64-linux-gnu.so
-- Set runtime path of "/ros2-migration/arena/arena-rosnav/utils/ros/msgs/plan_msgs/install/plan_msgs/local/lib/python3.10/dist-packages/plan_msgs/plan_msgs_s__rosidl_typesupport_c.cpython-310-x86_64-linux-gnu.so" to ""
-- Installing: /ros2-migration/arena/arena-rosnav/utils/ros/msgs/plan_msgs/install/plan_msgs/lib/libplan_msgs__rosidl_generator_py.so
-- Set runtime path of "/ros2-migration/arena/arena-rosnav/utils/ros/msgs/plan_msgs/install/plan_msgs/lib/libplan_msgs__rosidl_generator_py.so" to ""
-- Installing: /ros2-migration/arena/arena-rosnav/utils/ros/msgs/plan_msgs/install/plan_msgs/share/plan_msgs/msg/RobotState.idl
-- Installing: /ros2-migration/arena/arena-rosnav/utils/ros/msgs/plan_msgs/install/plan_msgs/share/plan_msgs/msg/RobotStateStamped.idl
-- Installing: /ros2-migration/arena/arena-rosnav/utils/ros/msgs/plan_msgs/install/plan_msgs/share/plan_msgs/srv/Subgoal.idl
-- Installing: /ros2-migration/arena/arena-rosnav/utils/ros/msgs/plan_msgs/install/plan_msgs/share/plan_msgs/srv/MakeGlobalPlan.idl
-- Installing: /ros2-migration/arena/arena-rosnav/utils/ros/msgs/plan_msgs/install/plan_msgs/share/plan_msgs/msg/RobotState.msg
-- Installing: /ros2-migration/arena/arena-rosnav/utils/ros/msgs/plan_msgs/install/plan_msgs/share/plan_msgs/msg/RobotStateStamped.msg
-- Installing: /ros2-migration/arena/arena-rosnav/utils/ros/msgs/plan_msgs/install/plan_msgs/share/plan_msgs/srv/Subgoal.srv
-- Installing: /ros2-migration/arena/arena-rosnav/utils/ros/msgs/plan_msgs/install/plan_msgs/share/plan_msgs/srv/Subgoal_Request.msg
-- Installing: /ros2-migration/arena/arena-rosnav/utils/ros/msgs/plan_msgs/install/plan_msgs/share/plan_msgs/srv/Subgoal_Response.msg
-- Installing: /ros2-migration/arena/arena-rosnav/utils/ros/msgs/plan_msgs/install/plan_msgs/share/plan_msgs/srv/MakeGlobalPlan.srv
-- Installing: /ros2-migration/arena/arena-rosnav/utils/ros/msgs/plan_msgs/install/plan_msgs/share/plan_msgs/srv/MakeGlobalPlan_Request.msg
-- Installing: /ros2-migration/arena/arena-rosnav/utils/ros/msgs/plan_msgs/install/plan_msgs/share/plan_msgs/srv/MakeGlobalPlan_Response.msg
-- Installing: /ros2-migration/arena/arena-rosnav/utils/ros/msgs/plan_msgs/install/plan_msgs/share/ament_index/resource_index/package_run_dependencies/plan_msgs
-- Installing: /ros2-migration/arena/arena-rosnav/utils/ros/msgs/plan_msgs/install/plan_msgs/share/ament_index/resource_index/parent_prefix_path/plan_msgs
-- Installing: /ros2-migration/arena/arena-rosnav/utils/ros/msgs/plan_msgs/install/plan_msgs/share/plan_msgs/environment/ament_prefix_path.sh
-- Installing: /ros2-migration/arena/arena-rosnav/utils/ros/msgs/plan_msgs/install/plan_msgs/share/plan_msgs/environment/ament_prefix_path.dsv
-- Installing: /ros2-migration/arena/arena-rosnav/utils/ros/msgs/plan_msgs/install/plan_msgs/share/plan_msgs/environment/path.sh
-- Installing: /ros2-migration/arena/arena-rosnav/utils/ros/msgs/plan_msgs/install/plan_msgs/share/plan_msgs/environment/path.dsv
-- Installing: /ros2-migration/arena/arena-rosnav/utils/ros/msgs/plan_msgs/install/plan_msgs/share/plan_msgs/local_setup.bash
-- Installing: /ros2-migration/arena/arena-rosnav/utils/ros/msgs/plan_msgs/install/plan_msgs/share/plan_msgs/local_setup.sh
-- Installing: /ros2-migration/arena/arena-rosnav/utils/ros/msgs/plan_msgs/install/plan_msgs/share/plan_msgs/local_setup.zsh
-- Installing: /ros2-migration/arena/arena-rosnav/utils/ros/msgs/plan_msgs/install/plan_msgs/share/plan_msgs/local_setup.dsv
-- Installing: /ros2-migration/arena/arena-rosnav/utils/ros/msgs/plan_msgs/install/plan_msgs/share/plan_msgs/package.dsv
-- Installing: /ros2-migration/arena/arena-rosnav/utils/ros/msgs/plan_msgs/install/plan_msgs/share/ament_index/resource_index/packages/plan_msgs
-- Installing: /ros2-migration/arena/arena-rosnav/utils/ros/msgs/plan_msgs/install/plan_msgs/share/plan_msgs/cmake/export_plan_msgs__rosidl_generator_cExport.cmake
-- Installing: /ros2-migration/arena/arena-rosnav/utils/ros/msgs/plan_msgs/install/plan_msgs/share/plan_msgs/cmake/export_plan_msgs__rosidl_generator_cExport-noconfig.cmake
-- Installing: /ros2-migration/arena/arena-rosnav/utils/ros/msgs/plan_msgs/install/plan_msgs/share/plan_msgs/cmake/export_plan_msgs__rosidl_typesupport_fastrtps_cExport.cmake
-- Installing: /ros2-migration/arena/arena-rosnav/utils/ros/msgs/plan_msgs/install/plan_msgs/share/plan_msgs/cmake/export_plan_msgs__rosidl_typesupport_fastrtps_cExport-noconfig.cmake
-- Installing: /ros2-migration/arena/arena-rosnav/utils/ros/msgs/plan_msgs/install/plan_msgs/share/plan_msgs/cmake/plan_msgs__rosidl_typesupport_introspection_cExport.cmake
-- Installing: /ros2-migration/arena/arena-rosnav/utils/ros/msgs/plan_msgs/install/plan_msgs/share/plan_msgs/cmake/plan_msgs__rosidl_typesupport_introspection_cExport-noconfig.cmake
-- Installing: /ros2-migration/arena/arena-rosnav/utils/ros/msgs/plan_msgs/install/plan_msgs/share/plan_msgs/cmake/plan_msgs__rosidl_typesupport_cExport.cmake
-- Installing: /ros2-migration/arena/arena-rosnav/utils/ros/msgs/plan_msgs/install/plan_msgs/share/plan_msgs/cmake/plan_msgs__rosidl_typesupport_cExport-noconfig.cmake
-- Installing: /ros2-migration/arena/arena-rosnav/utils/ros/msgs/plan_msgs/install/plan_msgs/share/plan_msgs/cmake/export_plan_msgs__rosidl_generator_cppExport.cmake
-- Installing: /ros2-migration/arena/arena-rosnav/utils/ros/msgs/plan_msgs/install/plan_msgs/share/plan_msgs/cmake/export_plan_msgs__rosidl_typesupport_fastrtps_cppExport.cmake
-- Installing: /ros2-migration/arena/arena-rosnav/utils/ros/msgs/plan_msgs/install/plan_msgs/share/plan_msgs/cmake/export_plan_msgs__rosidl_typesupport_fastrtps_cppExport-noconfig.cmake
-- Installing: /ros2-migration/arena/arena-rosnav/utils/ros/msgs/plan_msgs/install/plan_msgs/share/plan_msgs/cmake/plan_msgs__rosidl_typesupport_introspection_cppExport.cmake
-- Installing: /ros2-migration/arena/arena-rosnav/utils/ros/msgs/plan_msgs/install/plan_msgs/share/plan_msgs/cmake/plan_msgs__rosidl_typesupport_introspection_cppExport-noconfig.cmake
-- Installing: /ros2-migration/arena/arena-rosnav/utils/ros/msgs/plan_msgs/install/plan_msgs/share/plan_msgs/cmake/plan_msgs__rosidl_typesupport_cppExport.cmake
-- Installing: /ros2-migration/arena/arena-rosnav/utils/ros/msgs/plan_msgs/install/plan_msgs/share/plan_msgs/cmake/plan_msgs__rosidl_typesupport_cppExport-noconfig.cmake
-- Installing: /ros2-migration/arena/arena-rosnav/utils/ros/msgs/plan_msgs/install/plan_msgs/share/plan_msgs/cmake/export_plan_msgs__rosidl_generator_pyExport.cmake
-- Installing: /ros2-migration/arena/arena-rosnav/utils/ros/msgs/plan_msgs/install/plan_msgs/share/plan_msgs/cmake/export_plan_msgs__rosidl_generator_pyExport-noconfig.cmake
-- Installing: /ros2-migration/arena/arena-rosnav/utils/ros/msgs/plan_msgs/install/plan_msgs/share/plan_msgs/cmake/rosidl_cmake-extras.cmake
-- Installing: /ros2-migration/arena/arena-rosnav/utils/ros/msgs/plan_msgs/install/plan_msgs/share/plan_msgs/cmake/ament_cmake_export_dependencies-extras.cmake
-- Installing: /ros2-migration/arena/arena-rosnav/utils/ros/msgs/plan_msgs/install/plan_msgs/share/plan_msgs/cmake/ament_cmake_export_include_directories-extras.cmake
-- Installing: /ros2-migration/arena/arena-rosnav/utils/ros/msgs/plan_msgs/install/plan_msgs/share/plan_msgs/cmake/ament_cmake_export_libraries-extras.cmake
-- Installing: /ros2-migration/arena/arena-rosnav/utils/ros/msgs/plan_msgs/install/plan_msgs/share/plan_msgs/cmake/ament_cmake_export_targets-extras.cmake
-- Installing: /ros2-migration/arena/arena-rosnav/utils/ros/msgs/plan_msgs/install/plan_msgs/share/plan_msgs/cmake/rosidl_cmake_export_typesupport_targets-extras.cmake
-- Installing: /ros2-migration/arena/arena-rosnav/utils/ros/msgs/plan_msgs/install/plan_msgs/share/plan_msgs/cmake/rosidl_cmake_export_typesupport_libraries-extras.cmake
-- Installing: /ros2-migration/arena/arena-rosnav/utils/ros/msgs/plan_msgs/install/plan_msgs/share/plan_msgs/cmake/plan_msgsConfig.cmake
-- Installing: /ros2-migration/arena/arena-rosnav/utils/ros/msgs/plan_msgs/install/plan_msgs/share/plan_msgs/cmake/plan_msgsConfig-version.cmake
-- Installing: /ros2-migration/arena/arena-rosnav/utils/ros/msgs/plan_msgs/install/plan_msgs/share/plan_msgs/package.xml
