[0.006s] Invoking command in '/home/ahmo030/ros2-migration/arena/utils/navigation/build/navigation': CMAKE_PREFIX_PATH=/opt/ros/humble:${CMAKE_PREFIX_PATH} /usr/bin/cmake --build /home/ahmo030/ros2-migration/arena/utils/navigation/build/navigation -- -j16 -l16
[0.021s] Invoked command in '/home/ahmo030/ros2-migration/arena/utils/navigation/build/navigation' returned '0': CMAKE_PREFIX_PATH=/opt/ros/humble:${CMAKE_PREFIX_PATH} /usr/bin/cmake --build /home/ahmo030/ros2-migration/arena/utils/navigation/build/navigation -- -j16 -l16
[0.040s] Invoking command in '/home/ahmo030/ros2-migration/arena/utils/navigation/build/navigation': CMAKE_PREFIX_PATH=/opt/ros/humble:${CMAKE_PREFIX_PATH} /usr/bin/cmake --install /home/ahmo030/ros2-migration/arena/utils/navigation/build/navigation
[0.047s] -- Install configuration: ""
[0.047s] -- Up-to-date: /home/ahmo030/ros2-migration/arena/utils/navigation/install/navigation/share/ament_index/resource_index/package_run_dependencies/navigation
[0.047s] -- Up-to-date: /home/ahmo030/ros2-migration/arena/utils/navigation/install/navigation/share/ament_index/resource_index/parent_prefix_path/navigation
[0.047s] -- Up-to-date: /home/ahmo030/ros2-migration/arena/utils/navigation/install/navigation/share/navigation/environment/ament_prefix_path.sh
[0.047s] -- Up-to-date: /home/ahmo030/ros2-migration/arena/utils/navigation/install/navigation/share/navigation/environment/ament_prefix_path.dsv
[0.048s] -- Up-to-date: /home/ahmo030/ros2-migration/arena/utils/navigation/install/navigation/share/navigation/environment/path.sh
[0.048s] -- Up-to-date: /home/ahmo030/ros2-migration/arena/utils/navigation/install/navigation/share/navigation/environment/path.dsv
[0.048s] -- Up-to-date: /home/ahmo030/ros2-migration/arena/utils/navigation/install/navigation/share/navigation/local_setup.bash
[0.048s] -- Up-to-date: /home/ahmo030/ros2-migration/arena/utils/navigation/install/navigation/share/navigation/local_setup.sh
[0.048s] -- Up-to-date: /home/ahmo030/ros2-migration/arena/utils/navigation/install/navigation/share/navigation/local_setup.zsh
[0.048s] -- Up-to-date: /home/ahmo030/ros2-migration/arena/utils/navigation/install/navigation/share/navigation/local_setup.dsv
[0.048s] -- Installing: /home/ahmo030/ros2-migration/arena/utils/navigation/install/navigation/share/navigation/package.dsv
[0.048s] -- Up-to-date: /home/ahmo030/ros2-migration/arena/utils/navigation/install/navigation/share/ament_index/resource_index/packages/navigation
[0.048s] -- Up-to-date: /home/ahmo030/ros2-migration/arena/utils/navigation/install/navigation/share/navigation/cmake/ament_cmake_export_dependencies-extras.cmake
[0.048s] -- Up-to-date: /home/ahmo030/ros2-migration/arena/utils/navigation/install/navigation/share/navigation/cmake/navigationConfig.cmake
[0.048s] -- Up-to-date: /home/ahmo030/ros2-migration/arena/utils/navigation/install/navigation/share/navigation/cmake/navigationConfig-version.cmake
[0.048s] -- Up-to-date: /home/ahmo030/ros2-migration/arena/utils/navigation/install/navigation/share/navigation/package.xml
[0.048s] Invoked command in '/home/ahmo030/ros2-migration/arena/utils/navigation/build/navigation' returned '0': CMAKE_PREFIX_PATH=/opt/ros/humble:${CMAKE_PREFIX_PATH} /usr/bin/cmake --install /home/ahmo030/ros2-migration/arena/utils/navigation/build/navigation
