[0.090s] DEBUG:colcon:Command line arguments: ['/home/ahmo030/.local/bin/colcon', 'build', '--packages-select', 'map_clock_simulator']
[0.090s] DEBUG:colcon:Parsed command line arguments: Namespace(log_base=None, log_level=None, verb_name='build', build_base='build', install_base='install', merge_install=False, symlink_install=False, test_result_base=None, continue_on_error=False, executor='parallel', parallel_workers=16, event_handlers=None, ignore_user_meta=False, metas=['./colcon.meta'], base_paths=['.'], packages_ignore=None, packages_ignore_regex=None, paths=None, packages_up_to=None, packages_up_to_regex=None, packages_above=None, packages_above_and_dependencies=None, packages_above_depth=None, packages_select_by_dep=None, packages_skip_by_dep=None, packages_skip_up_to=None, packages_select_build_failed=False, packages_skip_build_finished=False, packages_select_test_failures=False, packages_skip_test_passed=False, packages_select=['map_clock_simulator'], packages_skip=None, packages_select_regex=None, packages_skip_regex=None, packages_start=None, packages_end=None, cmake_args=None, cmake_target=None, cmake_target_skip_unavailable=False, cmake_clean_cache=False, cmake_clean_first=False, cmake_force_configure=False, ament_cmake_args=None, catkin_cmake_args=None, catkin_skip_building_tests=False, verb_parser=<colcon_defaults.argument_parser.defaults.DefaultArgumentsDecorator object at 0x7f37507d0ee0>, verb_extension=<colcon_core.verb.build.BuildVerb object at 0x7f37508cda50>, main=<bound method BuildVerb.main of <colcon_core.verb.build.BuildVerb object at 0x7f37508cda50>>)
[0.249s] Level 1:colcon.colcon_core.package_discovery:discover_packages(colcon_meta) check parameters
[0.249s] Level 1:colcon.colcon_core.package_discovery:discover_packages(recursive) check parameters
[0.249s] Level 1:colcon.colcon_core.package_discovery:discover_packages(ignore) check parameters
[0.249s] Level 1:colcon.colcon_core.package_discovery:discover_packages(path) check parameters
[0.249s] Level 1:colcon.colcon_core.package_discovery:discover_packages(colcon_meta) discover
[0.249s] Level 1:colcon.colcon_core.package_discovery:discover_packages(recursive) discover
[0.249s] INFO:colcon.colcon_core.package_discovery:Crawling recursively for packages in '/home/ahmo030/ros2-migration/arena/arena-rosnav/utils/ros/rosnodes/map_clock_simulator'
[0.249s] Level 1:colcon.colcon_core.package_identification:_identify(.) by extensions ['ignore', 'ignore_ament_install']
[0.249s] Level 1:colcon.colcon_core.package_identification:_identify(.) by extension 'ignore'
[0.249s] Level 1:colcon.colcon_core.package_identification:_identify(.) by extension 'ignore_ament_install'
[0.249s] Level 1:colcon.colcon_core.package_identification:_identify(.) by extensions ['colcon_pkg']
[0.249s] Level 1:colcon.colcon_core.package_identification:_identify(.) by extension 'colcon_pkg'
[0.249s] Level 1:colcon.colcon_core.package_identification:_identify(.) by extensions ['colcon_meta']
[0.249s] Level 1:colcon.colcon_core.package_identification:_identify(.) by extension 'colcon_meta'
[0.249s] Level 1:colcon.colcon_core.package_identification:_identify(.) by extensions ['ros']
[0.249s] Level 1:colcon.colcon_core.package_identification:_identify(.) by extension 'ros'
[0.265s] DEBUG:colcon.colcon_core.package_identification:Package '.' with type 'ros.catkin' and name 'map_clock_simulator'
[0.265s] Level 1:colcon.colcon_core.package_discovery:discover_packages(recursive) using defaults
[0.265s] Level 1:colcon.colcon_core.package_discovery:discover_packages(ignore) discover
[0.265s] Level 1:colcon.colcon_core.package_discovery:discover_packages(ignore) using defaults
[0.265s] Level 1:colcon.colcon_core.package_discovery:discover_packages(path) discover
[0.265s] Level 1:colcon.colcon_core.package_discovery:discover_packages(path) using defaults
[0.277s] Level 5:colcon.colcon_core.verb:set package 'map_clock_simulator' build argument 'cmake_args' from command line to 'None'
[0.277s] Level 5:colcon.colcon_core.verb:set package 'map_clock_simulator' build argument 'cmake_target' from command line to 'None'
[0.277s] Level 5:colcon.colcon_core.verb:set package 'map_clock_simulator' build argument 'cmake_target_skip_unavailable' from command line to 'False'
[0.277s] Level 5:colcon.colcon_core.verb:set package 'map_clock_simulator' build argument 'cmake_clean_cache' from command line to 'False'
[0.277s] Level 5:colcon.colcon_core.verb:set package 'map_clock_simulator' build argument 'cmake_clean_first' from command line to 'False'
[0.277s] Level 5:colcon.colcon_core.verb:set package 'map_clock_simulator' build argument 'cmake_force_configure' from command line to 'False'
[0.277s] Level 5:colcon.colcon_core.verb:set package 'map_clock_simulator' build argument 'ament_cmake_args' from command line to 'None'
[0.277s] Level 5:colcon.colcon_core.verb:set package 'map_clock_simulator' build argument 'catkin_cmake_args' from command line to 'None'
[0.277s] Level 5:colcon.colcon_core.verb:set package 'map_clock_simulator' build argument 'catkin_skip_building_tests' from command line to 'False'
[0.277s] DEBUG:colcon.colcon_core.verb:Building package 'map_clock_simulator' with the following arguments: {'ament_cmake_args': None, 'build_base': '/home/ahmo030/ros2-migration/arena/arena-rosnav/utils/ros/rosnodes/map_clock_simulator/build/map_clock_simulator', 'catkin_cmake_args': None, 'catkin_skip_building_tests': False, 'cmake_args': None, 'cmake_clean_cache': False, 'cmake_clean_first': False, 'cmake_force_configure': False, 'cmake_target': None, 'cmake_target_skip_unavailable': False, 'install_base': '/home/ahmo030/ros2-migration/arena/arena-rosnav/utils/ros/rosnodes/map_clock_simulator/install/map_clock_simulator', 'merge_install': False, 'path': '/home/ahmo030/ros2-migration/arena/arena-rosnav/utils/ros/rosnodes/map_clock_simulator', 'symlink_install': False, 'test_result_base': None}
[0.277s] INFO:colcon.colcon_core.executor:Executing jobs using 'parallel' executor
[0.278s] DEBUG:colcon.colcon_parallel_executor.executor.parallel:run_until_complete
[0.278s] INFO:colcon.colcon_ros.task.catkin.build:Building ROS package in '/home/ahmo030/ros2-migration/arena/arena-rosnav/utils/ros/rosnodes/map_clock_simulator' with build type 'catkin'
[0.278s] INFO:colcon.colcon_cmake.task.cmake.build:Building CMake package in '/home/ahmo030/ros2-migration/arena/arena-rosnav/utils/ros/rosnodes/map_clock_simulator'
[0.279s] INFO:colcon.colcon_core.plugin_system:Skipping extension 'colcon_core.shell.bat': Not used on non-Windows systems
[0.279s] INFO:colcon.colcon_core.shell:Skip shell extension 'powershell' for command environment: Not usable outside of PowerShell
[0.279s] DEBUG:colcon.colcon_core.shell:Skip shell extension 'dsv' for command environment
[0.279s] WARNING:colcon.colcon_ros.prefix_path.catkin:The path '/home/ahmo030/arena_ws/devel' in the environment variable CMAKE_PREFIX_PATH seems to be a catkin workspace but it doesn't contain any 'local_setup.*' files. Maybe the catkin version is not up-to-date?
[0.281s] DEBUG:colcon.colcon_core.shell:Ignoring prefix path '/home/ahmo030/packages_ws/devel'
[0.284s] DEBUG:colcon.colcon_core.event_handler.log_command:Invoking command in '/home/ahmo030/ros2-migration/arena/arena-rosnav/utils/ros/rosnodes/map_clock_simulator/build/map_clock_simulator': /usr/bin/cmake --build /home/ahmo030/ros2-migration/arena/arena-rosnav/utils/ros/rosnodes/map_clock_simulator/build/map_clock_simulator -- -j16 -l16
[0.302s] DEBUG:colcon.colcon_core.event_handler.log_command:Invoked command in '/home/ahmo030/ros2-migration/arena/arena-rosnav/utils/ros/rosnodes/map_clock_simulator/build/map_clock_simulator' returned '0': /usr/bin/cmake --build /home/ahmo030/ros2-migration/arena/arena-rosnav/utils/ros/rosnodes/map_clock_simulator/build/map_clock_simulator -- -j16 -l16
[0.331s] DEBUG:colcon.colcon_core.event_handler.log_command:Invoking command in '/home/ahmo030/ros2-migration/arena/arena-rosnav/utils/ros/rosnodes/map_clock_simulator/build/map_clock_simulator': /usr/bin/cmake --install /home/ahmo030/ros2-migration/arena/arena-rosnav/utils/ros/rosnodes/map_clock_simulator/build/map_clock_simulator
[0.335s] DEBUG:colcon.colcon_core.event_handler.log_command:Invoked command in '/home/ahmo030/ros2-migration/arena/arena-rosnav/utils/ros/rosnodes/map_clock_simulator/build/map_clock_simulator' returned '0': /usr/bin/cmake --install /home/ahmo030/ros2-migration/arena/arena-rosnav/utils/ros/rosnodes/map_clock_simulator/build/map_clock_simulator
[0.345s] Level 1:colcon.colcon_core.shell:create_environment_hook('map_clock_simulator', 'ros_package_path')
[0.345s] INFO:colcon.colcon_core.shell:Creating environment hook '/home/ahmo030/ros2-migration/arena/arena-rosnav/utils/ros/rosnodes/map_clock_simulator/install/map_clock_simulator/share/map_clock_simulator/hook/ros_package_path.ps1'
[0.345s] INFO:colcon.colcon_core.shell:Creating environment descriptor '/home/ahmo030/ros2-migration/arena/arena-rosnav/utils/ros/rosnodes/map_clock_simulator/install/map_clock_simulator/share/map_clock_simulator/hook/ros_package_path.dsv'
[0.346s] INFO:colcon.colcon_core.shell:Creating environment hook '/home/ahmo030/ros2-migration/arena/arena-rosnav/utils/ros/rosnodes/map_clock_simulator/install/map_clock_simulator/share/map_clock_simulator/hook/ros_package_path.sh'
[0.346s] Level 1:colcon.colcon_core.shell:create_environment_hook('map_clock_simulator', 'pkg_config_path')
[0.346s] INFO:colcon.colcon_core.shell:Creating environment hook '/home/ahmo030/ros2-migration/arena/arena-rosnav/utils/ros/rosnodes/map_clock_simulator/install/map_clock_simulator/share/map_clock_simulator/hook/pkg_config_path.ps1'
[0.346s] INFO:colcon.colcon_core.shell:Creating environment descriptor '/home/ahmo030/ros2-migration/arena/arena-rosnav/utils/ros/rosnodes/map_clock_simulator/install/map_clock_simulator/share/map_clock_simulator/hook/pkg_config_path.dsv'
[0.346s] INFO:colcon.colcon_core.shell:Creating environment hook '/home/ahmo030/ros2-migration/arena/arena-rosnav/utils/ros/rosnodes/map_clock_simulator/install/map_clock_simulator/share/map_clock_simulator/hook/pkg_config_path.sh'
[0.347s] Level 1:colcon.colcon_core.shell:create_environment_hook('map_clock_simulator', 'pkg_config_path_multiarch')
[0.348s] INFO:colcon.colcon_core.shell:Creating environment hook '/home/ahmo030/ros2-migration/arena/arena-rosnav/utils/ros/rosnodes/map_clock_simulator/install/map_clock_simulator/share/map_clock_simulator/hook/pkg_config_path_multiarch.ps1'
[0.348s] INFO:colcon.colcon_core.shell:Creating environment descriptor '/home/ahmo030/ros2-migration/arena/arena-rosnav/utils/ros/rosnodes/map_clock_simulator/install/map_clock_simulator/share/map_clock_simulator/hook/pkg_config_path_multiarch.dsv'
[0.348s] INFO:colcon.colcon_core.shell:Creating environment hook '/home/ahmo030/ros2-migration/arena/arena-rosnav/utils/ros/rosnodes/map_clock_simulator/install/map_clock_simulator/share/map_clock_simulator/hook/pkg_config_path_multiarch.sh'
[0.348s] Level 1:colcon.colcon_core.environment:create_environment_scripts_only(map_clock_simulator)
[0.350s] Level 1:colcon.colcon_core.environment:checking '/home/ahmo030/ros2-migration/arena/arena-rosnav/utils/ros/rosnodes/map_clock_simulator/install/map_clock_simulator' for CMake module files
[0.350s] Level 1:colcon.colcon_core.environment:checking '/home/ahmo030/ros2-migration/arena/arena-rosnav/utils/ros/rosnodes/map_clock_simulator/install/map_clock_simulator' for CMake config files
[0.350s] Level 1:colcon.colcon_core.shell:create_environment_hook('map_clock_simulator', 'cmake_prefix_path')
[0.350s] INFO:colcon.colcon_core.shell:Creating environment hook '/home/ahmo030/ros2-migration/arena/arena-rosnav/utils/ros/rosnodes/map_clock_simulator/install/map_clock_simulator/share/map_clock_simulator/hook/cmake_prefix_path.ps1'
[0.350s] INFO:colcon.colcon_core.shell:Creating environment descriptor '/home/ahmo030/ros2-migration/arena/arena-rosnav/utils/ros/rosnodes/map_clock_simulator/install/map_clock_simulator/share/map_clock_simulator/hook/cmake_prefix_path.dsv'
[0.350s] INFO:colcon.colcon_core.shell:Creating environment hook '/home/ahmo030/ros2-migration/arena/arena-rosnav/utils/ros/rosnodes/map_clock_simulator/install/map_clock_simulator/share/map_clock_simulator/hook/cmake_prefix_path.sh'
[0.351s] Level 1:colcon.colcon_core.environment:checking '/home/ahmo030/ros2-migration/arena/arena-rosnav/utils/ros/rosnodes/map_clock_simulator/install/map_clock_simulator/bin'
[0.351s] Level 1:colcon.colcon_core.environment:checking '/home/ahmo030/ros2-migration/arena/arena-rosnav/utils/ros/rosnodes/map_clock_simulator/install/map_clock_simulator/lib/pkgconfig/map_clock_simulator.pc'
[0.352s] Level 1:colcon.colcon_core.environment:checking '/home/ahmo030/ros2-migration/arena/arena-rosnav/utils/ros/rosnodes/map_clock_simulator/install/map_clock_simulator/lib/python3.10/site-packages'
[0.352s] Level 1:colcon.colcon_core.environment:checking '/home/ahmo030/ros2-migration/arena/arena-rosnav/utils/ros/rosnodes/map_clock_simulator/install/map_clock_simulator/bin'
[0.352s] INFO:colcon.colcon_core.shell:Creating package script '/home/ahmo030/ros2-migration/arena/arena-rosnav/utils/ros/rosnodes/map_clock_simulator/install/map_clock_simulator/share/map_clock_simulator/package.ps1'
[0.353s] INFO:colcon.colcon_core.shell:Creating package descriptor '/home/ahmo030/ros2-migration/arena/arena-rosnav/utils/ros/rosnodes/map_clock_simulator/install/map_clock_simulator/share/map_clock_simulator/package.dsv'
[0.353s] INFO:colcon.colcon_core.shell:Creating package script '/home/ahmo030/ros2-migration/arena/arena-rosnav/utils/ros/rosnodes/map_clock_simulator/install/map_clock_simulator/share/map_clock_simulator/package.sh'
[0.353s] INFO:colcon.colcon_core.shell:Creating package script '/home/ahmo030/ros2-migration/arena/arena-rosnav/utils/ros/rosnodes/map_clock_simulator/install/map_clock_simulator/share/map_clock_simulator/package.bash'
[0.354s] INFO:colcon.colcon_core.shell:Creating package script '/home/ahmo030/ros2-migration/arena/arena-rosnav/utils/ros/rosnodes/map_clock_simulator/install/map_clock_simulator/share/map_clock_simulator/package.zsh'
[0.354s] Level 1:colcon.colcon_core.environment:create_file_with_runtime_dependencies(/home/ahmo030/ros2-migration/arena/arena-rosnav/utils/ros/rosnodes/map_clock_simulator/install/map_clock_simulator/share/colcon-core/packages/map_clock_simulator)
[0.354s] DEBUG:colcon.colcon_parallel_executor.executor.parallel:closing loop
[0.355s] DEBUG:colcon.colcon_parallel_executor.executor.parallel:loop closed
[0.355s] DEBUG:colcon.colcon_parallel_executor.executor.parallel:run_until_complete finished with '0'
[0.355s] DEBUG:colcon.colcon_core.event_reactor:joining thread
[0.357s] INFO:colcon.colcon_core.plugin_system:Skipping extension 'colcon_notification.desktop_notification.terminal_notifier': Not used on non-Darwin systems
[0.357s] INFO:colcon.colcon_core.plugin_system:Skipping extension 'colcon_notification.desktop_notification.win32': Not used on non-Windows systems
[0.357s] INFO:colcon.colcon_notification.desktop_notification:Sending desktop notification using 'notify2'
[0.364s] DEBUG:colcon.colcon_core.event_reactor:joined thread
[0.364s] INFO:colcon.colcon_core.shell:Creating prefix script '/home/ahmo030/ros2-migration/arena/arena-rosnav/utils/ros/rosnodes/map_clock_simulator/install/local_setup.ps1'
[0.365s] INFO:colcon.colcon_core.shell:Creating prefix util module '/home/ahmo030/ros2-migration/arena/arena-rosnav/utils/ros/rosnodes/map_clock_simulator/install/_local_setup_util_ps1.py'
[0.366s] INFO:colcon.colcon_core.shell:Creating prefix chain script '/home/ahmo030/ros2-migration/arena/arena-rosnav/utils/ros/rosnodes/map_clock_simulator/install/setup.ps1'
[0.366s] INFO:colcon.colcon_core.shell:Creating prefix script '/home/ahmo030/ros2-migration/arena/arena-rosnav/utils/ros/rosnodes/map_clock_simulator/install/local_setup.sh'
[0.366s] INFO:colcon.colcon_core.shell:Creating prefix util module '/home/ahmo030/ros2-migration/arena/arena-rosnav/utils/ros/rosnodes/map_clock_simulator/install/_local_setup_util_sh.py'
[0.367s] INFO:colcon.colcon_core.shell:Creating prefix chain script '/home/ahmo030/ros2-migration/arena/arena-rosnav/utils/ros/rosnodes/map_clock_simulator/install/setup.sh'
[0.367s] INFO:colcon.colcon_core.shell:Creating prefix script '/home/ahmo030/ros2-migration/arena/arena-rosnav/utils/ros/rosnodes/map_clock_simulator/install/local_setup.bash'
[0.367s] INFO:colcon.colcon_core.shell:Creating prefix chain script '/home/ahmo030/ros2-migration/arena/arena-rosnav/utils/ros/rosnodes/map_clock_simulator/install/setup.bash'
[0.368s] INFO:colcon.colcon_core.shell:Creating prefix script '/home/ahmo030/ros2-migration/arena/arena-rosnav/utils/ros/rosnodes/map_clock_simulator/install/local_setup.zsh'
[0.368s] INFO:colcon.colcon_core.shell:Creating prefix chain script '/home/ahmo030/ros2-migration/arena/arena-rosnav/utils/ros/rosnodes/map_clock_simulator/install/setup.zsh'
