[0.030s] Invoking command in '/ros2-migration/build/pmb2_description': CMAKE_PREFIX_PATH=/opt/ros/humble /usr/bin/cmake /ros2-migration/arena/utils/3rd-party-robot-packages/tiago/pmb2_description -DCMAKE_INSTALL_PREFIX=/ros2-migration/install/pmb2_description
[0.072s] -- Found ament_cmake: 1.3.9 (/opt/ros/humble/share/ament_cmake/cmake)
[0.224s] -- Configuring incomplete, errors occurred!
[0.224s] See also "/ros2-migration/build/pmb2_description/CMakeFiles/CMakeOutput.log".
[0.228s] [31mCMake Error at CMakeLists.txt:12 (find_package):
[0.228s]   By not providing "Findrostest.cmake" in CMAKE_MODULE_PATH this project has
[0.228s]   asked CMake to find a package configuration file provided by "rostest", but
[0.228s]   CMake did not find one.
[0.228s] 
[0.228s]   Could not find a package configuration file provided by "rostest" with any
[0.228s]   of the following names:
[0.228s] 
[0.228s]     rostestConfig.cmake
[0.228s]     rostest-config.cmake
[0.228s] 
[0.229s]   Add the installation prefix of "rostest" to CMAKE_PREFIX_PATH or set
[0.229s]   "rostest_DIR" to a directory containing one of the above files.  If
[0.229s]   "rostest" provides a separate development package or SDK, be sure it has
[0.229s]   been installed.
[0.229s] 
[0.229s] [0m
[0.230s] Invoked command in '/ros2-migration/build/pmb2_description' returned '1': CMAKE_PREFIX_PATH=/opt/ros/humble /usr/bin/cmake /ros2-migration/arena/utils/3rd-party-robot-packages/tiago/pmb2_description -DCMAKE_INSTALL_PREFIX=/ros2-migration/install/pmb2_description
