-- Found ament_cmake: 1.3.9 (/opt/ros/humble/share/ament_cmake/cmake)
-- Found rosidl_default_generators: 1.2.0 (/opt/ros/humble/share/rosidl_default_generators/cmake)
-- Using all available rosidl_typesupport_c: rosidl_typesupport_fastrtps_c;rosidl_typesupport_introspection_c
-- Found rosidl_adapter: 3.1.5 (/opt/ros/humble/share/rosidl_adapter/cmake)
-- Using all available rosidl_typesupport_cpp: rosidl_typesupport_fastrtps_cpp;rosidl_typesupport_introspection_cpp
-- Found geometry_msgs: 4.2.3 (/opt/ros/humble/share/geometry_msgs/cmake)
-- Found ament_cmake_ros: 0.10.0 (/opt/ros/humble/share/ament_cmake_ros/cmake)
-- Using all available rosidl_typesupport_c: rosidl_typesupport_fastrtps_c;rosidl_typesupport_introspection_c
-- Using all available rosidl_typesupport_cpp: rosidl_typesupport_fastrtps_cpp;rosidl_typesupport_introspection_cpp
-- Found python_cmake_module: 0.10.0 (/opt/ros/humble/share/python_cmake_module/cmake)
-- Using PYTHON_EXECUTABLE: /usr/bin/python3
-- Using PYTHON_INCLUDE_DIRS: /usr/include/python3.10
-- Using PYTHON_LIBRARIES: /usr/lib/x86_64-linux-gnu/libpython3.10.so
-- Configuring done
-- Generating done
-- Build files have been written to: /ros2-migration/build/cob_srvs
[  1%] Built target cob_srvs__cpp
[35m[1mConsolidate compiler generated dependencies of target cob_srvs__rosidl_generator_c[0m
[35m[1mConsolidate compiler generated dependencies of target cob_srvs__rosidl_typesupport_fastrtps_cpp[0m
[35m[1mConsolidate compiler generated dependencies of target cob_srvs__rosidl_typesupport_introspection_cpp[0m
[ 12%] Built target cob_srvs__rosidl_generator_c
[35m[1mConsolidate compiler generated dependencies of target cob_srvs__rosidl_typesupport_cpp[0m
[ 23%] Built target cob_srvs__rosidl_typesupport_fastrtps_cpp
[ 34%] Built target cob_srvs__rosidl_typesupport_introspection_cpp
[ 34%] Built target ament_cmake_python_copy_cob_srvs
[35m[1mConsolidate compiler generated dependencies of target cob_srvs__rosidl_typesupport_fastrtps_c[0m
[35m[1mConsolidate compiler generated dependencies of target cob_srvs__rosidl_typesupport_introspection_c[0m
[35m[1mConsolidate compiler generated dependencies of target cob_srvs__rosidl_typesupport_c[0m
[ 45%] Built target cob_srvs__rosidl_typesupport_cpp
[ 56%] Built target cob_srvs__rosidl_typesupport_introspection_c
[ 67%] Built target cob_srvs__rosidl_typesupport_c
[ 78%] Built target cob_srvs__rosidl_typesupport_fastrtps_c
[ 78%] Built target cob_srvs
[ 80%] Built target cob_srvs__py
[35m[1mConsolidate compiler generated dependencies of target cob_srvs__rosidl_generator_py[0m
[ 89%] Built target cob_srvs__rosidl_generator_py
[35m[1mConsolidate compiler generated dependencies of target cob_srvs__rosidl_typesupport_fastrtps_c__pyext[0m
[35m[1mConsolidate compiler generated dependencies of target cob_srvs__rosidl_typesupport_introspection_c__pyext[0m
[35m[1mConsolidate compiler generated dependencies of target cob_srvs__rosidl_typesupport_c__pyext[0m
[ 92%] Built target cob_srvs__rosidl_typesupport_c__pyext
[ 96%] Built target cob_srvs__rosidl_typesupport_introspection_c__pyext
[100%] Built target cob_srvs__rosidl_typesupport_fastrtps_c__pyext
running egg_info
writing cob_srvs.egg-info/PKG-INFO
writing dependency_links to cob_srvs.egg-info/dependency_links.txt
writing top-level names to cob_srvs.egg-info/top_level.txt
reading manifest file 'cob_srvs.egg-info/SOURCES.txt'
writing manifest file 'cob_srvs.egg-info/SOURCES.txt'
[100%] Built target ament_cmake_python_build_cob_srvs_egg
