[0.049s] Invoking command in '/ros2-migration/build/cob_srvs': CMAKE_PREFIX_PATH=/ros2-migration/install/tiago_controller_configuration:/opt/ros/humble /usr/bin/cmake --build /ros2-migration/build/cob_srvs -- -j8 -l8
[0.657s] -- Found ament_cmake: 1.3.9 (/opt/ros/humble/share/ament_cmake/cmake)
[0.657s] -- Found rosidl_default_generators: 1.2.0 (/opt/ros/humble/share/rosidl_default_generators/cmake)
[0.658s] -- Using all available rosidl_typesupport_c: rosidl_typesupport_fastrtps_c;rosidl_typesupport_introspection_c
[0.658s] -- Found rosidl_adapter: 3.1.5 (/opt/ros/humble/share/rosidl_adapter/cmake)
[0.658s] -- Using all available rosidl_typesupport_cpp: rosidl_typesupport_fastrtps_cpp;rosidl_typesupport_introspection_cpp
[0.658s] -- Found geometry_msgs: 4.2.3 (/opt/ros/humble/share/geometry_msgs/cmake)
[0.791s] -- Found ament_cmake_ros: 0.10.0 (/opt/ros/humble/share/ament_cmake_ros/cmake)
[1.053s] -- Using all available rosidl_typesupport_c: rosidl_typesupport_fastrtps_c;rosidl_typesupport_introspection_c
[1.382s] -- Using all available rosidl_typesupport_cpp: rosidl_typesupport_fastrtps_cpp;rosidl_typesupport_introspection_cpp
[1.405s] -- Found python_cmake_module: 0.10.0 (/opt/ros/humble/share/python_cmake_module/cmake)
[1.427s] -- Using PYTHON_EXECUTABLE: /usr/bin/python3
[1.427s] -- Using PYTHON_INCLUDE_DIRS: /usr/include/python3.10
[1.427s] -- Using PYTHON_LIBRARIES: /usr/lib/x86_64-linux-gnu/libpython3.10.so
[1.470s] -- Configuring done
[1.531s] -- Generating done
[1.566s] -- Build files have been written to: /ros2-migration/build/cob_srvs
[1.655s] [  1%] Built target cob_srvs__cpp
[1.660s] [35m[1mConsolidate compiler generated dependencies of target cob_srvs__rosidl_generator_c[0m
[1.670s] [35m[1mConsolidate compiler generated dependencies of target cob_srvs__rosidl_typesupport_fastrtps_cpp[0m
[1.674s] [35m[1mConsolidate compiler generated dependencies of target cob_srvs__rosidl_typesupport_introspection_cpp[0m
[1.678s] [ 12%] Built target cob_srvs__rosidl_generator_c
[1.685s] [35m[1mConsolidate compiler generated dependencies of target cob_srvs__rosidl_typesupport_cpp[0m
[1.689s] [ 23%] Built target cob_srvs__rosidl_typesupport_fastrtps_cpp
[1.692s] [ 34%] Built target cob_srvs__rosidl_typesupport_introspection_cpp
[1.697s] [ 34%] Built target ament_cmake_python_copy_cob_srvs
[1.699s] [35m[1mConsolidate compiler generated dependencies of target cob_srvs__rosidl_typesupport_fastrtps_c[0m
[1.702s] [35m[1mConsolidate compiler generated dependencies of target cob_srvs__rosidl_typesupport_introspection_c[0m
[1.705s] [35m[1mConsolidate compiler generated dependencies of target cob_srvs__rosidl_typesupport_c[0m
[1.737s] [ 45%] Built target cob_srvs__rosidl_typesupport_cpp
[1.738s] [ 56%] Built target cob_srvs__rosidl_typesupport_introspection_c
[1.741s] [ 67%] Built target cob_srvs__rosidl_typesupport_c
[1.741s] [ 78%] Built target cob_srvs__rosidl_typesupport_fastrtps_c
[1.758s] [ 78%] Built target cob_srvs
[1.774s] [ 80%] Built target cob_srvs__py
[1.783s] [35m[1mConsolidate compiler generated dependencies of target cob_srvs__rosidl_generator_py[0m
[1.797s] [ 89%] Built target cob_srvs__rosidl_generator_py
[1.805s] [35m[1mConsolidate compiler generated dependencies of target cob_srvs__rosidl_typesupport_fastrtps_c__pyext[0m
[1.807s] [35m[1mConsolidate compiler generated dependencies of target cob_srvs__rosidl_typesupport_introspection_c__pyext[0m
[1.808s] [35m[1mConsolidate compiler generated dependencies of target cob_srvs__rosidl_typesupport_c__pyext[0m
[1.817s] [ 92%] Built target cob_srvs__rosidl_typesupport_c__pyext
[1.817s] [ 96%] Built target cob_srvs__rosidl_typesupport_introspection_c__pyext
[1.817s] [100%] Built target cob_srvs__rosidl_typesupport_fastrtps_c__pyext
[1.948s] running egg_info
[1.964s] writing cob_srvs.egg-info/PKG-INFO
[1.964s] writing dependency_links to cob_srvs.egg-info/dependency_links.txt
[1.965s] writing top-level names to cob_srvs.egg-info/top_level.txt
[2.012s] reading manifest file 'cob_srvs.egg-info/SOURCES.txt'
[2.012s] writing manifest file 'cob_srvs.egg-info/SOURCES.txt'
[2.036s] [100%] Built target ament_cmake_python_build_cob_srvs_egg
