[0.030s] Invoking command in '/ros2-migration/build/tiago_controller_configuration': CMAKE_PREFIX_PATH=/opt/ros/humble /usr/bin/cmake /ros2-migration/arena/utils/3rd-party-robot-packages/tiago/tiago_controller_configuration -DCMAKE_INSTALL_PREFIX=/ros2-migration/install/tiago_controller_configuration
[0.156s] -- Found ament_cmake: 1.3.9 (/opt/ros/humble/share/ament_cmake/cmake)
[0.216s] [31mCMake Error at CMakeLists.txt:10 (find_package):
[0.216s]   By not providing "FindREQUIRED.cmake" in CMAKE_MODULE_PATH this project has
[0.216s]   asked CMake to find a package configuration file provided by "REQUIRED",
[0.216s]   but CMake did not find one.
[0.216s] 
[0.216s]   Could not find a package configuration file provided by "REQUIRED" with any
[0.216s] -- Configuring incomplete, errors occurred!
[0.216s] See also "/ros2-migration/build/tiago_controller_configuration/CMakeFiles/CMakeOutput.log".
[0.216s]   of the following names:
[0.216s] 
[0.216s]     REQUIREDConfig.cmake
[0.216s]     required-config.cmake
[0.216s] 
[0.216s]   Add the installation prefix of "REQUIRED" to CMAKE_PREFIX_PATH or set
[0.216s]   "REQUIRED_DIR" to a directory containing one of the above files.  If
[0.217s]   "REQUIRED" provides a separate development package or SDK, be sure it has
[0.217s]   been installed.
[0.217s] 
[0.217s] [0m
[0.244s] Invoked command in '/ros2-migration/build/tiago_controller_configuration' returned '1': CMAKE_PREFIX_PATH=/opt/ros/humble /usr/bin/cmake /ros2-migration/arena/utils/3rd-party-robot-packages/tiago/tiago_controller_configuration -DCMAKE_INSTALL_PREFIX=/ros2-migration/install/tiago_controller_configuration
