-- The C compiler identification is GNU 11.4.0
-- The CXX compiler identification is GNU 11.4.0
-- Detecting C compiler ABI info
-- Detecting C compiler ABI info - done
-- Check for working C compiler: /usr/bin/cc - skipped
-- Detecting C compile features
-- Detecting C compile features - done
-- Detecting CXX compiler ABI info
-- Detecting CXX compiler ABI info - done
-- Check for working CXX compiler: /usr/bin/c++ - skipped
-- Detecting CXX compile features
-- Detecting CXX compile features - done
-- Found ament_cmake: 1.3.8 (/opt/ros/humble/share/ament_cmake/cmake)
-- Found Python3: /usr/bin/python3 (found version "3.10.12") found components: Interpreter 
-- Configuring done
-- Generating done
-- Build files have been written to: /home/ahmo030/ros2-migration/arena/utils/flatland/build/flatland
-- Install configuration: ""
-- Installing: /home/ahmo030/ros2-migration/arena/utils/flatland/install/flatland/share/ament_index/resource_index/package_run_dependencies/flatland
-- Installing: /home/ahmo030/ros2-migration/arena/utils/flatland/install/flatland/share/ament_index/resource_index/parent_prefix_path/flatland
-- Installing: /home/ahmo030/ros2-migration/arena/utils/flatland/install/flatland/share/flatland/environment/ament_prefix_path.sh
-- Installing: /home/ahmo030/ros2-migration/arena/utils/flatland/install/flatland/share/flatland/environment/ament_prefix_path.dsv
-- Installing: /home/ahmo030/ros2-migration/arena/utils/flatland/install/flatland/share/flatland/environment/path.sh
-- Installing: /home/ahmo030/ros2-migration/arena/utils/flatland/install/flatland/share/flatland/environment/path.dsv
-- Installing: /home/ahmo030/ros2-migration/arena/utils/flatland/install/flatland/share/flatland/local_setup.bash
-- Installing: /home/ahmo030/ros2-migration/arena/utils/flatland/install/flatland/share/flatland/local_setup.sh
-- Installing: /home/ahmo030/ros2-migration/arena/utils/flatland/install/flatland/share/flatland/local_setup.zsh
-- Installing: /home/ahmo030/ros2-migration/arena/utils/flatland/install/flatland/share/flatland/local_setup.dsv
-- Installing: /home/ahmo030/ros2-migration/arena/utils/flatland/install/flatland/share/flatland/package.dsv
-- Installing: /home/ahmo030/ros2-migration/arena/utils/flatland/install/flatland/share/ament_index/resource_index/packages/flatland
-- Installing: /home/ahmo030/ros2-migration/arena/utils/flatland/install/flatland/share/flatland/cmake/ament_cmake_export_dependencies-extras.cmake
-- Installing: /home/ahmo030/ros2-migration/arena/utils/flatland/install/flatland/share/flatland/cmake/flatlandConfig.cmake
-- Installing: /home/ahmo030/ros2-migration/arena/utils/flatland/install/flatland/share/flatland/cmake/flatlandConfig-version.cmake
-- Installing: /home/ahmo030/ros2-migration/arena/utils/flatland/install/flatland/share/flatland/package.xml
