[ 10%] Built target cob_srvs__rosidl_generator_c
[ 12%] Built target cob_srvs__cpp
[ 12%] Built target ament_cmake_python_copy_cob_srvs
[ 23%] Built target cob_srvs__rosidl_typesupport_introspection_cpp
[ 34%] Built target cob_srvs__rosidl_typesupport_introspection_c
[ 45%] Built target cob_srvs__rosidl_typesupport_fastrtps_cpp
[ 56%] Built target cob_srvs__rosidl_typesupport_fastrtps_c
[ 67%] Built target cob_srvs__rosidl_typesupport_c
[ 78%] Built target cob_srvs__rosidl_typesupport_cpp
[ 78%] Built target cob_srvs
[ 80%] Built target cob_srvs__py
[ 89%] Built target cob_srvs__rosidl_generator_py
[ 92%] Built target cob_srvs__rosidl_typesupport_introspection_c__pyext
[ 96%] Built target cob_srvs__rosidl_typesupport_fastrtps_c__pyext
[100%] Built target cob_srvs__rosidl_typesupport_c__pyext
running egg_info
writing cob_srvs.egg-info/PKG-INFO
writing dependency_links to cob_srvs.egg-info/dependency_links.txt
writing top-level names to cob_srvs.egg-info/top_level.txt
reading manifest file 'cob_srvs.egg-info/SOURCES.txt'
writing manifest file 'cob_srvs.egg-info/SOURCES.txt'
[100%] Built target ament_cmake_python_build_cob_srvs_egg
