[0.031s] Invoking command in '/ros2-migration/build/cob_srvs': CMAKE_PREFIX_PATH=/ros2-migration/install/tiago_controller_configuration:/opt/ros/humble /usr/bin/cmake --build /ros2-migration/build/cob_srvs -- -j8 -l8
[0.172s] [ 10%] Built target cob_srvs__rosidl_generator_c
[0.172s] [ 12%] Built target cob_srvs__cpp
[0.172s] [ 12%] Built target ament_cmake_python_copy_cob_srvs
[0.172s] [ 23%] Built target cob_srvs__rosidl_typesupport_introspection_cpp
[0.182s] [ 34%] Built target cob_srvs__rosidl_typesupport_introspection_c
[0.199s] [ 45%] Built target cob_srvs__rosidl_typesupport_fastrtps_cpp
[0.200s] [ 56%] Built target cob_srvs__rosidl_typesupport_fastrtps_c
[0.226s] [ 67%] Built target cob_srvs__rosidl_typesupport_c
[0.257s] [ 78%] Built target cob_srvs__rosidl_typesupport_cpp
[0.271s] [ 78%] Built target cob_srvs
[0.292s] [ 80%] Built target cob_srvs__py
[0.309s] [ 89%] Built target cob_srvs__rosidl_generator_py
[0.327s] [ 92%] Built target cob_srvs__rosidl_typesupport_introspection_c__pyext
[0.328s] [ 96%] Built target cob_srvs__rosidl_typesupport_fastrtps_c__pyext
[0.341s] [100%] Built target cob_srvs__rosidl_typesupport_c__pyext
[0.458s] running egg_info
[0.474s] writing cob_srvs.egg-info/PKG-INFO
[0.474s] writing dependency_links to cob_srvs.egg-info/dependency_links.txt
[0.475s] writing top-level names to cob_srvs.egg-info/top_level.txt
[0.522s] reading manifest file 'cob_srvs.egg-info/SOURCES.txt'
[0.523s] writing manifest file 'cob_srvs.egg-info/SOURCES.txt'
[0.548s] [100%] Built target ament_cmake_python_build_cob_srvs_egg
