[0.025s] Invoking command in '/ros2-migration/build/plan_msgs': /usr/bin/cmake /ros2-migration/arena/arena-rosnav/utils/ros/msgs/plan_msgs -DCATKIN_INSTALL_INTO_PREFIX_ROOT=0 -DCMAKE_INSTALL_PREFIX=/ros2-migration/install/plan_msgs
[0.476s] -- The C compiler identification is GNU 11.4.0
[0.699s] -- The CXX compiler identification is GNU 11.4.0
[0.707s] -- Detecting C compiler ABI info
[0.786s] -- Detecting C compiler ABI info - done
[0.796s] -- Check for working C compiler: /usr/bin/cc - skipped
[0.796s] -- Detecting C compile features
[0.796s] -- Detecting C compile features - done
[0.809s] -- Detecting CXX compiler ABI info
[0.926s] -- Detecting CXX compiler ABI info - done
[0.934s] -- Check for working CXX compiler: /usr/bin/c++ - skipped
[0.936s] -- Detecting CXX compile features
[0.936s] -- Detecting CXX compile features - done
[0.942s] [31mCMake Error at CMakeLists.txt:10 (find_package):
[0.942s]   By not providing "Findcatkin.cmake" in CMAKE_MODULE_PATH this project has
[0.942s]   asked CMake to find a package configuration file provided by "catkin", but
[0.942s]   CMake did not find one.
[0.942s] 
[0.942s]   Could not find a package configuration file provided by "catkin" with any
[0.942s]   of the following names:
[0.943s] 
[0.943s]     catkinConfig.cmake
[0.943s]     catkin-config.cmake
[0.943s] 
[0.943s]   Add the installation prefix of "catkin" to CMAKE_PREFIX_PATH or set
[0.943s]   "catkin_DIR" to a directory containing one of the above files.  If "catkin"
[0.943s]   provides a separate development package or SDK, be sure it has been
[0.944s]   installed.
[0.944s] 
[0.944s] [0m
[0.946s] -- Configuring incomplete, errors occurred!
[0.946s] See also "/ros2-migration/build/plan_msgs/CMakeFiles/CMakeOutput.log".
