[0.025s] Invoking command in '/ros2-migration/arena/build/mapping': /usr/bin/cmake /ros2-migration/arena/arena-rosnav/utils/misc/mapping -DCMAKE_INSTALL_PREFIX=/ros2-migration/arena/install/mapping
[0.073s] -- The C compiler identification is GNU 11.4.0
[0.128s] -- The CXX compiler identification is GNU 11.4.0
[0.135s] -- Detecting C compiler ABI info
[0.265s] -- Detecting C compiler ABI info - done
[0.275s] -- Check for working C compiler: /usr/bin/cc - skipped
[0.276s] -- Detecting C compile features
[0.276s] -- Detecting C compile features - done
[0.280s] -- Detecting CXX compiler ABI info
[0.361s] -- Detecting CXX compiler ABI info - done
[0.369s] -- Check for working CXX compiler: /usr/bin/c++ - skipped
[0.369s] -- Detecting CXX compile features
[0.370s] -- Detecting CXX compile features - done
[0.381s] [31mCMake Error at CMakeLists.txt:12 (find_package):
[0.381s]   By not providing "Findament_cmake.cmake" in CMAKE_MODULE_PATH this project
[0.381s]   has asked CMake to find a package configuration file provided by
[0.381s]   "ament_cmake", but CMake did not find one.
[0.381s] 
[0.381s]   Could not find a package configuration file provided by "ament_cmake" with
[0.381s]   any of the following names:
[0.381s] 
[0.381s]     ament_cmakeConfig.cmake
[0.381s]     ament_cmake-config.cmake
[0.381s] 
[0.381s]   Add the installation prefix of "ament_cmake" to CMAKE_PREFIX_PATH or set
[0.381s]   "ament_cmake_DIR" to a directory containing one of the above files.  If
[0.381s]   "ament_cmake" provides a separate development package or SDK, be sure it
[0.382s]   has been installed.
[0.382s] 
[0.382s] [0m
[0.382s] -- Configuring incomplete, errors occurred!
[0.382s] See also "/ros2-migration/arena/build/mapping/CMakeFiles/CMakeOutput.log".
[0.385s] Invoked command in '/ros2-migration/arena/build/mapping' returned '1': /usr/bin/cmake /ros2-migration/arena/arena-rosnav/utils/misc/mapping -DCMAKE_INSTALL_PREFIX=/ros2-migration/arena/install/mapping
