[0.028s] Invoking command in '/ros2-migration/build/tiago_controller_configuration': CMAKE_PREFIX_PATH=/opt/ros/humble /usr/bin/cmake /ros2-migration/arena/utils/3rd-party-robot-packages/tiago/tiago_controller_configuration -DCMAKE_INSTALL_PREFIX=/ros2-migration/install/tiago_controller_configuration
[0.115s] -- Found ament_cmake: 1.3.9 (/opt/ros/humble/share/ament_cmake/cmake)
[0.211s] [31mCMake Error at CMakeLists.txt:10 (find_package):
[0.211s]   By not providing "Findcatkin.cmake" in CMAKE_MODULE_PATH this project has
[0.211s]   asked CMake to find a package configuration file provided by "catkin", but
[0.211s]   CMake did not find one.
[0.212s] 
[0.212s]   Could not find a package configuration file provided by "catkin" with any
[0.212s]   of the following names:
[0.212s] 
[0.212s]     catkinConfig.cmake
[0.212s]     catkin-config.cmake
[0.212s] 
[0.212s]   Add the installation prefix of "catkin" to CMAKE_PREFIX_PATH or set
[0.212s]   "catkin_DIR" to a directory containing one of the above files.  If "catkin"
[0.212s]   provides a separate development package or SDK, be sure it has been
[0.212s]   installed.
[0.212s] 
[0.212s] [0m
[0.212s] -- Configuring incomplete, errors occurred!
[0.218s] See also "/ros2-migration/build/tiago_controller_configuration/CMakeFiles/CMakeOutput.log".
