[0.024s] Invoking command in '/ros2-migration/arena/build/tiago_description_calibration': /usr/bin/cmake /ros2-migration/arena/utils/3rd-party-robot-packages/tiago/tiago_description_calibration -DCMAKE_INSTALL_PREFIX=/ros2-migration/arena/install/tiago_description_calibration
[0.064s] [31mCMake Error at CMakeLists.txt:9 (find_package):
[0.064s]   By not providing "Findament_cmake.cmake" in CMAKE_MODULE_PATH this project
[0.064s]   has asked CMake to find a package configuration file provided by
[0.064s]   "ament_cmake", but CMake did not find one.
[0.064s] 
[0.064s]   Could not find a package configuration file provided by "ament_cmake" with
[0.064s]   any of the following names:
[0.064s] 
[0.064s]     ament_cmakeConfig.cmake
[0.064s]     ament_cmake-config.cmake
[0.064s] 
[0.064s]   Add the installation prefix of "ament_cmake" to CMAKE_PREFIX_PATH or set
[0.065s]   "ament_cmake_DIR" to a directory containing one of the above files.  If
[0.065s]   "ament_cmake" provides a separate development package or SDK, be sure it
[0.065s]   has been installed.
[0.065s] 
[0.065s] [0m
[0.065s] -- Configuring incomplete, errors occurred!
[0.065s] See also "/ros2-migration/arena/build/tiago_description_calibration/CMakeFiles/CMakeOutput.log".
