[0.026s] Invoking command in '/ros2-migration/build/plan_visualization': /usr/bin/cmake /ros2-migration/arena/arena-rosnav/utils/misc/plan_visualization -DCMAKE_INSTALL_PREFIX=/ros2-migration/install/plan_visualization
[0.486s] -- The C compiler identification is GNU 11.4.0
[0.703s] -- The CXX compiler identification is GNU 11.4.0
[0.711s] -- Detecting C compiler ABI info
[0.794s] -- Detecting C compiler ABI info - done
[0.800s] -- Check for working C compiler: /usr/bin/cc - skipped
[0.800s] -- Detecting C compile features
[0.800s] -- Detecting C compile features - done
[0.807s] -- Detecting CXX compiler ABI info
[0.898s] -- Detecting CXX compiler ABI info - done
[0.906s] -- Check for working CXX compiler: /usr/bin/c++ - skipped
[0.906s] -- Detecting CXX compile features
[0.907s] -- Detecting CXX compile features - done
[0.933s] [31mCMake Error at CMakeLists.txt:17 (find_package):
[0.933s]   By not providing "Findament_cmake.cmake" in CMAKE_MODULE_PATH this project
[0.933s]   has asked CMake to find a package configuration file provided by
[0.933s]   "ament_cmake", but CMake did not find one.
[0.933s] 
[0.933s]   Could not find a package configuration file provided by "ament_cmake" with
[0.933s]   any of the following names:
[0.933s] 
[0.933s]     ament_cmakeConfig.cmake
[0.933s]     ament_cmake-config.cmake
[0.934s] 
[0.934s]   Add the installation prefix of "ament_cmake" to CMAKE_PREFIX_PATH or set
[0.934s]   "ament_cmake_DIR" to a directory containing one of the above files.  If
[0.934s]   "ament_cmake" provides a separate development package or SDK, be sure it
[0.934s]   has been installed.
[0.934s] 
[0.935s] [0m
[0.935s] -- Configuring incomplete, errors occurred!
[0.935s] See also "/ros2-migration/build/plan_visualization/CMakeFiles/CMakeOutput.log".
