[0.006s] Invoking command in '/home/ahmo030/ros2-migration/arena/arena-rosnav/arena_bringup/build/arena_bringup': CMAKE_PREFIX_PATH=/opt/ros/humble:${CMAKE_PREFIX_PATH} /usr/bin/cmake --build /home/ahmo030/ros2-migration/arena/arena-rosnav/arena_bringup/build/arena_bringup -- -j16 -l16
[0.023s] Invoked command in '/home/ahmo030/ros2-migration/arena/arena-rosnav/arena_bringup/build/arena_bringup' returned '0': CMAKE_PREFIX_PATH=/opt/ros/humble:${CMAKE_PREFIX_PATH} /usr/bin/cmake --build /home/ahmo030/ros2-migration/arena/arena-rosnav/arena_bringup/build/arena_bringup -- -j16 -l16
[0.044s] Invoking command in '/home/ahmo030/ros2-migration/arena/arena-rosnav/arena_bringup/build/arena_bringup': CMAKE_PREFIX_PATH=/opt/ros/humble:${CMAKE_PREFIX_PATH} /usr/bin/cmake --install /home/ahmo030/ros2-migration/arena/arena-rosnav/arena_bringup/build/arena_bringup
[0.052s] -- Install configuration: ""
[0.052s] -- Up-to-date: /home/ahmo030/ros2-migration/arena/arena-rosnav/arena_bringup/install/arena_bringup/share/arena_bringup//launch
[0.052s] -- Up-to-date: /home/ahmo030/ros2-migration/arena/arena-rosnav/arena_bringup/install/arena_bringup/share/arena_bringup//launch/start_generate.launch.py
[0.052s] -- Up-to-date: /home/ahmo030/ros2-migration/arena/arena-rosnav/arena_bringup/install/arena_bringup/share/arena_bringup//launch/training
[0.052s] -- Up-to-date: /home/ahmo030/ros2-migration/arena/arena-rosnav/arena_bringup/install/arena_bringup/share/arena_bringup//launch/training/flatland_simulator.launch.py
[0.052s] -- Up-to-date: /home/ahmo030/ros2-migration/arena/arena-rosnav/arena_bringup/install/arena_bringup/share/arena_bringup//launch/training/train_robot.launch.py
[0.052s] -- Up-to-date: /home/ahmo030/ros2-migration/arena/arena-rosnav/arena_bringup/install/arena_bringup/share/arena_bringup//launch/training/start_envs.launch.py
[0.052s] -- Up-to-date: /home/ahmo030/ros2-migration/arena/arena-rosnav/arena_bringup/install/arena_bringup/share/arena_bringup//launch/training/single_env_training.launch.py
[0.052s] -- Up-to-date: /home/ahmo030/ros2-migration/arena/arena-rosnav/arena_bringup/install/arena_bringup/share/arena_bringup//launch/training/train_agent.launch.py
[0.052s] -- Up-to-date: /home/ahmo030/ros2-migration/arena/arena-rosnav/arena_bringup/install/arena_bringup/share/arena_bringup//launch/utils
[0.052s] -- Up-to-date: /home/ahmo030/ros2-migration/arena/arena-rosnav/arena_bringup/install/arena_bringup/share/arena_bringup//launch/utils/fake_localization.launch.py
[0.052s] -- Up-to-date: /home/ahmo030/ros2-migration/arena/arena-rosnav/arena_bringup/install/arena_bringup/share/arena_bringup//launch/utils/entity_manager.launch.py
[0.053s] -- Up-to-date: /home/ahmo030/ros2-migration/arena/arena-rosnav/arena_bringup/install/arena_bringup/share/arena_bringup//launch/utils/rviz.launch.py
[0.053s] -- Up-to-date: /home/ahmo030/ros2-migration/arena/arena-rosnav/arena_bringup/install/arena_bringup/share/arena_bringup//launch/utils/timed_space_planner_fsm.launch.py
[0.053s] -- Up-to-date: /home/ahmo030/ros2-migration/arena/arena-rosnav/arena_bringup/install/arena_bringup/share/arena_bringup//launch/utils/intermediate_planner.launch.py
[0.053s] -- Up-to-date: /home/ahmo030/ros2-migration/arena/arena-rosnav/arena_bringup/install/arena_bringup/share/arena_bringup//launch/utils/map_server.launch.py
[0.053s] -- Up-to-date: /home/ahmo030/ros2-migration/arena/arena-rosnav/arena_bringup/install/arena_bringup/share/arena_bringup//launch/utils/plan_manager.launch.py
[0.053s] -- Up-to-date: /home/ahmo030/ros2-migration/arena/arena-rosnav/arena_bringup/install/arena_bringup/share/arena_bringup//launch/visualization_training.launch.py
[0.053s] -- Up-to-date: /home/ahmo030/ros2-migration/arena/arena-rosnav/arena_bringup/install/arena_bringup/share/arena_bringup//launch/start_arena.launch.py
[0.053s] -- Up-to-date: /home/ahmo030/ros2-migration/arena/arena-rosnav/arena_bringup/install/arena_bringup/share/arena_bringup//launch/testing
[0.053s] -- Up-to-date: /home/ahmo030/ros2-migration/arena/arena-rosnav/arena_bringup/install/arena_bringup/share/arena_bringup//launch/testing/robot.launch.py
[0.053s] -- Up-to-date: /home/ahmo030/ros2-migration/arena/arena-rosnav/arena_bringup/install/arena_bringup/share/arena_bringup//launch/testing/drl_agent
[0.053s] -- Up-to-date: /home/ahmo030/ros2-migration/arena/arena-rosnav/arena_bringup/install/arena_bringup/share/arena_bringup//launch/testing/drl_agent/drl_local_planner.launch.py
[0.053s] -- Up-to-date: /home/ahmo030/ros2-migration/arena/arena-rosnav/arena_bringup/install/arena_bringup/share/arena_bringup//launch/testing/amcl.launch.py
[0.053s] -- Up-to-date: /home/ahmo030/ros2-migration/arena/arena-rosnav/arena_bringup/install/arena_bringup/share/arena_bringup//launch/testing/task_generator.launch.py
[0.053s] -- Up-to-date: /home/ahmo030/ros2-migration/arena/arena-rosnav/arena_bringup/install/arena_bringup/share/arena_bringup//launch/testing/simulators
[0.053s] -- Up-to-date: /home/ahmo030/ros2-migration/arena/arena-rosnav/arena_bringup/install/arena_bringup/share/arena_bringup//launch/testing/simulators/flatland.launch.py
[0.053s] -- Up-to-date: /home/ahmo030/ros2-migration/arena/arena-rosnav/arena_bringup/install/arena_bringup/share/arena_bringup//launch/testing/simulators/gazebo.launch.py
[0.053s] -- Up-to-date: /home/ahmo030/ros2-migration/arena/arena-rosnav/arena_bringup/install/arena_bringup/share/arena_bringup//launch/testing/sensor_sim.launch.py
[0.053s] -- Up-to-date: /home/ahmo030/ros2-migration/arena/arena-rosnav/arena_bringup/install/arena_bringup/share/arena_bringup//launch/start_training.launch.py
[0.053s] -- Up-to-date: /home/ahmo030/ros2-migration/arena/arena-rosnav/arena_bringup/install/arena_bringup/share/ament_index/resource_index/package_run_dependencies/arena_bringup
[0.053s] -- Up-to-date: /home/ahmo030/ros2-migration/arena/arena-rosnav/arena_bringup/install/arena_bringup/share/ament_index/resource_index/parent_prefix_path/arena_bringup
[0.053s] -- Up-to-date: /home/ahmo030/ros2-migration/arena/arena-rosnav/arena_bringup/install/arena_bringup/share/arena_bringup/environment/ament_prefix_path.sh
[0.053s] -- Up-to-date: /home/ahmo030/ros2-migration/arena/arena-rosnav/arena_bringup/install/arena_bringup/share/arena_bringup/environment/ament_prefix_path.dsv
[0.054s] -- Up-to-date: /home/ahmo030/ros2-migration/arena/arena-rosnav/arena_bringup/install/arena_bringup/share/arena_bringup/environment/path.sh
[0.054s] -- Up-to-date: /home/ahmo030/ros2-migration/arena/arena-rosnav/arena_bringup/install/arena_bringup/share/arena_bringup/environment/path.dsv
[0.054s] -- Up-to-date: /home/ahmo030/ros2-migration/arena/arena-rosnav/arena_bringup/install/arena_bringup/share/arena_bringup/local_setup.bash
[0.054s] -- Up-to-date: /home/ahmo030/ros2-migration/arena/arena-rosnav/arena_bringup/install/arena_bringup/share/arena_bringup/local_setup.sh
[0.054s] -- Up-to-date: /home/ahmo030/ros2-migration/arena/arena-rosnav/arena_bringup/install/arena_bringup/share/arena_bringup/local_setup.zsh
[0.054s] -- Up-to-date: /home/ahmo030/ros2-migration/arena/arena-rosnav/arena_bringup/install/arena_bringup/share/arena_bringup/local_setup.dsv
[0.054s] -- Installing: /home/ahmo030/ros2-migration/arena/arena-rosnav/arena_bringup/install/arena_bringup/share/arena_bringup/package.dsv
[0.054s] -- Up-to-date: /home/ahmo030/ros2-migration/arena/arena-rosnav/arena_bringup/install/arena_bringup/share/ament_index/resource_index/packages/arena_bringup
[0.054s] -- Up-to-date: /home/ahmo030/ros2-migration/arena/arena-rosnav/arena_bringup/install/arena_bringup/share/arena_bringup/cmake/arena_bringupConfig.cmake
[0.054s] -- Up-to-date: /home/ahmo030/ros2-migration/arena/arena-rosnav/arena_bringup/install/arena_bringup/share/arena_bringup/cmake/arena_bringupConfig-version.cmake
[0.054s] -- Up-to-date: /home/ahmo030/ros2-migration/arena/arena-rosnav/arena_bringup/install/arena_bringup/share/arena_bringup/package.xml
[0.054s] Invoked command in '/home/ahmo030/ros2-migration/arena/arena-rosnav/arena_bringup/build/arena_bringup' returned '0': CMAKE_PREFIX_PATH=/opt/ros/humble:${CMAKE_PREFIX_PATH} /usr/bin/cmake --install /home/ahmo030/ros2-migration/arena/arena-rosnav/arena_bringup/build/arena_bringup
