[0.017s] Invoking command in '/home/ahmo030/ros2-migration/arena/arena-rosnav/utils/ros/rosnodes/spacial_horizon/build/spacial_horizon': CMAKE_PREFIX_PATH=/opt/ros/humble:${CMAKE_PREFIX_PATH} /usr/bin/cmake /home/ahmo030/ros2-migration/arena/arena-rosnav/utils/ros/rosnodes/spacial_horizon -DCMAKE_INSTALL_PREFIX=/home/ahmo030/ros2-migration/arena/arena-rosnav/utils/ros/rosnodes/spacial_horizon/install/spacial_horizon
[0.023s] -- Found ament_cmake: 1.3.8 (/opt/ros/humble/share/ament_cmake/cmake)
[0.110s] -- Found std_msgs: 4.2.3 (/opt/ros/humble/share/std_msgs/cmake)
[0.126s] -- Found rosidl_generator_c: 3.1.5 (/opt/ros/humble/share/rosidl_generator_c/cmake)
[0.128s] -- Found rosidl_adapter: 3.1.5 (/opt/ros/humble/share/rosidl_adapter/cmake)
[0.131s] -- Found rosidl_generator_cpp: 3.1.5 (/opt/ros/humble/share/rosidl_generator_cpp/cmake)
[0.136s] -- Using all available rosidl_typesupport_c: rosidl_typesupport_fastrtps_c;rosidl_typesupport_introspection_c
[0.145s] -- Using all available rosidl_typesupport_cpp: rosidl_typesupport_fastrtps_cpp;rosidl_typesupport_introspection_cpp
[0.174s] -- Found visualization_msgs: 4.2.3 (/opt/ros/humble/share/visualization_msgs/cmake)
[0.322s] -- Eigen found (include: /usr/include/eigen3, version: 3.4.0)
[0.357s] -- The imported target "vtkParseOGLExt" references the file
[0.357s]    "/usr/bin/vtkParseOGLExt-7.1"
[0.357s] but this file does not exist.  Possible reasons include:
[0.357s] * The file was deleted, renamed, or moved to another location.
[0.357s] * An install or uninstall procedure did not complete successfully.
[0.357s] * The installation package was faulty and contained
[0.357s]    "/usr/lib/cmake/vtk-7.1/VTKTargets.cmake"
[0.357s] but not all the files it references.
[0.357s] 
[0.357s] -- The imported target "vtkRenderingPythonTkWidgets" references the file
[0.357s]    "/usr/lib/x86_64-linux-gnu/libvtkRenderingPythonTkWidgets.so"
[0.357s] but this file does not exist.  Possible reasons include:
[0.357s] * The file was deleted, renamed, or moved to another location.
[0.357s] * An install or uninstall procedure did not complete successfully.
[0.357s] * The installation package was faulty and contained
[0.357s]    "/usr/lib/cmake/vtk-7.1/VTKTargets.cmake"
[0.357s] but not all the files it references.
[0.358s] 
[0.358s] -- The imported target "vtk" references the file
[0.358s]    "/usr/bin/vtk"
[0.358s] but this file does not exist.  Possible reasons include:
[0.358s] * The file was deleted, renamed, or moved to another location.
[0.358s] * An install or uninstall procedure did not complete successfully.
[0.358s] * The installation package was faulty and contained
[0.358s]    "/usr/lib/cmake/vtk-7.1/VTKTargets.cmake"
[0.358s] but not all the files it references.
[0.358s] 
[0.358s] -- The imported target "pvtk" references the file
[0.358s]    "/usr/bin/pvtk"
[0.358s] but this file does not exist.  Possible reasons include:
[0.358s] * The file was deleted, renamed, or moved to another location.
[0.358s] * An install or uninstall procedure did not complete successfully.
[0.358s] * The installation package was faulty and contained
[0.358s]    "/usr/lib/cmake/vtk-7.1/VTKTargets.cmake"
[0.358s] but not all the files it references.
[0.358s] 
[0.365s] CMake Warning (dev) at /usr/share/cmake-3.22/Modules/FindPackageHandleStandardArgs.cmake:438 (message):
[0.365s]   The package name passed to `find_package_handle_standard_args` (USB_10)
[0.365s]   does not match the name of the calling package (OpenNI).  This can lead to
[0.365s]   problems in calling code that expects `find_package` result variables
[0.365s]   (e.g., `_FOUND`) to follow a certain pattern.
[0.365s] Call Stack (most recent call first):
[0.365s]   /usr/lib/x86_64-linux-gnu/cmake/pcl/Modules/FindOpenNI.cmake:28 (find_package_handle_standard_args)
[0.365s]   /usr/lib/x86_64-linux-gnu/cmake/pcl/PCLConfig.cmake:179 (find_package)
[0.365s]   /usr/lib/x86_64-linux-gnu/cmake/pcl/PCLConfig.cmake:322 (find_openni)
[0.365s]   /usr/lib/x86_64-linux-gnu/cmake/pcl/PCLConfig.cmake:548 (find_external_library)
[0.365s]   CMakeLists.txt:119 (find_package)
[0.365s] This warning is for project developers.  Use -Wno-dev to suppress it.
[0.365s] 
[0.365s] -- OpenNI found (include: /usr/include/ni, lib: /usr/lib/libOpenNI.so)
[0.368s] CMake Warning (dev) at /usr/share/cmake-3.22/Modules/FindPackageHandleStandardArgs.cmake:438 (message):
[0.368s]   The package name passed to `find_package_handle_standard_args` (USB_10)
[0.368s]   does not match the name of the calling package (OpenNI2).  This can lead to
[0.368s]   problems in calling code that expects `find_package` result variables
[0.368s]   (e.g., `_FOUND`) to follow a certain pattern.
[0.368s] Call Stack (most recent call first):
[0.368s]   /usr/lib/x86_64-linux-gnu/cmake/pcl/Modules/FindOpenNI2.cmake:28 (find_package_handle_standard_args)
[0.368s]   /usr/lib/x86_64-linux-gnu/cmake/pcl/PCLConfig.cmake:193 (find_package)
[0.368s]   /usr/lib/x86_64-linux-gnu/cmake/pcl/PCLConfig.cmake:324 (find_openni2)
[0.368s]   /usr/lib/x86_64-linux-gnu/cmake/pcl/PCLConfig.cmake:548 (find_external_library)
[0.368s]   CMakeLists.txt:119 (find_package)
[0.368s] This warning is for project developers.  Use -Wno-dev to suppress it.
[0.369s] 
[0.369s] -- OpenNI2 found (include: /usr/include/openni2, lib: /usr/lib/x86_64-linux-gnu/libOpenNI2.so)
[0.369s] ** WARNING ** io features related to pcap will be disabled
[0.369s] ** WARNING ** io features related to png will be disabled
[0.374s] CMake Warning (dev) at /usr/share/cmake-3.22/Modules/FindPackageHandleStandardArgs.cmake:438 (message):
[0.374s]   The package name passed to `find_package_handle_standard_args` (libusb-1.0)
[0.374s]   does not match the name of the calling package (PCL).  This can lead to
[0.374s]   problems in calling code that expects `find_package` result variables
[0.374s]   (e.g., `_FOUND`) to follow a certain pattern.
[0.374s] Call Stack (most recent call first):
[0.374s]   /usr/lib/x86_64-linux-gnu/cmake/pcl/PCLConfig.cmake:291 (find_package_handle_standard_args)
[0.374s]   /usr/lib/x86_64-linux-gnu/cmake/pcl/PCLConfig.cmake:338 (find_libusb)
[0.374s]   /usr/lib/x86_64-linux-gnu/cmake/pcl/PCLConfig.cmake:548 (find_external_library)
[0.374s]   CMakeLists.txt:119 (find_package)
[0.374s] This warning is for project developers.  Use -Wno-dev to suppress it.
[0.374s] 
[0.374s] ** WARNING ** io features related to libusb-1.0 will be disabled
[0.376s] CMake Warning (dev) at /usr/share/cmake-3.22/Modules/FindPackageHandleStandardArgs.cmake:438 (message):
[0.376s]   The package name passed to `find_package_handle_standard_args` (USB_10)
[0.376s]   does not match the name of the calling package (OpenNI).  This can lead to
[0.376s]   problems in calling code that expects `find_package` result variables
[0.376s]   (e.g., `_FOUND`) to follow a certain pattern.
[0.376s] Call Stack (most recent call first):
[0.376s]   /usr/lib/x86_64-linux-gnu/cmake/pcl/Modules/FindOpenNI.cmake:28 (find_package_handle_standard_args)
[0.376s]   /usr/lib/x86_64-linux-gnu/cmake/pcl/PCLConfig.cmake:179 (find_package)
[0.376s]   /usr/lib/x86_64-linux-gnu/cmake/pcl/PCLConfig.cmake:322 (find_openni)
[0.376s]   /usr/lib/x86_64-linux-gnu/cmake/pcl/PCLConfig.cmake:548 (find_external_library)
[0.376s]   CMakeLists.txt:119 (find_package)
[0.376s] This warning is for project developers.  Use -Wno-dev to suppress it.
[0.376s] 
[0.377s] -- OpenNI found (include: /usr/include/ni, lib: /usr/lib/libOpenNI.so)
[0.379s] CMake Warning (dev) at /usr/share/cmake-3.22/Modules/FindPackageHandleStandardArgs.cmake:438 (message):
[0.379s]   The package name passed to `find_package_handle_standard_args` (USB_10)
[0.379s]   does not match the name of the calling package (OpenNI2).  This can lead to
[0.379s]   problems in calling code that expects `find_package` result variables
[0.379s]   (e.g., `_FOUND`) to follow a certain pattern.
[0.379s] Call Stack (most recent call first):
[0.380s]   /usr/lib/x86_64-linux-gnu/cmake/pcl/Modules/FindOpenNI2.cmake:28 (find_package_handle_standard_args)
[0.380s]   /usr/lib/x86_64-linux-gnu/cmake/pcl/PCLConfig.cmake:193 (find_package)
[0.380s]   /usr/lib/x86_64-linux-gnu/cmake/pcl/PCLConfig.cmake:324 (find_openni2)
[0.380s]   /usr/lib/x86_64-linux-gnu/cmake/pcl/PCLConfig.cmake:548 (find_external_library)
[0.380s]   CMakeLists.txt:119 (find_package)
[0.380s] This warning is for project developers.  Use -Wno-dev to suppress it.
[0.380s] 
[0.380s] -- OpenNI2 found (include: /usr/include/openni2, lib: /usr/lib/x86_64-linux-gnu/libOpenNI2.so)
[0.385s] -- QHULL found (include: /usr/include, lib: optimized;/usr/lib/x86_64-linux-gnu/libqhull.so;debug;/usr/lib/x86_64-linux-gnu/libqhull.so)
[0.388s] CMake Warning (dev) at /usr/share/cmake-3.22/Modules/FindPackageHandleStandardArgs.cmake:438 (message):
[0.388s]   The package name passed to `find_package_handle_standard_args` (USB_10)
[0.388s]   does not match the name of the calling package (OpenNI).  This can lead to
[0.388s]   problems in calling code that expects `find_package` result variables
[0.388s]   (e.g., `_FOUND`) to follow a certain pattern.
[0.388s] Call Stack (most recent call first):
[0.388s]   /usr/lib/x86_64-linux-gnu/cmake/pcl/Modules/FindOpenNI.cmake:28 (find_package_handle_standard_args)
[0.388s]   /usr/lib/x86_64-linux-gnu/cmake/pcl/PCLConfig.cmake:179 (find_package)
[0.388s]   /usr/lib/x86_64-linux-gnu/cmake/pcl/PCLConfig.cmake:322 (find_openni)
[0.388s]   /usr/lib/x86_64-linux-gnu/cmake/pcl/PCLConfig.cmake:548 (find_external_library)
[0.388s]   CMakeLists.txt:119 (find_package)
[0.388s] This warning is for project developers.  Use -Wno-dev to suppress it.
[0.388s] 
[0.388s] -- OpenNI found (include: /usr/include/ni, lib: /usr/lib/libOpenNI.so)
[0.393s] -- looking for PCL_COMMON
[0.393s] CMake Warning (dev) at /usr/share/cmake-3.22/Modules/FindPackageHandleStandardArgs.cmake:438 (message):
[0.393s]   The package name passed to `find_package_handle_standard_args` (PCL_COMMON)
[0.393s]   does not match the name of the calling package (PCL).  This can lead to
[0.393s]   problems in calling code that expects `find_package` result variables
[0.393s]   (e.g., `_FOUND`) to follow a certain pattern.
[0.393s] Call Stack (most recent call first):
[0.393s]   /usr/lib/x86_64-linux-gnu/cmake/pcl/PCLConfig.cmake:616 (find_package_handle_standard_args)
[0.393s]   CMakeLists.txt:119 (find_package)
[0.394s] This warning is for project developers.  Use -Wno-dev to suppress it.
[0.394s] 
[0.394s] -- looking for PCL_KDTREE
[0.394s] CMake Warning (dev) at /usr/share/cmake-3.22/Modules/FindPackageHandleStandardArgs.cmake:438 (message):
[0.394s]   The package name passed to `find_package_handle_standard_args` (PCL_KDTREE)
[0.394s]   does not match the name of the calling package (PCL).  This can lead to
[0.394s]   problems in calling code that expects `find_package` result variables
[0.394s]   (e.g., `_FOUND`) to follow a certain pattern.
[0.394s] Call Stack (most recent call first):
[0.394s]   /usr/lib/x86_64-linux-gnu/cmake/pcl/PCLConfig.cmake:616 (find_package_handle_standard_args)
[0.394s]   CMakeLists.txt:119 (find_package)
[0.394s] This warning is for project developers.  Use -Wno-dev to suppress it.
[0.394s] 
[0.394s] CMake Warning (dev) at /usr/share/cmake-3.22/Modules/FindPackageHandleStandardArgs.cmake:438 (message):
[0.394s]   The package name passed to `find_package_handle_standard_args` (PCL_OCTREE)
[0.394s]   does not match the name of the calling package (PCL).  This can lead to
[0.394s]   problems in calling code that expects `find_package` result variables
[0.394s]   (e.g., `_FOUND`) to follow a certain pattern.
[0.394s] Call Stack (most recent call first):
[0.394s]   /usr/lib/x86_64-linux-gnu/cmake/pcl/PCLConfig.cmake:616 (find_package_handle_standard_args)
[0.394s]   CMakeLists.txt:119 (find_package)
[0.394s] This warning is for project developers.  Use -Wno-dev to suppress it.
[0.394s] 
[0.394s] CMake Warning (dev) at /usr/share/cmake-3.22/Modules/FindPackageHandleStandardArgs.cmake:438 (message):
[0.394s]   The package name passed to `find_package_handle_standard_args` (PCL_SEARCH)
[0.394s]   does not match the name of the calling package (PCL).  This can lead to
[0.395s]   problems in calling code that expects `find_package` result variables
[0.395s]   (e.g., `_FOUND`) to follow a certain pattern.
[0.395s] Call Stack (most recent call first):
[0.395s]   /usr/lib/x86_64-linux-gnu/cmake/pcl/PCLConfig.cmake:616 (find_package_handle_standard_args)
[0.395s]   CMakeLists.txt:119 (find_package)
[0.395s] This warning is for project developers.  Use -Wno-dev to suppress it.
[0.395s] 
[0.395s] -- looking for PCL_OCTREE
[0.395s] -- looking for PCL_SEARCH
[0.395s] -- looking for PCL_SAMPLE_CONSENSUS
[0.395s] CMake Warning (dev) at /usr/share/cmake-3.22/Modules/FindPackageHandleStandardArgs.cmake:438 (message):
[0.395s]   The package name passed to `find_package_handle_standard_args`
[0.395s]   (PCL_SAMPLE_CONSENSUS) does not match the name of the calling package
[0.395s]   (PCL).  This can lead to problems in calling code that expects
[0.395s]   `find_package` result variables (e.g., `_FOUND`) to follow a certain
[0.395s]   pattern.
[0.395s] Call Stack (most recent call first):
[0.395s]   /usr/lib/x86_64-linux-gnu/cmake/pcl/PCLConfig.cmake:616 (find_package_handle_standard_args)
[0.395s]   CMakeLists.txt:119 (find_package)
[0.395s] This warning is for project developers.  Use -Wno-dev to suppress it.
[0.395s] 
[0.395s] -- looking for PCL_FILTERS
[0.396s] -- looking for PCL_2D
[0.396s] -- looking for PCL_GEOMETRY
[0.396s] -- looking for PCL_IO
[0.396s] CMake Warning (dev) at /usr/share/cmake-3.22/Modules/FindPackageHandleStandardArgs.cmake:438 (message):
[0.396s]   The package name passed to `find_package_handle_standard_args`
[0.396s]   (PCL_FILTERS) does not match the name of the calling package (PCL).  This
[0.396s]   can lead to problems in calling code that expects `find_package` result
[0.396s]   variables (e.g., `_FOUND`) to follow a certain pattern.
[0.396s] Call Stack (most recent call first):
[0.396s]   /usr/lib/x86_64-linux-gnu/cmake/pcl/PCLConfig.cmake:616 (find_package_handle_standard_args)
[0.396s]   CMakeLists.txt:119 (find_package)
[0.396s] This warning is for project developers.  Use -Wno-dev to suppress it.
[0.396s] 
[0.396s] CMake Warning (dev) at /usr/share/cmake-3.22/Modules/FindPackageHandleStandardArgs.cmake:438 (message):
[0.396s]   The package name passed to `find_package_handle_standard_args` (PCL_2D)
[0.396s]   does not match the name of the calling package (PCL).  This can lead to
[0.396s]   problems in calling code that expects `find_package` result variables
[0.396s]   (e.g., `_FOUND`) to follow a certain pattern.
[0.396s] Call Stack (most recent call first):
[0.396s]   /usr/lib/x86_64-linux-gnu/cmake/pcl/PCLConfig.cmake:619 (find_package_handle_standard_args)
[0.396s]   CMakeLists.txt:119 (find_package)
[0.396s] This warning is for project developers.  Use -Wno-dev to suppress it.
[0.396s] 
[0.396s] CMake Warning (dev) at /usr/share/cmake-3.22/Modules/FindPackageHandleStandardArgs.cmake:438 (message):
[0.396s]   The package name passed to `find_package_handle_standard_args`
[0.396s]   (PCL_GEOMETRY) does not match the name of the calling package (PCL).  This
[0.396s]   can lead to problems in calling code that expects `find_package` result
[0.396s]   variables (e.g., `_FOUND`) to follow a certain pattern.
[0.396s] Call Stack (most recent call first):
[0.397s]   /usr/lib/x86_64-linux-gnu/cmake/pcl/PCLConfig.cmake:619 (find_package_handle_standard_args)
[0.397s]   CMakeLists.txt:119 (find_package)
[0.397s] This warning is for project developers.  Use -Wno-dev to suppress it.
[0.397s] 
[0.397s] CMake Warning (dev) at /usr/share/cmake-3.22/Modules/FindPackageHandleStandardArgs.cmake:438 (message):
[0.397s]   The package name passed to `find_package_handle_standard_args` (PCL_IO)
[0.397s]   does not match the name of the calling package (PCL).  This can lead to
[0.397s]   problems in calling code that expects `find_package` result variables
[0.397s]   (e.g., `_FOUND`) to follow a certain pattern.
[0.397s] Call Stack (most recent call first):
[0.397s]   /usr/lib/x86_64-linux-gnu/cmake/pcl/PCLConfig.cmake:616 (find_package_handle_standard_args)
[0.397s]   CMakeLists.txt:119 (find_package)
[0.397s] This warning is for project developers.  Use -Wno-dev to suppress it.
[0.397s] 
[0.397s] -- looking for PCL_FEATURES
[0.397s] CMake Warning (dev) at /usr/share/cmake-3.22/Modules/FindPackageHandleStandardArgs.cmake:438 (message):
[0.397s]   The package name passed to `find_package_handle_standard_args`
[0.397s]   (PCL_FEATURES) does not match the name of the calling package (PCL).  This
[0.397s]   can lead to problems in calling code that expects `find_package` result
[0.397s]   variables (e.g., `_FOUND`) to follow a certain pattern.
[0.397s] Call Stack (most recent call first):
[0.397s]   /usr/lib/x86_64-linux-gnu/cmake/pcl/PCLConfig.cmake:616 (find_package_handle_standard_args)
[0.397s]   CMakeLists.txt:119 (find_package)
[0.397s] This warning is for project developers.  Use -Wno-dev to suppress it.
[0.397s] 
[0.397s] -- looking for PCL_ML
[0.397s] CMake Warning (dev) at /usr/share/cmake-3.22/Modules/FindPackageHandleStandardArgs.cmake:438 (message):
[0.397s]   The package name passed to `find_package_handle_standard_args` (PCL_ML)
[0.398s]   does not match the name of the calling package (PCL).  This can lead to
[0.398s]   problems in calling code that expects `find_package` result variables
[0.398s]   (e.g., `_FOUND`) to follow a certain pattern.
[0.398s] Call Stack (most recent call first):
[0.398s]   /usr/lib/x86_64-linux-gnu/cmake/pcl/PCLConfig.cmake:616 (find_package_handle_standard_args)
[0.398s]   CMakeLists.txt:119 (find_package)
[0.398s] This warning is for project developers.  Use -Wno-dev to suppress it.
[0.398s] 
[0.398s] CMake Warning (dev) at /usr/share/cmake-3.22/Modules/FindPackageHandleStandardArgs.cmake:438 (message):
[0.398s]   The package name passed to `find_package_handle_standard_args`
[0.398s]   (PCL_SEGMENTATION) does not match the name of the calling package (PCL).
[0.398s]   This can lead to problems in calling code that expects `find_package`
[0.398s]   result variables (e.g., `_FOUND`) to follow a certain pattern.
[0.398s] Call Stack (most recent call first):
[0.398s]   /usr/lib/x86_64-linux-gnu/cmake/pcl/PCLConfig.cmake:616 (find_package_handle_standard_args)
[0.398s]   CMakeLists.txt:119 (find_package)
[0.398s] This warning is for project developers.  Use -Wno-dev to suppress it.
[0.398s] 
[0.398s] -- looking for PCL_SEGMENTATION
[0.398s] -- looking for PCL_VISUALIZATION
[0.398s] CMake Warning (dev) at /usr/share/cmake-3.22/Modules/FindPackageHandleStandardArgs.cmake:438 (message):
[0.398s]   The package name passed to `find_package_handle_standard_args`
[0.398s]   (PCL_VISUALIZATION) does not match the name of the calling package (PCL).
[0.398s]   This can lead to problems in calling code that expects `find_package`
[0.398s]   result variables (e.g., `_FOUND`) to follow a certain pattern.
[0.398s] Call Stack (most recent call first):
[0.398s]   /usr/lib/x86_64-linux-gnu/cmake/pcl/PCLConfig.cmake:616 (find_package_handle_standard_args)
[0.399s]   CMakeLists.txt:119 (find_package)
[0.399s] This warning is for project developers.  Use -Wno-dev to suppress it.
[0.399s] 
[0.399s] -- looking for PCL_SURFACE
[0.399s] -- looking for PCL_REGISTRATION
[0.399s] -- looking for PCL_KEYPOINTS
[0.399s] CMake Warning (dev) at /usr/share/cmake-3.22/Modules/FindPackageHandleStandardArgs.cmake:438 (message):
[0.399s]   The package name passed to `find_package_handle_standard_args`
[0.399s]   (PCL_SURFACE) does not match the name of the calling package (PCL).  This
[0.399s]   can lead to problems in calling code that expects `find_package` result
[0.399s]   variables (e.g., `_FOUND`) to follow a certain pattern.
[0.399s] Call Stack (most recent call first):
[0.399s]   /usr/lib/x86_64-linux-gnu/cmake/pcl/PCLConfig.cmake:616 (find_package_handle_standard_args)
[0.399s]   CMakeLists.txt:119 (find_package)
[0.399s] This warning is for project developers.  Use -Wno-dev to suppress it.
[0.399s] 
[0.399s] CMake Warning (dev) at /usr/share/cmake-3.22/Modules/FindPackageHandleStandardArgs.cmake:438 (message):
[0.399s]   The package name passed to `find_package_handle_standard_args`
[0.399s]   (PCL_REGISTRATION) does not match the name of the calling package (PCL).
[0.399s]   This can lead to problems in calling code that expects `find_package`
[0.399s]   result variables (e.g., `_FOUND`) to follow a certain pattern.
[0.399s] Call Stack (most recent call first):
[0.399s]   /usr/lib/x86_64-linux-gnu/cmake/pcl/PCLConfig.cmake:616 (find_package_handle_standard_args)
[0.399s]   CMakeLists.txt:119 (find_package)
[0.399s] This warning is for project developers.  Use -Wno-dev to suppress it.
[0.399s] 
[0.399s] CMake Warning (dev) at /usr/share/cmake-3.22/Modules/FindPackageHandleStandardArgs.cmake:438 (message):
[0.399s]   The package name passed to `find_package_handle_standard_args`
[0.399s]   (PCL_KEYPOINTS) does not match the name of the calling package (PCL).  This
[0.399s]   can lead to problems in calling code that expects `find_package` result
[0.399s]   variables (e.g., `_FOUND`) to follow a certain pattern.
[0.399s] Call Stack (most recent call first):
[0.400s]   /usr/lib/x86_64-linux-gnu/cmake/pcl/PCLConfig.cmake:616 (find_package_handle_standard_args)
[0.400s]   CMakeLists.txt:119 (find_package)
[0.400s] This warning is for project developers.  Use -Wno-dev to suppress it.
[0.400s] 
[0.400s] -- looking for PCL_TRACKING
[0.400s] -- looking for PCL_RECOGNITION
[0.400s] -- looking for PCL_STEREO
[0.400s] -- looking for PCL_APPS
[0.400s] CMake Warning (dev) at /usr/share/cmake-3.22/Modules/FindPackageHandleStandardArgs.cmake:438 (message):
[0.400s]   The package name passed to `find_package_handle_standard_args`
[0.400s]   (PCL_TRACKING) does not match the name of the calling package (PCL).  This
[0.400s]   can lead to problems in calling code that expects `find_package` result
[0.400s]   variables (e.g., `_FOUND`) to follow a certain pattern.
[0.400s] Call Stack (most recent call first):
[0.400s]   /usr/lib/x86_64-linux-gnu/cmake/pcl/PCLConfig.cmake:616 (find_package_handle_standard_args)
[0.400s]   CMakeLists.txt:119 (find_package)
[0.400s] This warning is for project developers.  Use -Wno-dev to suppress it.
[0.400s] 
[0.400s] CMake Warning (dev) at /usr/share/cmake-3.22/Modules/FindPackageHandleStandardArgs.cmake:438 (message):
[0.400s]   The package name passed to `find_package_handle_standard_args`
[0.400s]   (PCL_RECOGNITION) does not match the name of the calling package (PCL).
[0.400s]   This can lead to problems in calling code that expects `find_package`
[0.400s]   result variables (e.g., `_FOUND`) to follow a certain pattern.
[0.400s] Call Stack (most recent call first):
[0.400s]   /usr/lib/x86_64-linux-gnu/cmake/pcl/PCLConfig.cmake:616 (find_package_handle_standard_args)
[0.400s]   CMakeLists.txt:119 (find_package)
[0.400s] This warning is for project developers.  Use -Wno-dev to suppress it.
[0.400s] 
[0.400s] CMake Warning (dev) at /usr/share/cmake-3.22/Modules/FindPackageHandleStandardArgs.cmake:438 (message):
[0.400s]   The package name passed to `find_package_handle_standard_args` (PCL_STEREO)
[0.400s]   does not match the name of the calling package (PCL).  This can lead to
[0.401s]   problems in calling code that expects `find_package` result variables
[0.401s]   (e.g., `_FOUND`) to follow a certain pattern.
[0.401s] Call Stack (most recent call first):
[0.401s]   /usr/lib/x86_64-linux-gnu/cmake/pcl/PCLConfig.cmake:616 (find_package_handle_standard_args)
[0.401s]   CMakeLists.txt:119 (find_package)
[0.401s] This warning is for project developers.  Use -Wno-dev to suppress it.
[0.401s] 
[0.401s] CMake Warning (dev) at /usr/share/cmake-3.22/Modules/FindPackageHandleStandardArgs.cmake:438 (message):
[0.401s]   The package name passed to `find_package_handle_standard_args` (PCL_APPS)
[0.401s]   does not match the name of the calling package (PCL).  This can lead to
[0.401s]   problems in calling code that expects `find_package` result variables
[0.401s]   (e.g., `_FOUND`) to follow a certain pattern.
[0.401s] Call Stack (most recent call first):
[0.401s]   /usr/lib/x86_64-linux-gnu/cmake/pcl/PCLConfig.cmake:616 (find_package_handle_standard_args)
[0.401s]   CMakeLists.txt:119 (find_package)
[0.401s] This warning is for project developers.  Use -Wno-dev to suppress it.
[0.401s] 
[0.401s] -- looking for PCL_IN_HAND_SCANNER
[0.401s] -- looking for PCL_POINT_CLOUD_EDITOR
[0.401s] -- looking for PCL_OUTOFCORE
[0.401s] -- looking for PCL_PEOPLE
[0.401s] CMake Warning (dev) at /usr/share/cmake-3.22/Modules/FindPackageHandleStandardArgs.cmake:438 (message):
[0.401s]   The package name passed to `find_package_handle_standard_args`
[0.401s]   (PCL_IN_HAND_SCANNER) does not match the name of the calling package (PCL).
[0.401s]   This can lead to problems in calling code that expects `find_package`
[0.401s]   result variables (e.g., `_FOUND`) to follow a certain pattern.
[0.401s] Call Stack (most recent call first):
[0.401s]   /usr/lib/x86_64-linux-gnu/cmake/pcl/PCLConfig.cmake:619 (find_package_handle_standard_args)
[0.401s]   CMakeLists.txt:119 (find_package)
[0.401s] This warning is for project developers.  Use -Wno-dev to suppress it.
[0.401s] 
[0.401s] CMake Warning (dev) at /usr/share/cmake-3.22/Modules/FindPackageHandleStandardArgs.cmake:438 (message):
[0.401s]   The package name passed to `find_package_handle_standard_args`
[0.402s]   (PCL_POINT_CLOUD_EDITOR) does not match the name of the calling package
[0.402s]   (PCL).  This can lead to problems in calling code that expects
[0.402s]   `find_package` result variables (e.g., `_FOUND`) to follow a certain
[0.402s]   pattern.
[0.402s] Call Stack (most recent call first):
[0.402s]   /usr/lib/x86_64-linux-gnu/cmake/pcl/PCLConfig.cmake:619 (find_package_handle_standard_args)
[0.402s]   CMakeLists.txt:119 (find_package)
[0.402s] This warning is for project developers.  Use -Wno-dev to suppress it.
[0.402s] 
[0.402s] CMake Warning (dev) at /usr/share/cmake-3.22/Modules/FindPackageHandleStandardArgs.cmake:438 (message):
[0.402s]   The package name passed to `find_package_handle_standard_args`
[0.402s]   (PCL_OUTOFCORE) does not match the name of the calling package (PCL).  This
[0.402s]   can lead to problems in calling code that expects `find_package` result
[0.402s]   variables (e.g., `_FOUND`) to follow a certain pattern.
[0.402s] Call Stack (most recent call first):
[0.402s]   /usr/lib/x86_64-linux-gnu/cmake/pcl/PCLConfig.cmake:616 (find_package_handle_standard_args)
[0.402s]   CMakeLists.txt:119 (find_package)
[0.402s] This warning is for project developers.  Use -Wno-dev to suppress it.
[0.402s] 
[0.402s] CMake Warning (dev) at /usr/share/cmake-3.22/Modules/FindPackageHandleStandardArgs.cmake:438 (message):
[0.402s]   The package name passed to `find_package_handle_standard_args` (PCL_PEOPLE)
[0.402s]   does not match the name of the calling package (PCL).  This can lead to
[0.402s]   problems in calling code that expects `find_package` result variables
[0.402s]   (e.g., `_FOUND`) to follow a certain pattern.
[0.402s] Call Stack (most recent call first):
[0.402s]   /usr/lib/x86_64-linux-gnu/cmake/pcl/PCLConfig.cmake:616 (find_package_handle_standard_args)
[0.402s]   CMakeLists.txt:119 (find_package)
[0.402s] This warning is for project developers.  Use -Wno-dev to suppress it.
[0.402s] 
[0.402s] -- Found actionlib_msgs: 4.2.3 (/opt/ros/humble/share/actionlib_msgs/cmake)
[0.743s] -- Found rosgraph_msgs: 1.2.1 (/opt/ros/humble/share/rosgraph_msgs/cmake)
[1.593s] -- Found nav_msgs: 4.2.3 (/opt/ros/humble/share/nav_msgs/cmake)
[1.638s] -- Found rclcpp: 16.0.8 (/opt/ros/humble/share/rclcpp/cmake)
[1.664s] -- Found rmw_implementation_cmake: 6.1.1 (/opt/ros/humble/share/rmw_implementation_cmake/cmake)
[1.665s] -- Found rmw_fastrtps_cpp: 6.2.6 (/opt/ros/humble/share/rmw_fastrtps_cpp/cmake)
[1.745s] -- Using RMW implementation 'rmw_fastrtps_cpp' as default
[1.808s] -- Found tf2: 0.25.6 (/opt/ros/humble/share/tf2/cmake)
[1.821s] CMake Error at CMakeLists.txt:125 (find_package):
[1.821s]   By not providing "Find1.7.cmake" in CMAKE_MODULE_PATH this project has
[1.821s]   asked CMake to find a package configuration file provided by "1.7", but
[1.821s]   CMake did not find one.
[1.821s] 
[1.821s]   Could not find a package configuration file provided by "1.7" with any of
[1.821s]   the following names:
[1.821s] 
[1.821s]     1.7Config.cmake
[1.821s]     1.7-config.cmake
[1.821s] 
[1.821s]   Add the installation prefix of "1.7" to CMAKE_PREFIX_PATH or set "1.7_DIR"
[1.821s]   to a directory containing one of the above files.  If "1.7" provides a
[1.821s]   separate development package or SDK, be sure it has been installed.
[1.821s] 
[1.821s] 
[1.821s] -- Configuring incomplete, errors occurred!
[1.821s] See also "/home/ahmo030/ros2-migration/arena/arena-rosnav/utils/ros/rosnodes/spacial_horizon/build/spacial_horizon/CMakeFiles/CMakeOutput.log".
[1.827s] Invoked command in '/home/ahmo030/ros2-migration/arena/arena-rosnav/utils/ros/rosnodes/spacial_horizon/build/spacial_horizon' returned '1': CMAKE_PREFIX_PATH=/opt/ros/humble:${CMAKE_PREFIX_PATH} /usr/bin/cmake /home/ahmo030/ros2-migration/arena/arena-rosnav/utils/ros/rosnodes/spacial_horizon -DCMAKE_INSTALL_PREFIX=/home/ahmo030/ros2-migration/arena/arena-rosnav/utils/ros/rosnodes/spacial_horizon/install/spacial_horizon
