[0.023s] Invoking command in '/ros2-migration/build/unitree_legged_msgs': CMAKE_PREFIX_PATH=/opt/ros/humble /usr/bin/cmake /ros2-migration/arena/utils/unitree_ros/unitree_legged_msgs -DCMAKE_INSTALL_PREFIX=/ros2-migration/install/unitree_legged_msgs
[0.077s] -- The C compiler identification is GNU 11.4.0
[0.154s] -- The CXX compiler identification is GNU 11.4.0
[0.210s] -- Detecting C compiler ABI info
[0.357s] -- Detecting C compiler ABI info - done
[0.367s] -- Check for working C compiler: /usr/bin/cc - skipped
[0.367s] -- Detecting C compile features
[0.367s] -- Detecting C compile features - done
[0.373s] -- Detecting CXX compiler ABI info
[0.473s] -- Detecting CXX compiler ABI info - done
[0.483s] -- Check for working CXX compiler: /usr/bin/c++ - skipped
[0.483s] -- Detecting CXX compile features
[0.483s] -- Detecting CXX compile features - done
[0.485s] -- Found ament_cmake: 1.3.9 (/opt/ros/humble/share/ament_cmake/cmake)
[0.980s] -- Found Python3: /usr/bin/python3 (found version "3.10.12") found components: Interpreter 
[1.108s] -- Found rosidl_default_generators: 1.2.0 (/opt/ros/humble/share/rosidl_default_generators/cmake)
[1.111s] -- Using all available rosidl_typesupport_c: rosidl_typesupport_fastrtps_c;rosidl_typesupport_introspection_c
[1.117s] -- Found rosidl_adapter: 3.1.5 (/opt/ros/humble/share/rosidl_adapter/cmake)
[1.182s] -- Using all available rosidl_typesupport_cpp: rosidl_typesupport_fastrtps_cpp;rosidl_typesupport_introspection_cpp
[1.217s] -- Found geometry_msgs: 4.2.3 (/opt/ros/humble/share/geometry_msgs/cmake)
[1.353s] -- Found sensor_msgs: 4.2.3 (/opt/ros/humble/share/sensor_msgs/cmake)
[1.578s] [31mCMake Error at /opt/ros/humble/share/rosidl_adapter/cmake/rosidl_adapt_interfaces.cmake:59 (message):
[1.578s]   execute_process(/usr/bin/python3 -m rosidl_adapter --package-name
[1.578s]   unitree_legged_msgs --arguments-file
[1.578s]   /ros2-migration/build/unitree_legged_msgs/rosidl_adapter__arguments__unitree_legged_msgs.json
[1.578s]   --output-dir
[1.578s]   /ros2-migration/build/unitree_legged_msgs/rosidl_adapter/unitree_legged_msgs
[1.579s]   --output-file
[1.579s]   /ros2-migration/build/unitree_legged_msgs/rosidl_adapter/unitree_legged_msgs.idls)
[1.579s]   returned error code 1:
[1.579s] 
[1.579s]   Error processing 'float32 Kp' of 'unitree_legged_msgs/MotorCmd': ''Kp' is
[1.579s]   an invalid field name.  It should have the pattern
[1.579s]   '^(?!.*__)(?!.*_$)[a-z][a-z0-9_]*$''
[1.579s] 
[1.579s]   Traceback (most recent call last):
[1.579s] 
[1.579s]     File "/usr/lib/python3.10/runpy.py", line 196, in _run_module_as_main
[1.579s]       return _run_code(code, main_globals, None,
[1.579s]     File "/usr/lib/python3.10/runpy.py", line 86, in _run_code
[1.579s]       exec(code, run_globals)
[1.579s] -- Configuring incomplete, errors occurred!
[1.580s] See also "/ros2-migration/build/unitree_legged_msgs/CMakeFiles/CMakeOutput.log".
[1.580s]     File "/opt/ros/humble/local/lib/python3.10/dist-packages/rosidl_adapter/__main__.py", line 19, in <module>
[1.580s]       sys.exit(main())
[1.580s]     File "/opt/ros/humble/local/lib/python3.10/dist-packages/rosidl_adapter/main.py", line 53, in main
[1.580s]       abs_idl_file = convert_to_idl(
[1.580s]     File "/opt/ros/humble/local/lib/python3.10/dist-packages/rosidl_adapter/__init__.py", line 19, in convert_to_idl
[1.580s]       return convert_msg_to_idl(
[1.580s]     File "/opt/ros/humble/local/lib/python3.10/dist-packages/rosidl_adapter/msg/__init__.py", line 28, in convert_msg_to_idl
[1.580s]       msg = parse_message_string(package_name, input_file.stem, content)
[1.580s]     File "/opt/ros/humble/local/lib/python3.10/dist-packages/rosidl_adapter/parser.py", line 519, in parse_message_string
[1.581s]       fields.append(Field(
[1.581s]     File "/opt/ros/humble/local/lib/python3.10/dist-packages/rosidl_adapter/parser.py", line 354, in __init__
[1.581s]       raise NameError(
[1.581s] 
[1.581s]   NameError: 'Kp' is an invalid field name.  It should have the pattern
[1.581s]   '^(?!.*__)(?!.*_$)[a-z][a-z0-9_]*$'
[1.581s] 
[1.581s] Call Stack (most recent call first):
[1.581s]   /opt/ros/humble/share/rosidl_cmake/cmake/rosidl_generate_interfaces.cmake:130 (rosidl_adapt_interfaces)
[1.581s]   CMakeLists.txt:24 (rosidl_generate_interfaces)
[1.581s] 
[1.581s] [0m
[1.589s] Invoked command in '/ros2-migration/build/unitree_legged_msgs' returned '1': CMAKE_PREFIX_PATH=/opt/ros/humble /usr/bin/cmake /ros2-migration/arena/utils/unitree_ros/unitree_legged_msgs -DCMAKE_INSTALL_PREFIX=/ros2-migration/install/unitree_legged_msgs
