[0.005s] Invoking command in '/home/ahmo030/ros2-migration/arena/arena-rosnav/utils/ros/rosnodes/spacial_horizon/build/spacial_horizon': CMAKE_PREFIX_PATH=/opt/ros/humble:${CMAKE_PREFIX_PATH} /usr/bin/cmake /home/ahmo030/ros2-migration/arena/arena-rosnav/utils/ros/rosnodes/spacial_horizon -DCMAKE_INSTALL_PREFIX=/home/ahmo030/ros2-migration/arena/arena-rosnav/utils/ros/rosnodes/spacial_horizon/install/spacial_horizon
[0.032s] -- The C compiler identification is GNU 11.4.0
[0.076s] -- The CXX compiler identification is GNU 11.4.0
[0.081s] -- Detecting C compiler ABI info
[0.172s] -- Detecting C compiler ABI info - done
[0.179s] -- Check for working C compiler: /usr/bin/cc - skipped
[0.180s] -- Detecting C compile features
[0.180s] -- Detecting C compile features - done
[0.185s] -- Detecting CXX compiler ABI info
[0.259s] -- Detecting CXX compiler ABI info - done
[0.263s] -- Check for working CXX compiler: /usr/bin/c++ - skipped
[0.263s] -- Detecting CXX compile features
[0.263s] -- Detecting CXX compile features - done
[0.264s] -- Found ament_cmake: 1.3.8 (/opt/ros/humble/share/ament_cmake/cmake)
[0.365s] -- Found Python3: /usr/bin/python3 (found version "3.10.12") found components: Interpreter 
[0.411s] -- Found std_msgs: 4.2.3 (/opt/ros/humble/share/std_msgs/cmake)
[0.432s] -- Found rosidl_generator_c: 3.1.5 (/opt/ros/humble/share/rosidl_generator_c/cmake)
[0.434s] -- Found rosidl_adapter: 3.1.5 (/opt/ros/humble/share/rosidl_adapter/cmake)
[0.438s] -- Found rosidl_generator_cpp: 3.1.5 (/opt/ros/humble/share/rosidl_generator_cpp/cmake)
[0.445s] -- Using all available rosidl_typesupport_c: rosidl_typesupport_fastrtps_c;rosidl_typesupport_introspection_c
[0.455s] -- Using all available rosidl_typesupport_cpp: rosidl_typesupport_fastrtps_cpp;rosidl_typesupport_introspection_cpp
[0.491s] -- Found visualization_msgs: 4.2.3 (/opt/ros/humble/share/visualization_msgs/cmake)
[0.644s] -- Checking for module 'eigen3'
[0.649s] --   Found eigen3, version 3.4.0
[0.661s] -- Found Eigen: /usr/include/eigen3 (Required is at least version "3.1") 
[0.661s] -- Eigen found (include: /usr/include/eigen3, version: 3.4.0)
[0.692s] -- Found Boost: /usr/include (found suitable version "1.74.0", minimum required is "1.55.0") found components: system filesystem date_time iostreams regex 
[0.704s] -- Checking for module 'flann'
[0.709s] --   Found flann, version 1.9.1
[0.729s] -- Found FLANN: /usr/lib/x86_64-linux-gnu/libflann_cpp.so  
[0.745s] -- The imported target "vtkParseOGLExt" references the file
[0.745s]    "/usr/bin/vtkParseOGLExt-7.1"
[0.745s] but this file does not exist.  Possible reasons include:
[0.745s] * The file was deleted, renamed, or moved to another location.
[0.745s] * An install or uninstall procedure did not complete successfully.
[0.745s] * The installation package was faulty and contained
[0.745s]    "/usr/lib/cmake/vtk-7.1/VTKTargets.cmake"
[0.745s] but not all the files it references.
[0.745s] 
[0.745s] -- The imported target "vtkRenderingPythonTkWidgets" references the file
[0.745s]    "/usr/lib/x86_64-linux-gnu/libvtkRenderingPythonTkWidgets.so"
[0.745s] but this file does not exist.  Possible reasons include:
[0.745s] * The file was deleted, renamed, or moved to another location.
[0.745s] * An install or uninstall procedure did not complete successfully.
[0.745s] * The installation package was faulty and contained
[0.745s]    "/usr/lib/cmake/vtk-7.1/VTKTargets.cmake"
[0.745s] but not all the files it references.
[0.745s] 
[0.745s] -- The imported target "vtk" references the file
[0.745s]    "/usr/bin/vtk"
[0.745s] but this file does not exist.  Possible reasons include:
[0.745s] * The file was deleted, renamed, or moved to another location.
[0.745s] * An install or uninstall procedure did not complete successfully.
[0.745s] * The installation package was faulty and contained
[0.746s]    "/usr/lib/cmake/vtk-7.1/VTKTargets.cmake"
[0.746s] but not all the files it references.
[0.746s] 
[0.746s] -- The imported target "pvtk" references the file
[0.746s]    "/usr/bin/pvtk"
[0.746s] but this file does not exist.  Possible reasons include:
[0.746s] * The file was deleted, renamed, or moved to another location.
[0.746s] * An install or uninstall procedure did not complete successfully.
[0.746s] * The installation package was faulty and contained
[0.746s]    "/usr/lib/cmake/vtk-7.1/VTKTargets.cmake"
[0.746s] but not all the files it references.
[0.746s] 
[0.752s] -- Checking for module 'libusb-1.0'
[0.757s] --   Found libusb-1.0, version 1.0.25
[0.772s] CMake Warning (dev) at /usr/share/cmake-3.22/Modules/FindPackageHandleStandardArgs.cmake:438 (message):
[0.772s]   The package name passed to `find_package_handle_standard_args` (USB_10)
[0.772s]   does not match the name of the calling package (OpenNI).  This can lead to
[0.772s]   problems in calling code that expects `find_package` result variables
[0.772s]   (e.g., `_FOUND`) to follow a certain pattern.
[0.772s] Call Stack (most recent call first):
[0.772s]   /usr/lib/x86_64-linux-gnu/cmake/pcl/Modules/FindOpenNI.cmake:28 (find_package_handle_standard_args)
[0.772s]   /usr/lib/x86_64-linux-gnu/cmake/pcl/PCLConfig.cmake:179 (find_package)
[0.772s]   /usr/lib/x86_64-linux-gnu/cmake/pcl/PCLConfig.cmake:322 (find_openni)
[0.772s]   /usr/lib/x86_64-linux-gnu/cmake/pcl/PCLConfig.cmake:548 (find_external_library)
[0.772s]   CMakeLists.txt:119 (find_package)
[0.772s] This warning is for project developers.  Use -Wno-dev to suppress it.
[0.772s] 
[0.772s] -- Found USB_10: /usr/lib/x86_64-linux-gnu/libusb-1.0.so  
[0.791s] -- Found OpenNI: /usr/lib/libOpenNI.so  
[0.791s] -- OpenNI found (include: /usr/include/ni, lib: /usr/lib/libOpenNI.so)
[0.794s] CMake Warning (dev) at /usr/share/cmake-3.22/Modules/FindPackageHandleStandardArgs.cmake:438 (message):
[0.794s]   The package name passed to `find_package_handle_standard_args` (USB_10)
[0.794s]   does not match the name of the calling package (OpenNI2).  This can lead to
[0.794s]   problems in calling code that expects `find_package` result variables
[0.794s]   (e.g., `_FOUND`) to follow a certain pattern.
[0.794s] Call Stack (most recent call first):
[0.794s]   /usr/lib/x86_64-linux-gnu/cmake/pcl/Modules/FindOpenNI2.cmake:28 (find_package_handle_standard_args)
[0.794s]   /usr/lib/x86_64-linux-gnu/cmake/pcl/PCLConfig.cmake:193 (find_package)
[0.794s]   /usr/lib/x86_64-linux-gnu/cmake/pcl/PCLConfig.cmake:324 (find_openni2)
[0.794s]   /usr/lib/x86_64-linux-gnu/cmake/pcl/PCLConfig.cmake:548 (find_external_library)
[0.794s]   CMakeLists.txt:119 (find_package)
[0.794s] This warning is for project developers.  Use -Wno-dev to suppress it.
[0.794s] 
[0.814s] -- Found OpenNI2: /usr/lib/x86_64-linux-gnu/libOpenNI2.so  
[0.814s] -- OpenNI2 found (include: /usr/include/openni2, lib: /usr/lib/x86_64-linux-gnu/libOpenNI2.so)
[0.814s] ** WARNING ** io features related to pcap will be disabled
[0.815s] ** WARNING ** io features related to png will be disabled
[0.820s] CMake Warning (dev) at /usr/share/cmake-3.22/Modules/FindPackageHandleStandardArgs.cmake:438 (message):
[0.820s]   The package name passed to `find_package_handle_standard_args` (libusb-1.0)
[0.820s]   does not match the name of the calling package (PCL).  This can lead to
[0.820s]   problems in calling code that expects `find_package` result variables
[0.820s]   (e.g., `_FOUND`) to follow a certain pattern.
[0.820s] Call Stack (most recent call first):
[0.820s]   /usr/lib/x86_64-linux-gnu/cmake/pcl/PCLConfig.cmake:291 (find_package_handle_standard_args)
[0.820s]   /usr/lib/x86_64-linux-gnu/cmake/pcl/PCLConfig.cmake:338 (find_libusb)
[0.820s]   /usr/lib/x86_64-linux-gnu/cmake/pcl/PCLConfig.cmake:548 (find_external_library)
[0.820s]   CMakeLists.txt:119 (find_package)
[0.820s] This warning is for project developers.  Use -Wno-dev to suppress it.
[0.820s] 
[0.820s] -- Found libusb-1.0: /usr/include  
[0.820s] ** WARNING ** io features related to libusb-1.0 will be disabled
[0.823s] CMake Warning (dev) at /usr/share/cmake-3.22/Modules/FindPackageHandleStandardArgs.cmake:438 (message):
[0.823s]   The package name passed to `find_package_handle_standard_args` (USB_10)
[0.823s]   does not match the name of the calling package (OpenNI).  This can lead to
[0.823s]   problems in calling code that expects `find_package` result variables
[0.823s]   (e.g., `_FOUND`) to follow a certain pattern.
[0.823s] Call Stack (most recent call first):
[0.823s]   /usr/lib/x86_64-linux-gnu/cmake/pcl/Modules/FindOpenNI.cmake:28 (find_package_handle_standard_args)
[0.823s]   /usr/lib/x86_64-linux-gnu/cmake/pcl/PCLConfig.cmake:179 (find_package)
[0.823s]   /usr/lib/x86_64-linux-gnu/cmake/pcl/PCLConfig.cmake:322 (find_openni)
[0.823s]   /usr/lib/x86_64-linux-gnu/cmake/pcl/PCLConfig.cmake:548 (find_external_library)
[0.823s]   CMakeLists.txt:119 (find_package)
[0.823s] This warning is for project developers.  Use -Wno-dev to suppress it.
[0.823s] 
[0.824s] -- OpenNI found (include: /usr/include/ni, lib: /usr/lib/libOpenNI.so)
[0.828s] CMake Warning (dev) at /usr/share/cmake-3.22/Modules/FindPackageHandleStandardArgs.cmake:438 (message):
[0.828s]   The package name passed to `find_package_handle_standard_args` (USB_10)
[0.828s]   does not match the name of the calling package (OpenNI2).  This can lead to
[0.828s]   problems in calling code that expects `find_package` result variables
[0.828s]   (e.g., `_FOUND`) to follow a certain pattern.
[0.828s] Call Stack (most recent call first):
[0.828s]   /usr/lib/x86_64-linux-gnu/cmake/pcl/Modules/FindOpenNI2.cmake:28 (find_package_handle_standard_args)
[0.828s]   /usr/lib/x86_64-linux-gnu/cmake/pcl/PCLConfig.cmake:193 (find_package)
[0.828s]   /usr/lib/x86_64-linux-gnu/cmake/pcl/PCLConfig.cmake:324 (find_openni2)
[0.828s]   /usr/lib/x86_64-linux-gnu/cmake/pcl/PCLConfig.cmake:548 (find_external_library)
[0.829s]   CMakeLists.txt:119 (find_package)
[0.829s] This warning is for project developers.  Use -Wno-dev to suppress it.
[0.829s] 
[0.829s] -- OpenNI2 found (include: /usr/include/openni2, lib: /usr/lib/x86_64-linux-gnu/libOpenNI2.so)
[0.847s] -- Found Qhull: optimized;/usr/lib/x86_64-linux-gnu/libqhull.so;debug;/usr/lib/x86_64-linux-gnu/libqhull.so  
[0.847s] -- QHULL found (include: /usr/include, lib: optimized;/usr/lib/x86_64-linux-gnu/libqhull.so;debug;/usr/lib/x86_64-linux-gnu/libqhull.so)
[0.850s] CMake Warning (dev) at /usr/share/cmake-3.22/Modules/FindPackageHandleStandardArgs.cmake:438 (message):
[0.851s]   The package name passed to `find_package_handle_standard_args` (USB_10)
[0.851s]   does not match the name of the calling package (OpenNI).  This can lead to
[0.851s]   problems in calling code that expects `find_package` result variables
[0.851s]   (e.g., `_FOUND`) to follow a certain pattern.
[0.851s] Call Stack (most recent call first):
[0.851s]   /usr/lib/x86_64-linux-gnu/cmake/pcl/Modules/FindOpenNI.cmake:28 (find_package_handle_standard_args)
[0.851s]   /usr/lib/x86_64-linux-gnu/cmake/pcl/PCLConfig.cmake:179 (find_package)
[0.851s]   /usr/lib/x86_64-linux-gnu/cmake/pcl/PCLConfig.cmake:322 (find_openni)
[0.851s]   /usr/lib/x86_64-linux-gnu/cmake/pcl/PCLConfig.cmake:548 (find_external_library)
[0.851s]   CMakeLists.txt:119 (find_package)
[0.851s] This warning is for project developers.  Use -Wno-dev to suppress it.
[0.851s] 
[0.851s] -- OpenNI found (include: /usr/include/ni, lib: /usr/lib/libOpenNI.so)
[0.856s] -- looking for PCL_COMMON
[0.857s] CMake Warning (dev) at /usr/share/cmake-3.22/Modules/FindPackageHandleStandardArgs.cmake:438 (message):
[0.857s]   The package name passed to `find_package_handle_standard_args` (PCL_COMMON)
[0.857s]   does not match the name of the calling package (PCL).  This can lead to
[0.857s]   problems in calling code that expects `find_package` result variables
[0.857s]   (e.g., `_FOUND`) to follow a certain pattern.
[0.857s] Call Stack (most recent call first):
[0.857s]   /usr/lib/x86_64-linux-gnu/cmake/pcl/PCLConfig.cmake:616 (find_package_handle_standard_args)
[0.857s]   CMakeLists.txt:119 (find_package)
[0.857s] This warning is for project developers.  Use -Wno-dev to suppress it.
[0.857s] 
[0.857s] -- Found PCL_COMMON: /usr/lib/x86_64-linux-gnu/libpcl_common.so  
[0.857s] -- looking for PCL_KDTREE
[0.857s] CMake Warning (dev) at /usr/share/cmake-3.22/Modules/FindPackageHandleStandardArgs.cmake:438 (message):
[0.857s]   The package name passed to `find_package_handle_standard_args` (PCL_KDTREE)
[0.857s]   does not match the name of the calling package (PCL).  This can lead to
[0.857s]   problems in calling code that expects `find_package` result variables
[0.857s]   (e.g., `_FOUND`) to follow a certain pattern.
[0.857s] Call Stack (most recent call first):
[0.857s]   /usr/lib/x86_64-linux-gnu/cmake/pcl/PCLConfig.cmake:616 (find_package_handle_standard_args)
[0.857s]   CMakeLists.txt:119 (find_package)
[0.857s] This warning is for project developers.  Use -Wno-dev to suppress it.
[0.858s] 
[0.858s] -- Found PCL_KDTREE: /usr/lib/x86_64-linux-gnu/libpcl_kdtree.so  
[0.858s] -- looking for PCL_OCTREE
[0.858s] CMake Warning (dev) at /usr/share/cmake-3.22/Modules/FindPackageHandleStandardArgs.cmake:438 (message):
[0.858s]   The package name passed to `find_package_handle_standard_args` (PCL_OCTREE)
[0.858s]   does not match the name of the calling package (PCL).  This can lead to
[0.858s]   problems in calling code that expects `find_package` result variables
[0.858s]   (e.g., `_FOUND`) to follow a certain pattern.
[0.858s] Call Stack (most recent call first):
[0.858s]   /usr/lib/x86_64-linux-gnu/cmake/pcl/PCLConfig.cmake:616 (find_package_handle_standard_args)
[0.858s]   CMakeLists.txt:119 (find_package)
[0.858s] This warning is for project developers.  Use -Wno-dev to suppress it.
[0.858s] 
[0.858s] -- Found PCL_OCTREE: /usr/lib/x86_64-linux-gnu/libpcl_octree.so  
[0.858s] -- looking for PCL_SEARCH
[0.859s] CMake Warning (dev) at /usr/share/cmake-3.22/Modules/FindPackageHandleStandardArgs.cmake:438 (message):
[0.859s]   The package name passed to `find_package_handle_standard_args` (PCL_SEARCH)
[0.859s]   does not match the name of the calling package (PCL).  This can lead to
[0.859s]   problems in calling code that expects `find_package` result variables
[0.859s]   (e.g., `_FOUND`) to follow a certain pattern.
[0.859s] Call Stack (most recent call first):
[0.859s]   /usr/lib/x86_64-linux-gnu/cmake/pcl/PCLConfig.cmake:616 (find_package_handle_standard_args)
[0.859s]   CMakeLists.txt:119 (find_package)
[0.859s] This warning is for project developers.  Use -Wno-dev to suppress it.
[0.859s] 
[0.859s] -- Found PCL_SEARCH: /usr/lib/x86_64-linux-gnu/libpcl_search.so  
[0.859s] -- looking for PCL_SAMPLE_CONSENSUS
[0.859s] CMake Warning (dev) at /usr/share/cmake-3.22/Modules/FindPackageHandleStandardArgs.cmake:438 (message):
[0.859s]   The package name passed to `find_package_handle_standard_args`
[0.859s]   (PCL_SAMPLE_CONSENSUS) does not match the name of the calling package
[0.859s]   (PCL).  This can lead to problems in calling code that expects
[0.859s]   `find_package` result variables (e.g., `_FOUND`) to follow a certain
[0.859s]   pattern.
[0.859s] Call Stack (most recent call first):
[0.859s]   /usr/lib/x86_64-linux-gnu/cmake/pcl/PCLConfig.cmake:616 (find_package_handle_standard_args)
[0.859s]   CMakeLists.txt:119 (find_package)
[0.859s] This warning is for project developers.  Use -Wno-dev to suppress it.
[0.859s] 
[0.860s] -- Found PCL_SAMPLE_CONSENSUS: /usr/lib/x86_64-linux-gnu/libpcl_sample_consensus.so  
[0.860s] -- looking for PCL_FILTERS
[0.860s] CMake Warning (dev) at /usr/share/cmake-3.22/Modules/FindPackageHandleStandardArgs.cmake:438 (message):
[0.860s]   The package name passed to `find_package_handle_standard_args`
[0.860s]   (PCL_FILTERS) does not match the name of the calling package (PCL).  This
[0.860s]   can lead to problems in calling code that expects `find_package` result
[0.860s]   variables (e.g., `_FOUND`) to follow a certain pattern.
[0.860s] Call Stack (most recent call first):
[0.860s]   /usr/lib/x86_64-linux-gnu/cmake/pcl/PCLConfig.cmake:616 (find_package_handle_standard_args)
[0.860s]   CMakeLists.txt:119 (find_package)
[0.860s] This warning is for project developers.  Use -Wno-dev to suppress it.
[0.860s] 
[0.860s] -- Found PCL_FILTERS: /usr/lib/x86_64-linux-gnu/libpcl_filters.so  
[0.860s] -- looking for PCL_2D
[0.860s] -- Found PCL_2D: /usr/include/pcl-1.10  
[0.860s] -- looking for PCL_GEOMETRY
[0.860s] CMake Warning (dev) at /usr/share/cmake-3.22/Modules/FindPackageHandleStandardArgs.cmake:438 (message):
[0.860s]   The package name passed to `find_package_handle_standard_args` (PCL_2D)
[0.860s]   does not match the name of the calling package (PCL).  This can lead to
[0.860s]   problems in calling code that expects `find_package` result variables
[0.861s]   (e.g., `_FOUND`) to follow a certain pattern.
[0.861s] Call Stack (most recent call first):
[0.861s]   /usr/lib/x86_64-linux-gnu/cmake/pcl/PCLConfig.cmake:619 (find_package_handle_standard_args)
[0.861s]   CMakeLists.txt:119 (find_package)
[0.861s] This warning is for project developers.  Use -Wno-dev to suppress it.
[0.861s] 
[0.861s] CMake Warning (dev) at /usr/share/cmake-3.22/Modules/FindPackageHandleStandardArgs.cmake:438 (message):
[0.861s]   The package name passed to `find_package_handle_standard_args`
[0.861s]   (PCL_GEOMETRY) does not match the name of the calling package (PCL).  This
[0.861s]   can lead to problems in calling code that expects `find_package` result
[0.861s]   variables (e.g., `_FOUND`) to follow a certain pattern.
[0.861s] Call Stack (most recent call first):
[0.861s]   /usr/lib/x86_64-linux-gnu/cmake/pcl/PCLConfig.cmake:619 (find_package_handle_standard_args)
[0.861s]   CMakeLists.txt:119 (find_package)
[0.861s] This warning is for project developers.  Use -Wno-dev to suppress it.
[0.861s] 
[0.861s] -- Found PCL_GEOMETRY: /usr/include/pcl-1.10  
[0.861s] -- looking for PCL_IO
[0.861s] CMake Warning (dev) at /usr/share/cmake-3.22/Modules/FindPackageHandleStandardArgs.cmake:438 (message):
[0.861s]   The package name passed to `find_package_handle_standard_args` (PCL_IO)
[0.861s]   does not match the name of the calling package (PCL).  This can lead to
[0.861s]   problems in calling code that expects `find_package` result variables
[0.861s]   (e.g., `_FOUND`) to follow a certain pattern.
[0.861s] Call Stack (most recent call first):
[0.861s]   /usr/lib/x86_64-linux-gnu/cmake/pcl/PCLConfig.cmake:616 (find_package_handle_standard_args)
[0.861s]   CMakeLists.txt:119 (find_package)
[0.861s] This warning is for project developers.  Use -Wno-dev to suppress it.
[0.861s] 
[0.861s] -- Found PCL_IO: /usr/lib/x86_64-linux-gnu/libpcl_io.so  
[0.861s] -- looking for PCL_FEATURES
[0.862s] CMake Warning (dev) at /usr/share/cmake-3.22/Modules/FindPackageHandleStandardArgs.cmake:438 (message):
[0.862s]   The package name passed to `find_package_handle_standard_args`
[0.862s]   (PCL_FEATURES) does not match the name of the calling package (PCL).  This
[0.862s]   can lead to problems in calling code that expects `find_package` result
[0.862s]   variables (e.g., `_FOUND`) to follow a certain pattern.
[0.862s] Call Stack (most recent call first):
[0.862s]   /usr/lib/x86_64-linux-gnu/cmake/pcl/PCLConfig.cmake:616 (find_package_handle_standard_args)
[0.862s]   CMakeLists.txt:119 (find_package)
[0.862s] This warning is for project developers.  Use -Wno-dev to suppress it.
[0.862s] 
[0.862s] -- Found PCL_FEATURES: /usr/lib/x86_64-linux-gnu/libpcl_features.so  
[0.862s] -- looking for PCL_ML
[0.862s] CMake Warning (dev) at /usr/share/cmake-3.22/Modules/FindPackageHandleStandardArgs.cmake:438 (message):
[0.862s]   The package name passed to `find_package_handle_standard_args` (PCL_ML)
[0.862s]   does not match the name of the calling package (PCL).  This can lead to
[0.862s]   problems in calling code that expects `find_package` result variables
[0.862s]   (e.g., `_FOUND`) to follow a certain pattern.
[0.863s] Call Stack (most recent call first):
[0.863s]   /usr/lib/x86_64-linux-gnu/cmake/pcl/PCLConfig.cmake:616 (find_package_handle_standard_args)
[0.863s]   CMakeLists.txt:119 (find_package)
[0.863s] This warning is for project developers.  Use -Wno-dev to suppress it.
[0.863s] 
[0.863s] -- Found PCL_ML: /usr/lib/x86_64-linux-gnu/libpcl_ml.so  
[0.863s] -- looking for PCL_SEGMENTATION
[0.863s] CMake Warning (dev) at /usr/share/cmake-3.22/Modules/FindPackageHandleStandardArgs.cmake:438 (message):
[0.863s]   The package name passed to `find_package_handle_standard_args`
[0.863s]   (PCL_SEGMENTATION) does not match the name of the calling package (PCL).
[0.863s]   This can lead to problems in calling code that expects `find_package`
[0.863s]   result variables (e.g., `_FOUND`) to follow a certain pattern.
[0.863s] Call Stack (most recent call first):
[0.863s]   /usr/lib/x86_64-linux-gnu/cmake/pcl/PCLConfig.cmake:616 (find_package_handle_standard_args)
[0.863s]   CMakeLists.txt:119 (find_package)
[0.863s] This warning is for project developers.  Use -Wno-dev to suppress it.
[0.863s] 
[0.863s] -- Found PCL_SEGMENTATION: /usr/lib/x86_64-linux-gnu/libpcl_segmentation.so  
[0.864s] -- looking for PCL_VISUALIZATION
[0.864s] CMake Warning (dev) at /usr/share/cmake-3.22/Modules/FindPackageHandleStandardArgs.cmake:438 (message):
[0.864s]   The package name passed to `find_package_handle_standard_args`
[0.864s]   (PCL_VISUALIZATION) does not match the name of the calling package (PCL).
[0.864s]   This can lead to problems in calling code that expects `find_package`
[0.864s]   result variables (e.g., `_FOUND`) to follow a certain pattern.
[0.864s] Call Stack (most recent call first):
[0.864s]   /usr/lib/x86_64-linux-gnu/cmake/pcl/PCLConfig.cmake:616 (find_package_handle_standard_args)
[0.864s]   CMakeLists.txt:119 (find_package)
[0.864s] This warning is for project developers.  Use -Wno-dev to suppress it.
[0.864s] 
[0.864s] -- Found PCL_VISUALIZATION: /usr/lib/x86_64-linux-gnu/libpcl_visualization.so  
[0.864s] -- looking for PCL_SURFACE
[0.865s] CMake Warning (dev) at /usr/share/cmake-3.22/Modules/FindPackageHandleStandardArgs.cmake:438 (message):
[0.865s]   The package name passed to `find_package_handle_standard_args`
[0.865s]   (PCL_SURFACE) does not match the name of the calling package (PCL).  This
[0.865s]   can lead to problems in calling code that expects `find_package` result
[0.865s]   variables (e.g., `_FOUND`) to follow a certain pattern.
[0.865s] Call Stack (most recent call first):
[0.865s]   /usr/lib/x86_64-linux-gnu/cmake/pcl/PCLConfig.cmake:616 (find_package_handle_standard_args)
[0.865s]   CMakeLists.txt:119 (find_package)
[0.865s] This warning is for project developers.  Use -Wno-dev to suppress it.
[0.865s] 
[0.865s] -- Found PCL_SURFACE: /usr/lib/x86_64-linux-gnu/libpcl_surface.so  
[0.865s] -- looking for PCL_REGISTRATION
[0.865s] CMake Warning (dev) at /usr/share/cmake-3.22/Modules/FindPackageHandleStandardArgs.cmake:438 (message):
[0.865s]   The package name passed to `find_package_handle_standard_args`
[0.865s]   (PCL_REGISTRATION) does not match the name of the calling package (PCL).
[0.866s]   This can lead to problems in calling code that expects `find_package`
[0.866s]   result variables (e.g., `_FOUND`) to follow a certain pattern.
[0.866s] Call Stack (most recent call first):
[0.866s]   /usr/lib/x86_64-linux-gnu/cmake/pcl/PCLConfig.cmake:616 (find_package_handle_standard_args)
[0.866s]   CMakeLists.txt:119 (find_package)
[0.866s] This warning is for project developers.  Use -Wno-dev to suppress it.
[0.866s] 
[0.866s] -- Found PCL_REGISTRATION: /usr/lib/x86_64-linux-gnu/libpcl_registration.so  
[0.866s] -- looking for PCL_KEYPOINTS
[0.866s] CMake Warning (dev) at /usr/share/cmake-3.22/Modules/FindPackageHandleStandardArgs.cmake:438 (message):
[0.866s]   The package name passed to `find_package_handle_standard_args`
[0.866s]   (PCL_KEYPOINTS) does not match the name of the calling package (PCL).  This
[0.866s]   can lead to problems in calling code that expects `find_package` result
[0.866s]   variables (e.g., `_FOUND`) to follow a certain pattern.
[0.866s] Call Stack (most recent call first):
[0.866s]   /usr/lib/x86_64-linux-gnu/cmake/pcl/PCLConfig.cmake:616 (find_package_handle_standard_args)
[0.866s]   CMakeLists.txt:119 (find_package)
[0.866s] This warning is for project developers.  Use -Wno-dev to suppress it.
[0.867s] 
[0.867s] -- Found PCL_KEYPOINTS: /usr/lib/x86_64-linux-gnu/libpcl_keypoints.so  
[0.867s] -- looking for PCL_TRACKING
[0.867s] CMake Warning (dev) at /usr/share/cmake-3.22/Modules/FindPackageHandleStandardArgs.cmake:438 (message):
[0.867s]   The package name passed to `find_package_handle_standard_args`
[0.867s]   (PCL_TRACKING) does not match the name of the calling package (PCL).  This
[0.867s]   can lead to problems in calling code that expects `find_package` result
[0.867s]   variables (e.g., `_FOUND`) to follow a certain pattern.
[0.867s] Call Stack (most recent call first):
[0.867s]   /usr/lib/x86_64-linux-gnu/cmake/pcl/PCLConfig.cmake:616 (find_package_handle_standard_args)
[0.867s]   CMakeLists.txt:119 (find_package)
[0.867s] This warning is for project developers.  Use -Wno-dev to suppress it.
[0.867s] 
[0.867s] -- Found PCL_TRACKING: /usr/lib/x86_64-linux-gnu/libpcl_tracking.so  
[0.867s] -- looking for PCL_RECOGNITION
[0.868s] CMake Warning (dev) at /usr/share/cmake-3.22/Modules/FindPackageHandleStandardArgs.cmake:438 (message):
[0.868s]   The package name passed to `find_package_handle_standard_args`
[0.868s]   (PCL_RECOGNITION) does not match the name of the calling package (PCL).
[0.868s]   This can lead to problems in calling code that expects `find_package`
[0.868s]   result variables (e.g., `_FOUND`) to follow a certain pattern.
[0.868s] Call Stack (most recent call first):
[0.868s]   /usr/lib/x86_64-linux-gnu/cmake/pcl/PCLConfig.cmake:616 (find_package_handle_standard_args)
[0.868s]   CMakeLists.txt:119 (find_package)
[0.868s] This warning is for project developers.  Use -Wno-dev to suppress it.
[0.868s] 
[0.868s] -- Found PCL_RECOGNITION: /usr/lib/x86_64-linux-gnu/libpcl_recognition.so  
[0.868s] -- looking for PCL_STEREO
[0.869s] CMake Warning (dev) at /usr/share/cmake-3.22/Modules/FindPackageHandleStandardArgs.cmake:438 (message):
[0.869s]   The package name passed to `find_package_handle_standard_args` (PCL_STEREO)
[0.869s]   does not match the name of the calling package (PCL).  This can lead to
[0.869s]   problems in calling code that expects `find_package` result variables
[0.869s]   (e.g., `_FOUND`) to follow a certain pattern.
[0.869s] Call Stack (most recent call first):
[0.869s]   /usr/lib/x86_64-linux-gnu/cmake/pcl/PCLConfig.cmake:616 (find_package_handle_standard_args)
[0.869s]   CMakeLists.txt:119 (find_package)
[0.869s] This warning is for project developers.  Use -Wno-dev to suppress it.
[0.869s] 
[0.869s] -- Found PCL_STEREO: /usr/lib/x86_64-linux-gnu/libpcl_stereo.so  
[0.869s] -- looking for PCL_APPS
[0.869s] CMake Warning (dev) at /usr/share/cmake-3.22/Modules/FindPackageHandleStandardArgs.cmake:438 (message):
[0.869s]   The package name passed to `find_package_handle_standard_args` (PCL_APPS)
[0.869s]   does not match the name of the calling package (PCL).  This can lead to
[0.869s]   problems in calling code that expects `find_package` result variables
[0.869s]   (e.g., `_FOUND`) to follow a certain pattern.
[0.869s] Call Stack (most recent call first):
[0.870s]   /usr/lib/x86_64-linux-gnu/cmake/pcl/PCLConfig.cmake:616 (find_package_handle_standard_args)
[0.870s]   CMakeLists.txt:119 (find_package)
[0.870s] This warning is for project developers.  Use -Wno-dev to suppress it.
[0.870s] 
[0.870s] -- Found PCL_APPS: /usr/lib/x86_64-linux-gnu/libpcl_apps.so  
[0.870s] -- looking for PCL_IN_HAND_SCANNER
[0.870s] CMake Warning (dev) at /usr/share/cmake-3.22/Modules/FindPackageHandleStandardArgs.cmake:438 (message):
[0.870s]   The package name passed to `find_package_handle_standard_args`
[0.870s]   (PCL_IN_HAND_SCANNER) does not match the name of the calling package (PCL).
[0.870s]   This can lead to problems in calling code that expects `find_package`
[0.870s]   result variables (e.g., `_FOUND`) to follow a certain pattern.
[0.870s] Call Stack (most recent call first):
[0.870s]   /usr/lib/x86_64-linux-gnu/cmake/pcl/PCLConfig.cmake:619 (find_package_handle_standard_args)
[0.870s]   CMakeLists.txt:119 (find_package)
[0.870s] This warning is for project developers.  Use -Wno-dev to suppress it.
[0.870s] 
[0.870s] -- Found PCL_IN_HAND_SCANNER: /usr/include/pcl-1.10  
[0.870s] -- looking for PCL_POINT_CLOUD_EDITOR
[0.870s] -- Found PCL_POINT_CLOUD_EDITOR: /usr/include/pcl-1.10  
[0.870s] CMake Warning (dev) at /usr/share/cmake-3.22/Modules/FindPackageHandleStandardArgs.cmake:438 (message):
[0.870s]   The package name passed to `find_package_handle_standard_args`
[0.870s]   (PCL_POINT_CLOUD_EDITOR) does not match the name of the calling package
[0.870s]   (PCL).  This can lead to problems in calling code that expects
[0.871s]   `find_package` result variables (e.g., `_FOUND`) to follow a certain
[0.871s]   pattern.
[0.871s] Call Stack (most recent call first):
[0.871s]   /usr/lib/x86_64-linux-gnu/cmake/pcl/PCLConfig.cmake:619 (find_package_handle_standard_args)
[0.871s]   CMakeLists.txt:119 (find_package)
[0.871s] This warning is for project developers.  Use -Wno-dev to suppress it.
[0.871s] 
[0.871s] -- looking for PCL_OUTOFCORE
[0.871s] CMake Warning (dev) at /usr/share/cmake-3.22/Modules/FindPackageHandleStandardArgs.cmake:438 (message):
[0.871s]   The package name passed to `find_package_handle_standard_args`
[0.871s]   (PCL_OUTOFCORE) does not match the name of the calling package (PCL).  This
[0.871s]   can lead to problems in calling code that expects `find_package` result
[0.871s]   variables (e.g., `_FOUND`) to follow a certain pattern.
[0.871s] Call Stack (most recent call first):
[0.871s]   /usr/lib/x86_64-linux-gnu/cmake/pcl/PCLConfig.cmake:616 (find_package_handle_standard_args)
[0.871s]   CMakeLists.txt:119 (find_package)
[0.871s] This warning is for project developers.  Use -Wno-dev to suppress it.
[0.871s] 
[0.871s] -- Found PCL_OUTOFCORE: /usr/lib/x86_64-linux-gnu/libpcl_outofcore.so  
[0.871s] -- looking for PCL_PEOPLE
[0.872s] CMake Warning (dev) at /usr/share/cmake-3.22/Modules/FindPackageHandleStandardArgs.cmake:438 (message):
[0.872s]   The package name passed to `find_package_handle_standard_args` (PCL_PEOPLE)
[0.872s]   does not match the name of the calling package (PCL).  This can lead to
[0.872s]   problems in calling code that expects `find_package` result variables
[0.872s]   (e.g., `_FOUND`) to follow a certain pattern.
[0.872s] Call Stack (most recent call first):
[0.872s]   /usr/lib/x86_64-linux-gnu/cmake/pcl/PCLConfig.cmake:616 (find_package_handle_standard_args)
[0.872s]   CMakeLists.txt:119 (find_package)
[0.872s] This warning is for project developers.  Use -Wno-dev to suppress it.
[0.872s] 
[0.872s] -- Found PCL_PEOPLE: /usr/lib/x86_64-linux-gnu/libpcl_people.so  
[0.872s] -- Found PCL: pcl_common;pcl_kdtree;pcl_octree;pcl_search;pcl_sample_consensus;pcl_filters;pcl_io;pcl_features;pcl_ml;pcl_segmentation;pcl_visualization;pcl_surface;pcl_registration;pcl_keypoints;pcl_tracking;pcl_recognition;pcl_stereo;pcl_apps;pcl_outofcore;pcl_people;/usr/lib/x86_64-linux-gnu/libboost_system.so;/usr/lib/x86_64-linux-gnu/libboost_filesystem.so;/usr/lib/x86_64-linux-gnu/libboost_date_time.so;/usr/lib/x86_64-linux-gnu/libboost_iostreams.so;/usr/lib/x86_64-linux-gnu/libboost_regex.so;optimized;/usr/lib/x86_64-linux-gnu/libqhull.so;debug;/usr/lib/x86_64-linux-gnu/libqhull.so;/usr/lib/libOpenNI.so;/usr/lib/x86_64-linux-gnu/libOpenNI2.so;vtkChartsCore;vtkCommonColor;vtkCommonCore;vtksys;vtkCommonDataModel;vtkCommonMath;vtkCommonMisc;vtkCommonSystem;vtkCommonTransforms;vtkCommonExecutionModel;vtkFiltersGeneral;vtkCommonComputationalGeometry;vtkFiltersCore;vtkInfovisCore;vtkFiltersExtraction;vtkFiltersStatistics;vtkImagingFourier;vtkImagingCore;vtkalglib;vtkRenderingContext2D;vtkRenderingCore;vtkFiltersGeometry;vtkFiltersSources;vtkRenderingFreeType;/usr/lib/x86_64-linux-gnu/libfreetype.so;/usr/lib/x86_64-linux-gnu/libz.so;vtkFiltersModeling;vtkImagingSources;vtkInteractionStyle;vtkInteractionWidgets;vtkFiltersHybrid;vtkImagingColor;vtkImagingGeneral;vtkImagingHybrid;vtkIOImage;vtkDICOMParser;vtkmetaio;/usr/lib/x86_64-linux-gnu/libjpeg.so;/usr/lib/x86_64-linux-gnu/libpng.so;/usr/lib/x86_64-linux-gnu/libtiff.so;vtkRenderingAnnotation;vtkRenderingVolume;vtkIOXML;vtkIOCore;vtkIOXMLParser;/usr/lib/x86_64-linux-gnu/libexpat.so;vtkIOGeometry;vtkIOLegacy;vtkIOPLY;vtkRenderingLOD;vtkViewsContext2D;vtkViewsCore;vtkRenderingContextOpenGL2;vtkRenderingOpenGL2;FLANN::FLANN  
[0.936s] -- Found actionlib_msgs: 4.2.3 (/opt/ros/humble/share/actionlib_msgs/cmake)
[1.316s] -- Found rosgraph_msgs: 1.2.1 (/opt/ros/humble/share/rosgraph_msgs/cmake)
[2.165s] -- Found nav_msgs: 4.2.3 (/opt/ros/humble/share/nav_msgs/cmake)
[2.211s] -- Found rclcpp: 16.0.8 (/opt/ros/humble/share/rclcpp/cmake)
[2.243s] -- Found rmw_implementation_cmake: 6.1.1 (/opt/ros/humble/share/rmw_implementation_cmake/cmake)
[2.244s] -- Found rmw_fastrtps_cpp: 6.2.6 (/opt/ros/humble/share/rmw_fastrtps_cpp/cmake)
[2.297s] -- Found OpenSSL: /usr/lib/x86_64-linux-gnu/libcrypto.so (found version "3.0.2")  
[2.316s] -- Found FastRTPS: /opt/ros/humble/include  
[2.351s] -- Using RMW implementation 'rmw_fastrtps_cpp' as default
[2.358s] -- Looking for pthread.h
[2.397s] -- Looking for pthread.h - found
[2.397s] -- Performing Test CMAKE_HAVE_LIBC_PTHREAD
[2.460s] -- Performing Test CMAKE_HAVE_LIBC_PTHREAD - Success
[2.461s] -- Found Threads: TRUE  
[2.531s] -- Found tf2: 0.25.6 (/opt/ros/humble/share/tf2/cmake)
[2.551s] CMake Error at CMakeLists.txt:125 (find_package):
[2.551s]   By not providing "Find1.7.cmake" in CMAKE_MODULE_PATH this project has
[2.551s]   asked CMake to find a package configuration file provided by "1.7", but
[2.551s]   CMake did not find one.
[2.551s] 
[2.551s]   Could not find a package configuration file provided by "1.7" with any of
[2.551s]   the following names:
[2.551s] 
[2.551s]     1.7Config.cmake
[2.551s]     1.7-config.cmake
[2.551s] 
[2.551s]   Add the installation prefix of "1.7" to CMAKE_PREFIX_PATH or set "1.7_DIR"
[2.551s]   to a directory containing one of the above files.  If "1.7" provides a
[2.551s]   separate development package or SDK, be sure it has been installed.
[2.551s] 
[2.551s] 
[2.551s] -- Configuring incomplete, errors occurred!
[2.551s] See also "/home/ahmo030/ros2-migration/arena/arena-rosnav/utils/ros/rosnodes/spacial_horizon/build/spacial_horizon/CMakeFiles/CMakeOutput.log".
[2.558s] Invoked command in '/home/ahmo030/ros2-migration/arena/arena-rosnav/utils/ros/rosnodes/spacial_horizon/build/spacial_horizon' returned '1': CMAKE_PREFIX_PATH=/opt/ros/humble:${CMAKE_PREFIX_PATH} /usr/bin/cmake /home/ahmo030/ros2-migration/arena/arena-rosnav/utils/ros/rosnodes/spacial_horizon -DCMAKE_INSTALL_PREFIX=/home/ahmo030/ros2-migration/arena/arena-rosnav/utils/ros/rosnodes/spacial_horizon/install/spacial_horizon
