[0.028s] Invoking command in '/ros2-migration/build/cob_srvs': CMAKE_PREFIX_PATH=/ros2-migration/install/tiago_controller_configuration:/opt/ros/humble /usr/bin/cmake --build /ros2-migration/build/cob_srvs -- -j8 -l8
[0.151s] [  1%] Built target cob_srvs__cpp
[0.151s] [  1%] Built target ament_cmake_python_copy_cob_srvs
[0.151s] [ 12%] Built target cob_srvs__rosidl_generator_c
[0.165s] [ 23%] Built target cob_srvs__rosidl_typesupport_introspection_cpp
[0.165s] [ 34%] Built target cob_srvs__rosidl_typesupport_cpp
[0.177s] [ 45%] Built target cob_srvs__rosidl_typesupport_fastrtps_cpp
[0.252s] [ 56%] Built target cob_srvs__rosidl_typesupport_introspection_c
[0.268s] [ 67%] Built target cob_srvs__rosidl_typesupport_fastrtps_c
[0.278s] [ 78%] Built target cob_srvs__rosidl_typesupport_c
[0.304s] [ 78%] Built target cob_srvs
[0.322s] [ 80%] Built target cob_srvs__py
[0.348s] [ 89%] Built target cob_srvs__rosidl_generator_py
[0.365s] [ 92%] Built target cob_srvs__rosidl_typesupport_fastrtps_c__pyext
[0.375s] [ 96%] Built target cob_srvs__rosidl_typesupport_introspection_c__pyext
[0.379s] [100%] Built target cob_srvs__rosidl_typesupport_c__pyext
[0.410s] running egg_info
[0.427s] writing cob_srvs.egg-info/PKG-INFO
[0.428s] writing dependency_links to cob_srvs.egg-info/dependency_links.txt
[0.428s] writing top-level names to cob_srvs.egg-info/top_level.txt
[0.476s] reading manifest file 'cob_srvs.egg-info/SOURCES.txt'
[0.477s] writing manifest file 'cob_srvs.egg-info/SOURCES.txt'
[0.513s] [100%] Built target ament_cmake_python_build_cob_srvs_egg
