[0.006s] Invoking command in '/home/ahmo030/ros2-migration/arena/arena-rosnav/utils/plugins/gazebo_utils/build/gazebo_utils': CMAKE_PREFIX_PATH=/opt/ros/humble:${CMAKE_PREFIX_PATH} /usr/bin/cmake --build /home/ahmo030/ros2-migration/arena/arena-rosnav/utils/plugins/gazebo_utils/build/gazebo_utils -- -j16 -l16
[0.018s] -- Found ament_cmake: 1.3.8 (/opt/ros/humble/share/ament_cmake/cmake)
[0.092s] -- Found rclcpp: 16.0.8 (/opt/ros/humble/share/rclcpp/cmake)
[0.110s] -- Found rosidl_generator_c: 3.1.5 (/opt/ros/humble/share/rosidl_generator_c/cmake)
[0.111s] -- Found rosidl_adapter: 3.1.5 (/opt/ros/humble/share/rosidl_adapter/cmake)
[0.114s] -- Found rosidl_generator_cpp: 3.1.5 (/opt/ros/humble/share/rosidl_generator_cpp/cmake)
[0.120s] -- Using all available rosidl_typesupport_c: rosidl_typesupport_fastrtps_c;rosidl_typesupport_introspection_c
[0.128s] -- Using all available rosidl_typesupport_cpp: rosidl_typesupport_fastrtps_cpp;rosidl_typesupport_introspection_cpp
[0.158s] -- Found rmw_implementation_cmake: 6.1.1 (/opt/ros/humble/share/rmw_implementation_cmake/cmake)
[0.159s] -- Found rmw_fastrtps_cpp: 6.2.6 (/opt/ros/humble/share/rmw_fastrtps_cpp/cmake)
[0.239s] -- Using RMW implementation 'rmw_fastrtps_cpp' as default
[0.323s] -- Found rviz_common: 11.2.12 (/opt/ros/humble/share/rviz_common/cmake)
[0.330s] -- Setting OGRE_DIR to: '/opt/ros/humble/share/rviz_ogre_vendor/cmake/../../../opt/rviz_ogre_vendor/lib/OGRE/cmake'
[0.331s] -- Found OGRE
[0.331s] --   static     : OFF
[0.331s] --   components : HLMS;MeshLodGenerator;Overlay;Paging;Property;RTShaderSystem;Terrain;Volume
[0.331s] --   plugins    : Plugin_BSPSceneManager;Plugin_OctreeSceneManager;Plugin_PCZSceneManager;Plugin_ParticleFX;RenderSystem_GL;RenderSystem_GL3Plus;Codec_STBI
[0.331s] --   media      : /opt/ros/humble/opt/rviz_ogre_vendor/share/OGRE/Media
[0.331s] -- OGRE_LIBRARIES: OgreHLMS;OgreMeshLodGenerator;OgreOverlay;OgrePaging;OgreProperty;OgreRTShaderSystem;OgreTerrain;OgreVolume;OgreMain
[0.331s] -- OGRE_LIBRARY_DIRS: /opt/ros/humble/opt/rviz_ogre_vendor/lib
[0.331s] -- OGRE_PLUGINS: Plugin_BSPSceneManager;Plugin_OctreeSceneManager;Plugin_PCZSceneManager;Plugin_ParticleFX;RenderSystem_GL;RenderSystem_GL3Plus;Codec_STBI
[0.331s] -- OGRE_PLUGIN_DIR: /opt/ros/humble/opt/rviz_ogre_vendor/lib/OGRE
[0.331s] -- rviz_ogre_vendor::OgreOverlay for IMPORTED_LOCATION_RELEASE: /opt/ros/humble/opt/rviz_ogre_vendor/lib/libOgreOverlay.so
[0.331s] -- rviz_ogre_vendor::OgreOverlay for IMPORTED_LOCATION_DEBUG: /opt/ros/humble/opt/rviz_ogre_vendor/lib/libOgreOverlay.so
[0.331s] -- rviz_ogre_vendor::OgreMain for IMPORTED_LOCATION_RELEASE: /opt/ros/humble/opt/rviz_ogre_vendor/lib/libOgreMain.so
[0.332s] -- rviz_ogre_vendor::OgreMain for IMPORTED_LOCATION_DEBUG: /opt/ros/humble/opt/rviz_ogre_vendor/lib/libOgreMain.so
[0.332s] -- Could not find freeimage library
[0.357s] -- rviz_ogre_vendor::RenderSystem_GL for IMPORTED_LOCATION_RELEASE: _render_system_gl_static_library_abs-NOTFOUND
[0.357s] -- rviz_ogre_vendor::RenderSystem_GL for IMPORTED_LOCATION_DEBUG: _render_system_gl_static_library_abs-NOTFOUND
[0.376s] -- library: /usr/lib/x86_64-linux-gnu/libcurl.so
[0.480s] -- Ensuring Eigen3 include directory is part of orocos-kdl CMake target
[0.675s] -- Found rviz_default_plugins: 11.2.12 (/opt/ros/humble/share/rviz_default_plugins/cmake)
[1.036s] -- Configuring done
[1.086s] -- Generating done
[1.087s] -- Build files have been written to: /home/ahmo030/ros2-migration/arena/arena-rosnav/utils/plugins/gazebo_utils/build/gazebo_utils
[1.107s] [ 10%] Automatic MOC and UIC for target gazebo_utils
[1.125s] [ 10%] Built target gazebo_utils_autogen
[1.130s] Consolidate compiler generated dependencies of target gazebo_utils
[1.136s] [ 40%] Building CXX object CMakeFiles/gazebo_utils.dir/home/ahmo030/ros2-migration/arena/arena-rosnav/utils/plugins/rviz_plugins/src/goal_tool.cpp.o
[1.136s] [ 40%] Building CXX object CMakeFiles/gazebo_utils.dir/gazebo_utils_autogen/mocs_compilation.cpp.o
[1.136s] [ 50%] Building CXX object CMakeFiles/gazebo_utils.dir/home/ahmo030/ros2-migration/arena/arena-rosnav/utils/plugins/rviz_plugins/src/task_tool.cpp.o
[1.136s] [ 50%] Building CXX object CMakeFiles/gazebo_utils.dir/home/ahmo030/ros2-migration/arena/arena-rosnav/utils/plugins/rviz_plugins/src/pose_tool.cpp.o
[1.136s] [ 60%] Building CXX object CMakeFiles/gazebo_utils.dir/__/rviz_plugins/src/moc_goal_tool.cpp.o
[1.136s] [ 70%] Building CXX object CMakeFiles/gazebo_utils.dir/__/rviz_plugins/src/moc_task_tool.cpp.o
[1.141s] In file included from /home/ahmo030/ros2-migration/arena/arena-rosnav/utils/plugins/rviz_plugins/src/task_tool.cpp:1:
[1.141s] /home/ahmo030/ros2-migration/arena/arena-rosnav/utils/plugins/rviz_plugins/src/task_tool.h:5:10: fatal error: ros/ros.h: No such file or directory
[1.141s]     5 | #include <ros/ros.h>
[1.141s]       |          ^~~~~~~~~~~
[1.141s] /home/ahmo030/ros2-migration/arena/arena-rosnav/utils/plugins/rviz_plugins/src/goal_tool.cpp:30:10: fatal error: tf/transform_listener.h: No such file or directory
[1.141s]    30 | #include <tf/transform_listener.h>
[1.141s]       |          ^~~~~~~~~~~~~~~~~~~~~~~~~
[1.141s] compilation terminated.
[1.141s] compilation terminated.
[1.141s] gmake[2]: *** [CMakeFiles/gazebo_utils.dir/build.make:126: CMakeFiles/gazebo_utils.dir/home/ahmo030/ros2-migration/arena/arena-rosnav/utils/plugins/rviz_plugins/src/task_tool.cpp.o] Error 1
[1.141s] gmake[2]: *** Waiting for unfinished jobs....
[1.141s] gmake[2]: *** [CMakeFiles/gazebo_utils.dir/build.make:112: CMakeFiles/gazebo_utils.dir/home/ahmo030/ros2-migration/arena/arena-rosnav/utils/plugins/rviz_plugins/src/goal_tool.cpp.o] Error 1
[1.220s] In file included from /home/ahmo030/ros2-migration/arena/arena-rosnav/utils/plugins/gazebo_utils/build/gazebo_utils/__/rviz_plugins/src/moc_goal_tool.cpp:10:
[1.220s] /home/ahmo030/ros2-migration/arena/arena-rosnav/utils/plugins/gazebo_utils/build/gazebo_utils/__/rviz_plugins/src/../../../../../../rviz_plugins/src/goal_tool.h:36:11: fatal error: ros/ros.h: No such file or directory
[1.221s]    36 | # include <ros/ros.h>
[1.221s]       |           ^~~~~~~~~~~
[1.221s] compilation terminated.
[1.222s] gmake[2]: *** [CMakeFiles/gazebo_utils.dir/build.make:140: CMakeFiles/gazebo_utils.dir/__/rviz_plugins/src/moc_goal_tool.cpp.o] Error 1
[1.518s] /home/ahmo030/ros2-migration/arena/arena-rosnav/utils/plugins/rviz_plugins/src/pose_tool.cpp:35:10: fatal error: rviz/geometry.h: No such file or directory
[1.518s]    35 | #include "rviz/geometry.h"
[1.518s]       |          ^~~~~~~~~~~~~~~~~
[1.518s] compilation terminated.
[1.522s] gmake[2]: *** [CMakeFiles/gazebo_utils.dir/build.make:98: CMakeFiles/gazebo_utils.dir/home/ahmo030/ros2-migration/arena/arena-rosnav/utils/plugins/rviz_plugins/src/pose_tool.cpp.o] Error 1
[1.522s] gmake[1]: *** [CMakeFiles/Makefile2:138: CMakeFiles/gazebo_utils.dir/all] Error 2
[1.522s] gmake: *** [Makefile:146: all] Error 2
[1.523s] Invoked command in '/home/ahmo030/ros2-migration/arena/arena-rosnav/utils/plugins/gazebo_utils/build/gazebo_utils' returned '2': CMAKE_PREFIX_PATH=/opt/ros/humble:${CMAKE_PREFIX_PATH} /usr/bin/cmake --build /home/ahmo030/ros2-migration/arena/arena-rosnav/utils/plugins/gazebo_utils/build/gazebo_utils -- -j16 -l16
