[0.007s] Invoking command in '/home/ahmo030/ros2-migration/arena/arena-rosnav/utils/misc/path_search/build/path_search': CMAKE_PREFIX_PATH=/opt/ros/humble:${CMAKE_PREFIX_PATH} /usr/bin/cmake /home/ahmo030/ros2-migration/arena/arena-rosnav/utils/misc/path_search -DCMAKE_INSTALL_PREFIX=/home/ahmo030/ros2-migration/arena/arena-rosnav/utils/misc/path_search/install/path_search
[0.014s] -- Found ament_cmake: 1.3.8 (/opt/ros/humble/share/ament_cmake/cmake)
[0.094s] -- Found nav_msgs: 4.2.3 (/opt/ros/humble/share/nav_msgs/cmake)
[0.112s] -- Found rosidl_generator_c: 3.1.5 (/opt/ros/humble/share/rosidl_generator_c/cmake)
[0.114s] -- Found rosidl_adapter: 3.1.5 (/opt/ros/humble/share/rosidl_adapter/cmake)
[0.117s] -- Found rosidl_generator_cpp: 3.1.5 (/opt/ros/humble/share/rosidl_generator_cpp/cmake)
[0.124s] -- Using all available rosidl_typesupport_c: rosidl_typesupport_fastrtps_c;rosidl_typesupport_introspection_c
[0.132s] -- Using all available rosidl_typesupport_cpp: rosidl_typesupport_fastrtps_cpp;rosidl_typesupport_introspection_cpp
[0.260s] -- Eigen found (include: /usr/include/eigen3, version: 3.4.0)
[0.301s] -- The imported target "vtkParseOGLExt" references the file
[0.301s]    "/usr/bin/vtkParseOGLExt-7.1"
[0.301s] but this file does not exist.  Possible reasons include:
[0.301s] * The file was deleted, renamed, or moved to another location.
[0.301s] * An install or uninstall procedure did not complete successfully.
[0.301s] * The installation package was faulty and contained
[0.301s]    "/usr/lib/cmake/vtk-7.1/VTKTargets.cmake"
[0.301s] but not all the files it references.
[0.301s] 
[0.301s] -- The imported target "vtkRenderingPythonTkWidgets" references the file
[0.301s]    "/usr/lib/x86_64-linux-gnu/libvtkRenderingPythonTkWidgets.so"
[0.301s] but this file does not exist.  Possible reasons include:
[0.301s] * The file was deleted, renamed, or moved to another location.
[0.301s] * An install or uninstall procedure did not complete successfully.
[0.301s] * The installation package was faulty and contained
[0.301s]    "/usr/lib/cmake/vtk-7.1/VTKTargets.cmake"
[0.301s] but not all the files it references.
[0.301s] 
[0.301s] -- The imported target "vtk" references the file
[0.301s]    "/usr/bin/vtk"
[0.301s] but this file does not exist.  Possible reasons include:
[0.301s] * The file was deleted, renamed, or moved to another location.
[0.301s] * An install or uninstall procedure did not complete successfully.
[0.301s] * The installation package was faulty and contained
[0.301s]    "/usr/lib/cmake/vtk-7.1/VTKTargets.cmake"
[0.301s] but not all the files it references.
[0.302s] 
[0.302s] -- The imported target "pvtk" references the file
[0.302s]    "/usr/bin/pvtk"
[0.302s] but this file does not exist.  Possible reasons include:
[0.302s] * The file was deleted, renamed, or moved to another location.
[0.302s] * An install or uninstall procedure did not complete successfully.
[0.302s] * The installation package was faulty and contained
[0.302s]    "/usr/lib/cmake/vtk-7.1/VTKTargets.cmake"
[0.302s] but not all the files it references.
[0.302s] 
[0.311s] CMake Warning (dev) at /usr/share/cmake-3.22/Modules/FindPackageHandleStandardArgs.cmake:438 (message):
[0.311s]   The package name passed to `find_package_handle_standard_args` (USB_10)
[0.311s]   does not match the name of the calling package (OpenNI).  This can lead to
[0.311s]   problems in calling code that expects `find_package` result variables
[0.311s]   (e.g., `_FOUND`) to follow a certain pattern.
[0.311s] Call Stack (most recent call first):
[0.312s]   /usr/lib/x86_64-linux-gnu/cmake/pcl/Modules/FindOpenNI.cmake:28 (find_package_handle_standard_args)
[0.312s]   /usr/lib/x86_64-linux-gnu/cmake/pcl/PCLConfig.cmake:179 (find_package)
[0.312s]   /usr/lib/x86_64-linux-gnu/cmake/pcl/PCLConfig.cmake:322 (find_openni)
[0.312s]   /usr/lib/x86_64-linux-gnu/cmake/pcl/PCLConfig.cmake:548 (find_external_library)
[0.312s]   CMakeLists.txt:12 (find_package)
[0.312s] This warning is for project developers.  Use -Wno-dev to suppress it.
[0.312s] 
[0.312s] -- OpenNI found (include: /usr/include/ni, lib: /usr/lib/libOpenNI.so)
[0.315s] CMake Warning (dev) at /usr/share/cmake-3.22/Modules/FindPackageHandleStandardArgs.cmake:438 (message):
[0.315s]   The package name passed to `find_package_handle_standard_args` (USB_10)
[0.315s]   does not match the name of the calling package (OpenNI2).  This can lead to
[0.315s]   problems in calling code that expects `find_package` result variables
[0.315s]   (e.g., `_FOUND`) to follow a certain pattern.
[0.315s] Call Stack (most recent call first):
[0.315s]   /usr/lib/x86_64-linux-gnu/cmake/pcl/Modules/FindOpenNI2.cmake:28 (find_package_handle_standard_args)
[0.315s]   /usr/lib/x86_64-linux-gnu/cmake/pcl/PCLConfig.cmake:193 (find_package)
[0.315s]   /usr/lib/x86_64-linux-gnu/cmake/pcl/PCLConfig.cmake:324 (find_openni2)
[0.315s]   /usr/lib/x86_64-linux-gnu/cmake/pcl/PCLConfig.cmake:548 (find_external_library)
[0.315s]   CMakeLists.txt:12 (find_package)
[0.315s] This warning is for project developers.  Use -Wno-dev to suppress it.
[0.315s] 
[0.315s] -- OpenNI2 found (include: /usr/include/openni2, lib: /usr/lib/x86_64-linux-gnu/libOpenNI2.so)
[0.315s] ** WARNING ** io features related to pcap will be disabled
[0.315s] ** WARNING ** io features related to png will be disabled
[0.321s] CMake Warning (dev) at /usr/share/cmake-3.22/Modules/FindPackageHandleStandardArgs.cmake:438 (message):
[0.321s]   The package name passed to `find_package_handle_standard_args` (libusb-1.0)
[0.321s]   does not match the name of the calling package (PCL).  This can lead to
[0.321s]   problems in calling code that expects `find_package` result variables
[0.321s]   (e.g., `_FOUND`) to follow a certain pattern.
[0.321s] Call Stack (most recent call first):
[0.321s]   /usr/lib/x86_64-linux-gnu/cmake/pcl/PCLConfig.cmake:291 (find_package_handle_standard_args)
[0.321s]   /usr/lib/x86_64-linux-gnu/cmake/pcl/PCLConfig.cmake:338 (find_libusb)
[0.321s]   /usr/lib/x86_64-linux-gnu/cmake/pcl/PCLConfig.cmake:548 (find_external_library)
[0.321s]   CMakeLists.txt:12 (find_package)
[0.321s] This warning is for project developers.  Use -Wno-dev to suppress it.
[0.321s] 
[0.321s] ** WARNING ** io features related to libusb-1.0 will be disabled
[0.324s] CMake Warning (dev) at /usr/share/cmake-3.22/Modules/FindPackageHandleStandardArgs.cmake:438 (message):
[0.324s]   The package name passed to `find_package_handle_standard_args` (USB_10)
[0.324s]   does not match the name of the calling package (OpenNI).  This can lead to
[0.324s]   problems in calling code that expects `find_package` result variables
[0.324s]   (e.g., `_FOUND`) to follow a certain pattern.
[0.324s] Call Stack (most recent call first):
[0.324s]   /usr/lib/x86_64-linux-gnu/cmake/pcl/Modules/FindOpenNI.cmake:28 (find_package_handle_standard_args)
[0.324s]   /usr/lib/x86_64-linux-gnu/cmake/pcl/PCLConfig.cmake:179 (find_package)
[0.324s]   /usr/lib/x86_64-linux-gnu/cmake/pcl/PCLConfig.cmake:322 (find_openni)
[0.324s]   /usr/lib/x86_64-linux-gnu/cmake/pcl/PCLConfig.cmake:548 (find_external_library)
[0.324s]   CMakeLists.txt:12 (find_package)
[0.324s] This warning is for project developers.  Use -Wno-dev to suppress it.
[0.324s] 
[0.324s] -- OpenNI found (include: /usr/include/ni, lib: /usr/lib/libOpenNI.so)
[0.328s] CMake Warning (dev) at /usr/share/cmake-3.22/Modules/FindPackageHandleStandardArgs.cmake:438 (message):
[0.328s]   The package name passed to `find_package_handle_standard_args` (USB_10)
[0.328s]   does not match the name of the calling package (OpenNI2).  This can lead to
[0.328s]   problems in calling code that expects `find_package` result variables
[0.328s]   (e.g., `_FOUND`) to follow a certain pattern.
[0.328s] Call Stack (most recent call first):
[0.328s]   /usr/lib/x86_64-linux-gnu/cmake/pcl/Modules/FindOpenNI2.cmake:28 (find_package_handle_standard_args)
[0.328s]   /usr/lib/x86_64-linux-gnu/cmake/pcl/PCLConfig.cmake:193 (find_package)
[0.328s]   /usr/lib/x86_64-linux-gnu/cmake/pcl/PCLConfig.cmake:324 (find_openni2)
[0.328s]   /usr/lib/x86_64-linux-gnu/cmake/pcl/PCLConfig.cmake:548 (find_external_library)
[0.328s]   CMakeLists.txt:12 (find_package)
[0.328s] This warning is for project developers.  Use -Wno-dev to suppress it.
[0.328s] 
[0.328s] -- OpenNI2 found (include: /usr/include/openni2, lib: /usr/lib/x86_64-linux-gnu/libOpenNI2.so)
[0.335s] -- QHULL found (include: /usr/include, lib: optimized;/usr/lib/x86_64-linux-gnu/libqhull.so;debug;/usr/lib/x86_64-linux-gnu/libqhull.so)
[0.338s] CMake Warning (dev) at /usr/share/cmake-3.22/Modules/FindPackageHandleStandardArgs.cmake:438 (message):
[0.338s]   The package name passed to `find_package_handle_standard_args` (USB_10)
[0.338s]   does not match the name of the calling package (OpenNI).  This can lead to
[0.338s]   problems in calling code that expects `find_package` result variables
[0.338s]   (e.g., `_FOUND`) to follow a certain pattern.
[0.338s] Call Stack (most recent call first):
[0.338s]   /usr/lib/x86_64-linux-gnu/cmake/pcl/Modules/FindOpenNI.cmake:28 (find_package_handle_standard_args)
[0.338s]   /usr/lib/x86_64-linux-gnu/cmake/pcl/PCLConfig.cmake:179 (find_package)
[0.338s]   /usr/lib/x86_64-linux-gnu/cmake/pcl/PCLConfig.cmake:322 (find_openni)
[0.338s]   /usr/lib/x86_64-linux-gnu/cmake/pcl/PCLConfig.cmake:548 (find_external_library)
[0.338s]   CMakeLists.txt:12 (find_package)
[0.338s] This warning is for project developers.  Use -Wno-dev to suppress it.
[0.338s] 
[0.338s] -- OpenNI found (include: /usr/include/ni, lib: /usr/lib/libOpenNI.so)
[0.344s] -- looking for PCL_COMMON
[0.344s] CMake Warning (dev) at /usr/share/cmake-3.22/Modules/FindPackageHandleStandardArgs.cmake:438 (message):
[0.344s]   The package name passed to `find_package_handle_standard_args` (PCL_COMMON)
[0.344s]   does not match the name of the calling package (PCL).  This can lead to
[0.344s]   problems in calling code that expects `find_package` result variables
[0.344s]   (e.g., `_FOUND`) to follow a certain pattern.
[0.344s] Call Stack (most recent call first):
[0.344s]   /usr/lib/x86_64-linux-gnu/cmake/pcl/PCLConfig.cmake:616 (find_package_handle_standard_args)
[0.344s]   CMakeLists.txt:12 (find_package)
[0.344s] This warning is for project developers.  Use -Wno-dev to suppress it.
[0.344s] 
[0.344s] -- looking for PCL_KDTREE
[0.344s] CMake Warning (dev) at /usr/share/cmake-3.22/Modules/FindPackageHandleStandardArgs.cmake:438 (message):
[0.344s]   The package name passed to `find_package_handle_standard_args` (PCL_KDTREE)
[0.344s]   does not match the name of the calling package (PCL).  This can lead to
[0.344s]   problems in calling code that expects `find_package` result variables
[0.344s]   (e.g., `_FOUND`) to follow a certain pattern.
[0.344s] Call Stack (most recent call first):
[0.345s]   /usr/lib/x86_64-linux-gnu/cmake/pcl/PCLConfig.cmake:616 (find_package_handle_standard_args)
[0.345s]   CMakeLists.txt:12 (find_package)
[0.345s] This warning is for project developers.  Use -Wno-dev to suppress it.
[0.345s] 
[0.345s] -- looking for PCL_OCTREE
[0.345s] CMake Warning (dev) at /usr/share/cmake-3.22/Modules/FindPackageHandleStandardArgs.cmake:438 (message):
[0.345s]   The package name passed to `find_package_handle_standard_args` (PCL_OCTREE)
[0.345s]   does not match the name of the calling package (PCL).  This can lead to
[0.345s]   problems in calling code that expects `find_package` result variables
[0.345s]   (e.g., `_FOUND`) to follow a certain pattern.
[0.345s] Call Stack (most recent call first):
[0.345s]   /usr/lib/x86_64-linux-gnu/cmake/pcl/PCLConfig.cmake:616 (find_package_handle_standard_args)
[0.345s]   CMakeLists.txt:12 (find_package)
[0.345s] This warning is for project developers.  Use -Wno-dev to suppress it.
[0.345s] 
[0.345s] -- looking for PCL_SEARCH
[0.345s] -- looking for PCL_SAMPLE_CONSENSUS
[0.345s] -- looking for PCL_FILTERS
[0.345s] -- looking for PCL_2D
[0.345s] -- looking for PCL_GEOMETRY
[0.345s] CMake Warning (dev) at /usr/share/cmake-3.22/Modules/FindPackageHandleStandardArgs.cmake:438 (message):
[0.345s]   The package name passed to `find_package_handle_standard_args` (PCL_SEARCH)
[0.345s]   does not match the name of the calling package (PCL).  This can lead to
[0.345s]   problems in calling code that expects `find_package` result variables
[0.346s]   (e.g., `_FOUND`) to follow a certain pattern.
[0.346s] Call Stack (most recent call first):
[0.346s]   /usr/lib/x86_64-linux-gnu/cmake/pcl/PCLConfig.cmake:616 (find_package_handle_standard_args)
[0.346s]   CMakeLists.txt:12 (find_package)
[0.346s] This warning is for project developers.  Use -Wno-dev to suppress it.
[0.346s] 
[0.346s] CMake Warning (dev) at /usr/share/cmake-3.22/Modules/FindPackageHandleStandardArgs.cmake:438 (message):
[0.346s]   The package name passed to `find_package_handle_standard_args`
[0.346s]   (PCL_SAMPLE_CONSENSUS) does not match the name of the calling package
[0.346s]   (PCL).  This can lead to problems in calling code that expects
[0.346s]   `find_package` result variables (e.g., `_FOUND`) to follow a certain
[0.346s]   pattern.
[0.346s] Call Stack (most recent call first):
[0.346s]   /usr/lib/x86_64-linux-gnu/cmake/pcl/PCLConfig.cmake:616 (find_package_handle_standard_args)
[0.346s]   CMakeLists.txt:12 (find_package)
[0.346s] This warning is for project developers.  Use -Wno-dev to suppress it.
[0.346s] 
[0.346s] CMake Warning (dev) at /usr/share/cmake-3.22/Modules/FindPackageHandleStandardArgs.cmake:438 (message):
[0.346s]   The package name passed to `find_package_handle_standard_args`
[0.346s]   (PCL_FILTERS) does not match the name of the calling package (PCL).  This
[0.346s]   can lead to problems in calling code that expects `find_package` result
[0.346s]   variables (e.g., `_FOUND`) to follow a certain pattern.
[0.346s] Call Stack (most recent call first):
[0.346s]   /usr/lib/x86_64-linux-gnu/cmake/pcl/PCLConfig.cmake:616 (find_package_handle_standard_args)
[0.347s]   CMakeLists.txt:12 (find_package)
[0.347s] This warning is for project developers.  Use -Wno-dev to suppress it.
[0.347s] 
[0.347s] CMake Warning (dev) at /usr/share/cmake-3.22/Modules/FindPackageHandleStandardArgs.cmake:438 (message):
[0.347s]   The package name passed to `find_package_handle_standard_args` (PCL_2D)
[0.347s]   does not match the name of the calling package (PCL).  This can lead to
[0.347s]   problems in calling code that expects `find_package` result variables
[0.347s]   (e.g., `_FOUND`) to follow a certain pattern.
[0.347s] Call Stack (most recent call first):
[0.347s]   /usr/lib/x86_64-linux-gnu/cmake/pcl/PCLConfig.cmake:619 (find_package_handle_standard_args)
[0.347s]   CMakeLists.txt:12 (find_package)
[0.347s] This warning is for project developers.  Use -Wno-dev to suppress it.
[0.347s] 
[0.347s] CMake Warning (dev) at /usr/share/cmake-3.22/Modules/FindPackageHandleStandardArgs.cmake:438 (message):
[0.347s]   The package name passed to `find_package_handle_standard_args`
[0.347s]   (PCL_GEOMETRY) does not match the name of the calling package (PCL).  This
[0.348s]   can lead to problems in calling code that expects `find_package` result
[0.348s]   variables (e.g., `_FOUND`) to follow a certain pattern.
[0.348s] Call Stack (most recent call first):
[0.348s]   /usr/lib/x86_64-linux-gnu/cmake/pcl/PCLConfig.cmake:619 (find_package_handle_standard_args)
[0.348s]   CMakeLists.txt:12 (find_package)
[0.348s] This warning is for project developers.  Use -Wno-dev to suppress it.
[0.348s] 
[0.348s] -- looking for PCL_IO
[0.348s] CMake Warning (dev) at /usr/share/cmake-3.22/Modules/FindPackageHandleStandardArgs.cmake:438 (message):
[0.348s]   The package name passed to `find_package_handle_standard_args` (PCL_IO)
[0.348s]   does not match the name of the calling package (PCL).  This can lead to
[0.348s]   problems in calling code that expects `find_package` result variables
[0.348s]   (e.g., `_FOUND`) to follow a certain pattern.
[0.348s] Call Stack (most recent call first):
[0.348s]   /usr/lib/x86_64-linux-gnu/cmake/pcl/PCLConfig.cmake:616 (find_package_handle_standard_args)
[0.348s]   CMakeLists.txt:12 (find_package)
[0.348s] This warning is for project developers.  Use -Wno-dev to suppress it.
[0.348s] 
[0.348s] CMake Warning (dev) at /usr/share/cmake-3.22/Modules/FindPackageHandleStandardArgs.cmake:438 (message):
[0.348s]   The package name passed to `find_package_handle_standard_args`
[0.348s]   (PCL_FEATURES) does not match the name of the calling package (PCL).  This
[0.348s]   can lead to problems in calling code that expects `find_package` result
[0.348s]   variables (e.g., `_FOUND`) to follow a certain pattern.
[0.349s] Call Stack (most recent call first):
[0.349s]   /usr/lib/x86_64-linux-gnu/cmake/pcl/PCLConfig.cmake:616 (find_package_handle_standard_args)
[0.349s]   CMakeLists.txt:12 (find_package)
[0.349s] This warning is for project developers.  Use -Wno-dev to suppress it.
[0.349s] 
[0.349s] -- looking for PCL_FEATURES
[0.349s] -- looking for PCL_ML
[0.349s] CMake Warning (dev) at /usr/share/cmake-3.22/Modules/FindPackageHandleStandardArgs.cmake:438 (message):
[0.349s]   The package name passed to `find_package_handle_standard_args` (PCL_ML)
[0.349s]   does not match the name of the calling package (PCL).  This can lead to
[0.349s]   problems in calling code that expects `find_package` result variables
[0.349s]   (e.g., `_FOUND`) to follow a certain pattern.
[0.349s] Call Stack (most recent call first):
[0.349s]   /usr/lib/x86_64-linux-gnu/cmake/pcl/PCLConfig.cmake:616 (find_package_handle_standard_args)
[0.349s]   CMakeLists.txt:12 (find_package)
[0.349s] This warning is for project developers.  Use -Wno-dev to suppress it.
[0.349s] 
[0.349s] CMake Warning (dev) at /usr/share/cmake-3.22/Modules/FindPackageHandleStandardArgs.cmake:438 (message):
[0.349s]   The package name passed to `find_package_handle_standard_args`
[0.349s]   (PCL_SEGMENTATION) does not match the name of the calling package (PCL).
[0.349s]   This can lead to problems in calling code that expects `find_package`
[0.349s]   result variables (e.g., `_FOUND`) to follow a certain pattern.
[0.349s] Call Stack (most recent call first):
[0.350s]   /usr/lib/x86_64-linux-gnu/cmake/pcl/PCLConfig.cmake:616 (find_package_handle_standard_args)
[0.350s]   CMakeLists.txt:12 (find_package)
[0.350s] This warning is for project developers.  Use -Wno-dev to suppress it.
[0.350s] 
[0.350s] -- looking for PCL_SEGMENTATION
[0.350s] -- looking for PCL_VISUALIZATION
[0.350s] CMake Warning (dev) at /usr/share/cmake-3.22/Modules/FindPackageHandleStandardArgs.cmake:438 (message):
[0.350s]   The package name passed to `find_package_handle_standard_args`
[0.350s]   (PCL_VISUALIZATION) does not match the name of the calling package (PCL).
[0.350s]   This can lead to problems in calling code that expects `find_package`
[0.350s]   result variables (e.g., `_FOUND`) to follow a certain pattern.
[0.350s] Call Stack (most recent call first):
[0.350s]   /usr/lib/x86_64-linux-gnu/cmake/pcl/PCLConfig.cmake:616 (find_package_handle_standard_args)
[0.350s]   CMakeLists.txt:12 (find_package)
[0.350s] This warning is for project developers.  Use -Wno-dev to suppress it.
[0.350s] 
[0.350s] CMake Warning (dev) at /usr/share/cmake-3.22/Modules/FindPackageHandleStandardArgs.cmake:438 (message):
[0.350s]   The package name passed to `find_package_handle_standard_args`
[0.350s]   (PCL_SURFACE) does not match the name of the calling package (PCL).  This
[0.350s]   can lead to problems in calling code that expects `find_package` result
[0.350s]   variables (e.g., `_FOUND`) to follow a certain pattern.
[0.350s] Call Stack (most recent call first):
[0.350s]   /usr/lib/x86_64-linux-gnu/cmake/pcl/PCLConfig.cmake:616 (find_package_handle_standard_args)
[0.350s]   CMakeLists.txt:12 (find_package)
[0.350s] This warning is for project developers.  Use -Wno-dev to suppress it.
[0.351s] 
[0.351s] CMake Warning (dev) at /usr/share/cmake-3.22/Modules/FindPackageHandleStandardArgs.cmake:438 (message):
[0.351s]   The package name passed to `find_package_handle_standard_args`
[0.351s]   (PCL_REGISTRATION) does not match the name of the calling package (PCL).
[0.351s]   This can lead to problems in calling code that expects `find_package`
[0.351s]   result variables (e.g., `_FOUND`) to follow a certain pattern.
[0.351s] Call Stack (most recent call first):
[0.351s]   /usr/lib/x86_64-linux-gnu/cmake/pcl/PCLConfig.cmake:616 (find_package_handle_standard_args)
[0.351s]   CMakeLists.txt:12 (find_package)
[0.351s] This warning is for project developers.  Use -Wno-dev to suppress it.
[0.351s] 
[0.351s] CMake Warning (dev) at /usr/share/cmake-3.22/Modules/FindPackageHandleStandardArgs.cmake:438 (message):
[0.351s]   The package name passed to `find_package_handle_standard_args`
[0.351s]   (PCL_KEYPOINTS) does not match the name of the calling package (PCL).  This
[0.351s]   can lead to problems in calling code that expects `find_package` result
[0.351s]   variables (e.g., `_FOUND`) to follow a certain pattern.
[0.351s] Call Stack (most recent call first):
[0.351s]   /usr/lib/x86_64-linux-gnu/cmake/pcl/PCLConfig.cmake:616 (find_package_handle_standard_args)
[0.351s]   CMakeLists.txt:12 (find_package)
[0.351s] This warning is for project developers.  Use -Wno-dev to suppress it.
[0.351s] 
[0.351s] -- looking for PCL_SURFACE
[0.351s] -- looking for PCL_REGISTRATION
[0.351s] -- looking for PCL_KEYPOINTS
[0.351s] -- looking for PCL_TRACKING
[0.351s] -- looking for PCL_RECOGNITION
[0.351s] CMake Warning (dev) at /usr/share/cmake-3.22/Modules/FindPackageHandleStandardArgs.cmake:438 (message):
[0.351s]   The package name passed to `find_package_handle_standard_args`
[0.351s]   (PCL_TRACKING) does not match the name of the calling package (PCL).  This
[0.351s]   can lead to problems in calling code that expects `find_package` result
[0.351s]   variables (e.g., `_FOUND`) to follow a certain pattern.
[0.351s] Call Stack (most recent call first):
[0.351s]   /usr/lib/x86_64-linux-gnu/cmake/pcl/PCLConfig.cmake:616 (find_package_handle_standard_args)
[0.352s]   CMakeLists.txt:12 (find_package)
[0.352s] This warning is for project developers.  Use -Wno-dev to suppress it.
[0.352s] 
[0.352s] CMake Warning (dev) at /usr/share/cmake-3.22/Modules/FindPackageHandleStandardArgs.cmake:438 (message):
[0.352s]   The package name passed to `find_package_handle_standard_args`
[0.352s]   (PCL_RECOGNITION) does not match the name of the calling package (PCL).
[0.352s]   This can lead to problems in calling code that expects `find_package`
[0.352s]   result variables (e.g., `_FOUND`) to follow a certain pattern.
[0.352s] Call Stack (most recent call first):
[0.352s]   /usr/lib/x86_64-linux-gnu/cmake/pcl/PCLConfig.cmake:616 (find_package_handle_standard_args)
[0.352s]   CMakeLists.txt:12 (find_package)
[0.352s] This warning is for project developers.  Use -Wno-dev to suppress it.
[0.352s] 
[0.352s] -- looking for PCL_STEREO
[0.352s] CMake Warning (dev) at /usr/share/cmake-3.22/Modules/FindPackageHandleStandardArgs.cmake:438 (message):
[0.352s]   The package name passed to `find_package_handle_standard_args` (PCL_STEREO)
[0.352s]   does not match the name of the calling package (PCL).  This can lead to
[0.352s]   problems in calling code that expects `find_package` result variables
[0.352s]   (e.g., `_FOUND`) to follow a certain pattern.
[0.352s] Call Stack (most recent call first):
[0.352s]   /usr/lib/x86_64-linux-gnu/cmake/pcl/PCLConfig.cmake:616 (find_package_handle_standard_args)
[0.352s]   CMakeLists.txt:12 (find_package)
[0.352s] This warning is for project developers.  Use -Wno-dev to suppress it.
[0.352s] 
[0.352s] -- looking for PCL_APPS
[0.352s] CMake Warning (dev) at /usr/share/cmake-3.22/Modules/FindPackageHandleStandardArgs.cmake:438 (message):
[0.352s]   The package name passed to `find_package_handle_standard_args` (PCL_APPS)
[0.352s]   does not match the name of the calling package (PCL).  This can lead to
[0.352s]   problems in calling code that expects `find_package` result variables
[0.352s]   (e.g., `_FOUND`) to follow a certain pattern.
[0.353s] Call Stack (most recent call first):
[0.353s]   /usr/lib/x86_64-linux-gnu/cmake/pcl/PCLConfig.cmake:616 (find_package_handle_standard_args)
[0.353s]   CMakeLists.txt:12 (find_package)
[0.353s] This warning is for project developers.  Use -Wno-dev to suppress it.
[0.353s] 
[0.353s] -- looking for PCL_IN_HAND_SCANNER
[0.353s] CMake Warning (dev) at /usr/share/cmake-3.22/Modules/FindPackageHandleStandardArgs.cmake:438 (message):
[0.353s]   The package name passed to `find_package_handle_standard_args`
[0.353s]   (PCL_IN_HAND_SCANNER) does not match the name of the calling package (PCL).
[0.353s]   This can lead to problems in calling code that expects `find_package`
[0.353s]   result variables (e.g., `_FOUND`) to follow a certain pattern.
[0.353s] Call Stack (most recent call first):
[0.353s]   /usr/lib/x86_64-linux-gnu/cmake/pcl/PCLConfig.cmake:619 (find_package_handle_standard_args)
[0.353s]   CMakeLists.txt:12 (find_package)
[0.353s] This warning is for project developers.  Use -Wno-dev to suppress it.
[0.353s] 
[0.353s] -- looking for PCL_POINT_CLOUD_EDITOR
[0.353s] CMake Warning (dev) at /usr/share/cmake-3.22/Modules/FindPackageHandleStandardArgs.cmake:438 (message):
[0.353s]   The package name passed to `find_package_handle_standard_args`
[0.353s]   (PCL_POINT_CLOUD_EDITOR) does not match the name of the calling package
[0.353s]   (PCL).  This can lead to problems in calling code that expects
[0.353s]   `find_package` result variables (e.g., `_FOUND`) to follow a certain
[0.353s]   pattern.
[0.353s] Call Stack (most recent call first):
[0.353s]   /usr/lib/x86_64-linux-gnu/cmake/pcl/PCLConfig.cmake:619 (find_package_handle_standard_args)
[0.353s]   CMakeLists.txt:12 (find_package)
[0.353s] This warning is for project developers.  Use -Wno-dev to suppress it.
[0.354s] 
[0.354s] CMake Warning (dev) at /usr/share/cmake-3.22/Modules/FindPackageHandleStandardArgs.cmake:438 (message):
[0.354s]   The package name passed to `find_package_handle_standard_args`
[0.354s]   (PCL_OUTOFCORE) does not match the name of the calling package (PCL).  This
[0.354s]   can lead to problems in calling code that expects `find_package` result
[0.354s]   variables (e.g., `_FOUND`) to follow a certain pattern.
[0.354s] Call Stack (most recent call first):
[0.354s]   /usr/lib/x86_64-linux-gnu/cmake/pcl/PCLConfig.cmake:616 (find_package_handle_standard_args)
[0.354s]   CMakeLists.txt:12 (find_package)
[0.354s] This warning is for project developers.  Use -Wno-dev to suppress it.
[0.354s] 
[0.354s] -- looking for PCL_OUTOFCORE
[0.354s] -- looking for PCL_PEOPLE
[0.354s] CMake Warning (dev) at /usr/share/cmake-3.22/Modules/FindPackageHandleStandardArgs.cmake:438 (message):
[0.354s]   The package name passed to `find_package_handle_standard_args` (PCL_PEOPLE)
[0.354s]   does not match the name of the calling package (PCL).  This can lead to
[0.354s]   problems in calling code that expects `find_package` result variables
[0.354s]   (e.g., `_FOUND`) to follow a certain pattern.
[0.354s] Call Stack (most recent call first):
[0.354s]   /usr/lib/x86_64-linux-gnu/cmake/pcl/PCLConfig.cmake:616 (find_package_handle_standard_args)
[0.354s]   CMakeLists.txt:12 (find_package)
[0.354s] This warning is for project developers.  Use -Wno-dev to suppress it.
[0.354s] 
[0.354s] -- Found rclcpp: 16.0.8 (/opt/ros/humble/share/rclcpp/cmake)
[0.381s] -- Found rmw_implementation_cmake: 6.1.1 (/opt/ros/humble/share/rmw_implementation_cmake/cmake)
[0.382s] -- Found rmw_fastrtps_cpp: 6.2.6 (/opt/ros/humble/share/rmw_fastrtps_cpp/cmake)
[0.471s] -- Using RMW implementation 'rmw_fastrtps_cpp' as default
[0.545s] -- Found rclpy: 3.3.12 (/opt/ros/humble/share/rclpy/cmake)
[0.555s] CMake Error at CMakeLists.txt:18 (find_package):
[0.555s]   By not providing "Findmapping.cmake" in CMAKE_MODULE_PATH this project has
[0.556s]   asked CMake to find a package configuration file provided by "mapping", but
[0.556s]   CMake did not find one.
[0.556s] 
[0.556s]   Could not find a package configuration file provided by "mapping" with any
[0.556s]   of the following names:
[0.556s] 
[0.556s]     mappingConfig.cmake
[0.556s]     mapping-config.cmake
[0.556s] 
[0.556s]   Add the installation prefix of "mapping" to CMAKE_PREFIX_PATH or set
[0.556s]   "mapping_DIR" to a directory containing one of the above files.  If
[0.556s]   "mapping" provides a separate development package or SDK, be sure it has
[0.556s]   been installed.
[0.556s] 
[0.556s] 
[0.556s] -- Configuring incomplete, errors occurred!
[0.556s] See also "/home/ahmo030/ros2-migration/arena/arena-rosnav/utils/misc/path_search/build/path_search/CMakeFiles/CMakeOutput.log".
[0.562s] Invoked command in '/home/ahmo030/ros2-migration/arena/arena-rosnav/utils/misc/path_search/build/path_search' returned '1': CMAKE_PREFIX_PATH=/opt/ros/humble:${CMAKE_PREFIX_PATH} /usr/bin/cmake /home/ahmo030/ros2-migration/arena/arena-rosnav/utils/misc/path_search -DCMAKE_INSTALL_PREFIX=/home/ahmo030/ros2-migration/arena/arena-rosnav/utils/misc/path_search/install/path_search
