[0.024s] Invoking command in '/ros2-migration/arena/build/mapping': /usr/bin/cmake /ros2-migration/arena/arena-rosnav/utils/misc/mapping -DCMAKE_INSTALL_PREFIX=/ros2-migration/arena/install/mapping
[0.048s] -- Configuring incomplete, errors occurred!
[0.048s] See also "/ros2-migration/arena/build/mapping/CMakeFiles/CMakeOutput.log".
[0.048s] [31mCMake Error at CMakeLists.txt:12 (find_package):
[0.048s]   By not providing "Findament_cmake.cmake" in CMAKE_MODULE_PATH this project
[0.049s]   has asked CMake to find a package configuration file provided by
[0.049s]   "ament_cmake", but CMake did not find one.
[0.049s] 
[0.049s]   Could not find a package configuration file provided by "ament_cmake" with
[0.049s]   any of the following names:
[0.049s] 
[0.049s]     ament_cmakeConfig.cmake
[0.049s]     ament_cmake-config.cmake
[0.049s] 
[0.049s]   Add the installation prefix of "ament_cmake" to CMAKE_PREFIX_PATH or set
[0.049s]   "ament_cmake_DIR" to a directory containing one of the above files.  If
[0.049s]   "ament_cmake" provides a separate development package or SDK, be sure it
[0.049s]   has been installed.
[0.049s] 
[0.049s] [0m
[0.060s] Invoked command in '/ros2-migration/arena/build/mapping' returned '1': /usr/bin/cmake /ros2-migration/arena/arena-rosnav/utils/misc/mapping -DCMAKE_INSTALL_PREFIX=/ros2-migration/arena/install/mapping
