[0.006s] Invoking command in '/home/ahmo030/ros2-migration/arena/utils/crowdsim/build/crowdsim': CMAKE_PREFIX_PATH=/opt/ros/humble:${CMAKE_PREFIX_PATH} /usr/bin/cmake --build /home/ahmo030/ros2-migration/arena/utils/crowdsim/build/crowdsim -- -j16 -l16
[0.022s] Invoked command in '/home/ahmo030/ros2-migration/arena/utils/crowdsim/build/crowdsim' returned '0': CMAKE_PREFIX_PATH=/opt/ros/humble:${CMAKE_PREFIX_PATH} /usr/bin/cmake --build /home/ahmo030/ros2-migration/arena/utils/crowdsim/build/crowdsim -- -j16 -l16
[0.039s] Invoking command in '/home/ahmo030/ros2-migration/arena/utils/crowdsim/build/crowdsim': CMAKE_PREFIX_PATH=/opt/ros/humble:${CMAKE_PREFIX_PATH} /usr/bin/cmake --install /home/ahmo030/ros2-migration/arena/utils/crowdsim/build/crowdsim
[0.046s] -- Install configuration: ""
[0.046s] -- Up-to-date: /home/ahmo030/ros2-migration/arena/utils/crowdsim/install/crowdsim/share/ament_index/resource_index/package_run_dependencies/crowdsim
[0.046s] -- Up-to-date: /home/ahmo030/ros2-migration/arena/utils/crowdsim/install/crowdsim/share/ament_index/resource_index/parent_prefix_path/crowdsim
[0.046s] -- Up-to-date: /home/ahmo030/ros2-migration/arena/utils/crowdsim/install/crowdsim/share/crowdsim/environment/ament_prefix_path.sh
[0.046s] -- Up-to-date: /home/ahmo030/ros2-migration/arena/utils/crowdsim/install/crowdsim/share/crowdsim/environment/ament_prefix_path.dsv
[0.046s] -- Up-to-date: /home/ahmo030/ros2-migration/arena/utils/crowdsim/install/crowdsim/share/crowdsim/environment/path.sh
[0.046s] -- Up-to-date: /home/ahmo030/ros2-migration/arena/utils/crowdsim/install/crowdsim/share/crowdsim/environment/path.dsv
[0.046s] -- Up-to-date: /home/ahmo030/ros2-migration/arena/utils/crowdsim/install/crowdsim/share/crowdsim/local_setup.bash
[0.046s] -- Up-to-date: /home/ahmo030/ros2-migration/arena/utils/crowdsim/install/crowdsim/share/crowdsim/local_setup.sh
[0.046s] -- Up-to-date: /home/ahmo030/ros2-migration/arena/utils/crowdsim/install/crowdsim/share/crowdsim/local_setup.zsh
[0.046s] -- Up-to-date: /home/ahmo030/ros2-migration/arena/utils/crowdsim/install/crowdsim/share/crowdsim/local_setup.dsv
[0.046s] -- Installing: /home/ahmo030/ros2-migration/arena/utils/crowdsim/install/crowdsim/share/crowdsim/package.dsv
[0.046s] -- Up-to-date: /home/ahmo030/ros2-migration/arena/utils/crowdsim/install/crowdsim/share/ament_index/resource_index/packages/crowdsim
[0.046s] -- Up-to-date: /home/ahmo030/ros2-migration/arena/utils/crowdsim/install/crowdsim/share/crowdsim/cmake/crowdsimConfig.cmake
[0.047s] -- Up-to-date: /home/ahmo030/ros2-migration/arena/utils/crowdsim/install/crowdsim/share/crowdsim/cmake/crowdsimConfig-version.cmake
[0.047s] -- Up-to-date: /home/ahmo030/ros2-migration/arena/utils/crowdsim/install/crowdsim/share/crowdsim/package.xml
[0.047s] Invoked command in '/home/ahmo030/ros2-migration/arena/utils/crowdsim/build/crowdsim' returned '0': CMAKE_PREFIX_PATH=/opt/ros/humble:${CMAKE_PREFIX_PATH} /usr/bin/cmake --install /home/ahmo030/ros2-migration/arena/utils/crowdsim/build/crowdsim
