[0.006s] Invoking command in '/home/ahmo030/ros2-migration/arena/arena-rosnav/utils/ros/rosnodes/spacial_horizon/build/spacial_horizon': CMAKE_PREFIX_PATH=/opt/ros/humble:${CMAKE_PREFIX_PATH} /usr/bin/cmake /home/ahmo030/ros2-migration/arena/arena-rosnav/utils/ros/rosnodes/spacial_horizon -DCMAKE_INSTALL_PREFIX=/home/ahmo030/ros2-migration/arena/arena-rosnav/utils/ros/rosnodes/spacial_horizon/install/spacial_horizon
[0.012s] -- Found ament_cmake: 1.3.8 (/opt/ros/humble/share/ament_cmake/cmake)
[0.088s] -- Found std_msgs: 4.2.3 (/opt/ros/humble/share/std_msgs/cmake)
[0.107s] -- Found rosidl_generator_c: 3.1.5 (/opt/ros/humble/share/rosidl_generator_c/cmake)
[0.108s] -- Found rosidl_adapter: 3.1.5 (/opt/ros/humble/share/rosidl_adapter/cmake)
[0.111s] -- Found rosidl_generator_cpp: 3.1.5 (/opt/ros/humble/share/rosidl_generator_cpp/cmake)
[0.118s] -- Using all available rosidl_typesupport_c: rosidl_typesupport_fastrtps_c;rosidl_typesupport_introspection_c
[0.128s] -- Using all available rosidl_typesupport_cpp: rosidl_typesupport_fastrtps_cpp;rosidl_typesupport_introspection_cpp
[0.160s] -- Found visualization_msgs: 4.2.3 (/opt/ros/humble/share/visualization_msgs/cmake)
[0.327s] -- Eigen found (include: /usr/include/eigen3, version: 3.4.0)
[0.365s] -- The imported target "vtkParseOGLExt" references the file
[0.365s]    "/usr/bin/vtkParseOGLExt-7.1"
[0.366s] but this file does not exist.  Possible reasons include:
[0.366s] * The file was deleted, renamed, or moved to another location.
[0.366s] * An install or uninstall procedure did not complete successfully.
[0.366s] * The installation package was faulty and contained
[0.366s]    "/usr/lib/cmake/vtk-7.1/VTKTargets.cmake"
[0.366s] but not all the files it references.
[0.366s] 
[0.366s] -- The imported target "vtkRenderingPythonTkWidgets" references the file
[0.366s]    "/usr/lib/x86_64-linux-gnu/libvtkRenderingPythonTkWidgets.so"
[0.366s] but this file does not exist.  Possible reasons include:
[0.366s] * The file was deleted, renamed, or moved to another location.
[0.366s] * An install or uninstall procedure did not complete successfully.
[0.366s] * The installation package was faulty and contained
[0.366s]    "/usr/lib/cmake/vtk-7.1/VTKTargets.cmake"
[0.366s] but not all the files it references.
[0.366s] 
[0.366s] -- The imported target "vtk" references the file
[0.366s]    "/usr/bin/vtk"
[0.366s] but this file does not exist.  Possible reasons include:
[0.366s] * The file was deleted, renamed, or moved to another location.
[0.366s] * An install or uninstall procedure did not complete successfully.
[0.366s] * The installation package was faulty and contained
[0.366s]    "/usr/lib/cmake/vtk-7.1/VTKTargets.cmake"
[0.366s] but not all the files it references.
[0.366s] 
[0.366s] -- The imported target "pvtk" references the file
[0.366s]    "/usr/bin/pvtk"
[0.366s] but this file does not exist.  Possible reasons include:
[0.366s] * The file was deleted, renamed, or moved to another location.
[0.366s] * An install or uninstall procedure did not complete successfully.
[0.366s] * The installation package was faulty and contained
[0.366s]    "/usr/lib/cmake/vtk-7.1/VTKTargets.cmake"
[0.367s] but not all the files it references.
[0.367s] 
[0.374s] CMake Warning (dev) at /usr/share/cmake-3.22/Modules/FindPackageHandleStandardArgs.cmake:438 (message):
[0.375s]   The package name passed to `find_package_handle_standard_args` (USB_10)
[0.375s]   does not match the name of the calling package (OpenNI).  This can lead to
[0.375s]   problems in calling code that expects `find_package` result variables
[0.375s]   (e.g., `_FOUND`) to follow a certain pattern.
[0.375s] Call Stack (most recent call first):
[0.375s]   /usr/lib/x86_64-linux-gnu/cmake/pcl/Modules/FindOpenNI.cmake:28 (find_package_handle_standard_args)
[0.375s]   /usr/lib/x86_64-linux-gnu/cmake/pcl/PCLConfig.cmake:179 (find_package)
[0.375s]   /usr/lib/x86_64-linux-gnu/cmake/pcl/PCLConfig.cmake:322 (find_openni)
[0.375s]   /usr/lib/x86_64-linux-gnu/cmake/pcl/PCLConfig.cmake:548 (find_external_library)
[0.375s]   CMakeLists.txt:119 (find_package)
[0.375s] This warning is for project developers.  Use -Wno-dev to suppress it.
[0.375s] 
[0.375s] -- OpenNI found (include: /usr/include/ni, lib: /usr/lib/libOpenNI.so)
[0.378s] CMake Warning (dev) at /usr/share/cmake-3.22/Modules/FindPackageHandleStandardArgs.cmake:438 (message):
[0.378s]   The package name passed to `find_package_handle_standard_args` (USB_10)
[0.378s]   does not match the name of the calling package (OpenNI2).  This can lead to
[0.378s]   problems in calling code that expects `find_package` result variables
[0.378s]   (e.g., `_FOUND`) to follow a certain pattern.
[0.378s] Call Stack (most recent call first):
[0.378s]   /usr/lib/x86_64-linux-gnu/cmake/pcl/Modules/FindOpenNI2.cmake:28 (find_package_handle_standard_args)
[0.378s]   /usr/lib/x86_64-linux-gnu/cmake/pcl/PCLConfig.cmake:193 (find_package)
[0.378s]   /usr/lib/x86_64-linux-gnu/cmake/pcl/PCLConfig.cmake:324 (find_openni2)
[0.379s]   /usr/lib/x86_64-linux-gnu/cmake/pcl/PCLConfig.cmake:548 (find_external_library)
[0.379s]   CMakeLists.txt:119 (find_package)
[0.379s] This warning is for project developers.  Use -Wno-dev to suppress it.
[0.379s] 
[0.379s] -- OpenNI2 found (include: /usr/include/openni2, lib: /usr/lib/x86_64-linux-gnu/libOpenNI2.so)
[0.379s] ** WARNING ** io features related to pcap will be disabled
[0.379s] ** WARNING ** io features related to png will be disabled
[0.384s] CMake Warning (dev) at /usr/share/cmake-3.22/Modules/FindPackageHandleStandardArgs.cmake:438 (message):
[0.384s]   The package name passed to `find_package_handle_standard_args` (libusb-1.0)
[0.384s]   does not match the name of the calling package (PCL).  This can lead to
[0.384s]   problems in calling code that expects `find_package` result variables
[0.384s]   (e.g., `_FOUND`) to follow a certain pattern.
[0.384s] Call Stack (most recent call first):
[0.384s]   /usr/lib/x86_64-linux-gnu/cmake/pcl/PCLConfig.cmake:291 (find_package_handle_standard_args)
[0.384s]   /usr/lib/x86_64-linux-gnu/cmake/pcl/PCLConfig.cmake:338 (find_libusb)
[0.384s]   /usr/lib/x86_64-linux-gnu/cmake/pcl/PCLConfig.cmake:548 (find_external_library)
[0.384s]   CMakeLists.txt:119 (find_package)
[0.384s] This warning is for project developers.  Use -Wno-dev to suppress it.
[0.384s] 
[0.385s] ** WARNING ** io features related to libusb-1.0 will be disabled
[0.388s] CMake Warning (dev) at /usr/share/cmake-3.22/Modules/FindPackageHandleStandardArgs.cmake:438 (message):
[0.388s]   The package name passed to `find_package_handle_standard_args` (USB_10)
[0.388s]   does not match the name of the calling package (OpenNI).  This can lead to
[0.388s]   problems in calling code that expects `find_package` result variables
[0.388s]   (e.g., `_FOUND`) to follow a certain pattern.
[0.388s] Call Stack (most recent call first):
[0.388s]   /usr/lib/x86_64-linux-gnu/cmake/pcl/Modules/FindOpenNI.cmake:28 (find_package_handle_standard_args)
[0.388s]   /usr/lib/x86_64-linux-gnu/cmake/pcl/PCLConfig.cmake:179 (find_package)
[0.388s]   /usr/lib/x86_64-linux-gnu/cmake/pcl/PCLConfig.cmake:322 (find_openni)
[0.388s]   /usr/lib/x86_64-linux-gnu/cmake/pcl/PCLConfig.cmake:548 (find_external_library)
[0.388s]   CMakeLists.txt:119 (find_package)
[0.388s] This warning is for project developers.  Use -Wno-dev to suppress it.
[0.388s] 
[0.388s] -- OpenNI found (include: /usr/include/ni, lib: /usr/lib/libOpenNI.so)
[0.391s] CMake Warning (dev) at /usr/share/cmake-3.22/Modules/FindPackageHandleStandardArgs.cmake:438 (message):
[0.391s]   The package name passed to `find_package_handle_standard_args` (USB_10)
[0.391s]   does not match the name of the calling package (OpenNI2).  This can lead to
[0.391s]   problems in calling code that expects `find_package` result variables
[0.391s]   (e.g., `_FOUND`) to follow a certain pattern.
[0.391s] Call Stack (most recent call first):
[0.391s]   /usr/lib/x86_64-linux-gnu/cmake/pcl/Modules/FindOpenNI2.cmake:28 (find_package_handle_standard_args)
[0.391s]   /usr/lib/x86_64-linux-gnu/cmake/pcl/PCLConfig.cmake:193 (find_package)
[0.391s]   /usr/lib/x86_64-linux-gnu/cmake/pcl/PCLConfig.cmake:324 (find_openni2)
[0.391s]   /usr/lib/x86_64-linux-gnu/cmake/pcl/PCLConfig.cmake:548 (find_external_library)
[0.391s]   CMakeLists.txt:119 (find_package)
[0.392s] This warning is for project developers.  Use -Wno-dev to suppress it.
[0.392s] 
[0.392s] -- OpenNI2 found (include: /usr/include/openni2, lib: /usr/lib/x86_64-linux-gnu/libOpenNI2.so)
[0.398s] -- QHULL found (include: /usr/include, lib: optimized;/usr/lib/x86_64-linux-gnu/libqhull.so;debug;/usr/lib/x86_64-linux-gnu/libqhull.so)
[0.401s] CMake Warning (dev) at /usr/share/cmake-3.22/Modules/FindPackageHandleStandardArgs.cmake:438 (message):
[0.401s]   The package name passed to `find_package_handle_standard_args` (USB_10)
[0.401s]   does not match the name of the calling package (OpenNI).  This can lead to
[0.401s]   problems in calling code that expects `find_package` result variables
[0.401s]   (e.g., `_FOUND`) to follow a certain pattern.
[0.401s] Call Stack (most recent call first):
[0.401s]   /usr/lib/x86_64-linux-gnu/cmake/pcl/Modules/FindOpenNI.cmake:28 (find_package_handle_standard_args)
[0.401s]   /usr/lib/x86_64-linux-gnu/cmake/pcl/PCLConfig.cmake:179 (find_package)
[0.401s]   /usr/lib/x86_64-linux-gnu/cmake/pcl/PCLConfig.cmake:322 (find_openni)
[0.401s]   /usr/lib/x86_64-linux-gnu/cmake/pcl/PCLConfig.cmake:548 (find_external_library)
[0.401s]   CMakeLists.txt:119 (find_package)
[0.401s] This warning is for project developers.  Use -Wno-dev to suppress it.
[0.401s] 
[0.401s] -- OpenNI found (include: /usr/include/ni, lib: /usr/lib/libOpenNI.so)
[0.406s] -- looking for PCL_COMMON
[0.406s] CMake Warning (dev) at /usr/share/cmake-3.22/Modules/FindPackageHandleStandardArgs.cmake:438 (message):
[0.406s]   The package name passed to `find_package_handle_standard_args` (PCL_COMMON)
[0.406s]   does not match the name of the calling package (PCL).  This can lead to
[0.406s]   problems in calling code that expects `find_package` result variables
[0.406s]   (e.g., `_FOUND`) to follow a certain pattern.
[0.406s] Call Stack (most recent call first):
[0.406s]   /usr/lib/x86_64-linux-gnu/cmake/pcl/PCLConfig.cmake:616 (find_package_handle_standard_args)
[0.406s]   CMakeLists.txt:119 (find_package)
[0.406s] This warning is for project developers.  Use -Wno-dev to suppress it.
[0.407s] 
[0.407s] -- looking for PCL_KDTREE
[0.407s] -- looking for PCL_OCTREE
[0.407s] CMake Warning (dev) at /usr/share/cmake-3.22/Modules/FindPackageHandleStandardArgs.cmake:438 (message):
[0.407s]   The package name passed to `find_package_handle_standard_args` (PCL_KDTREE)
[0.407s]   does not match the name of the calling package (PCL).  This can lead to
[0.407s]   problems in calling code that expects `find_package` result variables
[0.407s]   (e.g., `_FOUND`) to follow a certain pattern.
[0.407s] Call Stack (most recent call first):
[0.407s]   /usr/lib/x86_64-linux-gnu/cmake/pcl/PCLConfig.cmake:616 (find_package_handle_standard_args)
[0.407s]   CMakeLists.txt:119 (find_package)
[0.407s] This warning is for project developers.  Use -Wno-dev to suppress it.
[0.407s] 
[0.407s] CMake Warning (dev) at /usr/share/cmake-3.22/Modules/FindPackageHandleStandardArgs.cmake:438 (message):
[0.407s]   The package name passed to `find_package_handle_standard_args` (PCL_OCTREE)
[0.407s]   does not match the name of the calling package (PCL).  This can lead to
[0.407s]   problems in calling code that expects `find_package` result variables
[0.407s]   (e.g., `_FOUND`) to follow a certain pattern.
[0.407s] Call Stack (most recent call first):
[0.407s]   /usr/lib/x86_64-linux-gnu/cmake/pcl/PCLConfig.cmake:616 (find_package_handle_standard_args)
[0.407s]   CMakeLists.txt:119 (find_package)
[0.407s] This warning is for project developers.  Use -Wno-dev to suppress it.
[0.407s] 
[0.407s] -- looking for PCL_SEARCH
[0.408s] -- looking for PCL_SAMPLE_CONSENSUS
[0.408s] -- looking for PCL_FILTERS
[0.408s] -- looking for PCL_2D
[0.408s] CMake Warning (dev) at /usr/share/cmake-3.22/Modules/FindPackageHandleStandardArgs.cmake:438 (message):
[0.408s]   The package name passed to `find_package_handle_standard_args` (PCL_SEARCH)
[0.408s]   does not match the name of the calling package (PCL).  This can lead to
[0.408s]   problems in calling code that expects `find_package` result variables
[0.408s]   (e.g., `_FOUND`) to follow a certain pattern.
[0.408s] Call Stack (most recent call first):
[0.408s]   /usr/lib/x86_64-linux-gnu/cmake/pcl/PCLConfig.cmake:616 (find_package_handle_standard_args)
[0.408s]   CMakeLists.txt:119 (find_package)
[0.408s] This warning is for project developers.  Use -Wno-dev to suppress it.
[0.408s] 
[0.408s] CMake Warning (dev) at /usr/share/cmake-3.22/Modules/FindPackageHandleStandardArgs.cmake:438 (message):
[0.408s]   The package name passed to `find_package_handle_standard_args`
[0.408s]   (PCL_SAMPLE_CONSENSUS) does not match the name of the calling package
[0.408s]   (PCL).  This can lead to problems in calling code that expects
[0.408s]   `find_package` result variables (e.g., `_FOUND`) to follow a certain
[0.408s]   pattern.
[0.408s] Call Stack (most recent call first):
[0.408s]   /usr/lib/x86_64-linux-gnu/cmake/pcl/PCLConfig.cmake:616 (find_package_handle_standard_args)
[0.408s]   CMakeLists.txt:119 (find_package)
[0.408s] This warning is for project developers.  Use -Wno-dev to suppress it.
[0.408s] 
[0.409s] CMake Warning (dev) at /usr/share/cmake-3.22/Modules/FindPackageHandleStandardArgs.cmake:438 (message):
[0.409s]   The package name passed to `find_package_handle_standard_args`
[0.409s]   (PCL_FILTERS) does not match the name of the calling package (PCL).  This
[0.409s]   can lead to problems in calling code that expects `find_package` result
[0.409s]   variables (e.g., `_FOUND`) to follow a certain pattern.
[0.409s] Call Stack (most recent call first):
[0.409s]   /usr/lib/x86_64-linux-gnu/cmake/pcl/PCLConfig.cmake:616 (find_package_handle_standard_args)
[0.409s]   CMakeLists.txt:119 (find_package)
[0.409s] This warning is for project developers.  Use -Wno-dev to suppress it.
[0.409s] 
[0.409s] CMake Warning (dev) at /usr/share/cmake-3.22/Modules/FindPackageHandleStandardArgs.cmake:438 (message):
[0.409s]   The package name passed to `find_package_handle_standard_args` (PCL_2D)
[0.409s]   does not match the name of the calling package (PCL).  This can lead to
[0.409s]   problems in calling code that expects `find_package` result variables
[0.409s]   (e.g., `_FOUND`) to follow a certain pattern.
[0.409s] Call Stack (most recent call first):
[0.409s]   /usr/lib/x86_64-linux-gnu/cmake/pcl/PCLConfig.cmake:619 (find_package_handle_standard_args)
[0.409s]   CMakeLists.txt:119 (find_package)
[0.409s] This warning is for project developers.  Use -Wno-dev to suppress it.
[0.409s] 
[0.409s] -- looking for PCL_GEOMETRY
[0.409s] CMake Warning (dev) at /usr/share/cmake-3.22/Modules/FindPackageHandleStandardArgs.cmake:438 (message):
[0.409s]   The package name passed to `find_package_handle_standard_args`
[0.409s]   (PCL_GEOMETRY) does not match the name of the calling package (PCL).  This
[0.409s]   can lead to problems in calling code that expects `find_package` result
[0.409s]   variables (e.g., `_FOUND`) to follow a certain pattern.
[0.410s] Call Stack (most recent call first):
[0.410s]   /usr/lib/x86_64-linux-gnu/cmake/pcl/PCLConfig.cmake:619 (find_package_handle_standard_args)
[0.410s]   CMakeLists.txt:119 (find_package)
[0.410s] This warning is for project developers.  Use -Wno-dev to suppress it.
[0.410s] 
[0.410s] -- looking for PCL_IO
[0.410s] CMake Warning (dev) at /usr/share/cmake-3.22/Modules/FindPackageHandleStandardArgs.cmake:438 (message):
[0.410s]   The package name passed to `find_package_handle_standard_args` (PCL_IO)
[0.410s]   does not match the name of the calling package (PCL).  This can lead to
[0.410s]   problems in calling code that expects `find_package` result variables
[0.410s]   (e.g., `_FOUND`) to follow a certain pattern.
[0.410s] Call Stack (most recent call first):
[0.410s]   /usr/lib/x86_64-linux-gnu/cmake/pcl/PCLConfig.cmake:616 (find_package_handle_standard_args)
[0.410s]   CMakeLists.txt:119 (find_package)
[0.410s] This warning is for project developers.  Use -Wno-dev to suppress it.
[0.410s] 
[0.410s] -- looking for PCL_FEATURES
[0.410s] -- looking for PCL_ML
[0.410s] CMake Warning (dev) at /usr/share/cmake-3.22/Modules/FindPackageHandleStandardArgs.cmake:438 (message):
[0.410s]   The package name passed to `find_package_handle_standard_args`
[0.410s]   (PCL_FEATURES) does not match the name of the calling package (PCL).  This
[0.410s]   can lead to problems in calling code that expects `find_package` result
[0.410s]   variables (e.g., `_FOUND`) to follow a certain pattern.
[0.410s] Call Stack (most recent call first):
[0.410s]   /usr/lib/x86_64-linux-gnu/cmake/pcl/PCLConfig.cmake:616 (find_package_handle_standard_args)
[0.410s]   CMakeLists.txt:119 (find_package)
[0.411s] This warning is for project developers.  Use -Wno-dev to suppress it.
[0.411s] 
[0.411s] CMake Warning (dev) at /usr/share/cmake-3.22/Modules/FindPackageHandleStandardArgs.cmake:438 (message):
[0.411s]   The package name passed to `find_package_handle_standard_args` (PCL_ML)
[0.411s]   does not match the name of the calling package (PCL).  This can lead to
[0.411s]   problems in calling code that expects `find_package` result variables
[0.411s]   (e.g., `_FOUND`) to follow a certain pattern.
[0.411s] Call Stack (most recent call first):
[0.411s]   /usr/lib/x86_64-linux-gnu/cmake/pcl/PCLConfig.cmake:616 (find_package_handle_standard_args)
[0.411s]   CMakeLists.txt:119 (find_package)
[0.411s] This warning is for project developers.  Use -Wno-dev to suppress it.
[0.411s] 
[0.411s] -- looking for PCL_SEGMENTATION
[0.411s] CMake Warning (dev) at /usr/share/cmake-3.22/Modules/FindPackageHandleStandardArgs.cmake:438 (message):
[0.411s]   The package name passed to `find_package_handle_standard_args`
[0.411s]   (PCL_SEGMENTATION) does not match the name of the calling package (PCL).
[0.411s]   This can lead to problems in calling code that expects `find_package`
[0.411s]   result variables (e.g., `_FOUND`) to follow a certain pattern.
[0.411s] Call Stack (most recent call first):
[0.411s]   /usr/lib/x86_64-linux-gnu/cmake/pcl/PCLConfig.cmake:616 (find_package_handle_standard_args)
[0.411s]   CMakeLists.txt:119 (find_package)
[0.411s] This warning is for project developers.  Use -Wno-dev to suppress it.
[0.411s] 
[0.411s] -- looking for PCL_VISUALIZATION
[0.411s] -- looking for PCL_SURFACE
[0.412s] CMake Warning (dev) at /usr/share/cmake-3.22/Modules/FindPackageHandleStandardArgs.cmake:438 (message):
[0.412s]   The package name passed to `find_package_handle_standard_args`
[0.412s]   (PCL_VISUALIZATION) does not match the name of the calling package (PCL).
[0.412s]   This can lead to problems in calling code that expects `find_package`
[0.412s]   result variables (e.g., `_FOUND`) to follow a certain pattern.
[0.412s] Call Stack (most recent call first):
[0.412s]   /usr/lib/x86_64-linux-gnu/cmake/pcl/PCLConfig.cmake:616 (find_package_handle_standard_args)
[0.412s]   CMakeLists.txt:119 (find_package)
[0.412s] This warning is for project developers.  Use -Wno-dev to suppress it.
[0.412s] 
[0.412s] CMake Warning (dev) at /usr/share/cmake-3.22/Modules/FindPackageHandleStandardArgs.cmake:438 (message):
[0.412s]   The package name passed to `find_package_handle_standard_args`
[0.412s]   (PCL_SURFACE) does not match the name of the calling package (PCL).  This
[0.412s]   can lead to problems in calling code that expects `find_package` result
[0.412s]   variables (e.g., `_FOUND`) to follow a certain pattern.
[0.412s] Call Stack (most recent call first):
[0.412s]   /usr/lib/x86_64-linux-gnu/cmake/pcl/PCLConfig.cmake:616 (find_package_handle_standard_args)
[0.412s]   CMakeLists.txt:119 (find_package)
[0.412s] This warning is for project developers.  Use -Wno-dev to suppress it.
[0.412s] 
[0.412s] -- looking for PCL_REGISTRATION
[0.412s] CMake Warning (dev) at /usr/share/cmake-3.22/Modules/FindPackageHandleStandardArgs.cmake:438 (message):
[0.412s]   The package name passed to `find_package_handle_standard_args`
[0.412s]   (PCL_REGISTRATION) does not match the name of the calling package (PCL).
[0.412s]   This can lead to problems in calling code that expects `find_package`
[0.412s]   result variables (e.g., `_FOUND`) to follow a certain pattern.
[0.412s] Call Stack (most recent call first):
[0.412s]   /usr/lib/x86_64-linux-gnu/cmake/pcl/PCLConfig.cmake:616 (find_package_handle_standard_args)
[0.412s]   CMakeLists.txt:119 (find_package)
[0.412s] This warning is for project developers.  Use -Wno-dev to suppress it.
[0.412s] 
[0.413s] -- looking for PCL_KEYPOINTS
[0.413s] -- looking for PCL_TRACKING
[0.413s] -- looking for PCL_RECOGNITION
[0.413s] -- looking for PCL_STEREO
[0.413s] CMake Warning (dev) at /usr/share/cmake-3.22/Modules/FindPackageHandleStandardArgs.cmake:438 (message):
[0.413s]   The package name passed to `find_package_handle_standard_args`
[0.413s]   (PCL_KEYPOINTS) does not match the name of the calling package (PCL).  This
[0.413s]   can lead to problems in calling code that expects `find_package` result
[0.413s]   variables (e.g., `_FOUND`) to follow a certain pattern.
[0.413s] Call Stack (most recent call first):
[0.413s]   /usr/lib/x86_64-linux-gnu/cmake/pcl/PCLConfig.cmake:616 (find_package_handle_standard_args)
[0.413s]   CMakeLists.txt:119 (find_package)
[0.413s] This warning is for project developers.  Use -Wno-dev to suppress it.
[0.413s] 
[0.413s] CMake Warning (dev) at /usr/share/cmake-3.22/Modules/FindPackageHandleStandardArgs.cmake:438 (message):
[0.413s]   The package name passed to `find_package_handle_standard_args`
[0.413s]   (PCL_TRACKING) does not match the name of the calling package (PCL).  This
[0.413s]   can lead to problems in calling code that expects `find_package` result
[0.413s]   variables (e.g., `_FOUND`) to follow a certain pattern.
[0.413s] Call Stack (most recent call first):
[0.413s]   /usr/lib/x86_64-linux-gnu/cmake/pcl/PCLConfig.cmake:616 (find_package_handle_standard_args)
[0.413s]   CMakeLists.txt:119 (find_package)
[0.413s] This warning is for project developers.  Use -Wno-dev to suppress it.
[0.413s] 
[0.413s] CMake Warning (dev) at /usr/share/cmake-3.22/Modules/FindPackageHandleStandardArgs.cmake:438 (message):
[0.413s]   The package name passed to `find_package_handle_standard_args`
[0.413s]   (PCL_RECOGNITION) does not match the name of the calling package (PCL).
[0.413s]   This can lead to problems in calling code that expects `find_package`
[0.413s]   result variables (e.g., `_FOUND`) to follow a certain pattern.
[0.413s] Call Stack (most recent call first):
[0.414s]   /usr/lib/x86_64-linux-gnu/cmake/pcl/PCLConfig.cmake:616 (find_package_handle_standard_args)
[0.414s]   CMakeLists.txt:119 (find_package)
[0.414s] This warning is for project developers.  Use -Wno-dev to suppress it.
[0.414s] 
[0.414s] CMake Warning (dev) at /usr/share/cmake-3.22/Modules/FindPackageHandleStandardArgs.cmake:438 (message):
[0.414s]   The package name passed to `find_package_handle_standard_args` (PCL_STEREO)
[0.414s]   does not match the name of the calling package (PCL).  This can lead to
[0.414s]   problems in calling code that expects `find_package` result variables
[0.414s]   (e.g., `_FOUND`) to follow a certain pattern.
[0.414s] Call Stack (most recent call first):
[0.414s]   /usr/lib/x86_64-linux-gnu/cmake/pcl/PCLConfig.cmake:616 (find_package_handle_standard_args)
[0.414s]   CMakeLists.txt:119 (find_package)
[0.414s] This warning is for project developers.  Use -Wno-dev to suppress it.
[0.414s] 
[0.414s] -- looking for PCL_APPS
[0.414s] CMake Warning (dev) at /usr/share/cmake-3.22/Modules/FindPackageHandleStandardArgs.cmake:438 (message):
[0.414s]   The package name passed to `find_package_handle_standard_args` (PCL_APPS)
[0.414s]   does not match the name of the calling package (PCL).  This can lead to
[0.414s]   problems in calling code that expects `find_package` result variables
[0.414s]   (e.g., `_FOUND`) to follow a certain pattern.
[0.414s] Call Stack (most recent call first):
[0.414s]   /usr/lib/x86_64-linux-gnu/cmake/pcl/PCLConfig.cmake:616 (find_package_handle_standard_args)
[0.414s]   CMakeLists.txt:119 (find_package)
[0.414s] This warning is for project developers.  Use -Wno-dev to suppress it.
[0.414s] 
[0.414s] -- looking for PCL_IN_HAND_SCANNER
[0.414s] -- looking for PCL_POINT_CLOUD_EDITOR
[0.414s] -- looking for PCL_OUTOFCORE
[0.414s] CMake Warning (dev) at /usr/share/cmake-3.22/Modules/FindPackageHandleStandardArgs.cmake:438 (message):
[0.414s]   The package name passed to `find_package_handle_standard_args`
[0.414s]   (PCL_IN_HAND_SCANNER) does not match the name of the calling package (PCL).
[0.414s]   This can lead to problems in calling code that expects `find_package`
[0.414s]   result variables (e.g., `_FOUND`) to follow a certain pattern.
[0.414s] Call Stack (most recent call first):
[0.415s]   /usr/lib/x86_64-linux-gnu/cmake/pcl/PCLConfig.cmake:619 (find_package_handle_standard_args)
[0.415s]   CMakeLists.txt:119 (find_package)
[0.415s] This warning is for project developers.  Use -Wno-dev to suppress it.
[0.415s] 
[0.415s] CMake Warning (dev) at /usr/share/cmake-3.22/Modules/FindPackageHandleStandardArgs.cmake:438 (message):
[0.415s]   The package name passed to `find_package_handle_standard_args`
[0.415s]   (PCL_POINT_CLOUD_EDITOR) does not match the name of the calling package
[0.415s]   (PCL).  This can lead to problems in calling code that expects
[0.415s]   `find_package` result variables (e.g., `_FOUND`) to follow a certain
[0.415s]   pattern.
[0.415s] Call Stack (most recent call first):
[0.415s]   /usr/lib/x86_64-linux-gnu/cmake/pcl/PCLConfig.cmake:619 (find_package_handle_standard_args)
[0.415s]   CMakeLists.txt:119 (find_package)
[0.415s] This warning is for project developers.  Use -Wno-dev to suppress it.
[0.415s] 
[0.415s] CMake Warning (dev) at /usr/share/cmake-3.22/Modules/FindPackageHandleStandardArgs.cmake:438 (message):
[0.415s]   The package name passed to `find_package_handle_standard_args`
[0.415s]   (PCL_OUTOFCORE) does not match the name of the calling package (PCL).  This
[0.415s]   can lead to problems in calling code that expects `find_package` result
[0.415s]   variables (e.g., `_FOUND`) to follow a certain pattern.
[0.415s] Call Stack (most recent call first):
[0.415s]   /usr/lib/x86_64-linux-gnu/cmake/pcl/PCLConfig.cmake:616 (find_package_handle_standard_args)
[0.415s]   CMakeLists.txt:119 (find_package)
[0.415s] This warning is for project developers.  Use -Wno-dev to suppress it.
[0.415s] 
[0.415s] -- looking for PCL_PEOPLE
[0.415s] CMake Warning (dev) at /usr/share/cmake-3.22/Modules/FindPackageHandleStandardArgs.cmake:438 (message):
[0.415s]   The package name passed to `find_package_handle_standard_args` (PCL_PEOPLE)
[0.415s]   does not match the name of the calling package (PCL).  This can lead to
[0.415s]   problems in calling code that expects `find_package` result variables
[0.415s]   (e.g., `_FOUND`) to follow a certain pattern.
[0.415s] Call Stack (most recent call first):
[0.415s]   /usr/lib/x86_64-linux-gnu/cmake/pcl/PCLConfig.cmake:616 (find_package_handle_standard_args)
[0.415s]   CMakeLists.txt:119 (find_package)
[0.415s] This warning is for project developers.  Use -Wno-dev to suppress it.
[0.416s] 
[0.416s] -- Found actionlib_msgs: 4.2.3 (/opt/ros/humble/share/actionlib_msgs/cmake)
[0.774s] -- Found rosgraph_msgs: 1.2.1 (/opt/ros/humble/share/rosgraph_msgs/cmake)
[1.880s] -- Found nav_msgs: 4.2.3 (/opt/ros/humble/share/nav_msgs/cmake)
[2.159s] -- Found rclcpp: 16.0.8 (/opt/ros/humble/share/rclcpp/cmake)
[2.241s] -- Found rmw_implementation_cmake: 6.1.1 (/opt/ros/humble/share/rmw_implementation_cmake/cmake)
[2.243s] -- Found rmw_fastrtps_cpp: 6.2.6 (/opt/ros/humble/share/rmw_fastrtps_cpp/cmake)
[2.359s] -- Using RMW implementation 'rmw_fastrtps_cpp' as default
[2.428s] -- Found tf2: 0.25.6 (/opt/ros/humble/share/tf2/cmake)
[2.442s] CMake Error at CMakeLists.txt:125 (find_package):
[2.442s]   By not providing "Find1.7.cmake" in CMAKE_MODULE_PATH this project has
[2.442s]   asked CMake to find a package configuration file provided by "1.7", but
[2.442s]   CMake did not find one.
[2.442s] 
[2.442s]   Could not find a package configuration file provided by "1.7" with any of
[2.442s]   the following names:
[2.442s] 
[2.442s]     1.7Config.cmake
[2.442s]     1.7-config.cmake
[2.442s] 
[2.442s]   Add the installation prefix of "1.7" to CMAKE_PREFIX_PATH or set "1.7_DIR"
[2.442s]   to a directory containing one of the above files.  If "1.7" provides a
[2.442s]   separate development package or SDK, be sure it has been installed.
[2.442s] 
[2.442s] 
[2.442s] -- Configuring incomplete, errors occurred!
[2.442s] See also "/home/ahmo030/ros2-migration/arena/arena-rosnav/utils/ros/rosnodes/spacial_horizon/build/spacial_horizon/CMakeFiles/CMakeOutput.log".
[2.448s] Invoked command in '/home/ahmo030/ros2-migration/arena/arena-rosnav/utils/ros/rosnodes/spacial_horizon/build/spacial_horizon' returned '1': CMAKE_PREFIX_PATH=/opt/ros/humble:${CMAKE_PREFIX_PATH} /usr/bin/cmake /home/ahmo030/ros2-migration/arena/arena-rosnav/utils/ros/rosnodes/spacial_horizon -DCMAKE_INSTALL_PREFIX=/home/ahmo030/ros2-migration/arena/arena-rosnav/utils/ros/rosnodes/spacial_horizon/install/spacial_horizon
