[0.027s] Invoking command in '/ros2-migration/build/plan_visualization': /usr/bin/cmake /ros2-migration/arena/arena-rosnav/utils/misc/plan_visualization -DCMAKE_INSTALL_PREFIX=/ros2-migration/install/plan_visualization
[0.173s] -- Found ament_cmake: 1.3.9 (/opt/ros/humble/share/ament_cmake/cmake)
[0.194s] -- Found std_msgs: 4.2.3 (/opt/ros/humble/share/std_msgs/cmake)
[0.221s] -- Found rosidl_generator_c: 3.1.5 (/opt/ros/humble/share/rosidl_generator_c/cmake)
[0.223s] -- Found rosidl_adapter: 3.1.5 (/opt/ros/humble/share/rosidl_adapter/cmake)
[0.232s] -- Found rosidl_generator_cpp: 3.1.5 (/opt/ros/humble/share/rosidl_generator_cpp/cmake)
[0.243s] -- Using all available rosidl_typesupport_c: rosidl_typesupport_fastrtps_c;rosidl_typesupport_introspection_c
[0.259s] -- Using all available rosidl_typesupport_cpp: rosidl_typesupport_fastrtps_cpp;rosidl_typesupport_introspection_cpp
[0.314s] -- Found geometry_msgs: 4.2.3 (/opt/ros/humble/share/geometry_msgs/cmake)
[0.358s] -- Found rclcpp: 16.0.9 (/opt/ros/humble/share/rclcpp/cmake)
[0.407s] -- Found rmw_implementation_cmake: 6.1.2 (/opt/ros/humble/share/rmw_implementation_cmake/cmake)
[0.409s] -- Found rmw_fastrtps_cpp: 6.2.6 (/opt/ros/humble/share/rmw_fastrtps_cpp/cmake)
[0.523s] -- Using RMW implementation 'rmw_fastrtps_cpp' as default
[0.666s] [31mCMake Error at CMakeLists.txt:21 (find_package):
[0.666s]   By not providing "FindREQUIRED.cmake" in CMAKE_MODULE_PATH this project has
[0.666s]   asked CMake to find a package configuration file provided by "REQUIRED",
[0.666s]   but CMake did not find one.
[0.667s] 
[0.667s]   Could not find a package configuration file provided by "REQUIRED" with any
[0.667s]   of the following names:
[0.667s] 
[0.667s]     REQUIREDConfig.cmake
[0.667s]     required-config.cmake
[0.667s] 
[0.667s]   Add the installation prefix of "REQUIRED" to CMAKE_PREFIX_PATH or set
[0.667s]   "REQUIRED_DIR" to a directory containing one of the above files.  If
[0.667s]   "REQUIRED" provides a separate development package or SDK, be sure it has
[0.667s]   been installed.
[0.667s] 
[0.667s] [0m
[0.667s] -- Configuring incomplete, errors occurred!
[0.667s] See also "/ros2-migration/build/plan_visualization/CMakeFiles/CMakeOutput.log".
