[0.059s] Invoking command in '/ros2-migration/build/cob_srvs': CMAKE_PREFIX_PATH=/ros2-migration/install/tiago_controller_configuration:/opt/ros/humble /usr/bin/cmake --build /ros2-migration/build/cob_srvs -- -j8 -l8
[0.167s] [ 10%] Built target cob_srvs__rosidl_generator_c
[0.167s] [ 10%] Built target ament_cmake_python_copy_cob_srvs
[0.167s] [ 12%] Built target cob_srvs__cpp
[0.256s] [ 23%] Built target cob_srvs__rosidl_typesupport_introspection_c
[0.283s] [ 36%] Built target cob_srvs__rosidl_typesupport_cpp
[0.291s] [ 56%] Built target cob_srvs__rosidl_typesupport_c
[0.292s] [ 56%] Built target cob_srvs__rosidl_typesupport_fastrtps_c
[0.303s] [ 67%] Built target cob_srvs__rosidl_typesupport_introspection_cpp
[0.319s] [ 78%] Built target cob_srvs__rosidl_typesupport_fastrtps_cpp
[0.346s] [ 78%] Built target cob_srvs
[0.365s] [ 80%] Built target cob_srvs__py
[0.382s] [ 89%] Built target cob_srvs__rosidl_generator_py
[0.401s] [ 92%] Built target cob_srvs__rosidl_typesupport_introspection_c__pyext
[0.409s] [ 96%] Built target cob_srvs__rosidl_typesupport_c__pyext
[0.418s] [100%] Built target cob_srvs__rosidl_typesupport_fastrtps_c__pyext
[0.484s] running egg_info
[0.511s] writing cob_srvs.egg-info/PKG-INFO
[0.511s] writing dependency_links to cob_srvs.egg-info/dependency_links.txt
[0.512s] writing top-level names to cob_srvs.egg-info/top_level.txt
[0.551s] reading manifest file 'cob_srvs.egg-info/SOURCES.txt'
[0.552s] writing manifest file 'cob_srvs.egg-info/SOURCES.txt'
[0.581s] [100%] Built target ament_cmake_python_build_cob_srvs_egg
