[0.082s] DEBUG:colcon:Command line arguments: ['/home/ahmo030/.local/bin/colcon', 'build', '--packages-select', 'rl_utils']
[0.083s] DEBUG:colcon:Parsed command line arguments: Namespace(log_base=None, log_level=None, verb_name='build', build_base='build', install_base='install', merge_install=False, symlink_install=False, test_result_base=None, continue_on_error=False, executor='parallel', parallel_workers=16, event_handlers=None, ignore_user_meta=False, metas=['./colcon.meta'], base_paths=['.'], packages_ignore=None, packages_ignore_regex=None, paths=None, packages_up_to=None, packages_up_to_regex=None, packages_above=None, packages_above_and_dependencies=None, packages_above_depth=None, packages_select_by_dep=None, packages_skip_by_dep=None, packages_skip_up_to=None, packages_select_build_failed=False, packages_skip_build_finished=False, packages_select_test_failures=False, packages_skip_test_passed=False, packages_select=['rl_utils'], packages_skip=None, packages_select_regex=None, packages_skip_regex=None, packages_start=None, packages_end=None, cmake_args=None, cmake_target=None, cmake_target_skip_unavailable=False, cmake_clean_cache=False, cmake_clean_first=False, cmake_force_configure=False, ament_cmake_args=None, catkin_cmake_args=None, catkin_skip_building_tests=False, verb_parser=<colcon_defaults.argument_parser.defaults.DefaultArgumentsDecorator object at 0x7f42d0a68ee0>, verb_extension=<colcon_core.verb.build.BuildVerb object at 0x7f42d0b69a50>, main=<bound method BuildVerb.main of <colcon_core.verb.build.BuildVerb object at 0x7f42d0b69a50>>)
[0.228s] Level 1:colcon.colcon_core.package_discovery:discover_packages(colcon_meta) check parameters
[0.228s] Level 1:colcon.colcon_core.package_discovery:discover_packages(recursive) check parameters
[0.228s] Level 1:colcon.colcon_core.package_discovery:discover_packages(ignore) check parameters
[0.228s] Level 1:colcon.colcon_core.package_discovery:discover_packages(path) check parameters
[0.228s] Level 1:colcon.colcon_core.package_discovery:discover_packages(colcon_meta) discover
[0.228s] Level 1:colcon.colcon_core.package_discovery:discover_packages(recursive) discover
[0.228s] INFO:colcon.colcon_core.package_discovery:Crawling recursively for packages in '/home/ahmo030/ros2-migration/arena/arena-rosnav/utils/misc/rl_utils'
[0.228s] Level 1:colcon.colcon_core.package_identification:_identify(.) by extensions ['ignore', 'ignore_ament_install']
[0.228s] Level 1:colcon.colcon_core.package_identification:_identify(.) by extension 'ignore'
[0.228s] Level 1:colcon.colcon_core.package_identification:_identify(.) by extension 'ignore_ament_install'
[0.228s] Level 1:colcon.colcon_core.package_identification:_identify(.) by extensions ['colcon_pkg']
[0.228s] Level 1:colcon.colcon_core.package_identification:_identify(.) by extension 'colcon_pkg'
[0.228s] Level 1:colcon.colcon_core.package_identification:_identify(.) by extensions ['colcon_meta']
[0.228s] Level 1:colcon.colcon_core.package_identification:_identify(.) by extension 'colcon_meta'
[0.228s] Level 1:colcon.colcon_core.package_identification:_identify(.) by extensions ['ros']
[0.228s] Level 1:colcon.colcon_core.package_identification:_identify(.) by extension 'ros'
[0.242s] DEBUG:colcon.colcon_core.package_identification:Package '.' with type 'ros.ament_python' and name 'rl_utils'
[0.243s] Level 1:colcon.colcon_core.package_discovery:discover_packages(recursive) using defaults
[0.243s] Level 1:colcon.colcon_core.package_discovery:discover_packages(ignore) discover
[0.243s] Level 1:colcon.colcon_core.package_discovery:discover_packages(ignore) using defaults
[0.243s] Level 1:colcon.colcon_core.package_discovery:discover_packages(path) discover
[0.243s] Level 1:colcon.colcon_core.package_discovery:discover_packages(path) using defaults
[0.253s] Level 5:colcon.colcon_core.verb:set package 'rl_utils' build argument 'cmake_args' from command line to 'None'
[0.253s] Level 5:colcon.colcon_core.verb:set package 'rl_utils' build argument 'cmake_target' from command line to 'None'
[0.253s] Level 5:colcon.colcon_core.verb:set package 'rl_utils' build argument 'cmake_target_skip_unavailable' from command line to 'False'
[0.253s] Level 5:colcon.colcon_core.verb:set package 'rl_utils' build argument 'cmake_clean_cache' from command line to 'False'
[0.253s] Level 5:colcon.colcon_core.verb:set package 'rl_utils' build argument 'cmake_clean_first' from command line to 'False'
[0.253s] Level 5:colcon.colcon_core.verb:set package 'rl_utils' build argument 'cmake_force_configure' from command line to 'False'
[0.253s] Level 5:colcon.colcon_core.verb:set package 'rl_utils' build argument 'ament_cmake_args' from command line to 'None'
[0.253s] Level 5:colcon.colcon_core.verb:set package 'rl_utils' build argument 'catkin_cmake_args' from command line to 'None'
[0.253s] Level 5:colcon.colcon_core.verb:set package 'rl_utils' build argument 'catkin_skip_building_tests' from command line to 'False'
[0.253s] DEBUG:colcon.colcon_core.verb:Building package 'rl_utils' with the following arguments: {'ament_cmake_args': None, 'build_base': '/home/ahmo030/ros2-migration/arena/arena-rosnav/utils/misc/rl_utils/build/rl_utils', 'catkin_cmake_args': None, 'catkin_skip_building_tests': False, 'cmake_args': None, 'cmake_clean_cache': False, 'cmake_clean_first': False, 'cmake_force_configure': False, 'cmake_target': None, 'cmake_target_skip_unavailable': False, 'install_base': '/home/ahmo030/ros2-migration/arena/arena-rosnav/utils/misc/rl_utils/install/rl_utils', 'merge_install': False, 'path': '/home/ahmo030/ros2-migration/arena/arena-rosnav/utils/misc/rl_utils', 'symlink_install': False, 'test_result_base': None}
[0.253s] INFO:colcon.colcon_core.executor:Executing jobs using 'parallel' executor
[0.254s] DEBUG:colcon.colcon_parallel_executor.executor.parallel:run_until_complete
[0.254s] INFO:colcon.colcon_ros.task.ament_python.build:Building ROS package in '/home/ahmo030/ros2-migration/arena/arena-rosnav/utils/misc/rl_utils' with build type 'ament_python'
[0.254s] Level 1:colcon.colcon_core.shell:create_environment_hook('rl_utils', 'ament_prefix_path')
[0.255s] INFO:colcon.colcon_core.plugin_system:Skipping extension 'colcon_core.shell.bat': Not used on non-Windows systems
[0.255s] INFO:colcon.colcon_core.shell:Creating environment hook '/home/ahmo030/ros2-migration/arena/arena-rosnav/utils/misc/rl_utils/install/rl_utils/share/rl_utils/hook/ament_prefix_path.ps1'
[0.255s] INFO:colcon.colcon_core.shell:Creating environment descriptor '/home/ahmo030/ros2-migration/arena/arena-rosnav/utils/misc/rl_utils/install/rl_utils/share/rl_utils/hook/ament_prefix_path.dsv'
[0.256s] INFO:colcon.colcon_core.shell:Creating environment hook '/home/ahmo030/ros2-migration/arena/arena-rosnav/utils/misc/rl_utils/install/rl_utils/share/rl_utils/hook/ament_prefix_path.sh'
[0.256s] INFO:colcon.colcon_core.shell:Skip shell extension 'powershell' for command environment: Not usable outside of PowerShell
[0.256s] DEBUG:colcon.colcon_core.shell:Skip shell extension 'dsv' for command environment
[0.256s] WARNING:colcon.colcon_ros.prefix_path.catkin:The path '/home/ahmo030/arena_ws/devel' in the environment variable CMAKE_PREFIX_PATH seems to be a catkin workspace but it doesn't contain any 'local_setup.*' files. Maybe the catkin version is not up-to-date?
[0.258s] DEBUG:colcon.colcon_core.shell:Ignoring prefix path '/home/ahmo030/packages_ws/devel'
[0.467s] WARNING:colcon.colcon_ros.task.ament_python.build:Package 'rl_utils' doesn't explicitly install a marker in the package index (colcon-ros currently does it implicitly but that fallback will be removed in the future)
[0.467s] WARNING:colcon.colcon_ros.task.ament_python.build:Package 'rl_utils' doesn't explicitly install the 'package.xml' file (colcon-ros currently does it implicitly but that fallback will be removed in the future)
[0.467s] INFO:colcon.colcon_core.task.python.build:Building Python package in '/home/ahmo030/ros2-migration/arena/arena-rosnav/utils/misc/rl_utils'
[0.467s] INFO:colcon.colcon_core.shell:Skip shell extension 'powershell' for command environment: Not usable outside of PowerShell
[0.468s] DEBUG:colcon.colcon_core.shell:Skip shell extension 'dsv' for command environment
[0.469s] DEBUG:colcon.colcon_core.shell:Ignoring prefix path '/home/ahmo030/packages_ws/devel'
[0.544s] DEBUG:colcon.colcon_core.event_handler.log_command:Invoking command in '/home/ahmo030/ros2-migration/arena/arena-rosnav/utils/misc/rl_utils': PYTHONPATH=/home/ahmo030/ros2-migration/arena/arena-rosnav/utils/misc/rl_utils/build/rl_utils/prefix_override:/home/ahmo030/ros2-migration/arena/arena-rosnav/utils/misc/rl_utils/install/rl_utils/lib/python3.10/site-packages:${PYTHONPATH} /usr/bin/python3 -W ignore:setup.py install is deprecated setup.py build --build-base /home/ahmo030/ros2-migration/arena/arena-rosnav/utils/misc/rl_utils/build/rl_utils/build install --record /home/ahmo030/ros2-migration/arena/arena-rosnav/utils/misc/rl_utils/build/rl_utils/install.log
[0.589s] DEBUG:colcon.colcon_core.event_handler.log_command:Invoked command in '/home/ahmo030/ros2-migration/arena/arena-rosnav/utils/misc/rl_utils' returned '0': PYTHONPATH=/home/ahmo030/ros2-migration/arena/arena-rosnav/utils/misc/rl_utils/build/rl_utils/prefix_override:/home/ahmo030/ros2-migration/arena/arena-rosnav/utils/misc/rl_utils/install/rl_utils/lib/python3.10/site-packages:${PYTHONPATH} /usr/bin/python3 -W ignore:setup.py install is deprecated setup.py build --build-base /home/ahmo030/ros2-migration/arena/arena-rosnav/utils/misc/rl_utils/build/rl_utils/build install --record /home/ahmo030/ros2-migration/arena/arena-rosnav/utils/misc/rl_utils/build/rl_utils/install.log
[0.590s] Level 1:colcon.colcon_core.environment:checking '/home/ahmo030/ros2-migration/arena/arena-rosnav/utils/misc/rl_utils/install/rl_utils' for CMake module files
[0.590s] Level 1:colcon.colcon_core.environment:checking '/home/ahmo030/ros2-migration/arena/arena-rosnav/utils/misc/rl_utils/install/rl_utils' for CMake config files
[0.591s] Level 1:colcon.colcon_core.environment:checking '/home/ahmo030/ros2-migration/arena/arena-rosnav/utils/misc/rl_utils/install/rl_utils/lib'
[0.591s] Level 1:colcon.colcon_core.environment:checking '/home/ahmo030/ros2-migration/arena/arena-rosnav/utils/misc/rl_utils/install/rl_utils/bin'
[0.591s] Level 1:colcon.colcon_core.environment:checking '/home/ahmo030/ros2-migration/arena/arena-rosnav/utils/misc/rl_utils/install/rl_utils/lib/pkgconfig/rl_utils.pc'
[0.591s] Level 1:colcon.colcon_core.environment:checking '/home/ahmo030/ros2-migration/arena/arena-rosnav/utils/misc/rl_utils/install/rl_utils/lib/python3.10/site-packages'
[0.591s] Level 1:colcon.colcon_core.shell:create_environment_hook('rl_utils', 'pythonpath')
[0.591s] INFO:colcon.colcon_core.shell:Creating environment hook '/home/ahmo030/ros2-migration/arena/arena-rosnav/utils/misc/rl_utils/install/rl_utils/share/rl_utils/hook/pythonpath.ps1'
[0.591s] INFO:colcon.colcon_core.shell:Creating environment descriptor '/home/ahmo030/ros2-migration/arena/arena-rosnav/utils/misc/rl_utils/install/rl_utils/share/rl_utils/hook/pythonpath.dsv'
[0.591s] INFO:colcon.colcon_core.shell:Creating environment hook '/home/ahmo030/ros2-migration/arena/arena-rosnav/utils/misc/rl_utils/install/rl_utils/share/rl_utils/hook/pythonpath.sh'
[0.592s] Level 1:colcon.colcon_core.environment:checking '/home/ahmo030/ros2-migration/arena/arena-rosnav/utils/misc/rl_utils/install/rl_utils/bin'
[0.592s] Level 1:colcon.colcon_core.environment:create_environment_scripts_only(rl_utils)
[0.592s] INFO:colcon.colcon_core.shell:Creating package script '/home/ahmo030/ros2-migration/arena/arena-rosnav/utils/misc/rl_utils/install/rl_utils/share/rl_utils/package.ps1'
[0.592s] INFO:colcon.colcon_core.shell:Creating package descriptor '/home/ahmo030/ros2-migration/arena/arena-rosnav/utils/misc/rl_utils/install/rl_utils/share/rl_utils/package.dsv'
[0.593s] INFO:colcon.colcon_core.shell:Creating package script '/home/ahmo030/ros2-migration/arena/arena-rosnav/utils/misc/rl_utils/install/rl_utils/share/rl_utils/package.sh'
[0.593s] INFO:colcon.colcon_core.shell:Creating package script '/home/ahmo030/ros2-migration/arena/arena-rosnav/utils/misc/rl_utils/install/rl_utils/share/rl_utils/package.bash'
[0.593s] INFO:colcon.colcon_core.shell:Creating package script '/home/ahmo030/ros2-migration/arena/arena-rosnav/utils/misc/rl_utils/install/rl_utils/share/rl_utils/package.zsh'
[0.594s] Level 1:colcon.colcon_core.environment:create_file_with_runtime_dependencies(/home/ahmo030/ros2-migration/arena/arena-rosnav/utils/misc/rl_utils/install/rl_utils/share/colcon-core/packages/rl_utils)
[0.594s] DEBUG:colcon.colcon_parallel_executor.executor.parallel:closing loop
[0.594s] DEBUG:colcon.colcon_parallel_executor.executor.parallel:loop closed
[0.594s] DEBUG:colcon.colcon_parallel_executor.executor.parallel:run_until_complete finished with '0'
[0.594s] DEBUG:colcon.colcon_core.event_reactor:joining thread
[0.596s] INFO:colcon.colcon_core.plugin_system:Skipping extension 'colcon_notification.desktop_notification.terminal_notifier': Not used on non-Darwin systems
[0.597s] INFO:colcon.colcon_core.plugin_system:Skipping extension 'colcon_notification.desktop_notification.win32': Not used on non-Windows systems
[0.597s] INFO:colcon.colcon_notification.desktop_notification:Sending desktop notification using 'notify2'
[0.601s] DEBUG:colcon.colcon_core.event_reactor:joined thread
[0.601s] INFO:colcon.colcon_core.shell:Creating prefix script '/home/ahmo030/ros2-migration/arena/arena-rosnav/utils/misc/rl_utils/install/local_setup.ps1'
[0.602s] INFO:colcon.colcon_core.shell:Creating prefix util module '/home/ahmo030/ros2-migration/arena/arena-rosnav/utils/misc/rl_utils/install/_local_setup_util_ps1.py'
[0.603s] INFO:colcon.colcon_core.shell:Creating prefix chain script '/home/ahmo030/ros2-migration/arena/arena-rosnav/utils/misc/rl_utils/install/setup.ps1'
[0.603s] INFO:colcon.colcon_core.shell:Creating prefix script '/home/ahmo030/ros2-migration/arena/arena-rosnav/utils/misc/rl_utils/install/local_setup.sh'
[0.603s] INFO:colcon.colcon_core.shell:Creating prefix util module '/home/ahmo030/ros2-migration/arena/arena-rosnav/utils/misc/rl_utils/install/_local_setup_util_sh.py'
[0.604s] INFO:colcon.colcon_core.shell:Creating prefix chain script '/home/ahmo030/ros2-migration/arena/arena-rosnav/utils/misc/rl_utils/install/setup.sh'
[0.604s] INFO:colcon.colcon_core.shell:Creating prefix script '/home/ahmo030/ros2-migration/arena/arena-rosnav/utils/misc/rl_utils/install/local_setup.bash'
[0.604s] INFO:colcon.colcon_core.shell:Creating prefix chain script '/home/ahmo030/ros2-migration/arena/arena-rosnav/utils/misc/rl_utils/install/setup.bash'
[0.605s] INFO:colcon.colcon_core.shell:Creating prefix script '/home/ahmo030/ros2-migration/arena/arena-rosnav/utils/misc/rl_utils/install/local_setup.zsh'
[0.605s] INFO:colcon.colcon_core.shell:Creating prefix chain script '/home/ahmo030/ros2-migration/arena/arena-rosnav/utils/misc/rl_utils/install/setup.zsh'
