[0.019s] Invoking command in '/ros2-migration/arena/build/plan_msgs': /usr/bin/cmake /ros2-migration/arena/arena-rosnav/utils/ros/msgs/plan_msgs -DCATKIN_INSTALL_INTO_PREFIX_ROOT=0 -DCMAKE_INSTALL_PREFIX=/ros2-migration/arena/install/plan_msgs
[0.063s] -- Configuring incomplete, errors occurred!
[0.063s] See also "/ros2-migration/arena/build/plan_msgs/CMakeFiles/CMakeOutput.log".
[0.063s] [31mCMake Error at CMakeLists.txt:8 (find_package):
[0.063s]   By not providing "Findament_cmake.cmake" in CMAKE_MODULE_PATH this project
[0.063s]   has asked CMake to find a package configuration file provided by
[0.063s]   "ament_cmake", but CMake did not find one.
[0.063s] 
[0.063s]   Could not find a package configuration file provided by "ament_cmake" with
[0.063s]   any of the following names:
[0.063s] 
[0.063s]     ament_cmakeConfig.cmake
[0.064s]     ament_cmake-config.cmake
[0.064s] 
[0.064s]   Add the installation prefix of "ament_cmake" to CMAKE_PREFIX_PATH or set
[0.064s]   "ament_cmake_DIR" to a directory containing one of the above files.  If
[0.064s]   "ament_cmake" provides a separate development package or SDK, be sure it
[0.064s]   has been installed.
[0.064s] 
[0.064s] [0m
[0.067s] Invoked command in '/ros2-migration/arena/build/plan_msgs' returned '1': /usr/bin/cmake /ros2-migration/arena/arena-rosnav/utils/ros/msgs/plan_msgs -DCATKIN_INSTALL_INTO_PREFIX_ROOT=0 -DCMAKE_INSTALL_PREFIX=/ros2-migration/arena/install/plan_msgs
