[0.043s] Invoking command in '/ros2-migration/build/cob_srvs': CMAKE_PREFIX_PATH=/opt/ros/humble /usr/bin/cmake --build /ros2-migration/build/cob_srvs -- -j8 -l8
[0.381s] [35m[1mConsolidate compiler generated dependencies of target cob_srvs__rosidl_generator_c[0m
[0.381s] [  1%] Built target cob_srvs__cpp
[0.381s] [35m[1mConsolidate compiler generated dependencies of target cob_srvs__rosidl_typesupport_cpp[0m
[0.381s] [ 12%] Built target cob_srvs__rosidl_generator_c
[0.381s] [ 12%] Built target ament_cmake_python_copy_cob_srvs
[0.382s] [35m[1mConsolidate compiler generated dependencies of target cob_srvs__rosidl_typesupport_introspection_cpp[0m
[0.382s] [35m[1mConsolidate compiler generated dependencies of target cob_srvs__rosidl_typesupport_fastrtps_cpp[0m
[0.382s] [35m[1mConsolidate compiler generated dependencies of target cob_srvs__rosidl_typesupport_fastrtps_c[0m
[0.382s] [ 23%] Built target cob_srvs__rosidl_typesupport_cpp
[0.382s] [ 34%] Built target cob_srvs__rosidl_typesupport_fastrtps_cpp
[0.382s] [ 56%] Built target cob_srvs__rosidl_typesupport_fastrtps_c
[0.382s] [ 56%] Built target cob_srvs__rosidl_typesupport_introspection_cpp
[0.387s] [35m[1mConsolidate compiler generated dependencies of target cob_srvs__rosidl_typesupport_c[0m
[0.389s] [35m[1mConsolidate compiler generated dependencies of target cob_srvs__rosidl_typesupport_introspection_c[0m
[0.408s] [ 67%] Built target cob_srvs__rosidl_typesupport_introspection_c
[0.408s] [ 78%] Built target cob_srvs__rosidl_typesupport_c
[0.427s] [ 78%] Built target cob_srvs
[0.446s] [ 80%] Built target cob_srvs__py
[0.456s] [35m[1mConsolidate compiler generated dependencies of target cob_srvs__rosidl_generator_py[0m
[0.481s] [ 89%] Built target cob_srvs__rosidl_generator_py
[0.490s] [35m[1mConsolidate compiler generated dependencies of target cob_srvs__rosidl_typesupport_fastrtps_c__pyext[0m
[0.496s] [35m[1mConsolidate compiler generated dependencies of target cob_srvs__rosidl_typesupport_introspection_c__pyext[0m
[0.511s] [ 92%] Built target cob_srvs__rosidl_typesupport_fastrtps_c__pyext
[0.516s] [35m[1mConsolidate compiler generated dependencies of target cob_srvs__rosidl_typesupport_c__pyext[0m
[0.519s] [ 96%] Built target cob_srvs__rosidl_typesupport_introspection_c__pyext
[0.530s] [100%] Built target cob_srvs__rosidl_typesupport_c__pyext
[0.652s] running egg_info
[0.670s] writing cob_srvs.egg-info/PKG-INFO
[0.670s] writing dependency_links to cob_srvs.egg-info/dependency_links.txt
[0.671s] writing top-level names to cob_srvs.egg-info/top_level.txt
[0.723s] reading manifest file 'cob_srvs.egg-info/SOURCES.txt'
[0.724s] writing manifest file 'cob_srvs.egg-info/SOURCES.txt'
[0.752s] [100%] Built target ament_cmake_python_build_cob_srvs_egg
