In file included from [01m[K/ros2-migration/build/plan_msgs/rosidl_generator_c/plan_msgs/msg/detail/robot_state_stamped__functions.h:19[m[K,
                 from [01m[K/ros2-migration/build/plan_msgs/rosidl_generator_c/plan_msgs/msg/detail/robot_state_stamped__functions.c:4[m[K:
[01m[K/ros2-migration/build/plan_msgs/rosidl_generator_c/plan_msgs/msg/detail/robot_state_stamped__struct.h:22:10:[m[K [01;31m[Kfatal error: [m[Kplan_msgs/msg/detail/header__struct.h: No such file or directory
   22 | #include [01;31m[K"plan_msgs/msg/detail/header__struct.h"[m[K
      |          [01;31m[K^~~~~~~~~~~~~~~~~~~~~~~~~~~~~~~~~~~~~~~[m[K
compilation terminated.
gmake[2]: *** [CMakeFiles/plan_msgs__rosidl_generator_c.dir/build.make:265: CMakeFiles/plan_msgs__rosidl_generator_c.dir/rosidl_generator_c/plan_msgs/msg/detail/robot_state_stamped__functions.c.o] Error 1
gmake[2]: *** Waiting for unfinished jobs....
gmake[1]: *** [CMakeFiles/Makefile2:213: CMakeFiles/plan_msgs__rosidl_generator_c.dir/all] Error 2
gmake[1]: *** Waiting for unfinished jobs....
In file included from [01m[K/ros2-migration/build/plan_msgs/rosidl_typesupport_cpp/plan_msgs/msg/robot_state_stamped__type_support.cpp:7[m[K:
[01m[K/ros2-migration/build/plan_msgs/rosidl_generator_cpp/plan_msgs/msg/detail/robot_state_stamped__struct.hpp:20:10:[m[K [01;31m[Kfatal error: [m[Kplan_msgs/msg/detail/header__struct.hpp: No such file or directory
   20 | #include [01;31m[K"plan_msgs/msg/detail/header__struct.hpp"[m[K
      |          [01;31m[K^~~~~~~~~~~~~~~~~~~~~~~~~~~~~~~~~~~~~~~~~[m[K
compilation terminated.
gmake[2]: *** [CMakeFiles/plan_msgs__rosidl_typesupport_cpp.dir/build.make:210: CMakeFiles/plan_msgs__rosidl_typesupport_cpp.dir/rosidl_typesupport_cpp/plan_msgs/msg/robot_state_stamped__type_support.cpp.o] Error 1
gmake[2]: *** Waiting for unfinished jobs....
In file included from [01m[K/ros2-migration/build/plan_msgs/rosidl_typesupport_introspection_cpp/plan_msgs/msg/detail/robot_state_stamped__type_support.cpp:12[m[K:
[01m[K/ros2-migration/build/plan_msgs/rosidl_generator_cpp/plan_msgs/msg/detail/robot_state_stamped__struct.hpp:20:10:[m[K [01;31m[Kfatal error: [m[Kplan_msgs/msg/detail/header__struct.hpp: No such file or directory
   20 | #include [01;31m[K"plan_msgs/msg/detail/header__struct.hpp"[m[K
      |          [01;31m[K^~~~~~~~~~~~~~~~~~~~~~~~~~~~~~~~~~~~~~~~~[m[K
compilation terminated.
gmake[2]: *** [CMakeFiles/plan_msgs__rosidl_typesupport_introspection_cpp.dir/build.make:224: CMakeFiles/plan_msgs__rosidl_typesupport_introspection_cpp.dir/rosidl_typesupport_introspection_cpp/plan_msgs/msg/detail/robot_state_stamped__type_support.cpp.o] Error 1
gmake[2]: *** Waiting for unfinished jobs....
In file included from [01m[K/ros2-migration/build/plan_msgs/rosidl_typesupport_fastrtps_cpp/plan_msgs/msg/detail/robot_state_stamped__rosidl_typesupport_fastrtps_cpp.hpp:11[m[K,
                 from [01m[K/ros2-migration/build/plan_msgs/rosidl_typesupport_fastrtps_cpp/plan_msgs/msg/detail/dds_fastrtps/robot_state_stamped__type_support.cpp:4[m[K:
[01m[K/ros2-migration/build/plan_msgs/rosidl_generator_cpp/plan_msgs/msg/detail/robot_state_stamped__struct.hpp:20:10:[m[K [01;31m[Kfatal error: [m[Kplan_msgs/msg/detail/header__struct.hpp: No such file or directory
   20 | #include [01;31m[K"plan_msgs/msg/detail/header__struct.hpp"[m[K
      |          [01;31m[K^~~~~~~~~~~~~~~~~~~~~~~~~~~~~~~~~~~~~~~~~[m[K
compilation terminated.
gmake[2]: *** [CMakeFiles/plan_msgs__rosidl_typesupport_fastrtps_cpp.dir/build.make:224: CMakeFiles/plan_msgs__rosidl_typesupport_fastrtps_cpp.dir/rosidl_typesupport_fastrtps_cpp/plan_msgs/msg/detail/dds_fastrtps/robot_state_stamped__type_support.cpp.o] Error 1
gmake[2]: *** Waiting for unfinished jobs....
gmake[1]: *** [CMakeFiles/Makefile2:395: CMakeFiles/plan_msgs__rosidl_typesupport_cpp.dir/all] Error 2
gmake[1]: *** [CMakeFiles/Makefile2:369: CMakeFiles/plan_msgs__rosidl_typesupport_introspection_cpp.dir/all] Error 2
gmake[1]: *** [CMakeFiles/Makefile2:291: CMakeFiles/plan_msgs__rosidl_typesupport_fastrtps_cpp.dir/all] Error 2
gmake: *** [Makefile:146: all] Error 2
