-- Found ament_cmake: 1.3.9 (/opt/ros/humble/share/ament_cmake/cmake)
-- Found geometry_msgs: 4.2.3 (/opt/ros/humble/share/geometry_msgs/cmake)
-- Found rosidl_generator_c: 3.1.5 (/opt/ros/humble/share/rosidl_generator_c/cmake)
-- Found rosidl_adapter: 3.1.5 (/opt/ros/humble/share/rosidl_adapter/cmake)
-- Found rosidl_generator_cpp: 3.1.5 (/opt/ros/humble/share/rosidl_generator_cpp/cmake)
-- Using all available rosidl_typesupport_c: rosidl_typesupport_fastrtps_c;rosidl_typesupport_introspection_c
-- Using all available rosidl_typesupport_cpp: rosidl_typesupport_fastrtps_cpp;rosidl_typesupport_introspection_cpp
-- Found sensor_msgs: 4.2.3 (/opt/ros/humble/share/sensor_msgs/cmake)
-- Found nav_msgs: 4.2.3 (/opt/ros/humble/share/nav_msgs/cmake)
-- Found rosidl_default_generators: 1.2.0 (/opt/ros/humble/share/rosidl_default_generators/cmake)
-- Found ament_cmake_ros: 0.10.0 (/opt/ros/humble/share/ament_cmake_ros/cmake)
-- Using all available rosidl_typesupport_c: rosidl_typesupport_fastrtps_c;rosidl_typesupport_introspection_c
-- Using all available rosidl_typesupport_cpp: rosidl_typesupport_fastrtps_cpp;rosidl_typesupport_introspection_cpp
-- Found PythonInterp: /usr/bin/python3 (found suitable version "3.10.12", minimum required is "3.6") 
-- Found python_cmake_module: 0.10.0 (/opt/ros/humble/share/python_cmake_module/cmake)
-- Found PythonLibs: /usr/lib/x86_64-linux-gnu/libpython3.10.so (found suitable version "3.10.12", minimum required is "3.5") 
-- Using PYTHON_EXECUTABLE: /usr/bin/python3
-- Using PYTHON_INCLUDE_DIRS: /usr/include/python3.10
-- Using PYTHON_LIBRARIES: /usr/lib/x86_64-linux-gnu/libpython3.10.so
-- Found PythonExtra: .so  
-- Configuring done
-- Generating done
-- Build files have been written to: /ros2-migration/build/plan_msgs
[  1%] [34m[1mGenerating C code for ROS interfaces[0m
[  3%] [34m[1mGenerating C++ code for ROS interfaces[0m
[  3%] Built target ament_cmake_python_copy_plan_msgs
running egg_info
creating plan_msgs.egg-info
writing plan_msgs.egg-info/PKG-INFO
writing dependency_links to plan_msgs.egg-info/dependency_links.txt
writing top-level names to plan_msgs.egg-info/top_level.txt
writing manifest file 'plan_msgs.egg-info/SOURCES.txt'
reading manifest file 'plan_msgs.egg-info/SOURCES.txt'
writing manifest file 'plan_msgs.egg-info/SOURCES.txt'
[  3%] Built target ament_cmake_python_build_plan_msgs_egg
[  3%] Built target plan_msgs__cpp
[  9%] [34m[1mGenerating C++ introspection for ROS interfaces[0m
[  9%] [34m[1mGenerating C++ type support for eProsima Fast-RTPS[0m
[  9%] [34m[1mGenerating C++ type support dispatch for ROS interfaces[0m
[ 16%] [32mBuilding C object CMakeFiles/plan_msgs__rosidl_generator_c.dir/rosidl_generator_c/plan_msgs/msg/detail/robot_state_stamped__functions.c.o[0m
[ 16%] [32mBuilding C object CMakeFiles/plan_msgs__rosidl_generator_c.dir/rosidl_generator_c/plan_msgs/msg/detail/robot_state__functions.c.o[0m
[ 16%] [32mBuilding C object CMakeFiles/plan_msgs__rosidl_generator_c.dir/rosidl_generator_c/plan_msgs/srv/detail/make_global_plan__functions.c.o[0m
[ 16%] [32mBuilding C object CMakeFiles/plan_msgs__rosidl_generator_c.dir/rosidl_generator_c/plan_msgs/srv/detail/subgoal__functions.c.o[0m
[ 18%] [32mBuilding CXX object CMakeFiles/plan_msgs__rosidl_typesupport_cpp.dir/rosidl_typesupport_cpp/plan_msgs/msg/robot_state_stamped__type_support.cpp.o[0m
[ 20%] [32mBuilding CXX object CMakeFiles/plan_msgs__rosidl_typesupport_cpp.dir/rosidl_typesupport_cpp/plan_msgs/msg/robot_state__type_support.cpp.o[0m
[ 21%] [32mBuilding CXX object CMakeFiles/plan_msgs__rosidl_typesupport_cpp.dir/rosidl_typesupport_cpp/plan_msgs/srv/subgoal__type_support.cpp.o[0m
[ 23%] [32mBuilding CXX object CMakeFiles/plan_msgs__rosidl_typesupport_cpp.dir/rosidl_typesupport_cpp/plan_msgs/srv/make_global_plan__type_support.cpp.o[0m
[ 25%] [32mBuilding CXX object CMakeFiles/plan_msgs__rosidl_typesupport_introspection_cpp.dir/rosidl_typesupport_introspection_cpp/plan_msgs/srv/detail/subgoal__type_support.cpp.o[0m
[ 29%] [32mBuilding CXX object CMakeFiles/plan_msgs__rosidl_typesupport_introspection_cpp.dir/rosidl_typesupport_introspection_cpp/plan_msgs/msg/detail/robot_state_stamped__type_support.cpp.o[0m
[ 29%] [32mBuilding CXX object CMakeFiles/plan_msgs__rosidl_typesupport_introspection_cpp.dir/rosidl_typesupport_introspection_cpp/plan_msgs/msg/detail/robot_state__type_support.cpp.o[0m
[ 30%] [32mBuilding CXX object CMakeFiles/plan_msgs__rosidl_typesupport_fastrtps_cpp.dir/rosidl_typesupport_fastrtps_cpp/plan_msgs/msg/detail/dds_fastrtps/robot_state__type_support.cpp.o[0m
[ 32%] [32mBuilding CXX object CMakeFiles/plan_msgs__rosidl_typesupport_fastrtps_cpp.dir/rosidl_typesupport_fastrtps_cpp/plan_msgs/msg/detail/dds_fastrtps/robot_state_stamped__type_support.cpp.o[0m
[ 34%] [32mBuilding CXX object CMakeFiles/plan_msgs__rosidl_typesupport_fastrtps_cpp.dir/rosidl_typesupport_fastrtps_cpp/plan_msgs/srv/detail/dds_fastrtps/subgoal__type_support.cpp.o[0m
