[0.007s] Invoking command in '/ros2-migration/build/plan_msgs': CMAKE_PREFIX_PATH=/opt/ros/humble /usr/bin/cmake /ros2-migration/arena/arena-rosnav/utils/ros/msgs/plan_msgs -DCMAKE_INSTALL_PREFIX=/ros2-migration/install/plan_msgs
[0.018s] -- Found ament_cmake: 1.3.9 (/opt/ros/humble/share/ament_cmake/cmake)
[0.146s] -- Found geometry_msgs: 4.2.3 (/opt/ros/humble/share/geometry_msgs/cmake)
[0.172s] -- Found rosidl_generator_c: 3.1.5 (/opt/ros/humble/share/rosidl_generator_c/cmake)
[0.175s] -- Found rosidl_adapter: 3.1.5 (/opt/ros/humble/share/rosidl_adapter/cmake)
[0.182s] -- Found rosidl_generator_cpp: 3.1.5 (/opt/ros/humble/share/rosidl_generator_cpp/cmake)
[0.193s] -- Using all available rosidl_typesupport_c: rosidl_typesupport_fastrtps_c;rosidl_typesupport_introspection_c
[0.211s] -- Using all available rosidl_typesupport_cpp: rosidl_typesupport_fastrtps_cpp;rosidl_typesupport_introspection_cpp
[0.336s] -- Found sensor_msgs: 4.2.3 (/opt/ros/humble/share/sensor_msgs/cmake)
[0.425s] -- Found nav_msgs: 4.2.3 (/opt/ros/humble/share/nav_msgs/cmake)
[0.512s] -- Found rosidl_default_generators: 1.2.0 (/opt/ros/humble/share/rosidl_default_generators/cmake)
[0.948s] -- Found ament_cmake_ros: 0.10.0 (/opt/ros/humble/share/ament_cmake_ros/cmake)
[1.505s] -- Using all available rosidl_typesupport_c: rosidl_typesupport_fastrtps_c;rosidl_typesupport_introspection_c
[1.717s] -- Using all available rosidl_typesupport_cpp: rosidl_typesupport_fastrtps_cpp;rosidl_typesupport_introspection_cpp
[1.750s] -- Found PythonInterp: /usr/bin/python3 (found suitable version "3.10.12", minimum required is "3.6") 
[1.764s] -- Found python_cmake_module: 0.10.0 (/opt/ros/humble/share/python_cmake_module/cmake)
[1.825s] -- Found PythonLibs: /usr/lib/x86_64-linux-gnu/libpython3.10.so (found suitable version "3.10.12", minimum required is "3.5") 
[1.825s] -- Using PYTHON_EXECUTABLE: /usr/bin/python3
[1.826s] -- Using PYTHON_INCLUDE_DIRS: /usr/include/python3.10
[1.826s] -- Using PYTHON_LIBRARIES: /usr/lib/x86_64-linux-gnu/libpython3.10.so
[1.875s] -- Found PythonExtra: .so  
[2.046s] -- Configuring done
[2.163s] -- Generating done
[2.166s] -- Build files have been written to: /ros2-migration/build/plan_msgs
[2.172s] Invoked command in '/ros2-migration/build/plan_msgs' returned '0': CMAKE_PREFIX_PATH=/opt/ros/humble /usr/bin/cmake /ros2-migration/arena/arena-rosnav/utils/ros/msgs/plan_msgs -DCMAKE_INSTALL_PREFIX=/ros2-migration/install/plan_msgs
[2.174s] Invoking command in '/ros2-migration/build/plan_msgs': CMAKE_PREFIX_PATH=/opt/ros/humble /usr/bin/cmake --build /ros2-migration/build/plan_msgs -- -j8 -l8
[2.202s] [  1%] [34m[1mGenerating C code for ROS interfaces[0m
[2.210s] [  3%] [34m[1mGenerating C++ code for ROS interfaces[0m
[2.215s] [  3%] Built target ament_cmake_python_copy_plan_msgs
[2.457s] running egg_info
[2.458s] creating plan_msgs.egg-info
[2.473s] writing plan_msgs.egg-info/PKG-INFO
[2.473s] writing dependency_links to plan_msgs.egg-info/dependency_links.txt
[2.473s] writing top-level names to plan_msgs.egg-info/top_level.txt
[2.473s] writing manifest file 'plan_msgs.egg-info/SOURCES.txt'
[2.519s] reading manifest file 'plan_msgs.egg-info/SOURCES.txt'
[2.519s] writing manifest file 'plan_msgs.egg-info/SOURCES.txt'
[2.543s] [  3%] Built target ament_cmake_python_build_plan_msgs_egg
[2.725s] [  3%] Built target plan_msgs__cpp
[2.733s] [  9%] [34m[1mGenerating C++ introspection for ROS interfaces[0m
[2.734s] [  9%] [34m[1mGenerating C++ type support for eProsima Fast-RTPS[0m
[2.734s] [  9%] [34m[1mGenerating C++ type support dispatch for ROS interfaces[0m
[2.769s] [ 16%] [32mBuilding C object CMakeFiles/plan_msgs__rosidl_generator_c.dir/rosidl_generator_c/plan_msgs/msg/detail/robot_state_stamped__functions.c.o[0m
[2.769s] [ 16%] [32mBuilding C object CMakeFiles/plan_msgs__rosidl_generator_c.dir/rosidl_generator_c/plan_msgs/msg/detail/robot_state__functions.c.o[0m
[2.769s] [ 16%] [32mBuilding C object CMakeFiles/plan_msgs__rosidl_generator_c.dir/rosidl_generator_c/plan_msgs/srv/detail/make_global_plan__functions.c.o[0m
[2.769s] [ 16%] [32mBuilding C object CMakeFiles/plan_msgs__rosidl_generator_c.dir/rosidl_generator_c/plan_msgs/srv/detail/subgoal__functions.c.o[0m
[2.866s] In file included from [01m[K/ros2-migration/build/plan_msgs/rosidl_generator_c/plan_msgs/msg/detail/robot_state_stamped__functions.h:19[m[K,
[2.866s]                  from [01m[K/ros2-migration/build/plan_msgs/rosidl_generator_c/plan_msgs/msg/detail/robot_state_stamped__functions.c:4[m[K:
[2.866s] [01m[K/ros2-migration/build/plan_msgs/rosidl_generator_c/plan_msgs/msg/detail/robot_state_stamped__struct.h:22:10:[m[K [01;31m[Kfatal error: [m[Kplan_msgs/msg/detail/header__struct.h: No such file or directory
[2.866s]    22 | #include [01;31m[K"plan_msgs/msg/detail/header__struct.h"[m[K
[2.866s]       |          [01;31m[K^~~~~~~~~~~~~~~~~~~~~~~~~~~~~~~~~~~~~~~[m[K
[2.866s] compilation terminated.
[2.893s] gmake[2]: *** [CMakeFiles/plan_msgs__rosidl_generator_c.dir/build.make:265: CMakeFiles/plan_msgs__rosidl_generator_c.dir/rosidl_generator_c/plan_msgs/msg/detail/robot_state_stamped__functions.c.o] Error 1
[2.893s] gmake[2]: *** Waiting for unfinished jobs....
[3.078s] [ 18%] [32mBuilding CXX object CMakeFiles/plan_msgs__rosidl_typesupport_cpp.dir/rosidl_typesupport_cpp/plan_msgs/msg/robot_state_stamped__type_support.cpp.o[0m
[3.078s] [ 20%] [32mBuilding CXX object CMakeFiles/plan_msgs__rosidl_typesupport_cpp.dir/rosidl_typesupport_cpp/plan_msgs/msg/robot_state__type_support.cpp.o[0m
[3.079s] [ 21%] [32mBuilding CXX object CMakeFiles/plan_msgs__rosidl_typesupport_cpp.dir/rosidl_typesupport_cpp/plan_msgs/srv/subgoal__type_support.cpp.o[0m
[3.081s] [ 23%] [32mBuilding CXX object CMakeFiles/plan_msgs__rosidl_typesupport_cpp.dir/rosidl_typesupport_cpp/plan_msgs/srv/make_global_plan__type_support.cpp.o[0m
[3.089s] gmake[1]: *** [CMakeFiles/Makefile2:213: CMakeFiles/plan_msgs__rosidl_generator_c.dir/all] Error 2
[3.089s] gmake[1]: *** Waiting for unfinished jobs....
[3.138s] [ 25%] [32mBuilding CXX object CMakeFiles/plan_msgs__rosidl_typesupport_introspection_cpp.dir/rosidl_typesupport_introspection_cpp/plan_msgs/srv/detail/subgoal__type_support.cpp.o[0m
[3.138s] [ 29%] [32mBuilding CXX object CMakeFiles/plan_msgs__rosidl_typesupport_introspection_cpp.dir/rosidl_typesupport_introspection_cpp/plan_msgs/msg/detail/robot_state_stamped__type_support.cpp.o[0m
[3.139s] [ 29%] [32mBuilding CXX object CMakeFiles/plan_msgs__rosidl_typesupport_introspection_cpp.dir/rosidl_typesupport_introspection_cpp/plan_msgs/msg/detail/robot_state__type_support.cpp.o[0m
[3.222s] [ 30%] [32mBuilding CXX object CMakeFiles/plan_msgs__rosidl_typesupport_fastrtps_cpp.dir/rosidl_typesupport_fastrtps_cpp/plan_msgs/msg/detail/dds_fastrtps/robot_state__type_support.cpp.o[0m
[3.557s] In file included from [01m[K/ros2-migration/build/plan_msgs/rosidl_typesupport_cpp/plan_msgs/msg/robot_state_stamped__type_support.cpp:7[m[K:
[3.558s] [01m[K/ros2-migration/build/plan_msgs/rosidl_generator_cpp/plan_msgs/msg/detail/robot_state_stamped__struct.hpp:20:10:[m[K [01;31m[Kfatal error: [m[Kplan_msgs/msg/detail/header__struct.hpp: No such file or directory
[3.558s]    20 | #include [01;31m[K"plan_msgs/msg/detail/header__struct.hpp"[m[K
[3.559s]       |          [01;31m[K^~~~~~~~~~~~~~~~~~~~~~~~~~~~~~~~~~~~~~~~~[m[K
[3.559s] compilation terminated.
[3.562s] gmake[2]: *** [CMakeFiles/plan_msgs__rosidl_typesupport_cpp.dir/build.make:210: CMakeFiles/plan_msgs__rosidl_typesupport_cpp.dir/rosidl_typesupport_cpp/plan_msgs/msg/robot_state_stamped__type_support.cpp.o] Error 1
[3.567s] gmake[2]: *** Waiting for unfinished jobs....
[3.585s] [ 32%] [32mBuilding CXX object CMakeFiles/plan_msgs__rosidl_typesupport_fastrtps_cpp.dir/rosidl_typesupport_fastrtps_cpp/plan_msgs/msg/detail/dds_fastrtps/robot_state_stamped__type_support.cpp.o[0m
[3.674s] In file included from [01m[K/ros2-migration/build/plan_msgs/rosidl_typesupport_introspection_cpp/plan_msgs/msg/detail/robot_state_stamped__type_support.cpp:12[m[K:
[3.674s] [01m[K/ros2-migration/build/plan_msgs/rosidl_generator_cpp/plan_msgs/msg/detail/robot_state_stamped__struct.hpp:20:10:[m[K [01;31m[Kfatal error: [m[Kplan_msgs/msg/detail/header__struct.hpp: No such file or directory
[3.675s]    20 | #include [01;31m[K"plan_msgs/msg/detail/header__struct.hpp"[m[K
[3.675s]       |          [01;31m[K^~~~~~~~~~~~~~~~~~~~~~~~~~~~~~~~~~~~~~~~~[m[K
[3.675s] compilation terminated.
[3.678s] gmake[2]: *** [CMakeFiles/plan_msgs__rosidl_typesupport_introspection_cpp.dir/build.make:224: CMakeFiles/plan_msgs__rosidl_typesupport_introspection_cpp.dir/rosidl_typesupport_introspection_cpp/plan_msgs/msg/detail/robot_state_stamped__type_support.cpp.o] Error 1
[3.679s] gmake[2]: *** Waiting for unfinished jobs....
[3.687s] [ 34%] [32mBuilding CXX object CMakeFiles/plan_msgs__rosidl_typesupport_fastrtps_cpp.dir/rosidl_typesupport_fastrtps_cpp/plan_msgs/srv/detail/dds_fastrtps/subgoal__type_support.cpp.o[0m
[3.712s] In file included from [01m[K/ros2-migration/build/plan_msgs/rosidl_typesupport_fastrtps_cpp/plan_msgs/msg/detail/robot_state_stamped__rosidl_typesupport_fastrtps_cpp.hpp:11[m[K,
[3.713s]                  from [01m[K/ros2-migration/build/plan_msgs/rosidl_typesupport_fastrtps_cpp/plan_msgs/msg/detail/dds_fastrtps/robot_state_stamped__type_support.cpp:4[m[K:
[3.713s] [01m[K/ros2-migration/build/plan_msgs/rosidl_generator_cpp/plan_msgs/msg/detail/robot_state_stamped__struct.hpp:20:10:[m[K [01;31m[Kfatal error: [m[Kplan_msgs/msg/detail/header__struct.hpp: No such file or directory
[3.713s]    20 | #include [01;31m[K"plan_msgs/msg/detail/header__struct.hpp"[m[K
[3.713s]       |          [01;31m[K^~~~~~~~~~~~~~~~~~~~~~~~~~~~~~~~~~~~~~~~~[m[K
[3.713s] compilation terminated.
[3.715s] gmake[2]: *** [CMakeFiles/plan_msgs__rosidl_typesupport_fastrtps_cpp.dir/build.make:224: CMakeFiles/plan_msgs__rosidl_typesupport_fastrtps_cpp.dir/rosidl_typesupport_fastrtps_cpp/plan_msgs/msg/detail/dds_fastrtps/robot_state_stamped__type_support.cpp.o] Error 1
[3.716s] gmake[2]: *** Waiting for unfinished jobs....
[3.991s] gmake[1]: *** [CMakeFiles/Makefile2:395: CMakeFiles/plan_msgs__rosidl_typesupport_cpp.dir/all] Error 2
[4.069s] gmake[1]: *** [CMakeFiles/Makefile2:369: CMakeFiles/plan_msgs__rosidl_typesupport_introspection_cpp.dir/all] Error 2
[4.108s] gmake[1]: *** [CMakeFiles/Makefile2:291: CMakeFiles/plan_msgs__rosidl_typesupport_fastrtps_cpp.dir/all] Error 2
[4.108s] gmake: *** [Makefile:146: all] Error 2
[4.109s] Invoked command in '/ros2-migration/build/plan_msgs' returned '2': CMAKE_PREFIX_PATH=/opt/ros/humble /usr/bin/cmake --build /ros2-migration/build/plan_msgs -- -j8 -l8
