[0.006s] Invoking command in '/home/ahmo030/ros2-migration/arena/arena-rosnav/utils/misc/grid_map_generator/build/grid_map_generator': CMAKE_PREFIX_PATH=/opt/ros/humble:${CMAKE_PREFIX_PATH} /usr/bin/cmake --build /home/ahmo030/ros2-migration/arena/arena-rosnav/utils/misc/grid_map_generator/build/grid_map_generator -- -j16 -l16
[0.017s] -- Found ament_cmake: 1.3.8 (/opt/ros/humble/share/ament_cmake/cmake)
[0.093s] -- Found rclcpp: 16.0.8 (/opt/ros/humble/share/rclcpp/cmake)
[0.111s] -- Found rosidl_generator_c: 3.1.5 (/opt/ros/humble/share/rosidl_generator_c/cmake)
[0.113s] -- Found rosidl_adapter: 3.1.5 (/opt/ros/humble/share/rosidl_adapter/cmake)
[0.116s] -- Found rosidl_generator_cpp: 3.1.5 (/opt/ros/humble/share/rosidl_generator_cpp/cmake)
[0.121s] -- Using all available rosidl_typesupport_c: rosidl_typesupport_fastrtps_c;rosidl_typesupport_introspection_c
[0.129s] -- Using all available rosidl_typesupport_cpp: rosidl_typesupport_fastrtps_cpp;rosidl_typesupport_introspection_cpp
[0.160s] -- Found rmw_implementation_cmake: 6.1.1 (/opt/ros/humble/share/rmw_implementation_cmake/cmake)
[0.160s] -- Found rmw_fastrtps_cpp: 6.2.6 (/opt/ros/humble/share/rmw_fastrtps_cpp/cmake)
[0.240s] -- Using RMW implementation 'rmw_fastrtps_cpp' as default
[0.322s] -- Found rclpy: 3.3.12 (/opt/ros/humble/share/rclpy/cmake)
[0.360s] -- Configuring done
[0.362s] -- Generating done
[0.362s] -- Build files have been written to: /home/ahmo030/ros2-migration/arena/arena-rosnav/utils/misc/grid_map_generator/build/grid_map_generator
[0.375s] Invoked command in '/home/ahmo030/ros2-migration/arena/arena-rosnav/utils/misc/grid_map_generator/build/grid_map_generator' returned '0': CMAKE_PREFIX_PATH=/opt/ros/humble:${CMAKE_PREFIX_PATH} /usr/bin/cmake --build /home/ahmo030/ros2-migration/arena/arena-rosnav/utils/misc/grid_map_generator/build/grid_map_generator -- -j16 -l16
[0.398s] Invoking command in '/home/ahmo030/ros2-migration/arena/arena-rosnav/utils/misc/grid_map_generator/build/grid_map_generator': CMAKE_PREFIX_PATH=/opt/ros/humble:${CMAKE_PREFIX_PATH} /usr/bin/cmake --install /home/ahmo030/ros2-migration/arena/arena-rosnav/utils/misc/grid_map_generator/build/grid_map_generator
[0.409s] -- Install configuration: ""
[0.409s] -- Up-to-date: /home/ahmo030/ros2-migration/arena/arena-rosnav/utils/misc/grid_map_generator/install/grid_map_generator/lib/grid_map_generator/grid_map_generator_node.py
[0.409s] -- Installing: /home/ahmo030/ros2-migration/arena/arena-rosnav/utils/misc/grid_map_generator/install/grid_map_generator/share/ament_index/resource_index/package_run_dependencies/grid_map_generator
[0.409s] -- Installing: /home/ahmo030/ros2-migration/arena/arena-rosnav/utils/misc/grid_map_generator/install/grid_map_generator/share/ament_index/resource_index/parent_prefix_path/grid_map_generator
[0.409s] -- Installing: /home/ahmo030/ros2-migration/arena/arena-rosnav/utils/misc/grid_map_generator/install/grid_map_generator/share/grid_map_generator/environment/ament_prefix_path.sh
[0.409s] -- Installing: /home/ahmo030/ros2-migration/arena/arena-rosnav/utils/misc/grid_map_generator/install/grid_map_generator/share/grid_map_generator/environment/ament_prefix_path.dsv
[0.410s] -- Installing: /home/ahmo030/ros2-migration/arena/arena-rosnav/utils/misc/grid_map_generator/install/grid_map_generator/share/grid_map_generator/environment/path.sh
[0.410s] -- Installing: /home/ahmo030/ros2-migration/arena/arena-rosnav/utils/misc/grid_map_generator/install/grid_map_generator/share/grid_map_generator/environment/path.dsv
[0.410s] -- Installing: /home/ahmo030/ros2-migration/arena/arena-rosnav/utils/misc/grid_map_generator/install/grid_map_generator/share/grid_map_generator/local_setup.bash
[0.410s] -- Installing: /home/ahmo030/ros2-migration/arena/arena-rosnav/utils/misc/grid_map_generator/install/grid_map_generator/share/grid_map_generator/local_setup.sh
[0.410s] -- Installing: /home/ahmo030/ros2-migration/arena/arena-rosnav/utils/misc/grid_map_generator/install/grid_map_generator/share/grid_map_generator/local_setup.zsh
[0.411s] -- Installing: /home/ahmo030/ros2-migration/arena/arena-rosnav/utils/misc/grid_map_generator/install/grid_map_generator/share/grid_map_generator/local_setup.dsv
[0.411s] -- Installing: /home/ahmo030/ros2-migration/arena/arena-rosnav/utils/misc/grid_map_generator/install/grid_map_generator/share/grid_map_generator/package.dsv
[0.411s] -- Installing: /home/ahmo030/ros2-migration/arena/arena-rosnav/utils/misc/grid_map_generator/install/grid_map_generator/share/ament_index/resource_index/packages/grid_map_generator
[0.411s] -- Installing: /home/ahmo030/ros2-migration/arena/arena-rosnav/utils/misc/grid_map_generator/install/grid_map_generator/share/grid_map_generator/cmake/grid_map_generatorConfig.cmake
[0.411s] -- Installing: /home/ahmo030/ros2-migration/arena/arena-rosnav/utils/misc/grid_map_generator/install/grid_map_generator/share/grid_map_generator/cmake/grid_map_generatorConfig-version.cmake
[0.411s] -- Installing: /home/ahmo030/ros2-migration/arena/arena-rosnav/utils/misc/grid_map_generator/install/grid_map_generator/share/grid_map_generator/package.xml
[0.412s] Invoked command in '/home/ahmo030/ros2-migration/arena/arena-rosnav/utils/misc/grid_map_generator/build/grid_map_generator' returned '0': CMAKE_PREFIX_PATH=/opt/ros/humble:${CMAKE_PREFIX_PATH} /usr/bin/cmake --install /home/ahmo030/ros2-migration/arena/arena-rosnav/utils/misc/grid_map_generator/build/grid_map_generator
