[0.005s] Invoking command in '/home/ahmo030/ros2-migration/arena/arena-rosnav/utils/misc/map_generator/build/map_generator': CMAKE_PREFIX_PATH=/opt/ros/humble:${CMAKE_PREFIX_PATH} /usr/bin/cmake /home/ahmo030/ros2-migration/arena/arena-rosnav/utils/misc/map_generator -DCMAKE_INSTALL_PREFIX=/home/ahmo030/ros2-migration/arena/arena-rosnav/utils/misc/map_generator/install/map_generator
[0.011s] -- Found ament_cmake: 1.3.8 (/opt/ros/humble/share/ament_cmake/cmake)
[0.089s] -- Found rclpy: 3.3.12 (/opt/ros/humble/share/rclpy/cmake)
[0.089s] -- Found nav_msgs: 4.2.3 (/opt/ros/humble/share/nav_msgs/cmake)
[0.107s] -- Found rosidl_generator_c: 3.1.5 (/opt/ros/humble/share/rosidl_generator_c/cmake)
[0.108s] -- Found rosidl_adapter: 3.1.5 (/opt/ros/humble/share/rosidl_adapter/cmake)
[0.111s] -- Found rosidl_generator_cpp: 3.1.5 (/opt/ros/humble/share/rosidl_generator_cpp/cmake)
[0.118s] -- Using all available rosidl_typesupport_c: rosidl_typesupport_fastrtps_c;rosidl_typesupport_introspection_c
[0.126s] -- Using all available rosidl_typesupport_cpp: rosidl_typesupport_fastrtps_cpp;rosidl_typesupport_introspection_cpp
[0.261s] CMake Error at CMakeLists.txt:15 (find_package):
[0.261s]   By not providing "Findmap_distance_server.cmake" in CMAKE_MODULE_PATH this
[0.261s]   project has asked CMake to find a package configuration file provided by
[0.261s]   "map_distance_server", but CMake did not find one.
[0.261s] 
[0.261s]   Could not find a package configuration file provided by
[0.261s]   "map_distance_server" with any of the following names:
[0.261s] 
[0.261s]     map_distance_serverConfig.cmake
[0.261s]     map_distance_server-config.cmake
[0.261s] 
[0.261s]   Add the installation prefix of "map_distance_server" to CMAKE_PREFIX_PATH
[0.261s]   or set "map_distance_server_DIR" to a directory containing one of the above
[0.261s]   files.  If "map_distance_server" provides a separate development package or
[0.261s]   SDK, be sure it has been installed.
[0.261s] 
[0.261s] 
[0.261s] -- Configuring incomplete, errors occurred!
[0.261s] See also "/home/ahmo030/ros2-migration/arena/arena-rosnav/utils/misc/map_generator/build/map_generator/CMakeFiles/CMakeOutput.log".
[0.264s] Invoked command in '/home/ahmo030/ros2-migration/arena/arena-rosnav/utils/misc/map_generator/build/map_generator' returned '1': CMAKE_PREFIX_PATH=/opt/ros/humble:${CMAKE_PREFIX_PATH} /usr/bin/cmake /home/ahmo030/ros2-migration/arena/arena-rosnav/utils/misc/map_generator -DCMAKE_INSTALL_PREFIX=/home/ahmo030/ros2-migration/arena/arena-rosnav/utils/misc/map_generator/install/map_generator
