[0.006s] Invoking command in '/home/ahmo030/ros2-migration/arena/utils/flatland/build/flatland': CMAKE_PREFIX_PATH=/opt/ros/humble:${CMAKE_PREFIX_PATH} /usr/bin/cmake --build /home/ahmo030/ros2-migration/arena/utils/flatland/build/flatland -- -j16 -l16
[0.021s] Invoked command in '/home/ahmo030/ros2-migration/arena/utils/flatland/build/flatland' returned '0': CMAKE_PREFIX_PATH=/opt/ros/humble:${CMAKE_PREFIX_PATH} /usr/bin/cmake --build /home/ahmo030/ros2-migration/arena/utils/flatland/build/flatland -- -j16 -l16
[0.037s] Invoking command in '/home/ahmo030/ros2-migration/arena/utils/flatland/build/flatland': CMAKE_PREFIX_PATH=/opt/ros/humble:${CMAKE_PREFIX_PATH} /usr/bin/cmake --install /home/ahmo030/ros2-migration/arena/utils/flatland/build/flatland
[0.040s] -- Install configuration: ""
[0.040s] -- Up-to-date: /home/ahmo030/ros2-migration/arena/utils/flatland/install/flatland/share/ament_index/resource_index/package_run_dependencies/flatland
[0.040s] -- Up-to-date: /home/ahmo030/ros2-migration/arena/utils/flatland/install/flatland/share/ament_index/resource_index/parent_prefix_path/flatland
[0.040s] -- Up-to-date: /home/ahmo030/ros2-migration/arena/utils/flatland/install/flatland/share/flatland/environment/ament_prefix_path.sh
[0.040s] -- Up-to-date: /home/ahmo030/ros2-migration/arena/utils/flatland/install/flatland/share/flatland/environment/ament_prefix_path.dsv
[0.040s] -- Up-to-date: /home/ahmo030/ros2-migration/arena/utils/flatland/install/flatland/share/flatland/environment/path.sh
[0.040s] -- Up-to-date: /home/ahmo030/ros2-migration/arena/utils/flatland/install/flatland/share/flatland/environment/path.dsv
[0.040s] -- Up-to-date: /home/ahmo030/ros2-migration/arena/utils/flatland/install/flatland/share/flatland/local_setup.bash
[0.040s] -- Up-to-date: /home/ahmo030/ros2-migration/arena/utils/flatland/install/flatland/share/flatland/local_setup.sh
[0.040s] -- Up-to-date: /home/ahmo030/ros2-migration/arena/utils/flatland/install/flatland/share/flatland/local_setup.zsh
[0.040s] -- Up-to-date: /home/ahmo030/ros2-migration/arena/utils/flatland/install/flatland/share/flatland/local_setup.dsv
[0.040s] -- Installing: /home/ahmo030/ros2-migration/arena/utils/flatland/install/flatland/share/flatland/package.dsv
[0.040s] -- Up-to-date: /home/ahmo030/ros2-migration/arena/utils/flatland/install/flatland/share/ament_index/resource_index/packages/flatland
[0.040s] -- Up-to-date: /home/ahmo030/ros2-migration/arena/utils/flatland/install/flatland/share/flatland/cmake/ament_cmake_export_dependencies-extras.cmake
[0.040s] -- Up-to-date: /home/ahmo030/ros2-migration/arena/utils/flatland/install/flatland/share/flatland/cmake/flatlandConfig.cmake
[0.040s] -- Up-to-date: /home/ahmo030/ros2-migration/arena/utils/flatland/install/flatland/share/flatland/cmake/flatlandConfig-version.cmake
[0.040s] -- Up-to-date: /home/ahmo030/ros2-migration/arena/utils/flatland/install/flatland/share/flatland/package.xml
[0.041s] Invoked command in '/home/ahmo030/ros2-migration/arena/utils/flatland/build/flatland' returned '0': CMAKE_PREFIX_PATH=/opt/ros/humble:${CMAKE_PREFIX_PATH} /usr/bin/cmake --install /home/ahmo030/ros2-migration/arena/utils/flatland/build/flatland
